[2023-04-07 00:21:17,578] {processor.py:153} INFO - Started process (PID=49151) to work on /opt/airflow/dags/Sample_dags.py
[2023-04-07 00:21:17,579] {processor.py:641} INFO - Processing file /opt/airflow/dags/Sample_dags.py for tasks to queue
[2023-04-07 00:21:17,580] {logging_mixin.py:115} INFO - [2023-04-07 00:21:17,580] {dagbag.py:507} INFO - Filling up the DagBag from /opt/airflow/dags/Sample_dags.py
[2023-04-07 00:21:17,598] {processor.py:651} INFO - DAG(s) dict_keys(['my_test_dag']) retrieved from /opt/airflow/dags/Sample_dags.py
[2023-04-07 00:21:17,668] {logging_mixin.py:115} INFO - [2023-04-07 00:21:17,667] {dag.py:2371} INFO - Sync 1 DAGs
[2023-04-07 00:21:17,700] {logging_mixin.py:115} INFO - [2023-04-07 00:21:17,700] {dag.py:2919} INFO - Setting next_dagrun for my_test_dag to 2023-04-06T00:00:00+00:00, run_after=2023-04-07T00:00:00+00:00
[2023-04-07 00:21:17,717] {processor.py:161} INFO - Processing /opt/airflow/dags/Sample_dags.py took 0.147 seconds
[2023-04-07 01:26:26,941] {processor.py:153} INFO - Started process (PID=49213) to work on /opt/airflow/dags/Sample_dags.py
[2023-04-07 01:26:26,944] {processor.py:641} INFO - Processing file /opt/airflow/dags/Sample_dags.py for tasks to queue
[2023-04-07 01:26:26,949] {logging_mixin.py:115} INFO - [2023-04-07 01:26:26,948] {dagbag.py:507} INFO - Filling up the DagBag from /opt/airflow/dags/Sample_dags.py
[2023-04-07 01:26:26,980] {processor.py:651} INFO - DAG(s) dict_keys(['my_test_dag']) retrieved from /opt/airflow/dags/Sample_dags.py
[2023-04-07 01:26:27,027] {logging_mixin.py:115} INFO - [2023-04-07 01:26:27,027] {dag.py:2371} INFO - Sync 1 DAGs
[2023-04-07 01:26:27,050] {logging_mixin.py:115} INFO - [2023-04-07 01:26:27,050] {dag.py:2919} INFO - Setting next_dagrun for my_test_dag to 2023-04-06T00:00:00+00:00, run_after=2023-04-07T00:00:00+00:00
[2023-04-07 01:26:27,063] {processor.py:161} INFO - Processing /opt/airflow/dags/Sample_dags.py took 0.129 seconds
[2023-04-07 02:49:13,834] {processor.py:153} INFO - Started process (PID=49274) to work on /opt/airflow/dags/Sample_dags.py
[2023-04-07 02:49:13,837] {processor.py:641} INFO - Processing file /opt/airflow/dags/Sample_dags.py for tasks to queue
[2023-04-07 02:49:13,838] {logging_mixin.py:115} INFO - [2023-04-07 02:49:13,838] {dagbag.py:507} INFO - Filling up the DagBag from /opt/airflow/dags/Sample_dags.py
[2023-04-07 02:49:13,846] {processor.py:651} INFO - DAG(s) dict_keys(['my_test_dag']) retrieved from /opt/airflow/dags/Sample_dags.py
[2023-04-07 02:49:13,894] {logging_mixin.py:115} INFO - [2023-04-07 02:49:13,894] {dag.py:2371} INFO - Sync 1 DAGs
[2023-04-07 02:49:13,935] {logging_mixin.py:115} INFO - [2023-04-07 02:49:13,935] {dag.py:2919} INFO - Setting next_dagrun for my_test_dag to 2023-04-06T00:00:00+00:00, run_after=2023-04-07T00:00:00+00:00
[2023-04-07 02:49:13,946] {processor.py:161} INFO - Processing /opt/airflow/dags/Sample_dags.py took 0.115 seconds
[2023-04-07 02:55:41,185] {processor.py:153} INFO - Started process (PID=49336) to work on /opt/airflow/dags/Sample_dags.py
[2023-04-07 02:55:41,189] {processor.py:641} INFO - Processing file /opt/airflow/dags/Sample_dags.py for tasks to queue
[2023-04-07 02:55:41,190] {logging_mixin.py:115} INFO - [2023-04-07 02:55:41,190] {dagbag.py:507} INFO - Filling up the DagBag from /opt/airflow/dags/Sample_dags.py
[2023-04-07 02:55:41,220] {processor.py:651} INFO - DAG(s) dict_keys(['my_test_dag']) retrieved from /opt/airflow/dags/Sample_dags.py
[2023-04-07 02:55:41,273] {logging_mixin.py:115} INFO - [2023-04-07 02:55:41,273] {dag.py:2371} INFO - Sync 1 DAGs
[2023-04-07 02:55:41,301] {logging_mixin.py:115} INFO - [2023-04-07 02:55:41,301] {dag.py:2919} INFO - Setting next_dagrun for my_test_dag to 2023-04-06T00:00:00+00:00, run_after=2023-04-07T00:00:00+00:00
[2023-04-07 02:55:41,312] {processor.py:161} INFO - Processing /opt/airflow/dags/Sample_dags.py took 0.134 seconds
[2023-04-07 03:13:41,746] {processor.py:153} INFO - Started process (PID=49389) to work on /opt/airflow/dags/Sample_dags.py
[2023-04-07 03:13:41,750] {processor.py:641} INFO - Processing file /opt/airflow/dags/Sample_dags.py for tasks to queue
[2023-04-07 03:13:41,751] {logging_mixin.py:115} INFO - [2023-04-07 03:13:41,751] {dagbag.py:507} INFO - Filling up the DagBag from /opt/airflow/dags/Sample_dags.py
[2023-04-07 03:13:41,761] {processor.py:651} INFO - DAG(s) dict_keys(['my_test_dag']) retrieved from /opt/airflow/dags/Sample_dags.py
[2023-04-07 03:13:41,794] {logging_mixin.py:115} INFO - [2023-04-07 03:13:41,794] {dag.py:2371} INFO - Sync 1 DAGs
[2023-04-07 03:13:41,817] {logging_mixin.py:115} INFO - [2023-04-07 03:13:41,817] {dag.py:2919} INFO - Setting next_dagrun for my_test_dag to 2023-04-06T00:00:00+00:00, run_after=2023-04-07T00:00:00+00:00
[2023-04-07 03:13:41,825] {processor.py:161} INFO - Processing /opt/airflow/dags/Sample_dags.py took 0.082 seconds
[2023-04-07 04:35:07,070] {processor.py:153} INFO - Started process (PID=49451) to work on /opt/airflow/dags/Sample_dags.py
[2023-04-07 04:35:07,073] {processor.py:641} INFO - Processing file /opt/airflow/dags/Sample_dags.py for tasks to queue
[2023-04-07 04:35:07,074] {logging_mixin.py:115} INFO - [2023-04-07 04:35:07,074] {dagbag.py:507} INFO - Filling up the DagBag from /opt/airflow/dags/Sample_dags.py
[2023-04-07 04:35:07,085] {processor.py:651} INFO - DAG(s) dict_keys(['my_test_dag']) retrieved from /opt/airflow/dags/Sample_dags.py
[2023-04-07 04:35:07,128] {logging_mixin.py:115} INFO - [2023-04-07 04:35:07,128] {dag.py:2371} INFO - Sync 1 DAGs
[2023-04-07 04:35:07,156] {logging_mixin.py:115} INFO - [2023-04-07 04:35:07,156] {dag.py:2919} INFO - Setting next_dagrun for my_test_dag to 2023-04-06T00:00:00+00:00, run_after=2023-04-07T00:00:00+00:00
[2023-04-07 04:35:07,179] {processor.py:161} INFO - Processing /opt/airflow/dags/Sample_dags.py took 0.112 seconds
[2023-04-07 05:44:22,120] {processor.py:153} INFO - Started process (PID=49513) to work on /opt/airflow/dags/Sample_dags.py
[2023-04-07 05:44:22,121] {processor.py:641} INFO - Processing file /opt/airflow/dags/Sample_dags.py for tasks to queue
[2023-04-07 05:44:22,122] {logging_mixin.py:115} INFO - [2023-04-07 05:44:22,122] {dagbag.py:507} INFO - Filling up the DagBag from /opt/airflow/dags/Sample_dags.py
[2023-04-07 05:44:22,128] {processor.py:651} INFO - DAG(s) dict_keys(['my_test_dag']) retrieved from /opt/airflow/dags/Sample_dags.py
[2023-04-07 05:44:22,147] {logging_mixin.py:115} INFO - [2023-04-07 05:44:22,147] {dag.py:2371} INFO - Sync 1 DAGs
[2023-04-07 05:44:22,164] {logging_mixin.py:115} INFO - [2023-04-07 05:44:22,158] {dag.py:2919} INFO - Setting next_dagrun for my_test_dag to 2023-04-06T00:00:00+00:00, run_after=2023-04-07T00:00:00+00:00
[2023-04-07 05:44:22,170] {processor.py:161} INFO - Processing /opt/airflow/dags/Sample_dags.py took 0.053 seconds
[2023-04-07 06:47:43,518] {processor.py:153} INFO - Started process (PID=49575) to work on /opt/airflow/dags/Sample_dags.py
[2023-04-07 06:47:43,519] {processor.py:641} INFO - Processing file /opt/airflow/dags/Sample_dags.py for tasks to queue
[2023-04-07 06:47:43,520] {logging_mixin.py:115} INFO - [2023-04-07 06:47:43,520] {dagbag.py:507} INFO - Filling up the DagBag from /opt/airflow/dags/Sample_dags.py
[2023-04-07 06:47:43,528] {processor.py:651} INFO - DAG(s) dict_keys(['my_test_dag']) retrieved from /opt/airflow/dags/Sample_dags.py
[2023-04-07 06:47:43,550] {logging_mixin.py:115} INFO - [2023-04-07 06:47:43,549] {dag.py:2371} INFO - Sync 1 DAGs
[2023-04-07 06:47:43,565] {logging_mixin.py:115} INFO - [2023-04-07 06:47:43,565] {dag.py:2919} INFO - Setting next_dagrun for my_test_dag to 2023-04-06T00:00:00+00:00, run_after=2023-04-07T00:00:00+00:00
[2023-04-07 06:47:43,571] {processor.py:161} INFO - Processing /opt/airflow/dags/Sample_dags.py took 0.056 seconds
[2023-04-07 08:10:36,952] {processor.py:153} INFO - Started process (PID=49634) to work on /opt/airflow/dags/Sample_dags.py
[2023-04-07 08:10:36,957] {processor.py:641} INFO - Processing file /opt/airflow/dags/Sample_dags.py for tasks to queue
[2023-04-07 08:10:36,958] {logging_mixin.py:115} INFO - [2023-04-07 08:10:36,958] {dagbag.py:507} INFO - Filling up the DagBag from /opt/airflow/dags/Sample_dags.py
[2023-04-07 08:10:36,979] {processor.py:651} INFO - DAG(s) dict_keys(['my_test_dag']) retrieved from /opt/airflow/dags/Sample_dags.py
[2023-04-07 08:10:37,064] {logging_mixin.py:115} INFO - [2023-04-07 08:10:37,064] {dag.py:2371} INFO - Sync 1 DAGs
[2023-04-07 08:10:37,101] {logging_mixin.py:115} INFO - [2023-04-07 08:10:37,101] {dag.py:2919} INFO - Setting next_dagrun for my_test_dag to 2023-04-06T00:00:00+00:00, run_after=2023-04-07T00:00:00+00:00
[2023-04-07 08:10:37,124] {processor.py:161} INFO - Processing /opt/airflow/dags/Sample_dags.py took 0.181 seconds
[2023-04-07 09:16:46,346] {processor.py:153} INFO - Started process (PID=49689) to work on /opt/airflow/dags/Sample_dags.py
[2023-04-07 09:16:46,348] {processor.py:641} INFO - Processing file /opt/airflow/dags/Sample_dags.py for tasks to queue
[2023-04-07 09:16:46,348] {logging_mixin.py:115} INFO - [2023-04-07 09:16:46,348] {dagbag.py:507} INFO - Filling up the DagBag from /opt/airflow/dags/Sample_dags.py
[2023-04-07 09:16:46,355] {processor.py:651} INFO - DAG(s) dict_keys(['my_test_dag']) retrieved from /opt/airflow/dags/Sample_dags.py
[2023-04-07 09:16:46,423] {logging_mixin.py:115} INFO - [2023-04-07 09:16:46,423] {dag.py:2371} INFO - Sync 1 DAGs
[2023-04-07 09:16:46,451] {logging_mixin.py:115} INFO - [2023-04-07 09:16:46,451] {dag.py:2919} INFO - Setting next_dagrun for my_test_dag to 2023-04-06T00:00:00+00:00, run_after=2023-04-07T00:00:00+00:00
[2023-04-07 09:16:46,470] {processor.py:161} INFO - Processing /opt/airflow/dags/Sample_dags.py took 0.126 seconds
[2023-04-07 10:24:57,614] {processor.py:153} INFO - Started process (PID=49751) to work on /opt/airflow/dags/Sample_dags.py
[2023-04-07 10:24:57,617] {processor.py:641} INFO - Processing file /opt/airflow/dags/Sample_dags.py for tasks to queue
[2023-04-07 10:24:57,619] {logging_mixin.py:115} INFO - [2023-04-07 10:24:57,619] {dagbag.py:507} INFO - Filling up the DagBag from /opt/airflow/dags/Sample_dags.py
[2023-04-07 10:24:57,648] {processor.py:651} INFO - DAG(s) dict_keys(['my_test_dag']) retrieved from /opt/airflow/dags/Sample_dags.py
[2023-04-07 10:24:57,701] {logging_mixin.py:115} INFO - [2023-04-07 10:24:57,701] {dag.py:2371} INFO - Sync 1 DAGs
[2023-04-07 10:24:57,743] {logging_mixin.py:115} INFO - [2023-04-07 10:24:57,743] {dag.py:2919} INFO - Setting next_dagrun for my_test_dag to 2023-04-06T00:00:00+00:00, run_after=2023-04-07T00:00:00+00:00
[2023-04-07 10:24:57,768] {processor.py:161} INFO - Processing /opt/airflow/dags/Sample_dags.py took 0.166 seconds
[2023-04-07 11:08:32,462] {processor.py:153} INFO - Started process (PID=49813) to work on /opt/airflow/dags/Sample_dags.py
[2023-04-07 11:08:32,463] {processor.py:641} INFO - Processing file /opt/airflow/dags/Sample_dags.py for tasks to queue
[2023-04-07 11:08:32,464] {logging_mixin.py:115} INFO - [2023-04-07 11:08:32,463] {dagbag.py:507} INFO - Filling up the DagBag from /opt/airflow/dags/Sample_dags.py
[2023-04-07 11:08:32,476] {processor.py:651} INFO - DAG(s) dict_keys(['my_test_dag']) retrieved from /opt/airflow/dags/Sample_dags.py
[2023-04-07 11:08:32,518] {logging_mixin.py:115} INFO - [2023-04-07 11:08:32,518] {dag.py:2371} INFO - Sync 1 DAGs
[2023-04-07 11:08:32,546] {logging_mixin.py:115} INFO - [2023-04-07 11:08:32,546] {dag.py:2919} INFO - Setting next_dagrun for my_test_dag to 2023-04-06T00:00:00+00:00, run_after=2023-04-07T00:00:00+00:00
[2023-04-07 11:08:32,556] {processor.py:161} INFO - Processing /opt/airflow/dags/Sample_dags.py took 0.099 seconds
[2023-04-07 11:09:03,545] {processor.py:153} INFO - Started process (PID=49875) to work on /opt/airflow/dags/Sample_dags.py
[2023-04-07 11:09:03,578] {processor.py:641} INFO - Processing file /opt/airflow/dags/Sample_dags.py for tasks to queue
[2023-04-07 11:09:03,580] {logging_mixin.py:115} INFO - [2023-04-07 11:09:03,579] {dagbag.py:507} INFO - Filling up the DagBag from /opt/airflow/dags/Sample_dags.py
[2023-04-07 11:09:03,594] {processor.py:651} INFO - DAG(s) dict_keys(['my_test_dag']) retrieved from /opt/airflow/dags/Sample_dags.py
[2023-04-07 11:09:03,622] {logging_mixin.py:115} INFO - [2023-04-07 11:09:03,622] {dag.py:2371} INFO - Sync 1 DAGs
[2023-04-07 11:09:03,638] {logging_mixin.py:115} INFO - [2023-04-07 11:09:03,638] {dag.py:2919} INFO - Setting next_dagrun for my_test_dag to 2023-04-06T00:00:00+00:00, run_after=2023-04-07T00:00:00+00:00
[2023-04-07 11:09:03,643] {processor.py:161} INFO - Processing /opt/airflow/dags/Sample_dags.py took 0.107 seconds
[2023-04-07 12:29:45,286] {processor.py:153} INFO - Started process (PID=49929) to work on /opt/airflow/dags/Sample_dags.py
[2023-04-07 12:29:45,288] {processor.py:641} INFO - Processing file /opt/airflow/dags/Sample_dags.py for tasks to queue
[2023-04-07 12:29:45,291] {logging_mixin.py:115} INFO - [2023-04-07 12:29:45,291] {dagbag.py:507} INFO - Filling up the DagBag from /opt/airflow/dags/Sample_dags.py
[2023-04-07 12:29:45,308] {processor.py:651} INFO - DAG(s) dict_keys(['my_test_dag']) retrieved from /opt/airflow/dags/Sample_dags.py
[2023-04-07 12:29:45,359] {logging_mixin.py:115} INFO - [2023-04-07 12:29:45,358] {dag.py:2371} INFO - Sync 1 DAGs
[2023-04-07 12:29:45,389] {logging_mixin.py:115} INFO - [2023-04-07 12:29:45,388] {dag.py:2919} INFO - Setting next_dagrun for my_test_dag to 2023-04-06T00:00:00+00:00, run_after=2023-04-07T00:00:00+00:00
[2023-04-07 12:29:45,404] {processor.py:161} INFO - Processing /opt/airflow/dags/Sample_dags.py took 0.124 seconds
[2023-04-07 13:38:12,952] {processor.py:153} INFO - Started process (PID=49990) to work on /opt/airflow/dags/Sample_dags.py
[2023-04-07 13:38:12,955] {processor.py:641} INFO - Processing file /opt/airflow/dags/Sample_dags.py for tasks to queue
[2023-04-07 13:38:12,955] {logging_mixin.py:115} INFO - [2023-04-07 13:38:12,955] {dagbag.py:507} INFO - Filling up the DagBag from /opt/airflow/dags/Sample_dags.py
[2023-04-07 13:38:12,968] {processor.py:651} INFO - DAG(s) dict_keys(['my_test_dag']) retrieved from /opt/airflow/dags/Sample_dags.py
[2023-04-07 13:38:13,003] {logging_mixin.py:115} INFO - [2023-04-07 13:38:13,003] {dag.py:2371} INFO - Sync 1 DAGs
[2023-04-07 13:38:13,030] {logging_mixin.py:115} INFO - [2023-04-07 13:38:13,030] {dag.py:2919} INFO - Setting next_dagrun for my_test_dag to 2023-04-06T00:00:00+00:00, run_after=2023-04-07T00:00:00+00:00
[2023-04-07 13:38:13,043] {processor.py:161} INFO - Processing /opt/airflow/dags/Sample_dags.py took 0.098 seconds
[2023-04-07 14:43:43,214] {processor.py:153} INFO - Started process (PID=50053) to work on /opt/airflow/dags/Sample_dags.py
[2023-04-07 14:43:43,215] {processor.py:641} INFO - Processing file /opt/airflow/dags/Sample_dags.py for tasks to queue
[2023-04-07 14:43:43,216] {logging_mixin.py:115} INFO - [2023-04-07 14:43:43,216] {dagbag.py:507} INFO - Filling up the DagBag from /opt/airflow/dags/Sample_dags.py
[2023-04-07 14:43:43,228] {processor.py:651} INFO - DAG(s) dict_keys(['my_test_dag']) retrieved from /opt/airflow/dags/Sample_dags.py
[2023-04-07 14:43:43,257] {logging_mixin.py:115} INFO - [2023-04-07 14:43:43,257] {dag.py:2371} INFO - Sync 1 DAGs
[2023-04-07 14:43:43,283] {logging_mixin.py:115} INFO - [2023-04-07 14:43:43,283] {dag.py:2919} INFO - Setting next_dagrun for my_test_dag to 2023-04-06T00:00:00+00:00, run_after=2023-04-07T00:00:00+00:00
[2023-04-07 14:43:43,302] {processor.py:161} INFO - Processing /opt/airflow/dags/Sample_dags.py took 0.091 seconds
[2023-04-07 16:07:12,447] {processor.py:153} INFO - Started process (PID=50114) to work on /opt/airflow/dags/Sample_dags.py
[2023-04-07 16:07:12,448] {processor.py:641} INFO - Processing file /opt/airflow/dags/Sample_dags.py for tasks to queue
[2023-04-07 16:07:12,452] {logging_mixin.py:115} INFO - [2023-04-07 16:07:12,452] {dagbag.py:507} INFO - Filling up the DagBag from /opt/airflow/dags/Sample_dags.py
[2023-04-07 16:07:12,465] {processor.py:651} INFO - DAG(s) dict_keys(['my_test_dag']) retrieved from /opt/airflow/dags/Sample_dags.py
[2023-04-07 16:07:12,521] {logging_mixin.py:115} INFO - [2023-04-07 16:07:12,521] {dag.py:2371} INFO - Sync 1 DAGs
[2023-04-07 16:07:12,546] {logging_mixin.py:115} INFO - [2023-04-07 16:07:12,546] {dag.py:2919} INFO - Setting next_dagrun for my_test_dag to 2023-04-06T00:00:00+00:00, run_after=2023-04-07T00:00:00+00:00
[2023-04-07 16:07:12,554] {processor.py:161} INFO - Processing /opt/airflow/dags/Sample_dags.py took 0.118 seconds
[2023-04-07 17:10:57,847] {processor.py:153} INFO - Started process (PID=50176) to work on /opt/airflow/dags/Sample_dags.py
[2023-04-07 17:10:57,848] {processor.py:641} INFO - Processing file /opt/airflow/dags/Sample_dags.py for tasks to queue
[2023-04-07 17:10:57,849] {logging_mixin.py:115} INFO - [2023-04-07 17:10:57,848] {dagbag.py:507} INFO - Filling up the DagBag from /opt/airflow/dags/Sample_dags.py
[2023-04-07 17:10:57,854] {processor.py:651} INFO - DAG(s) dict_keys(['my_test_dag']) retrieved from /opt/airflow/dags/Sample_dags.py
[2023-04-07 17:10:57,872] {logging_mixin.py:115} INFO - [2023-04-07 17:10:57,872] {dag.py:2371} INFO - Sync 1 DAGs
[2023-04-07 17:10:57,884] {logging_mixin.py:115} INFO - [2023-04-07 17:10:57,884] {dag.py:2919} INFO - Setting next_dagrun for my_test_dag to 2023-04-06T00:00:00+00:00, run_after=2023-04-07T00:00:00+00:00
[2023-04-07 17:10:57,889] {processor.py:161} INFO - Processing /opt/airflow/dags/Sample_dags.py took 0.044 seconds
[2023-04-07 18:18:11,049] {processor.py:153} INFO - Started process (PID=50229) to work on /opt/airflow/dags/Sample_dags.py
[2023-04-07 18:18:11,050] {processor.py:641} INFO - Processing file /opt/airflow/dags/Sample_dags.py for tasks to queue
[2023-04-07 18:18:11,051] {logging_mixin.py:115} INFO - [2023-04-07 18:18:11,051] {dagbag.py:507} INFO - Filling up the DagBag from /opt/airflow/dags/Sample_dags.py
[2023-04-07 18:18:11,061] {processor.py:651} INFO - DAG(s) dict_keys(['my_test_dag']) retrieved from /opt/airflow/dags/Sample_dags.py
[2023-04-07 18:18:11,100] {logging_mixin.py:115} INFO - [2023-04-07 18:18:11,100] {dag.py:2371} INFO - Sync 1 DAGs
[2023-04-07 18:18:11,128] {logging_mixin.py:115} INFO - [2023-04-07 18:18:11,128] {dag.py:2919} INFO - Setting next_dagrun for my_test_dag to 2023-04-06T00:00:00+00:00, run_after=2023-04-07T00:00:00+00:00
[2023-04-07 18:18:11,140] {processor.py:161} INFO - Processing /opt/airflow/dags/Sample_dags.py took 0.095 seconds
[2023-04-07 19:21:16,997] {processor.py:153} INFO - Started process (PID=50290) to work on /opt/airflow/dags/Sample_dags.py
[2023-04-07 19:21:17,000] {processor.py:641} INFO - Processing file /opt/airflow/dags/Sample_dags.py for tasks to queue
[2023-04-07 19:21:17,000] {logging_mixin.py:115} INFO - [2023-04-07 19:21:17,000] {dagbag.py:507} INFO - Filling up the DagBag from /opt/airflow/dags/Sample_dags.py
[2023-04-07 19:21:17,015] {processor.py:651} INFO - DAG(s) dict_keys(['my_test_dag']) retrieved from /opt/airflow/dags/Sample_dags.py
[2023-04-07 19:21:17,066] {logging_mixin.py:115} INFO - [2023-04-07 19:21:17,066] {dag.py:2371} INFO - Sync 1 DAGs
[2023-04-07 19:21:17,093] {logging_mixin.py:115} INFO - [2023-04-07 19:21:17,093] {dag.py:2919} INFO - Setting next_dagrun for my_test_dag to 2023-04-06T00:00:00+00:00, run_after=2023-04-07T00:00:00+00:00
[2023-04-07 19:21:17,104] {processor.py:161} INFO - Processing /opt/airflow/dags/Sample_dags.py took 0.112 seconds
[2023-04-07 19:21:47,796] {processor.py:153} INFO - Started process (PID=50352) to work on /opt/airflow/dags/Sample_dags.py
[2023-04-07 19:21:47,797] {processor.py:641} INFO - Processing file /opt/airflow/dags/Sample_dags.py for tasks to queue
[2023-04-07 19:21:47,798] {logging_mixin.py:115} INFO - [2023-04-07 19:21:47,798] {dagbag.py:507} INFO - Filling up the DagBag from /opt/airflow/dags/Sample_dags.py
[2023-04-07 19:21:47,804] {processor.py:651} INFO - DAG(s) dict_keys(['my_test_dag']) retrieved from /opt/airflow/dags/Sample_dags.py
[2023-04-07 19:21:47,823] {logging_mixin.py:115} INFO - [2023-04-07 19:21:47,823] {dag.py:2371} INFO - Sync 1 DAGs
[2023-04-07 19:21:47,835] {logging_mixin.py:115} INFO - [2023-04-07 19:21:47,835] {dag.py:2919} INFO - Setting next_dagrun for my_test_dag to 2023-04-06T00:00:00+00:00, run_after=2023-04-07T00:00:00+00:00
[2023-04-07 19:21:47,841] {processor.py:161} INFO - Processing /opt/airflow/dags/Sample_dags.py took 0.047 seconds
[2023-04-07 19:35:25,240] {processor.py:153} INFO - Started process (PID=50411) to work on /opt/airflow/dags/Sample_dags.py
[2023-04-07 19:35:25,241] {processor.py:641} INFO - Processing file /opt/airflow/dags/Sample_dags.py for tasks to queue
[2023-04-07 19:35:25,242] {logging_mixin.py:115} INFO - [2023-04-07 19:35:25,242] {dagbag.py:507} INFO - Filling up the DagBag from /opt/airflow/dags/Sample_dags.py
[2023-04-07 19:35:25,250] {processor.py:651} INFO - DAG(s) dict_keys(['my_test_dag']) retrieved from /opt/airflow/dags/Sample_dags.py
[2023-04-07 19:35:25,286] {logging_mixin.py:115} INFO - [2023-04-07 19:35:25,286] {dag.py:2371} INFO - Sync 1 DAGs
[2023-04-07 19:35:25,316] {logging_mixin.py:115} INFO - [2023-04-07 19:35:25,316] {dag.py:2919} INFO - Setting next_dagrun for my_test_dag to 2023-04-06T00:00:00+00:00, run_after=2023-04-07T00:00:00+00:00
[2023-04-07 19:35:25,326] {processor.py:161} INFO - Processing /opt/airflow/dags/Sample_dags.py took 0.092 seconds
[2023-04-07 19:35:56,185] {processor.py:153} INFO - Started process (PID=50474) to work on /opt/airflow/dags/Sample_dags.py
[2023-04-07 19:35:56,186] {processor.py:641} INFO - Processing file /opt/airflow/dags/Sample_dags.py for tasks to queue
[2023-04-07 19:35:56,187] {logging_mixin.py:115} INFO - [2023-04-07 19:35:56,187] {dagbag.py:507} INFO - Filling up the DagBag from /opt/airflow/dags/Sample_dags.py
[2023-04-07 19:35:56,194] {processor.py:651} INFO - DAG(s) dict_keys(['my_test_dag']) retrieved from /opt/airflow/dags/Sample_dags.py
[2023-04-07 19:35:56,213] {logging_mixin.py:115} INFO - [2023-04-07 19:35:56,213] {dag.py:2371} INFO - Sync 1 DAGs
[2023-04-07 19:35:56,225] {logging_mixin.py:115} INFO - [2023-04-07 19:35:56,225] {dag.py:2919} INFO - Setting next_dagrun for my_test_dag to 2023-04-06T00:00:00+00:00, run_after=2023-04-07T00:00:00+00:00
[2023-04-07 19:35:56,230] {processor.py:161} INFO - Processing /opt/airflow/dags/Sample_dags.py took 0.048 seconds
[2023-04-07 20:42:19,031] {processor.py:153} INFO - Started process (PID=50527) to work on /opt/airflow/dags/Sample_dags.py
[2023-04-07 20:42:19,040] {processor.py:641} INFO - Processing file /opt/airflow/dags/Sample_dags.py for tasks to queue
[2023-04-07 20:42:19,046] {logging_mixin.py:115} INFO - [2023-04-07 20:42:19,045] {dagbag.py:507} INFO - Filling up the DagBag from /opt/airflow/dags/Sample_dags.py
[2023-04-07 20:42:19,077] {processor.py:651} INFO - DAG(s) dict_keys(['my_test_dag']) retrieved from /opt/airflow/dags/Sample_dags.py
[2023-04-07 20:42:19,132] {logging_mixin.py:115} INFO - [2023-04-07 20:42:19,132] {dag.py:2371} INFO - Sync 1 DAGs
[2023-04-07 20:42:19,167] {logging_mixin.py:115} INFO - [2023-04-07 20:42:19,167] {dag.py:2919} INFO - Setting next_dagrun for my_test_dag to 2023-04-06T00:00:00+00:00, run_after=2023-04-07T00:00:00+00:00
[2023-04-07 20:42:19,182] {processor.py:161} INFO - Processing /opt/airflow/dags/Sample_dags.py took 0.157 seconds
[2023-04-07 21:32:23,564] {processor.py:153} INFO - Started process (PID=50589) to work on /opt/airflow/dags/Sample_dags.py
[2023-04-07 21:32:23,565] {processor.py:641} INFO - Processing file /opt/airflow/dags/Sample_dags.py for tasks to queue
[2023-04-07 21:32:23,566] {logging_mixin.py:115} INFO - [2023-04-07 21:32:23,566] {dagbag.py:507} INFO - Filling up the DagBag from /opt/airflow/dags/Sample_dags.py
[2023-04-07 21:32:23,580] {processor.py:651} INFO - DAG(s) dict_keys(['my_test_dag']) retrieved from /opt/airflow/dags/Sample_dags.py
[2023-04-07 21:32:23,617] {logging_mixin.py:115} INFO - [2023-04-07 21:32:23,617] {dag.py:2371} INFO - Sync 1 DAGs
[2023-04-07 21:32:23,648] {logging_mixin.py:115} INFO - [2023-04-07 21:32:23,648] {dag.py:2919} INFO - Setting next_dagrun for my_test_dag to 2023-04-06T00:00:00+00:00, run_after=2023-04-07T00:00:00+00:00
[2023-04-07 21:32:23,666] {processor.py:161} INFO - Processing /opt/airflow/dags/Sample_dags.py took 0.108 seconds
[2023-04-07 22:38:21,890] {processor.py:153} INFO - Started process (PID=50651) to work on /opt/airflow/dags/Sample_dags.py
[2023-04-07 22:38:21,891] {processor.py:641} INFO - Processing file /opt/airflow/dags/Sample_dags.py for tasks to queue
[2023-04-07 22:38:21,892] {logging_mixin.py:115} INFO - [2023-04-07 22:38:21,892] {dagbag.py:507} INFO - Filling up the DagBag from /opt/airflow/dags/Sample_dags.py
[2023-04-07 22:38:21,900] {processor.py:651} INFO - DAG(s) dict_keys(['my_test_dag']) retrieved from /opt/airflow/dags/Sample_dags.py
[2023-04-07 22:38:21,920] {logging_mixin.py:115} INFO - [2023-04-07 22:38:21,920] {dag.py:2371} INFO - Sync 1 DAGs
[2023-04-07 22:38:21,935] {logging_mixin.py:115} INFO - [2023-04-07 22:38:21,935] {dag.py:2919} INFO - Setting next_dagrun for my_test_dag to 2023-04-06T00:00:00+00:00, run_after=2023-04-07T00:00:00+00:00
[2023-04-07 22:38:21,942] {processor.py:161} INFO - Processing /opt/airflow/dags/Sample_dags.py took 0.056 seconds
