[2023-04-09 00:07:31,605] {processor.py:153} INFO - Started process (PID=52212) to work on /opt/airflow/dags/Sample_dags.py
[2023-04-09 00:07:31,606] {processor.py:641} INFO - Processing file /opt/airflow/dags/Sample_dags.py for tasks to queue
[2023-04-09 00:07:31,607] {logging_mixin.py:115} INFO - [2023-04-09 00:07:31,607] {dagbag.py:507} INFO - Filling up the DagBag from /opt/airflow/dags/Sample_dags.py
[2023-04-09 00:07:31,620] {processor.py:651} INFO - DAG(s) dict_keys(['my_test_dag']) retrieved from /opt/airflow/dags/Sample_dags.py
[2023-04-09 00:07:31,677] {logging_mixin.py:115} INFO - [2023-04-09 00:07:31,677] {dag.py:2371} INFO - Sync 1 DAGs
[2023-04-09 00:07:31,726] {logging_mixin.py:115} INFO - [2023-04-09 00:07:31,726] {dag.py:2919} INFO - Setting next_dagrun for my_test_dag to 2023-04-08T00:00:00+00:00, run_after=2023-04-09T00:00:00+00:00
[2023-04-09 00:07:31,754] {processor.py:161} INFO - Processing /opt/airflow/dags/Sample_dags.py took 0.164 seconds
[2023-04-09 00:08:02,700] {processor.py:153} INFO - Started process (PID=52268) to work on /opt/airflow/dags/Sample_dags.py
[2023-04-09 00:08:02,701] {processor.py:641} INFO - Processing file /opt/airflow/dags/Sample_dags.py for tasks to queue
[2023-04-09 00:08:02,703] {logging_mixin.py:115} INFO - [2023-04-09 00:08:02,703] {dagbag.py:507} INFO - Filling up the DagBag from /opt/airflow/dags/Sample_dags.py
[2023-04-09 00:08:02,714] {processor.py:651} INFO - DAG(s) dict_keys(['my_test_dag']) retrieved from /opt/airflow/dags/Sample_dags.py
[2023-04-09 00:08:02,742] {logging_mixin.py:115} INFO - [2023-04-09 00:08:02,742] {dag.py:2371} INFO - Sync 1 DAGs
[2023-04-09 00:08:02,756] {logging_mixin.py:115} INFO - [2023-04-09 00:08:02,756] {dag.py:2919} INFO - Setting next_dagrun for my_test_dag to 2023-04-08T00:00:00+00:00, run_after=2023-04-09T00:00:00+00:00
[2023-04-09 00:08:02,761] {processor.py:161} INFO - Processing /opt/airflow/dags/Sample_dags.py took 0.070 seconds
[2023-04-09 01:15:19,299] {processor.py:153} INFO - Started process (PID=52330) to work on /opt/airflow/dags/Sample_dags.py
[2023-04-09 01:15:19,300] {processor.py:641} INFO - Processing file /opt/airflow/dags/Sample_dags.py for tasks to queue
[2023-04-09 01:15:19,301] {logging_mixin.py:115} INFO - [2023-04-09 01:15:19,300] {dagbag.py:507} INFO - Filling up the DagBag from /opt/airflow/dags/Sample_dags.py
[2023-04-09 01:15:19,310] {processor.py:651} INFO - DAG(s) dict_keys(['my_test_dag']) retrieved from /opt/airflow/dags/Sample_dags.py
[2023-04-09 01:15:19,335] {logging_mixin.py:115} INFO - [2023-04-09 01:15:19,335] {dag.py:2371} INFO - Sync 1 DAGs
[2023-04-09 01:15:19,348] {logging_mixin.py:115} INFO - [2023-04-09 01:15:19,348] {dag.py:2919} INFO - Setting next_dagrun for my_test_dag to 2023-04-08T00:00:00+00:00, run_after=2023-04-09T00:00:00+00:00
[2023-04-09 01:15:19,354] {processor.py:161} INFO - Processing /opt/airflow/dags/Sample_dags.py took 0.064 seconds
[2023-04-09 02:21:40,804] {processor.py:153} INFO - Started process (PID=52391) to work on /opt/airflow/dags/Sample_dags.py
[2023-04-09 02:21:40,809] {processor.py:641} INFO - Processing file /opt/airflow/dags/Sample_dags.py for tasks to queue
[2023-04-09 02:21:40,810] {logging_mixin.py:115} INFO - [2023-04-09 02:21:40,809] {dagbag.py:507} INFO - Filling up the DagBag from /opt/airflow/dags/Sample_dags.py
[2023-04-09 02:21:40,829] {processor.py:651} INFO - DAG(s) dict_keys(['my_test_dag']) retrieved from /opt/airflow/dags/Sample_dags.py
[2023-04-09 02:21:40,899] {logging_mixin.py:115} INFO - [2023-04-09 02:21:40,899] {dag.py:2371} INFO - Sync 1 DAGs
[2023-04-09 02:21:40,924] {logging_mixin.py:115} INFO - [2023-04-09 02:21:40,924] {dag.py:2919} INFO - Setting next_dagrun for my_test_dag to 2023-04-08T00:00:00+00:00, run_after=2023-04-09T00:00:00+00:00
[2023-04-09 02:21:40,931] {processor.py:161} INFO - Processing /opt/airflow/dags/Sample_dags.py took 0.132 seconds
[2023-04-09 03:46:29,989] {processor.py:153} INFO - Started process (PID=52453) to work on /opt/airflow/dags/Sample_dags.py
[2023-04-09 03:46:29,990] {processor.py:641} INFO - Processing file /opt/airflow/dags/Sample_dags.py for tasks to queue
[2023-04-09 03:46:29,991] {logging_mixin.py:115} INFO - [2023-04-09 03:46:29,990] {dagbag.py:507} INFO - Filling up the DagBag from /opt/airflow/dags/Sample_dags.py
[2023-04-09 03:46:29,997] {processor.py:651} INFO - DAG(s) dict_keys(['my_test_dag']) retrieved from /opt/airflow/dags/Sample_dags.py
[2023-04-09 03:46:30,016] {logging_mixin.py:115} INFO - [2023-04-09 03:46:30,016] {dag.py:2371} INFO - Sync 1 DAGs
[2023-04-09 03:46:30,029] {logging_mixin.py:115} INFO - [2023-04-09 03:46:30,028] {dag.py:2919} INFO - Setting next_dagrun for my_test_dag to 2023-04-08T00:00:00+00:00, run_after=2023-04-09T00:00:00+00:00
[2023-04-09 03:46:30,034] {processor.py:161} INFO - Processing /opt/airflow/dags/Sample_dags.py took 0.048 seconds
[2023-04-09 04:13:35,037] {processor.py:153} INFO - Started process (PID=52506) to work on /opt/airflow/dags/Sample_dags.py
[2023-04-09 04:13:35,038] {processor.py:641} INFO - Processing file /opt/airflow/dags/Sample_dags.py for tasks to queue
[2023-04-09 04:13:35,041] {logging_mixin.py:115} INFO - [2023-04-09 04:13:35,041] {dagbag.py:507} INFO - Filling up the DagBag from /opt/airflow/dags/Sample_dags.py
[2023-04-09 04:13:35,059] {processor.py:651} INFO - DAG(s) dict_keys(['my_test_dag']) retrieved from /opt/airflow/dags/Sample_dags.py
[2023-04-09 04:13:35,115] {logging_mixin.py:115} INFO - [2023-04-09 04:13:35,114] {dag.py:2371} INFO - Sync 1 DAGs
[2023-04-09 04:13:35,147] {logging_mixin.py:115} INFO - [2023-04-09 04:13:35,146] {dag.py:2919} INFO - Setting next_dagrun for my_test_dag to 2023-04-08T00:00:00+00:00, run_after=2023-04-09T00:00:00+00:00
[2023-04-09 04:13:35,160] {processor.py:161} INFO - Processing /opt/airflow/dags/Sample_dags.py took 0.130 seconds
[2023-04-09 04:30:53,263] {processor.py:153} INFO - Started process (PID=52568) to work on /opt/airflow/dags/Sample_dags.py
[2023-04-09 04:30:53,264] {processor.py:641} INFO - Processing file /opt/airflow/dags/Sample_dags.py for tasks to queue
[2023-04-09 04:30:53,265] {logging_mixin.py:115} INFO - [2023-04-09 04:30:53,265] {dagbag.py:507} INFO - Filling up the DagBag from /opt/airflow/dags/Sample_dags.py
[2023-04-09 04:30:53,272] {processor.py:651} INFO - DAG(s) dict_keys(['my_test_dag']) retrieved from /opt/airflow/dags/Sample_dags.py
[2023-04-09 04:30:53,291] {logging_mixin.py:115} INFO - [2023-04-09 04:30:53,291] {dag.py:2371} INFO - Sync 1 DAGs
[2023-04-09 04:30:53,304] {logging_mixin.py:115} INFO - [2023-04-09 04:30:53,304] {dag.py:2919} INFO - Setting next_dagrun for my_test_dag to 2023-04-08T00:00:00+00:00, run_after=2023-04-09T00:00:00+00:00
[2023-04-09 04:30:53,309] {processor.py:161} INFO - Processing /opt/airflow/dags/Sample_dags.py took 0.049 seconds
[2023-04-09 05:36:25,558] {processor.py:153} INFO - Started process (PID=52630) to work on /opt/airflow/dags/Sample_dags.py
[2023-04-09 05:36:25,558] {processor.py:641} INFO - Processing file /opt/airflow/dags/Sample_dags.py for tasks to queue
[2023-04-09 05:36:25,559] {logging_mixin.py:115} INFO - [2023-04-09 05:36:25,559] {dagbag.py:507} INFO - Filling up the DagBag from /opt/airflow/dags/Sample_dags.py
[2023-04-09 05:36:25,565] {processor.py:651} INFO - DAG(s) dict_keys(['my_test_dag']) retrieved from /opt/airflow/dags/Sample_dags.py
[2023-04-09 05:36:25,582] {logging_mixin.py:115} INFO - [2023-04-09 05:36:25,582] {dag.py:2371} INFO - Sync 1 DAGs
[2023-04-09 05:36:25,595] {logging_mixin.py:115} INFO - [2023-04-09 05:36:25,595] {dag.py:2919} INFO - Setting next_dagrun for my_test_dag to 2023-04-08T00:00:00+00:00, run_after=2023-04-09T00:00:00+00:00
[2023-04-09 05:36:25,600] {processor.py:161} INFO - Processing /opt/airflow/dags/Sample_dags.py took 0.045 seconds
[2023-04-09 06:43:08,931] {processor.py:153} INFO - Started process (PID=52692) to work on /opt/airflow/dags/Sample_dags.py
[2023-04-09 06:43:08,932] {processor.py:641} INFO - Processing file /opt/airflow/dags/Sample_dags.py for tasks to queue
[2023-04-09 06:43:08,933] {logging_mixin.py:115} INFO - [2023-04-09 06:43:08,933] {dagbag.py:507} INFO - Filling up the DagBag from /opt/airflow/dags/Sample_dags.py
[2023-04-09 06:43:08,941] {processor.py:651} INFO - DAG(s) dict_keys(['my_test_dag']) retrieved from /opt/airflow/dags/Sample_dags.py
[2023-04-09 06:43:08,960] {logging_mixin.py:115} INFO - [2023-04-09 06:43:08,960] {dag.py:2371} INFO - Sync 1 DAGs
[2023-04-09 06:43:08,974] {logging_mixin.py:115} INFO - [2023-04-09 06:43:08,974] {dag.py:2919} INFO - Setting next_dagrun for my_test_dag to 2023-04-08T00:00:00+00:00, run_after=2023-04-09T00:00:00+00:00
[2023-04-09 06:43:08,980] {processor.py:161} INFO - Processing /opt/airflow/dags/Sample_dags.py took 0.051 seconds
[2023-04-09 07:48:22,329] {processor.py:153} INFO - Started process (PID=52753) to work on /opt/airflow/dags/Sample_dags.py
[2023-04-09 07:48:22,330] {processor.py:641} INFO - Processing file /opt/airflow/dags/Sample_dags.py for tasks to queue
[2023-04-09 07:48:22,330] {logging_mixin.py:115} INFO - [2023-04-09 07:48:22,330] {dagbag.py:507} INFO - Filling up the DagBag from /opt/airflow/dags/Sample_dags.py
[2023-04-09 07:48:22,337] {processor.py:651} INFO - DAG(s) dict_keys(['my_test_dag']) retrieved from /opt/airflow/dags/Sample_dags.py
[2023-04-09 07:48:22,355] {logging_mixin.py:115} INFO - [2023-04-09 07:48:22,355] {dag.py:2371} INFO - Sync 1 DAGs
[2023-04-09 07:48:22,382] {logging_mixin.py:115} INFO - [2023-04-09 07:48:22,382] {dag.py:2919} INFO - Setting next_dagrun for my_test_dag to 2023-04-08T00:00:00+00:00, run_after=2023-04-09T00:00:00+00:00
[2023-04-09 07:48:22,403] {processor.py:161} INFO - Processing /opt/airflow/dags/Sample_dags.py took 0.077 seconds
[2023-04-09 09:12:36,268] {processor.py:153} INFO - Started process (PID=52806) to work on /opt/airflow/dags/Sample_dags.py
[2023-04-09 09:12:36,269] {processor.py:641} INFO - Processing file /opt/airflow/dags/Sample_dags.py for tasks to queue
[2023-04-09 09:12:36,270] {logging_mixin.py:115} INFO - [2023-04-09 09:12:36,269] {dagbag.py:507} INFO - Filling up the DagBag from /opt/airflow/dags/Sample_dags.py
[2023-04-09 09:12:36,290] {processor.py:651} INFO - DAG(s) dict_keys(['my_test_dag']) retrieved from /opt/airflow/dags/Sample_dags.py
[2023-04-09 09:12:36,352] {logging_mixin.py:115} INFO - [2023-04-09 09:12:36,352] {dag.py:2371} INFO - Sync 1 DAGs
[2023-04-09 09:12:36,378] {logging_mixin.py:115} INFO - [2023-04-09 09:12:36,378] {dag.py:2919} INFO - Setting next_dagrun for my_test_dag to 2023-04-08T00:00:00+00:00, run_after=2023-04-09T00:00:00+00:00
[2023-04-09 09:12:36,391] {processor.py:161} INFO - Processing /opt/airflow/dags/Sample_dags.py took 0.129 seconds
[2023-04-09 10:19:48,049] {processor.py:153} INFO - Started process (PID=52868) to work on /opt/airflow/dags/Sample_dags.py
[2023-04-09 10:19:48,053] {processor.py:641} INFO - Processing file /opt/airflow/dags/Sample_dags.py for tasks to queue
[2023-04-09 10:19:48,053] {logging_mixin.py:115} INFO - [2023-04-09 10:19:48,053] {dagbag.py:507} INFO - Filling up the DagBag from /opt/airflow/dags/Sample_dags.py
[2023-04-09 10:19:48,061] {processor.py:651} INFO - DAG(s) dict_keys(['my_test_dag']) retrieved from /opt/airflow/dags/Sample_dags.py
[2023-04-09 10:19:48,102] {logging_mixin.py:115} INFO - [2023-04-09 10:19:48,102] {dag.py:2371} INFO - Sync 1 DAGs
[2023-04-09 10:19:48,126] {logging_mixin.py:115} INFO - [2023-04-09 10:19:48,126] {dag.py:2919} INFO - Setting next_dagrun for my_test_dag to 2023-04-08T00:00:00+00:00, run_after=2023-04-09T00:00:00+00:00
[2023-04-09 10:19:48,137] {processor.py:161} INFO - Processing /opt/airflow/dags/Sample_dags.py took 0.091 seconds
[2023-04-09 11:28:14,350] {processor.py:153} INFO - Started process (PID=52930) to work on /opt/airflow/dags/Sample_dags.py
[2023-04-09 11:28:14,352] {processor.py:641} INFO - Processing file /opt/airflow/dags/Sample_dags.py for tasks to queue
[2023-04-09 11:28:14,353] {logging_mixin.py:115} INFO - [2023-04-09 11:28:14,353] {dagbag.py:507} INFO - Filling up the DagBag from /opt/airflow/dags/Sample_dags.py
[2023-04-09 11:28:14,365] {processor.py:651} INFO - DAG(s) dict_keys(['my_test_dag']) retrieved from /opt/airflow/dags/Sample_dags.py
[2023-04-09 11:28:14,402] {logging_mixin.py:115} INFO - [2023-04-09 11:28:14,402] {dag.py:2371} INFO - Sync 1 DAGs
[2023-04-09 11:28:14,421] {logging_mixin.py:115} INFO - [2023-04-09 11:28:14,421] {dag.py:2919} INFO - Setting next_dagrun for my_test_dag to 2023-04-08T00:00:00+00:00, run_after=2023-04-09T00:00:00+00:00
[2023-04-09 11:28:14,432] {processor.py:161} INFO - Processing /opt/airflow/dags/Sample_dags.py took 0.087 seconds
[2023-04-09 12:26:24,469] {processor.py:153} INFO - Started process (PID=52992) to work on /opt/airflow/dags/Sample_dags.py
[2023-04-09 12:26:24,473] {processor.py:641} INFO - Processing file /opt/airflow/dags/Sample_dags.py for tasks to queue
[2023-04-09 12:26:24,474] {logging_mixin.py:115} INFO - [2023-04-09 12:26:24,474] {dagbag.py:507} INFO - Filling up the DagBag from /opt/airflow/dags/Sample_dags.py
[2023-04-09 12:26:24,492] {processor.py:651} INFO - DAG(s) dict_keys(['my_test_dag']) retrieved from /opt/airflow/dags/Sample_dags.py
[2023-04-09 12:26:24,536] {logging_mixin.py:115} INFO - [2023-04-09 12:26:24,536] {dag.py:2371} INFO - Sync 1 DAGs
[2023-04-09 12:26:24,566] {logging_mixin.py:115} INFO - [2023-04-09 12:26:24,566] {dag.py:2919} INFO - Setting next_dagrun for my_test_dag to 2023-04-08T00:00:00+00:00, run_after=2023-04-09T00:00:00+00:00
[2023-04-09 12:26:24,576] {processor.py:161} INFO - Processing /opt/airflow/dags/Sample_dags.py took 0.112 seconds
[2023-04-09 12:26:55,519] {processor.py:153} INFO - Started process (PID=53052) to work on /opt/airflow/dags/Sample_dags.py
[2023-04-09 12:26:55,521] {processor.py:641} INFO - Processing file /opt/airflow/dags/Sample_dags.py for tasks to queue
[2023-04-09 12:26:55,522] {logging_mixin.py:115} INFO - [2023-04-09 12:26:55,522] {dagbag.py:507} INFO - Filling up the DagBag from /opt/airflow/dags/Sample_dags.py
[2023-04-09 12:26:55,531] {processor.py:651} INFO - DAG(s) dict_keys(['my_test_dag']) retrieved from /opt/airflow/dags/Sample_dags.py
[2023-04-09 12:26:55,553] {logging_mixin.py:115} INFO - [2023-04-09 12:26:55,553] {dag.py:2371} INFO - Sync 1 DAGs
[2023-04-09 12:26:55,567] {logging_mixin.py:115} INFO - [2023-04-09 12:26:55,567] {dag.py:2919} INFO - Setting next_dagrun for my_test_dag to 2023-04-08T00:00:00+00:00, run_after=2023-04-09T00:00:00+00:00
[2023-04-09 12:26:55,572] {processor.py:161} INFO - Processing /opt/airflow/dags/Sample_dags.py took 0.059 seconds
[2023-04-09 13:15:29,222] {processor.py:153} INFO - Started process (PID=53105) to work on /opt/airflow/dags/Sample_dags.py
[2023-04-09 13:15:29,225] {processor.py:641} INFO - Processing file /opt/airflow/dags/Sample_dags.py for tasks to queue
[2023-04-09 13:15:29,225] {logging_mixin.py:115} INFO - [2023-04-09 13:15:29,225] {dagbag.py:507} INFO - Filling up the DagBag from /opt/airflow/dags/Sample_dags.py
[2023-04-09 13:15:29,236] {processor.py:651} INFO - DAG(s) dict_keys(['my_test_dag']) retrieved from /opt/airflow/dags/Sample_dags.py
[2023-04-09 13:15:29,268] {logging_mixin.py:115} INFO - [2023-04-09 13:15:29,267] {dag.py:2371} INFO - Sync 1 DAGs
[2023-04-09 13:15:29,299] {logging_mixin.py:115} INFO - [2023-04-09 13:15:29,299] {dag.py:2919} INFO - Setting next_dagrun for my_test_dag to 2023-04-08T00:00:00+00:00, run_after=2023-04-09T00:00:00+00:00
[2023-04-09 13:15:29,311] {processor.py:161} INFO - Processing /opt/airflow/dags/Sample_dags.py took 0.091 seconds
[2023-04-09 14:38:31,037] {processor.py:153} INFO - Started process (PID=53167) to work on /opt/airflow/dags/Sample_dags.py
[2023-04-09 14:38:31,039] {processor.py:641} INFO - Processing file /opt/airflow/dags/Sample_dags.py for tasks to queue
[2023-04-09 14:38:31,040] {logging_mixin.py:115} INFO - [2023-04-09 14:38:31,039] {dagbag.py:507} INFO - Filling up the DagBag from /opt/airflow/dags/Sample_dags.py
[2023-04-09 14:38:31,046] {processor.py:651} INFO - DAG(s) dict_keys(['my_test_dag']) retrieved from /opt/airflow/dags/Sample_dags.py
[2023-04-09 14:38:31,079] {logging_mixin.py:115} INFO - [2023-04-09 14:38:31,079] {dag.py:2371} INFO - Sync 1 DAGs
[2023-04-09 14:38:31,106] {logging_mixin.py:115} INFO - [2023-04-09 14:38:31,106] {dag.py:2919} INFO - Setting next_dagrun for my_test_dag to 2023-04-08T00:00:00+00:00, run_after=2023-04-09T00:00:00+00:00
[2023-04-09 14:38:31,131] {processor.py:161} INFO - Processing /opt/airflow/dags/Sample_dags.py took 0.097 seconds
[2023-04-09 15:42:40,342] {processor.py:153} INFO - Started process (PID=53230) to work on /opt/airflow/dags/Sample_dags.py
[2023-04-09 15:42:40,343] {processor.py:641} INFO - Processing file /opt/airflow/dags/Sample_dags.py for tasks to queue
[2023-04-09 15:42:40,347] {logging_mixin.py:115} INFO - [2023-04-09 15:42:40,347] {dagbag.py:507} INFO - Filling up the DagBag from /opt/airflow/dags/Sample_dags.py
[2023-04-09 15:42:40,364] {processor.py:651} INFO - DAG(s) dict_keys(['my_test_dag']) retrieved from /opt/airflow/dags/Sample_dags.py
[2023-04-09 15:42:40,463] {logging_mixin.py:115} INFO - [2023-04-09 15:42:40,463] {dag.py:2371} INFO - Sync 1 DAGs
[2023-04-09 15:42:40,496] {logging_mixin.py:115} INFO - [2023-04-09 15:42:40,496] {dag.py:2919} INFO - Setting next_dagrun for my_test_dag to 2023-04-08T00:00:00+00:00, run_after=2023-04-09T00:00:00+00:00
[2023-04-09 15:42:40,507] {processor.py:161} INFO - Processing /opt/airflow/dags/Sample_dags.py took 0.169 seconds
[2023-04-09 16:47:04,493] {processor.py:153} INFO - Started process (PID=53291) to work on /opt/airflow/dags/Sample_dags.py
[2023-04-09 16:47:04,494] {processor.py:641} INFO - Processing file /opt/airflow/dags/Sample_dags.py for tasks to queue
[2023-04-09 16:47:04,495] {logging_mixin.py:115} INFO - [2023-04-09 16:47:04,495] {dagbag.py:507} INFO - Filling up the DagBag from /opt/airflow/dags/Sample_dags.py
[2023-04-09 16:47:04,502] {processor.py:651} INFO - DAG(s) dict_keys(['my_test_dag']) retrieved from /opt/airflow/dags/Sample_dags.py
[2023-04-09 16:47:04,519] {logging_mixin.py:115} INFO - [2023-04-09 16:47:04,519] {dag.py:2371} INFO - Sync 1 DAGs
[2023-04-09 16:47:04,532] {logging_mixin.py:115} INFO - [2023-04-09 16:47:04,531] {dag.py:2919} INFO - Setting next_dagrun for my_test_dag to 2023-04-08T00:00:00+00:00, run_after=2023-04-09T00:00:00+00:00
[2023-04-09 16:47:04,537] {processor.py:161} INFO - Processing /opt/airflow/dags/Sample_dags.py took 0.047 seconds
[2023-04-09 18:07:28,121] {processor.py:153} INFO - Started process (PID=53354) to work on /opt/airflow/dags/Sample_dags.py
[2023-04-09 18:07:28,123] {processor.py:641} INFO - Processing file /opt/airflow/dags/Sample_dags.py for tasks to queue
[2023-04-09 18:07:28,123] {logging_mixin.py:115} INFO - [2023-04-09 18:07:28,123] {dagbag.py:507} INFO - Filling up the DagBag from /opt/airflow/dags/Sample_dags.py
[2023-04-09 18:07:28,139] {processor.py:651} INFO - DAG(s) dict_keys(['my_test_dag']) retrieved from /opt/airflow/dags/Sample_dags.py
[2023-04-09 18:07:28,184] {logging_mixin.py:115} INFO - [2023-04-09 18:07:28,184] {dag.py:2371} INFO - Sync 1 DAGs
[2023-04-09 18:07:28,222] {logging_mixin.py:115} INFO - [2023-04-09 18:07:28,221] {dag.py:2919} INFO - Setting next_dagrun for my_test_dag to 2023-04-08T00:00:00+00:00, run_after=2023-04-09T00:00:00+00:00
[2023-04-09 18:07:28,236] {processor.py:161} INFO - Processing /opt/airflow/dags/Sample_dags.py took 0.121 seconds
[2023-04-09 19:15:08,184] {processor.py:153} INFO - Started process (PID=53407) to work on /opt/airflow/dags/Sample_dags.py
[2023-04-09 19:15:08,189] {processor.py:641} INFO - Processing file /opt/airflow/dags/Sample_dags.py for tasks to queue
[2023-04-09 19:15:08,190] {logging_mixin.py:115} INFO - [2023-04-09 19:15:08,190] {dagbag.py:507} INFO - Filling up the DagBag from /opt/airflow/dags/Sample_dags.py
[2023-04-09 19:15:08,209] {processor.py:651} INFO - DAG(s) dict_keys(['my_test_dag']) retrieved from /opt/airflow/dags/Sample_dags.py
[2023-04-09 19:15:08,275] {logging_mixin.py:115} INFO - [2023-04-09 19:15:08,275] {dag.py:2371} INFO - Sync 1 DAGs
[2023-04-09 19:15:08,298] {logging_mixin.py:115} INFO - [2023-04-09 19:15:08,298] {dag.py:2919} INFO - Setting next_dagrun for my_test_dag to 2023-04-08T00:00:00+00:00, run_after=2023-04-09T00:00:00+00:00
[2023-04-09 19:15:08,312] {processor.py:161} INFO - Processing /opt/airflow/dags/Sample_dags.py took 0.130 seconds
[2023-04-09 19:35:32,296] {processor.py:153} INFO - Started process (PID=53470) to work on /opt/airflow/dags/Sample_dags.py
[2023-04-09 19:35:32,298] {processor.py:641} INFO - Processing file /opt/airflow/dags/Sample_dags.py for tasks to queue
[2023-04-09 19:35:32,301] {logging_mixin.py:115} INFO - [2023-04-09 19:35:32,301] {dagbag.py:507} INFO - Filling up the DagBag from /opt/airflow/dags/Sample_dags.py
[2023-04-09 19:35:32,310] {processor.py:651} INFO - DAG(s) dict_keys(['my_test_dag']) retrieved from /opt/airflow/dags/Sample_dags.py
[2023-04-09 19:35:32,340] {logging_mixin.py:115} INFO - [2023-04-09 19:35:32,340] {dag.py:2371} INFO - Sync 1 DAGs
[2023-04-09 19:35:32,360] {logging_mixin.py:115} INFO - [2023-04-09 19:35:32,360] {dag.py:2919} INFO - Setting next_dagrun for my_test_dag to 2023-04-08T00:00:00+00:00, run_after=2023-04-09T00:00:00+00:00
[2023-04-09 19:35:32,368] {processor.py:161} INFO - Processing /opt/airflow/dags/Sample_dags.py took 0.075 seconds
[2023-04-09 19:51:59,049] {processor.py:153} INFO - Started process (PID=53532) to work on /opt/airflow/dags/Sample_dags.py
[2023-04-09 19:51:59,050] {processor.py:641} INFO - Processing file /opt/airflow/dags/Sample_dags.py for tasks to queue
[2023-04-09 19:51:59,050] {logging_mixin.py:115} INFO - [2023-04-09 19:51:59,050] {dagbag.py:507} INFO - Filling up the DagBag from /opt/airflow/dags/Sample_dags.py
[2023-04-09 19:51:59,057] {processor.py:651} INFO - DAG(s) dict_keys(['my_test_dag']) retrieved from /opt/airflow/dags/Sample_dags.py
[2023-04-09 19:51:59,079] {logging_mixin.py:115} INFO - [2023-04-09 19:51:59,079] {dag.py:2371} INFO - Sync 1 DAGs
[2023-04-09 19:51:59,106] {logging_mixin.py:115} INFO - [2023-04-09 19:51:59,106] {dag.py:2919} INFO - Setting next_dagrun for my_test_dag to 2023-04-08T00:00:00+00:00, run_after=2023-04-09T00:00:00+00:00
[2023-04-09 19:51:59,120] {processor.py:161} INFO - Processing /opt/airflow/dags/Sample_dags.py took 0.074 seconds
[2023-04-09 20:39:29,400] {processor.py:153} INFO - Started process (PID=53593) to work on /opt/airflow/dags/Sample_dags.py
[2023-04-09 20:39:29,402] {processor.py:641} INFO - Processing file /opt/airflow/dags/Sample_dags.py for tasks to queue
[2023-04-09 20:39:29,403] {logging_mixin.py:115} INFO - [2023-04-09 20:39:29,403] {dagbag.py:507} INFO - Filling up the DagBag from /opt/airflow/dags/Sample_dags.py
[2023-04-09 20:39:29,411] {processor.py:651} INFO - DAG(s) dict_keys(['my_test_dag']) retrieved from /opt/airflow/dags/Sample_dags.py
[2023-04-09 20:39:29,431] {logging_mixin.py:115} INFO - [2023-04-09 20:39:29,431] {dag.py:2371} INFO - Sync 1 DAGs
[2023-04-09 20:39:29,445] {logging_mixin.py:115} INFO - [2023-04-09 20:39:29,444] {dag.py:2919} INFO - Setting next_dagrun for my_test_dag to 2023-04-08T00:00:00+00:00, run_after=2023-04-09T00:00:00+00:00
[2023-04-09 20:39:29,450] {processor.py:161} INFO - Processing /opt/airflow/dags/Sample_dags.py took 0.053 seconds
[2023-04-09 20:40:00,464] {processor.py:153} INFO - Started process (PID=53653) to work on /opt/airflow/dags/Sample_dags.py
[2023-04-09 20:40:00,467] {processor.py:641} INFO - Processing file /opt/airflow/dags/Sample_dags.py for tasks to queue
[2023-04-09 20:40:00,468] {logging_mixin.py:115} INFO - [2023-04-09 20:40:00,468] {dagbag.py:507} INFO - Filling up the DagBag from /opt/airflow/dags/Sample_dags.py
[2023-04-09 20:40:00,481] {processor.py:651} INFO - DAG(s) dict_keys(['my_test_dag']) retrieved from /opt/airflow/dags/Sample_dags.py
[2023-04-09 20:40:00,504] {logging_mixin.py:115} INFO - [2023-04-09 20:40:00,504] {dag.py:2371} INFO - Sync 1 DAGs
[2023-04-09 20:40:00,516] {logging_mixin.py:115} INFO - [2023-04-09 20:40:00,516] {dag.py:2919} INFO - Setting next_dagrun for my_test_dag to 2023-04-08T00:00:00+00:00, run_after=2023-04-09T00:00:00+00:00
[2023-04-09 20:40:00,521] {processor.py:161} INFO - Processing /opt/airflow/dags/Sample_dags.py took 0.060 seconds
[2023-04-09 21:48:50,232] {processor.py:153} INFO - Started process (PID=53707) to work on /opt/airflow/dags/Sample_dags.py
[2023-04-09 21:48:50,236] {processor.py:641} INFO - Processing file /opt/airflow/dags/Sample_dags.py for tasks to queue
[2023-04-09 21:48:50,239] {logging_mixin.py:115} INFO - [2023-04-09 21:48:50,239] {dagbag.py:507} INFO - Filling up the DagBag from /opt/airflow/dags/Sample_dags.py
[2023-04-09 21:48:50,254] {processor.py:651} INFO - DAG(s) dict_keys(['my_test_dag']) retrieved from /opt/airflow/dags/Sample_dags.py
[2023-04-09 21:48:50,333] {logging_mixin.py:115} INFO - [2023-04-09 21:48:50,333] {dag.py:2371} INFO - Sync 1 DAGs
[2023-04-09 21:48:50,356] {logging_mixin.py:115} INFO - [2023-04-09 21:48:50,356] {dag.py:2919} INFO - Setting next_dagrun for my_test_dag to 2023-04-08T00:00:00+00:00, run_after=2023-04-09T00:00:00+00:00
[2023-04-09 21:48:50,368] {processor.py:161} INFO - Processing /opt/airflow/dags/Sample_dags.py took 0.139 seconds
[2023-04-09 22:37:30,547] {processor.py:153} INFO - Started process (PID=53769) to work on /opt/airflow/dags/Sample_dags.py
[2023-04-09 22:37:30,548] {processor.py:641} INFO - Processing file /opt/airflow/dags/Sample_dags.py for tasks to queue
[2023-04-09 22:37:30,548] {logging_mixin.py:115} INFO - [2023-04-09 22:37:30,548] {dagbag.py:507} INFO - Filling up the DagBag from /opt/airflow/dags/Sample_dags.py
[2023-04-09 22:37:30,554] {processor.py:651} INFO - DAG(s) dict_keys(['my_test_dag']) retrieved from /opt/airflow/dags/Sample_dags.py
[2023-04-09 22:37:30,573] {logging_mixin.py:115} INFO - [2023-04-09 22:37:30,573] {dag.py:2371} INFO - Sync 1 DAGs
[2023-04-09 22:37:30,587] {logging_mixin.py:115} INFO - [2023-04-09 22:37:30,587] {dag.py:2919} INFO - Setting next_dagrun for my_test_dag to 2023-04-08T00:00:00+00:00, run_after=2023-04-09T00:00:00+00:00
[2023-04-09 22:37:30,593] {processor.py:161} INFO - Processing /opt/airflow/dags/Sample_dags.py took 0.049 seconds
[2023-04-09 23:42:56,595] {processor.py:153} INFO - Started process (PID=53831) to work on /opt/airflow/dags/Sample_dags.py
[2023-04-09 23:42:56,596] {processor.py:641} INFO - Processing file /opt/airflow/dags/Sample_dags.py for tasks to queue
[2023-04-09 23:42:56,599] {logging_mixin.py:115} INFO - [2023-04-09 23:42:56,599] {dagbag.py:507} INFO - Filling up the DagBag from /opt/airflow/dags/Sample_dags.py
[2023-04-09 23:42:56,611] {processor.py:651} INFO - DAG(s) dict_keys(['my_test_dag']) retrieved from /opt/airflow/dags/Sample_dags.py
[2023-04-09 23:42:56,666] {logging_mixin.py:115} INFO - [2023-04-09 23:42:56,666] {dag.py:2371} INFO - Sync 1 DAGs
[2023-04-09 23:42:56,703] {logging_mixin.py:115} INFO - [2023-04-09 23:42:56,703] {dag.py:2919} INFO - Setting next_dagrun for my_test_dag to 2023-04-08T00:00:00+00:00, run_after=2023-04-09T00:00:00+00:00
[2023-04-09 23:42:56,723] {processor.py:161} INFO - Processing /opt/airflow/dags/Sample_dags.py took 0.132 seconds
