[2023-04-09 00:07:31,985] {processor.py:153} INFO - Started process (PID=52218) to work on /home/airflow/.local/lib/python3.7/site-packages/airflow/example_dags/example_sla_dag.py
[2023-04-09 00:07:31,985] {processor.py:641} INFO - Processing file /home/airflow/.local/lib/python3.7/site-packages/airflow/example_dags/example_sla_dag.py for tasks to queue
[2023-04-09 00:07:31,986] {logging_mixin.py:115} INFO - [2023-04-09 00:07:31,986] {dagbag.py:507} INFO - Filling up the DagBag from /home/airflow/.local/lib/python3.7/site-packages/airflow/example_dags/example_sla_dag.py
[2023-04-09 00:07:32,010] {processor.py:651} INFO - DAG(s) dict_keys(['example_sla_dag']) retrieved from /home/airflow/.local/lib/python3.7/site-packages/airflow/example_dags/example_sla_dag.py
[2023-04-09 00:07:32,053] {logging_mixin.py:115} INFO - [2023-04-09 00:07:32,053] {dag.py:2371} INFO - Sync 1 DAGs
[2023-04-09 00:07:32,093] {logging_mixin.py:115} INFO - [2023-04-09 00:07:32,093] {dag.py:2919} INFO - Setting next_dagrun for example_sla_dag to 2023-04-09T00:04:00+00:00, run_after=2023-04-09T00:06:00+00:00
[2023-04-09 00:07:32,104] {processor.py:161} INFO - Processing /home/airflow/.local/lib/python3.7/site-packages/airflow/example_dags/example_sla_dag.py took 0.123 seconds
[2023-04-09 00:08:02,842] {processor.py:153} INFO - Started process (PID=52272) to work on /home/airflow/.local/lib/python3.7/site-packages/airflow/example_dags/example_sla_dag.py
[2023-04-09 00:08:02,843] {processor.py:641} INFO - Processing file /home/airflow/.local/lib/python3.7/site-packages/airflow/example_dags/example_sla_dag.py for tasks to queue
[2023-04-09 00:08:02,843] {logging_mixin.py:115} INFO - [2023-04-09 00:08:02,843] {dagbag.py:507} INFO - Filling up the DagBag from /home/airflow/.local/lib/python3.7/site-packages/airflow/example_dags/example_sla_dag.py
[2023-04-09 00:08:02,853] {processor.py:651} INFO - DAG(s) dict_keys(['example_sla_dag']) retrieved from /home/airflow/.local/lib/python3.7/site-packages/airflow/example_dags/example_sla_dag.py
[2023-04-09 00:08:02,871] {logging_mixin.py:115} INFO - [2023-04-09 00:08:02,871] {dag.py:2371} INFO - Sync 1 DAGs
[2023-04-09 00:08:02,884] {logging_mixin.py:115} INFO - [2023-04-09 00:08:02,884] {dag.py:2919} INFO - Setting next_dagrun for example_sla_dag to 2023-04-09T00:06:00+00:00, run_after=2023-04-09T00:08:00+00:00
[2023-04-09 00:08:02,889] {processor.py:161} INFO - Processing /home/airflow/.local/lib/python3.7/site-packages/airflow/example_dags/example_sla_dag.py took 0.049 seconds
[2023-04-09 01:15:19,438] {processor.py:153} INFO - Started process (PID=52334) to work on /home/airflow/.local/lib/python3.7/site-packages/airflow/example_dags/example_sla_dag.py
[2023-04-09 01:15:19,438] {processor.py:641} INFO - Processing file /home/airflow/.local/lib/python3.7/site-packages/airflow/example_dags/example_sla_dag.py for tasks to queue
[2023-04-09 01:15:19,439] {logging_mixin.py:115} INFO - [2023-04-09 01:15:19,439] {dagbag.py:507} INFO - Filling up the DagBag from /home/airflow/.local/lib/python3.7/site-packages/airflow/example_dags/example_sla_dag.py
[2023-04-09 01:15:19,449] {processor.py:651} INFO - DAG(s) dict_keys(['example_sla_dag']) retrieved from /home/airflow/.local/lib/python3.7/site-packages/airflow/example_dags/example_sla_dag.py
[2023-04-09 01:15:19,466] {logging_mixin.py:115} INFO - [2023-04-09 01:15:19,466] {dag.py:2371} INFO - Sync 1 DAGs
[2023-04-09 01:15:19,479] {logging_mixin.py:115} INFO - [2023-04-09 01:15:19,479] {dag.py:2919} INFO - Setting next_dagrun for example_sla_dag to 2023-04-09T01:12:00+00:00, run_after=2023-04-09T01:14:00+00:00
[2023-04-09 01:15:19,484] {processor.py:161} INFO - Processing /home/airflow/.local/lib/python3.7/site-packages/airflow/example_dags/example_sla_dag.py took 0.048 seconds
[2023-04-09 02:21:41,099] {processor.py:153} INFO - Started process (PID=52395) to work on /home/airflow/.local/lib/python3.7/site-packages/airflow/example_dags/example_sla_dag.py
[2023-04-09 02:21:41,101] {processor.py:641} INFO - Processing file /home/airflow/.local/lib/python3.7/site-packages/airflow/example_dags/example_sla_dag.py for tasks to queue
[2023-04-09 02:21:41,102] {logging_mixin.py:115} INFO - [2023-04-09 02:21:41,101] {dagbag.py:507} INFO - Filling up the DagBag from /home/airflow/.local/lib/python3.7/site-packages/airflow/example_dags/example_sla_dag.py
[2023-04-09 02:21:41,124] {processor.py:651} INFO - DAG(s) dict_keys(['example_sla_dag']) retrieved from /home/airflow/.local/lib/python3.7/site-packages/airflow/example_dags/example_sla_dag.py
[2023-04-09 02:21:41,183] {logging_mixin.py:115} INFO - [2023-04-09 02:21:41,183] {dag.py:2371} INFO - Sync 1 DAGs
[2023-04-09 02:21:41,217] {logging_mixin.py:115} INFO - [2023-04-09 02:21:41,217] {dag.py:2919} INFO - Setting next_dagrun for example_sla_dag to 2023-04-09T02:18:00+00:00, run_after=2023-04-09T02:20:00+00:00
[2023-04-09 02:21:41,230] {processor.py:161} INFO - Processing /home/airflow/.local/lib/python3.7/site-packages/airflow/example_dags/example_sla_dag.py took 0.133 seconds
[2023-04-09 03:46:30,109] {processor.py:153} INFO - Started process (PID=52457) to work on /home/airflow/.local/lib/python3.7/site-packages/airflow/example_dags/example_sla_dag.py
[2023-04-09 03:46:30,110] {processor.py:641} INFO - Processing file /home/airflow/.local/lib/python3.7/site-packages/airflow/example_dags/example_sla_dag.py for tasks to queue
[2023-04-09 03:46:30,111] {logging_mixin.py:115} INFO - [2023-04-09 03:46:30,111] {dagbag.py:507} INFO - Filling up the DagBag from /home/airflow/.local/lib/python3.7/site-packages/airflow/example_dags/example_sla_dag.py
[2023-04-09 03:46:30,120] {processor.py:651} INFO - DAG(s) dict_keys(['example_sla_dag']) retrieved from /home/airflow/.local/lib/python3.7/site-packages/airflow/example_dags/example_sla_dag.py
[2023-04-09 03:46:30,136] {logging_mixin.py:115} INFO - [2023-04-09 03:46:30,136] {dag.py:2371} INFO - Sync 1 DAGs
[2023-04-09 03:46:30,172] {logging_mixin.py:115} INFO - [2023-04-09 03:46:30,171] {dag.py:2919} INFO - Setting next_dagrun for example_sla_dag to 2023-04-09T03:44:00+00:00, run_after=2023-04-09T03:46:00+00:00
[2023-04-09 03:46:30,182] {processor.py:161} INFO - Processing /home/airflow/.local/lib/python3.7/site-packages/airflow/example_dags/example_sla_dag.py took 0.075 seconds
[2023-04-09 04:13:35,410] {processor.py:153} INFO - Started process (PID=52517) to work on /home/airflow/.local/lib/python3.7/site-packages/airflow/example_dags/example_sla_dag.py
[2023-04-09 04:13:35,411] {processor.py:641} INFO - Processing file /home/airflow/.local/lib/python3.7/site-packages/airflow/example_dags/example_sla_dag.py for tasks to queue
[2023-04-09 04:13:35,412] {logging_mixin.py:115} INFO - [2023-04-09 04:13:35,412] {dagbag.py:507} INFO - Filling up the DagBag from /home/airflow/.local/lib/python3.7/site-packages/airflow/example_dags/example_sla_dag.py
[2023-04-09 04:13:35,450] {processor.py:651} INFO - DAG(s) dict_keys(['example_sla_dag']) retrieved from /home/airflow/.local/lib/python3.7/site-packages/airflow/example_dags/example_sla_dag.py
[2023-04-09 04:13:35,492] {logging_mixin.py:115} INFO - [2023-04-09 04:13:35,492] {dag.py:2371} INFO - Sync 1 DAGs
[2023-04-09 04:13:35,529] {logging_mixin.py:115} INFO - [2023-04-09 04:13:35,529] {dag.py:2919} INFO - Setting next_dagrun for example_sla_dag to 2023-04-09T04:10:00+00:00, run_after=2023-04-09T04:12:00+00:00
[2023-04-09 04:13:35,542] {processor.py:161} INFO - Processing /home/airflow/.local/lib/python3.7/site-packages/airflow/example_dags/example_sla_dag.py took 0.144 seconds
[2023-04-09 04:30:53,384] {processor.py:153} INFO - Started process (PID=52572) to work on /home/airflow/.local/lib/python3.7/site-packages/airflow/example_dags/example_sla_dag.py
[2023-04-09 04:30:53,385] {processor.py:641} INFO - Processing file /home/airflow/.local/lib/python3.7/site-packages/airflow/example_dags/example_sla_dag.py for tasks to queue
[2023-04-09 04:30:53,386] {logging_mixin.py:115} INFO - [2023-04-09 04:30:53,386] {dagbag.py:507} INFO - Filling up the DagBag from /home/airflow/.local/lib/python3.7/site-packages/airflow/example_dags/example_sla_dag.py
[2023-04-09 04:30:53,395] {processor.py:651} INFO - DAG(s) dict_keys(['example_sla_dag']) retrieved from /home/airflow/.local/lib/python3.7/site-packages/airflow/example_dags/example_sla_dag.py
[2023-04-09 04:30:53,412] {logging_mixin.py:115} INFO - [2023-04-09 04:30:53,412] {dag.py:2371} INFO - Sync 1 DAGs
[2023-04-09 04:30:53,424] {logging_mixin.py:115} INFO - [2023-04-09 04:30:53,424] {dag.py:2919} INFO - Setting next_dagrun for example_sla_dag to 2023-04-09T04:28:00+00:00, run_after=2023-04-09T04:30:00+00:00
[2023-04-09 04:30:53,430] {processor.py:161} INFO - Processing /home/airflow/.local/lib/python3.7/site-packages/airflow/example_dags/example_sla_dag.py took 0.047 seconds
[2023-04-09 05:36:25,688] {processor.py:153} INFO - Started process (PID=52634) to work on /home/airflow/.local/lib/python3.7/site-packages/airflow/example_dags/example_sla_dag.py
[2023-04-09 05:36:25,688] {processor.py:641} INFO - Processing file /home/airflow/.local/lib/python3.7/site-packages/airflow/example_dags/example_sla_dag.py for tasks to queue
[2023-04-09 05:36:25,689] {logging_mixin.py:115} INFO - [2023-04-09 05:36:25,689] {dagbag.py:507} INFO - Filling up the DagBag from /home/airflow/.local/lib/python3.7/site-packages/airflow/example_dags/example_sla_dag.py
[2023-04-09 05:36:25,698] {processor.py:651} INFO - DAG(s) dict_keys(['example_sla_dag']) retrieved from /home/airflow/.local/lib/python3.7/site-packages/airflow/example_dags/example_sla_dag.py
[2023-04-09 05:36:25,719] {logging_mixin.py:115} INFO - [2023-04-09 05:36:25,719] {dag.py:2371} INFO - Sync 1 DAGs
[2023-04-09 05:36:25,733] {logging_mixin.py:115} INFO - [2023-04-09 05:36:25,733] {dag.py:2919} INFO - Setting next_dagrun for example_sla_dag to 2023-04-09T05:34:00+00:00, run_after=2023-04-09T05:36:00+00:00
[2023-04-09 05:36:25,738] {processor.py:161} INFO - Processing /home/airflow/.local/lib/python3.7/site-packages/airflow/example_dags/example_sla_dag.py took 0.053 seconds
[2023-04-09 06:43:09,141] {processor.py:153} INFO - Started process (PID=52696) to work on /home/airflow/.local/lib/python3.7/site-packages/airflow/example_dags/example_sla_dag.py
[2023-04-09 06:43:09,142] {processor.py:641} INFO - Processing file /home/airflow/.local/lib/python3.7/site-packages/airflow/example_dags/example_sla_dag.py for tasks to queue
[2023-04-09 06:43:09,143] {logging_mixin.py:115} INFO - [2023-04-09 06:43:09,143] {dagbag.py:507} INFO - Filling up the DagBag from /home/airflow/.local/lib/python3.7/site-packages/airflow/example_dags/example_sla_dag.py
[2023-04-09 06:43:09,159] {processor.py:651} INFO - DAG(s) dict_keys(['example_sla_dag']) retrieved from /home/airflow/.local/lib/python3.7/site-packages/airflow/example_dags/example_sla_dag.py
[2023-04-09 06:43:09,192] {logging_mixin.py:115} INFO - [2023-04-09 06:43:09,192] {dag.py:2371} INFO - Sync 1 DAGs
[2023-04-09 06:43:09,222] {logging_mixin.py:115} INFO - [2023-04-09 06:43:09,222] {dag.py:2919} INFO - Setting next_dagrun for example_sla_dag to 2023-04-09T06:40:00+00:00, run_after=2023-04-09T06:42:00+00:00
[2023-04-09 06:43:09,236] {processor.py:161} INFO - Processing /home/airflow/.local/lib/python3.7/site-packages/airflow/example_dags/example_sla_dag.py took 0.099 seconds
[2023-04-09 07:48:22,526] {processor.py:153} INFO - Started process (PID=52757) to work on /home/airflow/.local/lib/python3.7/site-packages/airflow/example_dags/example_sla_dag.py
[2023-04-09 07:48:22,527] {processor.py:641} INFO - Processing file /home/airflow/.local/lib/python3.7/site-packages/airflow/example_dags/example_sla_dag.py for tasks to queue
[2023-04-09 07:48:22,528] {logging_mixin.py:115} INFO - [2023-04-09 07:48:22,528] {dagbag.py:507} INFO - Filling up the DagBag from /home/airflow/.local/lib/python3.7/site-packages/airflow/example_dags/example_sla_dag.py
[2023-04-09 07:48:22,543] {processor.py:651} INFO - DAG(s) dict_keys(['example_sla_dag']) retrieved from /home/airflow/.local/lib/python3.7/site-packages/airflow/example_dags/example_sla_dag.py
[2023-04-09 07:48:22,599] {logging_mixin.py:115} INFO - [2023-04-09 07:48:22,599] {dag.py:2371} INFO - Sync 1 DAGs
[2023-04-09 07:48:22,636] {logging_mixin.py:115} INFO - [2023-04-09 07:48:22,636] {dag.py:2919} INFO - Setting next_dagrun for example_sla_dag to 2023-04-09T07:46:00+00:00, run_after=2023-04-09T07:48:00+00:00
[2023-04-09 07:48:22,652] {processor.py:161} INFO - Processing /home/airflow/.local/lib/python3.7/site-packages/airflow/example_dags/example_sla_dag.py took 0.130 seconds
[2023-04-09 09:12:36,546] {processor.py:153} INFO - Started process (PID=52810) to work on /home/airflow/.local/lib/python3.7/site-packages/airflow/example_dags/example_sla_dag.py
[2023-04-09 09:12:36,554] {processor.py:641} INFO - Processing file /home/airflow/.local/lib/python3.7/site-packages/airflow/example_dags/example_sla_dag.py for tasks to queue
[2023-04-09 09:12:36,555] {logging_mixin.py:115} INFO - [2023-04-09 09:12:36,555] {dagbag.py:507} INFO - Filling up the DagBag from /home/airflow/.local/lib/python3.7/site-packages/airflow/example_dags/example_sla_dag.py
[2023-04-09 09:12:36,593] {processor.py:651} INFO - DAG(s) dict_keys(['example_sla_dag']) retrieved from /home/airflow/.local/lib/python3.7/site-packages/airflow/example_dags/example_sla_dag.py
[2023-04-09 09:12:36,624] {logging_mixin.py:115} INFO - [2023-04-09 09:12:36,624] {dag.py:2371} INFO - Sync 1 DAGs
[2023-04-09 09:12:36,638] {logging_mixin.py:115} INFO - [2023-04-09 09:12:36,638] {dag.py:2919} INFO - Setting next_dagrun for example_sla_dag to 2023-04-09T09:10:00+00:00, run_after=2023-04-09T09:12:00+00:00
[2023-04-09 09:12:36,644] {processor.py:161} INFO - Processing /home/airflow/.local/lib/python3.7/site-packages/airflow/example_dags/example_sla_dag.py took 0.100 seconds
[2023-04-09 10:19:48,326] {processor.py:153} INFO - Started process (PID=52872) to work on /home/airflow/.local/lib/python3.7/site-packages/airflow/example_dags/example_sla_dag.py
[2023-04-09 10:19:48,328] {processor.py:641} INFO - Processing file /home/airflow/.local/lib/python3.7/site-packages/airflow/example_dags/example_sla_dag.py for tasks to queue
[2023-04-09 10:19:48,328] {logging_mixin.py:115} INFO - [2023-04-09 10:19:48,328] {dagbag.py:507} INFO - Filling up the DagBag from /home/airflow/.local/lib/python3.7/site-packages/airflow/example_dags/example_sla_dag.py
[2023-04-09 10:19:48,353] {processor.py:651} INFO - DAG(s) dict_keys(['example_sla_dag']) retrieved from /home/airflow/.local/lib/python3.7/site-packages/airflow/example_dags/example_sla_dag.py
[2023-04-09 10:19:48,413] {logging_mixin.py:115} INFO - [2023-04-09 10:19:48,413] {dag.py:2371} INFO - Sync 1 DAGs
[2023-04-09 10:19:48,447] {logging_mixin.py:115} INFO - [2023-04-09 10:19:48,447] {dag.py:2919} INFO - Setting next_dagrun for example_sla_dag to 2023-04-09T10:16:00+00:00, run_after=2023-04-09T10:18:00+00:00
[2023-04-09 10:19:48,460] {processor.py:161} INFO - Processing /home/airflow/.local/lib/python3.7/site-packages/airflow/example_dags/example_sla_dag.py took 0.138 seconds
[2023-04-09 11:28:14,570] {processor.py:153} INFO - Started process (PID=52934) to work on /home/airflow/.local/lib/python3.7/site-packages/airflow/example_dags/example_sla_dag.py
[2023-04-09 11:28:14,574] {processor.py:641} INFO - Processing file /home/airflow/.local/lib/python3.7/site-packages/airflow/example_dags/example_sla_dag.py for tasks to queue
[2023-04-09 11:28:14,575] {logging_mixin.py:115} INFO - [2023-04-09 11:28:14,575] {dagbag.py:507} INFO - Filling up the DagBag from /home/airflow/.local/lib/python3.7/site-packages/airflow/example_dags/example_sla_dag.py
[2023-04-09 11:28:14,603] {processor.py:651} INFO - DAG(s) dict_keys(['example_sla_dag']) retrieved from /home/airflow/.local/lib/python3.7/site-packages/airflow/example_dags/example_sla_dag.py
[2023-04-09 11:28:14,652] {logging_mixin.py:115} INFO - [2023-04-09 11:28:14,651] {dag.py:2371} INFO - Sync 1 DAGs
[2023-04-09 11:28:14,683] {logging_mixin.py:115} INFO - [2023-04-09 11:28:14,683] {dag.py:2919} INFO - Setting next_dagrun for example_sla_dag to 2023-04-09T11:26:00+00:00, run_after=2023-04-09T11:28:00+00:00
[2023-04-09 11:28:14,694] {processor.py:161} INFO - Processing /home/airflow/.local/lib/python3.7/site-packages/airflow/example_dags/example_sla_dag.py took 0.127 seconds
[2023-04-09 12:26:24,736] {processor.py:153} INFO - Started process (PID=52996) to work on /home/airflow/.local/lib/python3.7/site-packages/airflow/example_dags/example_sla_dag.py
[2023-04-09 12:26:24,737] {processor.py:641} INFO - Processing file /home/airflow/.local/lib/python3.7/site-packages/airflow/example_dags/example_sla_dag.py for tasks to queue
[2023-04-09 12:26:24,738] {logging_mixin.py:115} INFO - [2023-04-09 12:26:24,738] {dagbag.py:507} INFO - Filling up the DagBag from /home/airflow/.local/lib/python3.7/site-packages/airflow/example_dags/example_sla_dag.py
[2023-04-09 12:26:24,762] {processor.py:651} INFO - DAG(s) dict_keys(['example_sla_dag']) retrieved from /home/airflow/.local/lib/python3.7/site-packages/airflow/example_dags/example_sla_dag.py
[2023-04-09 12:26:24,792] {logging_mixin.py:115} INFO - [2023-04-09 12:26:24,792] {dag.py:2371} INFO - Sync 1 DAGs
[2023-04-09 12:26:24,813] {logging_mixin.py:115} INFO - [2023-04-09 12:26:24,813] {dag.py:2919} INFO - Setting next_dagrun for example_sla_dag to 2023-04-09T12:24:00+00:00, run_after=2023-04-09T12:26:00+00:00
[2023-04-09 12:26:24,827] {processor.py:161} INFO - Processing /home/airflow/.local/lib/python3.7/site-packages/airflow/example_dags/example_sla_dag.py took 0.100 seconds
[2023-04-09 12:26:55,648] {processor.py:153} INFO - Started process (PID=53056) to work on /home/airflow/.local/lib/python3.7/site-packages/airflow/example_dags/example_sla_dag.py
[2023-04-09 12:26:55,649] {processor.py:641} INFO - Processing file /home/airflow/.local/lib/python3.7/site-packages/airflow/example_dags/example_sla_dag.py for tasks to queue
[2023-04-09 12:26:55,649] {logging_mixin.py:115} INFO - [2023-04-09 12:26:55,649] {dagbag.py:507} INFO - Filling up the DagBag from /home/airflow/.local/lib/python3.7/site-packages/airflow/example_dags/example_sla_dag.py
[2023-04-09 12:26:55,660] {processor.py:651} INFO - DAG(s) dict_keys(['example_sla_dag']) retrieved from /home/airflow/.local/lib/python3.7/site-packages/airflow/example_dags/example_sla_dag.py
[2023-04-09 12:26:55,675] {logging_mixin.py:115} INFO - [2023-04-09 12:26:55,675] {dag.py:2371} INFO - Sync 1 DAGs
[2023-04-09 12:26:55,687] {logging_mixin.py:115} INFO - [2023-04-09 12:26:55,687] {dag.py:2919} INFO - Setting next_dagrun for example_sla_dag to 2023-04-09T12:24:00+00:00, run_after=2023-04-09T12:26:00+00:00
[2023-04-09 12:26:55,692] {processor.py:161} INFO - Processing /home/airflow/.local/lib/python3.7/site-packages/airflow/example_dags/example_sla_dag.py took 0.046 seconds
[2023-04-09 13:15:29,497] {processor.py:153} INFO - Started process (PID=53109) to work on /home/airflow/.local/lib/python3.7/site-packages/airflow/example_dags/example_sla_dag.py
[2023-04-09 13:15:29,500] {processor.py:641} INFO - Processing file /home/airflow/.local/lib/python3.7/site-packages/airflow/example_dags/example_sla_dag.py for tasks to queue
[2023-04-09 13:15:29,500] {logging_mixin.py:115} INFO - [2023-04-09 13:15:29,500] {dagbag.py:507} INFO - Filling up the DagBag from /home/airflow/.local/lib/python3.7/site-packages/airflow/example_dags/example_sla_dag.py
[2023-04-09 13:15:29,523] {processor.py:651} INFO - DAG(s) dict_keys(['example_sla_dag']) retrieved from /home/airflow/.local/lib/python3.7/site-packages/airflow/example_dags/example_sla_dag.py
[2023-04-09 13:15:29,582] {logging_mixin.py:115} INFO - [2023-04-09 13:15:29,582] {dag.py:2371} INFO - Sync 1 DAGs
[2023-04-09 13:15:29,610] {logging_mixin.py:115} INFO - [2023-04-09 13:15:29,610] {dag.py:2919} INFO - Setting next_dagrun for example_sla_dag to 2023-04-09T13:12:00+00:00, run_after=2023-04-09T13:14:00+00:00
[2023-04-09 13:15:29,627] {processor.py:161} INFO - Processing /home/airflow/.local/lib/python3.7/site-packages/airflow/example_dags/example_sla_dag.py took 0.133 seconds
[2023-04-09 14:38:31,278] {processor.py:153} INFO - Started process (PID=53171) to work on /home/airflow/.local/lib/python3.7/site-packages/airflow/example_dags/example_sla_dag.py
[2023-04-09 14:38:31,281] {processor.py:641} INFO - Processing file /home/airflow/.local/lib/python3.7/site-packages/airflow/example_dags/example_sla_dag.py for tasks to queue
[2023-04-09 14:38:31,282] {logging_mixin.py:115} INFO - [2023-04-09 14:38:31,282] {dagbag.py:507} INFO - Filling up the DagBag from /home/airflow/.local/lib/python3.7/site-packages/airflow/example_dags/example_sla_dag.py
[2023-04-09 14:38:31,297] {processor.py:651} INFO - DAG(s) dict_keys(['example_sla_dag']) retrieved from /home/airflow/.local/lib/python3.7/site-packages/airflow/example_dags/example_sla_dag.py
[2023-04-09 14:38:31,344] {logging_mixin.py:115} INFO - [2023-04-09 14:38:31,344] {dag.py:2371} INFO - Sync 1 DAGs
[2023-04-09 14:38:31,381] {logging_mixin.py:115} INFO - [2023-04-09 14:38:31,381] {dag.py:2919} INFO - Setting next_dagrun for example_sla_dag to 2023-04-09T14:36:00+00:00, run_after=2023-04-09T14:38:00+00:00
[2023-04-09 14:38:31,403] {processor.py:161} INFO - Processing /home/airflow/.local/lib/python3.7/site-packages/airflow/example_dags/example_sla_dag.py took 0.127 seconds
[2023-04-09 15:42:40,703] {processor.py:153} INFO - Started process (PID=53234) to work on /home/airflow/.local/lib/python3.7/site-packages/airflow/example_dags/example_sla_dag.py
[2023-04-09 15:42:40,707] {processor.py:641} INFO - Processing file /home/airflow/.local/lib/python3.7/site-packages/airflow/example_dags/example_sla_dag.py for tasks to queue
[2023-04-09 15:42:40,707] {logging_mixin.py:115} INFO - [2023-04-09 15:42:40,707] {dagbag.py:507} INFO - Filling up the DagBag from /home/airflow/.local/lib/python3.7/site-packages/airflow/example_dags/example_sla_dag.py
[2023-04-09 15:42:40,728] {processor.py:651} INFO - DAG(s) dict_keys(['example_sla_dag']) retrieved from /home/airflow/.local/lib/python3.7/site-packages/airflow/example_dags/example_sla_dag.py
[2023-04-09 15:42:40,804] {logging_mixin.py:115} INFO - [2023-04-09 15:42:40,804] {dag.py:2371} INFO - Sync 1 DAGs
[2023-04-09 15:42:40,822] {logging_mixin.py:115} INFO - [2023-04-09 15:42:40,822] {dag.py:2919} INFO - Setting next_dagrun for example_sla_dag to 2023-04-09T15:40:00+00:00, run_after=2023-04-09T15:42:00+00:00
[2023-04-09 15:42:40,831] {processor.py:161} INFO - Processing /home/airflow/.local/lib/python3.7/site-packages/airflow/example_dags/example_sla_dag.py took 0.131 seconds
[2023-04-09 16:47:04,634] {processor.py:153} INFO - Started process (PID=53295) to work on /home/airflow/.local/lib/python3.7/site-packages/airflow/example_dags/example_sla_dag.py
[2023-04-09 16:47:04,635] {processor.py:641} INFO - Processing file /home/airflow/.local/lib/python3.7/site-packages/airflow/example_dags/example_sla_dag.py for tasks to queue
[2023-04-09 16:47:04,635] {logging_mixin.py:115} INFO - [2023-04-09 16:47:04,635] {dagbag.py:507} INFO - Filling up the DagBag from /home/airflow/.local/lib/python3.7/site-packages/airflow/example_dags/example_sla_dag.py
[2023-04-09 16:47:04,655] {processor.py:651} INFO - DAG(s) dict_keys(['example_sla_dag']) retrieved from /home/airflow/.local/lib/python3.7/site-packages/airflow/example_dags/example_sla_dag.py
[2023-04-09 16:47:04,690] {logging_mixin.py:115} INFO - [2023-04-09 16:47:04,690] {dag.py:2371} INFO - Sync 1 DAGs
[2023-04-09 16:47:04,905] {logging_mixin.py:115} INFO - [2023-04-09 16:47:04,904] {dag.py:2919} INFO - Setting next_dagrun for example_sla_dag to 2023-04-09T16:44:00+00:00, run_after=2023-04-09T16:46:00+00:00
[2023-04-09 16:47:04,961] {processor.py:161} INFO - Processing /home/airflow/.local/lib/python3.7/site-packages/airflow/example_dags/example_sla_dag.py took 0.329 seconds
[2023-04-09 18:07:28,428] {processor.py:153} INFO - Started process (PID=53358) to work on /home/airflow/.local/lib/python3.7/site-packages/airflow/example_dags/example_sla_dag.py
[2023-04-09 18:07:28,429] {processor.py:641} INFO - Processing file /home/airflow/.local/lib/python3.7/site-packages/airflow/example_dags/example_sla_dag.py for tasks to queue
[2023-04-09 18:07:28,429] {logging_mixin.py:115} INFO - [2023-04-09 18:07:28,429] {dagbag.py:507} INFO - Filling up the DagBag from /home/airflow/.local/lib/python3.7/site-packages/airflow/example_dags/example_sla_dag.py
[2023-04-09 18:07:28,442] {processor.py:651} INFO - DAG(s) dict_keys(['example_sla_dag']) retrieved from /home/airflow/.local/lib/python3.7/site-packages/airflow/example_dags/example_sla_dag.py
[2023-04-09 18:07:28,460] {logging_mixin.py:115} INFO - [2023-04-09 18:07:28,460] {dag.py:2371} INFO - Sync 1 DAGs
[2023-04-09 18:07:28,481] {logging_mixin.py:115} INFO - [2023-04-09 18:07:28,481] {dag.py:2919} INFO - Setting next_dagrun for example_sla_dag to 2023-04-09T18:04:00+00:00, run_after=2023-04-09T18:06:00+00:00
[2023-04-09 18:07:28,486] {processor.py:161} INFO - Processing /home/airflow/.local/lib/python3.7/site-packages/airflow/example_dags/example_sla_dag.py took 0.061 seconds
[2023-04-09 19:15:08,417] {processor.py:153} INFO - Started process (PID=53411) to work on /home/airflow/.local/lib/python3.7/site-packages/airflow/example_dags/example_sla_dag.py
[2023-04-09 19:15:08,421] {processor.py:641} INFO - Processing file /home/airflow/.local/lib/python3.7/site-packages/airflow/example_dags/example_sla_dag.py for tasks to queue
[2023-04-09 19:15:08,422] {logging_mixin.py:115} INFO - [2023-04-09 19:15:08,422] {dagbag.py:507} INFO - Filling up the DagBag from /home/airflow/.local/lib/python3.7/site-packages/airflow/example_dags/example_sla_dag.py
[2023-04-09 19:15:08,445] {processor.py:651} INFO - DAG(s) dict_keys(['example_sla_dag']) retrieved from /home/airflow/.local/lib/python3.7/site-packages/airflow/example_dags/example_sla_dag.py
[2023-04-09 19:15:08,484] {logging_mixin.py:115} INFO - [2023-04-09 19:15:08,484] {dag.py:2371} INFO - Sync 1 DAGs
[2023-04-09 19:15:08,536] {logging_mixin.py:115} INFO - [2023-04-09 19:15:08,536] {dag.py:2919} INFO - Setting next_dagrun for example_sla_dag to 2023-04-09T19:12:00+00:00, run_after=2023-04-09T19:14:00+00:00
[2023-04-09 19:15:08,581] {processor.py:161} INFO - Processing /home/airflow/.local/lib/python3.7/site-packages/airflow/example_dags/example_sla_dag.py took 0.167 seconds
[2023-04-09 19:35:32,543] {processor.py:153} INFO - Started process (PID=53474) to work on /home/airflow/.local/lib/python3.7/site-packages/airflow/example_dags/example_sla_dag.py
[2023-04-09 19:35:32,546] {processor.py:641} INFO - Processing file /home/airflow/.local/lib/python3.7/site-packages/airflow/example_dags/example_sla_dag.py for tasks to queue
[2023-04-09 19:35:32,547] {logging_mixin.py:115} INFO - [2023-04-09 19:35:32,547] {dagbag.py:507} INFO - Filling up the DagBag from /home/airflow/.local/lib/python3.7/site-packages/airflow/example_dags/example_sla_dag.py
[2023-04-09 19:35:32,566] {processor.py:651} INFO - DAG(s) dict_keys(['example_sla_dag']) retrieved from /home/airflow/.local/lib/python3.7/site-packages/airflow/example_dags/example_sla_dag.py
[2023-04-09 19:35:32,590] {logging_mixin.py:115} INFO - [2023-04-09 19:35:32,590] {dag.py:2371} INFO - Sync 1 DAGs
[2023-04-09 19:35:32,612] {logging_mixin.py:115} INFO - [2023-04-09 19:35:32,612] {dag.py:2919} INFO - Setting next_dagrun for example_sla_dag to 2023-04-09T19:32:00+00:00, run_after=2023-04-09T19:34:00+00:00
[2023-04-09 19:35:32,618] {processor.py:161} INFO - Processing /home/airflow/.local/lib/python3.7/site-packages/airflow/example_dags/example_sla_dag.py took 0.079 seconds
[2023-04-09 19:51:59,298] {processor.py:153} INFO - Started process (PID=53536) to work on /home/airflow/.local/lib/python3.7/site-packages/airflow/example_dags/example_sla_dag.py
[2023-04-09 19:51:59,302] {processor.py:641} INFO - Processing file /home/airflow/.local/lib/python3.7/site-packages/airflow/example_dags/example_sla_dag.py for tasks to queue
[2023-04-09 19:51:59,305] {logging_mixin.py:115} INFO - [2023-04-09 19:51:59,305] {dagbag.py:507} INFO - Filling up the DagBag from /home/airflow/.local/lib/python3.7/site-packages/airflow/example_dags/example_sla_dag.py
[2023-04-09 19:51:59,322] {processor.py:651} INFO - DAG(s) dict_keys(['example_sla_dag']) retrieved from /home/airflow/.local/lib/python3.7/site-packages/airflow/example_dags/example_sla_dag.py
[2023-04-09 19:51:59,357] {logging_mixin.py:115} INFO - [2023-04-09 19:51:59,357] {dag.py:2371} INFO - Sync 1 DAGs
[2023-04-09 19:51:59,391] {logging_mixin.py:115} INFO - [2023-04-09 19:51:59,391] {dag.py:2919} INFO - Setting next_dagrun for example_sla_dag to 2023-04-09T19:48:00+00:00, run_after=2023-04-09T19:50:00+00:00
[2023-04-09 19:51:59,405] {processor.py:161} INFO - Processing /home/airflow/.local/lib/python3.7/site-packages/airflow/example_dags/example_sla_dag.py took 0.110 seconds
[2023-04-09 20:39:29,527] {processor.py:153} INFO - Started process (PID=53597) to work on /home/airflow/.local/lib/python3.7/site-packages/airflow/example_dags/example_sla_dag.py
[2023-04-09 20:39:29,528] {processor.py:641} INFO - Processing file /home/airflow/.local/lib/python3.7/site-packages/airflow/example_dags/example_sla_dag.py for tasks to queue
[2023-04-09 20:39:29,528] {logging_mixin.py:115} INFO - [2023-04-09 20:39:29,528] {dagbag.py:507} INFO - Filling up the DagBag from /home/airflow/.local/lib/python3.7/site-packages/airflow/example_dags/example_sla_dag.py
[2023-04-09 20:39:29,538] {processor.py:651} INFO - DAG(s) dict_keys(['example_sla_dag']) retrieved from /home/airflow/.local/lib/python3.7/site-packages/airflow/example_dags/example_sla_dag.py
[2023-04-09 20:39:29,555] {logging_mixin.py:115} INFO - [2023-04-09 20:39:29,555] {dag.py:2371} INFO - Sync 1 DAGs
[2023-04-09 20:39:29,568] {logging_mixin.py:115} INFO - [2023-04-09 20:39:29,568] {dag.py:2919} INFO - Setting next_dagrun for example_sla_dag to 2023-04-09T20:36:00+00:00, run_after=2023-04-09T20:38:00+00:00
[2023-04-09 20:39:29,573] {processor.py:161} INFO - Processing /home/airflow/.local/lib/python3.7/site-packages/airflow/example_dags/example_sla_dag.py took 0.049 seconds
[2023-04-09 20:40:00,624] {processor.py:153} INFO - Started process (PID=53657) to work on /home/airflow/.local/lib/python3.7/site-packages/airflow/example_dags/example_sla_dag.py
[2023-04-09 20:40:00,625] {processor.py:641} INFO - Processing file /home/airflow/.local/lib/python3.7/site-packages/airflow/example_dags/example_sla_dag.py for tasks to queue
[2023-04-09 20:40:00,626] {logging_mixin.py:115} INFO - [2023-04-09 20:40:00,626] {dagbag.py:507} INFO - Filling up the DagBag from /home/airflow/.local/lib/python3.7/site-packages/airflow/example_dags/example_sla_dag.py
[2023-04-09 20:40:00,639] {processor.py:651} INFO - DAG(s) dict_keys(['example_sla_dag']) retrieved from /home/airflow/.local/lib/python3.7/site-packages/airflow/example_dags/example_sla_dag.py
[2023-04-09 20:40:00,662] {logging_mixin.py:115} INFO - [2023-04-09 20:40:00,662] {dag.py:2371} INFO - Sync 1 DAGs
[2023-04-09 20:40:00,674] {logging_mixin.py:115} INFO - [2023-04-09 20:40:00,674] {dag.py:2919} INFO - Setting next_dagrun for example_sla_dag to 2023-04-09T20:38:00+00:00, run_after=2023-04-09T20:40:00+00:00
[2023-04-09 20:40:00,679] {processor.py:161} INFO - Processing /home/airflow/.local/lib/python3.7/site-packages/airflow/example_dags/example_sla_dag.py took 0.059 seconds
[2023-04-09 21:48:50,463] {processor.py:153} INFO - Started process (PID=53711) to work on /home/airflow/.local/lib/python3.7/site-packages/airflow/example_dags/example_sla_dag.py
[2023-04-09 21:48:50,464] {processor.py:641} INFO - Processing file /home/airflow/.local/lib/python3.7/site-packages/airflow/example_dags/example_sla_dag.py for tasks to queue
[2023-04-09 21:48:50,465] {logging_mixin.py:115} INFO - [2023-04-09 21:48:50,465] {dagbag.py:507} INFO - Filling up the DagBag from /home/airflow/.local/lib/python3.7/site-packages/airflow/example_dags/example_sla_dag.py
[2023-04-09 21:48:50,474] {processor.py:651} INFO - DAG(s) dict_keys(['example_sla_dag']) retrieved from /home/airflow/.local/lib/python3.7/site-packages/airflow/example_dags/example_sla_dag.py
[2023-04-09 21:48:50,493] {logging_mixin.py:115} INFO - [2023-04-09 21:48:50,493] {dag.py:2371} INFO - Sync 1 DAGs
[2023-04-09 21:48:50,506] {logging_mixin.py:115} INFO - [2023-04-09 21:48:50,505] {dag.py:2919} INFO - Setting next_dagrun for example_sla_dag to 2023-04-09T21:46:00+00:00, run_after=2023-04-09T21:48:00+00:00
[2023-04-09 21:48:50,511] {processor.py:161} INFO - Processing /home/airflow/.local/lib/python3.7/site-packages/airflow/example_dags/example_sla_dag.py took 0.049 seconds
[2023-04-09 22:37:30,716] {processor.py:153} INFO - Started process (PID=53773) to work on /home/airflow/.local/lib/python3.7/site-packages/airflow/example_dags/example_sla_dag.py
[2023-04-09 22:37:30,721] {processor.py:641} INFO - Processing file /home/airflow/.local/lib/python3.7/site-packages/airflow/example_dags/example_sla_dag.py for tasks to queue
[2023-04-09 22:37:30,721] {logging_mixin.py:115} INFO - [2023-04-09 22:37:30,721] {dagbag.py:507} INFO - Filling up the DagBag from /home/airflow/.local/lib/python3.7/site-packages/airflow/example_dags/example_sla_dag.py
[2023-04-09 22:37:30,767] {processor.py:651} INFO - DAG(s) dict_keys(['example_sla_dag']) retrieved from /home/airflow/.local/lib/python3.7/site-packages/airflow/example_dags/example_sla_dag.py
[2023-04-09 22:37:30,822] {logging_mixin.py:115} INFO - [2023-04-09 22:37:30,822] {dag.py:2371} INFO - Sync 1 DAGs
[2023-04-09 22:37:30,872] {logging_mixin.py:115} INFO - [2023-04-09 22:37:30,872] {dag.py:2919} INFO - Setting next_dagrun for example_sla_dag to 2023-04-09T22:34:00+00:00, run_after=2023-04-09T22:36:00+00:00
[2023-04-09 22:37:30,884] {processor.py:161} INFO - Processing /home/airflow/.local/lib/python3.7/site-packages/airflow/example_dags/example_sla_dag.py took 0.172 seconds
[2023-04-09 23:42:56,909] {processor.py:153} INFO - Started process (PID=53835) to work on /home/airflow/.local/lib/python3.7/site-packages/airflow/example_dags/example_sla_dag.py
[2023-04-09 23:42:56,912] {processor.py:641} INFO - Processing file /home/airflow/.local/lib/python3.7/site-packages/airflow/example_dags/example_sla_dag.py for tasks to queue
[2023-04-09 23:42:56,916] {logging_mixin.py:115} INFO - [2023-04-09 23:42:56,916] {dagbag.py:507} INFO - Filling up the DagBag from /home/airflow/.local/lib/python3.7/site-packages/airflow/example_dags/example_sla_dag.py
[2023-04-09 23:42:56,946] {processor.py:651} INFO - DAG(s) dict_keys(['example_sla_dag']) retrieved from /home/airflow/.local/lib/python3.7/site-packages/airflow/example_dags/example_sla_dag.py
[2023-04-09 23:42:57,000] {logging_mixin.py:115} INFO - [2023-04-09 23:42:57,000] {dag.py:2371} INFO - Sync 1 DAGs
[2023-04-09 23:42:57,028] {logging_mixin.py:115} INFO - [2023-04-09 23:42:57,028] {dag.py:2919} INFO - Setting next_dagrun for example_sla_dag to 2023-04-09T23:40:00+00:00, run_after=2023-04-09T23:42:00+00:00
[2023-04-09 23:42:57,039] {processor.py:161} INFO - Processing /home/airflow/.local/lib/python3.7/site-packages/airflow/example_dags/example_sla_dag.py took 0.134 seconds
