[2023-04-09 00:07:32,131] {processor.py:153} INFO - Started process (PID=52220) to work on /home/airflow/.local/lib/python3.7/site-packages/airflow/example_dags/example_subdag_operator.py
[2023-04-09 00:07:32,132] {processor.py:641} INFO - Processing file /home/airflow/.local/lib/python3.7/site-packages/airflow/example_dags/example_subdag_operator.py for tasks to queue
[2023-04-09 00:07:32,132] {logging_mixin.py:115} INFO - [2023-04-09 00:07:32,132] {dagbag.py:507} INFO - Filling up the DagBag from /home/airflow/.local/lib/python3.7/site-packages/airflow/example_dags/example_subdag_operator.py
[2023-04-09 00:07:32,154] {processor.py:651} INFO - DAG(s) dict_keys(['example_subdag_operator.section-1', 'example_subdag_operator.section-2', 'example_subdag_operator']) retrieved from /home/airflow/.local/lib/python3.7/site-packages/airflow/example_dags/example_subdag_operator.py
[2023-04-09 00:07:32,260] {logging_mixin.py:115} INFO - [2023-04-09 00:07:32,260] {dag.py:2371} INFO - Sync 3 DAGs
[2023-04-09 00:07:32,275] {logging_mixin.py:115} INFO - [2023-04-09 00:07:32,275] {dag.py:2919} INFO - Setting next_dagrun for example_subdag_operator to 2023-04-07T00:00:00+00:00, run_after=2023-04-07T00:00:00+00:00
[2023-04-09 00:07:32,276] {logging_mixin.py:115} INFO - [2023-04-09 00:07:32,276] {dag.py:2919} INFO - Setting next_dagrun for example_subdag_operator.section-1 to None, run_after=None
[2023-04-09 00:07:32,276] {logging_mixin.py:115} INFO - [2023-04-09 00:07:32,276] {dag.py:2919} INFO - Setting next_dagrun for example_subdag_operator.section-2 to None, run_after=None
[2023-04-09 00:07:32,282] {logging_mixin.py:115} INFO - [2023-04-09 00:07:32,282] {dag.py:2371} INFO - Sync 2 DAGs
[2023-04-09 00:07:32,285] {logging_mixin.py:115} INFO - [2023-04-09 00:07:32,285] {dag.py:2919} INFO - Setting next_dagrun for example_subdag_operator.section-1 to None, run_after=None
[2023-04-09 00:07:32,286] {logging_mixin.py:115} INFO - [2023-04-09 00:07:32,285] {dag.py:2919} INFO - Setting next_dagrun for example_subdag_operator.section-2 to None, run_after=None
[2023-04-09 00:07:32,289] {processor.py:161} INFO - Processing /home/airflow/.local/lib/python3.7/site-packages/airflow/example_dags/example_subdag_operator.py took 0.161 seconds
[2023-04-09 00:08:02,962] {processor.py:153} INFO - Started process (PID=52274) to work on /home/airflow/.local/lib/python3.7/site-packages/airflow/example_dags/example_subdag_operator.py
[2023-04-09 00:08:02,963] {processor.py:641} INFO - Processing file /home/airflow/.local/lib/python3.7/site-packages/airflow/example_dags/example_subdag_operator.py for tasks to queue
[2023-04-09 00:08:02,964] {logging_mixin.py:115} INFO - [2023-04-09 00:08:02,964] {dagbag.py:507} INFO - Filling up the DagBag from /home/airflow/.local/lib/python3.7/site-packages/airflow/example_dags/example_subdag_operator.py
[2023-04-09 00:08:02,982] {processor.py:651} INFO - DAG(s) dict_keys(['example_subdag_operator.section-1', 'example_subdag_operator.section-2', 'example_subdag_operator']) retrieved from /home/airflow/.local/lib/python3.7/site-packages/airflow/example_dags/example_subdag_operator.py
[2023-04-09 00:08:02,998] {logging_mixin.py:115} INFO - [2023-04-09 00:08:02,998] {dag.py:2371} INFO - Sync 3 DAGs
[2023-04-09 00:08:03,008] {logging_mixin.py:115} INFO - [2023-04-09 00:08:03,008] {dag.py:2919} INFO - Setting next_dagrun for example_subdag_operator to 2023-04-07T00:00:00+00:00, run_after=2023-04-07T00:00:00+00:00
[2023-04-09 00:08:03,009] {logging_mixin.py:115} INFO - [2023-04-09 00:08:03,009] {dag.py:2919} INFO - Setting next_dagrun for example_subdag_operator.section-1 to None, run_after=None
[2023-04-09 00:08:03,009] {logging_mixin.py:115} INFO - [2023-04-09 00:08:03,009] {dag.py:2919} INFO - Setting next_dagrun for example_subdag_operator.section-2 to None, run_after=None
[2023-04-09 00:08:03,013] {logging_mixin.py:115} INFO - [2023-04-09 00:08:03,013] {dag.py:2371} INFO - Sync 2 DAGs
[2023-04-09 00:08:03,015] {logging_mixin.py:115} INFO - [2023-04-09 00:08:03,015] {dag.py:2919} INFO - Setting next_dagrun for example_subdag_operator.section-1 to None, run_after=None
[2023-04-09 00:08:03,015] {logging_mixin.py:115} INFO - [2023-04-09 00:08:03,015] {dag.py:2919} INFO - Setting next_dagrun for example_subdag_operator.section-2 to None, run_after=None
[2023-04-09 00:08:03,019] {processor.py:161} INFO - Processing /home/airflow/.local/lib/python3.7/site-packages/airflow/example_dags/example_subdag_operator.py took 0.058 seconds
[2023-04-09 01:15:19,505] {processor.py:153} INFO - Started process (PID=52336) to work on /home/airflow/.local/lib/python3.7/site-packages/airflow/example_dags/example_subdag_operator.py
[2023-04-09 01:15:19,506] {processor.py:641} INFO - Processing file /home/airflow/.local/lib/python3.7/site-packages/airflow/example_dags/example_subdag_operator.py for tasks to queue
[2023-04-09 01:15:19,506] {logging_mixin.py:115} INFO - [2023-04-09 01:15:19,506] {dagbag.py:507} INFO - Filling up the DagBag from /home/airflow/.local/lib/python3.7/site-packages/airflow/example_dags/example_subdag_operator.py
[2023-04-09 01:15:19,522] {processor.py:651} INFO - DAG(s) dict_keys(['example_subdag_operator.section-1', 'example_subdag_operator.section-2', 'example_subdag_operator']) retrieved from /home/airflow/.local/lib/python3.7/site-packages/airflow/example_dags/example_subdag_operator.py
[2023-04-09 01:15:19,540] {logging_mixin.py:115} INFO - [2023-04-09 01:15:19,540] {dag.py:2371} INFO - Sync 3 DAGs
[2023-04-09 01:15:19,551] {logging_mixin.py:115} INFO - [2023-04-09 01:15:19,551] {dag.py:2919} INFO - Setting next_dagrun for example_subdag_operator to 2023-04-07T00:00:00+00:00, run_after=2023-04-07T00:00:00+00:00
[2023-04-09 01:15:19,552] {logging_mixin.py:115} INFO - [2023-04-09 01:15:19,552] {dag.py:2919} INFO - Setting next_dagrun for example_subdag_operator.section-1 to None, run_after=None
[2023-04-09 01:15:19,552] {logging_mixin.py:115} INFO - [2023-04-09 01:15:19,552] {dag.py:2919} INFO - Setting next_dagrun for example_subdag_operator.section-2 to None, run_after=None
[2023-04-09 01:15:19,555] {logging_mixin.py:115} INFO - [2023-04-09 01:15:19,555] {dag.py:2371} INFO - Sync 2 DAGs
[2023-04-09 01:15:19,558] {logging_mixin.py:115} INFO - [2023-04-09 01:15:19,558] {dag.py:2919} INFO - Setting next_dagrun for example_subdag_operator.section-1 to None, run_after=None
[2023-04-09 01:15:19,558] {logging_mixin.py:115} INFO - [2023-04-09 01:15:19,558] {dag.py:2919} INFO - Setting next_dagrun for example_subdag_operator.section-2 to None, run_after=None
[2023-04-09 01:15:19,562] {processor.py:161} INFO - Processing /home/airflow/.local/lib/python3.7/site-packages/airflow/example_dags/example_subdag_operator.py took 0.059 seconds
[2023-04-09 02:21:41,267] {processor.py:153} INFO - Started process (PID=52397) to work on /home/airflow/.local/lib/python3.7/site-packages/airflow/example_dags/example_subdag_operator.py
[2023-04-09 02:21:41,268] {processor.py:641} INFO - Processing file /home/airflow/.local/lib/python3.7/site-packages/airflow/example_dags/example_subdag_operator.py for tasks to queue
[2023-04-09 02:21:41,269] {logging_mixin.py:115} INFO - [2023-04-09 02:21:41,269] {dagbag.py:507} INFO - Filling up the DagBag from /home/airflow/.local/lib/python3.7/site-packages/airflow/example_dags/example_subdag_operator.py
[2023-04-09 02:21:41,291] {processor.py:651} INFO - DAG(s) dict_keys(['example_subdag_operator.section-1', 'example_subdag_operator.section-2', 'example_subdag_operator']) retrieved from /home/airflow/.local/lib/python3.7/site-packages/airflow/example_dags/example_subdag_operator.py
[2023-04-09 02:21:41,321] {logging_mixin.py:115} INFO - [2023-04-09 02:21:41,321] {dag.py:2371} INFO - Sync 3 DAGs
[2023-04-09 02:21:41,339] {logging_mixin.py:115} INFO - [2023-04-09 02:21:41,339] {dag.py:2919} INFO - Setting next_dagrun for example_subdag_operator to 2023-04-07T00:00:00+00:00, run_after=2023-04-07T00:00:00+00:00
[2023-04-09 02:21:41,340] {logging_mixin.py:115} INFO - [2023-04-09 02:21:41,340] {dag.py:2919} INFO - Setting next_dagrun for example_subdag_operator.section-1 to None, run_after=None
[2023-04-09 02:21:41,341] {logging_mixin.py:115} INFO - [2023-04-09 02:21:41,341] {dag.py:2919} INFO - Setting next_dagrun for example_subdag_operator.section-2 to None, run_after=None
[2023-04-09 02:21:41,347] {logging_mixin.py:115} INFO - [2023-04-09 02:21:41,347] {dag.py:2371} INFO - Sync 2 DAGs
[2023-04-09 02:21:41,350] {logging_mixin.py:115} INFO - [2023-04-09 02:21:41,350] {dag.py:2919} INFO - Setting next_dagrun for example_subdag_operator.section-1 to None, run_after=None
[2023-04-09 02:21:41,351] {logging_mixin.py:115} INFO - [2023-04-09 02:21:41,351] {dag.py:2919} INFO - Setting next_dagrun for example_subdag_operator.section-2 to None, run_after=None
[2023-04-09 02:21:41,355] {processor.py:161} INFO - Processing /home/airflow/.local/lib/python3.7/site-packages/airflow/example_dags/example_subdag_operator.py took 0.092 seconds
[2023-04-09 03:46:30,299] {processor.py:153} INFO - Started process (PID=52459) to work on /home/airflow/.local/lib/python3.7/site-packages/airflow/example_dags/example_subdag_operator.py
[2023-04-09 03:46:30,300] {processor.py:641} INFO - Processing file /home/airflow/.local/lib/python3.7/site-packages/airflow/example_dags/example_subdag_operator.py for tasks to queue
[2023-04-09 03:46:30,301] {logging_mixin.py:115} INFO - [2023-04-09 03:46:30,301] {dagbag.py:507} INFO - Filling up the DagBag from /home/airflow/.local/lib/python3.7/site-packages/airflow/example_dags/example_subdag_operator.py
[2023-04-09 03:46:30,333] {processor.py:651} INFO - DAG(s) dict_keys(['example_subdag_operator.section-1', 'example_subdag_operator.section-2', 'example_subdag_operator']) retrieved from /home/airflow/.local/lib/python3.7/site-packages/airflow/example_dags/example_subdag_operator.py
[2023-04-09 03:46:30,376] {logging_mixin.py:115} INFO - [2023-04-09 03:46:30,376] {dag.py:2371} INFO - Sync 3 DAGs
[2023-04-09 03:46:30,399] {logging_mixin.py:115} INFO - [2023-04-09 03:46:30,399] {dag.py:2919} INFO - Setting next_dagrun for example_subdag_operator to 2023-04-07T00:00:00+00:00, run_after=2023-04-07T00:00:00+00:00
[2023-04-09 03:46:30,400] {logging_mixin.py:115} INFO - [2023-04-09 03:46:30,400] {dag.py:2919} INFO - Setting next_dagrun for example_subdag_operator.section-1 to None, run_after=None
[2023-04-09 03:46:30,400] {logging_mixin.py:115} INFO - [2023-04-09 03:46:30,400] {dag.py:2919} INFO - Setting next_dagrun for example_subdag_operator.section-2 to None, run_after=None
[2023-04-09 03:46:30,407] {logging_mixin.py:115} INFO - [2023-04-09 03:46:30,407] {dag.py:2371} INFO - Sync 2 DAGs
[2023-04-09 03:46:30,410] {logging_mixin.py:115} INFO - [2023-04-09 03:46:30,410] {dag.py:2919} INFO - Setting next_dagrun for example_subdag_operator.section-1 to None, run_after=None
[2023-04-09 03:46:30,410] {logging_mixin.py:115} INFO - [2023-04-09 03:46:30,410] {dag.py:2919} INFO - Setting next_dagrun for example_subdag_operator.section-2 to None, run_after=None
[2023-04-09 03:46:30,414] {processor.py:161} INFO - Processing /home/airflow/.local/lib/python3.7/site-packages/airflow/example_dags/example_subdag_operator.py took 0.118 seconds
[2023-04-09 04:13:35,724] {processor.py:153} INFO - Started process (PID=52521) to work on /home/airflow/.local/lib/python3.7/site-packages/airflow/example_dags/example_subdag_operator.py
[2023-04-09 04:13:35,725] {processor.py:641} INFO - Processing file /home/airflow/.local/lib/python3.7/site-packages/airflow/example_dags/example_subdag_operator.py for tasks to queue
[2023-04-09 04:13:35,726] {logging_mixin.py:115} INFO - [2023-04-09 04:13:35,726] {dagbag.py:507} INFO - Filling up the DagBag from /home/airflow/.local/lib/python3.7/site-packages/airflow/example_dags/example_subdag_operator.py
[2023-04-09 04:13:35,764] {processor.py:651} INFO - DAG(s) dict_keys(['example_subdag_operator.section-1', 'example_subdag_operator.section-2', 'example_subdag_operator']) retrieved from /home/airflow/.local/lib/python3.7/site-packages/airflow/example_dags/example_subdag_operator.py
[2023-04-09 04:13:35,812] {logging_mixin.py:115} INFO - [2023-04-09 04:13:35,812] {dag.py:2371} INFO - Sync 3 DAGs
[2023-04-09 04:13:35,838] {logging_mixin.py:115} INFO - [2023-04-09 04:13:35,838] {dag.py:2919} INFO - Setting next_dagrun for example_subdag_operator to 2023-04-07T00:00:00+00:00, run_after=2023-04-07T00:00:00+00:00
[2023-04-09 04:13:35,839] {logging_mixin.py:115} INFO - [2023-04-09 04:13:35,839] {dag.py:2919} INFO - Setting next_dagrun for example_subdag_operator.section-1 to None, run_after=None
[2023-04-09 04:13:35,839] {logging_mixin.py:115} INFO - [2023-04-09 04:13:35,839] {dag.py:2919} INFO - Setting next_dagrun for example_subdag_operator.section-2 to None, run_after=None
[2023-04-09 04:13:35,847] {logging_mixin.py:115} INFO - [2023-04-09 04:13:35,847] {dag.py:2371} INFO - Sync 2 DAGs
[2023-04-09 04:13:35,853] {logging_mixin.py:115} INFO - [2023-04-09 04:13:35,853] {dag.py:2919} INFO - Setting next_dagrun for example_subdag_operator.section-1 to None, run_after=None
[2023-04-09 04:13:35,853] {logging_mixin.py:115} INFO - [2023-04-09 04:13:35,853] {dag.py:2919} INFO - Setting next_dagrun for example_subdag_operator.section-2 to None, run_after=None
[2023-04-09 04:13:35,857] {processor.py:161} INFO - Processing /home/airflow/.local/lib/python3.7/site-packages/airflow/example_dags/example_subdag_operator.py took 0.135 seconds
[2023-04-09 04:30:53,532] {processor.py:153} INFO - Started process (PID=52574) to work on /home/airflow/.local/lib/python3.7/site-packages/airflow/example_dags/example_subdag_operator.py
[2023-04-09 04:30:53,533] {processor.py:641} INFO - Processing file /home/airflow/.local/lib/python3.7/site-packages/airflow/example_dags/example_subdag_operator.py for tasks to queue
[2023-04-09 04:30:53,534] {logging_mixin.py:115} INFO - [2023-04-09 04:30:53,534] {dagbag.py:507} INFO - Filling up the DagBag from /home/airflow/.local/lib/python3.7/site-packages/airflow/example_dags/example_subdag_operator.py
[2023-04-09 04:30:53,565] {processor.py:651} INFO - DAG(s) dict_keys(['example_subdag_operator.section-1', 'example_subdag_operator.section-2', 'example_subdag_operator']) retrieved from /home/airflow/.local/lib/python3.7/site-packages/airflow/example_dags/example_subdag_operator.py
[2023-04-09 04:30:53,593] {logging_mixin.py:115} INFO - [2023-04-09 04:30:53,593] {dag.py:2371} INFO - Sync 3 DAGs
[2023-04-09 04:30:53,614] {logging_mixin.py:115} INFO - [2023-04-09 04:30:53,614] {dag.py:2919} INFO - Setting next_dagrun for example_subdag_operator to 2023-04-07T00:00:00+00:00, run_after=2023-04-07T00:00:00+00:00
[2023-04-09 04:30:53,615] {logging_mixin.py:115} INFO - [2023-04-09 04:30:53,615] {dag.py:2919} INFO - Setting next_dagrun for example_subdag_operator.section-1 to None, run_after=None
[2023-04-09 04:30:53,615] {logging_mixin.py:115} INFO - [2023-04-09 04:30:53,615] {dag.py:2919} INFO - Setting next_dagrun for example_subdag_operator.section-2 to None, run_after=None
[2023-04-09 04:30:53,622] {logging_mixin.py:115} INFO - [2023-04-09 04:30:53,622] {dag.py:2371} INFO - Sync 2 DAGs
[2023-04-09 04:30:53,628] {logging_mixin.py:115} INFO - [2023-04-09 04:30:53,628] {dag.py:2919} INFO - Setting next_dagrun for example_subdag_operator.section-1 to None, run_after=None
[2023-04-09 04:30:53,628] {logging_mixin.py:115} INFO - [2023-04-09 04:30:53,628] {dag.py:2919} INFO - Setting next_dagrun for example_subdag_operator.section-2 to None, run_after=None
[2023-04-09 04:30:53,633] {processor.py:161} INFO - Processing /home/airflow/.local/lib/python3.7/site-packages/airflow/example_dags/example_subdag_operator.py took 0.106 seconds
[2023-04-09 05:36:25,810] {processor.py:153} INFO - Started process (PID=52636) to work on /home/airflow/.local/lib/python3.7/site-packages/airflow/example_dags/example_subdag_operator.py
[2023-04-09 05:36:25,811] {processor.py:641} INFO - Processing file /home/airflow/.local/lib/python3.7/site-packages/airflow/example_dags/example_subdag_operator.py for tasks to queue
[2023-04-09 05:36:25,811] {logging_mixin.py:115} INFO - [2023-04-09 05:36:25,811] {dagbag.py:507} INFO - Filling up the DagBag from /home/airflow/.local/lib/python3.7/site-packages/airflow/example_dags/example_subdag_operator.py
[2023-04-09 05:36:25,829] {processor.py:651} INFO - DAG(s) dict_keys(['example_subdag_operator.section-1', 'example_subdag_operator.section-2', 'example_subdag_operator']) retrieved from /home/airflow/.local/lib/python3.7/site-packages/airflow/example_dags/example_subdag_operator.py
[2023-04-09 05:36:25,846] {logging_mixin.py:115} INFO - [2023-04-09 05:36:25,846] {dag.py:2371} INFO - Sync 3 DAGs
[2023-04-09 05:36:25,856] {logging_mixin.py:115} INFO - [2023-04-09 05:36:25,856] {dag.py:2919} INFO - Setting next_dagrun for example_subdag_operator to 2023-04-07T00:00:00+00:00, run_after=2023-04-07T00:00:00+00:00
[2023-04-09 05:36:25,857] {logging_mixin.py:115} INFO - [2023-04-09 05:36:25,857] {dag.py:2919} INFO - Setting next_dagrun for example_subdag_operator.section-1 to None, run_after=None
[2023-04-09 05:36:25,857] {logging_mixin.py:115} INFO - [2023-04-09 05:36:25,857] {dag.py:2919} INFO - Setting next_dagrun for example_subdag_operator.section-2 to None, run_after=None
[2023-04-09 05:36:25,860] {logging_mixin.py:115} INFO - [2023-04-09 05:36:25,860] {dag.py:2371} INFO - Sync 2 DAGs
[2023-04-09 05:36:25,863] {logging_mixin.py:115} INFO - [2023-04-09 05:36:25,863] {dag.py:2919} INFO - Setting next_dagrun for example_subdag_operator.section-1 to None, run_after=None
[2023-04-09 05:36:25,863] {logging_mixin.py:115} INFO - [2023-04-09 05:36:25,863] {dag.py:2919} INFO - Setting next_dagrun for example_subdag_operator.section-2 to None, run_after=None
[2023-04-09 05:36:25,866] {processor.py:161} INFO - Processing /home/airflow/.local/lib/python3.7/site-packages/airflow/example_dags/example_subdag_operator.py took 0.059 seconds
[2023-04-09 06:43:09,282] {processor.py:153} INFO - Started process (PID=52698) to work on /home/airflow/.local/lib/python3.7/site-packages/airflow/example_dags/example_subdag_operator.py
[2023-04-09 06:43:09,284] {processor.py:641} INFO - Processing file /home/airflow/.local/lib/python3.7/site-packages/airflow/example_dags/example_subdag_operator.py for tasks to queue
[2023-04-09 06:43:09,285] {logging_mixin.py:115} INFO - [2023-04-09 06:43:09,285] {dagbag.py:507} INFO - Filling up the DagBag from /home/airflow/.local/lib/python3.7/site-packages/airflow/example_dags/example_subdag_operator.py
[2023-04-09 06:43:09,320] {processor.py:651} INFO - DAG(s) dict_keys(['example_subdag_operator.section-1', 'example_subdag_operator.section-2', 'example_subdag_operator']) retrieved from /home/airflow/.local/lib/python3.7/site-packages/airflow/example_dags/example_subdag_operator.py
[2023-04-09 06:43:09,353] {logging_mixin.py:115} INFO - [2023-04-09 06:43:09,353] {dag.py:2371} INFO - Sync 3 DAGs
[2023-04-09 06:43:09,378] {logging_mixin.py:115} INFO - [2023-04-09 06:43:09,378] {dag.py:2919} INFO - Setting next_dagrun for example_subdag_operator to 2023-04-07T00:00:00+00:00, run_after=2023-04-07T00:00:00+00:00
[2023-04-09 06:43:09,378] {logging_mixin.py:115} INFO - [2023-04-09 06:43:09,378] {dag.py:2919} INFO - Setting next_dagrun for example_subdag_operator.section-1 to None, run_after=None
[2023-04-09 06:43:09,379] {logging_mixin.py:115} INFO - [2023-04-09 06:43:09,379] {dag.py:2919} INFO - Setting next_dagrun for example_subdag_operator.section-2 to None, run_after=None
[2023-04-09 06:43:09,387] {logging_mixin.py:115} INFO - [2023-04-09 06:43:09,387] {dag.py:2371} INFO - Sync 2 DAGs
[2023-04-09 06:43:09,393] {logging_mixin.py:115} INFO - [2023-04-09 06:43:09,393] {dag.py:2919} INFO - Setting next_dagrun for example_subdag_operator.section-1 to None, run_after=None
[2023-04-09 06:43:09,394] {logging_mixin.py:115} INFO - [2023-04-09 06:43:09,394] {dag.py:2919} INFO - Setting next_dagrun for example_subdag_operator.section-2 to None, run_after=None
[2023-04-09 06:43:09,415] {processor.py:161} INFO - Processing /home/airflow/.local/lib/python3.7/site-packages/airflow/example_dags/example_subdag_operator.py took 0.137 seconds
[2023-04-09 07:48:22,681] {processor.py:153} INFO - Started process (PID=52759) to work on /home/airflow/.local/lib/python3.7/site-packages/airflow/example_dags/example_subdag_operator.py
[2023-04-09 07:48:22,682] {processor.py:641} INFO - Processing file /home/airflow/.local/lib/python3.7/site-packages/airflow/example_dags/example_subdag_operator.py for tasks to queue
[2023-04-09 07:48:22,683] {logging_mixin.py:115} INFO - [2023-04-09 07:48:22,683] {dagbag.py:507} INFO - Filling up the DagBag from /home/airflow/.local/lib/python3.7/site-packages/airflow/example_dags/example_subdag_operator.py
[2023-04-09 07:48:22,710] {processor.py:651} INFO - DAG(s) dict_keys(['example_subdag_operator.section-1', 'example_subdag_operator.section-2', 'example_subdag_operator']) retrieved from /home/airflow/.local/lib/python3.7/site-packages/airflow/example_dags/example_subdag_operator.py
[2023-04-09 07:48:22,771] {logging_mixin.py:115} INFO - [2023-04-09 07:48:22,771] {dag.py:2371} INFO - Sync 3 DAGs
[2023-04-09 07:48:22,806] {logging_mixin.py:115} INFO - [2023-04-09 07:48:22,805] {dag.py:2919} INFO - Setting next_dagrun for example_subdag_operator to 2023-04-07T00:00:00+00:00, run_after=2023-04-07T00:00:00+00:00
[2023-04-09 07:48:22,806] {logging_mixin.py:115} INFO - [2023-04-09 07:48:22,806] {dag.py:2919} INFO - Setting next_dagrun for example_subdag_operator.section-1 to None, run_after=None
[2023-04-09 07:48:22,807] {logging_mixin.py:115} INFO - [2023-04-09 07:48:22,807] {dag.py:2919} INFO - Setting next_dagrun for example_subdag_operator.section-2 to None, run_after=None
[2023-04-09 07:48:22,813] {logging_mixin.py:115} INFO - [2023-04-09 07:48:22,813] {dag.py:2371} INFO - Sync 2 DAGs
[2023-04-09 07:48:22,816] {logging_mixin.py:115} INFO - [2023-04-09 07:48:22,816] {dag.py:2919} INFO - Setting next_dagrun for example_subdag_operator.section-1 to None, run_after=None
[2023-04-09 07:48:22,817] {logging_mixin.py:115} INFO - [2023-04-09 07:48:22,817] {dag.py:2919} INFO - Setting next_dagrun for example_subdag_operator.section-2 to None, run_after=None
[2023-04-09 07:48:22,821] {processor.py:161} INFO - Processing /home/airflow/.local/lib/python3.7/site-packages/airflow/example_dags/example_subdag_operator.py took 0.144 seconds
[2023-04-09 09:12:36,662] {processor.py:153} INFO - Started process (PID=52812) to work on /home/airflow/.local/lib/python3.7/site-packages/airflow/example_dags/example_subdag_operator.py
[2023-04-09 09:12:36,662] {processor.py:641} INFO - Processing file /home/airflow/.local/lib/python3.7/site-packages/airflow/example_dags/example_subdag_operator.py for tasks to queue
[2023-04-09 09:12:36,663] {logging_mixin.py:115} INFO - [2023-04-09 09:12:36,663] {dagbag.py:507} INFO - Filling up the DagBag from /home/airflow/.local/lib/python3.7/site-packages/airflow/example_dags/example_subdag_operator.py
[2023-04-09 09:12:36,680] {processor.py:651} INFO - DAG(s) dict_keys(['example_subdag_operator.section-1', 'example_subdag_operator.section-2', 'example_subdag_operator']) retrieved from /home/airflow/.local/lib/python3.7/site-packages/airflow/example_dags/example_subdag_operator.py
[2023-04-09 09:12:36,704] {logging_mixin.py:115} INFO - [2023-04-09 09:12:36,704] {dag.py:2371} INFO - Sync 3 DAGs
[2023-04-09 09:12:36,716] {logging_mixin.py:115} INFO - [2023-04-09 09:12:36,716] {dag.py:2919} INFO - Setting next_dagrun for example_subdag_operator to 2023-04-07T00:00:00+00:00, run_after=2023-04-07T00:00:00+00:00
[2023-04-09 09:12:36,716] {logging_mixin.py:115} INFO - [2023-04-09 09:12:36,716] {dag.py:2919} INFO - Setting next_dagrun for example_subdag_operator.section-1 to None, run_after=None
[2023-04-09 09:12:36,717] {logging_mixin.py:115} INFO - [2023-04-09 09:12:36,716] {dag.py:2919} INFO - Setting next_dagrun for example_subdag_operator.section-2 to None, run_after=None
[2023-04-09 09:12:36,720] {logging_mixin.py:115} INFO - [2023-04-09 09:12:36,720] {dag.py:2371} INFO - Sync 2 DAGs
[2023-04-09 09:12:36,724] {logging_mixin.py:115} INFO - [2023-04-09 09:12:36,724] {dag.py:2919} INFO - Setting next_dagrun for example_subdag_operator.section-1 to None, run_after=None
[2023-04-09 09:12:36,724] {logging_mixin.py:115} INFO - [2023-04-09 09:12:36,724] {dag.py:2919} INFO - Setting next_dagrun for example_subdag_operator.section-2 to None, run_after=None
[2023-04-09 09:12:36,728] {processor.py:161} INFO - Processing /home/airflow/.local/lib/python3.7/site-packages/airflow/example_dags/example_subdag_operator.py took 0.068 seconds
[2023-04-09 10:19:48,607] {processor.py:153} INFO - Started process (PID=52874) to work on /home/airflow/.local/lib/python3.7/site-packages/airflow/example_dags/example_subdag_operator.py
[2023-04-09 10:19:48,608] {processor.py:641} INFO - Processing file /home/airflow/.local/lib/python3.7/site-packages/airflow/example_dags/example_subdag_operator.py for tasks to queue
[2023-04-09 10:19:48,609] {logging_mixin.py:115} INFO - [2023-04-09 10:19:48,609] {dagbag.py:507} INFO - Filling up the DagBag from /home/airflow/.local/lib/python3.7/site-packages/airflow/example_dags/example_subdag_operator.py
[2023-04-09 10:19:48,672] {processor.py:651} INFO - DAG(s) dict_keys(['example_subdag_operator.section-1', 'example_subdag_operator.section-2', 'example_subdag_operator']) retrieved from /home/airflow/.local/lib/python3.7/site-packages/airflow/example_dags/example_subdag_operator.py
[2023-04-09 10:19:48,718] {logging_mixin.py:115} INFO - [2023-04-09 10:19:48,718] {dag.py:2371} INFO - Sync 3 DAGs
[2023-04-09 10:19:48,746] {logging_mixin.py:115} INFO - [2023-04-09 10:19:48,746] {dag.py:2919} INFO - Setting next_dagrun for example_subdag_operator to 2023-04-07T00:00:00+00:00, run_after=2023-04-07T00:00:00+00:00
[2023-04-09 10:19:48,747] {logging_mixin.py:115} INFO - [2023-04-09 10:19:48,747] {dag.py:2919} INFO - Setting next_dagrun for example_subdag_operator.section-1 to None, run_after=None
[2023-04-09 10:19:48,750] {logging_mixin.py:115} INFO - [2023-04-09 10:19:48,750] {dag.py:2919} INFO - Setting next_dagrun for example_subdag_operator.section-2 to None, run_after=None
[2023-04-09 10:19:48,757] {logging_mixin.py:115} INFO - [2023-04-09 10:19:48,757] {dag.py:2371} INFO - Sync 2 DAGs
[2023-04-09 10:19:48,763] {logging_mixin.py:115} INFO - [2023-04-09 10:19:48,763] {dag.py:2919} INFO - Setting next_dagrun for example_subdag_operator.section-1 to None, run_after=None
[2023-04-09 10:19:48,763] {logging_mixin.py:115} INFO - [2023-04-09 10:19:48,763] {dag.py:2919} INFO - Setting next_dagrun for example_subdag_operator.section-2 to None, run_after=None
[2023-04-09 10:19:48,769] {processor.py:161} INFO - Processing /home/airflow/.local/lib/python3.7/site-packages/airflow/example_dags/example_subdag_operator.py took 0.165 seconds
[2023-04-09 11:28:14,735] {processor.py:153} INFO - Started process (PID=52936) to work on /home/airflow/.local/lib/python3.7/site-packages/airflow/example_dags/example_subdag_operator.py
[2023-04-09 11:28:14,736] {processor.py:641} INFO - Processing file /home/airflow/.local/lib/python3.7/site-packages/airflow/example_dags/example_subdag_operator.py for tasks to queue
[2023-04-09 11:28:14,740] {logging_mixin.py:115} INFO - [2023-04-09 11:28:14,740] {dagbag.py:507} INFO - Filling up the DagBag from /home/airflow/.local/lib/python3.7/site-packages/airflow/example_dags/example_subdag_operator.py
[2023-04-09 11:28:14,770] {processor.py:651} INFO - DAG(s) dict_keys(['example_subdag_operator.section-1', 'example_subdag_operator.section-2', 'example_subdag_operator']) retrieved from /home/airflow/.local/lib/python3.7/site-packages/airflow/example_dags/example_subdag_operator.py
[2023-04-09 11:28:14,792] {logging_mixin.py:115} INFO - [2023-04-09 11:28:14,792] {dag.py:2371} INFO - Sync 3 DAGs
[2023-04-09 11:28:14,810] {logging_mixin.py:115} INFO - [2023-04-09 11:28:14,810] {dag.py:2919} INFO - Setting next_dagrun for example_subdag_operator to 2023-04-07T00:00:00+00:00, run_after=2023-04-07T00:00:00+00:00
[2023-04-09 11:28:14,810] {logging_mixin.py:115} INFO - [2023-04-09 11:28:14,810] {dag.py:2919} INFO - Setting next_dagrun for example_subdag_operator.section-1 to None, run_after=None
[2023-04-09 11:28:14,811] {logging_mixin.py:115} INFO - [2023-04-09 11:28:14,811] {dag.py:2919} INFO - Setting next_dagrun for example_subdag_operator.section-2 to None, run_after=None
[2023-04-09 11:28:14,814] {logging_mixin.py:115} INFO - [2023-04-09 11:28:14,814] {dag.py:2371} INFO - Sync 2 DAGs
[2023-04-09 11:28:14,817] {logging_mixin.py:115} INFO - [2023-04-09 11:28:14,817] {dag.py:2919} INFO - Setting next_dagrun for example_subdag_operator.section-1 to None, run_after=None
[2023-04-09 11:28:14,818] {logging_mixin.py:115} INFO - [2023-04-09 11:28:14,818] {dag.py:2919} INFO - Setting next_dagrun for example_subdag_operator.section-2 to None, run_after=None
[2023-04-09 11:28:14,821] {processor.py:161} INFO - Processing /home/airflow/.local/lib/python3.7/site-packages/airflow/example_dags/example_subdag_operator.py took 0.089 seconds
[2023-04-09 12:26:24,862] {processor.py:153} INFO - Started process (PID=52998) to work on /home/airflow/.local/lib/python3.7/site-packages/airflow/example_dags/example_subdag_operator.py
[2023-04-09 12:26:24,868] {processor.py:641} INFO - Processing file /home/airflow/.local/lib/python3.7/site-packages/airflow/example_dags/example_subdag_operator.py for tasks to queue
[2023-04-09 12:26:24,870] {logging_mixin.py:115} INFO - [2023-04-09 12:26:24,869] {dagbag.py:507} INFO - Filling up the DagBag from /home/airflow/.local/lib/python3.7/site-packages/airflow/example_dags/example_subdag_operator.py
[2023-04-09 12:26:24,898] {processor.py:651} INFO - DAG(s) dict_keys(['example_subdag_operator.section-1', 'example_subdag_operator.section-2', 'example_subdag_operator']) retrieved from /home/airflow/.local/lib/python3.7/site-packages/airflow/example_dags/example_subdag_operator.py
[2023-04-09 12:26:24,947] {logging_mixin.py:115} INFO - [2023-04-09 12:26:24,947] {dag.py:2371} INFO - Sync 3 DAGs
[2023-04-09 12:26:24,969] {logging_mixin.py:115} INFO - [2023-04-09 12:26:24,969] {dag.py:2919} INFO - Setting next_dagrun for example_subdag_operator to 2023-04-07T00:00:00+00:00, run_after=2023-04-07T00:00:00+00:00
[2023-04-09 12:26:24,970] {logging_mixin.py:115} INFO - [2023-04-09 12:26:24,970] {dag.py:2919} INFO - Setting next_dagrun for example_subdag_operator.section-1 to None, run_after=None
[2023-04-09 12:26:24,971] {logging_mixin.py:115} INFO - [2023-04-09 12:26:24,971] {dag.py:2919} INFO - Setting next_dagrun for example_subdag_operator.section-2 to None, run_after=None
[2023-04-09 12:26:24,976] {logging_mixin.py:115} INFO - [2023-04-09 12:26:24,976] {dag.py:2371} INFO - Sync 2 DAGs
[2023-04-09 12:26:24,984] {logging_mixin.py:115} INFO - [2023-04-09 12:26:24,983] {dag.py:2919} INFO - Setting next_dagrun for example_subdag_operator.section-1 to None, run_after=None
[2023-04-09 12:26:24,984] {logging_mixin.py:115} INFO - [2023-04-09 12:26:24,984] {dag.py:2919} INFO - Setting next_dagrun for example_subdag_operator.section-2 to None, run_after=None
[2023-04-09 12:26:24,991] {processor.py:161} INFO - Processing /home/airflow/.local/lib/python3.7/site-packages/airflow/example_dags/example_subdag_operator.py took 0.136 seconds
[2023-04-09 12:26:55,712] {processor.py:153} INFO - Started process (PID=53058) to work on /home/airflow/.local/lib/python3.7/site-packages/airflow/example_dags/example_subdag_operator.py
[2023-04-09 12:26:55,713] {processor.py:641} INFO - Processing file /home/airflow/.local/lib/python3.7/site-packages/airflow/example_dags/example_subdag_operator.py for tasks to queue
[2023-04-09 12:26:55,713] {logging_mixin.py:115} INFO - [2023-04-09 12:26:55,713] {dagbag.py:507} INFO - Filling up the DagBag from /home/airflow/.local/lib/python3.7/site-packages/airflow/example_dags/example_subdag_operator.py
[2023-04-09 12:26:55,731] {processor.py:651} INFO - DAG(s) dict_keys(['example_subdag_operator.section-1', 'example_subdag_operator.section-2', 'example_subdag_operator']) retrieved from /home/airflow/.local/lib/python3.7/site-packages/airflow/example_dags/example_subdag_operator.py
[2023-04-09 12:26:55,746] {logging_mixin.py:115} INFO - [2023-04-09 12:26:55,746] {dag.py:2371} INFO - Sync 3 DAGs
[2023-04-09 12:26:55,756] {logging_mixin.py:115} INFO - [2023-04-09 12:26:55,756] {dag.py:2919} INFO - Setting next_dagrun for example_subdag_operator to 2023-04-07T00:00:00+00:00, run_after=2023-04-07T00:00:00+00:00
[2023-04-09 12:26:55,756] {logging_mixin.py:115} INFO - [2023-04-09 12:26:55,756] {dag.py:2919} INFO - Setting next_dagrun for example_subdag_operator.section-1 to None, run_after=None
[2023-04-09 12:26:55,757] {logging_mixin.py:115} INFO - [2023-04-09 12:26:55,757] {dag.py:2919} INFO - Setting next_dagrun for example_subdag_operator.section-2 to None, run_after=None
[2023-04-09 12:26:55,760] {logging_mixin.py:115} INFO - [2023-04-09 12:26:55,760] {dag.py:2371} INFO - Sync 2 DAGs
[2023-04-09 12:26:55,763] {logging_mixin.py:115} INFO - [2023-04-09 12:26:55,763] {dag.py:2919} INFO - Setting next_dagrun for example_subdag_operator.section-1 to None, run_after=None
[2023-04-09 12:26:55,764] {logging_mixin.py:115} INFO - [2023-04-09 12:26:55,764] {dag.py:2919} INFO - Setting next_dagrun for example_subdag_operator.section-2 to None, run_after=None
[2023-04-09 12:26:55,769] {processor.py:161} INFO - Processing /home/airflow/.local/lib/python3.7/site-packages/airflow/example_dags/example_subdag_operator.py took 0.059 seconds
[2023-04-09 13:15:29,864] {processor.py:153} INFO - Started process (PID=53111) to work on /home/airflow/.local/lib/python3.7/site-packages/airflow/example_dags/example_subdag_operator.py
[2023-04-09 13:15:29,894] {processor.py:641} INFO - Processing file /home/airflow/.local/lib/python3.7/site-packages/airflow/example_dags/example_subdag_operator.py for tasks to queue
[2023-04-09 13:15:29,895] {logging_mixin.py:115} INFO - [2023-04-09 13:15:29,895] {dagbag.py:507} INFO - Filling up the DagBag from /home/airflow/.local/lib/python3.7/site-packages/airflow/example_dags/example_subdag_operator.py
[2023-04-09 13:15:29,963] {processor.py:651} INFO - DAG(s) dict_keys(['example_subdag_operator.section-1', 'example_subdag_operator.section-2', 'example_subdag_operator']) retrieved from /home/airflow/.local/lib/python3.7/site-packages/airflow/example_dags/example_subdag_operator.py
[2023-04-09 13:15:30,005] {logging_mixin.py:115} INFO - [2023-04-09 13:15:30,005] {dag.py:2371} INFO - Sync 3 DAGs
[2023-04-09 13:15:30,027] {logging_mixin.py:115} INFO - [2023-04-09 13:15:30,027] {dag.py:2919} INFO - Setting next_dagrun for example_subdag_operator to 2023-04-07T00:00:00+00:00, run_after=2023-04-07T00:00:00+00:00
[2023-04-09 13:15:30,029] {logging_mixin.py:115} INFO - [2023-04-09 13:15:30,029] {dag.py:2919} INFO - Setting next_dagrun for example_subdag_operator.section-1 to None, run_after=None
[2023-04-09 13:15:30,029] {logging_mixin.py:115} INFO - [2023-04-09 13:15:30,029] {dag.py:2919} INFO - Setting next_dagrun for example_subdag_operator.section-2 to None, run_after=None
[2023-04-09 13:15:30,037] {logging_mixin.py:115} INFO - [2023-04-09 13:15:30,037] {dag.py:2371} INFO - Sync 2 DAGs
[2023-04-09 13:15:30,046] {logging_mixin.py:115} INFO - [2023-04-09 13:15:30,046] {dag.py:2919} INFO - Setting next_dagrun for example_subdag_operator.section-1 to None, run_after=None
[2023-04-09 13:15:30,049] {logging_mixin.py:115} INFO - [2023-04-09 13:15:30,048] {dag.py:2919} INFO - Setting next_dagrun for example_subdag_operator.section-2 to None, run_after=None
[2023-04-09 13:15:30,060] {processor.py:161} INFO - Processing /home/airflow/.local/lib/python3.7/site-packages/airflow/example_dags/example_subdag_operator.py took 0.401 seconds
[2023-04-09 14:38:31,452] {processor.py:153} INFO - Started process (PID=53173) to work on /home/airflow/.local/lib/python3.7/site-packages/airflow/example_dags/example_subdag_operator.py
[2023-04-09 14:38:31,455] {processor.py:641} INFO - Processing file /home/airflow/.local/lib/python3.7/site-packages/airflow/example_dags/example_subdag_operator.py for tasks to queue
[2023-04-09 14:38:31,458] {logging_mixin.py:115} INFO - [2023-04-09 14:38:31,458] {dagbag.py:507} INFO - Filling up the DagBag from /home/airflow/.local/lib/python3.7/site-packages/airflow/example_dags/example_subdag_operator.py
[2023-04-09 14:38:31,522] {processor.py:651} INFO - DAG(s) dict_keys(['example_subdag_operator.section-1', 'example_subdag_operator.section-2', 'example_subdag_operator']) retrieved from /home/airflow/.local/lib/python3.7/site-packages/airflow/example_dags/example_subdag_operator.py
[2023-04-09 14:38:31,563] {logging_mixin.py:115} INFO - [2023-04-09 14:38:31,563] {dag.py:2371} INFO - Sync 3 DAGs
[2023-04-09 14:38:31,597] {logging_mixin.py:115} INFO - [2023-04-09 14:38:31,597] {dag.py:2919} INFO - Setting next_dagrun for example_subdag_operator to 2023-04-07T00:00:00+00:00, run_after=2023-04-07T00:00:00+00:00
[2023-04-09 14:38:31,598] {logging_mixin.py:115} INFO - [2023-04-09 14:38:31,598] {dag.py:2919} INFO - Setting next_dagrun for example_subdag_operator.section-1 to None, run_after=None
[2023-04-09 14:38:31,598] {logging_mixin.py:115} INFO - [2023-04-09 14:38:31,598] {dag.py:2919} INFO - Setting next_dagrun for example_subdag_operator.section-2 to None, run_after=None
[2023-04-09 14:38:31,603] {logging_mixin.py:115} INFO - [2023-04-09 14:38:31,603] {dag.py:2371} INFO - Sync 2 DAGs
[2023-04-09 14:38:31,611] {logging_mixin.py:115} INFO - [2023-04-09 14:38:31,611] {dag.py:2919} INFO - Setting next_dagrun for example_subdag_operator.section-1 to None, run_after=None
[2023-04-09 14:38:31,612] {logging_mixin.py:115} INFO - [2023-04-09 14:38:31,612] {dag.py:2919} INFO - Setting next_dagrun for example_subdag_operator.section-2 to None, run_after=None
[2023-04-09 14:38:31,616] {processor.py:161} INFO - Processing /home/airflow/.local/lib/python3.7/site-packages/airflow/example_dags/example_subdag_operator.py took 0.167 seconds
[2023-04-09 15:42:40,922] {processor.py:153} INFO - Started process (PID=53236) to work on /home/airflow/.local/lib/python3.7/site-packages/airflow/example_dags/example_subdag_operator.py
[2023-04-09 15:42:40,923] {processor.py:641} INFO - Processing file /home/airflow/.local/lib/python3.7/site-packages/airflow/example_dags/example_subdag_operator.py for tasks to queue
[2023-04-09 15:42:40,924] {logging_mixin.py:115} INFO - [2023-04-09 15:42:40,924] {dagbag.py:507} INFO - Filling up the DagBag from /home/airflow/.local/lib/python3.7/site-packages/airflow/example_dags/example_subdag_operator.py
[2023-04-09 15:42:40,942] {processor.py:651} INFO - DAG(s) dict_keys(['example_subdag_operator.section-1', 'example_subdag_operator.section-2', 'example_subdag_operator']) retrieved from /home/airflow/.local/lib/python3.7/site-packages/airflow/example_dags/example_subdag_operator.py
[2023-04-09 15:42:40,962] {logging_mixin.py:115} INFO - [2023-04-09 15:42:40,962] {dag.py:2371} INFO - Sync 3 DAGs
[2023-04-09 15:42:40,974] {logging_mixin.py:115} INFO - [2023-04-09 15:42:40,974] {dag.py:2919} INFO - Setting next_dagrun for example_subdag_operator to 2023-04-07T00:00:00+00:00, run_after=2023-04-07T00:00:00+00:00
[2023-04-09 15:42:40,974] {logging_mixin.py:115} INFO - [2023-04-09 15:42:40,974] {dag.py:2919} INFO - Setting next_dagrun for example_subdag_operator.section-1 to None, run_after=None
[2023-04-09 15:42:40,975] {logging_mixin.py:115} INFO - [2023-04-09 15:42:40,975] {dag.py:2919} INFO - Setting next_dagrun for example_subdag_operator.section-2 to None, run_after=None
[2023-04-09 15:42:40,978] {logging_mixin.py:115} INFO - [2023-04-09 15:42:40,978] {dag.py:2371} INFO - Sync 2 DAGs
[2023-04-09 15:42:40,981] {logging_mixin.py:115} INFO - [2023-04-09 15:42:40,980] {dag.py:2919} INFO - Setting next_dagrun for example_subdag_operator.section-1 to None, run_after=None
[2023-04-09 15:42:40,981] {logging_mixin.py:115} INFO - [2023-04-09 15:42:40,981] {dag.py:2919} INFO - Setting next_dagrun for example_subdag_operator.section-2 to None, run_after=None
[2023-04-09 15:42:40,984] {processor.py:161} INFO - Processing /home/airflow/.local/lib/python3.7/site-packages/airflow/example_dags/example_subdag_operator.py took 0.064 seconds
[2023-04-09 16:47:05,056] {processor.py:153} INFO - Started process (PID=53297) to work on /home/airflow/.local/lib/python3.7/site-packages/airflow/example_dags/example_subdag_operator.py
[2023-04-09 16:47:05,058] {processor.py:641} INFO - Processing file /home/airflow/.local/lib/python3.7/site-packages/airflow/example_dags/example_subdag_operator.py for tasks to queue
[2023-04-09 16:47:05,070] {logging_mixin.py:115} INFO - [2023-04-09 16:47:05,070] {dagbag.py:507} INFO - Filling up the DagBag from /home/airflow/.local/lib/python3.7/site-packages/airflow/example_dags/example_subdag_operator.py
[2023-04-09 16:47:05,118] {processor.py:651} INFO - DAG(s) dict_keys(['example_subdag_operator.section-1', 'example_subdag_operator.section-2', 'example_subdag_operator']) retrieved from /home/airflow/.local/lib/python3.7/site-packages/airflow/example_dags/example_subdag_operator.py
[2023-04-09 16:47:05,153] {logging_mixin.py:115} INFO - [2023-04-09 16:47:05,153] {dag.py:2371} INFO - Sync 3 DAGs
[2023-04-09 16:47:05,172] {logging_mixin.py:115} INFO - [2023-04-09 16:47:05,172] {dag.py:2919} INFO - Setting next_dagrun for example_subdag_operator to 2023-04-07T00:00:00+00:00, run_after=2023-04-07T00:00:00+00:00
[2023-04-09 16:47:05,184] {logging_mixin.py:115} INFO - [2023-04-09 16:47:05,184] {dag.py:2919} INFO - Setting next_dagrun for example_subdag_operator.section-1 to None, run_after=None
[2023-04-09 16:47:05,185] {logging_mixin.py:115} INFO - [2023-04-09 16:47:05,185] {dag.py:2919} INFO - Setting next_dagrun for example_subdag_operator.section-2 to None, run_after=None
[2023-04-09 16:47:05,193] {logging_mixin.py:115} INFO - [2023-04-09 16:47:05,193] {dag.py:2371} INFO - Sync 2 DAGs
[2023-04-09 16:47:05,199] {logging_mixin.py:115} INFO - [2023-04-09 16:47:05,199] {dag.py:2919} INFO - Setting next_dagrun for example_subdag_operator.section-1 to None, run_after=None
[2023-04-09 16:47:05,219] {logging_mixin.py:115} INFO - [2023-04-09 16:47:05,219] {dag.py:2919} INFO - Setting next_dagrun for example_subdag_operator.section-2 to None, run_after=None
[2023-04-09 16:47:05,232] {processor.py:161} INFO - Processing /home/airflow/.local/lib/python3.7/site-packages/airflow/example_dags/example_subdag_operator.py took 0.179 seconds
[2023-04-09 18:07:28,557] {processor.py:153} INFO - Started process (PID=53360) to work on /home/airflow/.local/lib/python3.7/site-packages/airflow/example_dags/example_subdag_operator.py
[2023-04-09 18:07:28,558] {processor.py:641} INFO - Processing file /home/airflow/.local/lib/python3.7/site-packages/airflow/example_dags/example_subdag_operator.py for tasks to queue
[2023-04-09 18:07:28,559] {logging_mixin.py:115} INFO - [2023-04-09 18:07:28,559] {dagbag.py:507} INFO - Filling up the DagBag from /home/airflow/.local/lib/python3.7/site-packages/airflow/example_dags/example_subdag_operator.py
[2023-04-09 18:07:28,579] {processor.py:651} INFO - DAG(s) dict_keys(['example_subdag_operator.section-1', 'example_subdag_operator.section-2', 'example_subdag_operator']) retrieved from /home/airflow/.local/lib/python3.7/site-packages/airflow/example_dags/example_subdag_operator.py
[2023-04-09 18:07:28,601] {logging_mixin.py:115} INFO - [2023-04-09 18:07:28,601] {dag.py:2371} INFO - Sync 3 DAGs
[2023-04-09 18:07:28,612] {logging_mixin.py:115} INFO - [2023-04-09 18:07:28,612] {dag.py:2919} INFO - Setting next_dagrun for example_subdag_operator to 2023-04-07T00:00:00+00:00, run_after=2023-04-07T00:00:00+00:00
[2023-04-09 18:07:28,612] {logging_mixin.py:115} INFO - [2023-04-09 18:07:28,612] {dag.py:2919} INFO - Setting next_dagrun for example_subdag_operator.section-1 to None, run_after=None
[2023-04-09 18:07:28,613] {logging_mixin.py:115} INFO - [2023-04-09 18:07:28,613] {dag.py:2919} INFO - Setting next_dagrun for example_subdag_operator.section-2 to None, run_after=None
[2023-04-09 18:07:28,616] {logging_mixin.py:115} INFO - [2023-04-09 18:07:28,616] {dag.py:2371} INFO - Sync 2 DAGs
[2023-04-09 18:07:28,618] {logging_mixin.py:115} INFO - [2023-04-09 18:07:28,618] {dag.py:2919} INFO - Setting next_dagrun for example_subdag_operator.section-1 to None, run_after=None
[2023-04-09 18:07:28,619] {logging_mixin.py:115} INFO - [2023-04-09 18:07:28,619] {dag.py:2919} INFO - Setting next_dagrun for example_subdag_operator.section-2 to None, run_after=None
[2023-04-09 18:07:28,622] {processor.py:161} INFO - Processing /home/airflow/.local/lib/python3.7/site-packages/airflow/example_dags/example_subdag_operator.py took 0.067 seconds
[2023-04-09 19:15:08,632] {processor.py:153} INFO - Started process (PID=53413) to work on /home/airflow/.local/lib/python3.7/site-packages/airflow/example_dags/example_subdag_operator.py
[2023-04-09 19:15:08,645] {processor.py:641} INFO - Processing file /home/airflow/.local/lib/python3.7/site-packages/airflow/example_dags/example_subdag_operator.py for tasks to queue
[2023-04-09 19:15:08,646] {logging_mixin.py:115} INFO - [2023-04-09 19:15:08,646] {dagbag.py:507} INFO - Filling up the DagBag from /home/airflow/.local/lib/python3.7/site-packages/airflow/example_dags/example_subdag_operator.py
[2023-04-09 19:15:08,686] {processor.py:651} INFO - DAG(s) dict_keys(['example_subdag_operator.section-1', 'example_subdag_operator.section-2', 'example_subdag_operator']) retrieved from /home/airflow/.local/lib/python3.7/site-packages/airflow/example_dags/example_subdag_operator.py
[2023-04-09 19:15:08,726] {logging_mixin.py:115} INFO - [2023-04-09 19:15:08,726] {dag.py:2371} INFO - Sync 3 DAGs
[2023-04-09 19:15:08,747] {logging_mixin.py:115} INFO - [2023-04-09 19:15:08,747] {dag.py:2919} INFO - Setting next_dagrun for example_subdag_operator to 2023-04-07T00:00:00+00:00, run_after=2023-04-07T00:00:00+00:00
[2023-04-09 19:15:08,747] {logging_mixin.py:115} INFO - [2023-04-09 19:15:08,747] {dag.py:2919} INFO - Setting next_dagrun for example_subdag_operator.section-1 to None, run_after=None
[2023-04-09 19:15:08,749] {logging_mixin.py:115} INFO - [2023-04-09 19:15:08,749] {dag.py:2919} INFO - Setting next_dagrun for example_subdag_operator.section-2 to None, run_after=None
[2023-04-09 19:15:08,753] {logging_mixin.py:115} INFO - [2023-04-09 19:15:08,753] {dag.py:2371} INFO - Sync 2 DAGs
[2023-04-09 19:15:08,761] {logging_mixin.py:115} INFO - [2023-04-09 19:15:08,761] {dag.py:2919} INFO - Setting next_dagrun for example_subdag_operator.section-1 to None, run_after=None
[2023-04-09 19:15:08,762] {logging_mixin.py:115} INFO - [2023-04-09 19:15:08,762] {dag.py:2919} INFO - Setting next_dagrun for example_subdag_operator.section-2 to None, run_after=None
[2023-04-09 19:15:08,766] {processor.py:161} INFO - Processing /home/airflow/.local/lib/python3.7/site-packages/airflow/example_dags/example_subdag_operator.py took 0.145 seconds
[2023-04-09 19:35:32,656] {processor.py:153} INFO - Started process (PID=53476) to work on /home/airflow/.local/lib/python3.7/site-packages/airflow/example_dags/example_subdag_operator.py
[2023-04-09 19:35:32,660] {processor.py:641} INFO - Processing file /home/airflow/.local/lib/python3.7/site-packages/airflow/example_dags/example_subdag_operator.py for tasks to queue
[2023-04-09 19:35:32,660] {logging_mixin.py:115} INFO - [2023-04-09 19:35:32,660] {dagbag.py:507} INFO - Filling up the DagBag from /home/airflow/.local/lib/python3.7/site-packages/airflow/example_dags/example_subdag_operator.py
[2023-04-09 19:35:32,686] {processor.py:651} INFO - DAG(s) dict_keys(['example_subdag_operator.section-1', 'example_subdag_operator.section-2', 'example_subdag_operator']) retrieved from /home/airflow/.local/lib/python3.7/site-packages/airflow/example_dags/example_subdag_operator.py
[2023-04-09 19:35:32,707] {logging_mixin.py:115} INFO - [2023-04-09 19:35:32,707] {dag.py:2371} INFO - Sync 3 DAGs
[2023-04-09 19:35:32,718] {logging_mixin.py:115} INFO - [2023-04-09 19:35:32,718] {dag.py:2919} INFO - Setting next_dagrun for example_subdag_operator to 2023-04-07T00:00:00+00:00, run_after=2023-04-07T00:00:00+00:00
[2023-04-09 19:35:32,718] {logging_mixin.py:115} INFO - [2023-04-09 19:35:32,718] {dag.py:2919} INFO - Setting next_dagrun for example_subdag_operator.section-1 to None, run_after=None
[2023-04-09 19:35:32,719] {logging_mixin.py:115} INFO - [2023-04-09 19:35:32,719] {dag.py:2919} INFO - Setting next_dagrun for example_subdag_operator.section-2 to None, run_after=None
[2023-04-09 19:35:32,722] {logging_mixin.py:115} INFO - [2023-04-09 19:35:32,722] {dag.py:2371} INFO - Sync 2 DAGs
[2023-04-09 19:35:32,725] {logging_mixin.py:115} INFO - [2023-04-09 19:35:32,725] {dag.py:2919} INFO - Setting next_dagrun for example_subdag_operator.section-1 to None, run_after=None
[2023-04-09 19:35:32,725] {logging_mixin.py:115} INFO - [2023-04-09 19:35:32,725] {dag.py:2919} INFO - Setting next_dagrun for example_subdag_operator.section-2 to None, run_after=None
[2023-04-09 19:35:32,729] {processor.py:161} INFO - Processing /home/airflow/.local/lib/python3.7/site-packages/airflow/example_dags/example_subdag_operator.py took 0.078 seconds
[2023-04-09 19:51:59,437] {processor.py:153} INFO - Started process (PID=53538) to work on /home/airflow/.local/lib/python3.7/site-packages/airflow/example_dags/example_subdag_operator.py
[2023-04-09 19:51:59,438] {processor.py:641} INFO - Processing file /home/airflow/.local/lib/python3.7/site-packages/airflow/example_dags/example_subdag_operator.py for tasks to queue
[2023-04-09 19:51:59,439] {logging_mixin.py:115} INFO - [2023-04-09 19:51:59,439] {dagbag.py:507} INFO - Filling up the DagBag from /home/airflow/.local/lib/python3.7/site-packages/airflow/example_dags/example_subdag_operator.py
[2023-04-09 19:51:59,482] {processor.py:651} INFO - DAG(s) dict_keys(['example_subdag_operator.section-1', 'example_subdag_operator.section-2', 'example_subdag_operator']) retrieved from /home/airflow/.local/lib/python3.7/site-packages/airflow/example_dags/example_subdag_operator.py
[2023-04-09 19:51:59,508] {logging_mixin.py:115} INFO - [2023-04-09 19:51:59,508] {dag.py:2371} INFO - Sync 3 DAGs
[2023-04-09 19:51:59,524] {logging_mixin.py:115} INFO - [2023-04-09 19:51:59,523] {dag.py:2919} INFO - Setting next_dagrun for example_subdag_operator to 2023-04-07T00:00:00+00:00, run_after=2023-04-07T00:00:00+00:00
[2023-04-09 19:51:59,524] {logging_mixin.py:115} INFO - [2023-04-09 19:51:59,524] {dag.py:2919} INFO - Setting next_dagrun for example_subdag_operator.section-1 to None, run_after=None
[2023-04-09 19:51:59,527] {logging_mixin.py:115} INFO - [2023-04-09 19:51:59,527] {dag.py:2919} INFO - Setting next_dagrun for example_subdag_operator.section-2 to None, run_after=None
[2023-04-09 19:51:59,535] {logging_mixin.py:115} INFO - [2023-04-09 19:51:59,535] {dag.py:2371} INFO - Sync 2 DAGs
[2023-04-09 19:51:59,538] {logging_mixin.py:115} INFO - [2023-04-09 19:51:59,538] {dag.py:2919} INFO - Setting next_dagrun for example_subdag_operator.section-1 to None, run_after=None
[2023-04-09 19:51:59,538] {logging_mixin.py:115} INFO - [2023-04-09 19:51:59,538] {dag.py:2919} INFO - Setting next_dagrun for example_subdag_operator.section-2 to None, run_after=None
[2023-04-09 19:51:59,542] {processor.py:161} INFO - Processing /home/airflow/.local/lib/python3.7/site-packages/airflow/example_dags/example_subdag_operator.py took 0.109 seconds
[2023-04-09 20:39:29,665] {processor.py:153} INFO - Started process (PID=53599) to work on /home/airflow/.local/lib/python3.7/site-packages/airflow/example_dags/example_subdag_operator.py
[2023-04-09 20:39:29,666] {processor.py:641} INFO - Processing file /home/airflow/.local/lib/python3.7/site-packages/airflow/example_dags/example_subdag_operator.py for tasks to queue
[2023-04-09 20:39:29,667] {logging_mixin.py:115} INFO - [2023-04-09 20:39:29,667] {dagbag.py:507} INFO - Filling up the DagBag from /home/airflow/.local/lib/python3.7/site-packages/airflow/example_dags/example_subdag_operator.py
[2023-04-09 20:39:29,717] {processor.py:651} INFO - DAG(s) dict_keys(['example_subdag_operator.section-1', 'example_subdag_operator.section-2', 'example_subdag_operator']) retrieved from /home/airflow/.local/lib/python3.7/site-packages/airflow/example_dags/example_subdag_operator.py
[2023-04-09 20:39:29,771] {logging_mixin.py:115} INFO - [2023-04-09 20:39:29,771] {dag.py:2371} INFO - Sync 3 DAGs
[2023-04-09 20:39:29,813] {logging_mixin.py:115} INFO - [2023-04-09 20:39:29,813] {dag.py:2919} INFO - Setting next_dagrun for example_subdag_operator to 2023-04-07T00:00:00+00:00, run_after=2023-04-07T00:00:00+00:00
[2023-04-09 20:39:29,814] {logging_mixin.py:115} INFO - [2023-04-09 20:39:29,814] {dag.py:2919} INFO - Setting next_dagrun for example_subdag_operator.section-1 to None, run_after=None
[2023-04-09 20:39:29,815] {logging_mixin.py:115} INFO - [2023-04-09 20:39:29,815] {dag.py:2919} INFO - Setting next_dagrun for example_subdag_operator.section-2 to None, run_after=None
[2023-04-09 20:39:29,824] {logging_mixin.py:115} INFO - [2023-04-09 20:39:29,824] {dag.py:2371} INFO - Sync 2 DAGs
[2023-04-09 20:39:29,832] {logging_mixin.py:115} INFO - [2023-04-09 20:39:29,832] {dag.py:2919} INFO - Setting next_dagrun for example_subdag_operator.section-1 to None, run_after=None
[2023-04-09 20:39:29,839] {logging_mixin.py:115} INFO - [2023-04-09 20:39:29,839] {dag.py:2919} INFO - Setting next_dagrun for example_subdag_operator.section-2 to None, run_after=None
[2023-04-09 20:39:29,847] {processor.py:161} INFO - Processing /home/airflow/.local/lib/python3.7/site-packages/airflow/example_dags/example_subdag_operator.py took 0.187 seconds
[2023-04-09 20:40:00,697] {processor.py:153} INFO - Started process (PID=53659) to work on /home/airflow/.local/lib/python3.7/site-packages/airflow/example_dags/example_subdag_operator.py
[2023-04-09 20:40:00,698] {processor.py:641} INFO - Processing file /home/airflow/.local/lib/python3.7/site-packages/airflow/example_dags/example_subdag_operator.py for tasks to queue
[2023-04-09 20:40:00,699] {logging_mixin.py:115} INFO - [2023-04-09 20:40:00,699] {dagbag.py:507} INFO - Filling up the DagBag from /home/airflow/.local/lib/python3.7/site-packages/airflow/example_dags/example_subdag_operator.py
[2023-04-09 20:40:00,716] {processor.py:651} INFO - DAG(s) dict_keys(['example_subdag_operator.section-1', 'example_subdag_operator.section-2', 'example_subdag_operator']) retrieved from /home/airflow/.local/lib/python3.7/site-packages/airflow/example_dags/example_subdag_operator.py
[2023-04-09 20:40:00,732] {logging_mixin.py:115} INFO - [2023-04-09 20:40:00,732] {dag.py:2371} INFO - Sync 3 DAGs
[2023-04-09 20:40:00,742] {logging_mixin.py:115} INFO - [2023-04-09 20:40:00,742] {dag.py:2919} INFO - Setting next_dagrun for example_subdag_operator to 2023-04-07T00:00:00+00:00, run_after=2023-04-07T00:00:00+00:00
[2023-04-09 20:40:00,743] {logging_mixin.py:115} INFO - [2023-04-09 20:40:00,743] {dag.py:2919} INFO - Setting next_dagrun for example_subdag_operator.section-1 to None, run_after=None
[2023-04-09 20:40:00,743] {logging_mixin.py:115} INFO - [2023-04-09 20:40:00,743] {dag.py:2919} INFO - Setting next_dagrun for example_subdag_operator.section-2 to None, run_after=None
[2023-04-09 20:40:00,747] {logging_mixin.py:115} INFO - [2023-04-09 20:40:00,747] {dag.py:2371} INFO - Sync 2 DAGs
[2023-04-09 20:40:00,750] {logging_mixin.py:115} INFO - [2023-04-09 20:40:00,750] {dag.py:2919} INFO - Setting next_dagrun for example_subdag_operator.section-1 to None, run_after=None
[2023-04-09 20:40:00,750] {logging_mixin.py:115} INFO - [2023-04-09 20:40:00,750] {dag.py:2919} INFO - Setting next_dagrun for example_subdag_operator.section-2 to None, run_after=None
[2023-04-09 20:40:00,753] {processor.py:161} INFO - Processing /home/airflow/.local/lib/python3.7/site-packages/airflow/example_dags/example_subdag_operator.py took 0.058 seconds
[2023-04-09 21:48:50,528] {processor.py:153} INFO - Started process (PID=53713) to work on /home/airflow/.local/lib/python3.7/site-packages/airflow/example_dags/example_subdag_operator.py
[2023-04-09 21:48:50,528] {processor.py:641} INFO - Processing file /home/airflow/.local/lib/python3.7/site-packages/airflow/example_dags/example_subdag_operator.py for tasks to queue
[2023-04-09 21:48:50,529] {logging_mixin.py:115} INFO - [2023-04-09 21:48:50,529] {dagbag.py:507} INFO - Filling up the DagBag from /home/airflow/.local/lib/python3.7/site-packages/airflow/example_dags/example_subdag_operator.py
[2023-04-09 21:48:50,546] {processor.py:651} INFO - DAG(s) dict_keys(['example_subdag_operator.section-1', 'example_subdag_operator.section-2', 'example_subdag_operator']) retrieved from /home/airflow/.local/lib/python3.7/site-packages/airflow/example_dags/example_subdag_operator.py
[2023-04-09 21:48:50,563] {logging_mixin.py:115} INFO - [2023-04-09 21:48:50,563] {dag.py:2371} INFO - Sync 3 DAGs
[2023-04-09 21:48:50,574] {logging_mixin.py:115} INFO - [2023-04-09 21:48:50,574] {dag.py:2919} INFO - Setting next_dagrun for example_subdag_operator to 2023-04-07T00:00:00+00:00, run_after=2023-04-07T00:00:00+00:00
[2023-04-09 21:48:50,575] {logging_mixin.py:115} INFO - [2023-04-09 21:48:50,575] {dag.py:2919} INFO - Setting next_dagrun for example_subdag_operator.section-1 to None, run_after=None
[2023-04-09 21:48:50,575] {logging_mixin.py:115} INFO - [2023-04-09 21:48:50,575] {dag.py:2919} INFO - Setting next_dagrun for example_subdag_operator.section-2 to None, run_after=None
[2023-04-09 21:48:50,579] {logging_mixin.py:115} INFO - [2023-04-09 21:48:50,578] {dag.py:2371} INFO - Sync 2 DAGs
[2023-04-09 21:48:50,581] {logging_mixin.py:115} INFO - [2023-04-09 21:48:50,581] {dag.py:2919} INFO - Setting next_dagrun for example_subdag_operator.section-1 to None, run_after=None
[2023-04-09 21:48:50,581] {logging_mixin.py:115} INFO - [2023-04-09 21:48:50,581] {dag.py:2919} INFO - Setting next_dagrun for example_subdag_operator.section-2 to None, run_after=None
[2023-04-09 21:48:50,585] {processor.py:161} INFO - Processing /home/airflow/.local/lib/python3.7/site-packages/airflow/example_dags/example_subdag_operator.py took 0.059 seconds
[2023-04-09 22:37:30,930] {processor.py:153} INFO - Started process (PID=53775) to work on /home/airflow/.local/lib/python3.7/site-packages/airflow/example_dags/example_subdag_operator.py
[2023-04-09 22:37:30,932] {processor.py:641} INFO - Processing file /home/airflow/.local/lib/python3.7/site-packages/airflow/example_dags/example_subdag_operator.py for tasks to queue
[2023-04-09 22:37:30,935] {logging_mixin.py:115} INFO - [2023-04-09 22:37:30,935] {dagbag.py:507} INFO - Filling up the DagBag from /home/airflow/.local/lib/python3.7/site-packages/airflow/example_dags/example_subdag_operator.py
[2023-04-09 22:37:30,983] {processor.py:651} INFO - DAG(s) dict_keys(['example_subdag_operator.section-1', 'example_subdag_operator.section-2', 'example_subdag_operator']) retrieved from /home/airflow/.local/lib/python3.7/site-packages/airflow/example_dags/example_subdag_operator.py
[2023-04-09 22:37:31,028] {logging_mixin.py:115} INFO - [2023-04-09 22:37:31,027] {dag.py:2371} INFO - Sync 3 DAGs
[2023-04-09 22:37:31,050] {logging_mixin.py:115} INFO - [2023-04-09 22:37:31,050] {dag.py:2919} INFO - Setting next_dagrun for example_subdag_operator to 2023-04-07T00:00:00+00:00, run_after=2023-04-07T00:00:00+00:00
[2023-04-09 22:37:31,051] {logging_mixin.py:115} INFO - [2023-04-09 22:37:31,051] {dag.py:2919} INFO - Setting next_dagrun for example_subdag_operator.section-1 to None, run_after=None
[2023-04-09 22:37:31,051] {logging_mixin.py:115} INFO - [2023-04-09 22:37:31,051] {dag.py:2919} INFO - Setting next_dagrun for example_subdag_operator.section-2 to None, run_after=None
[2023-04-09 22:37:31,056] {logging_mixin.py:115} INFO - [2023-04-09 22:37:31,056] {dag.py:2371} INFO - Sync 2 DAGs
[2023-04-09 22:37:31,060] {logging_mixin.py:115} INFO - [2023-04-09 22:37:31,060] {dag.py:2919} INFO - Setting next_dagrun for example_subdag_operator.section-1 to None, run_after=None
[2023-04-09 22:37:31,061] {logging_mixin.py:115} INFO - [2023-04-09 22:37:31,061] {dag.py:2919} INFO - Setting next_dagrun for example_subdag_operator.section-2 to None, run_after=None
[2023-04-09 22:37:31,071] {processor.py:161} INFO - Processing /home/airflow/.local/lib/python3.7/site-packages/airflow/example_dags/example_subdag_operator.py took 0.144 seconds
[2023-04-09 23:42:57,169] {processor.py:153} INFO - Started process (PID=53837) to work on /home/airflow/.local/lib/python3.7/site-packages/airflow/example_dags/example_subdag_operator.py
[2023-04-09 23:42:57,170] {processor.py:641} INFO - Processing file /home/airflow/.local/lib/python3.7/site-packages/airflow/example_dags/example_subdag_operator.py for tasks to queue
[2023-04-09 23:42:57,171] {logging_mixin.py:115} INFO - [2023-04-09 23:42:57,171] {dagbag.py:507} INFO - Filling up the DagBag from /home/airflow/.local/lib/python3.7/site-packages/airflow/example_dags/example_subdag_operator.py
[2023-04-09 23:42:57,203] {processor.py:651} INFO - DAG(s) dict_keys(['example_subdag_operator.section-1', 'example_subdag_operator.section-2', 'example_subdag_operator']) retrieved from /home/airflow/.local/lib/python3.7/site-packages/airflow/example_dags/example_subdag_operator.py
[2023-04-09 23:42:57,221] {logging_mixin.py:115} INFO - [2023-04-09 23:42:57,221] {dag.py:2371} INFO - Sync 3 DAGs
[2023-04-09 23:42:57,236] {logging_mixin.py:115} INFO - [2023-04-09 23:42:57,236] {dag.py:2919} INFO - Setting next_dagrun for example_subdag_operator to 2023-04-07T00:00:00+00:00, run_after=2023-04-07T00:00:00+00:00
[2023-04-09 23:42:57,236] {logging_mixin.py:115} INFO - [2023-04-09 23:42:57,236] {dag.py:2919} INFO - Setting next_dagrun for example_subdag_operator.section-1 to None, run_after=None
[2023-04-09 23:42:57,237] {logging_mixin.py:115} INFO - [2023-04-09 23:42:57,237] {dag.py:2919} INFO - Setting next_dagrun for example_subdag_operator.section-2 to None, run_after=None
[2023-04-09 23:42:57,240] {logging_mixin.py:115} INFO - [2023-04-09 23:42:57,240] {dag.py:2371} INFO - Sync 2 DAGs
[2023-04-09 23:42:57,243] {logging_mixin.py:115} INFO - [2023-04-09 23:42:57,243] {dag.py:2919} INFO - Setting next_dagrun for example_subdag_operator.section-1 to None, run_after=None
[2023-04-09 23:42:57,243] {logging_mixin.py:115} INFO - [2023-04-09 23:42:57,243] {dag.py:2919} INFO - Setting next_dagrun for example_subdag_operator.section-2 to None, run_after=None
[2023-04-09 23:42:57,246] {processor.py:161} INFO - Processing /home/airflow/.local/lib/python3.7/site-packages/airflow/example_dags/example_subdag_operator.py took 0.080 seconds
