[2023-04-09 00:07:33,301] {processor.py:153} INFO - Started process (PID=52244) to work on /home/airflow/.local/lib/python3.7/site-packages/airflow/example_dags/example_branch_operator_decorator.py
[2023-04-09 00:07:33,301] {processor.py:641} INFO - Processing file /home/airflow/.local/lib/python3.7/site-packages/airflow/example_dags/example_branch_operator_decorator.py for tasks to queue
[2023-04-09 00:07:33,302] {logging_mixin.py:115} INFO - [2023-04-09 00:07:33,302] {dagbag.py:507} INFO - Filling up the DagBag from /home/airflow/.local/lib/python3.7/site-packages/airflow/example_dags/example_branch_operator_decorator.py
[2023-04-09 00:07:33,313] {processor.py:651} INFO - DAG(s) dict_keys(['example_branch_python_operator_decorator']) retrieved from /home/airflow/.local/lib/python3.7/site-packages/airflow/example_dags/example_branch_operator_decorator.py
[2023-04-09 00:07:33,331] {logging_mixin.py:115} INFO - [2023-04-09 00:07:33,331] {dag.py:2371} INFO - Sync 1 DAGs
[2023-04-09 00:07:33,343] {logging_mixin.py:115} INFO - [2023-04-09 00:07:33,343] {dag.py:2919} INFO - Setting next_dagrun for example_branch_python_operator_decorator to 2023-04-08T00:00:00+00:00, run_after=2023-04-09T00:00:00+00:00
[2023-04-09 00:07:33,349] {processor.py:161} INFO - Processing /home/airflow/.local/lib/python3.7/site-packages/airflow/example_dags/example_branch_operator_decorator.py took 0.050 seconds
[2023-04-09 00:08:03,708] {processor.py:153} INFO - Started process (PID=52298) to work on /home/airflow/.local/lib/python3.7/site-packages/airflow/example_dags/example_branch_operator_decorator.py
[2023-04-09 00:08:03,709] {processor.py:641} INFO - Processing file /home/airflow/.local/lib/python3.7/site-packages/airflow/example_dags/example_branch_operator_decorator.py for tasks to queue
[2023-04-09 00:08:03,710] {logging_mixin.py:115} INFO - [2023-04-09 00:08:03,710] {dagbag.py:507} INFO - Filling up the DagBag from /home/airflow/.local/lib/python3.7/site-packages/airflow/example_dags/example_branch_operator_decorator.py
[2023-04-09 00:08:03,720] {processor.py:651} INFO - DAG(s) dict_keys(['example_branch_python_operator_decorator']) retrieved from /home/airflow/.local/lib/python3.7/site-packages/airflow/example_dags/example_branch_operator_decorator.py
[2023-04-09 00:08:03,739] {logging_mixin.py:115} INFO - [2023-04-09 00:08:03,739] {dag.py:2371} INFO - Sync 1 DAGs
[2023-04-09 00:08:03,751] {logging_mixin.py:115} INFO - [2023-04-09 00:08:03,751] {dag.py:2919} INFO - Setting next_dagrun for example_branch_python_operator_decorator to 2023-04-08T00:00:00+00:00, run_after=2023-04-09T00:00:00+00:00
[2023-04-09 00:08:03,757] {processor.py:161} INFO - Processing /home/airflow/.local/lib/python3.7/site-packages/airflow/example_dags/example_branch_operator_decorator.py took 0.051 seconds
[2023-04-09 01:15:21,008] {processor.py:153} INFO - Started process (PID=52360) to work on /home/airflow/.local/lib/python3.7/site-packages/airflow/example_dags/example_branch_operator_decorator.py
[2023-04-09 01:15:21,009] {processor.py:641} INFO - Processing file /home/airflow/.local/lib/python3.7/site-packages/airflow/example_dags/example_branch_operator_decorator.py for tasks to queue
[2023-04-09 01:15:21,010] {logging_mixin.py:115} INFO - [2023-04-09 01:15:21,010] {dagbag.py:507} INFO - Filling up the DagBag from /home/airflow/.local/lib/python3.7/site-packages/airflow/example_dags/example_branch_operator_decorator.py
[2023-04-09 01:15:21,021] {processor.py:651} INFO - DAG(s) dict_keys(['example_branch_python_operator_decorator']) retrieved from /home/airflow/.local/lib/python3.7/site-packages/airflow/example_dags/example_branch_operator_decorator.py
[2023-04-09 01:15:21,039] {logging_mixin.py:115} INFO - [2023-04-09 01:15:21,039] {dag.py:2371} INFO - Sync 1 DAGs
[2023-04-09 01:15:21,051] {logging_mixin.py:115} INFO - [2023-04-09 01:15:21,051] {dag.py:2919} INFO - Setting next_dagrun for example_branch_python_operator_decorator to 2023-04-08T00:00:00+00:00, run_after=2023-04-09T00:00:00+00:00
[2023-04-09 01:15:21,056] {processor.py:161} INFO - Processing /home/airflow/.local/lib/python3.7/site-packages/airflow/example_dags/example_branch_operator_decorator.py took 0.050 seconds
[2023-04-09 02:21:42,206] {processor.py:153} INFO - Started process (PID=52421) to work on /home/airflow/.local/lib/python3.7/site-packages/airflow/example_dags/example_branch_operator_decorator.py
[2023-04-09 02:21:42,206] {processor.py:641} INFO - Processing file /home/airflow/.local/lib/python3.7/site-packages/airflow/example_dags/example_branch_operator_decorator.py for tasks to queue
[2023-04-09 02:21:42,207] {logging_mixin.py:115} INFO - [2023-04-09 02:21:42,207] {dagbag.py:507} INFO - Filling up the DagBag from /home/airflow/.local/lib/python3.7/site-packages/airflow/example_dags/example_branch_operator_decorator.py
[2023-04-09 02:21:42,218] {processor.py:651} INFO - DAG(s) dict_keys(['example_branch_python_operator_decorator']) retrieved from /home/airflow/.local/lib/python3.7/site-packages/airflow/example_dags/example_branch_operator_decorator.py
[2023-04-09 02:21:42,237] {logging_mixin.py:115} INFO - [2023-04-09 02:21:42,237] {dag.py:2371} INFO - Sync 1 DAGs
[2023-04-09 02:21:42,249] {logging_mixin.py:115} INFO - [2023-04-09 02:21:42,249] {dag.py:2919} INFO - Setting next_dagrun for example_branch_python_operator_decorator to 2023-04-08T00:00:00+00:00, run_after=2023-04-09T00:00:00+00:00
[2023-04-09 02:21:42,254] {processor.py:161} INFO - Processing /home/airflow/.local/lib/python3.7/site-packages/airflow/example_dags/example_branch_operator_decorator.py took 0.050 seconds
[2023-04-09 03:46:31,729] {processor.py:153} INFO - Started process (PID=52483) to work on /home/airflow/.local/lib/python3.7/site-packages/airflow/example_dags/example_branch_operator_decorator.py
[2023-04-09 03:46:31,735] {processor.py:641} INFO - Processing file /home/airflow/.local/lib/python3.7/site-packages/airflow/example_dags/example_branch_operator_decorator.py for tasks to queue
[2023-04-09 03:46:31,736] {logging_mixin.py:115} INFO - [2023-04-09 03:46:31,736] {dagbag.py:507} INFO - Filling up the DagBag from /home/airflow/.local/lib/python3.7/site-packages/airflow/example_dags/example_branch_operator_decorator.py
[2023-04-09 03:46:31,748] {processor.py:651} INFO - DAG(s) dict_keys(['example_branch_python_operator_decorator']) retrieved from /home/airflow/.local/lib/python3.7/site-packages/airflow/example_dags/example_branch_operator_decorator.py
[2023-04-09 03:46:31,765] {logging_mixin.py:115} INFO - [2023-04-09 03:46:31,765] {dag.py:2371} INFO - Sync 1 DAGs
[2023-04-09 03:46:31,777] {logging_mixin.py:115} INFO - [2023-04-09 03:46:31,777] {dag.py:2919} INFO - Setting next_dagrun for example_branch_python_operator_decorator to 2023-04-08T00:00:00+00:00, run_after=2023-04-09T00:00:00+00:00
[2023-04-09 03:46:31,783] {processor.py:161} INFO - Processing /home/airflow/.local/lib/python3.7/site-packages/airflow/example_dags/example_branch_operator_decorator.py took 0.056 seconds
[2023-04-09 04:13:36,853] {processor.py:153} INFO - Started process (PID=52545) to work on /home/airflow/.local/lib/python3.7/site-packages/airflow/example_dags/example_branch_operator_decorator.py
[2023-04-09 04:13:36,854] {processor.py:641} INFO - Processing file /home/airflow/.local/lib/python3.7/site-packages/airflow/example_dags/example_branch_operator_decorator.py for tasks to queue
[2023-04-09 04:13:36,855] {logging_mixin.py:115} INFO - [2023-04-09 04:13:36,855] {dagbag.py:507} INFO - Filling up the DagBag from /home/airflow/.local/lib/python3.7/site-packages/airflow/example_dags/example_branch_operator_decorator.py
[2023-04-09 04:13:36,866] {processor.py:651} INFO - DAG(s) dict_keys(['example_branch_python_operator_decorator']) retrieved from /home/airflow/.local/lib/python3.7/site-packages/airflow/example_dags/example_branch_operator_decorator.py
[2023-04-09 04:13:36,884] {logging_mixin.py:115} INFO - [2023-04-09 04:13:36,884] {dag.py:2371} INFO - Sync 1 DAGs
[2023-04-09 04:13:36,897] {logging_mixin.py:115} INFO - [2023-04-09 04:13:36,897] {dag.py:2919} INFO - Setting next_dagrun for example_branch_python_operator_decorator to 2023-04-08T00:00:00+00:00, run_after=2023-04-09T00:00:00+00:00
[2023-04-09 04:13:36,903] {processor.py:161} INFO - Processing /home/airflow/.local/lib/python3.7/site-packages/airflow/example_dags/example_branch_operator_decorator.py took 0.051 seconds
[2023-04-09 04:30:54,984] {processor.py:153} INFO - Started process (PID=52598) to work on /home/airflow/.local/lib/python3.7/site-packages/airflow/example_dags/example_branch_operator_decorator.py
[2023-04-09 04:30:54,984] {processor.py:641} INFO - Processing file /home/airflow/.local/lib/python3.7/site-packages/airflow/example_dags/example_branch_operator_decorator.py for tasks to queue
[2023-04-09 04:30:54,985] {logging_mixin.py:115} INFO - [2023-04-09 04:30:54,985] {dagbag.py:507} INFO - Filling up the DagBag from /home/airflow/.local/lib/python3.7/site-packages/airflow/example_dags/example_branch_operator_decorator.py
[2023-04-09 04:30:54,995] {processor.py:651} INFO - DAG(s) dict_keys(['example_branch_python_operator_decorator']) retrieved from /home/airflow/.local/lib/python3.7/site-packages/airflow/example_dags/example_branch_operator_decorator.py
[2023-04-09 04:30:55,012] {logging_mixin.py:115} INFO - [2023-04-09 04:30:55,012] {dag.py:2371} INFO - Sync 1 DAGs
[2023-04-09 04:30:55,024] {logging_mixin.py:115} INFO - [2023-04-09 04:30:55,024] {dag.py:2919} INFO - Setting next_dagrun for example_branch_python_operator_decorator to 2023-04-08T00:00:00+00:00, run_after=2023-04-09T00:00:00+00:00
[2023-04-09 04:30:55,029] {processor.py:161} INFO - Processing /home/airflow/.local/lib/python3.7/site-packages/airflow/example_dags/example_branch_operator_decorator.py took 0.048 seconds
[2023-04-09 05:36:27,086] {processor.py:153} INFO - Started process (PID=52660) to work on /home/airflow/.local/lib/python3.7/site-packages/airflow/example_dags/example_branch_operator_decorator.py
[2023-04-09 05:36:27,087] {processor.py:641} INFO - Processing file /home/airflow/.local/lib/python3.7/site-packages/airflow/example_dags/example_branch_operator_decorator.py for tasks to queue
[2023-04-09 05:36:27,088] {logging_mixin.py:115} INFO - [2023-04-09 05:36:27,088] {dagbag.py:507} INFO - Filling up the DagBag from /home/airflow/.local/lib/python3.7/site-packages/airflow/example_dags/example_branch_operator_decorator.py
[2023-04-09 05:36:27,127] {processor.py:651} INFO - DAG(s) dict_keys(['example_branch_python_operator_decorator']) retrieved from /home/airflow/.local/lib/python3.7/site-packages/airflow/example_dags/example_branch_operator_decorator.py
[2023-04-09 05:36:27,160] {logging_mixin.py:115} INFO - [2023-04-09 05:36:27,160] {dag.py:2371} INFO - Sync 1 DAGs
[2023-04-09 05:36:27,184] {logging_mixin.py:115} INFO - [2023-04-09 05:36:27,184] {dag.py:2919} INFO - Setting next_dagrun for example_branch_python_operator_decorator to 2023-04-08T00:00:00+00:00, run_after=2023-04-09T00:00:00+00:00
[2023-04-09 05:36:27,191] {processor.py:161} INFO - Processing /home/airflow/.local/lib/python3.7/site-packages/airflow/example_dags/example_branch_operator_decorator.py took 0.108 seconds
[2023-04-09 06:43:10,812] {processor.py:153} INFO - Started process (PID=52722) to work on /home/airflow/.local/lib/python3.7/site-packages/airflow/example_dags/example_branch_operator_decorator.py
[2023-04-09 06:43:10,858] {processor.py:641} INFO - Processing file /home/airflow/.local/lib/python3.7/site-packages/airflow/example_dags/example_branch_operator_decorator.py for tasks to queue
[2023-04-09 06:43:10,859] {logging_mixin.py:115} INFO - [2023-04-09 06:43:10,859] {dagbag.py:507} INFO - Filling up the DagBag from /home/airflow/.local/lib/python3.7/site-packages/airflow/example_dags/example_branch_operator_decorator.py
[2023-04-09 06:43:10,880] {processor.py:651} INFO - DAG(s) dict_keys(['example_branch_python_operator_decorator']) retrieved from /home/airflow/.local/lib/python3.7/site-packages/airflow/example_dags/example_branch_operator_decorator.py
[2023-04-09 06:43:10,912] {logging_mixin.py:115} INFO - [2023-04-09 06:43:10,912] {dag.py:2371} INFO - Sync 1 DAGs
[2023-04-09 06:43:10,943] {logging_mixin.py:115} INFO - [2023-04-09 06:43:10,943] {dag.py:2919} INFO - Setting next_dagrun for example_branch_python_operator_decorator to 2023-04-08T00:00:00+00:00, run_after=2023-04-09T00:00:00+00:00
[2023-04-09 06:43:10,950] {processor.py:161} INFO - Processing /home/airflow/.local/lib/python3.7/site-packages/airflow/example_dags/example_branch_operator_decorator.py took 0.336 seconds
[2023-04-09 07:48:23,923] {processor.py:153} INFO - Started process (PID=52783) to work on /home/airflow/.local/lib/python3.7/site-packages/airflow/example_dags/example_branch_operator_decorator.py
[2023-04-09 07:48:23,924] {processor.py:641} INFO - Processing file /home/airflow/.local/lib/python3.7/site-packages/airflow/example_dags/example_branch_operator_decorator.py for tasks to queue
[2023-04-09 07:48:23,925] {logging_mixin.py:115} INFO - [2023-04-09 07:48:23,925] {dagbag.py:507} INFO - Filling up the DagBag from /home/airflow/.local/lib/python3.7/site-packages/airflow/example_dags/example_branch_operator_decorator.py
[2023-04-09 07:48:23,934] {processor.py:651} INFO - DAG(s) dict_keys(['example_branch_python_operator_decorator']) retrieved from /home/airflow/.local/lib/python3.7/site-packages/airflow/example_dags/example_branch_operator_decorator.py
[2023-04-09 07:48:23,951] {logging_mixin.py:115} INFO - [2023-04-09 07:48:23,951] {dag.py:2371} INFO - Sync 1 DAGs
[2023-04-09 07:48:23,963] {logging_mixin.py:115} INFO - [2023-04-09 07:48:23,962] {dag.py:2919} INFO - Setting next_dagrun for example_branch_python_operator_decorator to 2023-04-08T00:00:00+00:00, run_after=2023-04-09T00:00:00+00:00
[2023-04-09 07:48:23,969] {processor.py:161} INFO - Processing /home/airflow/.local/lib/python3.7/site-packages/airflow/example_dags/example_branch_operator_decorator.py took 0.048 seconds
[2023-04-09 09:12:37,618] {processor.py:153} INFO - Started process (PID=52845) to work on /home/airflow/.local/lib/python3.7/site-packages/airflow/example_dags/example_branch_operator_decorator.py
[2023-04-09 09:12:37,619] {processor.py:641} INFO - Processing file /home/airflow/.local/lib/python3.7/site-packages/airflow/example_dags/example_branch_operator_decorator.py for tasks to queue
[2023-04-09 09:12:37,620] {logging_mixin.py:115} INFO - [2023-04-09 09:12:37,620] {dagbag.py:507} INFO - Filling up the DagBag from /home/airflow/.local/lib/python3.7/site-packages/airflow/example_dags/example_branch_operator_decorator.py
[2023-04-09 09:12:37,631] {processor.py:651} INFO - DAG(s) dict_keys(['example_branch_python_operator_decorator']) retrieved from /home/airflow/.local/lib/python3.7/site-packages/airflow/example_dags/example_branch_operator_decorator.py
[2023-04-09 09:12:37,647] {logging_mixin.py:115} INFO - [2023-04-09 09:12:37,647] {dag.py:2371} INFO - Sync 1 DAGs
[2023-04-09 09:12:37,660] {logging_mixin.py:115} INFO - [2023-04-09 09:12:37,659] {dag.py:2919} INFO - Setting next_dagrun for example_branch_python_operator_decorator to 2023-04-08T00:00:00+00:00, run_after=2023-04-09T00:00:00+00:00
[2023-04-09 09:12:37,665] {processor.py:161} INFO - Processing /home/airflow/.local/lib/python3.7/site-packages/airflow/example_dags/example_branch_operator_decorator.py took 0.050 seconds
[2023-04-09 10:19:49,679] {processor.py:153} INFO - Started process (PID=52898) to work on /home/airflow/.local/lib/python3.7/site-packages/airflow/example_dags/example_branch_operator_decorator.py
[2023-04-09 10:19:49,680] {processor.py:641} INFO - Processing file /home/airflow/.local/lib/python3.7/site-packages/airflow/example_dags/example_branch_operator_decorator.py for tasks to queue
[2023-04-09 10:19:49,680] {logging_mixin.py:115} INFO - [2023-04-09 10:19:49,680] {dagbag.py:507} INFO - Filling up the DagBag from /home/airflow/.local/lib/python3.7/site-packages/airflow/example_dags/example_branch_operator_decorator.py
[2023-04-09 10:19:49,690] {processor.py:651} INFO - DAG(s) dict_keys(['example_branch_python_operator_decorator']) retrieved from /home/airflow/.local/lib/python3.7/site-packages/airflow/example_dags/example_branch_operator_decorator.py
[2023-04-09 10:19:49,708] {logging_mixin.py:115} INFO - [2023-04-09 10:19:49,708] {dag.py:2371} INFO - Sync 1 DAGs
[2023-04-09 10:19:49,720] {logging_mixin.py:115} INFO - [2023-04-09 10:19:49,720] {dag.py:2919} INFO - Setting next_dagrun for example_branch_python_operator_decorator to 2023-04-08T00:00:00+00:00, run_after=2023-04-09T00:00:00+00:00
[2023-04-09 10:19:49,726] {processor.py:161} INFO - Processing /home/airflow/.local/lib/python3.7/site-packages/airflow/example_dags/example_branch_operator_decorator.py took 0.048 seconds
[2023-04-09 11:28:15,613] {processor.py:153} INFO - Started process (PID=52960) to work on /home/airflow/.local/lib/python3.7/site-packages/airflow/example_dags/example_branch_operator_decorator.py
[2023-04-09 11:28:15,614] {processor.py:641} INFO - Processing file /home/airflow/.local/lib/python3.7/site-packages/airflow/example_dags/example_branch_operator_decorator.py for tasks to queue
[2023-04-09 11:28:15,615] {logging_mixin.py:115} INFO - [2023-04-09 11:28:15,615] {dagbag.py:507} INFO - Filling up the DagBag from /home/airflow/.local/lib/python3.7/site-packages/airflow/example_dags/example_branch_operator_decorator.py
[2023-04-09 11:28:15,626] {processor.py:651} INFO - DAG(s) dict_keys(['example_branch_python_operator_decorator']) retrieved from /home/airflow/.local/lib/python3.7/site-packages/airflow/example_dags/example_branch_operator_decorator.py
[2023-04-09 11:28:15,642] {logging_mixin.py:115} INFO - [2023-04-09 11:28:15,642] {dag.py:2371} INFO - Sync 1 DAGs
[2023-04-09 11:28:15,654] {logging_mixin.py:115} INFO - [2023-04-09 11:28:15,654] {dag.py:2919} INFO - Setting next_dagrun for example_branch_python_operator_decorator to 2023-04-08T00:00:00+00:00, run_after=2023-04-09T00:00:00+00:00
[2023-04-09 11:28:15,660] {processor.py:161} INFO - Processing /home/airflow/.local/lib/python3.7/site-packages/airflow/example_dags/example_branch_operator_decorator.py took 0.048 seconds
[2023-04-09 12:26:26,076] {processor.py:153} INFO - Started process (PID=53022) to work on /home/airflow/.local/lib/python3.7/site-packages/airflow/example_dags/example_branch_operator_decorator.py
[2023-04-09 12:26:26,076] {processor.py:641} INFO - Processing file /home/airflow/.local/lib/python3.7/site-packages/airflow/example_dags/example_branch_operator_decorator.py for tasks to queue
[2023-04-09 12:26:26,077] {logging_mixin.py:115} INFO - [2023-04-09 12:26:26,077] {dagbag.py:507} INFO - Filling up the DagBag from /home/airflow/.local/lib/python3.7/site-packages/airflow/example_dags/example_branch_operator_decorator.py
[2023-04-09 12:26:26,087] {processor.py:651} INFO - DAG(s) dict_keys(['example_branch_python_operator_decorator']) retrieved from /home/airflow/.local/lib/python3.7/site-packages/airflow/example_dags/example_branch_operator_decorator.py
[2023-04-09 12:26:26,105] {logging_mixin.py:115} INFO - [2023-04-09 12:26:26,105] {dag.py:2371} INFO - Sync 1 DAGs
[2023-04-09 12:26:26,116] {logging_mixin.py:115} INFO - [2023-04-09 12:26:26,116] {dag.py:2919} INFO - Setting next_dagrun for example_branch_python_operator_decorator to 2023-04-08T00:00:00+00:00, run_after=2023-04-09T00:00:00+00:00
[2023-04-09 12:26:26,122] {processor.py:161} INFO - Processing /home/airflow/.local/lib/python3.7/site-packages/airflow/example_dags/example_branch_operator_decorator.py took 0.048 seconds
[2023-04-09 12:26:56,588] {processor.py:153} INFO - Started process (PID=53082) to work on /home/airflow/.local/lib/python3.7/site-packages/airflow/example_dags/example_branch_operator_decorator.py
[2023-04-09 12:26:56,589] {processor.py:641} INFO - Processing file /home/airflow/.local/lib/python3.7/site-packages/airflow/example_dags/example_branch_operator_decorator.py for tasks to queue
[2023-04-09 12:26:56,589] {logging_mixin.py:115} INFO - [2023-04-09 12:26:56,589] {dagbag.py:507} INFO - Filling up the DagBag from /home/airflow/.local/lib/python3.7/site-packages/airflow/example_dags/example_branch_operator_decorator.py
[2023-04-09 12:26:56,599] {processor.py:651} INFO - DAG(s) dict_keys(['example_branch_python_operator_decorator']) retrieved from /home/airflow/.local/lib/python3.7/site-packages/airflow/example_dags/example_branch_operator_decorator.py
[2023-04-09 12:26:56,617] {logging_mixin.py:115} INFO - [2023-04-09 12:26:56,617] {dag.py:2371} INFO - Sync 1 DAGs
[2023-04-09 12:26:56,628] {logging_mixin.py:115} INFO - [2023-04-09 12:26:56,628] {dag.py:2919} INFO - Setting next_dagrun for example_branch_python_operator_decorator to 2023-04-08T00:00:00+00:00, run_after=2023-04-09T00:00:00+00:00
[2023-04-09 12:26:56,634] {processor.py:161} INFO - Processing /home/airflow/.local/lib/python3.7/site-packages/airflow/example_dags/example_branch_operator_decorator.py took 0.048 seconds
[2023-04-09 13:15:30,909] {processor.py:153} INFO - Started process (PID=53135) to work on /home/airflow/.local/lib/python3.7/site-packages/airflow/example_dags/example_branch_operator_decorator.py
[2023-04-09 13:15:30,910] {processor.py:641} INFO - Processing file /home/airflow/.local/lib/python3.7/site-packages/airflow/example_dags/example_branch_operator_decorator.py for tasks to queue
[2023-04-09 13:15:30,911] {logging_mixin.py:115} INFO - [2023-04-09 13:15:30,911] {dagbag.py:507} INFO - Filling up the DagBag from /home/airflow/.local/lib/python3.7/site-packages/airflow/example_dags/example_branch_operator_decorator.py
[2023-04-09 13:15:30,932] {processor.py:651} INFO - DAG(s) dict_keys(['example_branch_python_operator_decorator']) retrieved from /home/airflow/.local/lib/python3.7/site-packages/airflow/example_dags/example_branch_operator_decorator.py
[2023-04-09 13:15:30,956] {logging_mixin.py:115} INFO - [2023-04-09 13:15:30,956] {dag.py:2371} INFO - Sync 1 DAGs
[2023-04-09 13:15:30,969] {logging_mixin.py:115} INFO - [2023-04-09 13:15:30,969] {dag.py:2919} INFO - Setting next_dagrun for example_branch_python_operator_decorator to 2023-04-08T00:00:00+00:00, run_after=2023-04-09T00:00:00+00:00
[2023-04-09 13:15:30,974] {processor.py:161} INFO - Processing /home/airflow/.local/lib/python3.7/site-packages/airflow/example_dags/example_branch_operator_decorator.py took 0.068 seconds
[2023-04-09 14:38:32,662] {processor.py:153} INFO - Started process (PID=53197) to work on /home/airflow/.local/lib/python3.7/site-packages/airflow/example_dags/example_branch_operator_decorator.py
[2023-04-09 14:38:32,663] {processor.py:641} INFO - Processing file /home/airflow/.local/lib/python3.7/site-packages/airflow/example_dags/example_branch_operator_decorator.py for tasks to queue
[2023-04-09 14:38:32,664] {logging_mixin.py:115} INFO - [2023-04-09 14:38:32,664] {dagbag.py:507} INFO - Filling up the DagBag from /home/airflow/.local/lib/python3.7/site-packages/airflow/example_dags/example_branch_operator_decorator.py
[2023-04-09 14:38:32,674] {processor.py:651} INFO - DAG(s) dict_keys(['example_branch_python_operator_decorator']) retrieved from /home/airflow/.local/lib/python3.7/site-packages/airflow/example_dags/example_branch_operator_decorator.py
[2023-04-09 14:38:32,692] {logging_mixin.py:115} INFO - [2023-04-09 14:38:32,692] {dag.py:2371} INFO - Sync 1 DAGs
[2023-04-09 14:38:32,703] {logging_mixin.py:115} INFO - [2023-04-09 14:38:32,703] {dag.py:2919} INFO - Setting next_dagrun for example_branch_python_operator_decorator to 2023-04-08T00:00:00+00:00, run_after=2023-04-09T00:00:00+00:00
[2023-04-09 14:38:32,709] {processor.py:161} INFO - Processing /home/airflow/.local/lib/python3.7/site-packages/airflow/example_dags/example_branch_operator_decorator.py took 0.049 seconds
[2023-04-09 15:42:41,802] {processor.py:153} INFO - Started process (PID=53260) to work on /home/airflow/.local/lib/python3.7/site-packages/airflow/example_dags/example_branch_operator_decorator.py
[2023-04-09 15:42:41,803] {processor.py:641} INFO - Processing file /home/airflow/.local/lib/python3.7/site-packages/airflow/example_dags/example_branch_operator_decorator.py for tasks to queue
[2023-04-09 15:42:41,803] {logging_mixin.py:115} INFO - [2023-04-09 15:42:41,803] {dagbag.py:507} INFO - Filling up the DagBag from /home/airflow/.local/lib/python3.7/site-packages/airflow/example_dags/example_branch_operator_decorator.py
[2023-04-09 15:42:41,814] {processor.py:651} INFO - DAG(s) dict_keys(['example_branch_python_operator_decorator']) retrieved from /home/airflow/.local/lib/python3.7/site-packages/airflow/example_dags/example_branch_operator_decorator.py
[2023-04-09 15:42:41,832] {logging_mixin.py:115} INFO - [2023-04-09 15:42:41,832] {dag.py:2371} INFO - Sync 1 DAGs
[2023-04-09 15:42:41,843] {logging_mixin.py:115} INFO - [2023-04-09 15:42:41,843] {dag.py:2919} INFO - Setting next_dagrun for example_branch_python_operator_decorator to 2023-04-08T00:00:00+00:00, run_after=2023-04-09T00:00:00+00:00
[2023-04-09 15:42:41,849] {processor.py:161} INFO - Processing /home/airflow/.local/lib/python3.7/site-packages/airflow/example_dags/example_branch_operator_decorator.py took 0.049 seconds
[2023-04-09 16:47:06,211] {processor.py:153} INFO - Started process (PID=53321) to work on /home/airflow/.local/lib/python3.7/site-packages/airflow/example_dags/example_branch_operator_decorator.py
[2023-04-09 16:47:06,211] {processor.py:641} INFO - Processing file /home/airflow/.local/lib/python3.7/site-packages/airflow/example_dags/example_branch_operator_decorator.py for tasks to queue
[2023-04-09 16:47:06,212] {logging_mixin.py:115} INFO - [2023-04-09 16:47:06,212] {dagbag.py:507} INFO - Filling up the DagBag from /home/airflow/.local/lib/python3.7/site-packages/airflow/example_dags/example_branch_operator_decorator.py
[2023-04-09 16:47:06,222] {processor.py:651} INFO - DAG(s) dict_keys(['example_branch_python_operator_decorator']) retrieved from /home/airflow/.local/lib/python3.7/site-packages/airflow/example_dags/example_branch_operator_decorator.py
[2023-04-09 16:47:06,238] {logging_mixin.py:115} INFO - [2023-04-09 16:47:06,238] {dag.py:2371} INFO - Sync 1 DAGs
[2023-04-09 16:47:06,249] {logging_mixin.py:115} INFO - [2023-04-09 16:47:06,249] {dag.py:2919} INFO - Setting next_dagrun for example_branch_python_operator_decorator to 2023-04-08T00:00:00+00:00, run_after=2023-04-09T00:00:00+00:00
[2023-04-09 16:47:06,255] {processor.py:161} INFO - Processing /home/airflow/.local/lib/python3.7/site-packages/airflow/example_dags/example_branch_operator_decorator.py took 0.046 seconds
[2023-04-09 18:07:29,385] {processor.py:153} INFO - Started process (PID=53384) to work on /home/airflow/.local/lib/python3.7/site-packages/airflow/example_dags/example_branch_operator_decorator.py
[2023-04-09 18:07:29,386] {processor.py:641} INFO - Processing file /home/airflow/.local/lib/python3.7/site-packages/airflow/example_dags/example_branch_operator_decorator.py for tasks to queue
[2023-04-09 18:07:29,386] {logging_mixin.py:115} INFO - [2023-04-09 18:07:29,386] {dagbag.py:507} INFO - Filling up the DagBag from /home/airflow/.local/lib/python3.7/site-packages/airflow/example_dags/example_branch_operator_decorator.py
[2023-04-09 18:07:29,397] {processor.py:651} INFO - DAG(s) dict_keys(['example_branch_python_operator_decorator']) retrieved from /home/airflow/.local/lib/python3.7/site-packages/airflow/example_dags/example_branch_operator_decorator.py
[2023-04-09 18:07:29,414] {logging_mixin.py:115} INFO - [2023-04-09 18:07:29,414] {dag.py:2371} INFO - Sync 1 DAGs
[2023-04-09 18:07:29,426] {logging_mixin.py:115} INFO - [2023-04-09 18:07:29,426] {dag.py:2919} INFO - Setting next_dagrun for example_branch_python_operator_decorator to 2023-04-08T00:00:00+00:00, run_after=2023-04-09T00:00:00+00:00
[2023-04-09 18:07:29,432] {processor.py:161} INFO - Processing /home/airflow/.local/lib/python3.7/site-packages/airflow/example_dags/example_branch_operator_decorator.py took 0.050 seconds
[2023-04-09 19:15:09,795] {processor.py:153} INFO - Started process (PID=53437) to work on /home/airflow/.local/lib/python3.7/site-packages/airflow/example_dags/example_branch_operator_decorator.py
[2023-04-09 19:15:09,795] {processor.py:641} INFO - Processing file /home/airflow/.local/lib/python3.7/site-packages/airflow/example_dags/example_branch_operator_decorator.py for tasks to queue
[2023-04-09 19:15:09,796] {logging_mixin.py:115} INFO - [2023-04-09 19:15:09,796] {dagbag.py:507} INFO - Filling up the DagBag from /home/airflow/.local/lib/python3.7/site-packages/airflow/example_dags/example_branch_operator_decorator.py
[2023-04-09 19:15:09,806] {processor.py:651} INFO - DAG(s) dict_keys(['example_branch_python_operator_decorator']) retrieved from /home/airflow/.local/lib/python3.7/site-packages/airflow/example_dags/example_branch_operator_decorator.py
[2023-04-09 19:15:09,822] {logging_mixin.py:115} INFO - [2023-04-09 19:15:09,822] {dag.py:2371} INFO - Sync 1 DAGs
[2023-04-09 19:15:09,834] {logging_mixin.py:115} INFO - [2023-04-09 19:15:09,833] {dag.py:2919} INFO - Setting next_dagrun for example_branch_python_operator_decorator to 2023-04-08T00:00:00+00:00, run_after=2023-04-09T00:00:00+00:00
[2023-04-09 19:15:09,839] {processor.py:161} INFO - Processing /home/airflow/.local/lib/python3.7/site-packages/airflow/example_dags/example_branch_operator_decorator.py took 0.047 seconds
[2023-04-09 19:35:33,526] {processor.py:153} INFO - Started process (PID=53500) to work on /home/airflow/.local/lib/python3.7/site-packages/airflow/example_dags/example_branch_operator_decorator.py
[2023-04-09 19:35:33,527] {processor.py:641} INFO - Processing file /home/airflow/.local/lib/python3.7/site-packages/airflow/example_dags/example_branch_operator_decorator.py for tasks to queue
[2023-04-09 19:35:33,527] {logging_mixin.py:115} INFO - [2023-04-09 19:35:33,527] {dagbag.py:507} INFO - Filling up the DagBag from /home/airflow/.local/lib/python3.7/site-packages/airflow/example_dags/example_branch_operator_decorator.py
[2023-04-09 19:35:33,537] {processor.py:651} INFO - DAG(s) dict_keys(['example_branch_python_operator_decorator']) retrieved from /home/airflow/.local/lib/python3.7/site-packages/airflow/example_dags/example_branch_operator_decorator.py
[2023-04-09 19:35:33,555] {logging_mixin.py:115} INFO - [2023-04-09 19:35:33,555] {dag.py:2371} INFO - Sync 1 DAGs
[2023-04-09 19:35:33,566] {logging_mixin.py:115} INFO - [2023-04-09 19:35:33,566] {dag.py:2919} INFO - Setting next_dagrun for example_branch_python_operator_decorator to 2023-04-08T00:00:00+00:00, run_after=2023-04-09T00:00:00+00:00
[2023-04-09 19:35:33,571] {processor.py:161} INFO - Processing /home/airflow/.local/lib/python3.7/site-packages/airflow/example_dags/example_branch_operator_decorator.py took 0.047 seconds
[2023-04-09 19:52:00,673] {processor.py:153} INFO - Started process (PID=53562) to work on /home/airflow/.local/lib/python3.7/site-packages/airflow/example_dags/example_branch_operator_decorator.py
[2023-04-09 19:52:00,674] {processor.py:641} INFO - Processing file /home/airflow/.local/lib/python3.7/site-packages/airflow/example_dags/example_branch_operator_decorator.py for tasks to queue
[2023-04-09 19:52:00,674] {logging_mixin.py:115} INFO - [2023-04-09 19:52:00,674] {dagbag.py:507} INFO - Filling up the DagBag from /home/airflow/.local/lib/python3.7/site-packages/airflow/example_dags/example_branch_operator_decorator.py
[2023-04-09 19:52:00,685] {processor.py:651} INFO - DAG(s) dict_keys(['example_branch_python_operator_decorator']) retrieved from /home/airflow/.local/lib/python3.7/site-packages/airflow/example_dags/example_branch_operator_decorator.py
[2023-04-09 19:52:00,702] {logging_mixin.py:115} INFO - [2023-04-09 19:52:00,702] {dag.py:2371} INFO - Sync 1 DAGs
[2023-04-09 19:52:00,714] {logging_mixin.py:115} INFO - [2023-04-09 19:52:00,714] {dag.py:2919} INFO - Setting next_dagrun for example_branch_python_operator_decorator to 2023-04-08T00:00:00+00:00, run_after=2023-04-09T00:00:00+00:00
[2023-04-09 19:52:00,720] {processor.py:161} INFO - Processing /home/airflow/.local/lib/python3.7/site-packages/airflow/example_dags/example_branch_operator_decorator.py took 0.049 seconds
[2023-04-09 20:39:31,128] {processor.py:153} INFO - Started process (PID=53623) to work on /home/airflow/.local/lib/python3.7/site-packages/airflow/example_dags/example_branch_operator_decorator.py
[2023-04-09 20:39:31,128] {processor.py:641} INFO - Processing file /home/airflow/.local/lib/python3.7/site-packages/airflow/example_dags/example_branch_operator_decorator.py for tasks to queue
[2023-04-09 20:39:31,129] {logging_mixin.py:115} INFO - [2023-04-09 20:39:31,129] {dagbag.py:507} INFO - Filling up the DagBag from /home/airflow/.local/lib/python3.7/site-packages/airflow/example_dags/example_branch_operator_decorator.py
[2023-04-09 20:39:31,141] {processor.py:651} INFO - DAG(s) dict_keys(['example_branch_python_operator_decorator']) retrieved from /home/airflow/.local/lib/python3.7/site-packages/airflow/example_dags/example_branch_operator_decorator.py
[2023-04-09 20:39:31,159] {logging_mixin.py:115} INFO - [2023-04-09 20:39:31,159] {dag.py:2371} INFO - Sync 1 DAGs
[2023-04-09 20:39:31,170] {logging_mixin.py:115} INFO - [2023-04-09 20:39:31,170] {dag.py:2919} INFO - Setting next_dagrun for example_branch_python_operator_decorator to 2023-04-08T00:00:00+00:00, run_after=2023-04-09T00:00:00+00:00
[2023-04-09 20:39:31,176] {processor.py:161} INFO - Processing /home/airflow/.local/lib/python3.7/site-packages/airflow/example_dags/example_branch_operator_decorator.py took 0.051 seconds
[2023-04-09 20:40:01,538] {processor.py:153} INFO - Started process (PID=53683) to work on /home/airflow/.local/lib/python3.7/site-packages/airflow/example_dags/example_branch_operator_decorator.py
[2023-04-09 20:40:01,538] {processor.py:641} INFO - Processing file /home/airflow/.local/lib/python3.7/site-packages/airflow/example_dags/example_branch_operator_decorator.py for tasks to queue
[2023-04-09 20:40:01,539] {logging_mixin.py:115} INFO - [2023-04-09 20:40:01,539] {dagbag.py:507} INFO - Filling up the DagBag from /home/airflow/.local/lib/python3.7/site-packages/airflow/example_dags/example_branch_operator_decorator.py
[2023-04-09 20:40:01,549] {processor.py:651} INFO - DAG(s) dict_keys(['example_branch_python_operator_decorator']) retrieved from /home/airflow/.local/lib/python3.7/site-packages/airflow/example_dags/example_branch_operator_decorator.py
[2023-04-09 20:40:01,566] {logging_mixin.py:115} INFO - [2023-04-09 20:40:01,566] {dag.py:2371} INFO - Sync 1 DAGs
[2023-04-09 20:40:01,578] {logging_mixin.py:115} INFO - [2023-04-09 20:40:01,578] {dag.py:2919} INFO - Setting next_dagrun for example_branch_python_operator_decorator to 2023-04-08T00:00:00+00:00, run_after=2023-04-09T00:00:00+00:00
[2023-04-09 20:40:01,583] {processor.py:161} INFO - Processing /home/airflow/.local/lib/python3.7/site-packages/airflow/example_dags/example_branch_operator_decorator.py took 0.048 seconds
[2023-04-09 21:48:51,309] {processor.py:153} INFO - Started process (PID=53737) to work on /home/airflow/.local/lib/python3.7/site-packages/airflow/example_dags/example_branch_operator_decorator.py
[2023-04-09 21:48:51,310] {processor.py:641} INFO - Processing file /home/airflow/.local/lib/python3.7/site-packages/airflow/example_dags/example_branch_operator_decorator.py for tasks to queue
[2023-04-09 21:48:51,310] {logging_mixin.py:115} INFO - [2023-04-09 21:48:51,310] {dagbag.py:507} INFO - Filling up the DagBag from /home/airflow/.local/lib/python3.7/site-packages/airflow/example_dags/example_branch_operator_decorator.py
[2023-04-09 21:48:51,321] {processor.py:651} INFO - DAG(s) dict_keys(['example_branch_python_operator_decorator']) retrieved from /home/airflow/.local/lib/python3.7/site-packages/airflow/example_dags/example_branch_operator_decorator.py
[2023-04-09 21:48:51,337] {logging_mixin.py:115} INFO - [2023-04-09 21:48:51,337] {dag.py:2371} INFO - Sync 1 DAGs
[2023-04-09 21:48:51,350] {logging_mixin.py:115} INFO - [2023-04-09 21:48:51,350] {dag.py:2919} INFO - Setting next_dagrun for example_branch_python_operator_decorator to 2023-04-08T00:00:00+00:00, run_after=2023-04-09T00:00:00+00:00
[2023-04-09 21:48:51,358] {processor.py:161} INFO - Processing /home/airflow/.local/lib/python3.7/site-packages/airflow/example_dags/example_branch_operator_decorator.py took 0.051 seconds
[2023-04-09 22:37:32,324] {processor.py:153} INFO - Started process (PID=53799) to work on /home/airflow/.local/lib/python3.7/site-packages/airflow/example_dags/example_branch_operator_decorator.py
[2023-04-09 22:37:32,325] {processor.py:641} INFO - Processing file /home/airflow/.local/lib/python3.7/site-packages/airflow/example_dags/example_branch_operator_decorator.py for tasks to queue
[2023-04-09 22:37:32,326] {logging_mixin.py:115} INFO - [2023-04-09 22:37:32,326] {dagbag.py:507} INFO - Filling up the DagBag from /home/airflow/.local/lib/python3.7/site-packages/airflow/example_dags/example_branch_operator_decorator.py
[2023-04-09 22:37:32,338] {processor.py:651} INFO - DAG(s) dict_keys(['example_branch_python_operator_decorator']) retrieved from /home/airflow/.local/lib/python3.7/site-packages/airflow/example_dags/example_branch_operator_decorator.py
[2023-04-09 22:37:32,356] {logging_mixin.py:115} INFO - [2023-04-09 22:37:32,355] {dag.py:2371} INFO - Sync 1 DAGs
[2023-04-09 22:37:32,368] {logging_mixin.py:115} INFO - [2023-04-09 22:37:32,368] {dag.py:2919} INFO - Setting next_dagrun for example_branch_python_operator_decorator to 2023-04-08T00:00:00+00:00, run_after=2023-04-09T00:00:00+00:00
[2023-04-09 22:37:32,374] {processor.py:161} INFO - Processing /home/airflow/.local/lib/python3.7/site-packages/airflow/example_dags/example_branch_operator_decorator.py took 0.052 seconds
[2023-04-09 23:42:58,090] {processor.py:153} INFO - Started process (PID=53861) to work on /home/airflow/.local/lib/python3.7/site-packages/airflow/example_dags/example_branch_operator_decorator.py
[2023-04-09 23:42:58,091] {processor.py:641} INFO - Processing file /home/airflow/.local/lib/python3.7/site-packages/airflow/example_dags/example_branch_operator_decorator.py for tasks to queue
[2023-04-09 23:42:58,091] {logging_mixin.py:115} INFO - [2023-04-09 23:42:58,091] {dagbag.py:507} INFO - Filling up the DagBag from /home/airflow/.local/lib/python3.7/site-packages/airflow/example_dags/example_branch_operator_decorator.py
[2023-04-09 23:42:58,102] {processor.py:651} INFO - DAG(s) dict_keys(['example_branch_python_operator_decorator']) retrieved from /home/airflow/.local/lib/python3.7/site-packages/airflow/example_dags/example_branch_operator_decorator.py
[2023-04-09 23:42:58,120] {logging_mixin.py:115} INFO - [2023-04-09 23:42:58,120] {dag.py:2371} INFO - Sync 1 DAGs
[2023-04-09 23:42:58,133] {logging_mixin.py:115} INFO - [2023-04-09 23:42:58,133] {dag.py:2919} INFO - Setting next_dagrun for example_branch_python_operator_decorator to 2023-04-08T00:00:00+00:00, run_after=2023-04-09T00:00:00+00:00
[2023-04-09 23:42:58,139] {processor.py:161} INFO - Processing /home/airflow/.local/lib/python3.7/site-packages/airflow/example_dags/example_branch_operator_decorator.py took 0.051 seconds
