[2023-04-09 00:07:31,771] {processor.py:153} INFO - Started process (PID=52214) to work on /home/airflow/.local/lib/python3.7/site-packages/airflow/example_dags/example_nested_branch_dag.py
[2023-04-09 00:07:31,774] {processor.py:641} INFO - Processing file /home/airflow/.local/lib/python3.7/site-packages/airflow/example_dags/example_nested_branch_dag.py for tasks to queue
[2023-04-09 00:07:31,777] {logging_mixin.py:115} INFO - [2023-04-09 00:07:31,777] {dagbag.py:507} INFO - Filling up the DagBag from /home/airflow/.local/lib/python3.7/site-packages/airflow/example_dags/example_nested_branch_dag.py
[2023-04-09 00:07:31,792] {processor.py:651} INFO - DAG(s) dict_keys(['example_nested_branch_dag']) retrieved from /home/airflow/.local/lib/python3.7/site-packages/airflow/example_dags/example_nested_branch_dag.py
[2023-04-09 00:07:31,860] {logging_mixin.py:115} INFO - [2023-04-09 00:07:31,860] {dag.py:2371} INFO - Sync 1 DAGs
[2023-04-09 00:07:31,920] {logging_mixin.py:115} INFO - [2023-04-09 00:07:31,920] {dag.py:2919} INFO - Setting next_dagrun for example_nested_branch_dag to 2023-04-08T00:00:00+00:00, run_after=2023-04-09T00:00:00+00:00
[2023-04-09 00:07:31,936] {processor.py:161} INFO - Processing /home/airflow/.local/lib/python3.7/site-packages/airflow/example_dags/example_nested_branch_dag.py took 0.167 seconds
[2023-04-09 00:08:02,779] {processor.py:153} INFO - Started process (PID=52270) to work on /home/airflow/.local/lib/python3.7/site-packages/airflow/example_dags/example_nested_branch_dag.py
[2023-04-09 00:08:02,779] {processor.py:641} INFO - Processing file /home/airflow/.local/lib/python3.7/site-packages/airflow/example_dags/example_nested_branch_dag.py for tasks to queue
[2023-04-09 00:08:02,780] {logging_mixin.py:115} INFO - [2023-04-09 00:08:02,780] {dagbag.py:507} INFO - Filling up the DagBag from /home/airflow/.local/lib/python3.7/site-packages/airflow/example_dags/example_nested_branch_dag.py
[2023-04-09 00:08:02,785] {processor.py:651} INFO - DAG(s) dict_keys(['example_nested_branch_dag']) retrieved from /home/airflow/.local/lib/python3.7/site-packages/airflow/example_dags/example_nested_branch_dag.py
[2023-04-09 00:08:02,802] {logging_mixin.py:115} INFO - [2023-04-09 00:08:02,802] {dag.py:2371} INFO - Sync 1 DAGs
[2023-04-09 00:08:02,814] {logging_mixin.py:115} INFO - [2023-04-09 00:08:02,814] {dag.py:2919} INFO - Setting next_dagrun for example_nested_branch_dag to 2023-04-08T00:00:00+00:00, run_after=2023-04-09T00:00:00+00:00
[2023-04-09 00:08:02,820] {processor.py:161} INFO - Processing /home/airflow/.local/lib/python3.7/site-packages/airflow/example_dags/example_nested_branch_dag.py took 0.043 seconds
[2023-04-09 01:15:19,375] {processor.py:153} INFO - Started process (PID=52332) to work on /home/airflow/.local/lib/python3.7/site-packages/airflow/example_dags/example_nested_branch_dag.py
[2023-04-09 01:15:19,376] {processor.py:641} INFO - Processing file /home/airflow/.local/lib/python3.7/site-packages/airflow/example_dags/example_nested_branch_dag.py for tasks to queue
[2023-04-09 01:15:19,377] {logging_mixin.py:115} INFO - [2023-04-09 01:15:19,377] {dagbag.py:507} INFO - Filling up the DagBag from /home/airflow/.local/lib/python3.7/site-packages/airflow/example_dags/example_nested_branch_dag.py
[2023-04-09 01:15:19,384] {processor.py:651} INFO - DAG(s) dict_keys(['example_nested_branch_dag']) retrieved from /home/airflow/.local/lib/python3.7/site-packages/airflow/example_dags/example_nested_branch_dag.py
[2023-04-09 01:15:19,402] {logging_mixin.py:115} INFO - [2023-04-09 01:15:19,402] {dag.py:2371} INFO - Sync 1 DAGs
[2023-04-09 01:15:19,414] {logging_mixin.py:115} INFO - [2023-04-09 01:15:19,414] {dag.py:2919} INFO - Setting next_dagrun for example_nested_branch_dag to 2023-04-08T00:00:00+00:00, run_after=2023-04-09T00:00:00+00:00
[2023-04-09 01:15:19,420] {processor.py:161} INFO - Processing /home/airflow/.local/lib/python3.7/site-packages/airflow/example_dags/example_nested_branch_dag.py took 0.046 seconds
[2023-04-09 02:21:40,961] {processor.py:153} INFO - Started process (PID=52393) to work on /home/airflow/.local/lib/python3.7/site-packages/airflow/example_dags/example_nested_branch_dag.py
[2023-04-09 02:21:40,965] {processor.py:641} INFO - Processing file /home/airflow/.local/lib/python3.7/site-packages/airflow/example_dags/example_nested_branch_dag.py for tasks to queue
[2023-04-09 02:21:40,965] {logging_mixin.py:115} INFO - [2023-04-09 02:21:40,965] {dagbag.py:507} INFO - Filling up the DagBag from /home/airflow/.local/lib/python3.7/site-packages/airflow/example_dags/example_nested_branch_dag.py
[2023-04-09 02:21:40,981] {processor.py:651} INFO - DAG(s) dict_keys(['example_nested_branch_dag']) retrieved from /home/airflow/.local/lib/python3.7/site-packages/airflow/example_dags/example_nested_branch_dag.py
[2023-04-09 02:21:41,022] {logging_mixin.py:115} INFO - [2023-04-09 02:21:41,022] {dag.py:2371} INFO - Sync 1 DAGs
[2023-04-09 02:21:41,052] {logging_mixin.py:115} INFO - [2023-04-09 02:21:41,052] {dag.py:2919} INFO - Setting next_dagrun for example_nested_branch_dag to 2023-04-08T00:00:00+00:00, run_after=2023-04-09T00:00:00+00:00
[2023-04-09 02:21:41,067] {processor.py:161} INFO - Processing /home/airflow/.local/lib/python3.7/site-packages/airflow/example_dags/example_nested_branch_dag.py took 0.109 seconds
[2023-04-09 03:46:30,052] {processor.py:153} INFO - Started process (PID=52455) to work on /home/airflow/.local/lib/python3.7/site-packages/airflow/example_dags/example_nested_branch_dag.py
[2023-04-09 03:46:30,052] {processor.py:641} INFO - Processing file /home/airflow/.local/lib/python3.7/site-packages/airflow/example_dags/example_nested_branch_dag.py for tasks to queue
[2023-04-09 03:46:30,053] {logging_mixin.py:115} INFO - [2023-04-09 03:46:30,053] {dagbag.py:507} INFO - Filling up the DagBag from /home/airflow/.local/lib/python3.7/site-packages/airflow/example_dags/example_nested_branch_dag.py
[2023-04-09 03:46:30,059] {processor.py:651} INFO - DAG(s) dict_keys(['example_nested_branch_dag']) retrieved from /home/airflow/.local/lib/python3.7/site-packages/airflow/example_dags/example_nested_branch_dag.py
[2023-04-09 03:46:30,075] {logging_mixin.py:115} INFO - [2023-04-09 03:46:30,075] {dag.py:2371} INFO - Sync 1 DAGs
[2023-04-09 03:46:30,086] {logging_mixin.py:115} INFO - [2023-04-09 03:46:30,086] {dag.py:2919} INFO - Setting next_dagrun for example_nested_branch_dag to 2023-04-08T00:00:00+00:00, run_after=2023-04-09T00:00:00+00:00
[2023-04-09 03:46:30,091] {processor.py:161} INFO - Processing /home/airflow/.local/lib/python3.7/site-packages/airflow/example_dags/example_nested_branch_dag.py took 0.041 seconds
[2023-04-09 04:13:35,197] {processor.py:153} INFO - Started process (PID=52508) to work on /home/airflow/.local/lib/python3.7/site-packages/airflow/example_dags/example_nested_branch_dag.py
[2023-04-09 04:13:35,198] {processor.py:641} INFO - Processing file /home/airflow/.local/lib/python3.7/site-packages/airflow/example_dags/example_nested_branch_dag.py for tasks to queue
[2023-04-09 04:13:35,201] {logging_mixin.py:115} INFO - [2023-04-09 04:13:35,201] {dagbag.py:507} INFO - Filling up the DagBag from /home/airflow/.local/lib/python3.7/site-packages/airflow/example_dags/example_nested_branch_dag.py
[2023-04-09 04:13:35,218] {processor.py:651} INFO - DAG(s) dict_keys(['example_nested_branch_dag']) retrieved from /home/airflow/.local/lib/python3.7/site-packages/airflow/example_dags/example_nested_branch_dag.py
[2023-04-09 04:13:35,288] {logging_mixin.py:115} INFO - [2023-04-09 04:13:35,288] {dag.py:2371} INFO - Sync 1 DAGs
[2023-04-09 04:13:35,340] {logging_mixin.py:115} INFO - [2023-04-09 04:13:35,340] {dag.py:2919} INFO - Setting next_dagrun for example_nested_branch_dag to 2023-04-08T00:00:00+00:00, run_after=2023-04-09T00:00:00+00:00
[2023-04-09 04:13:35,350] {processor.py:161} INFO - Processing /home/airflow/.local/lib/python3.7/site-packages/airflow/example_dags/example_nested_branch_dag.py took 0.158 seconds
[2023-04-09 04:30:53,326] {processor.py:153} INFO - Started process (PID=52570) to work on /home/airflow/.local/lib/python3.7/site-packages/airflow/example_dags/example_nested_branch_dag.py
[2023-04-09 04:30:53,327] {processor.py:641} INFO - Processing file /home/airflow/.local/lib/python3.7/site-packages/airflow/example_dags/example_nested_branch_dag.py for tasks to queue
[2023-04-09 04:30:53,328] {logging_mixin.py:115} INFO - [2023-04-09 04:30:53,328] {dagbag.py:507} INFO - Filling up the DagBag from /home/airflow/.local/lib/python3.7/site-packages/airflow/example_dags/example_nested_branch_dag.py
[2023-04-09 04:30:53,334] {processor.py:651} INFO - DAG(s) dict_keys(['example_nested_branch_dag']) retrieved from /home/airflow/.local/lib/python3.7/site-packages/airflow/example_dags/example_nested_branch_dag.py
[2023-04-09 04:30:53,350] {logging_mixin.py:115} INFO - [2023-04-09 04:30:53,350] {dag.py:2371} INFO - Sync 1 DAGs
[2023-04-09 04:30:53,361] {logging_mixin.py:115} INFO - [2023-04-09 04:30:53,361] {dag.py:2919} INFO - Setting next_dagrun for example_nested_branch_dag to 2023-04-08T00:00:00+00:00, run_after=2023-04-09T00:00:00+00:00
[2023-04-09 04:30:53,366] {processor.py:161} INFO - Processing /home/airflow/.local/lib/python3.7/site-packages/airflow/example_dags/example_nested_branch_dag.py took 0.042 seconds
[2023-04-09 05:36:25,617] {processor.py:153} INFO - Started process (PID=52632) to work on /home/airflow/.local/lib/python3.7/site-packages/airflow/example_dags/example_nested_branch_dag.py
[2023-04-09 05:36:25,618] {processor.py:641} INFO - Processing file /home/airflow/.local/lib/python3.7/site-packages/airflow/example_dags/example_nested_branch_dag.py for tasks to queue
[2023-04-09 05:36:25,619] {logging_mixin.py:115} INFO - [2023-04-09 05:36:25,619] {dagbag.py:507} INFO - Filling up the DagBag from /home/airflow/.local/lib/python3.7/site-packages/airflow/example_dags/example_nested_branch_dag.py
[2023-04-09 05:36:25,627] {processor.py:651} INFO - DAG(s) dict_keys(['example_nested_branch_dag']) retrieved from /home/airflow/.local/lib/python3.7/site-packages/airflow/example_dags/example_nested_branch_dag.py
[2023-04-09 05:36:25,649] {logging_mixin.py:115} INFO - [2023-04-09 05:36:25,649] {dag.py:2371} INFO - Sync 1 DAGs
[2023-04-09 05:36:25,662] {logging_mixin.py:115} INFO - [2023-04-09 05:36:25,662] {dag.py:2919} INFO - Setting next_dagrun for example_nested_branch_dag to 2023-04-08T00:00:00+00:00, run_after=2023-04-09T00:00:00+00:00
[2023-04-09 05:36:25,668] {processor.py:161} INFO - Processing /home/airflow/.local/lib/python3.7/site-packages/airflow/example_dags/example_nested_branch_dag.py took 0.053 seconds
[2023-04-09 06:43:09,000] {processor.py:153} INFO - Started process (PID=52694) to work on /home/airflow/.local/lib/python3.7/site-packages/airflow/example_dags/example_nested_branch_dag.py
[2023-04-09 06:43:09,007] {processor.py:641} INFO - Processing file /home/airflow/.local/lib/python3.7/site-packages/airflow/example_dags/example_nested_branch_dag.py for tasks to queue
[2023-04-09 06:43:09,007] {logging_mixin.py:115} INFO - [2023-04-09 06:43:09,007] {dagbag.py:507} INFO - Filling up the DagBag from /home/airflow/.local/lib/python3.7/site-packages/airflow/example_dags/example_nested_branch_dag.py
[2023-04-09 06:43:09,016] {processor.py:651} INFO - DAG(s) dict_keys(['example_nested_branch_dag']) retrieved from /home/airflow/.local/lib/python3.7/site-packages/airflow/example_dags/example_nested_branch_dag.py
[2023-04-09 06:43:09,057] {logging_mixin.py:115} INFO - [2023-04-09 06:43:09,057] {dag.py:2371} INFO - Sync 1 DAGs
[2023-04-09 06:43:09,081] {logging_mixin.py:115} INFO - [2023-04-09 06:43:09,081] {dag.py:2919} INFO - Setting next_dagrun for example_nested_branch_dag to 2023-04-08T00:00:00+00:00, run_after=2023-04-09T00:00:00+00:00
[2023-04-09 06:43:09,099] {processor.py:161} INFO - Processing /home/airflow/.local/lib/python3.7/site-packages/airflow/example_dags/example_nested_branch_dag.py took 0.102 seconds
[2023-04-09 07:48:22,415] {processor.py:153} INFO - Started process (PID=52755) to work on /home/airflow/.local/lib/python3.7/site-packages/airflow/example_dags/example_nested_branch_dag.py
[2023-04-09 07:48:22,417] {processor.py:641} INFO - Processing file /home/airflow/.local/lib/python3.7/site-packages/airflow/example_dags/example_nested_branch_dag.py for tasks to queue
[2023-04-09 07:48:22,418] {logging_mixin.py:115} INFO - [2023-04-09 07:48:22,418] {dagbag.py:507} INFO - Filling up the DagBag from /home/airflow/.local/lib/python3.7/site-packages/airflow/example_dags/example_nested_branch_dag.py
[2023-04-09 07:48:22,431] {processor.py:651} INFO - DAG(s) dict_keys(['example_nested_branch_dag']) retrieved from /home/airflow/.local/lib/python3.7/site-packages/airflow/example_dags/example_nested_branch_dag.py
[2023-04-09 07:48:22,460] {logging_mixin.py:115} INFO - [2023-04-09 07:48:22,460] {dag.py:2371} INFO - Sync 1 DAGs
[2023-04-09 07:48:22,477] {logging_mixin.py:115} INFO - [2023-04-09 07:48:22,477] {dag.py:2919} INFO - Setting next_dagrun for example_nested_branch_dag to 2023-04-08T00:00:00+00:00, run_after=2023-04-09T00:00:00+00:00
[2023-04-09 07:48:22,488] {processor.py:161} INFO - Processing /home/airflow/.local/lib/python3.7/site-packages/airflow/example_dags/example_nested_branch_dag.py took 0.075 seconds
[2023-04-09 09:12:36,415] {processor.py:153} INFO - Started process (PID=52808) to work on /home/airflow/.local/lib/python3.7/site-packages/airflow/example_dags/example_nested_branch_dag.py
[2023-04-09 09:12:36,419] {processor.py:641} INFO - Processing file /home/airflow/.local/lib/python3.7/site-packages/airflow/example_dags/example_nested_branch_dag.py for tasks to queue
[2023-04-09 09:12:36,420] {logging_mixin.py:115} INFO - [2023-04-09 09:12:36,419] {dagbag.py:507} INFO - Filling up the DagBag from /home/airflow/.local/lib/python3.7/site-packages/airflow/example_dags/example_nested_branch_dag.py
[2023-04-09 09:12:36,429] {processor.py:651} INFO - DAG(s) dict_keys(['example_nested_branch_dag']) retrieved from /home/airflow/.local/lib/python3.7/site-packages/airflow/example_dags/example_nested_branch_dag.py
[2023-04-09 09:12:36,458] {logging_mixin.py:115} INFO - [2023-04-09 09:12:36,458] {dag.py:2371} INFO - Sync 1 DAGs
[2023-04-09 09:12:36,483] {logging_mixin.py:115} INFO - [2023-04-09 09:12:36,483] {dag.py:2919} INFO - Setting next_dagrun for example_nested_branch_dag to 2023-04-08T00:00:00+00:00, run_after=2023-04-09T00:00:00+00:00
[2023-04-09 09:12:36,500] {processor.py:161} INFO - Processing /home/airflow/.local/lib/python3.7/site-packages/airflow/example_dags/example_nested_branch_dag.py took 0.088 seconds
[2023-04-09 10:19:48,164] {processor.py:153} INFO - Started process (PID=52870) to work on /home/airflow/.local/lib/python3.7/site-packages/airflow/example_dags/example_nested_branch_dag.py
[2023-04-09 10:19:48,166] {processor.py:641} INFO - Processing file /home/airflow/.local/lib/python3.7/site-packages/airflow/example_dags/example_nested_branch_dag.py for tasks to queue
[2023-04-09 10:19:48,167] {logging_mixin.py:115} INFO - [2023-04-09 10:19:48,167] {dagbag.py:507} INFO - Filling up the DagBag from /home/airflow/.local/lib/python3.7/site-packages/airflow/example_dags/example_nested_branch_dag.py
[2023-04-09 10:19:48,187] {processor.py:651} INFO - DAG(s) dict_keys(['example_nested_branch_dag']) retrieved from /home/airflow/.local/lib/python3.7/site-packages/airflow/example_dags/example_nested_branch_dag.py
[2023-04-09 10:19:48,230] {logging_mixin.py:115} INFO - [2023-04-09 10:19:48,230] {dag.py:2371} INFO - Sync 1 DAGs
[2023-04-09 10:19:48,260] {logging_mixin.py:115} INFO - [2023-04-09 10:19:48,260] {dag.py:2919} INFO - Setting next_dagrun for example_nested_branch_dag to 2023-04-08T00:00:00+00:00, run_after=2023-04-09T00:00:00+00:00
[2023-04-09 10:19:48,276] {processor.py:161} INFO - Processing /home/airflow/.local/lib/python3.7/site-packages/airflow/example_dags/example_nested_branch_dag.py took 0.116 seconds
[2023-04-09 11:28:14,460] {processor.py:153} INFO - Started process (PID=52932) to work on /home/airflow/.local/lib/python3.7/site-packages/airflow/example_dags/example_nested_branch_dag.py
[2023-04-09 11:28:14,465] {processor.py:641} INFO - Processing file /home/airflow/.local/lib/python3.7/site-packages/airflow/example_dags/example_nested_branch_dag.py for tasks to queue
[2023-04-09 11:28:14,466] {logging_mixin.py:115} INFO - [2023-04-09 11:28:14,466] {dagbag.py:507} INFO - Filling up the DagBag from /home/airflow/.local/lib/python3.7/site-packages/airflow/example_dags/example_nested_branch_dag.py
[2023-04-09 11:28:14,479] {processor.py:651} INFO - DAG(s) dict_keys(['example_nested_branch_dag']) retrieved from /home/airflow/.local/lib/python3.7/site-packages/airflow/example_dags/example_nested_branch_dag.py
[2023-04-09 11:28:14,513] {logging_mixin.py:115} INFO - [2023-04-09 11:28:14,513] {dag.py:2371} INFO - Sync 1 DAGs
[2023-04-09 11:28:14,532] {logging_mixin.py:115} INFO - [2023-04-09 11:28:14,532] {dag.py:2919} INFO - Setting next_dagrun for example_nested_branch_dag to 2023-04-08T00:00:00+00:00, run_after=2023-04-09T00:00:00+00:00
[2023-04-09 11:28:14,540] {processor.py:161} INFO - Processing /home/airflow/.local/lib/python3.7/site-packages/airflow/example_dags/example_nested_branch_dag.py took 0.082 seconds
[2023-04-09 12:26:24,606] {processor.py:153} INFO - Started process (PID=52994) to work on /home/airflow/.local/lib/python3.7/site-packages/airflow/example_dags/example_nested_branch_dag.py
[2023-04-09 12:26:24,610] {processor.py:641} INFO - Processing file /home/airflow/.local/lib/python3.7/site-packages/airflow/example_dags/example_nested_branch_dag.py for tasks to queue
[2023-04-09 12:26:24,610] {logging_mixin.py:115} INFO - [2023-04-09 12:26:24,610] {dagbag.py:507} INFO - Filling up the DagBag from /home/airflow/.local/lib/python3.7/site-packages/airflow/example_dags/example_nested_branch_dag.py
[2023-04-09 12:26:24,618] {processor.py:651} INFO - DAG(s) dict_keys(['example_nested_branch_dag']) retrieved from /home/airflow/.local/lib/python3.7/site-packages/airflow/example_dags/example_nested_branch_dag.py
[2023-04-09 12:26:24,654] {logging_mixin.py:115} INFO - [2023-04-09 12:26:24,654] {dag.py:2371} INFO - Sync 1 DAGs
[2023-04-09 12:26:24,674] {logging_mixin.py:115} INFO - [2023-04-09 12:26:24,674] {dag.py:2919} INFO - Setting next_dagrun for example_nested_branch_dag to 2023-04-08T00:00:00+00:00, run_after=2023-04-09T00:00:00+00:00
[2023-04-09 12:26:24,681] {processor.py:161} INFO - Processing /home/airflow/.local/lib/python3.7/site-packages/airflow/example_dags/example_nested_branch_dag.py took 0.078 seconds
[2023-04-09 12:26:55,589] {processor.py:153} INFO - Started process (PID=53054) to work on /home/airflow/.local/lib/python3.7/site-packages/airflow/example_dags/example_nested_branch_dag.py
[2023-04-09 12:26:55,589] {processor.py:641} INFO - Processing file /home/airflow/.local/lib/python3.7/site-packages/airflow/example_dags/example_nested_branch_dag.py for tasks to queue
[2023-04-09 12:26:55,590] {logging_mixin.py:115} INFO - [2023-04-09 12:26:55,590] {dagbag.py:507} INFO - Filling up the DagBag from /home/airflow/.local/lib/python3.7/site-packages/airflow/example_dags/example_nested_branch_dag.py
[2023-04-09 12:26:55,596] {processor.py:651} INFO - DAG(s) dict_keys(['example_nested_branch_dag']) retrieved from /home/airflow/.local/lib/python3.7/site-packages/airflow/example_dags/example_nested_branch_dag.py
[2023-04-09 12:26:55,613] {logging_mixin.py:115} INFO - [2023-04-09 12:26:55,613] {dag.py:2371} INFO - Sync 1 DAGs
[2023-04-09 12:26:55,626] {logging_mixin.py:115} INFO - [2023-04-09 12:26:55,626] {dag.py:2919} INFO - Setting next_dagrun for example_nested_branch_dag to 2023-04-08T00:00:00+00:00, run_after=2023-04-09T00:00:00+00:00
[2023-04-09 12:26:55,631] {processor.py:161} INFO - Processing /home/airflow/.local/lib/python3.7/site-packages/airflow/example_dags/example_nested_branch_dag.py took 0.044 seconds
[2023-04-09 13:15:29,352] {processor.py:153} INFO - Started process (PID=53107) to work on /home/airflow/.local/lib/python3.7/site-packages/airflow/example_dags/example_nested_branch_dag.py
[2023-04-09 13:15:29,353] {processor.py:641} INFO - Processing file /home/airflow/.local/lib/python3.7/site-packages/airflow/example_dags/example_nested_branch_dag.py for tasks to queue
[2023-04-09 13:15:29,354] {logging_mixin.py:115} INFO - [2023-04-09 13:15:29,354] {dagbag.py:507} INFO - Filling up the DagBag from /home/airflow/.local/lib/python3.7/site-packages/airflow/example_dags/example_nested_branch_dag.py
[2023-04-09 13:15:29,372] {processor.py:651} INFO - DAG(s) dict_keys(['example_nested_branch_dag']) retrieved from /home/airflow/.local/lib/python3.7/site-packages/airflow/example_dags/example_nested_branch_dag.py
[2023-04-09 13:15:29,419] {logging_mixin.py:115} INFO - [2023-04-09 13:15:29,419] {dag.py:2371} INFO - Sync 1 DAGs
[2023-04-09 13:15:29,445] {logging_mixin.py:115} INFO - [2023-04-09 13:15:29,445] {dag.py:2919} INFO - Setting next_dagrun for example_nested_branch_dag to 2023-04-08T00:00:00+00:00, run_after=2023-04-09T00:00:00+00:00
[2023-04-09 13:15:29,459] {processor.py:161} INFO - Processing /home/airflow/.local/lib/python3.7/site-packages/airflow/example_dags/example_nested_branch_dag.py took 0.111 seconds
[2023-04-09 14:38:31,172] {processor.py:153} INFO - Started process (PID=53169) to work on /home/airflow/.local/lib/python3.7/site-packages/airflow/example_dags/example_nested_branch_dag.py
[2023-04-09 14:38:31,185] {processor.py:641} INFO - Processing file /home/airflow/.local/lib/python3.7/site-packages/airflow/example_dags/example_nested_branch_dag.py for tasks to queue
[2023-04-09 14:38:31,187] {logging_mixin.py:115} INFO - [2023-04-09 14:38:31,187] {dagbag.py:507} INFO - Filling up the DagBag from /home/airflow/.local/lib/python3.7/site-packages/airflow/example_dags/example_nested_branch_dag.py
[2023-04-09 14:38:31,198] {processor.py:651} INFO - DAG(s) dict_keys(['example_nested_branch_dag']) retrieved from /home/airflow/.local/lib/python3.7/site-packages/airflow/example_dags/example_nested_branch_dag.py
[2023-04-09 14:38:31,221] {logging_mixin.py:115} INFO - [2023-04-09 14:38:31,221] {dag.py:2371} INFO - Sync 1 DAGs
[2023-04-09 14:38:31,236] {logging_mixin.py:115} INFO - [2023-04-09 14:38:31,236] {dag.py:2919} INFO - Setting next_dagrun for example_nested_branch_dag to 2023-04-08T00:00:00+00:00, run_after=2023-04-09T00:00:00+00:00
[2023-04-09 14:38:31,244] {processor.py:161} INFO - Processing /home/airflow/.local/lib/python3.7/site-packages/airflow/example_dags/example_nested_branch_dag.py took 0.075 seconds
[2023-04-09 15:42:40,551] {processor.py:153} INFO - Started process (PID=53232) to work on /home/airflow/.local/lib/python3.7/site-packages/airflow/example_dags/example_nested_branch_dag.py
[2023-04-09 15:42:40,553] {processor.py:641} INFO - Processing file /home/airflow/.local/lib/python3.7/site-packages/airflow/example_dags/example_nested_branch_dag.py for tasks to queue
[2023-04-09 15:42:40,554] {logging_mixin.py:115} INFO - [2023-04-09 15:42:40,554] {dagbag.py:507} INFO - Filling up the DagBag from /home/airflow/.local/lib/python3.7/site-packages/airflow/example_dags/example_nested_branch_dag.py
[2023-04-09 15:42:40,566] {processor.py:651} INFO - DAG(s) dict_keys(['example_nested_branch_dag']) retrieved from /home/airflow/.local/lib/python3.7/site-packages/airflow/example_dags/example_nested_branch_dag.py
[2023-04-09 15:42:40,622] {logging_mixin.py:115} INFO - [2023-04-09 15:42:40,622] {dag.py:2371} INFO - Sync 1 DAGs
[2023-04-09 15:42:40,654] {logging_mixin.py:115} INFO - [2023-04-09 15:42:40,654] {dag.py:2919} INFO - Setting next_dagrun for example_nested_branch_dag to 2023-04-08T00:00:00+00:00, run_after=2023-04-09T00:00:00+00:00
[2023-04-09 15:42:40,667] {processor.py:161} INFO - Processing /home/airflow/.local/lib/python3.7/site-packages/airflow/example_dags/example_nested_branch_dag.py took 0.122 seconds
[2023-04-09 16:47:04,554] {processor.py:153} INFO - Started process (PID=53293) to work on /home/airflow/.local/lib/python3.7/site-packages/airflow/example_dags/example_nested_branch_dag.py
[2023-04-09 16:47:04,555] {processor.py:641} INFO - Processing file /home/airflow/.local/lib/python3.7/site-packages/airflow/example_dags/example_nested_branch_dag.py for tasks to queue
[2023-04-09 16:47:04,555] {logging_mixin.py:115} INFO - [2023-04-09 16:47:04,555] {dagbag.py:507} INFO - Filling up the DagBag from /home/airflow/.local/lib/python3.7/site-packages/airflow/example_dags/example_nested_branch_dag.py
[2023-04-09 16:47:04,562] {processor.py:651} INFO - DAG(s) dict_keys(['example_nested_branch_dag']) retrieved from /home/airflow/.local/lib/python3.7/site-packages/airflow/example_dags/example_nested_branch_dag.py
[2023-04-09 16:47:04,579] {logging_mixin.py:115} INFO - [2023-04-09 16:47:04,579] {dag.py:2371} INFO - Sync 1 DAGs
[2023-04-09 16:47:04,597] {logging_mixin.py:115} INFO - [2023-04-09 16:47:04,597] {dag.py:2919} INFO - Setting next_dagrun for example_nested_branch_dag to 2023-04-08T00:00:00+00:00, run_after=2023-04-09T00:00:00+00:00
[2023-04-09 16:47:04,604] {processor.py:161} INFO - Processing /home/airflow/.local/lib/python3.7/site-packages/airflow/example_dags/example_nested_branch_dag.py took 0.053 seconds
[2023-04-09 18:07:28,288] {processor.py:153} INFO - Started process (PID=53356) to work on /home/airflow/.local/lib/python3.7/site-packages/airflow/example_dags/example_nested_branch_dag.py
[2023-04-09 18:07:28,292] {processor.py:641} INFO - Processing file /home/airflow/.local/lib/python3.7/site-packages/airflow/example_dags/example_nested_branch_dag.py for tasks to queue
[2023-04-09 18:07:28,293] {logging_mixin.py:115} INFO - [2023-04-09 18:07:28,293] {dagbag.py:507} INFO - Filling up the DagBag from /home/airflow/.local/lib/python3.7/site-packages/airflow/example_dags/example_nested_branch_dag.py
[2023-04-09 18:07:28,316] {processor.py:651} INFO - DAG(s) dict_keys(['example_nested_branch_dag']) retrieved from /home/airflow/.local/lib/python3.7/site-packages/airflow/example_dags/example_nested_branch_dag.py
[2023-04-09 18:07:28,351] {logging_mixin.py:115} INFO - [2023-04-09 18:07:28,351] {dag.py:2371} INFO - Sync 1 DAGs
[2023-04-09 18:07:28,371] {logging_mixin.py:115} INFO - [2023-04-09 18:07:28,371] {dag.py:2919} INFO - Setting next_dagrun for example_nested_branch_dag to 2023-04-08T00:00:00+00:00, run_after=2023-04-09T00:00:00+00:00
[2023-04-09 18:07:28,388] {processor.py:161} INFO - Processing /home/airflow/.local/lib/python3.7/site-packages/airflow/example_dags/example_nested_branch_dag.py took 0.109 seconds
[2023-04-09 19:15:08,284] {processor.py:153} INFO - Started process (PID=53409) to work on /home/airflow/.local/lib/python3.7/site-packages/airflow/example_dags/example_nested_branch_dag.py
[2023-04-09 19:15:08,285] {processor.py:641} INFO - Processing file /home/airflow/.local/lib/python3.7/site-packages/airflow/example_dags/example_nested_branch_dag.py for tasks to queue
[2023-04-09 19:15:08,286] {logging_mixin.py:115} INFO - [2023-04-09 19:15:08,286] {dagbag.py:507} INFO - Filling up the DagBag from /home/airflow/.local/lib/python3.7/site-packages/airflow/example_dags/example_nested_branch_dag.py
[2023-04-09 19:15:08,295] {processor.py:651} INFO - DAG(s) dict_keys(['example_nested_branch_dag']) retrieved from /home/airflow/.local/lib/python3.7/site-packages/airflow/example_dags/example_nested_branch_dag.py
[2023-04-09 19:15:08,341] {logging_mixin.py:115} INFO - [2023-04-09 19:15:08,341] {dag.py:2371} INFO - Sync 1 DAGs
[2023-04-09 19:15:08,376] {logging_mixin.py:115} INFO - [2023-04-09 19:15:08,376] {dag.py:2919} INFO - Setting next_dagrun for example_nested_branch_dag to 2023-04-08T00:00:00+00:00, run_after=2023-04-09T00:00:00+00:00
[2023-04-09 19:15:08,386] {processor.py:161} INFO - Processing /home/airflow/.local/lib/python3.7/site-packages/airflow/example_dags/example_nested_branch_dag.py took 0.107 seconds
[2023-04-09 19:35:32,417] {processor.py:153} INFO - Started process (PID=53472) to work on /home/airflow/.local/lib/python3.7/site-packages/airflow/example_dags/example_nested_branch_dag.py
[2023-04-09 19:35:32,428] {processor.py:641} INFO - Processing file /home/airflow/.local/lib/python3.7/site-packages/airflow/example_dags/example_nested_branch_dag.py for tasks to queue
[2023-04-09 19:35:32,430] {logging_mixin.py:115} INFO - [2023-04-09 19:35:32,429] {dagbag.py:507} INFO - Filling up the DagBag from /home/airflow/.local/lib/python3.7/site-packages/airflow/example_dags/example_nested_branch_dag.py
[2023-04-09 19:35:32,443] {processor.py:651} INFO - DAG(s) dict_keys(['example_nested_branch_dag']) retrieved from /home/airflow/.local/lib/python3.7/site-packages/airflow/example_dags/example_nested_branch_dag.py
[2023-04-09 19:35:32,467] {logging_mixin.py:115} INFO - [2023-04-09 19:35:32,467] {dag.py:2371} INFO - Sync 1 DAGs
[2023-04-09 19:35:32,499] {logging_mixin.py:115} INFO - [2023-04-09 19:35:32,499] {dag.py:2919} INFO - Setting next_dagrun for example_nested_branch_dag to 2023-04-08T00:00:00+00:00, run_after=2023-04-09T00:00:00+00:00
[2023-04-09 19:35:32,514] {processor.py:161} INFO - Processing /home/airflow/.local/lib/python3.7/site-packages/airflow/example_dags/example_nested_branch_dag.py took 0.101 seconds
[2023-04-09 19:51:59,132] {processor.py:153} INFO - Started process (PID=53534) to work on /home/airflow/.local/lib/python3.7/site-packages/airflow/example_dags/example_nested_branch_dag.py
[2023-04-09 19:51:59,133] {processor.py:641} INFO - Processing file /home/airflow/.local/lib/python3.7/site-packages/airflow/example_dags/example_nested_branch_dag.py for tasks to queue
[2023-04-09 19:51:59,137] {logging_mixin.py:115} INFO - [2023-04-09 19:51:59,137] {dagbag.py:507} INFO - Filling up the DagBag from /home/airflow/.local/lib/python3.7/site-packages/airflow/example_dags/example_nested_branch_dag.py
[2023-04-09 19:51:59,153] {processor.py:651} INFO - DAG(s) dict_keys(['example_nested_branch_dag']) retrieved from /home/airflow/.local/lib/python3.7/site-packages/airflow/example_dags/example_nested_branch_dag.py
[2023-04-09 19:51:59,194] {logging_mixin.py:115} INFO - [2023-04-09 19:51:59,194] {dag.py:2371} INFO - Sync 1 DAGs
[2023-04-09 19:51:59,210] {logging_mixin.py:115} INFO - [2023-04-09 19:51:59,210] {dag.py:2919} INFO - Setting next_dagrun for example_nested_branch_dag to 2023-04-08T00:00:00+00:00, run_after=2023-04-09T00:00:00+00:00
[2023-04-09 19:51:59,220] {processor.py:161} INFO - Processing /home/airflow/.local/lib/python3.7/site-packages/airflow/example_dags/example_nested_branch_dag.py took 0.091 seconds
[2023-04-09 20:39:29,468] {processor.py:153} INFO - Started process (PID=53595) to work on /home/airflow/.local/lib/python3.7/site-packages/airflow/example_dags/example_nested_branch_dag.py
[2023-04-09 20:39:29,468] {processor.py:641} INFO - Processing file /home/airflow/.local/lib/python3.7/site-packages/airflow/example_dags/example_nested_branch_dag.py for tasks to queue
[2023-04-09 20:39:29,469] {logging_mixin.py:115} INFO - [2023-04-09 20:39:29,469] {dagbag.py:507} INFO - Filling up the DagBag from /home/airflow/.local/lib/python3.7/site-packages/airflow/example_dags/example_nested_branch_dag.py
[2023-04-09 20:39:29,475] {processor.py:651} INFO - DAG(s) dict_keys(['example_nested_branch_dag']) retrieved from /home/airflow/.local/lib/python3.7/site-packages/airflow/example_dags/example_nested_branch_dag.py
[2023-04-09 20:39:29,492] {logging_mixin.py:115} INFO - [2023-04-09 20:39:29,492] {dag.py:2371} INFO - Sync 1 DAGs
[2023-04-09 20:39:29,503] {logging_mixin.py:115} INFO - [2023-04-09 20:39:29,503] {dag.py:2919} INFO - Setting next_dagrun for example_nested_branch_dag to 2023-04-08T00:00:00+00:00, run_after=2023-04-09T00:00:00+00:00
[2023-04-09 20:39:29,509] {processor.py:161} INFO - Processing /home/airflow/.local/lib/python3.7/site-packages/airflow/example_dags/example_nested_branch_dag.py took 0.043 seconds
[2023-04-09 20:40:00,538] {processor.py:153} INFO - Started process (PID=53655) to work on /home/airflow/.local/lib/python3.7/site-packages/airflow/example_dags/example_nested_branch_dag.py
[2023-04-09 20:40:00,539] {processor.py:641} INFO - Processing file /home/airflow/.local/lib/python3.7/site-packages/airflow/example_dags/example_nested_branch_dag.py for tasks to queue
[2023-04-09 20:40:00,542] {logging_mixin.py:115} INFO - [2023-04-09 20:40:00,542] {dagbag.py:507} INFO - Filling up the DagBag from /home/airflow/.local/lib/python3.7/site-packages/airflow/example_dags/example_nested_branch_dag.py
[2023-04-09 20:40:00,553] {processor.py:651} INFO - DAG(s) dict_keys(['example_nested_branch_dag']) retrieved from /home/airflow/.local/lib/python3.7/site-packages/airflow/example_dags/example_nested_branch_dag.py
[2023-04-09 20:40:00,575] {logging_mixin.py:115} INFO - [2023-04-09 20:40:00,575] {dag.py:2371} INFO - Sync 1 DAGs
[2023-04-09 20:40:00,589] {logging_mixin.py:115} INFO - [2023-04-09 20:40:00,589] {dag.py:2919} INFO - Setting next_dagrun for example_nested_branch_dag to 2023-04-08T00:00:00+00:00, run_after=2023-04-09T00:00:00+00:00
[2023-04-09 20:40:00,596] {processor.py:161} INFO - Processing /home/airflow/.local/lib/python3.7/site-packages/airflow/example_dags/example_nested_branch_dag.py took 0.060 seconds
[2023-04-09 21:48:50,394] {processor.py:153} INFO - Started process (PID=53709) to work on /home/airflow/.local/lib/python3.7/site-packages/airflow/example_dags/example_nested_branch_dag.py
[2023-04-09 21:48:50,395] {processor.py:641} INFO - Processing file /home/airflow/.local/lib/python3.7/site-packages/airflow/example_dags/example_nested_branch_dag.py for tasks to queue
[2023-04-09 21:48:50,396] {logging_mixin.py:115} INFO - [2023-04-09 21:48:50,396] {dagbag.py:507} INFO - Filling up the DagBag from /home/airflow/.local/lib/python3.7/site-packages/airflow/example_dags/example_nested_branch_dag.py
[2023-04-09 21:48:50,406] {processor.py:651} INFO - DAG(s) dict_keys(['example_nested_branch_dag']) retrieved from /home/airflow/.local/lib/python3.7/site-packages/airflow/example_dags/example_nested_branch_dag.py
[2023-04-09 21:48:50,427] {logging_mixin.py:115} INFO - [2023-04-09 21:48:50,427] {dag.py:2371} INFO - Sync 1 DAGs
[2023-04-09 21:48:50,439] {logging_mixin.py:115} INFO - [2023-04-09 21:48:50,439] {dag.py:2919} INFO - Setting next_dagrun for example_nested_branch_dag to 2023-04-08T00:00:00+00:00, run_after=2023-04-09T00:00:00+00:00
[2023-04-09 21:48:50,444] {processor.py:161} INFO - Processing /home/airflow/.local/lib/python3.7/site-packages/airflow/example_dags/example_nested_branch_dag.py took 0.054 seconds
[2023-04-09 22:37:30,610] {processor.py:153} INFO - Started process (PID=53771) to work on /home/airflow/.local/lib/python3.7/site-packages/airflow/example_dags/example_nested_branch_dag.py
[2023-04-09 22:37:30,610] {processor.py:641} INFO - Processing file /home/airflow/.local/lib/python3.7/site-packages/airflow/example_dags/example_nested_branch_dag.py for tasks to queue
[2023-04-09 22:37:30,611] {logging_mixin.py:115} INFO - [2023-04-09 22:37:30,611] {dagbag.py:507} INFO - Filling up the DagBag from /home/airflow/.local/lib/python3.7/site-packages/airflow/example_dags/example_nested_branch_dag.py
[2023-04-09 22:37:30,617] {processor.py:651} INFO - DAG(s) dict_keys(['example_nested_branch_dag']) retrieved from /home/airflow/.local/lib/python3.7/site-packages/airflow/example_dags/example_nested_branch_dag.py
[2023-04-09 22:37:30,633] {logging_mixin.py:115} INFO - [2023-04-09 22:37:30,633] {dag.py:2371} INFO - Sync 1 DAGs
[2023-04-09 22:37:30,654] {logging_mixin.py:115} INFO - [2023-04-09 22:37:30,654] {dag.py:2919} INFO - Setting next_dagrun for example_nested_branch_dag to 2023-04-08T00:00:00+00:00, run_after=2023-04-09T00:00:00+00:00
[2023-04-09 22:37:30,674] {processor.py:161} INFO - Processing /home/airflow/.local/lib/python3.7/site-packages/airflow/example_dags/example_nested_branch_dag.py took 0.066 seconds
[2023-04-09 23:42:56,750] {processor.py:153} INFO - Started process (PID=53833) to work on /home/airflow/.local/lib/python3.7/site-packages/airflow/example_dags/example_nested_branch_dag.py
[2023-04-09 23:42:56,751] {processor.py:641} INFO - Processing file /home/airflow/.local/lib/python3.7/site-packages/airflow/example_dags/example_nested_branch_dag.py for tasks to queue
[2023-04-09 23:42:56,752] {logging_mixin.py:115} INFO - [2023-04-09 23:42:56,752] {dagbag.py:507} INFO - Filling up the DagBag from /home/airflow/.local/lib/python3.7/site-packages/airflow/example_dags/example_nested_branch_dag.py
[2023-04-09 23:42:56,766] {processor.py:651} INFO - DAG(s) dict_keys(['example_nested_branch_dag']) retrieved from /home/airflow/.local/lib/python3.7/site-packages/airflow/example_dags/example_nested_branch_dag.py
[2023-04-09 23:42:56,824] {logging_mixin.py:115} INFO - [2023-04-09 23:42:56,824] {dag.py:2371} INFO - Sync 1 DAGs
[2023-04-09 23:42:56,852] {logging_mixin.py:115} INFO - [2023-04-09 23:42:56,852] {dag.py:2919} INFO - Setting next_dagrun for example_nested_branch_dag to 2023-04-08T00:00:00+00:00, run_after=2023-04-09T00:00:00+00:00
[2023-04-09 23:42:56,863] {processor.py:161} INFO - Processing /home/airflow/.local/lib/python3.7/site-packages/airflow/example_dags/example_nested_branch_dag.py took 0.115 seconds
