[2023-04-09 00:07:31,830] {processor.py:153} INFO - Started process (PID=52215) to work on /home/airflow/.local/lib/python3.7/site-packages/airflow/example_dags/example_local_kubernetes_executor.py
[2023-04-09 00:07:31,832] {processor.py:641} INFO - Processing file /home/airflow/.local/lib/python3.7/site-packages/airflow/example_dags/example_local_kubernetes_executor.py for tasks to queue
[2023-04-09 00:07:31,833] {logging_mixin.py:115} INFO - [2023-04-09 00:07:31,833] {dagbag.py:507} INFO - Filling up the DagBag from /home/airflow/.local/lib/python3.7/site-packages/airflow/example_dags/example_local_kubernetes_executor.py
[2023-04-09 00:07:31,916] {processor.py:651} INFO - DAG(s) dict_keys(['example_local_kubernetes_executor']) retrieved from /home/airflow/.local/lib/python3.7/site-packages/airflow/example_dags/example_local_kubernetes_executor.py
[2023-04-09 00:07:31,971] {logging_mixin.py:115} INFO - [2023-04-09 00:07:31,971] {dag.py:2371} INFO - Sync 1 DAGs
[2023-04-09 00:07:32,007] {logging_mixin.py:115} INFO - [2023-04-09 00:07:32,007] {dag.py:2919} INFO - Setting next_dagrun for example_local_kubernetes_executor to None, run_after=None
[2023-04-09 00:07:32,018] {processor.py:161} INFO - Processing /home/airflow/.local/lib/python3.7/site-packages/airflow/example_dags/example_local_kubernetes_executor.py took 0.204 seconds
[2023-04-09 00:08:02,840] {processor.py:153} INFO - Started process (PID=52271) to work on /home/airflow/.local/lib/python3.7/site-packages/airflow/example_dags/example_local_kubernetes_executor.py
[2023-04-09 00:08:02,841] {processor.py:641} INFO - Processing file /home/airflow/.local/lib/python3.7/site-packages/airflow/example_dags/example_local_kubernetes_executor.py for tasks to queue
[2023-04-09 00:08:02,842] {logging_mixin.py:115} INFO - [2023-04-09 00:08:02,842] {dagbag.py:507} INFO - Filling up the DagBag from /home/airflow/.local/lib/python3.7/site-packages/airflow/example_dags/example_local_kubernetes_executor.py
[2023-04-09 00:08:02,852] {processor.py:651} INFO - DAG(s) dict_keys(['example_local_kubernetes_executor']) retrieved from /home/airflow/.local/lib/python3.7/site-packages/airflow/example_dags/example_local_kubernetes_executor.py
[2023-04-09 00:08:02,870] {logging_mixin.py:115} INFO - [2023-04-09 00:08:02,870] {dag.py:2371} INFO - Sync 1 DAGs
[2023-04-09 00:08:02,882] {logging_mixin.py:115} INFO - [2023-04-09 00:08:02,882] {dag.py:2919} INFO - Setting next_dagrun for example_local_kubernetes_executor to None, run_after=None
[2023-04-09 00:08:02,888] {processor.py:161} INFO - Processing /home/airflow/.local/lib/python3.7/site-packages/airflow/example_dags/example_local_kubernetes_executor.py took 0.050 seconds
[2023-04-09 01:15:19,378] {processor.py:153} INFO - Started process (PID=52333) to work on /home/airflow/.local/lib/python3.7/site-packages/airflow/example_dags/example_local_kubernetes_executor.py
[2023-04-09 01:15:19,379] {processor.py:641} INFO - Processing file /home/airflow/.local/lib/python3.7/site-packages/airflow/example_dags/example_local_kubernetes_executor.py for tasks to queue
[2023-04-09 01:15:19,379] {logging_mixin.py:115} INFO - [2023-04-09 01:15:19,379] {dagbag.py:507} INFO - Filling up the DagBag from /home/airflow/.local/lib/python3.7/site-packages/airflow/example_dags/example_local_kubernetes_executor.py
[2023-04-09 01:15:19,390] {processor.py:651} INFO - DAG(s) dict_keys(['example_local_kubernetes_executor']) retrieved from /home/airflow/.local/lib/python3.7/site-packages/airflow/example_dags/example_local_kubernetes_executor.py
[2023-04-09 01:15:19,406] {logging_mixin.py:115} INFO - [2023-04-09 01:15:19,406] {dag.py:2371} INFO - Sync 1 DAGs
[2023-04-09 01:15:19,417] {logging_mixin.py:115} INFO - [2023-04-09 01:15:19,417] {dag.py:2919} INFO - Setting next_dagrun for example_local_kubernetes_executor to None, run_after=None
[2023-04-09 01:15:19,422] {processor.py:161} INFO - Processing /home/airflow/.local/lib/python3.7/site-packages/airflow/example_dags/example_local_kubernetes_executor.py took 0.046 seconds
[2023-04-09 02:21:40,991] {processor.py:153} INFO - Started process (PID=52394) to work on /home/airflow/.local/lib/python3.7/site-packages/airflow/example_dags/example_local_kubernetes_executor.py
[2023-04-09 02:21:40,994] {processor.py:641} INFO - Processing file /home/airflow/.local/lib/python3.7/site-packages/airflow/example_dags/example_local_kubernetes_executor.py for tasks to queue
[2023-04-09 02:21:40,995] {logging_mixin.py:115} INFO - [2023-04-09 02:21:40,994] {dagbag.py:507} INFO - Filling up the DagBag from /home/airflow/.local/lib/python3.7/site-packages/airflow/example_dags/example_local_kubernetes_executor.py
[2023-04-09 02:21:41,021] {processor.py:651} INFO - DAG(s) dict_keys(['example_local_kubernetes_executor']) retrieved from /home/airflow/.local/lib/python3.7/site-packages/airflow/example_dags/example_local_kubernetes_executor.py
[2023-04-09 02:21:41,049] {logging_mixin.py:115} INFO - [2023-04-09 02:21:41,049] {dag.py:2371} INFO - Sync 1 DAGs
[2023-04-09 02:21:41,068] {logging_mixin.py:115} INFO - [2023-04-09 02:21:41,067] {dag.py:2919} INFO - Setting next_dagrun for example_local_kubernetes_executor to None, run_after=None
[2023-04-09 02:21:41,078] {processor.py:161} INFO - Processing /home/airflow/.local/lib/python3.7/site-packages/airflow/example_dags/example_local_kubernetes_executor.py took 0.090 seconds
[2023-04-09 03:46:30,107] {processor.py:153} INFO - Started process (PID=52456) to work on /home/airflow/.local/lib/python3.7/site-packages/airflow/example_dags/example_local_kubernetes_executor.py
[2023-04-09 03:46:30,108] {processor.py:641} INFO - Processing file /home/airflow/.local/lib/python3.7/site-packages/airflow/example_dags/example_local_kubernetes_executor.py for tasks to queue
[2023-04-09 03:46:30,109] {logging_mixin.py:115} INFO - [2023-04-09 03:46:30,109] {dagbag.py:507} INFO - Filling up the DagBag from /home/airflow/.local/lib/python3.7/site-packages/airflow/example_dags/example_local_kubernetes_executor.py
[2023-04-09 03:46:30,119] {processor.py:651} INFO - DAG(s) dict_keys(['example_local_kubernetes_executor']) retrieved from /home/airflow/.local/lib/python3.7/site-packages/airflow/example_dags/example_local_kubernetes_executor.py
[2023-04-09 03:46:30,136] {logging_mixin.py:115} INFO - [2023-04-09 03:46:30,135] {dag.py:2371} INFO - Sync 1 DAGs
[2023-04-09 03:46:30,171] {logging_mixin.py:115} INFO - [2023-04-09 03:46:30,171] {dag.py:2919} INFO - Setting next_dagrun for example_local_kubernetes_executor to None, run_after=None
[2023-04-09 03:46:30,181] {processor.py:161} INFO - Processing /home/airflow/.local/lib/python3.7/site-packages/airflow/example_dags/example_local_kubernetes_executor.py took 0.076 seconds
[2023-04-09 04:13:35,377] {processor.py:153} INFO - Started process (PID=52516) to work on /home/airflow/.local/lib/python3.7/site-packages/airflow/example_dags/example_local_kubernetes_executor.py
[2023-04-09 04:13:35,379] {processor.py:641} INFO - Processing file /home/airflow/.local/lib/python3.7/site-packages/airflow/example_dags/example_local_kubernetes_executor.py for tasks to queue
[2023-04-09 04:13:35,380] {logging_mixin.py:115} INFO - [2023-04-09 04:13:35,380] {dagbag.py:507} INFO - Filling up the DagBag from /home/airflow/.local/lib/python3.7/site-packages/airflow/example_dags/example_local_kubernetes_executor.py
[2023-04-09 04:13:35,410] {processor.py:651} INFO - DAG(s) dict_keys(['example_local_kubernetes_executor']) retrieved from /home/airflow/.local/lib/python3.7/site-packages/airflow/example_dags/example_local_kubernetes_executor.py
[2023-04-09 04:13:35,472] {logging_mixin.py:115} INFO - [2023-04-09 04:13:35,471] {dag.py:2371} INFO - Sync 1 DAGs
[2023-04-09 04:13:35,530] {logging_mixin.py:115} INFO - [2023-04-09 04:13:35,530] {dag.py:2919} INFO - Setting next_dagrun for example_local_kubernetes_executor to None, run_after=None
[2023-04-09 04:13:35,542] {processor.py:161} INFO - Processing /home/airflow/.local/lib/python3.7/site-packages/airflow/example_dags/example_local_kubernetes_executor.py took 0.168 seconds
[2023-04-09 04:30:53,383] {processor.py:153} INFO - Started process (PID=52571) to work on /home/airflow/.local/lib/python3.7/site-packages/airflow/example_dags/example_local_kubernetes_executor.py
[2023-04-09 04:30:53,383] {processor.py:641} INFO - Processing file /home/airflow/.local/lib/python3.7/site-packages/airflow/example_dags/example_local_kubernetes_executor.py for tasks to queue
[2023-04-09 04:30:53,384] {logging_mixin.py:115} INFO - [2023-04-09 04:30:53,384] {dagbag.py:507} INFO - Filling up the DagBag from /home/airflow/.local/lib/python3.7/site-packages/airflow/example_dags/example_local_kubernetes_executor.py
[2023-04-09 04:30:53,395] {processor.py:651} INFO - DAG(s) dict_keys(['example_local_kubernetes_executor']) retrieved from /home/airflow/.local/lib/python3.7/site-packages/airflow/example_dags/example_local_kubernetes_executor.py
[2023-04-09 04:30:53,411] {logging_mixin.py:115} INFO - [2023-04-09 04:30:53,411] {dag.py:2371} INFO - Sync 1 DAGs
[2023-04-09 04:30:53,423] {logging_mixin.py:115} INFO - [2023-04-09 04:30:53,423] {dag.py:2919} INFO - Setting next_dagrun for example_local_kubernetes_executor to None, run_after=None
[2023-04-09 04:30:53,428] {processor.py:161} INFO - Processing /home/airflow/.local/lib/python3.7/site-packages/airflow/example_dags/example_local_kubernetes_executor.py took 0.048 seconds
[2023-04-09 05:36:25,686] {processor.py:153} INFO - Started process (PID=52633) to work on /home/airflow/.local/lib/python3.7/site-packages/airflow/example_dags/example_local_kubernetes_executor.py
[2023-04-09 05:36:25,686] {processor.py:641} INFO - Processing file /home/airflow/.local/lib/python3.7/site-packages/airflow/example_dags/example_local_kubernetes_executor.py for tasks to queue
[2023-04-09 05:36:25,687] {logging_mixin.py:115} INFO - [2023-04-09 05:36:25,687] {dagbag.py:507} INFO - Filling up the DagBag from /home/airflow/.local/lib/python3.7/site-packages/airflow/example_dags/example_local_kubernetes_executor.py
[2023-04-09 05:36:25,698] {processor.py:651} INFO - DAG(s) dict_keys(['example_local_kubernetes_executor']) retrieved from /home/airflow/.local/lib/python3.7/site-packages/airflow/example_dags/example_local_kubernetes_executor.py
[2023-04-09 05:36:25,718] {logging_mixin.py:115} INFO - [2023-04-09 05:36:25,718] {dag.py:2371} INFO - Sync 1 DAGs
[2023-04-09 05:36:25,730] {logging_mixin.py:115} INFO - [2023-04-09 05:36:25,730] {dag.py:2919} INFO - Setting next_dagrun for example_local_kubernetes_executor to None, run_after=None
[2023-04-09 05:36:25,739] {processor.py:161} INFO - Processing /home/airflow/.local/lib/python3.7/site-packages/airflow/example_dags/example_local_kubernetes_executor.py took 0.055 seconds
[2023-04-09 06:43:09,135] {processor.py:153} INFO - Started process (PID=52695) to work on /home/airflow/.local/lib/python3.7/site-packages/airflow/example_dags/example_local_kubernetes_executor.py
[2023-04-09 06:43:09,136] {processor.py:641} INFO - Processing file /home/airflow/.local/lib/python3.7/site-packages/airflow/example_dags/example_local_kubernetes_executor.py for tasks to queue
[2023-04-09 06:43:09,142] {logging_mixin.py:115} INFO - [2023-04-09 06:43:09,142] {dagbag.py:507} INFO - Filling up the DagBag from /home/airflow/.local/lib/python3.7/site-packages/airflow/example_dags/example_local_kubernetes_executor.py
[2023-04-09 06:43:09,172] {processor.py:651} INFO - DAG(s) dict_keys(['example_local_kubernetes_executor']) retrieved from /home/airflow/.local/lib/python3.7/site-packages/airflow/example_dags/example_local_kubernetes_executor.py
[2023-04-09 06:43:09,213] {logging_mixin.py:115} INFO - [2023-04-09 06:43:09,213] {dag.py:2371} INFO - Sync 1 DAGs
[2023-04-09 06:43:09,240] {logging_mixin.py:115} INFO - [2023-04-09 06:43:09,239] {dag.py:2919} INFO - Setting next_dagrun for example_local_kubernetes_executor to None, run_after=None
[2023-04-09 06:43:09,253] {processor.py:161} INFO - Processing /home/airflow/.local/lib/python3.7/site-packages/airflow/example_dags/example_local_kubernetes_executor.py took 0.122 seconds
[2023-04-09 07:48:22,453] {processor.py:153} INFO - Started process (PID=52756) to work on /home/airflow/.local/lib/python3.7/site-packages/airflow/example_dags/example_local_kubernetes_executor.py
[2023-04-09 07:48:22,457] {processor.py:641} INFO - Processing file /home/airflow/.local/lib/python3.7/site-packages/airflow/example_dags/example_local_kubernetes_executor.py for tasks to queue
[2023-04-09 07:48:22,458] {logging_mixin.py:115} INFO - [2023-04-09 07:48:22,457] {dagbag.py:507} INFO - Filling up the DagBag from /home/airflow/.local/lib/python3.7/site-packages/airflow/example_dags/example_local_kubernetes_executor.py
[2023-04-09 07:48:22,496] {processor.py:651} INFO - DAG(s) dict_keys(['example_local_kubernetes_executor']) retrieved from /home/airflow/.local/lib/python3.7/site-packages/airflow/example_dags/example_local_kubernetes_executor.py
[2023-04-09 07:48:22,552] {logging_mixin.py:115} INFO - [2023-04-09 07:48:22,552] {dag.py:2371} INFO - Sync 1 DAGs
[2023-04-09 07:48:22,598] {logging_mixin.py:115} INFO - [2023-04-09 07:48:22,598] {dag.py:2919} INFO - Setting next_dagrun for example_local_kubernetes_executor to None, run_after=None
[2023-04-09 07:48:22,618] {processor.py:161} INFO - Processing /home/airflow/.local/lib/python3.7/site-packages/airflow/example_dags/example_local_kubernetes_executor.py took 0.168 seconds
[2023-04-09 09:12:36,548] {processor.py:153} INFO - Started process (PID=52809) to work on /home/airflow/.local/lib/python3.7/site-packages/airflow/example_dags/example_local_kubernetes_executor.py
[2023-04-09 09:12:36,553] {processor.py:641} INFO - Processing file /home/airflow/.local/lib/python3.7/site-packages/airflow/example_dags/example_local_kubernetes_executor.py for tasks to queue
[2023-04-09 09:12:36,554] {logging_mixin.py:115} INFO - [2023-04-09 09:12:36,554] {dagbag.py:507} INFO - Filling up the DagBag from /home/airflow/.local/lib/python3.7/site-packages/airflow/example_dags/example_local_kubernetes_executor.py
[2023-04-09 09:12:36,589] {processor.py:651} INFO - DAG(s) dict_keys(['example_local_kubernetes_executor']) retrieved from /home/airflow/.local/lib/python3.7/site-packages/airflow/example_dags/example_local_kubernetes_executor.py
[2023-04-09 09:12:36,611] {logging_mixin.py:115} INFO - [2023-04-09 09:12:36,611] {dag.py:2371} INFO - Sync 1 DAGs
[2023-04-09 09:12:36,626] {logging_mixin.py:115} INFO - [2023-04-09 09:12:36,626] {dag.py:2919} INFO - Setting next_dagrun for example_local_kubernetes_executor to None, run_after=None
[2023-04-09 09:12:36,633] {processor.py:161} INFO - Processing /home/airflow/.local/lib/python3.7/site-packages/airflow/example_dags/example_local_kubernetes_executor.py took 0.090 seconds
[2023-04-09 10:19:48,307] {processor.py:153} INFO - Started process (PID=52871) to work on /home/airflow/.local/lib/python3.7/site-packages/airflow/example_dags/example_local_kubernetes_executor.py
[2023-04-09 10:19:48,309] {processor.py:641} INFO - Processing file /home/airflow/.local/lib/python3.7/site-packages/airflow/example_dags/example_local_kubernetes_executor.py for tasks to queue
[2023-04-09 10:19:48,312] {logging_mixin.py:115} INFO - [2023-04-09 10:19:48,312] {dagbag.py:507} INFO - Filling up the DagBag from /home/airflow/.local/lib/python3.7/site-packages/airflow/example_dags/example_local_kubernetes_executor.py
[2023-04-09 10:19:48,346] {processor.py:651} INFO - DAG(s) dict_keys(['example_local_kubernetes_executor']) retrieved from /home/airflow/.local/lib/python3.7/site-packages/airflow/example_dags/example_local_kubernetes_executor.py
[2023-04-09 10:19:48,426] {logging_mixin.py:115} INFO - [2023-04-09 10:19:48,426] {dag.py:2371} INFO - Sync 1 DAGs
[2023-04-09 10:19:48,453] {logging_mixin.py:115} INFO - [2023-04-09 10:19:48,453] {dag.py:2919} INFO - Setting next_dagrun for example_local_kubernetes_executor to None, run_after=None
[2023-04-09 10:19:48,463] {processor.py:161} INFO - Processing /home/airflow/.local/lib/python3.7/site-packages/airflow/example_dags/example_local_kubernetes_executor.py took 0.160 seconds
[2023-04-09 11:28:14,565] {processor.py:153} INFO - Started process (PID=52933) to work on /home/airflow/.local/lib/python3.7/site-packages/airflow/example_dags/example_local_kubernetes_executor.py
[2023-04-09 11:28:14,566] {processor.py:641} INFO - Processing file /home/airflow/.local/lib/python3.7/site-packages/airflow/example_dags/example_local_kubernetes_executor.py for tasks to queue
[2023-04-09 11:28:14,567] {logging_mixin.py:115} INFO - [2023-04-09 11:28:14,567] {dagbag.py:507} INFO - Filling up the DagBag from /home/airflow/.local/lib/python3.7/site-packages/airflow/example_dags/example_local_kubernetes_executor.py
[2023-04-09 11:28:14,592] {processor.py:651} INFO - DAG(s) dict_keys(['example_local_kubernetes_executor']) retrieved from /home/airflow/.local/lib/python3.7/site-packages/airflow/example_dags/example_local_kubernetes_executor.py
[2023-04-09 11:28:14,628] {logging_mixin.py:115} INFO - [2023-04-09 11:28:14,628] {dag.py:2371} INFO - Sync 1 DAGs
[2023-04-09 11:28:14,650] {logging_mixin.py:115} INFO - [2023-04-09 11:28:14,650] {dag.py:2919} INFO - Setting next_dagrun for example_local_kubernetes_executor to None, run_after=None
[2023-04-09 11:28:14,662] {processor.py:161} INFO - Processing /home/airflow/.local/lib/python3.7/site-packages/airflow/example_dags/example_local_kubernetes_executor.py took 0.101 seconds
[2023-04-09 12:26:24,708] {processor.py:153} INFO - Started process (PID=52995) to work on /home/airflow/.local/lib/python3.7/site-packages/airflow/example_dags/example_local_kubernetes_executor.py
[2023-04-09 12:26:24,709] {processor.py:641} INFO - Processing file /home/airflow/.local/lib/python3.7/site-packages/airflow/example_dags/example_local_kubernetes_executor.py for tasks to queue
[2023-04-09 12:26:24,709] {logging_mixin.py:115} INFO - [2023-04-09 12:26:24,709] {dagbag.py:507} INFO - Filling up the DagBag from /home/airflow/.local/lib/python3.7/site-packages/airflow/example_dags/example_local_kubernetes_executor.py
[2023-04-09 12:26:24,743] {processor.py:651} INFO - DAG(s) dict_keys(['example_local_kubernetes_executor']) retrieved from /home/airflow/.local/lib/python3.7/site-packages/airflow/example_dags/example_local_kubernetes_executor.py
[2023-04-09 12:26:24,772] {logging_mixin.py:115} INFO - [2023-04-09 12:26:24,772] {dag.py:2371} INFO - Sync 1 DAGs
[2023-04-09 12:26:24,797] {logging_mixin.py:115} INFO - [2023-04-09 12:26:24,797] {dag.py:2919} INFO - Setting next_dagrun for example_local_kubernetes_executor to None, run_after=None
[2023-04-09 12:26:24,811] {processor.py:161} INFO - Processing /home/airflow/.local/lib/python3.7/site-packages/airflow/example_dags/example_local_kubernetes_executor.py took 0.108 seconds
[2023-04-09 12:26:55,593] {processor.py:153} INFO - Started process (PID=53055) to work on /home/airflow/.local/lib/python3.7/site-packages/airflow/example_dags/example_local_kubernetes_executor.py
[2023-04-09 12:26:55,593] {processor.py:641} INFO - Processing file /home/airflow/.local/lib/python3.7/site-packages/airflow/example_dags/example_local_kubernetes_executor.py for tasks to queue
[2023-04-09 12:26:55,594] {logging_mixin.py:115} INFO - [2023-04-09 12:26:55,594] {dagbag.py:507} INFO - Filling up the DagBag from /home/airflow/.local/lib/python3.7/site-packages/airflow/example_dags/example_local_kubernetes_executor.py
[2023-04-09 12:26:55,604] {processor.py:651} INFO - DAG(s) dict_keys(['example_local_kubernetes_executor']) retrieved from /home/airflow/.local/lib/python3.7/site-packages/airflow/example_dags/example_local_kubernetes_executor.py
[2023-04-09 12:26:55,619] {logging_mixin.py:115} INFO - [2023-04-09 12:26:55,619] {dag.py:2371} INFO - Sync 1 DAGs
[2023-04-09 12:26:55,629] {logging_mixin.py:115} INFO - [2023-04-09 12:26:55,629] {dag.py:2919} INFO - Setting next_dagrun for example_local_kubernetes_executor to None, run_after=None
[2023-04-09 12:26:55,634] {processor.py:161} INFO - Processing /home/airflow/.local/lib/python3.7/site-packages/airflow/example_dags/example_local_kubernetes_executor.py took 0.043 seconds
[2023-04-09 13:15:29,365] {processor.py:153} INFO - Started process (PID=53108) to work on /home/airflow/.local/lib/python3.7/site-packages/airflow/example_dags/example_local_kubernetes_executor.py
[2023-04-09 13:15:29,369] {processor.py:641} INFO - Processing file /home/airflow/.local/lib/python3.7/site-packages/airflow/example_dags/example_local_kubernetes_executor.py for tasks to queue
[2023-04-09 13:15:29,370] {logging_mixin.py:115} INFO - [2023-04-09 13:15:29,370] {dagbag.py:507} INFO - Filling up the DagBag from /home/airflow/.local/lib/python3.7/site-packages/airflow/example_dags/example_local_kubernetes_executor.py
[2023-04-09 13:15:29,395] {processor.py:651} INFO - DAG(s) dict_keys(['example_local_kubernetes_executor']) retrieved from /home/airflow/.local/lib/python3.7/site-packages/airflow/example_dags/example_local_kubernetes_executor.py
[2023-04-09 13:15:29,439] {logging_mixin.py:115} INFO - [2023-04-09 13:15:29,438] {dag.py:2371} INFO - Sync 1 DAGs
[2023-04-09 13:15:29,463] {logging_mixin.py:115} INFO - [2023-04-09 13:15:29,463] {dag.py:2919} INFO - Setting next_dagrun for example_local_kubernetes_executor to None, run_after=None
[2023-04-09 13:15:29,483] {processor.py:161} INFO - Processing /home/airflow/.local/lib/python3.7/site-packages/airflow/example_dags/example_local_kubernetes_executor.py took 0.121 seconds
[2023-04-09 14:38:31,269] {processor.py:153} INFO - Started process (PID=53170) to work on /home/airflow/.local/lib/python3.7/site-packages/airflow/example_dags/example_local_kubernetes_executor.py
[2023-04-09 14:38:31,270] {processor.py:641} INFO - Processing file /home/airflow/.local/lib/python3.7/site-packages/airflow/example_dags/example_local_kubernetes_executor.py for tasks to queue
[2023-04-09 14:38:31,270] {logging_mixin.py:115} INFO - [2023-04-09 14:38:31,270] {dagbag.py:507} INFO - Filling up the DagBag from /home/airflow/.local/lib/python3.7/site-packages/airflow/example_dags/example_local_kubernetes_executor.py
[2023-04-09 14:38:31,293] {processor.py:651} INFO - DAG(s) dict_keys(['example_local_kubernetes_executor']) retrieved from /home/airflow/.local/lib/python3.7/site-packages/airflow/example_dags/example_local_kubernetes_executor.py
[2023-04-09 14:38:31,318] {logging_mixin.py:115} INFO - [2023-04-09 14:38:31,318] {dag.py:2371} INFO - Sync 1 DAGs
[2023-04-09 14:38:31,378] {logging_mixin.py:115} INFO - [2023-04-09 14:38:31,378] {dag.py:2919} INFO - Setting next_dagrun for example_local_kubernetes_executor to None, run_after=None
[2023-04-09 14:38:31,392] {processor.py:161} INFO - Processing /home/airflow/.local/lib/python3.7/site-packages/airflow/example_dags/example_local_kubernetes_executor.py took 0.127 seconds
[2023-04-09 15:42:40,697] {processor.py:153} INFO - Started process (PID=53233) to work on /home/airflow/.local/lib/python3.7/site-packages/airflow/example_dags/example_local_kubernetes_executor.py
[2023-04-09 15:42:40,699] {processor.py:641} INFO - Processing file /home/airflow/.local/lib/python3.7/site-packages/airflow/example_dags/example_local_kubernetes_executor.py for tasks to queue
[2023-04-09 15:42:40,700] {logging_mixin.py:115} INFO - [2023-04-09 15:42:40,700] {dagbag.py:507} INFO - Filling up the DagBag from /home/airflow/.local/lib/python3.7/site-packages/airflow/example_dags/example_local_kubernetes_executor.py
[2023-04-09 15:42:40,728] {processor.py:651} INFO - DAG(s) dict_keys(['example_local_kubernetes_executor']) retrieved from /home/airflow/.local/lib/python3.7/site-packages/airflow/example_dags/example_local_kubernetes_executor.py
[2023-04-09 15:42:40,794] {logging_mixin.py:115} INFO - [2023-04-09 15:42:40,794] {dag.py:2371} INFO - Sync 1 DAGs
[2023-04-09 15:42:40,817] {logging_mixin.py:115} INFO - [2023-04-09 15:42:40,816] {dag.py:2919} INFO - Setting next_dagrun for example_local_kubernetes_executor to None, run_after=None
[2023-04-09 15:42:40,827] {processor.py:161} INFO - Processing /home/airflow/.local/lib/python3.7/site-packages/airflow/example_dags/example_local_kubernetes_executor.py took 0.133 seconds
[2023-04-09 16:47:04,635] {processor.py:153} INFO - Started process (PID=53294) to work on /home/airflow/.local/lib/python3.7/site-packages/airflow/example_dags/example_local_kubernetes_executor.py
[2023-04-09 16:47:04,637] {processor.py:641} INFO - Processing file /home/airflow/.local/lib/python3.7/site-packages/airflow/example_dags/example_local_kubernetes_executor.py for tasks to queue
[2023-04-09 16:47:04,637] {logging_mixin.py:115} INFO - [2023-04-09 16:47:04,637] {dagbag.py:507} INFO - Filling up the DagBag from /home/airflow/.local/lib/python3.7/site-packages/airflow/example_dags/example_local_kubernetes_executor.py
[2023-04-09 16:47:04,656] {processor.py:651} INFO - DAG(s) dict_keys(['example_local_kubernetes_executor']) retrieved from /home/airflow/.local/lib/python3.7/site-packages/airflow/example_dags/example_local_kubernetes_executor.py
[2023-04-09 16:47:04,682] {logging_mixin.py:115} INFO - [2023-04-09 16:47:04,682] {dag.py:2371} INFO - Sync 1 DAGs
[2023-04-09 16:47:04,702] {logging_mixin.py:115} INFO - [2023-04-09 16:47:04,702] {dag.py:2919} INFO - Setting next_dagrun for example_local_kubernetes_executor to None, run_after=None
[2023-04-09 16:47:05,027] {processor.py:161} INFO - Processing /home/airflow/.local/lib/python3.7/site-packages/airflow/example_dags/example_local_kubernetes_executor.py took 0.395 seconds
[2023-04-09 18:07:28,428] {processor.py:153} INFO - Started process (PID=53357) to work on /home/airflow/.local/lib/python3.7/site-packages/airflow/example_dags/example_local_kubernetes_executor.py
[2023-04-09 18:07:28,429] {processor.py:641} INFO - Processing file /home/airflow/.local/lib/python3.7/site-packages/airflow/example_dags/example_local_kubernetes_executor.py for tasks to queue
[2023-04-09 18:07:28,430] {logging_mixin.py:115} INFO - [2023-04-09 18:07:28,429] {dagbag.py:507} INFO - Filling up the DagBag from /home/airflow/.local/lib/python3.7/site-packages/airflow/example_dags/example_local_kubernetes_executor.py
[2023-04-09 18:07:28,442] {processor.py:651} INFO - DAG(s) dict_keys(['example_local_kubernetes_executor']) retrieved from /home/airflow/.local/lib/python3.7/site-packages/airflow/example_dags/example_local_kubernetes_executor.py
[2023-04-09 18:07:28,467] {logging_mixin.py:115} INFO - [2023-04-09 18:07:28,467] {dag.py:2371} INFO - Sync 1 DAGs
[2023-04-09 18:07:28,482] {logging_mixin.py:115} INFO - [2023-04-09 18:07:28,482] {dag.py:2919} INFO - Setting next_dagrun for example_local_kubernetes_executor to None, run_after=None
[2023-04-09 18:07:28,487] {processor.py:161} INFO - Processing /home/airflow/.local/lib/python3.7/site-packages/airflow/example_dags/example_local_kubernetes_executor.py took 0.061 seconds
[2023-04-09 19:15:08,339] {processor.py:153} INFO - Started process (PID=53410) to work on /home/airflow/.local/lib/python3.7/site-packages/airflow/example_dags/example_local_kubernetes_executor.py
[2023-04-09 19:15:08,340] {processor.py:641} INFO - Processing file /home/airflow/.local/lib/python3.7/site-packages/airflow/example_dags/example_local_kubernetes_executor.py for tasks to queue
[2023-04-09 19:15:08,341] {logging_mixin.py:115} INFO - [2023-04-09 19:15:08,341] {dagbag.py:507} INFO - Filling up the DagBag from /home/airflow/.local/lib/python3.7/site-packages/airflow/example_dags/example_local_kubernetes_executor.py
[2023-04-09 19:15:08,371] {processor.py:651} INFO - DAG(s) dict_keys(['example_local_kubernetes_executor']) retrieved from /home/airflow/.local/lib/python3.7/site-packages/airflow/example_dags/example_local_kubernetes_executor.py
[2023-04-09 19:15:08,413] {logging_mixin.py:115} INFO - [2023-04-09 19:15:08,413] {dag.py:2371} INFO - Sync 1 DAGs
[2023-04-09 19:15:08,442] {logging_mixin.py:115} INFO - [2023-04-09 19:15:08,442] {dag.py:2919} INFO - Setting next_dagrun for example_local_kubernetes_executor to None, run_after=None
[2023-04-09 19:15:08,460] {processor.py:161} INFO - Processing /home/airflow/.local/lib/python3.7/site-packages/airflow/example_dags/example_local_kubernetes_executor.py took 0.125 seconds
[2023-04-09 19:35:32,442] {processor.py:153} INFO - Started process (PID=53473) to work on /home/airflow/.local/lib/python3.7/site-packages/airflow/example_dags/example_local_kubernetes_executor.py
[2023-04-09 19:35:32,446] {processor.py:641} INFO - Processing file /home/airflow/.local/lib/python3.7/site-packages/airflow/example_dags/example_local_kubernetes_executor.py for tasks to queue
[2023-04-09 19:35:32,447] {logging_mixin.py:115} INFO - [2023-04-09 19:35:32,447] {dagbag.py:507} INFO - Filling up the DagBag from /home/airflow/.local/lib/python3.7/site-packages/airflow/example_dags/example_local_kubernetes_executor.py
[2023-04-09 19:35:32,468] {processor.py:651} INFO - DAG(s) dict_keys(['example_local_kubernetes_executor']) retrieved from /home/airflow/.local/lib/python3.7/site-packages/airflow/example_dags/example_local_kubernetes_executor.py
[2023-04-09 19:35:32,497] {logging_mixin.py:115} INFO - [2023-04-09 19:35:32,497] {dag.py:2371} INFO - Sync 1 DAGs
[2023-04-09 19:35:32,536] {logging_mixin.py:115} INFO - [2023-04-09 19:35:32,536] {dag.py:2919} INFO - Setting next_dagrun for example_local_kubernetes_executor to None, run_after=None
[2023-04-09 19:35:32,548] {processor.py:161} INFO - Processing /home/airflow/.local/lib/python3.7/site-packages/airflow/example_dags/example_local_kubernetes_executor.py took 0.109 seconds
[2023-04-09 19:51:59,160] {processor.py:153} INFO - Started process (PID=53535) to work on /home/airflow/.local/lib/python3.7/site-packages/airflow/example_dags/example_local_kubernetes_executor.py
[2023-04-09 19:51:59,161] {processor.py:641} INFO - Processing file /home/airflow/.local/lib/python3.7/site-packages/airflow/example_dags/example_local_kubernetes_executor.py for tasks to queue
[2023-04-09 19:51:59,162] {logging_mixin.py:115} INFO - [2023-04-09 19:51:59,162] {dagbag.py:507} INFO - Filling up the DagBag from /home/airflow/.local/lib/python3.7/site-packages/airflow/example_dags/example_local_kubernetes_executor.py
[2023-04-09 19:51:59,184] {processor.py:651} INFO - DAG(s) dict_keys(['example_local_kubernetes_executor']) retrieved from /home/airflow/.local/lib/python3.7/site-packages/airflow/example_dags/example_local_kubernetes_executor.py
[2023-04-09 19:51:59,209] {logging_mixin.py:115} INFO - [2023-04-09 19:51:59,209] {dag.py:2371} INFO - Sync 1 DAGs
[2023-04-09 19:51:59,226] {logging_mixin.py:115} INFO - [2023-04-09 19:51:59,226] {dag.py:2919} INFO - Setting next_dagrun for example_local_kubernetes_executor to None, run_after=None
[2023-04-09 19:51:59,277] {processor.py:161} INFO - Processing /home/airflow/.local/lib/python3.7/site-packages/airflow/example_dags/example_local_kubernetes_executor.py took 0.119 seconds
[2023-04-09 20:39:29,525] {processor.py:153} INFO - Started process (PID=53596) to work on /home/airflow/.local/lib/python3.7/site-packages/airflow/example_dags/example_local_kubernetes_executor.py
[2023-04-09 20:39:29,526] {processor.py:641} INFO - Processing file /home/airflow/.local/lib/python3.7/site-packages/airflow/example_dags/example_local_kubernetes_executor.py for tasks to queue
[2023-04-09 20:39:29,526] {logging_mixin.py:115} INFO - [2023-04-09 20:39:29,526] {dagbag.py:507} INFO - Filling up the DagBag from /home/airflow/.local/lib/python3.7/site-packages/airflow/example_dags/example_local_kubernetes_executor.py
[2023-04-09 20:39:29,538] {processor.py:651} INFO - DAG(s) dict_keys(['example_local_kubernetes_executor']) retrieved from /home/airflow/.local/lib/python3.7/site-packages/airflow/example_dags/example_local_kubernetes_executor.py
[2023-04-09 20:39:29,555] {logging_mixin.py:115} INFO - [2023-04-09 20:39:29,555] {dag.py:2371} INFO - Sync 1 DAGs
[2023-04-09 20:39:29,567] {logging_mixin.py:115} INFO - [2023-04-09 20:39:29,567] {dag.py:2919} INFO - Setting next_dagrun for example_local_kubernetes_executor to None, run_after=None
[2023-04-09 20:39:29,572] {processor.py:161} INFO - Processing /home/airflow/.local/lib/python3.7/site-packages/airflow/example_dags/example_local_kubernetes_executor.py took 0.050 seconds
[2023-04-09 20:40:00,549] {processor.py:153} INFO - Started process (PID=53656) to work on /home/airflow/.local/lib/python3.7/site-packages/airflow/example_dags/example_local_kubernetes_executor.py
[2023-04-09 20:40:00,550] {processor.py:641} INFO - Processing file /home/airflow/.local/lib/python3.7/site-packages/airflow/example_dags/example_local_kubernetes_executor.py for tasks to queue
[2023-04-09 20:40:00,551] {logging_mixin.py:115} INFO - [2023-04-09 20:40:00,551] {dagbag.py:507} INFO - Filling up the DagBag from /home/airflow/.local/lib/python3.7/site-packages/airflow/example_dags/example_local_kubernetes_executor.py
[2023-04-09 20:40:00,565] {processor.py:651} INFO - DAG(s) dict_keys(['example_local_kubernetes_executor']) retrieved from /home/airflow/.local/lib/python3.7/site-packages/airflow/example_dags/example_local_kubernetes_executor.py
[2023-04-09 20:40:00,586] {logging_mixin.py:115} INFO - [2023-04-09 20:40:00,585] {dag.py:2371} INFO - Sync 1 DAGs
[2023-04-09 20:40:00,604] {logging_mixin.py:115} INFO - [2023-04-09 20:40:00,604] {dag.py:2919} INFO - Setting next_dagrun for example_local_kubernetes_executor to None, run_after=None
[2023-04-09 20:40:00,617] {processor.py:161} INFO - Processing /home/airflow/.local/lib/python3.7/site-packages/airflow/example_dags/example_local_kubernetes_executor.py took 0.074 seconds
[2023-04-09 21:48:50,461] {processor.py:153} INFO - Started process (PID=53710) to work on /home/airflow/.local/lib/python3.7/site-packages/airflow/example_dags/example_local_kubernetes_executor.py
[2023-04-09 21:48:50,462] {processor.py:641} INFO - Processing file /home/airflow/.local/lib/python3.7/site-packages/airflow/example_dags/example_local_kubernetes_executor.py for tasks to queue
[2023-04-09 21:48:50,463] {logging_mixin.py:115} INFO - [2023-04-09 21:48:50,462] {dagbag.py:507} INFO - Filling up the DagBag from /home/airflow/.local/lib/python3.7/site-packages/airflow/example_dags/example_local_kubernetes_executor.py
[2023-04-09 21:48:50,473] {processor.py:651} INFO - DAG(s) dict_keys(['example_local_kubernetes_executor']) retrieved from /home/airflow/.local/lib/python3.7/site-packages/airflow/example_dags/example_local_kubernetes_executor.py
[2023-04-09 21:48:50,490] {logging_mixin.py:115} INFO - [2023-04-09 21:48:50,490] {dag.py:2371} INFO - Sync 1 DAGs
[2023-04-09 21:48:50,502] {logging_mixin.py:115} INFO - [2023-04-09 21:48:50,502] {dag.py:2919} INFO - Setting next_dagrun for example_local_kubernetes_executor to None, run_after=None
[2023-04-09 21:48:50,507] {processor.py:161} INFO - Processing /home/airflow/.local/lib/python3.7/site-packages/airflow/example_dags/example_local_kubernetes_executor.py took 0.048 seconds
[2023-04-09 22:37:30,712] {processor.py:153} INFO - Started process (PID=53772) to work on /home/airflow/.local/lib/python3.7/site-packages/airflow/example_dags/example_local_kubernetes_executor.py
[2023-04-09 22:37:30,713] {processor.py:641} INFO - Processing file /home/airflow/.local/lib/python3.7/site-packages/airflow/example_dags/example_local_kubernetes_executor.py for tasks to queue
[2023-04-09 22:37:30,714] {logging_mixin.py:115} INFO - [2023-04-09 22:37:30,714] {dagbag.py:507} INFO - Filling up the DagBag from /home/airflow/.local/lib/python3.7/site-packages/airflow/example_dags/example_local_kubernetes_executor.py
[2023-04-09 22:37:30,755] {processor.py:651} INFO - DAG(s) dict_keys(['example_local_kubernetes_executor']) retrieved from /home/airflow/.local/lib/python3.7/site-packages/airflow/example_dags/example_local_kubernetes_executor.py
[2023-04-09 22:37:30,822] {logging_mixin.py:115} INFO - [2023-04-09 22:37:30,822] {dag.py:2371} INFO - Sync 1 DAGs
[2023-04-09 22:37:30,854] {logging_mixin.py:115} INFO - [2023-04-09 22:37:30,854] {dag.py:2919} INFO - Setting next_dagrun for example_local_kubernetes_executor to None, run_after=None
[2023-04-09 22:37:30,869] {processor.py:161} INFO - Processing /home/airflow/.local/lib/python3.7/site-packages/airflow/example_dags/example_local_kubernetes_executor.py took 0.161 seconds
[2023-04-09 23:42:56,904] {processor.py:153} INFO - Started process (PID=53834) to work on /home/airflow/.local/lib/python3.7/site-packages/airflow/example_dags/example_local_kubernetes_executor.py
[2023-04-09 23:42:56,907] {processor.py:641} INFO - Processing file /home/airflow/.local/lib/python3.7/site-packages/airflow/example_dags/example_local_kubernetes_executor.py for tasks to queue
[2023-04-09 23:42:56,910] {logging_mixin.py:115} INFO - [2023-04-09 23:42:56,910] {dagbag.py:507} INFO - Filling up the DagBag from /home/airflow/.local/lib/python3.7/site-packages/airflow/example_dags/example_local_kubernetes_executor.py
[2023-04-09 23:42:56,944] {processor.py:651} INFO - DAG(s) dict_keys(['example_local_kubernetes_executor']) retrieved from /home/airflow/.local/lib/python3.7/site-packages/airflow/example_dags/example_local_kubernetes_executor.py
[2023-04-09 23:42:56,997] {logging_mixin.py:115} INFO - [2023-04-09 23:42:56,997] {dag.py:2371} INFO - Sync 1 DAGs
[2023-04-09 23:42:57,025] {logging_mixin.py:115} INFO - [2023-04-09 23:42:57,025] {dag.py:2919} INFO - Setting next_dagrun for example_local_kubernetes_executor to None, run_after=None
[2023-04-09 23:42:57,037] {processor.py:161} INFO - Processing /home/airflow/.local/lib/python3.7/site-packages/airflow/example_dags/example_local_kubernetes_executor.py took 0.136 seconds
