[2023-04-09 00:07:33,303] {processor.py:153} INFO - Started process (PID=52245) to work on /home/airflow/.local/lib/python3.7/site-packages/airflow/example_dags/example_xcomargs.py
[2023-04-09 00:07:33,304] {processor.py:641} INFO - Processing file /home/airflow/.local/lib/python3.7/site-packages/airflow/example_dags/example_xcomargs.py for tasks to queue
[2023-04-09 00:07:33,304] {logging_mixin.py:115} INFO - [2023-04-09 00:07:33,304] {dagbag.py:507} INFO - Filling up the DagBag from /home/airflow/.local/lib/python3.7/site-packages/airflow/example_dags/example_xcomargs.py
[2023-04-09 00:07:33,314] {processor.py:651} INFO - DAG(s) dict_keys(['example_xcom_args', 'example_xcom_args_with_operators']) retrieved from /home/airflow/.local/lib/python3.7/site-packages/airflow/example_dags/example_xcomargs.py
[2023-04-09 00:07:33,351] {logging_mixin.py:115} INFO - [2023-04-09 00:07:33,350] {dag.py:2371} INFO - Sync 2 DAGs
[2023-04-09 00:07:33,364] {logging_mixin.py:115} INFO - [2023-04-09 00:07:33,363] {dag.py:2919} INFO - Setting next_dagrun for example_xcom_args to None, run_after=None
[2023-04-09 00:07:33,364] {logging_mixin.py:115} INFO - [2023-04-09 00:07:33,364] {dag.py:2919} INFO - Setting next_dagrun for example_xcom_args_with_operators to None, run_after=None
[2023-04-09 00:07:33,371] {processor.py:161} INFO - Processing /home/airflow/.local/lib/python3.7/site-packages/airflow/example_dags/example_xcomargs.py took 0.070 seconds
[2023-04-09 00:08:03,755] {processor.py:153} INFO - Started process (PID=52299) to work on /home/airflow/.local/lib/python3.7/site-packages/airflow/example_dags/example_xcomargs.py
[2023-04-09 00:08:03,755] {processor.py:641} INFO - Processing file /home/airflow/.local/lib/python3.7/site-packages/airflow/example_dags/example_xcomargs.py for tasks to queue
[2023-04-09 00:08:03,756] {logging_mixin.py:115} INFO - [2023-04-09 00:08:03,756] {dagbag.py:507} INFO - Filling up the DagBag from /home/airflow/.local/lib/python3.7/site-packages/airflow/example_dags/example_xcomargs.py
[2023-04-09 00:08:03,769] {processor.py:651} INFO - DAG(s) dict_keys(['example_xcom_args', 'example_xcom_args_with_operators']) retrieved from /home/airflow/.local/lib/python3.7/site-packages/airflow/example_dags/example_xcomargs.py
[2023-04-09 00:08:03,808] {logging_mixin.py:115} INFO - [2023-04-09 00:08:03,807] {dag.py:2371} INFO - Sync 2 DAGs
[2023-04-09 00:08:03,817] {logging_mixin.py:115} INFO - [2023-04-09 00:08:03,817] {dag.py:2919} INFO - Setting next_dagrun for example_xcom_args to None, run_after=None
[2023-04-09 00:08:03,818] {logging_mixin.py:115} INFO - [2023-04-09 00:08:03,818] {dag.py:2919} INFO - Setting next_dagrun for example_xcom_args_with_operators to None, run_after=None
[2023-04-09 00:08:03,826] {processor.py:161} INFO - Processing /home/airflow/.local/lib/python3.7/site-packages/airflow/example_dags/example_xcomargs.py took 0.074 seconds
[2023-04-09 01:15:21,010] {processor.py:153} INFO - Started process (PID=52361) to work on /home/airflow/.local/lib/python3.7/site-packages/airflow/example_dags/example_xcomargs.py
[2023-04-09 01:15:21,010] {processor.py:641} INFO - Processing file /home/airflow/.local/lib/python3.7/site-packages/airflow/example_dags/example_xcomargs.py for tasks to queue
[2023-04-09 01:15:21,011] {logging_mixin.py:115} INFO - [2023-04-09 01:15:21,011] {dagbag.py:507} INFO - Filling up the DagBag from /home/airflow/.local/lib/python3.7/site-packages/airflow/example_dags/example_xcomargs.py
[2023-04-09 01:15:21,021] {processor.py:651} INFO - DAG(s) dict_keys(['example_xcom_args', 'example_xcom_args_with_operators']) retrieved from /home/airflow/.local/lib/python3.7/site-packages/airflow/example_dags/example_xcomargs.py
[2023-04-09 01:15:21,059] {logging_mixin.py:115} INFO - [2023-04-09 01:15:21,059] {dag.py:2371} INFO - Sync 2 DAGs
[2023-04-09 01:15:21,068] {logging_mixin.py:115} INFO - [2023-04-09 01:15:21,068] {dag.py:2919} INFO - Setting next_dagrun for example_xcom_args to None, run_after=None
[2023-04-09 01:15:21,069] {logging_mixin.py:115} INFO - [2023-04-09 01:15:21,069] {dag.py:2919} INFO - Setting next_dagrun for example_xcom_args_with_operators to None, run_after=None
[2023-04-09 01:15:21,075] {processor.py:161} INFO - Processing /home/airflow/.local/lib/python3.7/site-packages/airflow/example_dags/example_xcomargs.py took 0.068 seconds
[2023-04-09 02:21:42,245] {processor.py:153} INFO - Started process (PID=52422) to work on /home/airflow/.local/lib/python3.7/site-packages/airflow/example_dags/example_xcomargs.py
[2023-04-09 02:21:42,246] {processor.py:641} INFO - Processing file /home/airflow/.local/lib/python3.7/site-packages/airflow/example_dags/example_xcomargs.py for tasks to queue
[2023-04-09 02:21:42,246] {logging_mixin.py:115} INFO - [2023-04-09 02:21:42,246] {dagbag.py:507} INFO - Filling up the DagBag from /home/airflow/.local/lib/python3.7/site-packages/airflow/example_dags/example_xcomargs.py
[2023-04-09 02:21:42,257] {processor.py:651} INFO - DAG(s) dict_keys(['example_xcom_args', 'example_xcom_args_with_operators']) retrieved from /home/airflow/.local/lib/python3.7/site-packages/airflow/example_dags/example_xcomargs.py
[2023-04-09 02:21:42,296] {logging_mixin.py:115} INFO - [2023-04-09 02:21:42,296] {dag.py:2371} INFO - Sync 2 DAGs
[2023-04-09 02:21:42,306] {logging_mixin.py:115} INFO - [2023-04-09 02:21:42,306] {dag.py:2919} INFO - Setting next_dagrun for example_xcom_args to None, run_after=None
[2023-04-09 02:21:42,306] {logging_mixin.py:115} INFO - [2023-04-09 02:21:42,306] {dag.py:2919} INFO - Setting next_dagrun for example_xcom_args_with_operators to None, run_after=None
[2023-04-09 02:21:42,313] {processor.py:161} INFO - Processing /home/airflow/.local/lib/python3.7/site-packages/airflow/example_dags/example_xcomargs.py took 0.070 seconds
[2023-04-09 03:46:31,769] {processor.py:153} INFO - Started process (PID=52484) to work on /home/airflow/.local/lib/python3.7/site-packages/airflow/example_dags/example_xcomargs.py
[2023-04-09 03:46:31,769] {processor.py:641} INFO - Processing file /home/airflow/.local/lib/python3.7/site-packages/airflow/example_dags/example_xcomargs.py for tasks to queue
[2023-04-09 03:46:31,770] {logging_mixin.py:115} INFO - [2023-04-09 03:46:31,770] {dagbag.py:507} INFO - Filling up the DagBag from /home/airflow/.local/lib/python3.7/site-packages/airflow/example_dags/example_xcomargs.py
[2023-04-09 03:46:31,780] {processor.py:651} INFO - DAG(s) dict_keys(['example_xcom_args', 'example_xcom_args_with_operators']) retrieved from /home/airflow/.local/lib/python3.7/site-packages/airflow/example_dags/example_xcomargs.py
[2023-04-09 03:46:31,816] {logging_mixin.py:115} INFO - [2023-04-09 03:46:31,816] {dag.py:2371} INFO - Sync 2 DAGs
[2023-04-09 03:46:31,826] {logging_mixin.py:115} INFO - [2023-04-09 03:46:31,826] {dag.py:2919} INFO - Setting next_dagrun for example_xcom_args to None, run_after=None
[2023-04-09 03:46:31,827] {logging_mixin.py:115} INFO - [2023-04-09 03:46:31,827] {dag.py:2919} INFO - Setting next_dagrun for example_xcom_args_with_operators to None, run_after=None
[2023-04-09 03:46:31,834] {processor.py:161} INFO - Processing /home/airflow/.local/lib/python3.7/site-packages/airflow/example_dags/example_xcomargs.py took 0.067 seconds
[2023-04-09 04:13:36,898] {processor.py:153} INFO - Started process (PID=52546) to work on /home/airflow/.local/lib/python3.7/site-packages/airflow/example_dags/example_xcomargs.py
[2023-04-09 04:13:36,899] {processor.py:641} INFO - Processing file /home/airflow/.local/lib/python3.7/site-packages/airflow/example_dags/example_xcomargs.py for tasks to queue
[2023-04-09 04:13:36,899] {logging_mixin.py:115} INFO - [2023-04-09 04:13:36,899] {dagbag.py:507} INFO - Filling up the DagBag from /home/airflow/.local/lib/python3.7/site-packages/airflow/example_dags/example_xcomargs.py
[2023-04-09 04:13:36,910] {processor.py:651} INFO - DAG(s) dict_keys(['example_xcom_args', 'example_xcom_args_with_operators']) retrieved from /home/airflow/.local/lib/python3.7/site-packages/airflow/example_dags/example_xcomargs.py
[2023-04-09 04:13:36,947] {logging_mixin.py:115} INFO - [2023-04-09 04:13:36,947] {dag.py:2371} INFO - Sync 2 DAGs
[2023-04-09 04:13:36,957] {logging_mixin.py:115} INFO - [2023-04-09 04:13:36,957] {dag.py:2919} INFO - Setting next_dagrun for example_xcom_args to None, run_after=None
[2023-04-09 04:13:36,957] {logging_mixin.py:115} INFO - [2023-04-09 04:13:36,957] {dag.py:2919} INFO - Setting next_dagrun for example_xcom_args_with_operators to None, run_after=None
[2023-04-09 04:13:36,964] {processor.py:161} INFO - Processing /home/airflow/.local/lib/python3.7/site-packages/airflow/example_dags/example_xcomargs.py took 0.068 seconds
[2023-04-09 04:30:54,985] {processor.py:153} INFO - Started process (PID=52599) to work on /home/airflow/.local/lib/python3.7/site-packages/airflow/example_dags/example_xcomargs.py
[2023-04-09 04:30:54,986] {processor.py:641} INFO - Processing file /home/airflow/.local/lib/python3.7/site-packages/airflow/example_dags/example_xcomargs.py for tasks to queue
[2023-04-09 04:30:54,986] {logging_mixin.py:115} INFO - [2023-04-09 04:30:54,986] {dagbag.py:507} INFO - Filling up the DagBag from /home/airflow/.local/lib/python3.7/site-packages/airflow/example_dags/example_xcomargs.py
[2023-04-09 04:30:54,996] {processor.py:651} INFO - DAG(s) dict_keys(['example_xcom_args', 'example_xcom_args_with_operators']) retrieved from /home/airflow/.local/lib/python3.7/site-packages/airflow/example_dags/example_xcomargs.py
[2023-04-09 04:30:55,032] {logging_mixin.py:115} INFO - [2023-04-09 04:30:55,032] {dag.py:2371} INFO - Sync 2 DAGs
[2023-04-09 04:30:55,042] {logging_mixin.py:115} INFO - [2023-04-09 04:30:55,042] {dag.py:2919} INFO - Setting next_dagrun for example_xcom_args to None, run_after=None
[2023-04-09 04:30:55,043] {logging_mixin.py:115} INFO - [2023-04-09 04:30:55,043] {dag.py:2919} INFO - Setting next_dagrun for example_xcom_args_with_operators to None, run_after=None
[2023-04-09 04:30:55,049] {processor.py:161} INFO - Processing /home/airflow/.local/lib/python3.7/site-packages/airflow/example_dags/example_xcomargs.py took 0.066 seconds
[2023-04-09 05:36:27,216] {processor.py:153} INFO - Started process (PID=52661) to work on /home/airflow/.local/lib/python3.7/site-packages/airflow/example_dags/example_xcomargs.py
[2023-04-09 05:36:27,218] {processor.py:641} INFO - Processing file /home/airflow/.local/lib/python3.7/site-packages/airflow/example_dags/example_xcomargs.py for tasks to queue
[2023-04-09 05:36:27,218] {logging_mixin.py:115} INFO - [2023-04-09 05:36:27,218] {dagbag.py:507} INFO - Filling up the DagBag from /home/airflow/.local/lib/python3.7/site-packages/airflow/example_dags/example_xcomargs.py
[2023-04-09 05:36:27,235] {processor.py:651} INFO - DAG(s) dict_keys(['example_xcom_args', 'example_xcom_args_with_operators']) retrieved from /home/airflow/.local/lib/python3.7/site-packages/airflow/example_dags/example_xcomargs.py
[2023-04-09 05:36:27,282] {logging_mixin.py:115} INFO - [2023-04-09 05:36:27,282] {dag.py:2371} INFO - Sync 2 DAGs
[2023-04-09 05:36:27,293] {logging_mixin.py:115} INFO - [2023-04-09 05:36:27,293] {dag.py:2919} INFO - Setting next_dagrun for example_xcom_args to None, run_after=None
[2023-04-09 05:36:27,293] {logging_mixin.py:115} INFO - [2023-04-09 05:36:27,293] {dag.py:2919} INFO - Setting next_dagrun for example_xcom_args_with_operators to None, run_after=None
[2023-04-09 05:36:27,300] {processor.py:161} INFO - Processing /home/airflow/.local/lib/python3.7/site-packages/airflow/example_dags/example_xcomargs.py took 0.086 seconds
[2023-04-09 06:43:10,975] {processor.py:153} INFO - Started process (PID=52723) to work on /home/airflow/.local/lib/python3.7/site-packages/airflow/example_dags/example_xcomargs.py
[2023-04-09 06:43:10,976] {processor.py:641} INFO - Processing file /home/airflow/.local/lib/python3.7/site-packages/airflow/example_dags/example_xcomargs.py for tasks to queue
[2023-04-09 06:43:10,977] {logging_mixin.py:115} INFO - [2023-04-09 06:43:10,977] {dagbag.py:507} INFO - Filling up the DagBag from /home/airflow/.local/lib/python3.7/site-packages/airflow/example_dags/example_xcomargs.py
[2023-04-09 06:43:10,988] {processor.py:651} INFO - DAG(s) dict_keys(['example_xcom_args', 'example_xcom_args_with_operators']) retrieved from /home/airflow/.local/lib/python3.7/site-packages/airflow/example_dags/example_xcomargs.py
[2023-04-09 06:43:11,026] {logging_mixin.py:115} INFO - [2023-04-09 06:43:11,026] {dag.py:2371} INFO - Sync 2 DAGs
[2023-04-09 06:43:11,036] {logging_mixin.py:115} INFO - [2023-04-09 06:43:11,036] {dag.py:2919} INFO - Setting next_dagrun for example_xcom_args to None, run_after=None
[2023-04-09 06:43:11,036] {logging_mixin.py:115} INFO - [2023-04-09 06:43:11,036] {dag.py:2919} INFO - Setting next_dagrun for example_xcom_args_with_operators to None, run_after=None
[2023-04-09 06:43:11,042] {processor.py:161} INFO - Processing /home/airflow/.local/lib/python3.7/site-packages/airflow/example_dags/example_xcomargs.py took 0.070 seconds
[2023-04-09 07:48:23,988] {processor.py:153} INFO - Started process (PID=52784) to work on /home/airflow/.local/lib/python3.7/site-packages/airflow/example_dags/example_xcomargs.py
[2023-04-09 07:48:23,989] {processor.py:641} INFO - Processing file /home/airflow/.local/lib/python3.7/site-packages/airflow/example_dags/example_xcomargs.py for tasks to queue
[2023-04-09 07:48:23,990] {logging_mixin.py:115} INFO - [2023-04-09 07:48:23,990] {dagbag.py:507} INFO - Filling up the DagBag from /home/airflow/.local/lib/python3.7/site-packages/airflow/example_dags/example_xcomargs.py
[2023-04-09 07:48:24,001] {processor.py:651} INFO - DAG(s) dict_keys(['example_xcom_args', 'example_xcom_args_with_operators']) retrieved from /home/airflow/.local/lib/python3.7/site-packages/airflow/example_dags/example_xcomargs.py
[2023-04-09 07:48:24,039] {logging_mixin.py:115} INFO - [2023-04-09 07:48:24,039] {dag.py:2371} INFO - Sync 2 DAGs
[2023-04-09 07:48:24,048] {logging_mixin.py:115} INFO - [2023-04-09 07:48:24,048] {dag.py:2919} INFO - Setting next_dagrun for example_xcom_args to None, run_after=None
[2023-04-09 07:48:24,049] {logging_mixin.py:115} INFO - [2023-04-09 07:48:24,049] {dag.py:2919} INFO - Setting next_dagrun for example_xcom_args_with_operators to None, run_after=None
[2023-04-09 07:48:24,054] {processor.py:161} INFO - Processing /home/airflow/.local/lib/python3.7/site-packages/airflow/example_dags/example_xcomargs.py took 0.068 seconds
[2023-04-09 09:12:37,697] {processor.py:153} INFO - Started process (PID=52846) to work on /home/airflow/.local/lib/python3.7/site-packages/airflow/example_dags/example_xcomargs.py
[2023-04-09 09:12:37,697] {processor.py:641} INFO - Processing file /home/airflow/.local/lib/python3.7/site-packages/airflow/example_dags/example_xcomargs.py for tasks to queue
[2023-04-09 09:12:37,700] {logging_mixin.py:115} INFO - [2023-04-09 09:12:37,700] {dagbag.py:507} INFO - Filling up the DagBag from /home/airflow/.local/lib/python3.7/site-packages/airflow/example_dags/example_xcomargs.py
[2023-04-09 09:12:37,711] {processor.py:651} INFO - DAG(s) dict_keys(['example_xcom_args', 'example_xcom_args_with_operators']) retrieved from /home/airflow/.local/lib/python3.7/site-packages/airflow/example_dags/example_xcomargs.py
[2023-04-09 09:12:37,750] {logging_mixin.py:115} INFO - [2023-04-09 09:12:37,750] {dag.py:2371} INFO - Sync 2 DAGs
[2023-04-09 09:12:37,759] {logging_mixin.py:115} INFO - [2023-04-09 09:12:37,759] {dag.py:2919} INFO - Setting next_dagrun for example_xcom_args to None, run_after=None
[2023-04-09 09:12:37,760] {logging_mixin.py:115} INFO - [2023-04-09 09:12:37,760] {dag.py:2919} INFO - Setting next_dagrun for example_xcom_args_with_operators to None, run_after=None
[2023-04-09 09:12:37,770] {processor.py:161} INFO - Processing /home/airflow/.local/lib/python3.7/site-packages/airflow/example_dags/example_xcomargs.py took 0.077 seconds
[2023-04-09 10:19:49,743] {processor.py:153} INFO - Started process (PID=52899) to work on /home/airflow/.local/lib/python3.7/site-packages/airflow/example_dags/example_xcomargs.py
[2023-04-09 10:19:49,744] {processor.py:641} INFO - Processing file /home/airflow/.local/lib/python3.7/site-packages/airflow/example_dags/example_xcomargs.py for tasks to queue
[2023-04-09 10:19:49,744] {logging_mixin.py:115} INFO - [2023-04-09 10:19:49,744] {dagbag.py:507} INFO - Filling up the DagBag from /home/airflow/.local/lib/python3.7/site-packages/airflow/example_dags/example_xcomargs.py
[2023-04-09 10:19:49,755] {processor.py:651} INFO - DAG(s) dict_keys(['example_xcom_args', 'example_xcom_args_with_operators']) retrieved from /home/airflow/.local/lib/python3.7/site-packages/airflow/example_dags/example_xcomargs.py
[2023-04-09 10:19:49,794] {logging_mixin.py:115} INFO - [2023-04-09 10:19:49,794] {dag.py:2371} INFO - Sync 2 DAGs
[2023-04-09 10:19:49,803] {logging_mixin.py:115} INFO - [2023-04-09 10:19:49,803] {dag.py:2919} INFO - Setting next_dagrun for example_xcom_args to None, run_after=None
[2023-04-09 10:19:49,803] {logging_mixin.py:115} INFO - [2023-04-09 10:19:49,803] {dag.py:2919} INFO - Setting next_dagrun for example_xcom_args_with_operators to None, run_after=None
[2023-04-09 10:19:49,809] {processor.py:161} INFO - Processing /home/airflow/.local/lib/python3.7/site-packages/airflow/example_dags/example_xcomargs.py took 0.068 seconds
[2023-04-09 11:28:15,898] {processor.py:153} INFO - Started process (PID=52961) to work on /home/airflow/.local/lib/python3.7/site-packages/airflow/example_dags/example_xcomargs.py
[2023-04-09 11:28:15,906] {processor.py:641} INFO - Processing file /home/airflow/.local/lib/python3.7/site-packages/airflow/example_dags/example_xcomargs.py for tasks to queue
[2023-04-09 11:28:15,910] {logging_mixin.py:115} INFO - [2023-04-09 11:28:15,909] {dagbag.py:507} INFO - Filling up the DagBag from /home/airflow/.local/lib/python3.7/site-packages/airflow/example_dags/example_xcomargs.py
[2023-04-09 11:28:15,943] {processor.py:651} INFO - DAG(s) dict_keys(['example_xcom_args', 'example_xcom_args_with_operators']) retrieved from /home/airflow/.local/lib/python3.7/site-packages/airflow/example_dags/example_xcomargs.py
[2023-04-09 11:28:15,994] {logging_mixin.py:115} INFO - [2023-04-09 11:28:15,994] {dag.py:2371} INFO - Sync 2 DAGs
[2023-04-09 11:28:16,005] {logging_mixin.py:115} INFO - [2023-04-09 11:28:16,005] {dag.py:2919} INFO - Setting next_dagrun for example_xcom_args to None, run_after=None
[2023-04-09 11:28:16,006] {logging_mixin.py:115} INFO - [2023-04-09 11:28:16,006] {dag.py:2919} INFO - Setting next_dagrun for example_xcom_args_with_operators to None, run_after=None
[2023-04-09 11:28:16,014] {processor.py:161} INFO - Processing /home/airflow/.local/lib/python3.7/site-packages/airflow/example_dags/example_xcomargs.py took 0.121 seconds
[2023-04-09 12:26:26,139] {processor.py:153} INFO - Started process (PID=53023) to work on /home/airflow/.local/lib/python3.7/site-packages/airflow/example_dags/example_xcomargs.py
[2023-04-09 12:26:26,140] {processor.py:641} INFO - Processing file /home/airflow/.local/lib/python3.7/site-packages/airflow/example_dags/example_xcomargs.py for tasks to queue
[2023-04-09 12:26:26,140] {logging_mixin.py:115} INFO - [2023-04-09 12:26:26,140] {dagbag.py:507} INFO - Filling up the DagBag from /home/airflow/.local/lib/python3.7/site-packages/airflow/example_dags/example_xcomargs.py
[2023-04-09 12:26:26,150] {processor.py:651} INFO - DAG(s) dict_keys(['example_xcom_args', 'example_xcom_args_with_operators']) retrieved from /home/airflow/.local/lib/python3.7/site-packages/airflow/example_dags/example_xcomargs.py
[2023-04-09 12:26:26,184] {logging_mixin.py:115} INFO - [2023-04-09 12:26:26,184] {dag.py:2371} INFO - Sync 2 DAGs
[2023-04-09 12:26:26,193] {logging_mixin.py:115} INFO - [2023-04-09 12:26:26,193] {dag.py:2919} INFO - Setting next_dagrun for example_xcom_args to None, run_after=None
[2023-04-09 12:26:26,193] {logging_mixin.py:115} INFO - [2023-04-09 12:26:26,193] {dag.py:2919} INFO - Setting next_dagrun for example_xcom_args_with_operators to None, run_after=None
[2023-04-09 12:26:26,199] {processor.py:161} INFO - Processing /home/airflow/.local/lib/python3.7/site-packages/airflow/example_dags/example_xcomargs.py took 0.061 seconds
[2023-04-09 12:26:56,651] {processor.py:153} INFO - Started process (PID=53083) to work on /home/airflow/.local/lib/python3.7/site-packages/airflow/example_dags/example_xcomargs.py
[2023-04-09 12:26:56,652] {processor.py:641} INFO - Processing file /home/airflow/.local/lib/python3.7/site-packages/airflow/example_dags/example_xcomargs.py for tasks to queue
[2023-04-09 12:26:56,653] {logging_mixin.py:115} INFO - [2023-04-09 12:26:56,652] {dagbag.py:507} INFO - Filling up the DagBag from /home/airflow/.local/lib/python3.7/site-packages/airflow/example_dags/example_xcomargs.py
[2023-04-09 12:26:56,663] {processor.py:651} INFO - DAG(s) dict_keys(['example_xcom_args', 'example_xcom_args_with_operators']) retrieved from /home/airflow/.local/lib/python3.7/site-packages/airflow/example_dags/example_xcomargs.py
[2023-04-09 12:26:56,702] {logging_mixin.py:115} INFO - [2023-04-09 12:26:56,702] {dag.py:2371} INFO - Sync 2 DAGs
[2023-04-09 12:26:56,713] {logging_mixin.py:115} INFO - [2023-04-09 12:26:56,713] {dag.py:2919} INFO - Setting next_dagrun for example_xcom_args to None, run_after=None
[2023-04-09 12:26:56,713] {logging_mixin.py:115} INFO - [2023-04-09 12:26:56,713] {dag.py:2919} INFO - Setting next_dagrun for example_xcom_args_with_operators to None, run_after=None
[2023-04-09 12:26:56,720] {processor.py:161} INFO - Processing /home/airflow/.local/lib/python3.7/site-packages/airflow/example_dags/example_xcomargs.py took 0.071 seconds
[2023-04-09 13:15:30,963] {processor.py:153} INFO - Started process (PID=53136) to work on /home/airflow/.local/lib/python3.7/site-packages/airflow/example_dags/example_xcomargs.py
[2023-04-09 13:15:30,964] {processor.py:641} INFO - Processing file /home/airflow/.local/lib/python3.7/site-packages/airflow/example_dags/example_xcomargs.py for tasks to queue
[2023-04-09 13:15:30,964] {logging_mixin.py:115} INFO - [2023-04-09 13:15:30,964] {dagbag.py:507} INFO - Filling up the DagBag from /home/airflow/.local/lib/python3.7/site-packages/airflow/example_dags/example_xcomargs.py
[2023-04-09 13:15:30,976] {processor.py:651} INFO - DAG(s) dict_keys(['example_xcom_args', 'example_xcom_args_with_operators']) retrieved from /home/airflow/.local/lib/python3.7/site-packages/airflow/example_dags/example_xcomargs.py
[2023-04-09 13:15:31,029] {logging_mixin.py:115} INFO - [2023-04-09 13:15:31,029] {dag.py:2371} INFO - Sync 2 DAGs
[2023-04-09 13:15:31,040] {logging_mixin.py:115} INFO - [2023-04-09 13:15:31,040] {dag.py:2919} INFO - Setting next_dagrun for example_xcom_args to None, run_after=None
[2023-04-09 13:15:31,041] {logging_mixin.py:115} INFO - [2023-04-09 13:15:31,041] {dag.py:2919} INFO - Setting next_dagrun for example_xcom_args_with_operators to None, run_after=None
[2023-04-09 13:15:31,053] {processor.py:161} INFO - Processing /home/airflow/.local/lib/python3.7/site-packages/airflow/example_dags/example_xcomargs.py took 0.092 seconds
[2023-04-09 14:38:32,692] {processor.py:153} INFO - Started process (PID=53198) to work on /home/airflow/.local/lib/python3.7/site-packages/airflow/example_dags/example_xcomargs.py
[2023-04-09 14:38:32,693] {processor.py:641} INFO - Processing file /home/airflow/.local/lib/python3.7/site-packages/airflow/example_dags/example_xcomargs.py for tasks to queue
[2023-04-09 14:38:32,693] {logging_mixin.py:115} INFO - [2023-04-09 14:38:32,693] {dagbag.py:507} INFO - Filling up the DagBag from /home/airflow/.local/lib/python3.7/site-packages/airflow/example_dags/example_xcomargs.py
[2023-04-09 14:38:32,703] {processor.py:651} INFO - DAG(s) dict_keys(['example_xcom_args', 'example_xcom_args_with_operators']) retrieved from /home/airflow/.local/lib/python3.7/site-packages/airflow/example_dags/example_xcomargs.py
[2023-04-09 14:38:32,740] {logging_mixin.py:115} INFO - [2023-04-09 14:38:32,740] {dag.py:2371} INFO - Sync 2 DAGs
[2023-04-09 14:38:32,749] {logging_mixin.py:115} INFO - [2023-04-09 14:38:32,749] {dag.py:2919} INFO - Setting next_dagrun for example_xcom_args to None, run_after=None
[2023-04-09 14:38:32,750] {logging_mixin.py:115} INFO - [2023-04-09 14:38:32,750] {dag.py:2919} INFO - Setting next_dagrun for example_xcom_args_with_operators to None, run_after=None
[2023-04-09 14:38:32,756] {processor.py:161} INFO - Processing /home/airflow/.local/lib/python3.7/site-packages/airflow/example_dags/example_xcomargs.py took 0.066 seconds
[2023-04-09 15:42:41,804] {processor.py:153} INFO - Started process (PID=53261) to work on /home/airflow/.local/lib/python3.7/site-packages/airflow/example_dags/example_xcomargs.py
[2023-04-09 15:42:41,805] {processor.py:641} INFO - Processing file /home/airflow/.local/lib/python3.7/site-packages/airflow/example_dags/example_xcomargs.py for tasks to queue
[2023-04-09 15:42:41,806] {logging_mixin.py:115} INFO - [2023-04-09 15:42:41,806] {dagbag.py:507} INFO - Filling up the DagBag from /home/airflow/.local/lib/python3.7/site-packages/airflow/example_dags/example_xcomargs.py
[2023-04-09 15:42:41,815] {processor.py:651} INFO - DAG(s) dict_keys(['example_xcom_args', 'example_xcom_args_with_operators']) retrieved from /home/airflow/.local/lib/python3.7/site-packages/airflow/example_dags/example_xcomargs.py
[2023-04-09 15:42:41,851] {logging_mixin.py:115} INFO - [2023-04-09 15:42:41,851] {dag.py:2371} INFO - Sync 2 DAGs
[2023-04-09 15:42:41,861] {logging_mixin.py:115} INFO - [2023-04-09 15:42:41,861] {dag.py:2919} INFO - Setting next_dagrun for example_xcom_args to None, run_after=None
[2023-04-09 15:42:41,861] {logging_mixin.py:115} INFO - [2023-04-09 15:42:41,861] {dag.py:2919} INFO - Setting next_dagrun for example_xcom_args_with_operators to None, run_after=None
[2023-04-09 15:42:41,868] {processor.py:161} INFO - Processing /home/airflow/.local/lib/python3.7/site-packages/airflow/example_dags/example_xcomargs.py took 0.066 seconds
[2023-04-09 16:47:06,272] {processor.py:153} INFO - Started process (PID=53322) to work on /home/airflow/.local/lib/python3.7/site-packages/airflow/example_dags/example_xcomargs.py
[2023-04-09 16:47:06,273] {processor.py:641} INFO - Processing file /home/airflow/.local/lib/python3.7/site-packages/airflow/example_dags/example_xcomargs.py for tasks to queue
[2023-04-09 16:47:06,273] {logging_mixin.py:115} INFO - [2023-04-09 16:47:06,273] {dagbag.py:507} INFO - Filling up the DagBag from /home/airflow/.local/lib/python3.7/site-packages/airflow/example_dags/example_xcomargs.py
[2023-04-09 16:47:06,284] {processor.py:651} INFO - DAG(s) dict_keys(['example_xcom_args', 'example_xcom_args_with_operators']) retrieved from /home/airflow/.local/lib/python3.7/site-packages/airflow/example_dags/example_xcomargs.py
[2023-04-09 16:47:06,320] {logging_mixin.py:115} INFO - [2023-04-09 16:47:06,320] {dag.py:2371} INFO - Sync 2 DAGs
[2023-04-09 16:47:06,330] {logging_mixin.py:115} INFO - [2023-04-09 16:47:06,330] {dag.py:2919} INFO - Setting next_dagrun for example_xcom_args to None, run_after=None
[2023-04-09 16:47:06,330] {logging_mixin.py:115} INFO - [2023-04-09 16:47:06,330] {dag.py:2919} INFO - Setting next_dagrun for example_xcom_args_with_operators to None, run_after=None
[2023-04-09 16:47:06,336] {processor.py:161} INFO - Processing /home/airflow/.local/lib/python3.7/site-packages/airflow/example_dags/example_xcomargs.py took 0.067 seconds
[2023-04-09 18:07:29,386] {processor.py:153} INFO - Started process (PID=53385) to work on /home/airflow/.local/lib/python3.7/site-packages/airflow/example_dags/example_xcomargs.py
[2023-04-09 18:07:29,387] {processor.py:641} INFO - Processing file /home/airflow/.local/lib/python3.7/site-packages/airflow/example_dags/example_xcomargs.py for tasks to queue
[2023-04-09 18:07:29,388] {logging_mixin.py:115} INFO - [2023-04-09 18:07:29,387] {dagbag.py:507} INFO - Filling up the DagBag from /home/airflow/.local/lib/python3.7/site-packages/airflow/example_dags/example_xcomargs.py
[2023-04-09 18:07:29,397] {processor.py:651} INFO - DAG(s) dict_keys(['example_xcom_args', 'example_xcom_args_with_operators']) retrieved from /home/airflow/.local/lib/python3.7/site-packages/airflow/example_dags/example_xcomargs.py
[2023-04-09 18:07:29,435] {logging_mixin.py:115} INFO - [2023-04-09 18:07:29,435] {dag.py:2371} INFO - Sync 2 DAGs
[2023-04-09 18:07:29,449] {logging_mixin.py:115} INFO - [2023-04-09 18:07:29,449] {dag.py:2919} INFO - Setting next_dagrun for example_xcom_args to None, run_after=None
[2023-04-09 18:07:29,450] {logging_mixin.py:115} INFO - [2023-04-09 18:07:29,450] {dag.py:2919} INFO - Setting next_dagrun for example_xcom_args_with_operators to None, run_after=None
[2023-04-09 18:07:29,459] {processor.py:161} INFO - Processing /home/airflow/.local/lib/python3.7/site-packages/airflow/example_dags/example_xcomargs.py took 0.074 seconds
[2023-04-09 19:15:09,867] {processor.py:153} INFO - Started process (PID=53438) to work on /home/airflow/.local/lib/python3.7/site-packages/airflow/example_dags/example_xcomargs.py
[2023-04-09 19:15:09,868] {processor.py:641} INFO - Processing file /home/airflow/.local/lib/python3.7/site-packages/airflow/example_dags/example_xcomargs.py for tasks to queue
[2023-04-09 19:15:09,868] {logging_mixin.py:115} INFO - [2023-04-09 19:15:09,868] {dagbag.py:507} INFO - Filling up the DagBag from /home/airflow/.local/lib/python3.7/site-packages/airflow/example_dags/example_xcomargs.py
[2023-04-09 19:15:09,879] {processor.py:651} INFO - DAG(s) dict_keys(['example_xcom_args', 'example_xcom_args_with_operators']) retrieved from /home/airflow/.local/lib/python3.7/site-packages/airflow/example_dags/example_xcomargs.py
[2023-04-09 19:15:09,921] {logging_mixin.py:115} INFO - [2023-04-09 19:15:09,921] {dag.py:2371} INFO - Sync 2 DAGs
[2023-04-09 19:15:09,931] {logging_mixin.py:115} INFO - [2023-04-09 19:15:09,931] {dag.py:2919} INFO - Setting next_dagrun for example_xcom_args to None, run_after=None
[2023-04-09 19:15:09,931] {logging_mixin.py:115} INFO - [2023-04-09 19:15:09,931] {dag.py:2919} INFO - Setting next_dagrun for example_xcom_args_with_operators to None, run_after=None
[2023-04-09 19:15:09,937] {processor.py:161} INFO - Processing /home/airflow/.local/lib/python3.7/site-packages/airflow/example_dags/example_xcomargs.py took 0.073 seconds
[2023-04-09 19:35:33,589] {processor.py:153} INFO - Started process (PID=53501) to work on /home/airflow/.local/lib/python3.7/site-packages/airflow/example_dags/example_xcomargs.py
[2023-04-09 19:35:33,590] {processor.py:641} INFO - Processing file /home/airflow/.local/lib/python3.7/site-packages/airflow/example_dags/example_xcomargs.py for tasks to queue
[2023-04-09 19:35:33,590] {logging_mixin.py:115} INFO - [2023-04-09 19:35:33,590] {dagbag.py:507} INFO - Filling up the DagBag from /home/airflow/.local/lib/python3.7/site-packages/airflow/example_dags/example_xcomargs.py
[2023-04-09 19:35:33,601] {processor.py:651} INFO - DAG(s) dict_keys(['example_xcom_args', 'example_xcom_args_with_operators']) retrieved from /home/airflow/.local/lib/python3.7/site-packages/airflow/example_dags/example_xcomargs.py
[2023-04-09 19:35:33,639] {logging_mixin.py:115} INFO - [2023-04-09 19:35:33,638] {dag.py:2371} INFO - Sync 2 DAGs
[2023-04-09 19:35:33,648] {logging_mixin.py:115} INFO - [2023-04-09 19:35:33,648] {dag.py:2919} INFO - Setting next_dagrun for example_xcom_args to None, run_after=None
[2023-04-09 19:35:33,648] {logging_mixin.py:115} INFO - [2023-04-09 19:35:33,648] {dag.py:2919} INFO - Setting next_dagrun for example_xcom_args_with_operators to None, run_after=None
[2023-04-09 19:35:33,654] {processor.py:161} INFO - Processing /home/airflow/.local/lib/python3.7/site-packages/airflow/example_dags/example_xcomargs.py took 0.067 seconds
[2023-04-09 19:52:00,717] {processor.py:153} INFO - Started process (PID=53563) to work on /home/airflow/.local/lib/python3.7/site-packages/airflow/example_dags/example_xcomargs.py
[2023-04-09 19:52:00,718] {processor.py:641} INFO - Processing file /home/airflow/.local/lib/python3.7/site-packages/airflow/example_dags/example_xcomargs.py for tasks to queue
[2023-04-09 19:52:00,718] {logging_mixin.py:115} INFO - [2023-04-09 19:52:00,718] {dagbag.py:507} INFO - Filling up the DagBag from /home/airflow/.local/lib/python3.7/site-packages/airflow/example_dags/example_xcomargs.py
[2023-04-09 19:52:00,729] {processor.py:651} INFO - DAG(s) dict_keys(['example_xcom_args', 'example_xcom_args_with_operators']) retrieved from /home/airflow/.local/lib/python3.7/site-packages/airflow/example_dags/example_xcomargs.py
[2023-04-09 19:52:00,767] {logging_mixin.py:115} INFO - [2023-04-09 19:52:00,767] {dag.py:2371} INFO - Sync 2 DAGs
[2023-04-09 19:52:00,777] {logging_mixin.py:115} INFO - [2023-04-09 19:52:00,777] {dag.py:2919} INFO - Setting next_dagrun for example_xcom_args to None, run_after=None
[2023-04-09 19:52:00,777] {logging_mixin.py:115} INFO - [2023-04-09 19:52:00,777] {dag.py:2919} INFO - Setting next_dagrun for example_xcom_args_with_operators to None, run_after=None
[2023-04-09 19:52:00,783] {processor.py:161} INFO - Processing /home/airflow/.local/lib/python3.7/site-packages/airflow/example_dags/example_xcomargs.py took 0.068 seconds
[2023-04-09 20:39:31,130] {processor.py:153} INFO - Started process (PID=53624) to work on /home/airflow/.local/lib/python3.7/site-packages/airflow/example_dags/example_xcomargs.py
[2023-04-09 20:39:31,131] {processor.py:641} INFO - Processing file /home/airflow/.local/lib/python3.7/site-packages/airflow/example_dags/example_xcomargs.py for tasks to queue
[2023-04-09 20:39:31,131] {logging_mixin.py:115} INFO - [2023-04-09 20:39:31,131] {dagbag.py:507} INFO - Filling up the DagBag from /home/airflow/.local/lib/python3.7/site-packages/airflow/example_dags/example_xcomargs.py
[2023-04-09 20:39:31,142] {processor.py:651} INFO - DAG(s) dict_keys(['example_xcom_args', 'example_xcom_args_with_operators']) retrieved from /home/airflow/.local/lib/python3.7/site-packages/airflow/example_dags/example_xcomargs.py
[2023-04-09 20:39:31,179] {logging_mixin.py:115} INFO - [2023-04-09 20:39:31,178] {dag.py:2371} INFO - Sync 2 DAGs
[2023-04-09 20:39:31,188] {logging_mixin.py:115} INFO - [2023-04-09 20:39:31,188] {dag.py:2919} INFO - Setting next_dagrun for example_xcom_args to None, run_after=None
[2023-04-09 20:39:31,189] {logging_mixin.py:115} INFO - [2023-04-09 20:39:31,188] {dag.py:2919} INFO - Setting next_dagrun for example_xcom_args_with_operators to None, run_after=None
[2023-04-09 20:39:31,195] {processor.py:161} INFO - Processing /home/airflow/.local/lib/python3.7/site-packages/airflow/example_dags/example_xcomargs.py took 0.067 seconds
[2023-04-09 20:40:01,567] {processor.py:153} INFO - Started process (PID=53684) to work on /home/airflow/.local/lib/python3.7/site-packages/airflow/example_dags/example_xcomargs.py
[2023-04-09 20:40:01,568] {processor.py:641} INFO - Processing file /home/airflow/.local/lib/python3.7/site-packages/airflow/example_dags/example_xcomargs.py for tasks to queue
[2023-04-09 20:40:01,568] {logging_mixin.py:115} INFO - [2023-04-09 20:40:01,568] {dagbag.py:507} INFO - Filling up the DagBag from /home/airflow/.local/lib/python3.7/site-packages/airflow/example_dags/example_xcomargs.py
[2023-04-09 20:40:01,579] {processor.py:651} INFO - DAG(s) dict_keys(['example_xcom_args', 'example_xcom_args_with_operators']) retrieved from /home/airflow/.local/lib/python3.7/site-packages/airflow/example_dags/example_xcomargs.py
[2023-04-09 20:40:01,622] {logging_mixin.py:115} INFO - [2023-04-09 20:40:01,622] {dag.py:2371} INFO - Sync 2 DAGs
[2023-04-09 20:40:01,631] {logging_mixin.py:115} INFO - [2023-04-09 20:40:01,631] {dag.py:2919} INFO - Setting next_dagrun for example_xcom_args to None, run_after=None
[2023-04-09 20:40:01,632] {logging_mixin.py:115} INFO - [2023-04-09 20:40:01,632] {dag.py:2919} INFO - Setting next_dagrun for example_xcom_args_with_operators to None, run_after=None
[2023-04-09 20:40:01,638] {processor.py:161} INFO - Processing /home/airflow/.local/lib/python3.7/site-packages/airflow/example_dags/example_xcomargs.py took 0.073 seconds
[2023-04-09 21:48:51,378] {processor.py:153} INFO - Started process (PID=53738) to work on /home/airflow/.local/lib/python3.7/site-packages/airflow/example_dags/example_xcomargs.py
[2023-04-09 21:48:51,379] {processor.py:641} INFO - Processing file /home/airflow/.local/lib/python3.7/site-packages/airflow/example_dags/example_xcomargs.py for tasks to queue
[2023-04-09 21:48:51,380] {logging_mixin.py:115} INFO - [2023-04-09 21:48:51,380] {dagbag.py:507} INFO - Filling up the DagBag from /home/airflow/.local/lib/python3.7/site-packages/airflow/example_dags/example_xcomargs.py
[2023-04-09 21:48:51,392] {processor.py:651} INFO - DAG(s) dict_keys(['example_xcom_args', 'example_xcom_args_with_operators']) retrieved from /home/airflow/.local/lib/python3.7/site-packages/airflow/example_dags/example_xcomargs.py
[2023-04-09 21:48:51,429] {logging_mixin.py:115} INFO - [2023-04-09 21:48:51,429] {dag.py:2371} INFO - Sync 2 DAGs
[2023-04-09 21:48:51,439] {logging_mixin.py:115} INFO - [2023-04-09 21:48:51,439] {dag.py:2919} INFO - Setting next_dagrun for example_xcom_args to None, run_after=None
[2023-04-09 21:48:51,440] {logging_mixin.py:115} INFO - [2023-04-09 21:48:51,440] {dag.py:2919} INFO - Setting next_dagrun for example_xcom_args_with_operators to None, run_after=None
[2023-04-09 21:48:51,446] {processor.py:161} INFO - Processing /home/airflow/.local/lib/python3.7/site-packages/airflow/example_dags/example_xcomargs.py took 0.072 seconds
[2023-04-09 22:37:32,392] {processor.py:153} INFO - Started process (PID=53800) to work on /home/airflow/.local/lib/python3.7/site-packages/airflow/example_dags/example_xcomargs.py
[2023-04-09 22:37:32,393] {processor.py:641} INFO - Processing file /home/airflow/.local/lib/python3.7/site-packages/airflow/example_dags/example_xcomargs.py for tasks to queue
[2023-04-09 22:37:32,393] {logging_mixin.py:115} INFO - [2023-04-09 22:37:32,393] {dagbag.py:507} INFO - Filling up the DagBag from /home/airflow/.local/lib/python3.7/site-packages/airflow/example_dags/example_xcomargs.py
[2023-04-09 22:37:32,404] {processor.py:651} INFO - DAG(s) dict_keys(['example_xcom_args', 'example_xcom_args_with_operators']) retrieved from /home/airflow/.local/lib/python3.7/site-packages/airflow/example_dags/example_xcomargs.py
[2023-04-09 22:37:32,442] {logging_mixin.py:115} INFO - [2023-04-09 22:37:32,442] {dag.py:2371} INFO - Sync 2 DAGs
[2023-04-09 22:37:32,454] {logging_mixin.py:115} INFO - [2023-04-09 22:37:32,454] {dag.py:2919} INFO - Setting next_dagrun for example_xcom_args to None, run_after=None
[2023-04-09 22:37:32,455] {logging_mixin.py:115} INFO - [2023-04-09 22:37:32,455] {dag.py:2919} INFO - Setting next_dagrun for example_xcom_args_with_operators to None, run_after=None
[2023-04-09 22:37:32,462] {processor.py:161} INFO - Processing /home/airflow/.local/lib/python3.7/site-packages/airflow/example_dags/example_xcomargs.py took 0.072 seconds
[2023-04-09 23:42:58,092] {processor.py:153} INFO - Started process (PID=53862) to work on /home/airflow/.local/lib/python3.7/site-packages/airflow/example_dags/example_xcomargs.py
[2023-04-09 23:42:58,093] {processor.py:641} INFO - Processing file /home/airflow/.local/lib/python3.7/site-packages/airflow/example_dags/example_xcomargs.py for tasks to queue
[2023-04-09 23:42:58,093] {logging_mixin.py:115} INFO - [2023-04-09 23:42:58,093] {dagbag.py:507} INFO - Filling up the DagBag from /home/airflow/.local/lib/python3.7/site-packages/airflow/example_dags/example_xcomargs.py
[2023-04-09 23:42:58,103] {processor.py:651} INFO - DAG(s) dict_keys(['example_xcom_args', 'example_xcom_args_with_operators']) retrieved from /home/airflow/.local/lib/python3.7/site-packages/airflow/example_dags/example_xcomargs.py
[2023-04-09 23:42:58,141] {logging_mixin.py:115} INFO - [2023-04-09 23:42:58,141] {dag.py:2371} INFO - Sync 2 DAGs
[2023-04-09 23:42:58,151] {logging_mixin.py:115} INFO - [2023-04-09 23:42:58,151] {dag.py:2919} INFO - Setting next_dagrun for example_xcom_args to None, run_after=None
[2023-04-09 23:42:58,151] {logging_mixin.py:115} INFO - [2023-04-09 23:42:58,151] {dag.py:2919} INFO - Setting next_dagrun for example_xcom_args_with_operators to None, run_after=None
[2023-04-09 23:42:58,157] {processor.py:161} INFO - Processing /home/airflow/.local/lib/python3.7/site-packages/airflow/example_dags/example_xcomargs.py took 0.068 seconds
