[2023-04-09 00:07:33,371] {processor.py:153} INFO - Started process (PID=52246) to work on /home/airflow/.local/lib/python3.7/site-packages/airflow/example_dags/example_branch_python_dop_operator_3.py
[2023-04-09 00:07:33,372] {processor.py:641} INFO - Processing file /home/airflow/.local/lib/python3.7/site-packages/airflow/example_dags/example_branch_python_dop_operator_3.py for tasks to queue
[2023-04-09 00:07:33,373] {logging_mixin.py:115} INFO - [2023-04-09 00:07:33,373] {dagbag.py:507} INFO - Filling up the DagBag from /home/airflow/.local/lib/python3.7/site-packages/airflow/example_dags/example_branch_python_dop_operator_3.py
[2023-04-09 00:07:33,379] {processor.py:651} INFO - DAG(s) dict_keys(['example_branch_dop_operator_v3']) retrieved from /home/airflow/.local/lib/python3.7/site-packages/airflow/example_dags/example_branch_python_dop_operator_3.py
[2023-04-09 00:07:33,401] {logging_mixin.py:115} INFO - [2023-04-09 00:07:33,401] {dag.py:2371} INFO - Sync 1 DAGs
[2023-04-09 00:07:33,417] {logging_mixin.py:115} INFO - [2023-04-09 00:07:33,417] {dag.py:2919} INFO - Setting next_dagrun for example_branch_dop_operator_v3 to 2023-04-09T00:06:00+00:00, run_after=2023-04-09T00:07:00+00:00
[2023-04-09 00:07:33,423] {processor.py:161} INFO - Processing /home/airflow/.local/lib/python3.7/site-packages/airflow/example_dags/example_branch_python_dop_operator_3.py took 0.054 seconds
[2023-04-09 00:08:03,778] {processor.py:153} INFO - Started process (PID=52300) to work on /home/airflow/.local/lib/python3.7/site-packages/airflow/example_dags/example_branch_python_dop_operator_3.py
[2023-04-09 00:08:03,779] {processor.py:641} INFO - Processing file /home/airflow/.local/lib/python3.7/site-packages/airflow/example_dags/example_branch_python_dop_operator_3.py for tasks to queue
[2023-04-09 00:08:03,779] {logging_mixin.py:115} INFO - [2023-04-09 00:08:03,779] {dagbag.py:507} INFO - Filling up the DagBag from /home/airflow/.local/lib/python3.7/site-packages/airflow/example_dags/example_branch_python_dop_operator_3.py
[2023-04-09 00:08:03,785] {processor.py:651} INFO - DAG(s) dict_keys(['example_branch_dop_operator_v3']) retrieved from /home/airflow/.local/lib/python3.7/site-packages/airflow/example_dags/example_branch_python_dop_operator_3.py
[2023-04-09 00:08:03,804] {logging_mixin.py:115} INFO - [2023-04-09 00:08:03,803] {dag.py:2371} INFO - Sync 1 DAGs
[2023-04-09 00:08:03,819] {logging_mixin.py:115} INFO - [2023-04-09 00:08:03,818] {dag.py:2919} INFO - Setting next_dagrun for example_branch_dop_operator_v3 to 2023-04-09T00:07:00+00:00, run_after=2023-04-09T00:08:00+00:00
[2023-04-09 00:08:03,825] {processor.py:161} INFO - Processing /home/airflow/.local/lib/python3.7/site-packages/airflow/example_dags/example_branch_python_dop_operator_3.py took 0.049 seconds
[2023-04-09 01:15:21,075] {processor.py:153} INFO - Started process (PID=52362) to work on /home/airflow/.local/lib/python3.7/site-packages/airflow/example_dags/example_branch_python_dop_operator_3.py
[2023-04-09 01:15:21,076] {processor.py:641} INFO - Processing file /home/airflow/.local/lib/python3.7/site-packages/airflow/example_dags/example_branch_python_dop_operator_3.py for tasks to queue
[2023-04-09 01:15:21,077] {logging_mixin.py:115} INFO - [2023-04-09 01:15:21,076] {dagbag.py:507} INFO - Filling up the DagBag from /home/airflow/.local/lib/python3.7/site-packages/airflow/example_dags/example_branch_python_dop_operator_3.py
[2023-04-09 01:15:21,083] {processor.py:651} INFO - DAG(s) dict_keys(['example_branch_dop_operator_v3']) retrieved from /home/airflow/.local/lib/python3.7/site-packages/airflow/example_dags/example_branch_python_dop_operator_3.py
[2023-04-09 01:15:21,102] {logging_mixin.py:115} INFO - [2023-04-09 01:15:21,102] {dag.py:2371} INFO - Sync 1 DAGs
[2023-04-09 01:15:21,115] {logging_mixin.py:115} INFO - [2023-04-09 01:15:21,115] {dag.py:2919} INFO - Setting next_dagrun for example_branch_dop_operator_v3 to 2023-04-09T01:14:00+00:00, run_after=2023-04-09T01:15:00+00:00
[2023-04-09 01:15:21,121] {processor.py:161} INFO - Processing /home/airflow/.local/lib/python3.7/site-packages/airflow/example_dags/example_branch_python_dop_operator_3.py took 0.049 seconds
[2023-04-09 02:21:42,272] {processor.py:153} INFO - Started process (PID=52423) to work on /home/airflow/.local/lib/python3.7/site-packages/airflow/example_dags/example_branch_python_dop_operator_3.py
[2023-04-09 02:21:42,273] {processor.py:641} INFO - Processing file /home/airflow/.local/lib/python3.7/site-packages/airflow/example_dags/example_branch_python_dop_operator_3.py for tasks to queue
[2023-04-09 02:21:42,273] {logging_mixin.py:115} INFO - [2023-04-09 02:21:42,273] {dagbag.py:507} INFO - Filling up the DagBag from /home/airflow/.local/lib/python3.7/site-packages/airflow/example_dags/example_branch_python_dop_operator_3.py
[2023-04-09 02:21:42,279] {processor.py:651} INFO - DAG(s) dict_keys(['example_branch_dop_operator_v3']) retrieved from /home/airflow/.local/lib/python3.7/site-packages/airflow/example_dags/example_branch_python_dop_operator_3.py
[2023-04-09 02:21:42,297] {logging_mixin.py:115} INFO - [2023-04-09 02:21:42,297] {dag.py:2371} INFO - Sync 1 DAGs
[2023-04-09 02:21:42,309] {logging_mixin.py:115} INFO - [2023-04-09 02:21:42,309] {dag.py:2919} INFO - Setting next_dagrun for example_branch_dop_operator_v3 to 2023-04-09T02:20:00+00:00, run_after=2023-04-09T02:21:00+00:00
[2023-04-09 02:21:42,315] {processor.py:161} INFO - Processing /home/airflow/.local/lib/python3.7/site-packages/airflow/example_dags/example_branch_python_dop_operator_3.py took 0.045 seconds
[2023-04-09 03:46:31,800] {processor.py:153} INFO - Started process (PID=52485) to work on /home/airflow/.local/lib/python3.7/site-packages/airflow/example_dags/example_branch_python_dop_operator_3.py
[2023-04-09 03:46:31,801] {processor.py:641} INFO - Processing file /home/airflow/.local/lib/python3.7/site-packages/airflow/example_dags/example_branch_python_dop_operator_3.py for tasks to queue
[2023-04-09 03:46:31,801] {logging_mixin.py:115} INFO - [2023-04-09 03:46:31,801] {dagbag.py:507} INFO - Filling up the DagBag from /home/airflow/.local/lib/python3.7/site-packages/airflow/example_dags/example_branch_python_dop_operator_3.py
[2023-04-09 03:46:31,807] {processor.py:651} INFO - DAG(s) dict_keys(['example_branch_dop_operator_v3']) retrieved from /home/airflow/.local/lib/python3.7/site-packages/airflow/example_dags/example_branch_python_dop_operator_3.py
[2023-04-09 03:46:31,825] {logging_mixin.py:115} INFO - [2023-04-09 03:46:31,825] {dag.py:2371} INFO - Sync 1 DAGs
[2023-04-09 03:46:31,838] {logging_mixin.py:115} INFO - [2023-04-09 03:46:31,838] {dag.py:2919} INFO - Setting next_dagrun for example_branch_dop_operator_v3 to 2023-04-09T03:45:00+00:00, run_after=2023-04-09T03:46:00+00:00
[2023-04-09 03:46:31,844] {processor.py:161} INFO - Processing /home/airflow/.local/lib/python3.7/site-packages/airflow/example_dags/example_branch_python_dop_operator_3.py took 0.045 seconds
[2023-04-09 04:13:36,921] {processor.py:153} INFO - Started process (PID=52547) to work on /home/airflow/.local/lib/python3.7/site-packages/airflow/example_dags/example_branch_python_dop_operator_3.py
[2023-04-09 04:13:36,921] {processor.py:641} INFO - Processing file /home/airflow/.local/lib/python3.7/site-packages/airflow/example_dags/example_branch_python_dop_operator_3.py for tasks to queue
[2023-04-09 04:13:36,922] {logging_mixin.py:115} INFO - [2023-04-09 04:13:36,922] {dagbag.py:507} INFO - Filling up the DagBag from /home/airflow/.local/lib/python3.7/site-packages/airflow/example_dags/example_branch_python_dop_operator_3.py
[2023-04-09 04:13:36,927] {processor.py:651} INFO - DAG(s) dict_keys(['example_branch_dop_operator_v3']) retrieved from /home/airflow/.local/lib/python3.7/site-packages/airflow/example_dags/example_branch_python_dop_operator_3.py
[2023-04-09 04:13:36,945] {logging_mixin.py:115} INFO - [2023-04-09 04:13:36,945] {dag.py:2371} INFO - Sync 1 DAGs
[2023-04-09 04:13:36,958] {logging_mixin.py:115} INFO - [2023-04-09 04:13:36,958] {dag.py:2919} INFO - Setting next_dagrun for example_branch_dop_operator_v3 to 2023-04-09T04:12:00+00:00, run_after=2023-04-09T04:13:00+00:00
[2023-04-09 04:13:36,964] {processor.py:161} INFO - Processing /home/airflow/.local/lib/python3.7/site-packages/airflow/example_dags/example_branch_python_dop_operator_3.py took 0.046 seconds
[2023-04-09 04:30:55,047] {processor.py:153} INFO - Started process (PID=52600) to work on /home/airflow/.local/lib/python3.7/site-packages/airflow/example_dags/example_branch_python_dop_operator_3.py
[2023-04-09 04:30:55,048] {processor.py:641} INFO - Processing file /home/airflow/.local/lib/python3.7/site-packages/airflow/example_dags/example_branch_python_dop_operator_3.py for tasks to queue
[2023-04-09 04:30:55,048] {logging_mixin.py:115} INFO - [2023-04-09 04:30:55,048] {dagbag.py:507} INFO - Filling up the DagBag from /home/airflow/.local/lib/python3.7/site-packages/airflow/example_dags/example_branch_python_dop_operator_3.py
[2023-04-09 04:30:55,054] {processor.py:651} INFO - DAG(s) dict_keys(['example_branch_dop_operator_v3']) retrieved from /home/airflow/.local/lib/python3.7/site-packages/airflow/example_dags/example_branch_python_dop_operator_3.py
[2023-04-09 04:30:55,072] {logging_mixin.py:115} INFO - [2023-04-09 04:30:55,072] {dag.py:2371} INFO - Sync 1 DAGs
[2023-04-09 04:30:55,085] {logging_mixin.py:115} INFO - [2023-04-09 04:30:55,085] {dag.py:2919} INFO - Setting next_dagrun for example_branch_dop_operator_v3 to 2023-04-09T04:29:00+00:00, run_after=2023-04-09T04:30:00+00:00
[2023-04-09 04:30:55,090] {processor.py:161} INFO - Processing /home/airflow/.local/lib/python3.7/site-packages/airflow/example_dags/example_branch_python_dop_operator_3.py took 0.046 seconds
[2023-04-09 05:36:27,238] {processor.py:153} INFO - Started process (PID=52662) to work on /home/airflow/.local/lib/python3.7/site-packages/airflow/example_dags/example_branch_python_dop_operator_3.py
[2023-04-09 05:36:27,239] {processor.py:641} INFO - Processing file /home/airflow/.local/lib/python3.7/site-packages/airflow/example_dags/example_branch_python_dop_operator_3.py for tasks to queue
[2023-04-09 05:36:27,239] {logging_mixin.py:115} INFO - [2023-04-09 05:36:27,239] {dagbag.py:507} INFO - Filling up the DagBag from /home/airflow/.local/lib/python3.7/site-packages/airflow/example_dags/example_branch_python_dop_operator_3.py
[2023-04-09 05:36:27,248] {processor.py:651} INFO - DAG(s) dict_keys(['example_branch_dop_operator_v3']) retrieved from /home/airflow/.local/lib/python3.7/site-packages/airflow/example_dags/example_branch_python_dop_operator_3.py
[2023-04-09 05:36:27,272] {logging_mixin.py:115} INFO - [2023-04-09 05:36:27,272] {dag.py:2371} INFO - Sync 1 DAGs
[2023-04-09 05:36:27,285] {logging_mixin.py:115} INFO - [2023-04-09 05:36:27,285] {dag.py:2919} INFO - Setting next_dagrun for example_branch_dop_operator_v3 to 2023-04-09T05:35:00+00:00, run_after=2023-04-09T05:36:00+00:00
[2023-04-09 05:36:27,291] {processor.py:161} INFO - Processing /home/airflow/.local/lib/python3.7/site-packages/airflow/example_dags/example_branch_python_dop_operator_3.py took 0.056 seconds
[2023-04-09 06:43:11,061] {processor.py:153} INFO - Started process (PID=52724) to work on /home/airflow/.local/lib/python3.7/site-packages/airflow/example_dags/example_branch_python_dop_operator_3.py
[2023-04-09 06:43:11,061] {processor.py:641} INFO - Processing file /home/airflow/.local/lib/python3.7/site-packages/airflow/example_dags/example_branch_python_dop_operator_3.py for tasks to queue
[2023-04-09 06:43:11,062] {logging_mixin.py:115} INFO - [2023-04-09 06:43:11,062] {dagbag.py:507} INFO - Filling up the DagBag from /home/airflow/.local/lib/python3.7/site-packages/airflow/example_dags/example_branch_python_dop_operator_3.py
[2023-04-09 06:43:11,068] {processor.py:651} INFO - DAG(s) dict_keys(['example_branch_dop_operator_v3']) retrieved from /home/airflow/.local/lib/python3.7/site-packages/airflow/example_dags/example_branch_python_dop_operator_3.py
[2023-04-09 06:43:11,087] {logging_mixin.py:115} INFO - [2023-04-09 06:43:11,087] {dag.py:2371} INFO - Sync 1 DAGs
[2023-04-09 06:43:11,101] {logging_mixin.py:115} INFO - [2023-04-09 06:43:11,101] {dag.py:2919} INFO - Setting next_dagrun for example_branch_dop_operator_v3 to 2023-04-09T06:42:00+00:00, run_after=2023-04-09T06:43:00+00:00
[2023-04-09 06:43:11,107] {processor.py:161} INFO - Processing /home/airflow/.local/lib/python3.7/site-packages/airflow/example_dags/example_branch_python_dop_operator_3.py took 0.049 seconds
[2023-04-09 07:48:24,007] {processor.py:153} INFO - Started process (PID=52785) to work on /home/airflow/.local/lib/python3.7/site-packages/airflow/example_dags/example_branch_python_dop_operator_3.py
[2023-04-09 07:48:24,008] {processor.py:641} INFO - Processing file /home/airflow/.local/lib/python3.7/site-packages/airflow/example_dags/example_branch_python_dop_operator_3.py for tasks to queue
[2023-04-09 07:48:24,009] {logging_mixin.py:115} INFO - [2023-04-09 07:48:24,009] {dagbag.py:507} INFO - Filling up the DagBag from /home/airflow/.local/lib/python3.7/site-packages/airflow/example_dags/example_branch_python_dop_operator_3.py
[2023-04-09 07:48:24,014] {processor.py:651} INFO - DAG(s) dict_keys(['example_branch_dop_operator_v3']) retrieved from /home/airflow/.local/lib/python3.7/site-packages/airflow/example_dags/example_branch_python_dop_operator_3.py
[2023-04-09 07:48:24,031] {logging_mixin.py:115} INFO - [2023-04-09 07:48:24,031] {dag.py:2371} INFO - Sync 1 DAGs
[2023-04-09 07:48:24,044] {logging_mixin.py:115} INFO - [2023-04-09 07:48:24,044] {dag.py:2919} INFO - Setting next_dagrun for example_branch_dop_operator_v3 to 2023-04-09T07:47:00+00:00, run_after=2023-04-09T07:48:00+00:00
[2023-04-09 07:48:24,050] {processor.py:161} INFO - Processing /home/airflow/.local/lib/python3.7/site-packages/airflow/example_dags/example_branch_python_dop_operator_3.py took 0.045 seconds
[2023-04-09 09:12:37,700] {processor.py:153} INFO - Started process (PID=52847) to work on /home/airflow/.local/lib/python3.7/site-packages/airflow/example_dags/example_branch_python_dop_operator_3.py
[2023-04-09 09:12:37,711] {processor.py:641} INFO - Processing file /home/airflow/.local/lib/python3.7/site-packages/airflow/example_dags/example_branch_python_dop_operator_3.py for tasks to queue
[2023-04-09 09:12:37,712] {logging_mixin.py:115} INFO - [2023-04-09 09:12:37,712] {dagbag.py:507} INFO - Filling up the DagBag from /home/airflow/.local/lib/python3.7/site-packages/airflow/example_dags/example_branch_python_dop_operator_3.py
[2023-04-09 09:12:37,717] {processor.py:651} INFO - DAG(s) dict_keys(['example_branch_dop_operator_v3']) retrieved from /home/airflow/.local/lib/python3.7/site-packages/airflow/example_dags/example_branch_python_dop_operator_3.py
[2023-04-09 09:12:37,737] {logging_mixin.py:115} INFO - [2023-04-09 09:12:37,737] {dag.py:2371} INFO - Sync 1 DAGs
[2023-04-09 09:12:37,751] {logging_mixin.py:115} INFO - [2023-04-09 09:12:37,751] {dag.py:2919} INFO - Setting next_dagrun for example_branch_dop_operator_v3 to 2023-04-09T09:11:00+00:00, run_after=2023-04-09T09:12:00+00:00
[2023-04-09 09:12:37,757] {processor.py:161} INFO - Processing /home/airflow/.local/lib/python3.7/site-packages/airflow/example_dags/example_branch_python_dop_operator_3.py took 0.059 seconds
[2023-04-09 10:19:49,762] {processor.py:153} INFO - Started process (PID=52900) to work on /home/airflow/.local/lib/python3.7/site-packages/airflow/example_dags/example_branch_python_dop_operator_3.py
[2023-04-09 10:19:49,764] {processor.py:641} INFO - Processing file /home/airflow/.local/lib/python3.7/site-packages/airflow/example_dags/example_branch_python_dop_operator_3.py for tasks to queue
[2023-04-09 10:19:49,764] {logging_mixin.py:115} INFO - [2023-04-09 10:19:49,764] {dagbag.py:507} INFO - Filling up the DagBag from /home/airflow/.local/lib/python3.7/site-packages/airflow/example_dags/example_branch_python_dop_operator_3.py
[2023-04-09 10:19:49,770] {processor.py:651} INFO - DAG(s) dict_keys(['example_branch_dop_operator_v3']) retrieved from /home/airflow/.local/lib/python3.7/site-packages/airflow/example_dags/example_branch_python_dop_operator_3.py
[2023-04-09 10:19:49,788] {logging_mixin.py:115} INFO - [2023-04-09 10:19:49,788] {dag.py:2371} INFO - Sync 1 DAGs
[2023-04-09 10:19:49,801] {logging_mixin.py:115} INFO - [2023-04-09 10:19:49,801] {dag.py:2919} INFO - Setting next_dagrun for example_branch_dop_operator_v3 to 2023-04-09T10:18:00+00:00, run_after=2023-04-09T10:19:00+00:00
[2023-04-09 10:19:49,808] {processor.py:161} INFO - Processing /home/airflow/.local/lib/python3.7/site-packages/airflow/example_dags/example_branch_python_dop_operator_3.py took 0.048 seconds
[2023-04-09 11:28:15,958] {processor.py:153} INFO - Started process (PID=52962) to work on /home/airflow/.local/lib/python3.7/site-packages/airflow/example_dags/example_branch_python_dop_operator_3.py
[2023-04-09 11:28:15,959] {processor.py:641} INFO - Processing file /home/airflow/.local/lib/python3.7/site-packages/airflow/example_dags/example_branch_python_dop_operator_3.py for tasks to queue
[2023-04-09 11:28:15,960] {logging_mixin.py:115} INFO - [2023-04-09 11:28:15,960] {dagbag.py:507} INFO - Filling up the DagBag from /home/airflow/.local/lib/python3.7/site-packages/airflow/example_dags/example_branch_python_dop_operator_3.py
[2023-04-09 11:28:15,969] {processor.py:651} INFO - DAG(s) dict_keys(['example_branch_dop_operator_v3']) retrieved from /home/airflow/.local/lib/python3.7/site-packages/airflow/example_dags/example_branch_python_dop_operator_3.py
[2023-04-09 11:28:15,992] {logging_mixin.py:115} INFO - [2023-04-09 11:28:15,992] {dag.py:2371} INFO - Sync 1 DAGs
[2023-04-09 11:28:16,009] {logging_mixin.py:115} INFO - [2023-04-09 11:28:16,008] {dag.py:2919} INFO - Setting next_dagrun for example_branch_dop_operator_v3 to 2023-04-09T11:27:00+00:00, run_after=2023-04-09T11:28:00+00:00
[2023-04-09 11:28:16,016] {processor.py:161} INFO - Processing /home/airflow/.local/lib/python3.7/site-packages/airflow/example_dags/example_branch_python_dop_operator_3.py took 0.060 seconds
[2023-04-09 12:26:26,215] {processor.py:153} INFO - Started process (PID=53024) to work on /home/airflow/.local/lib/python3.7/site-packages/airflow/example_dags/example_branch_python_dop_operator_3.py
[2023-04-09 12:26:26,216] {processor.py:641} INFO - Processing file /home/airflow/.local/lib/python3.7/site-packages/airflow/example_dags/example_branch_python_dop_operator_3.py for tasks to queue
[2023-04-09 12:26:26,216] {logging_mixin.py:115} INFO - [2023-04-09 12:26:26,216] {dagbag.py:507} INFO - Filling up the DagBag from /home/airflow/.local/lib/python3.7/site-packages/airflow/example_dags/example_branch_python_dop_operator_3.py
[2023-04-09 12:26:26,222] {processor.py:651} INFO - DAG(s) dict_keys(['example_branch_dop_operator_v3']) retrieved from /home/airflow/.local/lib/python3.7/site-packages/airflow/example_dags/example_branch_python_dop_operator_3.py
[2023-04-09 12:26:26,239] {logging_mixin.py:115} INFO - [2023-04-09 12:26:26,239] {dag.py:2371} INFO - Sync 1 DAGs
[2023-04-09 12:26:26,253] {logging_mixin.py:115} INFO - [2023-04-09 12:26:26,253] {dag.py:2919} INFO - Setting next_dagrun for example_branch_dop_operator_v3 to 2023-04-09T12:25:00+00:00, run_after=2023-04-09T12:26:00+00:00
[2023-04-09 12:26:26,259] {processor.py:161} INFO - Processing /home/airflow/.local/lib/python3.7/site-packages/airflow/example_dags/example_branch_python_dop_operator_3.py took 0.046 seconds
[2023-04-09 12:26:56,671] {processor.py:153} INFO - Started process (PID=53084) to work on /home/airflow/.local/lib/python3.7/site-packages/airflow/example_dags/example_branch_python_dop_operator_3.py
[2023-04-09 12:26:56,672] {processor.py:641} INFO - Processing file /home/airflow/.local/lib/python3.7/site-packages/airflow/example_dags/example_branch_python_dop_operator_3.py for tasks to queue
[2023-04-09 12:26:56,672] {logging_mixin.py:115} INFO - [2023-04-09 12:26:56,672] {dagbag.py:507} INFO - Filling up the DagBag from /home/airflow/.local/lib/python3.7/site-packages/airflow/example_dags/example_branch_python_dop_operator_3.py
[2023-04-09 12:26:56,678] {processor.py:651} INFO - DAG(s) dict_keys(['example_branch_dop_operator_v3']) retrieved from /home/airflow/.local/lib/python3.7/site-packages/airflow/example_dags/example_branch_python_dop_operator_3.py
[2023-04-09 12:26:56,695] {logging_mixin.py:115} INFO - [2023-04-09 12:26:56,695] {dag.py:2371} INFO - Sync 1 DAGs
[2023-04-09 12:26:56,709] {logging_mixin.py:115} INFO - [2023-04-09 12:26:56,709] {dag.py:2919} INFO - Setting next_dagrun for example_branch_dop_operator_v3 to 2023-04-09T12:25:00+00:00, run_after=2023-04-09T12:26:00+00:00
[2023-04-09 12:26:56,715] {processor.py:161} INFO - Processing /home/airflow/.local/lib/python3.7/site-packages/airflow/example_dags/example_branch_python_dop_operator_3.py took 0.046 seconds
[2023-04-09 13:15:30,998] {processor.py:153} INFO - Started process (PID=53137) to work on /home/airflow/.local/lib/python3.7/site-packages/airflow/example_dags/example_branch_python_dop_operator_3.py
[2023-04-09 13:15:30,999] {processor.py:641} INFO - Processing file /home/airflow/.local/lib/python3.7/site-packages/airflow/example_dags/example_branch_python_dop_operator_3.py for tasks to queue
[2023-04-09 13:15:30,999] {logging_mixin.py:115} INFO - [2023-04-09 13:15:30,999] {dagbag.py:507} INFO - Filling up the DagBag from /home/airflow/.local/lib/python3.7/site-packages/airflow/example_dags/example_branch_python_dop_operator_3.py
[2023-04-09 13:15:31,005] {processor.py:651} INFO - DAG(s) dict_keys(['example_branch_dop_operator_v3']) retrieved from /home/airflow/.local/lib/python3.7/site-packages/airflow/example_dags/example_branch_python_dop_operator_3.py
[2023-04-09 13:15:31,030] {logging_mixin.py:115} INFO - [2023-04-09 13:15:31,030] {dag.py:2371} INFO - Sync 1 DAGs
[2023-04-09 13:15:31,047] {logging_mixin.py:115} INFO - [2023-04-09 13:15:31,047] {dag.py:2919} INFO - Setting next_dagrun for example_branch_dop_operator_v3 to 2023-04-09T13:14:00+00:00, run_after=2023-04-09T13:15:00+00:00
[2023-04-09 13:15:31,058] {processor.py:161} INFO - Processing /home/airflow/.local/lib/python3.7/site-packages/airflow/example_dags/example_branch_python_dop_operator_3.py took 0.063 seconds
[2023-04-09 14:38:32,727] {processor.py:153} INFO - Started process (PID=53199) to work on /home/airflow/.local/lib/python3.7/site-packages/airflow/example_dags/example_branch_python_dop_operator_3.py
[2023-04-09 14:38:32,727] {processor.py:641} INFO - Processing file /home/airflow/.local/lib/python3.7/site-packages/airflow/example_dags/example_branch_python_dop_operator_3.py for tasks to queue
[2023-04-09 14:38:32,728] {logging_mixin.py:115} INFO - [2023-04-09 14:38:32,728] {dagbag.py:507} INFO - Filling up the DagBag from /home/airflow/.local/lib/python3.7/site-packages/airflow/example_dags/example_branch_python_dop_operator_3.py
[2023-04-09 14:38:32,733] {processor.py:651} INFO - DAG(s) dict_keys(['example_branch_dop_operator_v3']) retrieved from /home/airflow/.local/lib/python3.7/site-packages/airflow/example_dags/example_branch_python_dop_operator_3.py
[2023-04-09 14:38:32,751] {logging_mixin.py:115} INFO - [2023-04-09 14:38:32,751] {dag.py:2371} INFO - Sync 1 DAGs
[2023-04-09 14:38:32,764] {logging_mixin.py:115} INFO - [2023-04-09 14:38:32,764] {dag.py:2919} INFO - Setting next_dagrun for example_branch_dop_operator_v3 to 2023-04-09T14:37:00+00:00, run_after=2023-04-09T14:38:00+00:00
[2023-04-09 14:38:32,770] {processor.py:161} INFO - Processing /home/airflow/.local/lib/python3.7/site-packages/airflow/example_dags/example_branch_python_dop_operator_3.py took 0.045 seconds
[2023-04-09 15:42:41,867] {processor.py:153} INFO - Started process (PID=53262) to work on /home/airflow/.local/lib/python3.7/site-packages/airflow/example_dags/example_branch_python_dop_operator_3.py
[2023-04-09 15:42:41,868] {processor.py:641} INFO - Processing file /home/airflow/.local/lib/python3.7/site-packages/airflow/example_dags/example_branch_python_dop_operator_3.py for tasks to queue
[2023-04-09 15:42:41,868] {logging_mixin.py:115} INFO - [2023-04-09 15:42:41,868] {dagbag.py:507} INFO - Filling up the DagBag from /home/airflow/.local/lib/python3.7/site-packages/airflow/example_dags/example_branch_python_dop_operator_3.py
[2023-04-09 15:42:41,875] {processor.py:651} INFO - DAG(s) dict_keys(['example_branch_dop_operator_v3']) retrieved from /home/airflow/.local/lib/python3.7/site-packages/airflow/example_dags/example_branch_python_dop_operator_3.py
[2023-04-09 15:42:41,893] {logging_mixin.py:115} INFO - [2023-04-09 15:42:41,893] {dag.py:2371} INFO - Sync 1 DAGs
[2023-04-09 15:42:41,907] {logging_mixin.py:115} INFO - [2023-04-09 15:42:41,907] {dag.py:2919} INFO - Setting next_dagrun for example_branch_dop_operator_v3 to 2023-04-09T15:41:00+00:00, run_after=2023-04-09T15:42:00+00:00
[2023-04-09 15:42:41,915] {processor.py:161} INFO - Processing /home/airflow/.local/lib/python3.7/site-packages/airflow/example_dags/example_branch_python_dop_operator_3.py took 0.050 seconds
[2023-04-09 16:47:06,292] {processor.py:153} INFO - Started process (PID=53323) to work on /home/airflow/.local/lib/python3.7/site-packages/airflow/example_dags/example_branch_python_dop_operator_3.py
[2023-04-09 16:47:06,293] {processor.py:641} INFO - Processing file /home/airflow/.local/lib/python3.7/site-packages/airflow/example_dags/example_branch_python_dop_operator_3.py for tasks to queue
[2023-04-09 16:47:06,293] {logging_mixin.py:115} INFO - [2023-04-09 16:47:06,293] {dagbag.py:507} INFO - Filling up the DagBag from /home/airflow/.local/lib/python3.7/site-packages/airflow/example_dags/example_branch_python_dop_operator_3.py
[2023-04-09 16:47:06,299] {processor.py:651} INFO - DAG(s) dict_keys(['example_branch_dop_operator_v3']) retrieved from /home/airflow/.local/lib/python3.7/site-packages/airflow/example_dags/example_branch_python_dop_operator_3.py
[2023-04-09 16:47:06,316] {logging_mixin.py:115} INFO - [2023-04-09 16:47:06,316] {dag.py:2371} INFO - Sync 1 DAGs
[2023-04-09 16:47:06,329] {logging_mixin.py:115} INFO - [2023-04-09 16:47:06,329] {dag.py:2919} INFO - Setting next_dagrun for example_branch_dop_operator_v3 to 2023-04-09T16:46:00+00:00, run_after=2023-04-09T16:47:00+00:00
[2023-04-09 16:47:06,335] {processor.py:161} INFO - Processing /home/airflow/.local/lib/python3.7/site-packages/airflow/example_dags/example_branch_python_dop_operator_3.py took 0.045 seconds
[2023-04-09 18:07:29,457] {processor.py:153} INFO - Started process (PID=53386) to work on /home/airflow/.local/lib/python3.7/site-packages/airflow/example_dags/example_branch_python_dop_operator_3.py
[2023-04-09 18:07:29,458] {processor.py:641} INFO - Processing file /home/airflow/.local/lib/python3.7/site-packages/airflow/example_dags/example_branch_python_dop_operator_3.py for tasks to queue
[2023-04-09 18:07:29,459] {logging_mixin.py:115} INFO - [2023-04-09 18:07:29,459] {dagbag.py:507} INFO - Filling up the DagBag from /home/airflow/.local/lib/python3.7/site-packages/airflow/example_dags/example_branch_python_dop_operator_3.py
[2023-04-09 18:07:29,465] {processor.py:651} INFO - DAG(s) dict_keys(['example_branch_dop_operator_v3']) retrieved from /home/airflow/.local/lib/python3.7/site-packages/airflow/example_dags/example_branch_python_dop_operator_3.py
[2023-04-09 18:07:29,485] {logging_mixin.py:115} INFO - [2023-04-09 18:07:29,484] {dag.py:2371} INFO - Sync 1 DAGs
[2023-04-09 18:07:29,497] {logging_mixin.py:115} INFO - [2023-04-09 18:07:29,497] {dag.py:2919} INFO - Setting next_dagrun for example_branch_dop_operator_v3 to 2023-04-09T18:06:00+00:00, run_after=2023-04-09T18:07:00+00:00
[2023-04-09 18:07:29,504] {processor.py:161} INFO - Processing /home/airflow/.local/lib/python3.7/site-packages/airflow/example_dags/example_branch_python_dop_operator_3.py took 0.049 seconds
[2023-04-09 19:15:09,886] {processor.py:153} INFO - Started process (PID=53439) to work on /home/airflow/.local/lib/python3.7/site-packages/airflow/example_dags/example_branch_python_dop_operator_3.py
[2023-04-09 19:15:09,887] {processor.py:641} INFO - Processing file /home/airflow/.local/lib/python3.7/site-packages/airflow/example_dags/example_branch_python_dop_operator_3.py for tasks to queue
[2023-04-09 19:15:09,887] {logging_mixin.py:115} INFO - [2023-04-09 19:15:09,887] {dagbag.py:507} INFO - Filling up the DagBag from /home/airflow/.local/lib/python3.7/site-packages/airflow/example_dags/example_branch_python_dop_operator_3.py
[2023-04-09 19:15:09,894] {processor.py:651} INFO - DAG(s) dict_keys(['example_branch_dop_operator_v3']) retrieved from /home/airflow/.local/lib/python3.7/site-packages/airflow/example_dags/example_branch_python_dop_operator_3.py
[2023-04-09 19:15:09,913] {logging_mixin.py:115} INFO - [2023-04-09 19:15:09,913] {dag.py:2371} INFO - Sync 1 DAGs
[2023-04-09 19:15:09,926] {logging_mixin.py:115} INFO - [2023-04-09 19:15:09,926] {dag.py:2919} INFO - Setting next_dagrun for example_branch_dop_operator_v3 to 2023-04-09T19:14:00+00:00, run_after=2023-04-09T19:15:00+00:00
[2023-04-09 19:15:09,932] {processor.py:161} INFO - Processing /home/airflow/.local/lib/python3.7/site-packages/airflow/example_dags/example_branch_python_dop_operator_3.py took 0.048 seconds
[2023-04-09 19:35:33,608] {processor.py:153} INFO - Started process (PID=53502) to work on /home/airflow/.local/lib/python3.7/site-packages/airflow/example_dags/example_branch_python_dop_operator_3.py
[2023-04-09 19:35:33,609] {processor.py:641} INFO - Processing file /home/airflow/.local/lib/python3.7/site-packages/airflow/example_dags/example_branch_python_dop_operator_3.py for tasks to queue
[2023-04-09 19:35:33,609] {logging_mixin.py:115} INFO - [2023-04-09 19:35:33,609] {dagbag.py:507} INFO - Filling up the DagBag from /home/airflow/.local/lib/python3.7/site-packages/airflow/example_dags/example_branch_python_dop_operator_3.py
[2023-04-09 19:35:33,615] {processor.py:651} INFO - DAG(s) dict_keys(['example_branch_dop_operator_v3']) retrieved from /home/airflow/.local/lib/python3.7/site-packages/airflow/example_dags/example_branch_python_dop_operator_3.py
[2023-04-09 19:35:33,632] {logging_mixin.py:115} INFO - [2023-04-09 19:35:33,632] {dag.py:2371} INFO - Sync 1 DAGs
[2023-04-09 19:35:33,645] {logging_mixin.py:115} INFO - [2023-04-09 19:35:33,645] {dag.py:2919} INFO - Setting next_dagrun for example_branch_dop_operator_v3 to 2023-04-09T19:34:00+00:00, run_after=2023-04-09T19:35:00+00:00
[2023-04-09 19:35:33,650] {processor.py:161} INFO - Processing /home/airflow/.local/lib/python3.7/site-packages/airflow/example_dags/example_branch_python_dop_operator_3.py took 0.045 seconds
[2023-04-09 19:52:00,737] {processor.py:153} INFO - Started process (PID=53564) to work on /home/airflow/.local/lib/python3.7/site-packages/airflow/example_dags/example_branch_python_dop_operator_3.py
[2023-04-09 19:52:00,738] {processor.py:641} INFO - Processing file /home/airflow/.local/lib/python3.7/site-packages/airflow/example_dags/example_branch_python_dop_operator_3.py for tasks to queue
[2023-04-09 19:52:00,738] {logging_mixin.py:115} INFO - [2023-04-09 19:52:00,738] {dagbag.py:507} INFO - Filling up the DagBag from /home/airflow/.local/lib/python3.7/site-packages/airflow/example_dags/example_branch_python_dop_operator_3.py
[2023-04-09 19:52:00,744] {processor.py:651} INFO - DAG(s) dict_keys(['example_branch_dop_operator_v3']) retrieved from /home/airflow/.local/lib/python3.7/site-packages/airflow/example_dags/example_branch_python_dop_operator_3.py
[2023-04-09 19:52:00,761] {logging_mixin.py:115} INFO - [2023-04-09 19:52:00,761] {dag.py:2371} INFO - Sync 1 DAGs
[2023-04-09 19:52:00,775] {logging_mixin.py:115} INFO - [2023-04-09 19:52:00,775] {dag.py:2919} INFO - Setting next_dagrun for example_branch_dop_operator_v3 to 2023-04-09T19:51:00+00:00, run_after=2023-04-09T19:52:00+00:00
[2023-04-09 19:52:00,781] {processor.py:161} INFO - Processing /home/airflow/.local/lib/python3.7/site-packages/airflow/example_dags/example_branch_python_dop_operator_3.py took 0.046 seconds
[2023-04-09 20:39:31,194] {processor.py:153} INFO - Started process (PID=53625) to work on /home/airflow/.local/lib/python3.7/site-packages/airflow/example_dags/example_branch_python_dop_operator_3.py
[2023-04-09 20:39:31,194] {processor.py:641} INFO - Processing file /home/airflow/.local/lib/python3.7/site-packages/airflow/example_dags/example_branch_python_dop_operator_3.py for tasks to queue
[2023-04-09 20:39:31,195] {logging_mixin.py:115} INFO - [2023-04-09 20:39:31,195] {dagbag.py:507} INFO - Filling up the DagBag from /home/airflow/.local/lib/python3.7/site-packages/airflow/example_dags/example_branch_python_dop_operator_3.py
[2023-04-09 20:39:31,201] {processor.py:651} INFO - DAG(s) dict_keys(['example_branch_dop_operator_v3']) retrieved from /home/airflow/.local/lib/python3.7/site-packages/airflow/example_dags/example_branch_python_dop_operator_3.py
[2023-04-09 20:39:31,222] {logging_mixin.py:115} INFO - [2023-04-09 20:39:31,222] {dag.py:2371} INFO - Sync 1 DAGs
[2023-04-09 20:39:31,235] {logging_mixin.py:115} INFO - [2023-04-09 20:39:31,235] {dag.py:2919} INFO - Setting next_dagrun for example_branch_dop_operator_v3 to 2023-04-09T20:38:00+00:00, run_after=2023-04-09T20:39:00+00:00
[2023-04-09 20:39:31,241] {processor.py:161} INFO - Processing /home/airflow/.local/lib/python3.7/site-packages/airflow/example_dags/example_branch_python_dop_operator_3.py took 0.050 seconds
[2023-04-09 20:40:01,600] {processor.py:153} INFO - Started process (PID=53685) to work on /home/airflow/.local/lib/python3.7/site-packages/airflow/example_dags/example_branch_python_dop_operator_3.py
[2023-04-09 20:40:01,601] {processor.py:641} INFO - Processing file /home/airflow/.local/lib/python3.7/site-packages/airflow/example_dags/example_branch_python_dop_operator_3.py for tasks to queue
[2023-04-09 20:40:01,602] {logging_mixin.py:115} INFO - [2023-04-09 20:40:01,602] {dagbag.py:507} INFO - Filling up the DagBag from /home/airflow/.local/lib/python3.7/site-packages/airflow/example_dags/example_branch_python_dop_operator_3.py
[2023-04-09 20:40:01,607] {processor.py:651} INFO - DAG(s) dict_keys(['example_branch_dop_operator_v3']) retrieved from /home/airflow/.local/lib/python3.7/site-packages/airflow/example_dags/example_branch_python_dop_operator_3.py
[2023-04-09 20:40:01,625] {logging_mixin.py:115} INFO - [2023-04-09 20:40:01,625] {dag.py:2371} INFO - Sync 1 DAGs
[2023-04-09 20:40:01,638] {logging_mixin.py:115} INFO - [2023-04-09 20:40:01,638] {dag.py:2919} INFO - Setting next_dagrun for example_branch_dop_operator_v3 to 2023-04-09T20:39:00+00:00, run_after=2023-04-09T20:40:00+00:00
[2023-04-09 20:40:01,643] {processor.py:161} INFO - Processing /home/airflow/.local/lib/python3.7/site-packages/airflow/example_dags/example_branch_python_dop_operator_3.py took 0.045 seconds
[2023-04-09 21:48:51,393] {processor.py:153} INFO - Started process (PID=53739) to work on /home/airflow/.local/lib/python3.7/site-packages/airflow/example_dags/example_branch_python_dop_operator_3.py
[2023-04-09 21:48:51,393] {processor.py:641} INFO - Processing file /home/airflow/.local/lib/python3.7/site-packages/airflow/example_dags/example_branch_python_dop_operator_3.py for tasks to queue
[2023-04-09 21:48:51,394] {logging_mixin.py:115} INFO - [2023-04-09 21:48:51,394] {dagbag.py:507} INFO - Filling up the DagBag from /home/airflow/.local/lib/python3.7/site-packages/airflow/example_dags/example_branch_python_dop_operator_3.py
[2023-04-09 21:48:51,399] {processor.py:651} INFO - DAG(s) dict_keys(['example_branch_dop_operator_v3']) retrieved from /home/airflow/.local/lib/python3.7/site-packages/airflow/example_dags/example_branch_python_dop_operator_3.py
[2023-04-09 21:48:51,416] {logging_mixin.py:115} INFO - [2023-04-09 21:48:51,416] {dag.py:2371} INFO - Sync 1 DAGs
[2023-04-09 21:48:51,429] {logging_mixin.py:115} INFO - [2023-04-09 21:48:51,429] {dag.py:2919} INFO - Setting next_dagrun for example_branch_dop_operator_v3 to 2023-04-09T21:47:00+00:00, run_after=2023-04-09T21:48:00+00:00
[2023-04-09 21:48:51,436] {processor.py:161} INFO - Processing /home/airflow/.local/lib/python3.7/site-packages/airflow/example_dags/example_branch_python_dop_operator_3.py took 0.046 seconds
[2023-04-09 22:37:32,396] {processor.py:153} INFO - Started process (PID=53801) to work on /home/airflow/.local/lib/python3.7/site-packages/airflow/example_dags/example_branch_python_dop_operator_3.py
[2023-04-09 22:37:32,397] {processor.py:641} INFO - Processing file /home/airflow/.local/lib/python3.7/site-packages/airflow/example_dags/example_branch_python_dop_operator_3.py for tasks to queue
[2023-04-09 22:37:32,397] {logging_mixin.py:115} INFO - [2023-04-09 22:37:32,397] {dagbag.py:507} INFO - Filling up the DagBag from /home/airflow/.local/lib/python3.7/site-packages/airflow/example_dags/example_branch_python_dop_operator_3.py
[2023-04-09 22:37:32,403] {processor.py:651} INFO - DAG(s) dict_keys(['example_branch_dop_operator_v3']) retrieved from /home/airflow/.local/lib/python3.7/site-packages/airflow/example_dags/example_branch_python_dop_operator_3.py
[2023-04-09 22:37:32,420] {logging_mixin.py:115} INFO - [2023-04-09 22:37:32,420] {dag.py:2371} INFO - Sync 1 DAGs
[2023-04-09 22:37:32,434] {logging_mixin.py:115} INFO - [2023-04-09 22:37:32,434] {dag.py:2919} INFO - Setting next_dagrun for example_branch_dop_operator_v3 to 2023-04-09T22:36:00+00:00, run_after=2023-04-09T22:37:00+00:00
[2023-04-09 22:37:32,442] {processor.py:161} INFO - Processing /home/airflow/.local/lib/python3.7/site-packages/airflow/example_dags/example_branch_python_dop_operator_3.py took 0.048 seconds
[2023-04-09 23:42:58,156] {processor.py:153} INFO - Started process (PID=53863) to work on /home/airflow/.local/lib/python3.7/site-packages/airflow/example_dags/example_branch_python_dop_operator_3.py
[2023-04-09 23:42:58,157] {processor.py:641} INFO - Processing file /home/airflow/.local/lib/python3.7/site-packages/airflow/example_dags/example_branch_python_dop_operator_3.py for tasks to queue
[2023-04-09 23:42:58,158] {logging_mixin.py:115} INFO - [2023-04-09 23:42:58,157] {dagbag.py:507} INFO - Filling up the DagBag from /home/airflow/.local/lib/python3.7/site-packages/airflow/example_dags/example_branch_python_dop_operator_3.py
[2023-04-09 23:42:58,163] {processor.py:651} INFO - DAG(s) dict_keys(['example_branch_dop_operator_v3']) retrieved from /home/airflow/.local/lib/python3.7/site-packages/airflow/example_dags/example_branch_python_dop_operator_3.py
[2023-04-09 23:42:58,182] {logging_mixin.py:115} INFO - [2023-04-09 23:42:58,182] {dag.py:2371} INFO - Sync 1 DAGs
[2023-04-09 23:42:58,195] {logging_mixin.py:115} INFO - [2023-04-09 23:42:58,195] {dag.py:2919} INFO - Setting next_dagrun for example_branch_dop_operator_v3 to 2023-04-09T23:41:00+00:00, run_after=2023-04-09T23:42:00+00:00
[2023-04-09 23:42:58,201] {processor.py:161} INFO - Processing /home/airflow/.local/lib/python3.7/site-packages/airflow/example_dags/example_branch_python_dop_operator_3.py took 0.047 seconds
