[2023-04-09 00:07:32,809] {processor.py:153} INFO - Started process (PID=52233) to work on /home/airflow/.local/lib/python3.7/site-packages/airflow/example_dags/example_dag_decorator.py
[2023-04-09 00:07:32,810] {processor.py:641} INFO - Processing file /home/airflow/.local/lib/python3.7/site-packages/airflow/example_dags/example_dag_decorator.py for tasks to queue
[2023-04-09 00:07:32,811] {logging_mixin.py:115} INFO - [2023-04-09 00:07:32,811] {dagbag.py:507} INFO - Filling up the DagBag from /home/airflow/.local/lib/python3.7/site-packages/airflow/example_dags/example_dag_decorator.py
[2023-04-09 00:07:32,824] {processor.py:651} INFO - DAG(s) dict_keys(['example_dag_decorator']) retrieved from /home/airflow/.local/lib/python3.7/site-packages/airflow/example_dags/example_dag_decorator.py
[2023-04-09 00:07:32,860] {logging_mixin.py:115} INFO - [2023-04-09 00:07:32,860] {dag.py:2371} INFO - Sync 1 DAGs
[2023-04-09 00:07:32,869] {logging_mixin.py:115} INFO - [2023-04-09 00:07:32,869] {dag.py:2919} INFO - Setting next_dagrun for example_dag_decorator to None, run_after=None
[2023-04-09 00:07:32,875] {processor.py:161} INFO - Processing /home/airflow/.local/lib/python3.7/site-packages/airflow/example_dags/example_dag_decorator.py took 0.067 seconds
[2023-04-09 00:08:03,340] {processor.py:153} INFO - Started process (PID=52287) to work on /home/airflow/.local/lib/python3.7/site-packages/airflow/example_dags/example_dag_decorator.py
[2023-04-09 00:08:03,340] {processor.py:641} INFO - Processing file /home/airflow/.local/lib/python3.7/site-packages/airflow/example_dags/example_dag_decorator.py for tasks to queue
[2023-04-09 00:08:03,341] {logging_mixin.py:115} INFO - [2023-04-09 00:08:03,341] {dagbag.py:507} INFO - Filling up the DagBag from /home/airflow/.local/lib/python3.7/site-packages/airflow/example_dags/example_dag_decorator.py
[2023-04-09 00:08:03,354] {processor.py:651} INFO - DAG(s) dict_keys(['example_dag_decorator']) retrieved from /home/airflow/.local/lib/python3.7/site-packages/airflow/example_dags/example_dag_decorator.py
[2023-04-09 00:08:03,371] {logging_mixin.py:115} INFO - [2023-04-09 00:08:03,371] {dag.py:2371} INFO - Sync 1 DAGs
[2023-04-09 00:08:03,381] {logging_mixin.py:115} INFO - [2023-04-09 00:08:03,381] {dag.py:2919} INFO - Setting next_dagrun for example_dag_decorator to None, run_after=None
[2023-04-09 00:08:03,387] {processor.py:161} INFO - Processing /home/airflow/.local/lib/python3.7/site-packages/airflow/example_dags/example_dag_decorator.py took 0.049 seconds
[2023-04-09 01:15:20,083] {processor.py:153} INFO - Started process (PID=52349) to work on /home/airflow/.local/lib/python3.7/site-packages/airflow/example_dags/example_dag_decorator.py
[2023-04-09 01:15:20,086] {processor.py:641} INFO - Processing file /home/airflow/.local/lib/python3.7/site-packages/airflow/example_dags/example_dag_decorator.py for tasks to queue
[2023-04-09 01:15:20,089] {logging_mixin.py:115} INFO - [2023-04-09 01:15:20,089] {dagbag.py:507} INFO - Filling up the DagBag from /home/airflow/.local/lib/python3.7/site-packages/airflow/example_dags/example_dag_decorator.py
[2023-04-09 01:15:20,125] {processor.py:651} INFO - DAG(s) dict_keys(['example_dag_decorator']) retrieved from /home/airflow/.local/lib/python3.7/site-packages/airflow/example_dags/example_dag_decorator.py
[2023-04-09 01:15:20,203] {logging_mixin.py:115} INFO - [2023-04-09 01:15:20,203] {dag.py:2371} INFO - Sync 1 DAGs
[2023-04-09 01:15:20,217] {logging_mixin.py:115} INFO - [2023-04-09 01:15:20,217] {dag.py:2919} INFO - Setting next_dagrun for example_dag_decorator to None, run_after=None
[2023-04-09 01:15:20,228] {processor.py:161} INFO - Processing /home/airflow/.local/lib/python3.7/site-packages/airflow/example_dags/example_dag_decorator.py took 0.149 seconds
[2023-04-09 02:21:41,822] {processor.py:153} INFO - Started process (PID=52410) to work on /home/airflow/.local/lib/python3.7/site-packages/airflow/example_dags/example_dag_decorator.py
[2023-04-09 02:21:41,823] {processor.py:641} INFO - Processing file /home/airflow/.local/lib/python3.7/site-packages/airflow/example_dags/example_dag_decorator.py for tasks to queue
[2023-04-09 02:21:41,823] {logging_mixin.py:115} INFO - [2023-04-09 02:21:41,823] {dagbag.py:507} INFO - Filling up the DagBag from /home/airflow/.local/lib/python3.7/site-packages/airflow/example_dags/example_dag_decorator.py
[2023-04-09 02:21:41,837] {processor.py:651} INFO - DAG(s) dict_keys(['example_dag_decorator']) retrieved from /home/airflow/.local/lib/python3.7/site-packages/airflow/example_dags/example_dag_decorator.py
[2023-04-09 02:21:41,872] {logging_mixin.py:115} INFO - [2023-04-09 02:21:41,872] {dag.py:2371} INFO - Sync 1 DAGs
[2023-04-09 02:21:41,882] {logging_mixin.py:115} INFO - [2023-04-09 02:21:41,882] {dag.py:2919} INFO - Setting next_dagrun for example_dag_decorator to None, run_after=None
[2023-04-09 02:21:41,893] {processor.py:161} INFO - Processing /home/airflow/.local/lib/python3.7/site-packages/airflow/example_dags/example_dag_decorator.py took 0.073 seconds
[2023-04-09 03:46:31,278] {processor.py:153} INFO - Started process (PID=52472) to work on /home/airflow/.local/lib/python3.7/site-packages/airflow/example_dags/example_dag_decorator.py
[2023-04-09 03:46:31,279] {processor.py:641} INFO - Processing file /home/airflow/.local/lib/python3.7/site-packages/airflow/example_dags/example_dag_decorator.py for tasks to queue
[2023-04-09 03:46:31,279] {logging_mixin.py:115} INFO - [2023-04-09 03:46:31,279] {dagbag.py:507} INFO - Filling up the DagBag from /home/airflow/.local/lib/python3.7/site-packages/airflow/example_dags/example_dag_decorator.py
[2023-04-09 03:46:31,292] {processor.py:651} INFO - DAG(s) dict_keys(['example_dag_decorator']) retrieved from /home/airflow/.local/lib/python3.7/site-packages/airflow/example_dags/example_dag_decorator.py
[2023-04-09 03:46:31,338] {logging_mixin.py:115} INFO - [2023-04-09 03:46:31,338] {dag.py:2371} INFO - Sync 1 DAGs
[2023-04-09 03:46:31,350] {logging_mixin.py:115} INFO - [2023-04-09 03:46:31,350] {dag.py:2919} INFO - Setting next_dagrun for example_dag_decorator to None, run_after=None
[2023-04-09 03:46:31,357] {processor.py:161} INFO - Processing /home/airflow/.local/lib/python3.7/site-packages/airflow/example_dags/example_dag_decorator.py took 0.081 seconds
[2023-04-09 04:13:36,469] {processor.py:153} INFO - Started process (PID=52534) to work on /home/airflow/.local/lib/python3.7/site-packages/airflow/example_dags/example_dag_decorator.py
[2023-04-09 04:13:36,470] {processor.py:641} INFO - Processing file /home/airflow/.local/lib/python3.7/site-packages/airflow/example_dags/example_dag_decorator.py for tasks to queue
[2023-04-09 04:13:36,471] {logging_mixin.py:115} INFO - [2023-04-09 04:13:36,471] {dagbag.py:507} INFO - Filling up the DagBag from /home/airflow/.local/lib/python3.7/site-packages/airflow/example_dags/example_dag_decorator.py
[2023-04-09 04:13:36,491] {processor.py:651} INFO - DAG(s) dict_keys(['example_dag_decorator']) retrieved from /home/airflow/.local/lib/python3.7/site-packages/airflow/example_dags/example_dag_decorator.py
[2023-04-09 04:13:36,526] {logging_mixin.py:115} INFO - [2023-04-09 04:13:36,526] {dag.py:2371} INFO - Sync 1 DAGs
[2023-04-09 04:13:36,536] {logging_mixin.py:115} INFO - [2023-04-09 04:13:36,536] {dag.py:2919} INFO - Setting next_dagrun for example_dag_decorator to None, run_after=None
[2023-04-09 04:13:36,542] {processor.py:161} INFO - Processing /home/airflow/.local/lib/python3.7/site-packages/airflow/example_dags/example_dag_decorator.py took 0.075 seconds
[2023-04-09 04:30:54,505] {processor.py:153} INFO - Started process (PID=52587) to work on /home/airflow/.local/lib/python3.7/site-packages/airflow/example_dags/example_dag_decorator.py
[2023-04-09 04:30:54,506] {processor.py:641} INFO - Processing file /home/airflow/.local/lib/python3.7/site-packages/airflow/example_dags/example_dag_decorator.py for tasks to queue
[2023-04-09 04:30:54,506] {logging_mixin.py:115} INFO - [2023-04-09 04:30:54,506] {dagbag.py:507} INFO - Filling up the DagBag from /home/airflow/.local/lib/python3.7/site-packages/airflow/example_dags/example_dag_decorator.py
[2023-04-09 04:30:54,522] {processor.py:651} INFO - DAG(s) dict_keys(['example_dag_decorator']) retrieved from /home/airflow/.local/lib/python3.7/site-packages/airflow/example_dags/example_dag_decorator.py
[2023-04-09 04:30:54,562] {logging_mixin.py:115} INFO - [2023-04-09 04:30:54,562] {dag.py:2371} INFO - Sync 1 DAGs
[2023-04-09 04:30:54,572] {logging_mixin.py:115} INFO - [2023-04-09 04:30:54,572] {dag.py:2919} INFO - Setting next_dagrun for example_dag_decorator to None, run_after=None
[2023-04-09 04:30:54,579] {processor.py:161} INFO - Processing /home/airflow/.local/lib/python3.7/site-packages/airflow/example_dags/example_dag_decorator.py took 0.077 seconds
[2023-04-09 05:36:26,283] {processor.py:153} INFO - Started process (PID=52649) to work on /home/airflow/.local/lib/python3.7/site-packages/airflow/example_dags/example_dag_decorator.py
[2023-04-09 05:36:26,285] {processor.py:641} INFO - Processing file /home/airflow/.local/lib/python3.7/site-packages/airflow/example_dags/example_dag_decorator.py for tasks to queue
[2023-04-09 05:36:26,287] {logging_mixin.py:115} INFO - [2023-04-09 05:36:26,287] {dagbag.py:507} INFO - Filling up the DagBag from /home/airflow/.local/lib/python3.7/site-packages/airflow/example_dags/example_dag_decorator.py
[2023-04-09 05:36:26,314] {processor.py:651} INFO - DAG(s) dict_keys(['example_dag_decorator']) retrieved from /home/airflow/.local/lib/python3.7/site-packages/airflow/example_dags/example_dag_decorator.py
[2023-04-09 05:36:26,375] {logging_mixin.py:115} INFO - [2023-04-09 05:36:26,374] {dag.py:2371} INFO - Sync 1 DAGs
[2023-04-09 05:36:26,387] {logging_mixin.py:115} INFO - [2023-04-09 05:36:26,387] {dag.py:2919} INFO - Setting next_dagrun for example_dag_decorator to None, run_after=None
[2023-04-09 05:36:26,398] {processor.py:161} INFO - Processing /home/airflow/.local/lib/python3.7/site-packages/airflow/example_dags/example_dag_decorator.py took 0.119 seconds
[2023-04-09 06:43:10,211] {processor.py:153} INFO - Started process (PID=52711) to work on /home/airflow/.local/lib/python3.7/site-packages/airflow/example_dags/example_dag_decorator.py
[2023-04-09 06:43:10,212] {processor.py:641} INFO - Processing file /home/airflow/.local/lib/python3.7/site-packages/airflow/example_dags/example_dag_decorator.py for tasks to queue
[2023-04-09 06:43:10,212] {logging_mixin.py:115} INFO - [2023-04-09 06:43:10,212] {dagbag.py:507} INFO - Filling up the DagBag from /home/airflow/.local/lib/python3.7/site-packages/airflow/example_dags/example_dag_decorator.py
[2023-04-09 06:43:10,226] {processor.py:651} INFO - DAG(s) dict_keys(['example_dag_decorator']) retrieved from /home/airflow/.local/lib/python3.7/site-packages/airflow/example_dags/example_dag_decorator.py
[2023-04-09 06:43:10,263] {logging_mixin.py:115} INFO - [2023-04-09 06:43:10,263] {dag.py:2371} INFO - Sync 1 DAGs
[2023-04-09 06:43:10,274] {logging_mixin.py:115} INFO - [2023-04-09 06:43:10,274] {dag.py:2919} INFO - Setting next_dagrun for example_dag_decorator to None, run_after=None
[2023-04-09 06:43:10,281] {processor.py:161} INFO - Processing /home/airflow/.local/lib/python3.7/site-packages/airflow/example_dags/example_dag_decorator.py took 0.072 seconds
[2023-04-09 07:48:23,520] {processor.py:153} INFO - Started process (PID=52772) to work on /home/airflow/.local/lib/python3.7/site-packages/airflow/example_dags/example_dag_decorator.py
[2023-04-09 07:48:23,521] {processor.py:641} INFO - Processing file /home/airflow/.local/lib/python3.7/site-packages/airflow/example_dags/example_dag_decorator.py for tasks to queue
[2023-04-09 07:48:23,521] {logging_mixin.py:115} INFO - [2023-04-09 07:48:23,521] {dagbag.py:507} INFO - Filling up the DagBag from /home/airflow/.local/lib/python3.7/site-packages/airflow/example_dags/example_dag_decorator.py
[2023-04-09 07:48:23,535] {processor.py:651} INFO - DAG(s) dict_keys(['example_dag_decorator']) retrieved from /home/airflow/.local/lib/python3.7/site-packages/airflow/example_dags/example_dag_decorator.py
[2023-04-09 07:48:23,568] {logging_mixin.py:115} INFO - [2023-04-09 07:48:23,568] {dag.py:2371} INFO - Sync 1 DAGs
[2023-04-09 07:48:23,579] {logging_mixin.py:115} INFO - [2023-04-09 07:48:23,579] {dag.py:2919} INFO - Setting next_dagrun for example_dag_decorator to None, run_after=None
[2023-04-09 07:48:23,585] {processor.py:161} INFO - Processing /home/airflow/.local/lib/python3.7/site-packages/airflow/example_dags/example_dag_decorator.py took 0.067 seconds
[2023-04-09 09:12:37,207] {processor.py:153} INFO - Started process (PID=52832) to work on /home/airflow/.local/lib/python3.7/site-packages/airflow/example_dags/example_dag_decorator.py
[2023-04-09 09:12:37,208] {processor.py:641} INFO - Processing file /home/airflow/.local/lib/python3.7/site-packages/airflow/example_dags/example_dag_decorator.py for tasks to queue
[2023-04-09 09:12:37,208] {logging_mixin.py:115} INFO - [2023-04-09 09:12:37,208] {dagbag.py:507} INFO - Filling up the DagBag from /home/airflow/.local/lib/python3.7/site-packages/airflow/example_dags/example_dag_decorator.py
[2023-04-09 09:12:37,223] {processor.py:651} INFO - DAG(s) dict_keys(['example_dag_decorator']) retrieved from /home/airflow/.local/lib/python3.7/site-packages/airflow/example_dags/example_dag_decorator.py
[2023-04-09 09:12:37,267] {logging_mixin.py:115} INFO - [2023-04-09 09:12:37,267] {dag.py:2371} INFO - Sync 1 DAGs
[2023-04-09 09:12:37,277] {logging_mixin.py:115} INFO - [2023-04-09 09:12:37,277] {dag.py:2919} INFO - Setting next_dagrun for example_dag_decorator to None, run_after=None
[2023-04-09 09:12:37,284] {processor.py:161} INFO - Processing /home/airflow/.local/lib/python3.7/site-packages/airflow/example_dags/example_dag_decorator.py took 0.080 seconds
[2023-04-09 10:19:49,293] {processor.py:153} INFO - Started process (PID=52887) to work on /home/airflow/.local/lib/python3.7/site-packages/airflow/example_dags/example_dag_decorator.py
[2023-04-09 10:19:49,294] {processor.py:641} INFO - Processing file /home/airflow/.local/lib/python3.7/site-packages/airflow/example_dags/example_dag_decorator.py for tasks to queue
[2023-04-09 10:19:49,295] {logging_mixin.py:115} INFO - [2023-04-09 10:19:49,294] {dagbag.py:507} INFO - Filling up the DagBag from /home/airflow/.local/lib/python3.7/site-packages/airflow/example_dags/example_dag_decorator.py
[2023-04-09 10:19:49,309] {processor.py:651} INFO - DAG(s) dict_keys(['example_dag_decorator']) retrieved from /home/airflow/.local/lib/python3.7/site-packages/airflow/example_dags/example_dag_decorator.py
[2023-04-09 10:19:49,344] {logging_mixin.py:115} INFO - [2023-04-09 10:19:49,344] {dag.py:2371} INFO - Sync 1 DAGs
[2023-04-09 10:19:49,353] {logging_mixin.py:115} INFO - [2023-04-09 10:19:49,353] {dag.py:2919} INFO - Setting next_dagrun for example_dag_decorator to None, run_after=None
[2023-04-09 10:19:49,360] {processor.py:161} INFO - Processing /home/airflow/.local/lib/python3.7/site-packages/airflow/example_dags/example_dag_decorator.py took 0.069 seconds
[2023-04-09 11:28:15,269] {processor.py:153} INFO - Started process (PID=52949) to work on /home/airflow/.local/lib/python3.7/site-packages/airflow/example_dags/example_dag_decorator.py
[2023-04-09 11:28:15,269] {processor.py:641} INFO - Processing file /home/airflow/.local/lib/python3.7/site-packages/airflow/example_dags/example_dag_decorator.py for tasks to queue
[2023-04-09 11:28:15,270] {logging_mixin.py:115} INFO - [2023-04-09 11:28:15,270] {dagbag.py:507} INFO - Filling up the DagBag from /home/airflow/.local/lib/python3.7/site-packages/airflow/example_dags/example_dag_decorator.py
[2023-04-09 11:28:15,283] {processor.py:651} INFO - DAG(s) dict_keys(['example_dag_decorator']) retrieved from /home/airflow/.local/lib/python3.7/site-packages/airflow/example_dags/example_dag_decorator.py
[2023-04-09 11:28:15,317] {logging_mixin.py:115} INFO - [2023-04-09 11:28:15,317] {dag.py:2371} INFO - Sync 1 DAGs
[2023-04-09 11:28:15,326] {logging_mixin.py:115} INFO - [2023-04-09 11:28:15,326] {dag.py:2919} INFO - Setting next_dagrun for example_dag_decorator to None, run_after=None
[2023-04-09 11:28:15,338] {processor.py:161} INFO - Processing /home/airflow/.local/lib/python3.7/site-packages/airflow/example_dags/example_dag_decorator.py took 0.071 seconds
[2023-04-09 12:26:25,711] {processor.py:153} INFO - Started process (PID=53011) to work on /home/airflow/.local/lib/python3.7/site-packages/airflow/example_dags/example_dag_decorator.py
[2023-04-09 12:26:25,712] {processor.py:641} INFO - Processing file /home/airflow/.local/lib/python3.7/site-packages/airflow/example_dags/example_dag_decorator.py for tasks to queue
[2023-04-09 12:26:25,712] {logging_mixin.py:115} INFO - [2023-04-09 12:26:25,712] {dagbag.py:507} INFO - Filling up the DagBag from /home/airflow/.local/lib/python3.7/site-packages/airflow/example_dags/example_dag_decorator.py
[2023-04-09 12:26:25,727] {processor.py:651} INFO - DAG(s) dict_keys(['example_dag_decorator']) retrieved from /home/airflow/.local/lib/python3.7/site-packages/airflow/example_dags/example_dag_decorator.py
[2023-04-09 12:26:25,787] {logging_mixin.py:115} INFO - [2023-04-09 12:26:25,787] {dag.py:2371} INFO - Sync 1 DAGs
[2023-04-09 12:26:25,796] {logging_mixin.py:115} INFO - [2023-04-09 12:26:25,796] {dag.py:2919} INFO - Setting next_dagrun for example_dag_decorator to None, run_after=None
[2023-04-09 12:26:25,802] {processor.py:161} INFO - Processing /home/airflow/.local/lib/python3.7/site-packages/airflow/example_dags/example_dag_decorator.py took 0.093 seconds
[2023-04-09 12:26:56,199] {processor.py:153} INFO - Started process (PID=53071) to work on /home/airflow/.local/lib/python3.7/site-packages/airflow/example_dags/example_dag_decorator.py
[2023-04-09 12:26:56,200] {processor.py:641} INFO - Processing file /home/airflow/.local/lib/python3.7/site-packages/airflow/example_dags/example_dag_decorator.py for tasks to queue
[2023-04-09 12:26:56,201] {logging_mixin.py:115} INFO - [2023-04-09 12:26:56,201] {dagbag.py:507} INFO - Filling up the DagBag from /home/airflow/.local/lib/python3.7/site-packages/airflow/example_dags/example_dag_decorator.py
[2023-04-09 12:26:56,214] {processor.py:651} INFO - DAG(s) dict_keys(['example_dag_decorator']) retrieved from /home/airflow/.local/lib/python3.7/site-packages/airflow/example_dags/example_dag_decorator.py
[2023-04-09 12:26:56,253] {logging_mixin.py:115} INFO - [2023-04-09 12:26:56,253] {dag.py:2371} INFO - Sync 1 DAGs
[2023-04-09 12:26:56,263] {logging_mixin.py:115} INFO - [2023-04-09 12:26:56,263] {dag.py:2919} INFO - Setting next_dagrun for example_dag_decorator to None, run_after=None
[2023-04-09 12:26:56,270] {processor.py:161} INFO - Processing /home/airflow/.local/lib/python3.7/site-packages/airflow/example_dags/example_dag_decorator.py took 0.073 seconds
[2023-04-09 13:15:30,528] {processor.py:153} INFO - Started process (PID=53124) to work on /home/airflow/.local/lib/python3.7/site-packages/airflow/example_dags/example_dag_decorator.py
[2023-04-09 13:15:30,528] {processor.py:641} INFO - Processing file /home/airflow/.local/lib/python3.7/site-packages/airflow/example_dags/example_dag_decorator.py for tasks to queue
[2023-04-09 13:15:30,529] {logging_mixin.py:115} INFO - [2023-04-09 13:15:30,529] {dagbag.py:507} INFO - Filling up the DagBag from /home/airflow/.local/lib/python3.7/site-packages/airflow/example_dags/example_dag_decorator.py
[2023-04-09 13:15:30,542] {processor.py:651} INFO - DAG(s) dict_keys(['example_dag_decorator']) retrieved from /home/airflow/.local/lib/python3.7/site-packages/airflow/example_dags/example_dag_decorator.py
[2023-04-09 13:15:30,577] {logging_mixin.py:115} INFO - [2023-04-09 13:15:30,577] {dag.py:2371} INFO - Sync 1 DAGs
[2023-04-09 13:15:30,586] {logging_mixin.py:115} INFO - [2023-04-09 13:15:30,586] {dag.py:2919} INFO - Setting next_dagrun for example_dag_decorator to None, run_after=None
[2023-04-09 13:15:30,592] {processor.py:161} INFO - Processing /home/airflow/.local/lib/python3.7/site-packages/airflow/example_dags/example_dag_decorator.py took 0.066 seconds
[2023-04-09 14:38:32,288] {processor.py:153} INFO - Started process (PID=53186) to work on /home/airflow/.local/lib/python3.7/site-packages/airflow/example_dags/example_dag_decorator.py
[2023-04-09 14:38:32,289] {processor.py:641} INFO - Processing file /home/airflow/.local/lib/python3.7/site-packages/airflow/example_dags/example_dag_decorator.py for tasks to queue
[2023-04-09 14:38:32,290] {logging_mixin.py:115} INFO - [2023-04-09 14:38:32,290] {dagbag.py:507} INFO - Filling up the DagBag from /home/airflow/.local/lib/python3.7/site-packages/airflow/example_dags/example_dag_decorator.py
[2023-04-09 14:38:32,304] {processor.py:651} INFO - DAG(s) dict_keys(['example_dag_decorator']) retrieved from /home/airflow/.local/lib/python3.7/site-packages/airflow/example_dags/example_dag_decorator.py
[2023-04-09 14:38:32,339] {logging_mixin.py:115} INFO - [2023-04-09 14:38:32,339] {dag.py:2371} INFO - Sync 1 DAGs
[2023-04-09 14:38:32,348] {logging_mixin.py:115} INFO - [2023-04-09 14:38:32,348] {dag.py:2919} INFO - Setting next_dagrun for example_dag_decorator to None, run_after=None
[2023-04-09 14:38:32,355] {processor.py:161} INFO - Processing /home/airflow/.local/lib/python3.7/site-packages/airflow/example_dags/example_dag_decorator.py took 0.069 seconds
[2023-04-09 15:42:41,390] {processor.py:153} INFO - Started process (PID=53249) to work on /home/airflow/.local/lib/python3.7/site-packages/airflow/example_dags/example_dag_decorator.py
[2023-04-09 15:42:41,390] {processor.py:641} INFO - Processing file /home/airflow/.local/lib/python3.7/site-packages/airflow/example_dags/example_dag_decorator.py for tasks to queue
[2023-04-09 15:42:41,391] {logging_mixin.py:115} INFO - [2023-04-09 15:42:41,391] {dagbag.py:507} INFO - Filling up the DagBag from /home/airflow/.local/lib/python3.7/site-packages/airflow/example_dags/example_dag_decorator.py
[2023-04-09 15:42:41,407] {processor.py:651} INFO - DAG(s) dict_keys(['example_dag_decorator']) retrieved from /home/airflow/.local/lib/python3.7/site-packages/airflow/example_dags/example_dag_decorator.py
[2023-04-09 15:42:41,446] {logging_mixin.py:115} INFO - [2023-04-09 15:42:41,446] {dag.py:2371} INFO - Sync 1 DAGs
[2023-04-09 15:42:41,457] {logging_mixin.py:115} INFO - [2023-04-09 15:42:41,457] {dag.py:2919} INFO - Setting next_dagrun for example_dag_decorator to None, run_after=None
[2023-04-09 15:42:41,465] {processor.py:161} INFO - Processing /home/airflow/.local/lib/python3.7/site-packages/airflow/example_dags/example_dag_decorator.py took 0.077 seconds
[2023-04-09 16:47:05,851] {processor.py:153} INFO - Started process (PID=53310) to work on /home/airflow/.local/lib/python3.7/site-packages/airflow/example_dags/example_dag_decorator.py
[2023-04-09 16:47:05,852] {processor.py:641} INFO - Processing file /home/airflow/.local/lib/python3.7/site-packages/airflow/example_dags/example_dag_decorator.py for tasks to queue
[2023-04-09 16:47:05,852] {logging_mixin.py:115} INFO - [2023-04-09 16:47:05,852] {dagbag.py:507} INFO - Filling up the DagBag from /home/airflow/.local/lib/python3.7/site-packages/airflow/example_dags/example_dag_decorator.py
[2023-04-09 16:47:05,867] {processor.py:651} INFO - DAG(s) dict_keys(['example_dag_decorator']) retrieved from /home/airflow/.local/lib/python3.7/site-packages/airflow/example_dags/example_dag_decorator.py
[2023-04-09 16:47:05,908] {logging_mixin.py:115} INFO - [2023-04-09 16:47:05,907] {dag.py:2371} INFO - Sync 1 DAGs
[2023-04-09 16:47:05,921] {logging_mixin.py:115} INFO - [2023-04-09 16:47:05,921] {dag.py:2919} INFO - Setting next_dagrun for example_dag_decorator to None, run_after=None
[2023-04-09 16:47:05,927] {processor.py:161} INFO - Processing /home/airflow/.local/lib/python3.7/site-packages/airflow/example_dags/example_dag_decorator.py took 0.079 seconds
[2023-04-09 18:07:28,993] {processor.py:153} INFO - Started process (PID=53373) to work on /home/airflow/.local/lib/python3.7/site-packages/airflow/example_dags/example_dag_decorator.py
[2023-04-09 18:07:28,993] {processor.py:641} INFO - Processing file /home/airflow/.local/lib/python3.7/site-packages/airflow/example_dags/example_dag_decorator.py for tasks to queue
[2023-04-09 18:07:28,994] {logging_mixin.py:115} INFO - [2023-04-09 18:07:28,994] {dagbag.py:507} INFO - Filling up the DagBag from /home/airflow/.local/lib/python3.7/site-packages/airflow/example_dags/example_dag_decorator.py
[2023-04-09 18:07:29,008] {processor.py:651} INFO - DAG(s) dict_keys(['example_dag_decorator']) retrieved from /home/airflow/.local/lib/python3.7/site-packages/airflow/example_dags/example_dag_decorator.py
[2023-04-09 18:07:29,041] {logging_mixin.py:115} INFO - [2023-04-09 18:07:29,041] {dag.py:2371} INFO - Sync 1 DAGs
[2023-04-09 18:07:29,051] {logging_mixin.py:115} INFO - [2023-04-09 18:07:29,051] {dag.py:2919} INFO - Setting next_dagrun for example_dag_decorator to None, run_after=None
[2023-04-09 18:07:29,057] {processor.py:161} INFO - Processing /home/airflow/.local/lib/python3.7/site-packages/airflow/example_dags/example_dag_decorator.py took 0.066 seconds
[2023-04-09 19:15:09,470] {processor.py:153} INFO - Started process (PID=53426) to work on /home/airflow/.local/lib/python3.7/site-packages/airflow/example_dags/example_dag_decorator.py
[2023-04-09 19:15:09,471] {processor.py:641} INFO - Processing file /home/airflow/.local/lib/python3.7/site-packages/airflow/example_dags/example_dag_decorator.py for tasks to queue
[2023-04-09 19:15:09,471] {logging_mixin.py:115} INFO - [2023-04-09 19:15:09,471] {dagbag.py:507} INFO - Filling up the DagBag from /home/airflow/.local/lib/python3.7/site-packages/airflow/example_dags/example_dag_decorator.py
[2023-04-09 19:15:09,487] {processor.py:651} INFO - DAG(s) dict_keys(['example_dag_decorator']) retrieved from /home/airflow/.local/lib/python3.7/site-packages/airflow/example_dags/example_dag_decorator.py
[2023-04-09 19:15:09,525] {logging_mixin.py:115} INFO - [2023-04-09 19:15:09,525] {dag.py:2371} INFO - Sync 1 DAGs
[2023-04-09 19:15:09,535] {logging_mixin.py:115} INFO - [2023-04-09 19:15:09,535] {dag.py:2919} INFO - Setting next_dagrun for example_dag_decorator to None, run_after=None
[2023-04-09 19:15:09,541] {processor.py:161} INFO - Processing /home/airflow/.local/lib/python3.7/site-packages/airflow/example_dags/example_dag_decorator.py took 0.073 seconds
[2023-04-09 19:35:33,208] {processor.py:153} INFO - Started process (PID=53489) to work on /home/airflow/.local/lib/python3.7/site-packages/airflow/example_dags/example_dag_decorator.py
[2023-04-09 19:35:33,209] {processor.py:641} INFO - Processing file /home/airflow/.local/lib/python3.7/site-packages/airflow/example_dags/example_dag_decorator.py for tasks to queue
[2023-04-09 19:35:33,209] {logging_mixin.py:115} INFO - [2023-04-09 19:35:33,209] {dagbag.py:507} INFO - Filling up the DagBag from /home/airflow/.local/lib/python3.7/site-packages/airflow/example_dags/example_dag_decorator.py
[2023-04-09 19:35:33,223] {processor.py:651} INFO - DAG(s) dict_keys(['example_dag_decorator']) retrieved from /home/airflow/.local/lib/python3.7/site-packages/airflow/example_dags/example_dag_decorator.py
[2023-04-09 19:35:33,257] {logging_mixin.py:115} INFO - [2023-04-09 19:35:33,257] {dag.py:2371} INFO - Sync 1 DAGs
[2023-04-09 19:35:33,267] {logging_mixin.py:115} INFO - [2023-04-09 19:35:33,266] {dag.py:2919} INFO - Setting next_dagrun for example_dag_decorator to None, run_after=None
[2023-04-09 19:35:33,273] {processor.py:161} INFO - Processing /home/airflow/.local/lib/python3.7/site-packages/airflow/example_dags/example_dag_decorator.py took 0.067 seconds
[2023-04-09 19:52:00,292] {processor.py:153} INFO - Started process (PID=53551) to work on /home/airflow/.local/lib/python3.7/site-packages/airflow/example_dags/example_dag_decorator.py
[2023-04-09 19:52:00,293] {processor.py:641} INFO - Processing file /home/airflow/.local/lib/python3.7/site-packages/airflow/example_dags/example_dag_decorator.py for tasks to queue
[2023-04-09 19:52:00,293] {logging_mixin.py:115} INFO - [2023-04-09 19:52:00,293] {dagbag.py:507} INFO - Filling up the DagBag from /home/airflow/.local/lib/python3.7/site-packages/airflow/example_dags/example_dag_decorator.py
[2023-04-09 19:52:00,308] {processor.py:651} INFO - DAG(s) dict_keys(['example_dag_decorator']) retrieved from /home/airflow/.local/lib/python3.7/site-packages/airflow/example_dags/example_dag_decorator.py
[2023-04-09 19:52:00,349] {logging_mixin.py:115} INFO - [2023-04-09 19:52:00,349] {dag.py:2371} INFO - Sync 1 DAGs
[2023-04-09 19:52:00,359] {logging_mixin.py:115} INFO - [2023-04-09 19:52:00,358] {dag.py:2919} INFO - Setting next_dagrun for example_dag_decorator to None, run_after=None
[2023-04-09 19:52:00,365] {processor.py:161} INFO - Processing /home/airflow/.local/lib/python3.7/site-packages/airflow/example_dags/example_dag_decorator.py took 0.075 seconds
[2023-04-09 20:39:30,708] {processor.py:153} INFO - Started process (PID=53612) to work on /home/airflow/.local/lib/python3.7/site-packages/airflow/example_dags/example_dag_decorator.py
[2023-04-09 20:39:30,709] {processor.py:641} INFO - Processing file /home/airflow/.local/lib/python3.7/site-packages/airflow/example_dags/example_dag_decorator.py for tasks to queue
[2023-04-09 20:39:30,709] {logging_mixin.py:115} INFO - [2023-04-09 20:39:30,709] {dagbag.py:507} INFO - Filling up the DagBag from /home/airflow/.local/lib/python3.7/site-packages/airflow/example_dags/example_dag_decorator.py
[2023-04-09 20:39:30,725] {processor.py:651} INFO - DAG(s) dict_keys(['example_dag_decorator']) retrieved from /home/airflow/.local/lib/python3.7/site-packages/airflow/example_dags/example_dag_decorator.py
[2023-04-09 20:39:30,761] {logging_mixin.py:115} INFO - [2023-04-09 20:39:30,761] {dag.py:2371} INFO - Sync 1 DAGs
[2023-04-09 20:39:30,770] {logging_mixin.py:115} INFO - [2023-04-09 20:39:30,770] {dag.py:2919} INFO - Setting next_dagrun for example_dag_decorator to None, run_after=None
[2023-04-09 20:39:30,776] {processor.py:161} INFO - Processing /home/airflow/.local/lib/python3.7/site-packages/airflow/example_dags/example_dag_decorator.py took 0.071 seconds
[2023-04-09 20:40:01,148] {processor.py:153} INFO - Started process (PID=53672) to work on /home/airflow/.local/lib/python3.7/site-packages/airflow/example_dags/example_dag_decorator.py
[2023-04-09 20:40:01,149] {processor.py:641} INFO - Processing file /home/airflow/.local/lib/python3.7/site-packages/airflow/example_dags/example_dag_decorator.py for tasks to queue
[2023-04-09 20:40:01,149] {logging_mixin.py:115} INFO - [2023-04-09 20:40:01,149] {dagbag.py:507} INFO - Filling up the DagBag from /home/airflow/.local/lib/python3.7/site-packages/airflow/example_dags/example_dag_decorator.py
[2023-04-09 20:40:01,163] {processor.py:651} INFO - DAG(s) dict_keys(['example_dag_decorator']) retrieved from /home/airflow/.local/lib/python3.7/site-packages/airflow/example_dags/example_dag_decorator.py
[2023-04-09 20:40:01,200] {logging_mixin.py:115} INFO - [2023-04-09 20:40:01,200] {dag.py:2371} INFO - Sync 1 DAGs
[2023-04-09 20:40:01,209] {logging_mixin.py:115} INFO - [2023-04-09 20:40:01,209] {dag.py:2919} INFO - Setting next_dagrun for example_dag_decorator to None, run_after=None
[2023-04-09 20:40:01,215] {processor.py:161} INFO - Processing /home/airflow/.local/lib/python3.7/site-packages/airflow/example_dags/example_dag_decorator.py took 0.070 seconds
[2023-04-09 21:48:50,985] {processor.py:153} INFO - Started process (PID=53726) to work on /home/airflow/.local/lib/python3.7/site-packages/airflow/example_dags/example_dag_decorator.py
[2023-04-09 21:48:50,986] {processor.py:641} INFO - Processing file /home/airflow/.local/lib/python3.7/site-packages/airflow/example_dags/example_dag_decorator.py for tasks to queue
[2023-04-09 21:48:50,986] {logging_mixin.py:115} INFO - [2023-04-09 21:48:50,986] {dagbag.py:507} INFO - Filling up the DagBag from /home/airflow/.local/lib/python3.7/site-packages/airflow/example_dags/example_dag_decorator.py
[2023-04-09 21:48:51,001] {processor.py:651} INFO - DAG(s) dict_keys(['example_dag_decorator']) retrieved from /home/airflow/.local/lib/python3.7/site-packages/airflow/example_dags/example_dag_decorator.py
[2023-04-09 21:48:51,041] {logging_mixin.py:115} INFO - [2023-04-09 21:48:51,041] {dag.py:2371} INFO - Sync 1 DAGs
[2023-04-09 21:48:51,050] {logging_mixin.py:115} INFO - [2023-04-09 21:48:51,050] {dag.py:2919} INFO - Setting next_dagrun for example_dag_decorator to None, run_after=None
[2023-04-09 21:48:51,056] {processor.py:161} INFO - Processing /home/airflow/.local/lib/python3.7/site-packages/airflow/example_dags/example_dag_decorator.py took 0.073 seconds
[2023-04-09 22:37:31,964] {processor.py:153} INFO - Started process (PID=53788) to work on /home/airflow/.local/lib/python3.7/site-packages/airflow/example_dags/example_dag_decorator.py
[2023-04-09 22:37:31,966] {processor.py:641} INFO - Processing file /home/airflow/.local/lib/python3.7/site-packages/airflow/example_dags/example_dag_decorator.py for tasks to queue
[2023-04-09 22:37:31,967] {logging_mixin.py:115} INFO - [2023-04-09 22:37:31,967] {dagbag.py:507} INFO - Filling up the DagBag from /home/airflow/.local/lib/python3.7/site-packages/airflow/example_dags/example_dag_decorator.py
[2023-04-09 22:37:31,983] {processor.py:651} INFO - DAG(s) dict_keys(['example_dag_decorator']) retrieved from /home/airflow/.local/lib/python3.7/site-packages/airflow/example_dags/example_dag_decorator.py
[2023-04-09 22:37:32,021] {logging_mixin.py:115} INFO - [2023-04-09 22:37:32,021] {dag.py:2371} INFO - Sync 1 DAGs
[2023-04-09 22:37:32,030] {logging_mixin.py:115} INFO - [2023-04-09 22:37:32,030] {dag.py:2919} INFO - Setting next_dagrun for example_dag_decorator to None, run_after=None
[2023-04-09 22:37:32,040] {processor.py:161} INFO - Processing /home/airflow/.local/lib/python3.7/site-packages/airflow/example_dags/example_dag_decorator.py took 0.079 seconds
[2023-04-09 23:42:57,687] {processor.py:153} INFO - Started process (PID=53850) to work on /home/airflow/.local/lib/python3.7/site-packages/airflow/example_dags/example_dag_decorator.py
[2023-04-09 23:42:57,688] {processor.py:641} INFO - Processing file /home/airflow/.local/lib/python3.7/site-packages/airflow/example_dags/example_dag_decorator.py for tasks to queue
[2023-04-09 23:42:57,688] {logging_mixin.py:115} INFO - [2023-04-09 23:42:57,688] {dagbag.py:507} INFO - Filling up the DagBag from /home/airflow/.local/lib/python3.7/site-packages/airflow/example_dags/example_dag_decorator.py
[2023-04-09 23:42:57,701] {processor.py:651} INFO - DAG(s) dict_keys(['example_dag_decorator']) retrieved from /home/airflow/.local/lib/python3.7/site-packages/airflow/example_dags/example_dag_decorator.py
[2023-04-09 23:42:57,739] {logging_mixin.py:115} INFO - [2023-04-09 23:42:57,739] {dag.py:2371} INFO - Sync 1 DAGs
[2023-04-09 23:42:57,751] {logging_mixin.py:115} INFO - [2023-04-09 23:42:57,751] {dag.py:2919} INFO - Setting next_dagrun for example_dag_decorator to None, run_after=None
[2023-04-09 23:42:57,758] {processor.py:161} INFO - Processing /home/airflow/.local/lib/python3.7/site-packages/airflow/example_dags/example_dag_decorator.py took 0.073 seconds
