[2023-04-09 00:07:33,073] {processor.py:153} INFO - Started process (PID=52240) to work on /home/airflow/.local/lib/python3.7/site-packages/airflow/example_dags/tutorial_etl_dag.py
[2023-04-09 00:07:33,074] {processor.py:641} INFO - Processing file /home/airflow/.local/lib/python3.7/site-packages/airflow/example_dags/tutorial_etl_dag.py for tasks to queue
[2023-04-09 00:07:33,074] {logging_mixin.py:115} INFO - [2023-04-09 00:07:33,074] {dagbag.py:507} INFO - Filling up the DagBag from /home/airflow/.local/lib/python3.7/site-packages/airflow/example_dags/tutorial_etl_dag.py
[2023-04-09 00:07:33,079] {processor.py:651} INFO - DAG(s) dict_keys(['tutorial_etl_dag']) retrieved from /home/airflow/.local/lib/python3.7/site-packages/airflow/example_dags/tutorial_etl_dag.py
[2023-04-09 00:07:33,097] {logging_mixin.py:115} INFO - [2023-04-09 00:07:33,097] {dag.py:2371} INFO - Sync 1 DAGs
[2023-04-09 00:07:33,108] {logging_mixin.py:115} INFO - [2023-04-09 00:07:33,108] {dag.py:2919} INFO - Setting next_dagrun for tutorial_etl_dag to None, run_after=None
[2023-04-09 00:07:33,114] {processor.py:161} INFO - Processing /home/airflow/.local/lib/python3.7/site-packages/airflow/example_dags/tutorial_etl_dag.py took 0.043 seconds
[2023-04-09 00:08:03,578] {processor.py:153} INFO - Started process (PID=52294) to work on /home/airflow/.local/lib/python3.7/site-packages/airflow/example_dags/tutorial_etl_dag.py
[2023-04-09 00:08:03,579] {processor.py:641} INFO - Processing file /home/airflow/.local/lib/python3.7/site-packages/airflow/example_dags/tutorial_etl_dag.py for tasks to queue
[2023-04-09 00:08:03,580] {logging_mixin.py:115} INFO - [2023-04-09 00:08:03,580] {dagbag.py:507} INFO - Filling up the DagBag from /home/airflow/.local/lib/python3.7/site-packages/airflow/example_dags/tutorial_etl_dag.py
[2023-04-09 00:08:03,587] {processor.py:651} INFO - DAG(s) dict_keys(['tutorial_etl_dag']) retrieved from /home/airflow/.local/lib/python3.7/site-packages/airflow/example_dags/tutorial_etl_dag.py
[2023-04-09 00:08:03,606] {logging_mixin.py:115} INFO - [2023-04-09 00:08:03,606] {dag.py:2371} INFO - Sync 1 DAGs
[2023-04-09 00:08:03,617] {logging_mixin.py:115} INFO - [2023-04-09 00:08:03,617] {dag.py:2919} INFO - Setting next_dagrun for tutorial_etl_dag to None, run_after=None
[2023-04-09 00:08:03,623] {processor.py:161} INFO - Processing /home/airflow/.local/lib/python3.7/site-packages/airflow/example_dags/tutorial_etl_dag.py took 0.048 seconds
[2023-04-09 01:15:20,604] {processor.py:153} INFO - Started process (PID=52356) to work on /home/airflow/.local/lib/python3.7/site-packages/airflow/example_dags/tutorial_etl_dag.py
[2023-04-09 01:15:20,606] {processor.py:641} INFO - Processing file /home/airflow/.local/lib/python3.7/site-packages/airflow/example_dags/tutorial_etl_dag.py for tasks to queue
[2023-04-09 01:15:20,607] {logging_mixin.py:115} INFO - [2023-04-09 01:15:20,607] {dagbag.py:507} INFO - Filling up the DagBag from /home/airflow/.local/lib/python3.7/site-packages/airflow/example_dags/tutorial_etl_dag.py
[2023-04-09 01:15:20,626] {processor.py:651} INFO - DAG(s) dict_keys(['tutorial_etl_dag']) retrieved from /home/airflow/.local/lib/python3.7/site-packages/airflow/example_dags/tutorial_etl_dag.py
[2023-04-09 01:15:20,687] {logging_mixin.py:115} INFO - [2023-04-09 01:15:20,687] {dag.py:2371} INFO - Sync 1 DAGs
[2023-04-09 01:15:20,716] {logging_mixin.py:115} INFO - [2023-04-09 01:15:20,716] {dag.py:2919} INFO - Setting next_dagrun for tutorial_etl_dag to None, run_after=None
[2023-04-09 01:15:20,729] {processor.py:161} INFO - Processing /home/airflow/.local/lib/python3.7/site-packages/airflow/example_dags/tutorial_etl_dag.py took 0.136 seconds
[2023-04-09 02:21:42,088] {processor.py:153} INFO - Started process (PID=52417) to work on /home/airflow/.local/lib/python3.7/site-packages/airflow/example_dags/tutorial_etl_dag.py
[2023-04-09 02:21:42,089] {processor.py:641} INFO - Processing file /home/airflow/.local/lib/python3.7/site-packages/airflow/example_dags/tutorial_etl_dag.py for tasks to queue
[2023-04-09 02:21:42,089] {logging_mixin.py:115} INFO - [2023-04-09 02:21:42,089] {dagbag.py:507} INFO - Filling up the DagBag from /home/airflow/.local/lib/python3.7/site-packages/airflow/example_dags/tutorial_etl_dag.py
[2023-04-09 02:21:42,094] {processor.py:651} INFO - DAG(s) dict_keys(['tutorial_etl_dag']) retrieved from /home/airflow/.local/lib/python3.7/site-packages/airflow/example_dags/tutorial_etl_dag.py
[2023-04-09 02:21:42,112] {logging_mixin.py:115} INFO - [2023-04-09 02:21:42,112] {dag.py:2371} INFO - Sync 1 DAGs
[2023-04-09 02:21:42,123] {logging_mixin.py:115} INFO - [2023-04-09 02:21:42,123] {dag.py:2919} INFO - Setting next_dagrun for tutorial_etl_dag to None, run_after=None
[2023-04-09 02:21:42,128] {processor.py:161} INFO - Processing /home/airflow/.local/lib/python3.7/site-packages/airflow/example_dags/tutorial_etl_dag.py took 0.043 seconds
[2023-04-09 03:46:31,525] {processor.py:153} INFO - Started process (PID=52479) to work on /home/airflow/.local/lib/python3.7/site-packages/airflow/example_dags/tutorial_etl_dag.py
[2023-04-09 03:46:31,526] {processor.py:641} INFO - Processing file /home/airflow/.local/lib/python3.7/site-packages/airflow/example_dags/tutorial_etl_dag.py for tasks to queue
[2023-04-09 03:46:31,526] {logging_mixin.py:115} INFO - [2023-04-09 03:46:31,526] {dagbag.py:507} INFO - Filling up the DagBag from /home/airflow/.local/lib/python3.7/site-packages/airflow/example_dags/tutorial_etl_dag.py
[2023-04-09 03:46:31,531] {processor.py:651} INFO - DAG(s) dict_keys(['tutorial_etl_dag']) retrieved from /home/airflow/.local/lib/python3.7/site-packages/airflow/example_dags/tutorial_etl_dag.py
[2023-04-09 03:46:31,553] {logging_mixin.py:115} INFO - [2023-04-09 03:46:31,553] {dag.py:2371} INFO - Sync 1 DAGs
[2023-04-09 03:46:31,564] {logging_mixin.py:115} INFO - [2023-04-09 03:46:31,564] {dag.py:2919} INFO - Setting next_dagrun for tutorial_etl_dag to None, run_after=None
[2023-04-09 03:46:31,570] {processor.py:161} INFO - Processing /home/airflow/.local/lib/python3.7/site-packages/airflow/example_dags/tutorial_etl_dag.py took 0.048 seconds
[2023-04-09 04:13:36,737] {processor.py:153} INFO - Started process (PID=52541) to work on /home/airflow/.local/lib/python3.7/site-packages/airflow/example_dags/tutorial_etl_dag.py
[2023-04-09 04:13:36,737] {processor.py:641} INFO - Processing file /home/airflow/.local/lib/python3.7/site-packages/airflow/example_dags/tutorial_etl_dag.py for tasks to queue
[2023-04-09 04:13:36,738] {logging_mixin.py:115} INFO - [2023-04-09 04:13:36,738] {dagbag.py:507} INFO - Filling up the DagBag from /home/airflow/.local/lib/python3.7/site-packages/airflow/example_dags/tutorial_etl_dag.py
[2023-04-09 04:13:36,742] {processor.py:651} INFO - DAG(s) dict_keys(['tutorial_etl_dag']) retrieved from /home/airflow/.local/lib/python3.7/site-packages/airflow/example_dags/tutorial_etl_dag.py
[2023-04-09 04:13:36,760] {logging_mixin.py:115} INFO - [2023-04-09 04:13:36,760] {dag.py:2371} INFO - Sync 1 DAGs
[2023-04-09 04:13:36,771] {logging_mixin.py:115} INFO - [2023-04-09 04:13:36,771] {dag.py:2919} INFO - Setting next_dagrun for tutorial_etl_dag to None, run_after=None
[2023-04-09 04:13:36,777] {processor.py:161} INFO - Processing /home/airflow/.local/lib/python3.7/site-packages/airflow/example_dags/tutorial_etl_dag.py took 0.043 seconds
[2023-04-09 04:30:54,781] {processor.py:153} INFO - Started process (PID=52594) to work on /home/airflow/.local/lib/python3.7/site-packages/airflow/example_dags/tutorial_etl_dag.py
[2023-04-09 04:30:54,781] {processor.py:641} INFO - Processing file /home/airflow/.local/lib/python3.7/site-packages/airflow/example_dags/tutorial_etl_dag.py for tasks to queue
[2023-04-09 04:30:54,782] {logging_mixin.py:115} INFO - [2023-04-09 04:30:54,782] {dagbag.py:507} INFO - Filling up the DagBag from /home/airflow/.local/lib/python3.7/site-packages/airflow/example_dags/tutorial_etl_dag.py
[2023-04-09 04:30:54,786] {processor.py:651} INFO - DAG(s) dict_keys(['tutorial_etl_dag']) retrieved from /home/airflow/.local/lib/python3.7/site-packages/airflow/example_dags/tutorial_etl_dag.py
[2023-04-09 04:30:54,804] {logging_mixin.py:115} INFO - [2023-04-09 04:30:54,804] {dag.py:2371} INFO - Sync 1 DAGs
[2023-04-09 04:30:54,816] {logging_mixin.py:115} INFO - [2023-04-09 04:30:54,816] {dag.py:2919} INFO - Setting next_dagrun for tutorial_etl_dag to None, run_after=None
[2023-04-09 04:30:54,821] {processor.py:161} INFO - Processing /home/airflow/.local/lib/python3.7/site-packages/airflow/example_dags/tutorial_etl_dag.py took 0.043 seconds
[2023-04-09 05:36:26,823] {processor.py:153} INFO - Started process (PID=52656) to work on /home/airflow/.local/lib/python3.7/site-packages/airflow/example_dags/tutorial_etl_dag.py
[2023-04-09 05:36:26,828] {processor.py:641} INFO - Processing file /home/airflow/.local/lib/python3.7/site-packages/airflow/example_dags/tutorial_etl_dag.py for tasks to queue
[2023-04-09 05:36:26,828] {logging_mixin.py:115} INFO - [2023-04-09 05:36:26,828] {dagbag.py:507} INFO - Filling up the DagBag from /home/airflow/.local/lib/python3.7/site-packages/airflow/example_dags/tutorial_etl_dag.py
[2023-04-09 05:36:26,841] {processor.py:651} INFO - DAG(s) dict_keys(['tutorial_etl_dag']) retrieved from /home/airflow/.local/lib/python3.7/site-packages/airflow/example_dags/tutorial_etl_dag.py
[2023-04-09 05:36:26,885] {logging_mixin.py:115} INFO - [2023-04-09 05:36:26,885] {dag.py:2371} INFO - Sync 1 DAGs
[2023-04-09 05:36:26,902] {logging_mixin.py:115} INFO - [2023-04-09 05:36:26,901] {dag.py:2919} INFO - Setting next_dagrun for tutorial_etl_dag to None, run_after=None
[2023-04-09 05:36:26,910] {processor.py:161} INFO - Processing /home/airflow/.local/lib/python3.7/site-packages/airflow/example_dags/tutorial_etl_dag.py took 0.092 seconds
[2023-04-09 06:43:10,490] {processor.py:153} INFO - Started process (PID=52718) to work on /home/airflow/.local/lib/python3.7/site-packages/airflow/example_dags/tutorial_etl_dag.py
[2023-04-09 06:43:10,491] {processor.py:641} INFO - Processing file /home/airflow/.local/lib/python3.7/site-packages/airflow/example_dags/tutorial_etl_dag.py for tasks to queue
[2023-04-09 06:43:10,491] {logging_mixin.py:115} INFO - [2023-04-09 06:43:10,491] {dagbag.py:507} INFO - Filling up the DagBag from /home/airflow/.local/lib/python3.7/site-packages/airflow/example_dags/tutorial_etl_dag.py
[2023-04-09 06:43:10,496] {processor.py:651} INFO - DAG(s) dict_keys(['tutorial_etl_dag']) retrieved from /home/airflow/.local/lib/python3.7/site-packages/airflow/example_dags/tutorial_etl_dag.py
[2023-04-09 06:43:10,515] {logging_mixin.py:115} INFO - [2023-04-09 06:43:10,515] {dag.py:2371} INFO - Sync 1 DAGs
[2023-04-09 06:43:10,529] {logging_mixin.py:115} INFO - [2023-04-09 06:43:10,529] {dag.py:2919} INFO - Setting next_dagrun for tutorial_etl_dag to None, run_after=None
[2023-04-09 06:43:10,535] {processor.py:161} INFO - Processing /home/airflow/.local/lib/python3.7/site-packages/airflow/example_dags/tutorial_etl_dag.py took 0.048 seconds
[2023-04-09 07:48:23,784] {processor.py:153} INFO - Started process (PID=52779) to work on /home/airflow/.local/lib/python3.7/site-packages/airflow/example_dags/tutorial_etl_dag.py
[2023-04-09 07:48:23,784] {processor.py:641} INFO - Processing file /home/airflow/.local/lib/python3.7/site-packages/airflow/example_dags/tutorial_etl_dag.py for tasks to queue
[2023-04-09 07:48:23,785] {logging_mixin.py:115} INFO - [2023-04-09 07:48:23,785] {dagbag.py:507} INFO - Filling up the DagBag from /home/airflow/.local/lib/python3.7/site-packages/airflow/example_dags/tutorial_etl_dag.py
[2023-04-09 07:48:23,789] {processor.py:651} INFO - DAG(s) dict_keys(['tutorial_etl_dag']) retrieved from /home/airflow/.local/lib/python3.7/site-packages/airflow/example_dags/tutorial_etl_dag.py
[2023-04-09 07:48:23,810] {logging_mixin.py:115} INFO - [2023-04-09 07:48:23,810] {dag.py:2371} INFO - Sync 1 DAGs
[2023-04-09 07:48:23,822] {logging_mixin.py:115} INFO - [2023-04-09 07:48:23,822] {dag.py:2919} INFO - Setting next_dagrun for tutorial_etl_dag to None, run_after=None
[2023-04-09 07:48:23,827] {processor.py:161} INFO - Processing /home/airflow/.local/lib/python3.7/site-packages/airflow/example_dags/tutorial_etl_dag.py took 0.046 seconds
[2023-04-09 09:12:37,476] {processor.py:153} INFO - Started process (PID=52841) to work on /home/airflow/.local/lib/python3.7/site-packages/airflow/example_dags/tutorial_etl_dag.py
[2023-04-09 09:12:37,477] {processor.py:641} INFO - Processing file /home/airflow/.local/lib/python3.7/site-packages/airflow/example_dags/tutorial_etl_dag.py for tasks to queue
[2023-04-09 09:12:37,477] {logging_mixin.py:115} INFO - [2023-04-09 09:12:37,477] {dagbag.py:507} INFO - Filling up the DagBag from /home/airflow/.local/lib/python3.7/site-packages/airflow/example_dags/tutorial_etl_dag.py
[2023-04-09 09:12:37,483] {processor.py:651} INFO - DAG(s) dict_keys(['tutorial_etl_dag']) retrieved from /home/airflow/.local/lib/python3.7/site-packages/airflow/example_dags/tutorial_etl_dag.py
[2023-04-09 09:12:37,501] {logging_mixin.py:115} INFO - [2023-04-09 09:12:37,501] {dag.py:2371} INFO - Sync 1 DAGs
[2023-04-09 09:12:37,513] {logging_mixin.py:115} INFO - [2023-04-09 09:12:37,513] {dag.py:2919} INFO - Setting next_dagrun for tutorial_etl_dag to None, run_after=None
[2023-04-09 09:12:37,519] {processor.py:161} INFO - Processing /home/airflow/.local/lib/python3.7/site-packages/airflow/example_dags/tutorial_etl_dag.py took 0.045 seconds
[2023-04-09 10:19:49,565] {processor.py:153} INFO - Started process (PID=52894) to work on /home/airflow/.local/lib/python3.7/site-packages/airflow/example_dags/tutorial_etl_dag.py
[2023-04-09 10:19:49,565] {processor.py:641} INFO - Processing file /home/airflow/.local/lib/python3.7/site-packages/airflow/example_dags/tutorial_etl_dag.py for tasks to queue
[2023-04-09 10:19:49,566] {logging_mixin.py:115} INFO - [2023-04-09 10:19:49,566] {dagbag.py:507} INFO - Filling up the DagBag from /home/airflow/.local/lib/python3.7/site-packages/airflow/example_dags/tutorial_etl_dag.py
[2023-04-09 10:19:49,570] {processor.py:651} INFO - DAG(s) dict_keys(['tutorial_etl_dag']) retrieved from /home/airflow/.local/lib/python3.7/site-packages/airflow/example_dags/tutorial_etl_dag.py
[2023-04-09 10:19:49,588] {logging_mixin.py:115} INFO - [2023-04-09 10:19:49,588] {dag.py:2371} INFO - Sync 1 DAGs
[2023-04-09 10:19:49,599] {logging_mixin.py:115} INFO - [2023-04-09 10:19:49,599] {dag.py:2919} INFO - Setting next_dagrun for tutorial_etl_dag to None, run_after=None
[2023-04-09 10:19:49,605] {processor.py:161} INFO - Processing /home/airflow/.local/lib/python3.7/site-packages/airflow/example_dags/tutorial_etl_dag.py took 0.043 seconds
[2023-04-09 11:28:15,498] {processor.py:153} INFO - Started process (PID=52956) to work on /home/airflow/.local/lib/python3.7/site-packages/airflow/example_dags/tutorial_etl_dag.py
[2023-04-09 11:28:15,499] {processor.py:641} INFO - Processing file /home/airflow/.local/lib/python3.7/site-packages/airflow/example_dags/tutorial_etl_dag.py for tasks to queue
[2023-04-09 11:28:15,499] {logging_mixin.py:115} INFO - [2023-04-09 11:28:15,499] {dagbag.py:507} INFO - Filling up the DagBag from /home/airflow/.local/lib/python3.7/site-packages/airflow/example_dags/tutorial_etl_dag.py
[2023-04-09 11:28:15,503] {processor.py:651} INFO - DAG(s) dict_keys(['tutorial_etl_dag']) retrieved from /home/airflow/.local/lib/python3.7/site-packages/airflow/example_dags/tutorial_etl_dag.py
[2023-04-09 11:28:15,521] {logging_mixin.py:115} INFO - [2023-04-09 11:28:15,521] {dag.py:2371} INFO - Sync 1 DAGs
[2023-04-09 11:28:15,532] {logging_mixin.py:115} INFO - [2023-04-09 11:28:15,532] {dag.py:2919} INFO - Setting next_dagrun for tutorial_etl_dag to None, run_after=None
[2023-04-09 11:28:15,537] {processor.py:161} INFO - Processing /home/airflow/.local/lib/python3.7/site-packages/airflow/example_dags/tutorial_etl_dag.py took 0.042 seconds
[2023-04-09 12:26:25,957] {processor.py:153} INFO - Started process (PID=53018) to work on /home/airflow/.local/lib/python3.7/site-packages/airflow/example_dags/tutorial_etl_dag.py
[2023-04-09 12:26:25,958] {processor.py:641} INFO - Processing file /home/airflow/.local/lib/python3.7/site-packages/airflow/example_dags/tutorial_etl_dag.py for tasks to queue
[2023-04-09 12:26:25,958] {logging_mixin.py:115} INFO - [2023-04-09 12:26:25,958] {dagbag.py:507} INFO - Filling up the DagBag from /home/airflow/.local/lib/python3.7/site-packages/airflow/example_dags/tutorial_etl_dag.py
[2023-04-09 12:26:25,963] {processor.py:651} INFO - DAG(s) dict_keys(['tutorial_etl_dag']) retrieved from /home/airflow/.local/lib/python3.7/site-packages/airflow/example_dags/tutorial_etl_dag.py
[2023-04-09 12:26:25,981] {logging_mixin.py:115} INFO - [2023-04-09 12:26:25,981] {dag.py:2371} INFO - Sync 1 DAGs
[2023-04-09 12:26:25,992] {logging_mixin.py:115} INFO - [2023-04-09 12:26:25,992] {dag.py:2919} INFO - Setting next_dagrun for tutorial_etl_dag to None, run_after=None
[2023-04-09 12:26:25,998] {processor.py:161} INFO - Processing /home/airflow/.local/lib/python3.7/site-packages/airflow/example_dags/tutorial_etl_dag.py took 0.043 seconds
[2023-04-09 12:26:56,475] {processor.py:153} INFO - Started process (PID=53078) to work on /home/airflow/.local/lib/python3.7/site-packages/airflow/example_dags/tutorial_etl_dag.py
[2023-04-09 12:26:56,475] {processor.py:641} INFO - Processing file /home/airflow/.local/lib/python3.7/site-packages/airflow/example_dags/tutorial_etl_dag.py for tasks to queue
[2023-04-09 12:26:56,476] {logging_mixin.py:115} INFO - [2023-04-09 12:26:56,476] {dagbag.py:507} INFO - Filling up the DagBag from /home/airflow/.local/lib/python3.7/site-packages/airflow/example_dags/tutorial_etl_dag.py
[2023-04-09 12:26:56,480] {processor.py:651} INFO - DAG(s) dict_keys(['tutorial_etl_dag']) retrieved from /home/airflow/.local/lib/python3.7/site-packages/airflow/example_dags/tutorial_etl_dag.py
[2023-04-09 12:26:56,498] {logging_mixin.py:115} INFO - [2023-04-09 12:26:56,498] {dag.py:2371} INFO - Sync 1 DAGs
[2023-04-09 12:26:56,509] {logging_mixin.py:115} INFO - [2023-04-09 12:26:56,509] {dag.py:2919} INFO - Setting next_dagrun for tutorial_etl_dag to None, run_after=None
[2023-04-09 12:26:56,515] {processor.py:161} INFO - Processing /home/airflow/.local/lib/python3.7/site-packages/airflow/example_dags/tutorial_etl_dag.py took 0.043 seconds
[2023-04-09 13:15:30,785] {processor.py:153} INFO - Started process (PID=53131) to work on /home/airflow/.local/lib/python3.7/site-packages/airflow/example_dags/tutorial_etl_dag.py
[2023-04-09 13:15:30,785] {processor.py:641} INFO - Processing file /home/airflow/.local/lib/python3.7/site-packages/airflow/example_dags/tutorial_etl_dag.py for tasks to queue
[2023-04-09 13:15:30,786] {logging_mixin.py:115} INFO - [2023-04-09 13:15:30,786] {dagbag.py:507} INFO - Filling up the DagBag from /home/airflow/.local/lib/python3.7/site-packages/airflow/example_dags/tutorial_etl_dag.py
[2023-04-09 13:15:30,791] {processor.py:651} INFO - DAG(s) dict_keys(['tutorial_etl_dag']) retrieved from /home/airflow/.local/lib/python3.7/site-packages/airflow/example_dags/tutorial_etl_dag.py
[2023-04-09 13:15:30,810] {logging_mixin.py:115} INFO - [2023-04-09 13:15:30,810] {dag.py:2371} INFO - Sync 1 DAGs
[2023-04-09 13:15:30,821] {logging_mixin.py:115} INFO - [2023-04-09 13:15:30,821] {dag.py:2919} INFO - Setting next_dagrun for tutorial_etl_dag to None, run_after=None
[2023-04-09 13:15:30,827] {processor.py:161} INFO - Processing /home/airflow/.local/lib/python3.7/site-packages/airflow/example_dags/tutorial_etl_dag.py took 0.045 seconds
[2023-04-09 14:38:32,492] {processor.py:153} INFO - Started process (PID=53193) to work on /home/airflow/.local/lib/python3.7/site-packages/airflow/example_dags/tutorial_etl_dag.py
[2023-04-09 14:38:32,492] {processor.py:641} INFO - Processing file /home/airflow/.local/lib/python3.7/site-packages/airflow/example_dags/tutorial_etl_dag.py for tasks to queue
[2023-04-09 14:38:32,493] {logging_mixin.py:115} INFO - [2023-04-09 14:38:32,493] {dagbag.py:507} INFO - Filling up the DagBag from /home/airflow/.local/lib/python3.7/site-packages/airflow/example_dags/tutorial_etl_dag.py
[2023-04-09 14:38:32,497] {processor.py:651} INFO - DAG(s) dict_keys(['tutorial_etl_dag']) retrieved from /home/airflow/.local/lib/python3.7/site-packages/airflow/example_dags/tutorial_etl_dag.py
[2023-04-09 14:38:32,514] {logging_mixin.py:115} INFO - [2023-04-09 14:38:32,514] {dag.py:2371} INFO - Sync 1 DAGs
[2023-04-09 14:38:32,525] {logging_mixin.py:115} INFO - [2023-04-09 14:38:32,525] {dag.py:2919} INFO - Setting next_dagrun for tutorial_etl_dag to None, run_after=None
[2023-04-09 14:38:32,530] {processor.py:161} INFO - Processing /home/airflow/.local/lib/python3.7/site-packages/airflow/example_dags/tutorial_etl_dag.py took 0.041 seconds
[2023-04-09 15:42:41,610] {processor.py:153} INFO - Started process (PID=53256) to work on /home/airflow/.local/lib/python3.7/site-packages/airflow/example_dags/tutorial_etl_dag.py
[2023-04-09 15:42:41,611] {processor.py:641} INFO - Processing file /home/airflow/.local/lib/python3.7/site-packages/airflow/example_dags/tutorial_etl_dag.py for tasks to queue
[2023-04-09 15:42:41,612] {logging_mixin.py:115} INFO - [2023-04-09 15:42:41,612] {dagbag.py:507} INFO - Filling up the DagBag from /home/airflow/.local/lib/python3.7/site-packages/airflow/example_dags/tutorial_etl_dag.py
[2023-04-09 15:42:41,616] {processor.py:651} INFO - DAG(s) dict_keys(['tutorial_etl_dag']) retrieved from /home/airflow/.local/lib/python3.7/site-packages/airflow/example_dags/tutorial_etl_dag.py
[2023-04-09 15:42:41,634] {logging_mixin.py:115} INFO - [2023-04-09 15:42:41,634] {dag.py:2371} INFO - Sync 1 DAGs
[2023-04-09 15:42:41,646] {logging_mixin.py:115} INFO - [2023-04-09 15:42:41,646] {dag.py:2919} INFO - Setting next_dagrun for tutorial_etl_dag to None, run_after=None
[2023-04-09 15:42:41,651] {processor.py:161} INFO - Processing /home/airflow/.local/lib/python3.7/site-packages/airflow/example_dags/tutorial_etl_dag.py took 0.043 seconds
[2023-04-09 16:47:06,090] {processor.py:153} INFO - Started process (PID=53317) to work on /home/airflow/.local/lib/python3.7/site-packages/airflow/example_dags/tutorial_etl_dag.py
[2023-04-09 16:47:06,091] {processor.py:641} INFO - Processing file /home/airflow/.local/lib/python3.7/site-packages/airflow/example_dags/tutorial_etl_dag.py for tasks to queue
[2023-04-09 16:47:06,091] {logging_mixin.py:115} INFO - [2023-04-09 16:47:06,091] {dagbag.py:507} INFO - Filling up the DagBag from /home/airflow/.local/lib/python3.7/site-packages/airflow/example_dags/tutorial_etl_dag.py
[2023-04-09 16:47:06,096] {processor.py:651} INFO - DAG(s) dict_keys(['tutorial_etl_dag']) retrieved from /home/airflow/.local/lib/python3.7/site-packages/airflow/example_dags/tutorial_etl_dag.py
[2023-04-09 16:47:06,114] {logging_mixin.py:115} INFO - [2023-04-09 16:47:06,114] {dag.py:2371} INFO - Sync 1 DAGs
[2023-04-09 16:47:06,125] {logging_mixin.py:115} INFO - [2023-04-09 16:47:06,125] {dag.py:2919} INFO - Setting next_dagrun for tutorial_etl_dag to None, run_after=None
[2023-04-09 16:47:06,130] {processor.py:161} INFO - Processing /home/airflow/.local/lib/python3.7/site-packages/airflow/example_dags/tutorial_etl_dag.py took 0.043 seconds
[2023-04-09 18:07:29,196] {processor.py:153} INFO - Started process (PID=53380) to work on /home/airflow/.local/lib/python3.7/site-packages/airflow/example_dags/tutorial_etl_dag.py
[2023-04-09 18:07:29,197] {processor.py:641} INFO - Processing file /home/airflow/.local/lib/python3.7/site-packages/airflow/example_dags/tutorial_etl_dag.py for tasks to queue
[2023-04-09 18:07:29,197] {logging_mixin.py:115} INFO - [2023-04-09 18:07:29,197] {dagbag.py:507} INFO - Filling up the DagBag from /home/airflow/.local/lib/python3.7/site-packages/airflow/example_dags/tutorial_etl_dag.py
[2023-04-09 18:07:29,202] {processor.py:651} INFO - DAG(s) dict_keys(['tutorial_etl_dag']) retrieved from /home/airflow/.local/lib/python3.7/site-packages/airflow/example_dags/tutorial_etl_dag.py
[2023-04-09 18:07:29,219] {logging_mixin.py:115} INFO - [2023-04-09 18:07:29,218] {dag.py:2371} INFO - Sync 1 DAGs
[2023-04-09 18:07:29,229] {logging_mixin.py:115} INFO - [2023-04-09 18:07:29,229] {dag.py:2919} INFO - Setting next_dagrun for tutorial_etl_dag to None, run_after=None
[2023-04-09 18:07:29,235] {processor.py:161} INFO - Processing /home/airflow/.local/lib/python3.7/site-packages/airflow/example_dags/tutorial_etl_dag.py took 0.041 seconds
[2023-04-09 19:15:09,683] {processor.py:153} INFO - Started process (PID=53433) to work on /home/airflow/.local/lib/python3.7/site-packages/airflow/example_dags/tutorial_etl_dag.py
[2023-04-09 19:15:09,684] {processor.py:641} INFO - Processing file /home/airflow/.local/lib/python3.7/site-packages/airflow/example_dags/tutorial_etl_dag.py for tasks to queue
[2023-04-09 19:15:09,684] {logging_mixin.py:115} INFO - [2023-04-09 19:15:09,684] {dagbag.py:507} INFO - Filling up the DagBag from /home/airflow/.local/lib/python3.7/site-packages/airflow/example_dags/tutorial_etl_dag.py
[2023-04-09 19:15:09,689] {processor.py:651} INFO - DAG(s) dict_keys(['tutorial_etl_dag']) retrieved from /home/airflow/.local/lib/python3.7/site-packages/airflow/example_dags/tutorial_etl_dag.py
[2023-04-09 19:15:09,707] {logging_mixin.py:115} INFO - [2023-04-09 19:15:09,707] {dag.py:2371} INFO - Sync 1 DAGs
[2023-04-09 19:15:09,717] {logging_mixin.py:115} INFO - [2023-04-09 19:15:09,717] {dag.py:2919} INFO - Setting next_dagrun for tutorial_etl_dag to None, run_after=None
[2023-04-09 19:15:09,723] {processor.py:161} INFO - Processing /home/airflow/.local/lib/python3.7/site-packages/airflow/example_dags/tutorial_etl_dag.py took 0.042 seconds
[2023-04-09 19:35:33,415] {processor.py:153} INFO - Started process (PID=53496) to work on /home/airflow/.local/lib/python3.7/site-packages/airflow/example_dags/tutorial_etl_dag.py
[2023-04-09 19:35:33,416] {processor.py:641} INFO - Processing file /home/airflow/.local/lib/python3.7/site-packages/airflow/example_dags/tutorial_etl_dag.py for tasks to queue
[2023-04-09 19:35:33,416] {logging_mixin.py:115} INFO - [2023-04-09 19:35:33,416] {dagbag.py:507} INFO - Filling up the DagBag from /home/airflow/.local/lib/python3.7/site-packages/airflow/example_dags/tutorial_etl_dag.py
[2023-04-09 19:35:33,421] {processor.py:651} INFO - DAG(s) dict_keys(['tutorial_etl_dag']) retrieved from /home/airflow/.local/lib/python3.7/site-packages/airflow/example_dags/tutorial_etl_dag.py
[2023-04-09 19:35:33,438] {logging_mixin.py:115} INFO - [2023-04-09 19:35:33,438] {dag.py:2371} INFO - Sync 1 DAGs
[2023-04-09 19:35:33,449] {logging_mixin.py:115} INFO - [2023-04-09 19:35:33,448] {dag.py:2919} INFO - Setting next_dagrun for tutorial_etl_dag to None, run_after=None
[2023-04-09 19:35:33,454] {processor.py:161} INFO - Processing /home/airflow/.local/lib/python3.7/site-packages/airflow/example_dags/tutorial_etl_dag.py took 0.041 seconds
[2023-04-09 19:52:00,554] {processor.py:153} INFO - Started process (PID=53558) to work on /home/airflow/.local/lib/python3.7/site-packages/airflow/example_dags/tutorial_etl_dag.py
[2023-04-09 19:52:00,557] {processor.py:641} INFO - Processing file /home/airflow/.local/lib/python3.7/site-packages/airflow/example_dags/tutorial_etl_dag.py for tasks to queue
[2023-04-09 19:52:00,558] {logging_mixin.py:115} INFO - [2023-04-09 19:52:00,558] {dagbag.py:507} INFO - Filling up the DagBag from /home/airflow/.local/lib/python3.7/site-packages/airflow/example_dags/tutorial_etl_dag.py
[2023-04-09 19:52:00,562] {processor.py:651} INFO - DAG(s) dict_keys(['tutorial_etl_dag']) retrieved from /home/airflow/.local/lib/python3.7/site-packages/airflow/example_dags/tutorial_etl_dag.py
[2023-04-09 19:52:00,580] {logging_mixin.py:115} INFO - [2023-04-09 19:52:00,580] {dag.py:2371} INFO - Sync 1 DAGs
[2023-04-09 19:52:00,591] {logging_mixin.py:115} INFO - [2023-04-09 19:52:00,591] {dag.py:2919} INFO - Setting next_dagrun for tutorial_etl_dag to None, run_after=None
[2023-04-09 19:52:00,597] {processor.py:161} INFO - Processing /home/airflow/.local/lib/python3.7/site-packages/airflow/example_dags/tutorial_etl_dag.py took 0.045 seconds
[2023-04-09 20:39:30,919] {processor.py:153} INFO - Started process (PID=53619) to work on /home/airflow/.local/lib/python3.7/site-packages/airflow/example_dags/tutorial_etl_dag.py
[2023-04-09 20:39:30,920] {processor.py:641} INFO - Processing file /home/airflow/.local/lib/python3.7/site-packages/airflow/example_dags/tutorial_etl_dag.py for tasks to queue
[2023-04-09 20:39:30,920] {logging_mixin.py:115} INFO - [2023-04-09 20:39:30,920] {dagbag.py:507} INFO - Filling up the DagBag from /home/airflow/.local/lib/python3.7/site-packages/airflow/example_dags/tutorial_etl_dag.py
[2023-04-09 20:39:30,925] {processor.py:651} INFO - DAG(s) dict_keys(['tutorial_etl_dag']) retrieved from /home/airflow/.local/lib/python3.7/site-packages/airflow/example_dags/tutorial_etl_dag.py
[2023-04-09 20:39:30,947] {logging_mixin.py:115} INFO - [2023-04-09 20:39:30,947] {dag.py:2371} INFO - Sync 1 DAGs
[2023-04-09 20:39:30,960] {logging_mixin.py:115} INFO - [2023-04-09 20:39:30,960] {dag.py:2919} INFO - Setting next_dagrun for tutorial_etl_dag to None, run_after=None
[2023-04-09 20:39:30,965] {processor.py:161} INFO - Processing /home/airflow/.local/lib/python3.7/site-packages/airflow/example_dags/tutorial_etl_dag.py took 0.048 seconds
[2023-04-09 20:40:01,367] {processor.py:153} INFO - Started process (PID=53679) to work on /home/airflow/.local/lib/python3.7/site-packages/airflow/example_dags/tutorial_etl_dag.py
[2023-04-09 20:40:01,367] {processor.py:641} INFO - Processing file /home/airflow/.local/lib/python3.7/site-packages/airflow/example_dags/tutorial_etl_dag.py for tasks to queue
[2023-04-09 20:40:01,368] {logging_mixin.py:115} INFO - [2023-04-09 20:40:01,368] {dagbag.py:507} INFO - Filling up the DagBag from /home/airflow/.local/lib/python3.7/site-packages/airflow/example_dags/tutorial_etl_dag.py
[2023-04-09 20:40:01,372] {processor.py:651} INFO - DAG(s) dict_keys(['tutorial_etl_dag']) retrieved from /home/airflow/.local/lib/python3.7/site-packages/airflow/example_dags/tutorial_etl_dag.py
[2023-04-09 20:40:01,389] {logging_mixin.py:115} INFO - [2023-04-09 20:40:01,389] {dag.py:2371} INFO - Sync 1 DAGs
[2023-04-09 20:40:01,399] {logging_mixin.py:115} INFO - [2023-04-09 20:40:01,399] {dag.py:2919} INFO - Setting next_dagrun for tutorial_etl_dag to None, run_after=None
[2023-04-09 20:40:01,405] {processor.py:161} INFO - Processing /home/airflow/.local/lib/python3.7/site-packages/airflow/example_dags/tutorial_etl_dag.py took 0.041 seconds
[2023-04-09 21:48:51,198] {processor.py:153} INFO - Started process (PID=53733) to work on /home/airflow/.local/lib/python3.7/site-packages/airflow/example_dags/tutorial_etl_dag.py
[2023-04-09 21:48:51,199] {processor.py:641} INFO - Processing file /home/airflow/.local/lib/python3.7/site-packages/airflow/example_dags/tutorial_etl_dag.py for tasks to queue
[2023-04-09 21:48:51,199] {logging_mixin.py:115} INFO - [2023-04-09 21:48:51,199] {dagbag.py:507} INFO - Filling up the DagBag from /home/airflow/.local/lib/python3.7/site-packages/airflow/example_dags/tutorial_etl_dag.py
[2023-04-09 21:48:51,204] {processor.py:651} INFO - DAG(s) dict_keys(['tutorial_etl_dag']) retrieved from /home/airflow/.local/lib/python3.7/site-packages/airflow/example_dags/tutorial_etl_dag.py
[2023-04-09 21:48:51,220] {logging_mixin.py:115} INFO - [2023-04-09 21:48:51,220] {dag.py:2371} INFO - Sync 1 DAGs
[2023-04-09 21:48:51,231] {logging_mixin.py:115} INFO - [2023-04-09 21:48:51,231] {dag.py:2919} INFO - Setting next_dagrun for tutorial_etl_dag to None, run_after=None
[2023-04-09 21:48:51,237] {processor.py:161} INFO - Processing /home/airflow/.local/lib/python3.7/site-packages/airflow/example_dags/tutorial_etl_dag.py took 0.041 seconds
[2023-04-09 22:37:32,184] {processor.py:153} INFO - Started process (PID=53795) to work on /home/airflow/.local/lib/python3.7/site-packages/airflow/example_dags/tutorial_etl_dag.py
[2023-04-09 22:37:32,184] {processor.py:641} INFO - Processing file /home/airflow/.local/lib/python3.7/site-packages/airflow/example_dags/tutorial_etl_dag.py for tasks to queue
[2023-04-09 22:37:32,185] {logging_mixin.py:115} INFO - [2023-04-09 22:37:32,185] {dagbag.py:507} INFO - Filling up the DagBag from /home/airflow/.local/lib/python3.7/site-packages/airflow/example_dags/tutorial_etl_dag.py
[2023-04-09 22:37:32,189] {processor.py:651} INFO - DAG(s) dict_keys(['tutorial_etl_dag']) retrieved from /home/airflow/.local/lib/python3.7/site-packages/airflow/example_dags/tutorial_etl_dag.py
[2023-04-09 22:37:32,207] {logging_mixin.py:115} INFO - [2023-04-09 22:37:32,207] {dag.py:2371} INFO - Sync 1 DAGs
[2023-04-09 22:37:32,218] {logging_mixin.py:115} INFO - [2023-04-09 22:37:32,218] {dag.py:2919} INFO - Setting next_dagrun for tutorial_etl_dag to None, run_after=None
[2023-04-09 22:37:32,223] {processor.py:161} INFO - Processing /home/airflow/.local/lib/python3.7/site-packages/airflow/example_dags/tutorial_etl_dag.py took 0.042 seconds
[2023-04-09 23:42:57,902] {processor.py:153} INFO - Started process (PID=53857) to work on /home/airflow/.local/lib/python3.7/site-packages/airflow/example_dags/tutorial_etl_dag.py
[2023-04-09 23:42:57,903] {processor.py:641} INFO - Processing file /home/airflow/.local/lib/python3.7/site-packages/airflow/example_dags/tutorial_etl_dag.py for tasks to queue
[2023-04-09 23:42:57,903] {logging_mixin.py:115} INFO - [2023-04-09 23:42:57,903] {dagbag.py:507} INFO - Filling up the DagBag from /home/airflow/.local/lib/python3.7/site-packages/airflow/example_dags/tutorial_etl_dag.py
[2023-04-09 23:42:57,908] {processor.py:651} INFO - DAG(s) dict_keys(['tutorial_etl_dag']) retrieved from /home/airflow/.local/lib/python3.7/site-packages/airflow/example_dags/tutorial_etl_dag.py
[2023-04-09 23:42:57,924] {logging_mixin.py:115} INFO - [2023-04-09 23:42:57,924] {dag.py:2371} INFO - Sync 1 DAGs
[2023-04-09 23:42:57,936] {logging_mixin.py:115} INFO - [2023-04-09 23:42:57,936] {dag.py:2919} INFO - Setting next_dagrun for tutorial_etl_dag to None, run_after=None
[2023-04-09 23:42:57,942] {processor.py:161} INFO - Processing /home/airflow/.local/lib/python3.7/site-packages/airflow/example_dags/tutorial_etl_dag.py took 0.042 seconds
