[2023-04-08 00:00:28,099] {processor.py:153} INFO - Started process (PID=50736) to work on /home/airflow/.local/lib/python3.7/site-packages/airflow/example_dags/example_latest_only_with_trigger.py
[2023-04-08 00:00:28,099] {processor.py:641} INFO - Processing file /home/airflow/.local/lib/python3.7/site-packages/airflow/example_dags/example_latest_only_with_trigger.py for tasks to queue
[2023-04-08 00:00:28,100] {logging_mixin.py:115} INFO - [2023-04-08 00:00:28,100] {dagbag.py:507} INFO - Filling up the DagBag from /home/airflow/.local/lib/python3.7/site-packages/airflow/example_dags/example_latest_only_with_trigger.py
[2023-04-08 00:00:28,104] {processor.py:651} INFO - DAG(s) dict_keys(['latest_only_with_trigger']) retrieved from /home/airflow/.local/lib/python3.7/site-packages/airflow/example_dags/example_latest_only_with_trigger.py
[2023-04-08 00:00:28,124] {logging_mixin.py:115} INFO - [2023-04-08 00:00:28,124] {dag.py:2371} INFO - Sync 1 DAGs
[2023-04-08 00:00:28,135] {logging_mixin.py:115} INFO - [2023-04-08 00:00:28,135] {dag.py:2919} INFO - Setting next_dagrun for latest_only_with_trigger to 2023-04-07T20:00:28.135614+00:00, run_after=2023-04-08T00:00:28.135614+00:00
[2023-04-08 00:00:28,141] {processor.py:161} INFO - Processing /home/airflow/.local/lib/python3.7/site-packages/airflow/example_dags/example_latest_only_with_trigger.py took 0.045 seconds
[2023-04-08 01:09:13,479] {processor.py:153} INFO - Started process (PID=50797) to work on /home/airflow/.local/lib/python3.7/site-packages/airflow/example_dags/example_latest_only_with_trigger.py
[2023-04-08 01:09:13,482] {processor.py:641} INFO - Processing file /home/airflow/.local/lib/python3.7/site-packages/airflow/example_dags/example_latest_only_with_trigger.py for tasks to queue
[2023-04-08 01:09:13,482] {logging_mixin.py:115} INFO - [2023-04-08 01:09:13,482] {dagbag.py:507} INFO - Filling up the DagBag from /home/airflow/.local/lib/python3.7/site-packages/airflow/example_dags/example_latest_only_with_trigger.py
[2023-04-08 01:09:13,487] {processor.py:651} INFO - DAG(s) dict_keys(['latest_only_with_trigger']) retrieved from /home/airflow/.local/lib/python3.7/site-packages/airflow/example_dags/example_latest_only_with_trigger.py
[2023-04-08 01:09:13,536] {logging_mixin.py:115} INFO - [2023-04-08 01:09:13,536] {dag.py:2371} INFO - Sync 1 DAGs
[2023-04-08 01:09:13,562] {logging_mixin.py:115} INFO - [2023-04-08 01:09:13,562] {dag.py:2919} INFO - Setting next_dagrun for latest_only_with_trigger to 2023-04-07T21:09:13.562225+00:00, run_after=2023-04-08T01:09:13.562225+00:00
[2023-04-08 01:09:13,578] {processor.py:161} INFO - Processing /home/airflow/.local/lib/python3.7/site-packages/airflow/example_dags/example_latest_only_with_trigger.py took 0.102 seconds
[2023-04-08 02:16:03,788] {processor.py:153} INFO - Started process (PID=50851) to work on /home/airflow/.local/lib/python3.7/site-packages/airflow/example_dags/example_latest_only_with_trigger.py
[2023-04-08 02:16:03,789] {processor.py:641} INFO - Processing file /home/airflow/.local/lib/python3.7/site-packages/airflow/example_dags/example_latest_only_with_trigger.py for tasks to queue
[2023-04-08 02:16:03,789] {logging_mixin.py:115} INFO - [2023-04-08 02:16:03,789] {dagbag.py:507} INFO - Filling up the DagBag from /home/airflow/.local/lib/python3.7/site-packages/airflow/example_dags/example_latest_only_with_trigger.py
[2023-04-08 02:16:03,793] {processor.py:651} INFO - DAG(s) dict_keys(['latest_only_with_trigger']) retrieved from /home/airflow/.local/lib/python3.7/site-packages/airflow/example_dags/example_latest_only_with_trigger.py
[2023-04-08 02:16:03,811] {logging_mixin.py:115} INFO - [2023-04-08 02:16:03,811] {dag.py:2371} INFO - Sync 1 DAGs
[2023-04-08 02:16:03,822] {logging_mixin.py:115} INFO - [2023-04-08 02:16:03,822] {dag.py:2919} INFO - Setting next_dagrun for latest_only_with_trigger to 2023-04-07T22:16:03.822500+00:00, run_after=2023-04-08T02:16:03.822500+00:00
[2023-04-08 02:16:03,828] {processor.py:161} INFO - Processing /home/airflow/.local/lib/python3.7/site-packages/airflow/example_dags/example_latest_only_with_trigger.py took 0.042 seconds
[2023-04-08 03:21:45,227] {processor.py:153} INFO - Started process (PID=50913) to work on /home/airflow/.local/lib/python3.7/site-packages/airflow/example_dags/example_latest_only_with_trigger.py
[2023-04-08 03:21:45,228] {processor.py:641} INFO - Processing file /home/airflow/.local/lib/python3.7/site-packages/airflow/example_dags/example_latest_only_with_trigger.py for tasks to queue
[2023-04-08 03:21:45,228] {logging_mixin.py:115} INFO - [2023-04-08 03:21:45,228] {dagbag.py:507} INFO - Filling up the DagBag from /home/airflow/.local/lib/python3.7/site-packages/airflow/example_dags/example_latest_only_with_trigger.py
[2023-04-08 03:21:45,232] {processor.py:651} INFO - DAG(s) dict_keys(['latest_only_with_trigger']) retrieved from /home/airflow/.local/lib/python3.7/site-packages/airflow/example_dags/example_latest_only_with_trigger.py
[2023-04-08 03:21:45,253] {logging_mixin.py:115} INFO - [2023-04-08 03:21:45,253] {dag.py:2371} INFO - Sync 1 DAGs
[2023-04-08 03:21:45,265] {logging_mixin.py:115} INFO - [2023-04-08 03:21:45,265] {dag.py:2919} INFO - Setting next_dagrun for latest_only_with_trigger to 2023-04-07T23:21:45.265360+00:00, run_after=2023-04-08T03:21:45.265360+00:00
[2023-04-08 03:21:45,276] {processor.py:161} INFO - Processing /home/airflow/.local/lib/python3.7/site-packages/airflow/example_dags/example_latest_only_with_trigger.py took 0.052 seconds
[2023-04-08 03:34:48,140] {processor.py:153} INFO - Started process (PID=50974) to work on /home/airflow/.local/lib/python3.7/site-packages/airflow/example_dags/example_latest_only_with_trigger.py
[2023-04-08 03:34:48,140] {processor.py:641} INFO - Processing file /home/airflow/.local/lib/python3.7/site-packages/airflow/example_dags/example_latest_only_with_trigger.py for tasks to queue
[2023-04-08 03:34:48,141] {logging_mixin.py:115} INFO - [2023-04-08 03:34:48,141] {dagbag.py:507} INFO - Filling up the DagBag from /home/airflow/.local/lib/python3.7/site-packages/airflow/example_dags/example_latest_only_with_trigger.py
[2023-04-08 03:34:48,144] {processor.py:651} INFO - DAG(s) dict_keys(['latest_only_with_trigger']) retrieved from /home/airflow/.local/lib/python3.7/site-packages/airflow/example_dags/example_latest_only_with_trigger.py
[2023-04-08 03:34:48,162] {logging_mixin.py:115} INFO - [2023-04-08 03:34:48,162] {dag.py:2371} INFO - Sync 1 DAGs
[2023-04-08 03:34:48,173] {logging_mixin.py:115} INFO - [2023-04-08 03:34:48,173] {dag.py:2919} INFO - Setting next_dagrun for latest_only_with_trigger to 2023-04-07T23:34:48.173295+00:00, run_after=2023-04-08T03:34:48.173295+00:00
[2023-04-08 03:34:48,179] {processor.py:161} INFO - Processing /home/airflow/.local/lib/python3.7/site-packages/airflow/example_dags/example_latest_only_with_trigger.py took 0.042 seconds
[2023-04-08 04:06:58,548] {processor.py:153} INFO - Started process (PID=51036) to work on /home/airflow/.local/lib/python3.7/site-packages/airflow/example_dags/example_latest_only_with_trigger.py
[2023-04-08 04:06:58,548] {processor.py:641} INFO - Processing file /home/airflow/.local/lib/python3.7/site-packages/airflow/example_dags/example_latest_only_with_trigger.py for tasks to queue
[2023-04-08 04:06:58,549] {logging_mixin.py:115} INFO - [2023-04-08 04:06:58,549] {dagbag.py:507} INFO - Filling up the DagBag from /home/airflow/.local/lib/python3.7/site-packages/airflow/example_dags/example_latest_only_with_trigger.py
[2023-04-08 04:06:58,552] {processor.py:651} INFO - DAG(s) dict_keys(['latest_only_with_trigger']) retrieved from /home/airflow/.local/lib/python3.7/site-packages/airflow/example_dags/example_latest_only_with_trigger.py
[2023-04-08 04:06:58,569] {logging_mixin.py:115} INFO - [2023-04-08 04:06:58,569] {dag.py:2371} INFO - Sync 1 DAGs
[2023-04-08 04:06:58,580] {logging_mixin.py:115} INFO - [2023-04-08 04:06:58,580] {dag.py:2919} INFO - Setting next_dagrun for latest_only_with_trigger to 2023-04-08T00:06:58.579954+00:00, run_after=2023-04-08T04:06:58.579954+00:00
[2023-04-08 04:06:58,585] {processor.py:161} INFO - Processing /home/airflow/.local/lib/python3.7/site-packages/airflow/example_dags/example_latest_only_with_trigger.py took 0.040 seconds
[2023-04-08 05:27:57,919] {processor.py:153} INFO - Started process (PID=51099) to work on /home/airflow/.local/lib/python3.7/site-packages/airflow/example_dags/example_latest_only_with_trigger.py
[2023-04-08 05:27:57,920] {processor.py:641} INFO - Processing file /home/airflow/.local/lib/python3.7/site-packages/airflow/example_dags/example_latest_only_with_trigger.py for tasks to queue
[2023-04-08 05:27:57,920] {logging_mixin.py:115} INFO - [2023-04-08 05:27:57,920] {dagbag.py:507} INFO - Filling up the DagBag from /home/airflow/.local/lib/python3.7/site-packages/airflow/example_dags/example_latest_only_with_trigger.py
[2023-04-08 05:27:57,924] {processor.py:651} INFO - DAG(s) dict_keys(['latest_only_with_trigger']) retrieved from /home/airflow/.local/lib/python3.7/site-packages/airflow/example_dags/example_latest_only_with_trigger.py
[2023-04-08 05:27:57,942] {logging_mixin.py:115} INFO - [2023-04-08 05:27:57,942] {dag.py:2371} INFO - Sync 1 DAGs
[2023-04-08 05:27:57,953] {logging_mixin.py:115} INFO - [2023-04-08 05:27:57,953] {dag.py:2919} INFO - Setting next_dagrun for latest_only_with_trigger to 2023-04-08T01:27:57.953657+00:00, run_after=2023-04-08T05:27:57.953657+00:00
[2023-04-08 05:27:57,959] {processor.py:161} INFO - Processing /home/airflow/.local/lib/python3.7/site-packages/airflow/example_dags/example_latest_only_with_trigger.py took 0.042 seconds
[2023-04-08 06:37:05,158] {processor.py:153} INFO - Started process (PID=51152) to work on /home/airflow/.local/lib/python3.7/site-packages/airflow/example_dags/example_latest_only_with_trigger.py
[2023-04-08 06:37:05,158] {processor.py:641} INFO - Processing file /home/airflow/.local/lib/python3.7/site-packages/airflow/example_dags/example_latest_only_with_trigger.py for tasks to queue
[2023-04-08 06:37:05,159] {logging_mixin.py:115} INFO - [2023-04-08 06:37:05,159] {dagbag.py:507} INFO - Filling up the DagBag from /home/airflow/.local/lib/python3.7/site-packages/airflow/example_dags/example_latest_only_with_trigger.py
[2023-04-08 06:37:05,162] {processor.py:651} INFO - DAG(s) dict_keys(['latest_only_with_trigger']) retrieved from /home/airflow/.local/lib/python3.7/site-packages/airflow/example_dags/example_latest_only_with_trigger.py
[2023-04-08 06:37:05,180] {logging_mixin.py:115} INFO - [2023-04-08 06:37:05,180] {dag.py:2371} INFO - Sync 1 DAGs
[2023-04-08 06:37:05,191] {logging_mixin.py:115} INFO - [2023-04-08 06:37:05,191] {dag.py:2919} INFO - Setting next_dagrun for latest_only_with_trigger to 2023-04-08T02:37:05.191429+00:00, run_after=2023-04-08T06:37:05.191429+00:00
[2023-04-08 06:37:05,197] {processor.py:161} INFO - Processing /home/airflow/.local/lib/python3.7/site-packages/airflow/example_dags/example_latest_only_with_trigger.py took 0.042 seconds
[2023-04-08 07:39:09,391] {processor.py:153} INFO - Started process (PID=51213) to work on /home/airflow/.local/lib/python3.7/site-packages/airflow/example_dags/example_latest_only_with_trigger.py
[2023-04-08 07:39:09,392] {processor.py:641} INFO - Processing file /home/airflow/.local/lib/python3.7/site-packages/airflow/example_dags/example_latest_only_with_trigger.py for tasks to queue
[2023-04-08 07:39:09,393] {logging_mixin.py:115} INFO - [2023-04-08 07:39:09,393] {dagbag.py:507} INFO - Filling up the DagBag from /home/airflow/.local/lib/python3.7/site-packages/airflow/example_dags/example_latest_only_with_trigger.py
[2023-04-08 07:39:09,396] {processor.py:651} INFO - DAG(s) dict_keys(['latest_only_with_trigger']) retrieved from /home/airflow/.local/lib/python3.7/site-packages/airflow/example_dags/example_latest_only_with_trigger.py
[2023-04-08 07:39:09,414] {logging_mixin.py:115} INFO - [2023-04-08 07:39:09,414] {dag.py:2371} INFO - Sync 1 DAGs
[2023-04-08 07:39:09,425] {logging_mixin.py:115} INFO - [2023-04-08 07:39:09,425] {dag.py:2919} INFO - Setting next_dagrun for latest_only_with_trigger to 2023-04-08T03:39:09.424928+00:00, run_after=2023-04-08T07:39:09.424928+00:00
[2023-04-08 07:39:09,430] {processor.py:161} INFO - Processing /home/airflow/.local/lib/python3.7/site-packages/airflow/example_dags/example_latest_only_with_trigger.py took 0.041 seconds
[2023-04-08 09:01:42,628] {processor.py:153} INFO - Started process (PID=51275) to work on /home/airflow/.local/lib/python3.7/site-packages/airflow/example_dags/example_latest_only_with_trigger.py
[2023-04-08 09:01:42,628] {processor.py:641} INFO - Processing file /home/airflow/.local/lib/python3.7/site-packages/airflow/example_dags/example_latest_only_with_trigger.py for tasks to queue
[2023-04-08 09:01:42,629] {logging_mixin.py:115} INFO - [2023-04-08 09:01:42,629] {dagbag.py:507} INFO - Filling up the DagBag from /home/airflow/.local/lib/python3.7/site-packages/airflow/example_dags/example_latest_only_with_trigger.py
[2023-04-08 09:01:42,632] {processor.py:651} INFO - DAG(s) dict_keys(['latest_only_with_trigger']) retrieved from /home/airflow/.local/lib/python3.7/site-packages/airflow/example_dags/example_latest_only_with_trigger.py
[2023-04-08 09:01:42,651] {logging_mixin.py:115} INFO - [2023-04-08 09:01:42,651] {dag.py:2371} INFO - Sync 1 DAGs
[2023-04-08 09:01:42,661] {logging_mixin.py:115} INFO - [2023-04-08 09:01:42,661] {dag.py:2919} INFO - Setting next_dagrun for latest_only_with_trigger to 2023-04-08T05:01:42.661744+00:00, run_after=2023-04-08T09:01:42.661744+00:00
[2023-04-08 09:01:42,667] {processor.py:161} INFO - Processing /home/airflow/.local/lib/python3.7/site-packages/airflow/example_dags/example_latest_only_with_trigger.py took 0.042 seconds
[2023-04-08 10:07:01,827] {processor.py:153} INFO - Started process (PID=51337) to work on /home/airflow/.local/lib/python3.7/site-packages/airflow/example_dags/example_latest_only_with_trigger.py
[2023-04-08 10:07:01,828] {processor.py:641} INFO - Processing file /home/airflow/.local/lib/python3.7/site-packages/airflow/example_dags/example_latest_only_with_trigger.py for tasks to queue
[2023-04-08 10:07:01,828] {logging_mixin.py:115} INFO - [2023-04-08 10:07:01,828] {dagbag.py:507} INFO - Filling up the DagBag from /home/airflow/.local/lib/python3.7/site-packages/airflow/example_dags/example_latest_only_with_trigger.py
[2023-04-08 10:07:01,832] {processor.py:651} INFO - DAG(s) dict_keys(['latest_only_with_trigger']) retrieved from /home/airflow/.local/lib/python3.7/site-packages/airflow/example_dags/example_latest_only_with_trigger.py
[2023-04-08 10:07:01,850] {logging_mixin.py:115} INFO - [2023-04-08 10:07:01,850] {dag.py:2371} INFO - Sync 1 DAGs
[2023-04-08 10:07:01,866] {logging_mixin.py:115} INFO - [2023-04-08 10:07:01,866] {dag.py:2919} INFO - Setting next_dagrun for latest_only_with_trigger to 2023-04-08T06:07:01.866646+00:00, run_after=2023-04-08T10:07:01.866646+00:00
[2023-04-08 10:07:01,873] {processor.py:161} INFO - Processing /home/airflow/.local/lib/python3.7/site-packages/airflow/example_dags/example_latest_only_with_trigger.py took 0.049 seconds
[2023-04-08 11:14:35,253] {processor.py:153} INFO - Started process (PID=51399) to work on /home/airflow/.local/lib/python3.7/site-packages/airflow/example_dags/example_latest_only_with_trigger.py
[2023-04-08 11:14:35,254] {processor.py:641} INFO - Processing file /home/airflow/.local/lib/python3.7/site-packages/airflow/example_dags/example_latest_only_with_trigger.py for tasks to queue
[2023-04-08 11:14:35,254] {logging_mixin.py:115} INFO - [2023-04-08 11:14:35,254] {dagbag.py:507} INFO - Filling up the DagBag from /home/airflow/.local/lib/python3.7/site-packages/airflow/example_dags/example_latest_only_with_trigger.py
[2023-04-08 11:14:35,258] {processor.py:651} INFO - DAG(s) dict_keys(['latest_only_with_trigger']) retrieved from /home/airflow/.local/lib/python3.7/site-packages/airflow/example_dags/example_latest_only_with_trigger.py
[2023-04-08 11:14:35,273] {logging_mixin.py:115} INFO - [2023-04-08 11:14:35,273] {dag.py:2371} INFO - Sync 1 DAGs
[2023-04-08 11:14:35,285] {logging_mixin.py:115} INFO - [2023-04-08 11:14:35,285] {dag.py:2919} INFO - Setting next_dagrun for latest_only_with_trigger to 2023-04-08T07:14:35.284885+00:00, run_after=2023-04-08T11:14:35.284885+00:00
[2023-04-08 11:14:35,290] {processor.py:161} INFO - Processing /home/airflow/.local/lib/python3.7/site-packages/airflow/example_dags/example_latest_only_with_trigger.py took 0.040 seconds
[2023-04-08 11:47:33,276] {processor.py:153} INFO - Started process (PID=51452) to work on /home/airflow/.local/lib/python3.7/site-packages/airflow/example_dags/example_latest_only_with_trigger.py
[2023-04-08 11:47:33,277] {processor.py:641} INFO - Processing file /home/airflow/.local/lib/python3.7/site-packages/airflow/example_dags/example_latest_only_with_trigger.py for tasks to queue
[2023-04-08 11:47:33,277] {logging_mixin.py:115} INFO - [2023-04-08 11:47:33,277] {dagbag.py:507} INFO - Filling up the DagBag from /home/airflow/.local/lib/python3.7/site-packages/airflow/example_dags/example_latest_only_with_trigger.py
[2023-04-08 11:47:33,281] {processor.py:651} INFO - DAG(s) dict_keys(['latest_only_with_trigger']) retrieved from /home/airflow/.local/lib/python3.7/site-packages/airflow/example_dags/example_latest_only_with_trigger.py
[2023-04-08 11:47:33,298] {logging_mixin.py:115} INFO - [2023-04-08 11:47:33,298] {dag.py:2371} INFO - Sync 1 DAGs
[2023-04-08 11:47:33,310] {logging_mixin.py:115} INFO - [2023-04-08 11:47:33,310] {dag.py:2919} INFO - Setting next_dagrun for latest_only_with_trigger to 2023-04-08T07:47:33.309894+00:00, run_after=2023-04-08T11:47:33.309894+00:00
[2023-04-08 11:47:33,315] {processor.py:161} INFO - Processing /home/airflow/.local/lib/python3.7/site-packages/airflow/example_dags/example_latest_only_with_trigger.py took 0.041 seconds
[2023-04-08 11:48:04,075] {processor.py:153} INFO - Started process (PID=51515) to work on /home/airflow/.local/lib/python3.7/site-packages/airflow/example_dags/example_latest_only_with_trigger.py
[2023-04-08 11:48:04,075] {processor.py:641} INFO - Processing file /home/airflow/.local/lib/python3.7/site-packages/airflow/example_dags/example_latest_only_with_trigger.py for tasks to queue
[2023-04-08 11:48:04,076] {logging_mixin.py:115} INFO - [2023-04-08 11:48:04,076] {dagbag.py:507} INFO - Filling up the DagBag from /home/airflow/.local/lib/python3.7/site-packages/airflow/example_dags/example_latest_only_with_trigger.py
[2023-04-08 11:48:04,079] {processor.py:651} INFO - DAG(s) dict_keys(['latest_only_with_trigger']) retrieved from /home/airflow/.local/lib/python3.7/site-packages/airflow/example_dags/example_latest_only_with_trigger.py
[2023-04-08 11:48:04,100] {logging_mixin.py:115} INFO - [2023-04-08 11:48:04,100] {dag.py:2371} INFO - Sync 1 DAGs
[2023-04-08 11:48:04,112] {logging_mixin.py:115} INFO - [2023-04-08 11:48:04,112] {dag.py:2919} INFO - Setting next_dagrun for latest_only_with_trigger to 2023-04-08T07:48:04.111966+00:00, run_after=2023-04-08T11:48:04.111966+00:00
[2023-04-08 11:48:04,117] {processor.py:161} INFO - Processing /home/airflow/.local/lib/python3.7/site-packages/airflow/example_dags/example_latest_only_with_trigger.py took 0.045 seconds
[2023-04-08 12:54:20,482] {processor.py:153} INFO - Started process (PID=51576) to work on /home/airflow/.local/lib/python3.7/site-packages/airflow/example_dags/example_latest_only_with_trigger.py
[2023-04-08 12:54:20,483] {processor.py:641} INFO - Processing file /home/airflow/.local/lib/python3.7/site-packages/airflow/example_dags/example_latest_only_with_trigger.py for tasks to queue
[2023-04-08 12:54:20,483] {logging_mixin.py:115} INFO - [2023-04-08 12:54:20,483] {dagbag.py:507} INFO - Filling up the DagBag from /home/airflow/.local/lib/python3.7/site-packages/airflow/example_dags/example_latest_only_with_trigger.py
[2023-04-08 12:54:20,487] {processor.py:651} INFO - DAG(s) dict_keys(['latest_only_with_trigger']) retrieved from /home/airflow/.local/lib/python3.7/site-packages/airflow/example_dags/example_latest_only_with_trigger.py
[2023-04-08 12:54:20,505] {logging_mixin.py:115} INFO - [2023-04-08 12:54:20,505] {dag.py:2371} INFO - Sync 1 DAGs
[2023-04-08 12:54:20,516] {logging_mixin.py:115} INFO - [2023-04-08 12:54:20,516] {dag.py:2919} INFO - Setting next_dagrun for latest_only_with_trigger to 2023-04-08T08:54:20.516176+00:00, run_after=2023-04-08T12:54:20.516176+00:00
[2023-04-08 12:54:20,522] {processor.py:161} INFO - Processing /home/airflow/.local/lib/python3.7/site-packages/airflow/example_dags/example_latest_only_with_trigger.py took 0.042 seconds
[2023-04-08 14:13:39,720] {processor.py:153} INFO - Started process (PID=51638) to work on /home/airflow/.local/lib/python3.7/site-packages/airflow/example_dags/example_latest_only_with_trigger.py
[2023-04-08 14:13:39,721] {processor.py:641} INFO - Processing file /home/airflow/.local/lib/python3.7/site-packages/airflow/example_dags/example_latest_only_with_trigger.py for tasks to queue
[2023-04-08 14:13:39,722] {logging_mixin.py:115} INFO - [2023-04-08 14:13:39,722] {dagbag.py:507} INFO - Filling up the DagBag from /home/airflow/.local/lib/python3.7/site-packages/airflow/example_dags/example_latest_only_with_trigger.py
[2023-04-08 14:13:39,725] {processor.py:651} INFO - DAG(s) dict_keys(['latest_only_with_trigger']) retrieved from /home/airflow/.local/lib/python3.7/site-packages/airflow/example_dags/example_latest_only_with_trigger.py
[2023-04-08 14:13:39,743] {logging_mixin.py:115} INFO - [2023-04-08 14:13:39,743] {dag.py:2371} INFO - Sync 1 DAGs
[2023-04-08 14:13:39,754] {logging_mixin.py:115} INFO - [2023-04-08 14:13:39,754] {dag.py:2919} INFO - Setting next_dagrun for latest_only_with_trigger to 2023-04-08T10:13:39.754202+00:00, run_after=2023-04-08T14:13:39.754202+00:00
[2023-04-08 14:13:39,759] {processor.py:161} INFO - Processing /home/airflow/.local/lib/python3.7/site-packages/airflow/example_dags/example_latest_only_with_trigger.py took 0.041 seconds
[2023-04-08 15:21:18,570] {processor.py:153} INFO - Started process (PID=51698) to work on /home/airflow/.local/lib/python3.7/site-packages/airflow/example_dags/example_latest_only_with_trigger.py
[2023-04-08 15:21:18,571] {processor.py:641} INFO - Processing file /home/airflow/.local/lib/python3.7/site-packages/airflow/example_dags/example_latest_only_with_trigger.py for tasks to queue
[2023-04-08 15:21:18,571] {logging_mixin.py:115} INFO - [2023-04-08 15:21:18,571] {dagbag.py:507} INFO - Filling up the DagBag from /home/airflow/.local/lib/python3.7/site-packages/airflow/example_dags/example_latest_only_with_trigger.py
[2023-04-08 15:21:18,576] {processor.py:651} INFO - DAG(s) dict_keys(['latest_only_with_trigger']) retrieved from /home/airflow/.local/lib/python3.7/site-packages/airflow/example_dags/example_latest_only_with_trigger.py
[2023-04-08 15:21:18,599] {logging_mixin.py:115} INFO - [2023-04-08 15:21:18,599] {dag.py:2371} INFO - Sync 1 DAGs
[2023-04-08 15:21:18,612] {logging_mixin.py:115} INFO - [2023-04-08 15:21:18,612] {dag.py:2919} INFO - Setting next_dagrun for latest_only_with_trigger to 2023-04-08T11:21:18.612732+00:00, run_after=2023-04-08T15:21:18.612732+00:00
[2023-04-08 15:21:18,618] {processor.py:161} INFO - Processing /home/airflow/.local/lib/python3.7/site-packages/airflow/example_dags/example_latest_only_with_trigger.py took 0.051 seconds
[2023-04-08 16:24:54,245] {processor.py:153} INFO - Started process (PID=51753) to work on /home/airflow/.local/lib/python3.7/site-packages/airflow/example_dags/example_latest_only_with_trigger.py
[2023-04-08 16:24:54,246] {processor.py:641} INFO - Processing file /home/airflow/.local/lib/python3.7/site-packages/airflow/example_dags/example_latest_only_with_trigger.py for tasks to queue
[2023-04-08 16:24:54,246] {logging_mixin.py:115} INFO - [2023-04-08 16:24:54,246] {dagbag.py:507} INFO - Filling up the DagBag from /home/airflow/.local/lib/python3.7/site-packages/airflow/example_dags/example_latest_only_with_trigger.py
[2023-04-08 16:24:54,250] {processor.py:651} INFO - DAG(s) dict_keys(['latest_only_with_trigger']) retrieved from /home/airflow/.local/lib/python3.7/site-packages/airflow/example_dags/example_latest_only_with_trigger.py
[2023-04-08 16:24:54,268] {logging_mixin.py:115} INFO - [2023-04-08 16:24:54,268] {dag.py:2371} INFO - Sync 1 DAGs
[2023-04-08 16:24:54,281] {logging_mixin.py:115} INFO - [2023-04-08 16:24:54,281] {dag.py:2919} INFO - Setting next_dagrun for latest_only_with_trigger to 2023-04-08T12:24:54.281145+00:00, run_after=2023-04-08T16:24:54.281145+00:00
[2023-04-08 16:24:54,287] {processor.py:161} INFO - Processing /home/airflow/.local/lib/python3.7/site-packages/airflow/example_dags/example_latest_only_with_trigger.py took 0.044 seconds
[2023-04-08 17:46:21,261] {processor.py:153} INFO - Started process (PID=51815) to work on /home/airflow/.local/lib/python3.7/site-packages/airflow/example_dags/example_latest_only_with_trigger.py
[2023-04-08 17:46:21,262] {processor.py:641} INFO - Processing file /home/airflow/.local/lib/python3.7/site-packages/airflow/example_dags/example_latest_only_with_trigger.py for tasks to queue
[2023-04-08 17:46:21,263] {logging_mixin.py:115} INFO - [2023-04-08 17:46:21,263] {dagbag.py:507} INFO - Filling up the DagBag from /home/airflow/.local/lib/python3.7/site-packages/airflow/example_dags/example_latest_only_with_trigger.py
[2023-04-08 17:46:21,266] {processor.py:651} INFO - DAG(s) dict_keys(['latest_only_with_trigger']) retrieved from /home/airflow/.local/lib/python3.7/site-packages/airflow/example_dags/example_latest_only_with_trigger.py
[2023-04-08 17:46:21,284] {logging_mixin.py:115} INFO - [2023-04-08 17:46:21,284] {dag.py:2371} INFO - Sync 1 DAGs
[2023-04-08 17:46:21,295] {logging_mixin.py:115} INFO - [2023-04-08 17:46:21,295] {dag.py:2919} INFO - Setting next_dagrun for latest_only_with_trigger to 2023-04-08T13:46:21.295300+00:00, run_after=2023-04-08T17:46:21.295300+00:00
[2023-04-08 17:46:21,301] {processor.py:161} INFO - Processing /home/airflow/.local/lib/python3.7/site-packages/airflow/example_dags/example_latest_only_with_trigger.py took 0.042 seconds
[2023-04-08 18:52:20,653] {processor.py:153} INFO - Started process (PID=51877) to work on /home/airflow/.local/lib/python3.7/site-packages/airflow/example_dags/example_latest_only_with_trigger.py
[2023-04-08 18:52:20,654] {processor.py:641} INFO - Processing file /home/airflow/.local/lib/python3.7/site-packages/airflow/example_dags/example_latest_only_with_trigger.py for tasks to queue
[2023-04-08 18:52:20,654] {logging_mixin.py:115} INFO - [2023-04-08 18:52:20,654] {dagbag.py:507} INFO - Filling up the DagBag from /home/airflow/.local/lib/python3.7/site-packages/airflow/example_dags/example_latest_only_with_trigger.py
[2023-04-08 18:52:20,658] {processor.py:651} INFO - DAG(s) dict_keys(['latest_only_with_trigger']) retrieved from /home/airflow/.local/lib/python3.7/site-packages/airflow/example_dags/example_latest_only_with_trigger.py
[2023-04-08 18:52:20,676] {logging_mixin.py:115} INFO - [2023-04-08 18:52:20,676] {dag.py:2371} INFO - Sync 1 DAGs
[2023-04-08 18:52:20,687] {logging_mixin.py:115} INFO - [2023-04-08 18:52:20,687] {dag.py:2919} INFO - Setting next_dagrun for latest_only_with_trigger to 2023-04-08T14:52:20.686984+00:00, run_after=2023-04-08T18:52:20.686984+00:00
[2023-04-08 18:52:20,692] {processor.py:161} INFO - Processing /home/airflow/.local/lib/python3.7/site-packages/airflow/example_dags/example_latest_only_with_trigger.py took 0.042 seconds
[2023-04-08 20:00:24,671] {processor.py:153} INFO - Started process (PID=51938) to work on /home/airflow/.local/lib/python3.7/site-packages/airflow/example_dags/example_latest_only_with_trigger.py
[2023-04-08 20:00:24,671] {processor.py:641} INFO - Processing file /home/airflow/.local/lib/python3.7/site-packages/airflow/example_dags/example_latest_only_with_trigger.py for tasks to queue
[2023-04-08 20:00:24,672] {logging_mixin.py:115} INFO - [2023-04-08 20:00:24,672] {dagbag.py:507} INFO - Filling up the DagBag from /home/airflow/.local/lib/python3.7/site-packages/airflow/example_dags/example_latest_only_with_trigger.py
[2023-04-08 20:00:24,675] {processor.py:651} INFO - DAG(s) dict_keys(['latest_only_with_trigger']) retrieved from /home/airflow/.local/lib/python3.7/site-packages/airflow/example_dags/example_latest_only_with_trigger.py
[2023-04-08 20:00:24,691] {logging_mixin.py:115} INFO - [2023-04-08 20:00:24,691] {dag.py:2371} INFO - Sync 1 DAGs
[2023-04-08 20:00:24,702] {logging_mixin.py:115} INFO - [2023-04-08 20:00:24,702] {dag.py:2919} INFO - Setting next_dagrun for latest_only_with_trigger to 2023-04-08T16:00:24.702398+00:00, run_after=2023-04-08T20:00:24.702398+00:00
[2023-04-08 20:00:24,708] {processor.py:161} INFO - Processing /home/airflow/.local/lib/python3.7/site-packages/airflow/example_dags/example_latest_only_with_trigger.py took 0.040 seconds
[2023-04-08 20:00:55,083] {processor.py:153} INFO - Started process (PID=51991) to work on /home/airflow/.local/lib/python3.7/site-packages/airflow/example_dags/example_latest_only_with_trigger.py
[2023-04-08 20:00:55,084] {processor.py:641} INFO - Processing file /home/airflow/.local/lib/python3.7/site-packages/airflow/example_dags/example_latest_only_with_trigger.py for tasks to queue
[2023-04-08 20:00:55,084] {logging_mixin.py:115} INFO - [2023-04-08 20:00:55,084] {dagbag.py:507} INFO - Filling up the DagBag from /home/airflow/.local/lib/python3.7/site-packages/airflow/example_dags/example_latest_only_with_trigger.py
[2023-04-08 20:00:55,088] {processor.py:651} INFO - DAG(s) dict_keys(['latest_only_with_trigger']) retrieved from /home/airflow/.local/lib/python3.7/site-packages/airflow/example_dags/example_latest_only_with_trigger.py
[2023-04-08 20:00:55,105] {logging_mixin.py:115} INFO - [2023-04-08 20:00:55,105] {dag.py:2371} INFO - Sync 1 DAGs
[2023-04-08 20:00:55,122] {logging_mixin.py:115} INFO - [2023-04-08 20:00:55,122] {dag.py:2919} INFO - Setting next_dagrun for latest_only_with_trigger to 2023-04-08T16:00:55.121879+00:00, run_after=2023-04-08T20:00:55.121879+00:00
[2023-04-08 20:00:55,128] {processor.py:161} INFO - Processing /home/airflow/.local/lib/python3.7/site-packages/airflow/example_dags/example_latest_only_with_trigger.py took 0.047 seconds
[2023-04-08 20:49:45,128] {processor.py:153} INFO - Started process (PID=52053) to work on /home/airflow/.local/lib/python3.7/site-packages/airflow/example_dags/example_latest_only_with_trigger.py
[2023-04-08 20:49:45,129] {processor.py:641} INFO - Processing file /home/airflow/.local/lib/python3.7/site-packages/airflow/example_dags/example_latest_only_with_trigger.py for tasks to queue
[2023-04-08 20:49:45,130] {logging_mixin.py:115} INFO - [2023-04-08 20:49:45,130] {dagbag.py:507} INFO - Filling up the DagBag from /home/airflow/.local/lib/python3.7/site-packages/airflow/example_dags/example_latest_only_with_trigger.py
[2023-04-08 20:49:45,135] {processor.py:651} INFO - DAG(s) dict_keys(['latest_only_with_trigger']) retrieved from /home/airflow/.local/lib/python3.7/site-packages/airflow/example_dags/example_latest_only_with_trigger.py
[2023-04-08 20:49:45,196] {logging_mixin.py:115} INFO - [2023-04-08 20:49:45,196] {dag.py:2371} INFO - Sync 1 DAGs
[2023-04-08 20:49:45,227] {logging_mixin.py:115} INFO - [2023-04-08 20:49:45,227] {dag.py:2919} INFO - Setting next_dagrun for latest_only_with_trigger to 2023-04-08T16:49:45.227445+00:00, run_after=2023-04-08T20:49:45.227445+00:00
[2023-04-08 20:49:45,254] {processor.py:161} INFO - Processing /home/airflow/.local/lib/python3.7/site-packages/airflow/example_dags/example_latest_only_with_trigger.py took 0.136 seconds
[2023-04-08 22:14:44,240] {processor.py:153} INFO - Started process (PID=52115) to work on /home/airflow/.local/lib/python3.7/site-packages/airflow/example_dags/example_latest_only_with_trigger.py
[2023-04-08 22:14:44,240] {processor.py:641} INFO - Processing file /home/airflow/.local/lib/python3.7/site-packages/airflow/example_dags/example_latest_only_with_trigger.py for tasks to queue
[2023-04-08 22:14:44,241] {logging_mixin.py:115} INFO - [2023-04-08 22:14:44,241] {dagbag.py:507} INFO - Filling up the DagBag from /home/airflow/.local/lib/python3.7/site-packages/airflow/example_dags/example_latest_only_with_trigger.py
[2023-04-08 22:14:44,245] {processor.py:651} INFO - DAG(s) dict_keys(['latest_only_with_trigger']) retrieved from /home/airflow/.local/lib/python3.7/site-packages/airflow/example_dags/example_latest_only_with_trigger.py
[2023-04-08 22:14:44,264] {logging_mixin.py:115} INFO - [2023-04-08 22:14:44,264] {dag.py:2371} INFO - Sync 1 DAGs
[2023-04-08 22:14:44,275] {logging_mixin.py:115} INFO - [2023-04-08 22:14:44,275] {dag.py:2919} INFO - Setting next_dagrun for latest_only_with_trigger to 2023-04-08T18:14:44.275372+00:00, run_after=2023-04-08T22:14:44.275372+00:00
[2023-04-08 22:14:44,281] {processor.py:161} INFO - Processing /home/airflow/.local/lib/python3.7/site-packages/airflow/example_dags/example_latest_only_with_trigger.py took 0.043 seconds
[2023-04-08 23:20:17,697] {processor.py:153} INFO - Started process (PID=52177) to work on /home/airflow/.local/lib/python3.7/site-packages/airflow/example_dags/example_latest_only_with_trigger.py
[2023-04-08 23:20:17,698] {processor.py:641} INFO - Processing file /home/airflow/.local/lib/python3.7/site-packages/airflow/example_dags/example_latest_only_with_trigger.py for tasks to queue
[2023-04-08 23:20:17,699] {logging_mixin.py:115} INFO - [2023-04-08 23:20:17,699] {dagbag.py:507} INFO - Filling up the DagBag from /home/airflow/.local/lib/python3.7/site-packages/airflow/example_dags/example_latest_only_with_trigger.py
[2023-04-08 23:20:17,702] {processor.py:651} INFO - DAG(s) dict_keys(['latest_only_with_trigger']) retrieved from /home/airflow/.local/lib/python3.7/site-packages/airflow/example_dags/example_latest_only_with_trigger.py
[2023-04-08 23:20:17,725] {logging_mixin.py:115} INFO - [2023-04-08 23:20:17,725] {dag.py:2371} INFO - Sync 1 DAGs
[2023-04-08 23:20:17,737] {logging_mixin.py:115} INFO - [2023-04-08 23:20:17,737] {dag.py:2919} INFO - Setting next_dagrun for latest_only_with_trigger to 2023-04-08T19:20:17.737162+00:00, run_after=2023-04-08T23:20:17.737162+00:00
[2023-04-08 23:20:17,742] {processor.py:161} INFO - Processing /home/airflow/.local/lib/python3.7/site-packages/airflow/example_dags/example_latest_only_with_trigger.py took 0.048 seconds
