[2023-04-08 00:00:27,368] {processor.py:153} INFO - Started process (PID=50718) to work on /home/airflow/.local/lib/python3.7/site-packages/airflow/example_dags/example_subdag_operator.py
[2023-04-08 00:00:27,369] {processor.py:641} INFO - Processing file /home/airflow/.local/lib/python3.7/site-packages/airflow/example_dags/example_subdag_operator.py for tasks to queue
[2023-04-08 00:00:27,370] {logging_mixin.py:115} INFO - [2023-04-08 00:00:27,370] {dagbag.py:507} INFO - Filling up the DagBag from /home/airflow/.local/lib/python3.7/site-packages/airflow/example_dags/example_subdag_operator.py
[2023-04-08 00:00:27,392] {processor.py:651} INFO - DAG(s) dict_keys(['example_subdag_operator.section-1', 'example_subdag_operator.section-2', 'example_subdag_operator']) retrieved from /home/airflow/.local/lib/python3.7/site-packages/airflow/example_dags/example_subdag_operator.py
[2023-04-08 00:00:27,432] {logging_mixin.py:115} INFO - [2023-04-08 00:00:27,432] {dag.py:2371} INFO - Sync 3 DAGs
[2023-04-08 00:00:27,443] {logging_mixin.py:115} INFO - [2023-04-08 00:00:27,443] {dag.py:2919} INFO - Setting next_dagrun for example_subdag_operator to 2023-04-06T00:00:00+00:00, run_after=2023-04-06T00:00:00+00:00
[2023-04-08 00:00:27,443] {logging_mixin.py:115} INFO - [2023-04-08 00:00:27,443] {dag.py:2919} INFO - Setting next_dagrun for example_subdag_operator.section-1 to None, run_after=None
[2023-04-08 00:00:27,444] {logging_mixin.py:115} INFO - [2023-04-08 00:00:27,444] {dag.py:2919} INFO - Setting next_dagrun for example_subdag_operator.section-2 to None, run_after=None
[2023-04-08 00:00:27,448] {logging_mixin.py:115} INFO - [2023-04-08 00:00:27,448] {dag.py:2371} INFO - Sync 2 DAGs
[2023-04-08 00:00:27,451] {logging_mixin.py:115} INFO - [2023-04-08 00:00:27,451] {dag.py:2919} INFO - Setting next_dagrun for example_subdag_operator.section-1 to None, run_after=None
[2023-04-08 00:00:27,451] {logging_mixin.py:115} INFO - [2023-04-08 00:00:27,451] {dag.py:2919} INFO - Setting next_dagrun for example_subdag_operator.section-2 to None, run_after=None
[2023-04-08 00:00:27,456] {processor.py:161} INFO - Processing /home/airflow/.local/lib/python3.7/site-packages/airflow/example_dags/example_subdag_operator.py took 0.091 seconds
[2023-04-08 01:09:12,329] {processor.py:153} INFO - Started process (PID=50777) to work on /home/airflow/.local/lib/python3.7/site-packages/airflow/example_dags/example_subdag_operator.py
[2023-04-08 01:09:12,333] {processor.py:641} INFO - Processing file /home/airflow/.local/lib/python3.7/site-packages/airflow/example_dags/example_subdag_operator.py for tasks to queue
[2023-04-08 01:09:12,333] {logging_mixin.py:115} INFO - [2023-04-08 01:09:12,333] {dagbag.py:507} INFO - Filling up the DagBag from /home/airflow/.local/lib/python3.7/site-packages/airflow/example_dags/example_subdag_operator.py
[2023-04-08 01:09:12,352] {processor.py:651} INFO - DAG(s) dict_keys(['example_subdag_operator.section-1', 'example_subdag_operator.section-2', 'example_subdag_operator']) retrieved from /home/airflow/.local/lib/python3.7/site-packages/airflow/example_dags/example_subdag_operator.py
[2023-04-08 01:09:12,372] {logging_mixin.py:115} INFO - [2023-04-08 01:09:12,372] {dag.py:2371} INFO - Sync 3 DAGs
[2023-04-08 01:09:12,388] {logging_mixin.py:115} INFO - [2023-04-08 01:09:12,388] {dag.py:2919} INFO - Setting next_dagrun for example_subdag_operator to 2023-04-06T00:00:00+00:00, run_after=2023-04-06T00:00:00+00:00
[2023-04-08 01:09:12,389] {logging_mixin.py:115} INFO - [2023-04-08 01:09:12,389] {dag.py:2919} INFO - Setting next_dagrun for example_subdag_operator.section-1 to None, run_after=None
[2023-04-08 01:09:12,390] {logging_mixin.py:115} INFO - [2023-04-08 01:09:12,390] {dag.py:2919} INFO - Setting next_dagrun for example_subdag_operator.section-2 to None, run_after=None
[2023-04-08 01:09:12,396] {logging_mixin.py:115} INFO - [2023-04-08 01:09:12,396] {dag.py:2371} INFO - Sync 2 DAGs
[2023-04-08 01:09:12,400] {logging_mixin.py:115} INFO - [2023-04-08 01:09:12,400] {dag.py:2919} INFO - Setting next_dagrun for example_subdag_operator.section-1 to None, run_after=None
[2023-04-08 01:09:12,401] {logging_mixin.py:115} INFO - [2023-04-08 01:09:12,401] {dag.py:2919} INFO - Setting next_dagrun for example_subdag_operator.section-2 to None, run_after=None
[2023-04-08 01:09:12,405] {processor.py:161} INFO - Processing /home/airflow/.local/lib/python3.7/site-packages/airflow/example_dags/example_subdag_operator.py took 0.079 seconds
[2023-04-08 02:16:02,861] {processor.py:153} INFO - Started process (PID=50833) to work on /home/airflow/.local/lib/python3.7/site-packages/airflow/example_dags/example_subdag_operator.py
[2023-04-08 02:16:02,863] {processor.py:641} INFO - Processing file /home/airflow/.local/lib/python3.7/site-packages/airflow/example_dags/example_subdag_operator.py for tasks to queue
[2023-04-08 02:16:02,864] {logging_mixin.py:115} INFO - [2023-04-08 02:16:02,864] {dagbag.py:507} INFO - Filling up the DagBag from /home/airflow/.local/lib/python3.7/site-packages/airflow/example_dags/example_subdag_operator.py
[2023-04-08 02:16:02,905] {processor.py:651} INFO - DAG(s) dict_keys(['example_subdag_operator.section-1', 'example_subdag_operator.section-2', 'example_subdag_operator']) retrieved from /home/airflow/.local/lib/python3.7/site-packages/airflow/example_dags/example_subdag_operator.py
[2023-04-08 02:16:02,938] {logging_mixin.py:115} INFO - [2023-04-08 02:16:02,938] {dag.py:2371} INFO - Sync 3 DAGs
[2023-04-08 02:16:02,961] {logging_mixin.py:115} INFO - [2023-04-08 02:16:02,961] {dag.py:2919} INFO - Setting next_dagrun for example_subdag_operator to 2023-04-06T00:00:00+00:00, run_after=2023-04-06T00:00:00+00:00
[2023-04-08 02:16:02,964] {logging_mixin.py:115} INFO - [2023-04-08 02:16:02,964] {dag.py:2919} INFO - Setting next_dagrun for example_subdag_operator.section-1 to None, run_after=None
[2023-04-08 02:16:02,964] {logging_mixin.py:115} INFO - [2023-04-08 02:16:02,964] {dag.py:2919} INFO - Setting next_dagrun for example_subdag_operator.section-2 to None, run_after=None
[2023-04-08 02:16:02,971] {logging_mixin.py:115} INFO - [2023-04-08 02:16:02,971] {dag.py:2371} INFO - Sync 2 DAGs
[2023-04-08 02:16:02,977] {logging_mixin.py:115} INFO - [2023-04-08 02:16:02,977] {dag.py:2919} INFO - Setting next_dagrun for example_subdag_operator.section-1 to None, run_after=None
[2023-04-08 02:16:02,977] {logging_mixin.py:115} INFO - [2023-04-08 02:16:02,977] {dag.py:2919} INFO - Setting next_dagrun for example_subdag_operator.section-2 to None, run_after=None
[2023-04-08 02:16:02,982] {processor.py:161} INFO - Processing /home/airflow/.local/lib/python3.7/site-packages/airflow/example_dags/example_subdag_operator.py took 0.123 seconds
[2023-04-08 03:21:44,041] {processor.py:153} INFO - Started process (PID=50895) to work on /home/airflow/.local/lib/python3.7/site-packages/airflow/example_dags/example_subdag_operator.py
[2023-04-08 03:21:44,042] {processor.py:641} INFO - Processing file /home/airflow/.local/lib/python3.7/site-packages/airflow/example_dags/example_subdag_operator.py for tasks to queue
[2023-04-08 03:21:44,042] {logging_mixin.py:115} INFO - [2023-04-08 03:21:44,042] {dagbag.py:507} INFO - Filling up the DagBag from /home/airflow/.local/lib/python3.7/site-packages/airflow/example_dags/example_subdag_operator.py
[2023-04-08 03:21:44,059] {processor.py:651} INFO - DAG(s) dict_keys(['example_subdag_operator.section-1', 'example_subdag_operator.section-2', 'example_subdag_operator']) retrieved from /home/airflow/.local/lib/python3.7/site-packages/airflow/example_dags/example_subdag_operator.py
[2023-04-08 03:21:44,076] {logging_mixin.py:115} INFO - [2023-04-08 03:21:44,076] {dag.py:2371} INFO - Sync 3 DAGs
[2023-04-08 03:21:44,103] {logging_mixin.py:115} INFO - [2023-04-08 03:21:44,103] {dag.py:2919} INFO - Setting next_dagrun for example_subdag_operator to 2023-04-06T00:00:00+00:00, run_after=2023-04-06T00:00:00+00:00
[2023-04-08 03:21:44,105] {logging_mixin.py:115} INFO - [2023-04-08 03:21:44,105] {dag.py:2919} INFO - Setting next_dagrun for example_subdag_operator.section-1 to None, run_after=None
[2023-04-08 03:21:44,107] {logging_mixin.py:115} INFO - [2023-04-08 03:21:44,107] {dag.py:2919} INFO - Setting next_dagrun for example_subdag_operator.section-2 to None, run_after=None
[2023-04-08 03:21:44,116] {logging_mixin.py:115} INFO - [2023-04-08 03:21:44,116] {dag.py:2371} INFO - Sync 2 DAGs
[2023-04-08 03:21:44,121] {logging_mixin.py:115} INFO - [2023-04-08 03:21:44,121] {dag.py:2919} INFO - Setting next_dagrun for example_subdag_operator.section-1 to None, run_after=None
[2023-04-08 03:21:44,122] {logging_mixin.py:115} INFO - [2023-04-08 03:21:44,122] {dag.py:2919} INFO - Setting next_dagrun for example_subdag_operator.section-2 to None, run_after=None
[2023-04-08 03:21:44,127] {processor.py:161} INFO - Processing /home/airflow/.local/lib/python3.7/site-packages/airflow/example_dags/example_subdag_operator.py took 0.089 seconds
[2023-04-08 03:34:47,407] {processor.py:153} INFO - Started process (PID=50956) to work on /home/airflow/.local/lib/python3.7/site-packages/airflow/example_dags/example_subdag_operator.py
[2023-04-08 03:34:47,412] {processor.py:641} INFO - Processing file /home/airflow/.local/lib/python3.7/site-packages/airflow/example_dags/example_subdag_operator.py for tasks to queue
[2023-04-08 03:34:47,418] {logging_mixin.py:115} INFO - [2023-04-08 03:34:47,418] {dagbag.py:507} INFO - Filling up the DagBag from /home/airflow/.local/lib/python3.7/site-packages/airflow/example_dags/example_subdag_operator.py
[2023-04-08 03:34:47,474] {processor.py:651} INFO - DAG(s) dict_keys(['example_subdag_operator.section-1', 'example_subdag_operator.section-2', 'example_subdag_operator']) retrieved from /home/airflow/.local/lib/python3.7/site-packages/airflow/example_dags/example_subdag_operator.py
[2023-04-08 03:34:47,523] {logging_mixin.py:115} INFO - [2023-04-08 03:34:47,523] {dag.py:2371} INFO - Sync 3 DAGs
[2023-04-08 03:34:47,553] {logging_mixin.py:115} INFO - [2023-04-08 03:34:47,553] {dag.py:2919} INFO - Setting next_dagrun for example_subdag_operator to 2023-04-06T00:00:00+00:00, run_after=2023-04-06T00:00:00+00:00
[2023-04-08 03:34:47,557] {logging_mixin.py:115} INFO - [2023-04-08 03:34:47,557] {dag.py:2919} INFO - Setting next_dagrun for example_subdag_operator.section-1 to None, run_after=None
[2023-04-08 03:34:47,559] {logging_mixin.py:115} INFO - [2023-04-08 03:34:47,559] {dag.py:2919} INFO - Setting next_dagrun for example_subdag_operator.section-2 to None, run_after=None
[2023-04-08 03:34:47,567] {logging_mixin.py:115} INFO - [2023-04-08 03:34:47,567] {dag.py:2371} INFO - Sync 2 DAGs
[2023-04-08 03:34:47,577] {logging_mixin.py:115} INFO - [2023-04-08 03:34:47,577] {dag.py:2919} INFO - Setting next_dagrun for example_subdag_operator.section-1 to None, run_after=None
[2023-04-08 03:34:47,578] {logging_mixin.py:115} INFO - [2023-04-08 03:34:47,578] {dag.py:2919} INFO - Setting next_dagrun for example_subdag_operator.section-2 to None, run_after=None
[2023-04-08 03:34:47,598] {processor.py:161} INFO - Processing /home/airflow/.local/lib/python3.7/site-packages/airflow/example_dags/example_subdag_operator.py took 0.196 seconds
[2023-04-08 04:06:57,219] {processor.py:153} INFO - Started process (PID=51018) to work on /home/airflow/.local/lib/python3.7/site-packages/airflow/example_dags/example_subdag_operator.py
[2023-04-08 04:06:57,223] {processor.py:641} INFO - Processing file /home/airflow/.local/lib/python3.7/site-packages/airflow/example_dags/example_subdag_operator.py for tasks to queue
[2023-04-08 04:06:57,223] {logging_mixin.py:115} INFO - [2023-04-08 04:06:57,223] {dagbag.py:507} INFO - Filling up the DagBag from /home/airflow/.local/lib/python3.7/site-packages/airflow/example_dags/example_subdag_operator.py
[2023-04-08 04:06:57,260] {processor.py:651} INFO - DAG(s) dict_keys(['example_subdag_operator.section-1', 'example_subdag_operator.section-2', 'example_subdag_operator']) retrieved from /home/airflow/.local/lib/python3.7/site-packages/airflow/example_dags/example_subdag_operator.py
[2023-04-08 04:06:57,308] {logging_mixin.py:115} INFO - [2023-04-08 04:06:57,308] {dag.py:2371} INFO - Sync 3 DAGs
[2023-04-08 04:06:57,331] {logging_mixin.py:115} INFO - [2023-04-08 04:06:57,331] {dag.py:2919} INFO - Setting next_dagrun for example_subdag_operator to 2023-04-06T00:00:00+00:00, run_after=2023-04-06T00:00:00+00:00
[2023-04-08 04:06:57,332] {logging_mixin.py:115} INFO - [2023-04-08 04:06:57,332] {dag.py:2919} INFO - Setting next_dagrun for example_subdag_operator.section-1 to None, run_after=None
[2023-04-08 04:06:57,333] {logging_mixin.py:115} INFO - [2023-04-08 04:06:57,332] {dag.py:2919} INFO - Setting next_dagrun for example_subdag_operator.section-2 to None, run_after=None
[2023-04-08 04:06:57,340] {logging_mixin.py:115} INFO - [2023-04-08 04:06:57,340] {dag.py:2371} INFO - Sync 2 DAGs
[2023-04-08 04:06:57,344] {logging_mixin.py:115} INFO - [2023-04-08 04:06:57,344] {dag.py:2919} INFO - Setting next_dagrun for example_subdag_operator.section-1 to None, run_after=None
[2023-04-08 04:06:57,344] {logging_mixin.py:115} INFO - [2023-04-08 04:06:57,344] {dag.py:2919} INFO - Setting next_dagrun for example_subdag_operator.section-2 to None, run_after=None
[2023-04-08 04:06:57,348] {processor.py:161} INFO - Processing /home/airflow/.local/lib/python3.7/site-packages/airflow/example_dags/example_subdag_operator.py took 0.133 seconds
[2023-04-08 05:27:57,138] {processor.py:153} INFO - Started process (PID=51081) to work on /home/airflow/.local/lib/python3.7/site-packages/airflow/example_dags/example_subdag_operator.py
[2023-04-08 05:27:57,139] {processor.py:641} INFO - Processing file /home/airflow/.local/lib/python3.7/site-packages/airflow/example_dags/example_subdag_operator.py for tasks to queue
[2023-04-08 05:27:57,140] {logging_mixin.py:115} INFO - [2023-04-08 05:27:57,140] {dagbag.py:507} INFO - Filling up the DagBag from /home/airflow/.local/lib/python3.7/site-packages/airflow/example_dags/example_subdag_operator.py
[2023-04-08 05:27:57,162] {processor.py:651} INFO - DAG(s) dict_keys(['example_subdag_operator.section-1', 'example_subdag_operator.section-2', 'example_subdag_operator']) retrieved from /home/airflow/.local/lib/python3.7/site-packages/airflow/example_dags/example_subdag_operator.py
[2023-04-08 05:27:57,187] {logging_mixin.py:115} INFO - [2023-04-08 05:27:57,187] {dag.py:2371} INFO - Sync 3 DAGs
[2023-04-08 05:27:57,199] {logging_mixin.py:115} INFO - [2023-04-08 05:27:57,199] {dag.py:2919} INFO - Setting next_dagrun for example_subdag_operator to 2023-04-06T00:00:00+00:00, run_after=2023-04-06T00:00:00+00:00
[2023-04-08 05:27:57,200] {logging_mixin.py:115} INFO - [2023-04-08 05:27:57,200] {dag.py:2919} INFO - Setting next_dagrun for example_subdag_operator.section-1 to None, run_after=None
[2023-04-08 05:27:57,200] {logging_mixin.py:115} INFO - [2023-04-08 05:27:57,200] {dag.py:2919} INFO - Setting next_dagrun for example_subdag_operator.section-2 to None, run_after=None
[2023-04-08 05:27:57,204] {logging_mixin.py:115} INFO - [2023-04-08 05:27:57,204] {dag.py:2371} INFO - Sync 2 DAGs
[2023-04-08 05:27:57,207] {logging_mixin.py:115} INFO - [2023-04-08 05:27:57,207] {dag.py:2919} INFO - Setting next_dagrun for example_subdag_operator.section-1 to None, run_after=None
[2023-04-08 05:27:57,207] {logging_mixin.py:115} INFO - [2023-04-08 05:27:57,207] {dag.py:2919} INFO - Setting next_dagrun for example_subdag_operator.section-2 to None, run_after=None
[2023-04-08 05:27:57,212] {processor.py:161} INFO - Processing /home/airflow/.local/lib/python3.7/site-packages/airflow/example_dags/example_subdag_operator.py took 0.077 seconds
[2023-04-08 06:37:04,346] {processor.py:153} INFO - Started process (PID=51134) to work on /home/airflow/.local/lib/python3.7/site-packages/airflow/example_dags/example_subdag_operator.py
[2023-04-08 06:37:04,347] {processor.py:641} INFO - Processing file /home/airflow/.local/lib/python3.7/site-packages/airflow/example_dags/example_subdag_operator.py for tasks to queue
[2023-04-08 06:37:04,352] {logging_mixin.py:115} INFO - [2023-04-08 06:37:04,352] {dagbag.py:507} INFO - Filling up the DagBag from /home/airflow/.local/lib/python3.7/site-packages/airflow/example_dags/example_subdag_operator.py
[2023-04-08 06:37:04,433] {processor.py:651} INFO - DAG(s) dict_keys(['example_subdag_operator.section-1', 'example_subdag_operator.section-2', 'example_subdag_operator']) retrieved from /home/airflow/.local/lib/python3.7/site-packages/airflow/example_dags/example_subdag_operator.py
[2023-04-08 06:37:04,460] {logging_mixin.py:115} INFO - [2023-04-08 06:37:04,460] {dag.py:2371} INFO - Sync 3 DAGs
[2023-04-08 06:37:04,486] {logging_mixin.py:115} INFO - [2023-04-08 06:37:04,486] {dag.py:2919} INFO - Setting next_dagrun for example_subdag_operator to 2023-04-06T00:00:00+00:00, run_after=2023-04-06T00:00:00+00:00
[2023-04-08 06:37:04,487] {logging_mixin.py:115} INFO - [2023-04-08 06:37:04,487] {dag.py:2919} INFO - Setting next_dagrun for example_subdag_operator.section-1 to None, run_after=None
[2023-04-08 06:37:04,488] {logging_mixin.py:115} INFO - [2023-04-08 06:37:04,488] {dag.py:2919} INFO - Setting next_dagrun for example_subdag_operator.section-2 to None, run_after=None
[2023-04-08 06:37:04,511] {logging_mixin.py:115} INFO - [2023-04-08 06:37:04,511] {dag.py:2371} INFO - Sync 2 DAGs
[2023-04-08 06:37:04,516] {logging_mixin.py:115} INFO - [2023-04-08 06:37:04,516] {dag.py:2919} INFO - Setting next_dagrun for example_subdag_operator.section-1 to None, run_after=None
[2023-04-08 06:37:04,516] {logging_mixin.py:115} INFO - [2023-04-08 06:37:04,516] {dag.py:2919} INFO - Setting next_dagrun for example_subdag_operator.section-2 to None, run_after=None
[2023-04-08 06:37:04,523] {processor.py:161} INFO - Processing /home/airflow/.local/lib/python3.7/site-packages/airflow/example_dags/example_subdag_operator.py took 0.184 seconds
[2023-04-08 07:39:08,223] {processor.py:153} INFO - Started process (PID=51195) to work on /home/airflow/.local/lib/python3.7/site-packages/airflow/example_dags/example_subdag_operator.py
[2023-04-08 07:39:08,224] {processor.py:641} INFO - Processing file /home/airflow/.local/lib/python3.7/site-packages/airflow/example_dags/example_subdag_operator.py for tasks to queue
[2023-04-08 07:39:08,225] {logging_mixin.py:115} INFO - [2023-04-08 07:39:08,225] {dagbag.py:507} INFO - Filling up the DagBag from /home/airflow/.local/lib/python3.7/site-packages/airflow/example_dags/example_subdag_operator.py
[2023-04-08 07:39:08,271] {processor.py:651} INFO - DAG(s) dict_keys(['example_subdag_operator.section-1', 'example_subdag_operator.section-2', 'example_subdag_operator']) retrieved from /home/airflow/.local/lib/python3.7/site-packages/airflow/example_dags/example_subdag_operator.py
[2023-04-08 07:39:08,309] {logging_mixin.py:115} INFO - [2023-04-08 07:39:08,309] {dag.py:2371} INFO - Sync 3 DAGs
[2023-04-08 07:39:08,334] {logging_mixin.py:115} INFO - [2023-04-08 07:39:08,334] {dag.py:2919} INFO - Setting next_dagrun for example_subdag_operator to 2023-04-06T00:00:00+00:00, run_after=2023-04-06T00:00:00+00:00
[2023-04-08 07:39:08,335] {logging_mixin.py:115} INFO - [2023-04-08 07:39:08,335] {dag.py:2919} INFO - Setting next_dagrun for example_subdag_operator.section-1 to None, run_after=None
[2023-04-08 07:39:08,335] {logging_mixin.py:115} INFO - [2023-04-08 07:39:08,335] {dag.py:2919} INFO - Setting next_dagrun for example_subdag_operator.section-2 to None, run_after=None
[2023-04-08 07:39:08,343] {logging_mixin.py:115} INFO - [2023-04-08 07:39:08,343] {dag.py:2371} INFO - Sync 2 DAGs
[2023-04-08 07:39:08,347] {logging_mixin.py:115} INFO - [2023-04-08 07:39:08,347] {dag.py:2919} INFO - Setting next_dagrun for example_subdag_operator.section-1 to None, run_after=None
[2023-04-08 07:39:08,347] {logging_mixin.py:115} INFO - [2023-04-08 07:39:08,347] {dag.py:2919} INFO - Setting next_dagrun for example_subdag_operator.section-2 to None, run_after=None
[2023-04-08 07:39:08,351] {processor.py:161} INFO - Processing /home/airflow/.local/lib/python3.7/site-packages/airflow/example_dags/example_subdag_operator.py took 0.132 seconds
[2023-04-08 09:01:41,966] {processor.py:153} INFO - Started process (PID=51257) to work on /home/airflow/.local/lib/python3.7/site-packages/airflow/example_dags/example_subdag_operator.py
[2023-04-08 09:01:41,967] {processor.py:641} INFO - Processing file /home/airflow/.local/lib/python3.7/site-packages/airflow/example_dags/example_subdag_operator.py for tasks to queue
[2023-04-08 09:01:41,969] {logging_mixin.py:115} INFO - [2023-04-08 09:01:41,969] {dagbag.py:507} INFO - Filling up the DagBag from /home/airflow/.local/lib/python3.7/site-packages/airflow/example_dags/example_subdag_operator.py
[2023-04-08 09:01:41,993] {processor.py:651} INFO - DAG(s) dict_keys(['example_subdag_operator.section-1', 'example_subdag_operator.section-2', 'example_subdag_operator']) retrieved from /home/airflow/.local/lib/python3.7/site-packages/airflow/example_dags/example_subdag_operator.py
[2023-04-08 09:01:42,012] {logging_mixin.py:115} INFO - [2023-04-08 09:01:42,012] {dag.py:2371} INFO - Sync 3 DAGs
[2023-04-08 09:01:42,024] {logging_mixin.py:115} INFO - [2023-04-08 09:01:42,024] {dag.py:2919} INFO - Setting next_dagrun for example_subdag_operator to 2023-04-06T00:00:00+00:00, run_after=2023-04-06T00:00:00+00:00
[2023-04-08 09:01:42,024] {logging_mixin.py:115} INFO - [2023-04-08 09:01:42,024] {dag.py:2919} INFO - Setting next_dagrun for example_subdag_operator.section-1 to None, run_after=None
[2023-04-08 09:01:42,025] {logging_mixin.py:115} INFO - [2023-04-08 09:01:42,025] {dag.py:2919} INFO - Setting next_dagrun for example_subdag_operator.section-2 to None, run_after=None
[2023-04-08 09:01:42,028] {logging_mixin.py:115} INFO - [2023-04-08 09:01:42,028] {dag.py:2371} INFO - Sync 2 DAGs
[2023-04-08 09:01:42,031] {logging_mixin.py:115} INFO - [2023-04-08 09:01:42,031] {dag.py:2919} INFO - Setting next_dagrun for example_subdag_operator.section-1 to None, run_after=None
[2023-04-08 09:01:42,031] {logging_mixin.py:115} INFO - [2023-04-08 09:01:42,031] {dag.py:2919} INFO - Setting next_dagrun for example_subdag_operator.section-2 to None, run_after=None
[2023-04-08 09:01:42,034] {processor.py:161} INFO - Processing /home/airflow/.local/lib/python3.7/site-packages/airflow/example_dags/example_subdag_operator.py took 0.072 seconds
[2023-04-08 10:07:00,896] {processor.py:153} INFO - Started process (PID=51319) to work on /home/airflow/.local/lib/python3.7/site-packages/airflow/example_dags/example_subdag_operator.py
[2023-04-08 10:07:00,901] {processor.py:641} INFO - Processing file /home/airflow/.local/lib/python3.7/site-packages/airflow/example_dags/example_subdag_operator.py for tasks to queue
[2023-04-08 10:07:00,902] {logging_mixin.py:115} INFO - [2023-04-08 10:07:00,902] {dagbag.py:507} INFO - Filling up the DagBag from /home/airflow/.local/lib/python3.7/site-packages/airflow/example_dags/example_subdag_operator.py
[2023-04-08 10:07:00,953] {processor.py:651} INFO - DAG(s) dict_keys(['example_subdag_operator.section-1', 'example_subdag_operator.section-2', 'example_subdag_operator']) retrieved from /home/airflow/.local/lib/python3.7/site-packages/airflow/example_dags/example_subdag_operator.py
[2023-04-08 10:07:00,984] {logging_mixin.py:115} INFO - [2023-04-08 10:07:00,984] {dag.py:2371} INFO - Sync 3 DAGs
[2023-04-08 10:07:01,015] {logging_mixin.py:115} INFO - [2023-04-08 10:07:01,015] {dag.py:2919} INFO - Setting next_dagrun for example_subdag_operator to 2023-04-06T00:00:00+00:00, run_after=2023-04-06T00:00:00+00:00
[2023-04-08 10:07:01,017] {logging_mixin.py:115} INFO - [2023-04-08 10:07:01,017] {dag.py:2919} INFO - Setting next_dagrun for example_subdag_operator.section-1 to None, run_after=None
[2023-04-08 10:07:01,018] {logging_mixin.py:115} INFO - [2023-04-08 10:07:01,018] {dag.py:2919} INFO - Setting next_dagrun for example_subdag_operator.section-2 to None, run_after=None
[2023-04-08 10:07:01,038] {logging_mixin.py:115} INFO - [2023-04-08 10:07:01,038] {dag.py:2371} INFO - Sync 2 DAGs
[2023-04-08 10:07:01,042] {logging_mixin.py:115} INFO - [2023-04-08 10:07:01,042] {dag.py:2919} INFO - Setting next_dagrun for example_subdag_operator.section-1 to None, run_after=None
[2023-04-08 10:07:01,043] {logging_mixin.py:115} INFO - [2023-04-08 10:07:01,043] {dag.py:2919} INFO - Setting next_dagrun for example_subdag_operator.section-2 to None, run_after=None
[2023-04-08 10:07:01,054] {processor.py:161} INFO - Processing /home/airflow/.local/lib/python3.7/site-packages/airflow/example_dags/example_subdag_operator.py took 0.160 seconds
[2023-04-08 11:14:34,229] {processor.py:153} INFO - Started process (PID=51379) to work on /home/airflow/.local/lib/python3.7/site-packages/airflow/example_dags/example_subdag_operator.py
[2023-04-08 11:14:34,230] {processor.py:641} INFO - Processing file /home/airflow/.local/lib/python3.7/site-packages/airflow/example_dags/example_subdag_operator.py for tasks to queue
[2023-04-08 11:14:34,231] {logging_mixin.py:115} INFO - [2023-04-08 11:14:34,231] {dagbag.py:507} INFO - Filling up the DagBag from /home/airflow/.local/lib/python3.7/site-packages/airflow/example_dags/example_subdag_operator.py
[2023-04-08 11:14:34,254] {processor.py:651} INFO - DAG(s) dict_keys(['example_subdag_operator.section-1', 'example_subdag_operator.section-2', 'example_subdag_operator']) retrieved from /home/airflow/.local/lib/python3.7/site-packages/airflow/example_dags/example_subdag_operator.py
[2023-04-08 11:14:34,275] {logging_mixin.py:115} INFO - [2023-04-08 11:14:34,275] {dag.py:2371} INFO - Sync 3 DAGs
[2023-04-08 11:14:34,288] {logging_mixin.py:115} INFO - [2023-04-08 11:14:34,288] {dag.py:2919} INFO - Setting next_dagrun for example_subdag_operator to 2023-04-06T00:00:00+00:00, run_after=2023-04-06T00:00:00+00:00
[2023-04-08 11:14:34,292] {logging_mixin.py:115} INFO - [2023-04-08 11:14:34,292] {dag.py:2919} INFO - Setting next_dagrun for example_subdag_operator.section-1 to None, run_after=None
[2023-04-08 11:14:34,292] {logging_mixin.py:115} INFO - [2023-04-08 11:14:34,292] {dag.py:2919} INFO - Setting next_dagrun for example_subdag_operator.section-2 to None, run_after=None
[2023-04-08 11:14:34,296] {logging_mixin.py:115} INFO - [2023-04-08 11:14:34,296] {dag.py:2371} INFO - Sync 2 DAGs
[2023-04-08 11:14:34,302] {logging_mixin.py:115} INFO - [2023-04-08 11:14:34,302] {dag.py:2919} INFO - Setting next_dagrun for example_subdag_operator.section-1 to None, run_after=None
[2023-04-08 11:14:34,302] {logging_mixin.py:115} INFO - [2023-04-08 11:14:34,302] {dag.py:2919} INFO - Setting next_dagrun for example_subdag_operator.section-2 to None, run_after=None
[2023-04-08 11:14:34,307] {processor.py:161} INFO - Processing /home/airflow/.local/lib/python3.7/site-packages/airflow/example_dags/example_subdag_operator.py took 0.080 seconds
[2023-04-08 11:47:32,444] {processor.py:153} INFO - Started process (PID=51434) to work on /home/airflow/.local/lib/python3.7/site-packages/airflow/example_dags/example_subdag_operator.py
[2023-04-08 11:47:32,445] {processor.py:641} INFO - Processing file /home/airflow/.local/lib/python3.7/site-packages/airflow/example_dags/example_subdag_operator.py for tasks to queue
[2023-04-08 11:47:32,446] {logging_mixin.py:115} INFO - [2023-04-08 11:47:32,446] {dagbag.py:507} INFO - Filling up the DagBag from /home/airflow/.local/lib/python3.7/site-packages/airflow/example_dags/example_subdag_operator.py
[2023-04-08 11:47:32,482] {processor.py:651} INFO - DAG(s) dict_keys(['example_subdag_operator.section-1', 'example_subdag_operator.section-2', 'example_subdag_operator']) retrieved from /home/airflow/.local/lib/python3.7/site-packages/airflow/example_dags/example_subdag_operator.py
[2023-04-08 11:47:32,511] {logging_mixin.py:115} INFO - [2023-04-08 11:47:32,511] {dag.py:2371} INFO - Sync 3 DAGs
[2023-04-08 11:47:32,528] {logging_mixin.py:115} INFO - [2023-04-08 11:47:32,528] {dag.py:2919} INFO - Setting next_dagrun for example_subdag_operator to 2023-04-06T00:00:00+00:00, run_after=2023-04-06T00:00:00+00:00
[2023-04-08 11:47:32,529] {logging_mixin.py:115} INFO - [2023-04-08 11:47:32,529] {dag.py:2919} INFO - Setting next_dagrun for example_subdag_operator.section-1 to None, run_after=None
[2023-04-08 11:47:32,533] {logging_mixin.py:115} INFO - [2023-04-08 11:47:32,533] {dag.py:2919} INFO - Setting next_dagrun for example_subdag_operator.section-2 to None, run_after=None
[2023-04-08 11:47:32,540] {logging_mixin.py:115} INFO - [2023-04-08 11:47:32,540] {dag.py:2371} INFO - Sync 2 DAGs
[2023-04-08 11:47:32,560] {logging_mixin.py:115} INFO - [2023-04-08 11:47:32,560] {dag.py:2919} INFO - Setting next_dagrun for example_subdag_operator.section-1 to None, run_after=None
[2023-04-08 11:47:32,561] {logging_mixin.py:115} INFO - [2023-04-08 11:47:32,561] {dag.py:2919} INFO - Setting next_dagrun for example_subdag_operator.section-2 to None, run_after=None
[2023-04-08 11:47:32,572] {processor.py:161} INFO - Processing /home/airflow/.local/lib/python3.7/site-packages/airflow/example_dags/example_subdag_operator.py took 0.131 seconds
[2023-04-08 11:48:03,217] {processor.py:153} INFO - Started process (PID=51497) to work on /home/airflow/.local/lib/python3.7/site-packages/airflow/example_dags/example_subdag_operator.py
[2023-04-08 11:48:03,218] {processor.py:641} INFO - Processing file /home/airflow/.local/lib/python3.7/site-packages/airflow/example_dags/example_subdag_operator.py for tasks to queue
[2023-04-08 11:48:03,218] {logging_mixin.py:115} INFO - [2023-04-08 11:48:03,218] {dagbag.py:507} INFO - Filling up the DagBag from /home/airflow/.local/lib/python3.7/site-packages/airflow/example_dags/example_subdag_operator.py
[2023-04-08 11:48:03,240] {processor.py:651} INFO - DAG(s) dict_keys(['example_subdag_operator.section-1', 'example_subdag_operator.section-2', 'example_subdag_operator']) retrieved from /home/airflow/.local/lib/python3.7/site-packages/airflow/example_dags/example_subdag_operator.py
[2023-04-08 11:48:03,261] {logging_mixin.py:115} INFO - [2023-04-08 11:48:03,261] {dag.py:2371} INFO - Sync 3 DAGs
[2023-04-08 11:48:03,272] {logging_mixin.py:115} INFO - [2023-04-08 11:48:03,272] {dag.py:2919} INFO - Setting next_dagrun for example_subdag_operator to 2023-04-06T00:00:00+00:00, run_after=2023-04-06T00:00:00+00:00
[2023-04-08 11:48:03,272] {logging_mixin.py:115} INFO - [2023-04-08 11:48:03,272] {dag.py:2919} INFO - Setting next_dagrun for example_subdag_operator.section-1 to None, run_after=None
[2023-04-08 11:48:03,273] {logging_mixin.py:115} INFO - [2023-04-08 11:48:03,273] {dag.py:2919} INFO - Setting next_dagrun for example_subdag_operator.section-2 to None, run_after=None
[2023-04-08 11:48:03,276] {logging_mixin.py:115} INFO - [2023-04-08 11:48:03,276] {dag.py:2371} INFO - Sync 2 DAGs
[2023-04-08 11:48:03,278] {logging_mixin.py:115} INFO - [2023-04-08 11:48:03,278] {dag.py:2919} INFO - Setting next_dagrun for example_subdag_operator.section-1 to None, run_after=None
[2023-04-08 11:48:03,279] {logging_mixin.py:115} INFO - [2023-04-08 11:48:03,279] {dag.py:2919} INFO - Setting next_dagrun for example_subdag_operator.section-2 to None, run_after=None
[2023-04-08 11:48:03,282] {processor.py:161} INFO - Processing /home/airflow/.local/lib/python3.7/site-packages/airflow/example_dags/example_subdag_operator.py took 0.068 seconds
[2023-04-08 12:54:19,676] {processor.py:153} INFO - Started process (PID=51558) to work on /home/airflow/.local/lib/python3.7/site-packages/airflow/example_dags/example_subdag_operator.py
[2023-04-08 12:54:19,678] {processor.py:641} INFO - Processing file /home/airflow/.local/lib/python3.7/site-packages/airflow/example_dags/example_subdag_operator.py for tasks to queue
[2023-04-08 12:54:19,679] {logging_mixin.py:115} INFO - [2023-04-08 12:54:19,679] {dagbag.py:507} INFO - Filling up the DagBag from /home/airflow/.local/lib/python3.7/site-packages/airflow/example_dags/example_subdag_operator.py
[2023-04-08 12:54:19,781] {processor.py:651} INFO - DAG(s) dict_keys(['example_subdag_operator.section-1', 'example_subdag_operator.section-2', 'example_subdag_operator']) retrieved from /home/airflow/.local/lib/python3.7/site-packages/airflow/example_dags/example_subdag_operator.py
[2023-04-08 12:54:19,868] {logging_mixin.py:115} INFO - [2023-04-08 12:54:19,868] {dag.py:2371} INFO - Sync 3 DAGs
[2023-04-08 12:54:19,897] {logging_mixin.py:115} INFO - [2023-04-08 12:54:19,897] {dag.py:2919} INFO - Setting next_dagrun for example_subdag_operator to 2023-04-06T00:00:00+00:00, run_after=2023-04-06T00:00:00+00:00
[2023-04-08 12:54:19,900] {logging_mixin.py:115} INFO - [2023-04-08 12:54:19,900] {dag.py:2919} INFO - Setting next_dagrun for example_subdag_operator.section-1 to None, run_after=None
[2023-04-08 12:54:19,902] {logging_mixin.py:115} INFO - [2023-04-08 12:54:19,901] {dag.py:2919} INFO - Setting next_dagrun for example_subdag_operator.section-2 to None, run_after=None
[2023-04-08 12:54:19,908] {logging_mixin.py:115} INFO - [2023-04-08 12:54:19,908] {dag.py:2371} INFO - Sync 2 DAGs
[2023-04-08 12:54:19,915] {logging_mixin.py:115} INFO - [2023-04-08 12:54:19,915] {dag.py:2919} INFO - Setting next_dagrun for example_subdag_operator.section-1 to None, run_after=None
[2023-04-08 12:54:19,915] {logging_mixin.py:115} INFO - [2023-04-08 12:54:19,915] {dag.py:2919} INFO - Setting next_dagrun for example_subdag_operator.section-2 to None, run_after=None
[2023-04-08 12:54:19,921] {processor.py:161} INFO - Processing /home/airflow/.local/lib/python3.7/site-packages/airflow/example_dags/example_subdag_operator.py took 0.253 seconds
[2023-04-08 14:13:38,588] {processor.py:153} INFO - Started process (PID=51620) to work on /home/airflow/.local/lib/python3.7/site-packages/airflow/example_dags/example_subdag_operator.py
[2023-04-08 14:13:38,589] {processor.py:641} INFO - Processing file /home/airflow/.local/lib/python3.7/site-packages/airflow/example_dags/example_subdag_operator.py for tasks to queue
[2023-04-08 14:13:38,589] {logging_mixin.py:115} INFO - [2023-04-08 14:13:38,589] {dagbag.py:507} INFO - Filling up the DagBag from /home/airflow/.local/lib/python3.7/site-packages/airflow/example_dags/example_subdag_operator.py
[2023-04-08 14:13:38,610] {processor.py:651} INFO - DAG(s) dict_keys(['example_subdag_operator.section-1', 'example_subdag_operator.section-2', 'example_subdag_operator']) retrieved from /home/airflow/.local/lib/python3.7/site-packages/airflow/example_dags/example_subdag_operator.py
[2023-04-08 14:13:38,632] {logging_mixin.py:115} INFO - [2023-04-08 14:13:38,632] {dag.py:2371} INFO - Sync 3 DAGs
[2023-04-08 14:13:38,646] {logging_mixin.py:115} INFO - [2023-04-08 14:13:38,646] {dag.py:2919} INFO - Setting next_dagrun for example_subdag_operator to 2023-04-06T00:00:00+00:00, run_after=2023-04-06T00:00:00+00:00
[2023-04-08 14:13:38,647] {logging_mixin.py:115} INFO - [2023-04-08 14:13:38,647] {dag.py:2919} INFO - Setting next_dagrun for example_subdag_operator.section-1 to None, run_after=None
[2023-04-08 14:13:38,647] {logging_mixin.py:115} INFO - [2023-04-08 14:13:38,647] {dag.py:2919} INFO - Setting next_dagrun for example_subdag_operator.section-2 to None, run_after=None
[2023-04-08 14:13:38,655] {logging_mixin.py:115} INFO - [2023-04-08 14:13:38,655] {dag.py:2371} INFO - Sync 2 DAGs
[2023-04-08 14:13:38,658] {logging_mixin.py:115} INFO - [2023-04-08 14:13:38,658] {dag.py:2919} INFO - Setting next_dagrun for example_subdag_operator.section-1 to None, run_after=None
[2023-04-08 14:13:38,659] {logging_mixin.py:115} INFO - [2023-04-08 14:13:38,659] {dag.py:2919} INFO - Setting next_dagrun for example_subdag_operator.section-2 to None, run_after=None
[2023-04-08 14:13:38,666] {processor.py:161} INFO - Processing /home/airflow/.local/lib/python3.7/site-packages/airflow/example_dags/example_subdag_operator.py took 0.081 seconds
[2023-04-08 15:21:17,579] {processor.py:153} INFO - Started process (PID=51673) to work on /home/airflow/.local/lib/python3.7/site-packages/airflow/example_dags/example_subdag_operator.py
[2023-04-08 15:21:17,583] {processor.py:641} INFO - Processing file /home/airflow/.local/lib/python3.7/site-packages/airflow/example_dags/example_subdag_operator.py for tasks to queue
[2023-04-08 15:21:17,584] {logging_mixin.py:115} INFO - [2023-04-08 15:21:17,584] {dagbag.py:507} INFO - Filling up the DagBag from /home/airflow/.local/lib/python3.7/site-packages/airflow/example_dags/example_subdag_operator.py
[2023-04-08 15:21:17,624] {processor.py:651} INFO - DAG(s) dict_keys(['example_subdag_operator.section-1', 'example_subdag_operator.section-2', 'example_subdag_operator']) retrieved from /home/airflow/.local/lib/python3.7/site-packages/airflow/example_dags/example_subdag_operator.py
[2023-04-08 15:21:17,664] {logging_mixin.py:115} INFO - [2023-04-08 15:21:17,664] {dag.py:2371} INFO - Sync 3 DAGs
[2023-04-08 15:21:17,688] {logging_mixin.py:115} INFO - [2023-04-08 15:21:17,688] {dag.py:2919} INFO - Setting next_dagrun for example_subdag_operator to 2023-04-06T00:00:00+00:00, run_after=2023-04-06T00:00:00+00:00
[2023-04-08 15:21:17,688] {logging_mixin.py:115} INFO - [2023-04-08 15:21:17,688] {dag.py:2919} INFO - Setting next_dagrun for example_subdag_operator.section-1 to None, run_after=None
[2023-04-08 15:21:17,689] {logging_mixin.py:115} INFO - [2023-04-08 15:21:17,689] {dag.py:2919} INFO - Setting next_dagrun for example_subdag_operator.section-2 to None, run_after=None
[2023-04-08 15:21:17,696] {logging_mixin.py:115} INFO - [2023-04-08 15:21:17,696] {dag.py:2371} INFO - Sync 2 DAGs
[2023-04-08 15:21:17,702] {logging_mixin.py:115} INFO - [2023-04-08 15:21:17,702] {dag.py:2919} INFO - Setting next_dagrun for example_subdag_operator.section-1 to None, run_after=None
[2023-04-08 15:21:17,703] {logging_mixin.py:115} INFO - [2023-04-08 15:21:17,703] {dag.py:2919} INFO - Setting next_dagrun for example_subdag_operator.section-2 to None, run_after=None
[2023-04-08 15:21:17,711] {processor.py:161} INFO - Processing /home/airflow/.local/lib/python3.7/site-packages/airflow/example_dags/example_subdag_operator.py took 0.137 seconds
[2023-04-08 16:24:53,210] {processor.py:153} INFO - Started process (PID=51735) to work on /home/airflow/.local/lib/python3.7/site-packages/airflow/example_dags/example_subdag_operator.py
[2023-04-08 16:24:53,211] {processor.py:641} INFO - Processing file /home/airflow/.local/lib/python3.7/site-packages/airflow/example_dags/example_subdag_operator.py for tasks to queue
[2023-04-08 16:24:53,212] {logging_mixin.py:115} INFO - [2023-04-08 16:24:53,212] {dagbag.py:507} INFO - Filling up the DagBag from /home/airflow/.local/lib/python3.7/site-packages/airflow/example_dags/example_subdag_operator.py
[2023-04-08 16:24:53,251] {processor.py:651} INFO - DAG(s) dict_keys(['example_subdag_operator.section-1', 'example_subdag_operator.section-2', 'example_subdag_operator']) retrieved from /home/airflow/.local/lib/python3.7/site-packages/airflow/example_dags/example_subdag_operator.py
[2023-04-08 16:24:53,289] {logging_mixin.py:115} INFO - [2023-04-08 16:24:53,289] {dag.py:2371} INFO - Sync 3 DAGs
[2023-04-08 16:24:53,308] {logging_mixin.py:115} INFO - [2023-04-08 16:24:53,308] {dag.py:2919} INFO - Setting next_dagrun for example_subdag_operator to 2023-04-06T00:00:00+00:00, run_after=2023-04-06T00:00:00+00:00
[2023-04-08 16:24:53,309] {logging_mixin.py:115} INFO - [2023-04-08 16:24:53,309] {dag.py:2919} INFO - Setting next_dagrun for example_subdag_operator.section-1 to None, run_after=None
[2023-04-08 16:24:53,309] {logging_mixin.py:115} INFO - [2023-04-08 16:24:53,309] {dag.py:2919} INFO - Setting next_dagrun for example_subdag_operator.section-2 to None, run_after=None
[2023-04-08 16:24:53,315] {logging_mixin.py:115} INFO - [2023-04-08 16:24:53,315] {dag.py:2371} INFO - Sync 2 DAGs
[2023-04-08 16:24:53,323] {logging_mixin.py:115} INFO - [2023-04-08 16:24:53,322] {dag.py:2919} INFO - Setting next_dagrun for example_subdag_operator.section-1 to None, run_after=None
[2023-04-08 16:24:53,325] {logging_mixin.py:115} INFO - [2023-04-08 16:24:53,325] {dag.py:2919} INFO - Setting next_dagrun for example_subdag_operator.section-2 to None, run_after=None
[2023-04-08 16:24:53,341] {processor.py:161} INFO - Processing /home/airflow/.local/lib/python3.7/site-packages/airflow/example_dags/example_subdag_operator.py took 0.136 seconds
[2023-04-08 17:46:20,628] {processor.py:153} INFO - Started process (PID=51797) to work on /home/airflow/.local/lib/python3.7/site-packages/airflow/example_dags/example_subdag_operator.py
[2023-04-08 17:46:20,631] {processor.py:641} INFO - Processing file /home/airflow/.local/lib/python3.7/site-packages/airflow/example_dags/example_subdag_operator.py for tasks to queue
[2023-04-08 17:46:20,634] {logging_mixin.py:115} INFO - [2023-04-08 17:46:20,634] {dagbag.py:507} INFO - Filling up the DagBag from /home/airflow/.local/lib/python3.7/site-packages/airflow/example_dags/example_subdag_operator.py
[2023-04-08 17:46:20,681] {processor.py:651} INFO - DAG(s) dict_keys(['example_subdag_operator.section-1', 'example_subdag_operator.section-2', 'example_subdag_operator']) retrieved from /home/airflow/.local/lib/python3.7/site-packages/airflow/example_dags/example_subdag_operator.py
[2023-04-08 17:46:20,699] {logging_mixin.py:115} INFO - [2023-04-08 17:46:20,699] {dag.py:2371} INFO - Sync 3 DAGs
[2023-04-08 17:46:20,712] {logging_mixin.py:115} INFO - [2023-04-08 17:46:20,712] {dag.py:2919} INFO - Setting next_dagrun for example_subdag_operator to 2023-04-06T00:00:00+00:00, run_after=2023-04-06T00:00:00+00:00
[2023-04-08 17:46:20,713] {logging_mixin.py:115} INFO - [2023-04-08 17:46:20,713] {dag.py:2919} INFO - Setting next_dagrun for example_subdag_operator.section-1 to None, run_after=None
[2023-04-08 17:46:20,713] {logging_mixin.py:115} INFO - [2023-04-08 17:46:20,713] {dag.py:2919} INFO - Setting next_dagrun for example_subdag_operator.section-2 to None, run_after=None
[2023-04-08 17:46:20,716] {logging_mixin.py:115} INFO - [2023-04-08 17:46:20,716] {dag.py:2371} INFO - Sync 2 DAGs
[2023-04-08 17:46:20,719] {logging_mixin.py:115} INFO - [2023-04-08 17:46:20,719] {dag.py:2919} INFO - Setting next_dagrun for example_subdag_operator.section-1 to None, run_after=None
[2023-04-08 17:46:20,719] {logging_mixin.py:115} INFO - [2023-04-08 17:46:20,719] {dag.py:2919} INFO - Setting next_dagrun for example_subdag_operator.section-2 to None, run_after=None
[2023-04-08 17:46:20,723] {processor.py:161} INFO - Processing /home/airflow/.local/lib/python3.7/site-packages/airflow/example_dags/example_subdag_operator.py took 0.097 seconds
[2023-04-08 18:52:19,675] {processor.py:153} INFO - Started process (PID=51859) to work on /home/airflow/.local/lib/python3.7/site-packages/airflow/example_dags/example_subdag_operator.py
[2023-04-08 18:52:19,678] {processor.py:641} INFO - Processing file /home/airflow/.local/lib/python3.7/site-packages/airflow/example_dags/example_subdag_operator.py for tasks to queue
[2023-04-08 18:52:19,679] {logging_mixin.py:115} INFO - [2023-04-08 18:52:19,679] {dagbag.py:507} INFO - Filling up the DagBag from /home/airflow/.local/lib/python3.7/site-packages/airflow/example_dags/example_subdag_operator.py
[2023-04-08 18:52:19,709] {processor.py:651} INFO - DAG(s) dict_keys(['example_subdag_operator.section-1', 'example_subdag_operator.section-2', 'example_subdag_operator']) retrieved from /home/airflow/.local/lib/python3.7/site-packages/airflow/example_dags/example_subdag_operator.py
[2023-04-08 18:52:19,747] {logging_mixin.py:115} INFO - [2023-04-08 18:52:19,747] {dag.py:2371} INFO - Sync 3 DAGs
[2023-04-08 18:52:19,768] {logging_mixin.py:115} INFO - [2023-04-08 18:52:19,768] {dag.py:2919} INFO - Setting next_dagrun for example_subdag_operator to 2023-04-06T00:00:00+00:00, run_after=2023-04-06T00:00:00+00:00
[2023-04-08 18:52:19,769] {logging_mixin.py:115} INFO - [2023-04-08 18:52:19,769] {dag.py:2919} INFO - Setting next_dagrun for example_subdag_operator.section-1 to None, run_after=None
[2023-04-08 18:52:19,769] {logging_mixin.py:115} INFO - [2023-04-08 18:52:19,769] {dag.py:2919} INFO - Setting next_dagrun for example_subdag_operator.section-2 to None, run_after=None
[2023-04-08 18:52:19,777] {logging_mixin.py:115} INFO - [2023-04-08 18:52:19,777] {dag.py:2371} INFO - Sync 2 DAGs
[2023-04-08 18:52:19,781] {logging_mixin.py:115} INFO - [2023-04-08 18:52:19,781] {dag.py:2919} INFO - Setting next_dagrun for example_subdag_operator.section-1 to None, run_after=None
[2023-04-08 18:52:19,781] {logging_mixin.py:115} INFO - [2023-04-08 18:52:19,781] {dag.py:2919} INFO - Setting next_dagrun for example_subdag_operator.section-2 to None, run_after=None
[2023-04-08 18:52:19,791] {processor.py:161} INFO - Processing /home/airflow/.local/lib/python3.7/site-packages/airflow/example_dags/example_subdag_operator.py took 0.118 seconds
[2023-04-08 20:00:24,025] {processor.py:153} INFO - Started process (PID=51920) to work on /home/airflow/.local/lib/python3.7/site-packages/airflow/example_dags/example_subdag_operator.py
[2023-04-08 20:00:24,030] {processor.py:641} INFO - Processing file /home/airflow/.local/lib/python3.7/site-packages/airflow/example_dags/example_subdag_operator.py for tasks to queue
[2023-04-08 20:00:24,030] {logging_mixin.py:115} INFO - [2023-04-08 20:00:24,030] {dagbag.py:507} INFO - Filling up the DagBag from /home/airflow/.local/lib/python3.7/site-packages/airflow/example_dags/example_subdag_operator.py
[2023-04-08 20:00:24,067] {processor.py:651} INFO - DAG(s) dict_keys(['example_subdag_operator.section-1', 'example_subdag_operator.section-2', 'example_subdag_operator']) retrieved from /home/airflow/.local/lib/python3.7/site-packages/airflow/example_dags/example_subdag_operator.py
[2023-04-08 20:00:24,114] {logging_mixin.py:115} INFO - [2023-04-08 20:00:24,114] {dag.py:2371} INFO - Sync 3 DAGs
[2023-04-08 20:00:24,128] {logging_mixin.py:115} INFO - [2023-04-08 20:00:24,128] {dag.py:2919} INFO - Setting next_dagrun for example_subdag_operator to 2023-04-06T00:00:00+00:00, run_after=2023-04-06T00:00:00+00:00
[2023-04-08 20:00:24,129] {logging_mixin.py:115} INFO - [2023-04-08 20:00:24,129] {dag.py:2919} INFO - Setting next_dagrun for example_subdag_operator.section-1 to None, run_after=None
[2023-04-08 20:00:24,129] {logging_mixin.py:115} INFO - [2023-04-08 20:00:24,129] {dag.py:2919} INFO - Setting next_dagrun for example_subdag_operator.section-2 to None, run_after=None
[2023-04-08 20:00:24,134] {logging_mixin.py:115} INFO - [2023-04-08 20:00:24,133] {dag.py:2371} INFO - Sync 2 DAGs
[2023-04-08 20:00:24,140] {logging_mixin.py:115} INFO - [2023-04-08 20:00:24,140] {dag.py:2919} INFO - Setting next_dagrun for example_subdag_operator.section-1 to None, run_after=None
[2023-04-08 20:00:24,141] {logging_mixin.py:115} INFO - [2023-04-08 20:00:24,141] {dag.py:2919} INFO - Setting next_dagrun for example_subdag_operator.section-2 to None, run_after=None
[2023-04-08 20:00:24,147] {processor.py:161} INFO - Processing /home/airflow/.local/lib/python3.7/site-packages/airflow/example_dags/example_subdag_operator.py took 0.124 seconds
[2023-04-08 20:00:54,520] {processor.py:153} INFO - Started process (PID=51973) to work on /home/airflow/.local/lib/python3.7/site-packages/airflow/example_dags/example_subdag_operator.py
[2023-04-08 20:00:54,521] {processor.py:641} INFO - Processing file /home/airflow/.local/lib/python3.7/site-packages/airflow/example_dags/example_subdag_operator.py for tasks to queue
[2023-04-08 20:00:54,521] {logging_mixin.py:115} INFO - [2023-04-08 20:00:54,521] {dagbag.py:507} INFO - Filling up the DagBag from /home/airflow/.local/lib/python3.7/site-packages/airflow/example_dags/example_subdag_operator.py
[2023-04-08 20:00:54,539] {processor.py:651} INFO - DAG(s) dict_keys(['example_subdag_operator.section-1', 'example_subdag_operator.section-2', 'example_subdag_operator']) retrieved from /home/airflow/.local/lib/python3.7/site-packages/airflow/example_dags/example_subdag_operator.py
[2023-04-08 20:00:54,556] {logging_mixin.py:115} INFO - [2023-04-08 20:00:54,556] {dag.py:2371} INFO - Sync 3 DAGs
[2023-04-08 20:00:54,567] {logging_mixin.py:115} INFO - [2023-04-08 20:00:54,567] {dag.py:2919} INFO - Setting next_dagrun for example_subdag_operator to 2023-04-06T00:00:00+00:00, run_after=2023-04-06T00:00:00+00:00
[2023-04-08 20:00:54,567] {logging_mixin.py:115} INFO - [2023-04-08 20:00:54,567] {dag.py:2919} INFO - Setting next_dagrun for example_subdag_operator.section-1 to None, run_after=None
[2023-04-08 20:00:54,568] {logging_mixin.py:115} INFO - [2023-04-08 20:00:54,568] {dag.py:2919} INFO - Setting next_dagrun for example_subdag_operator.section-2 to None, run_after=None
[2023-04-08 20:00:54,571] {logging_mixin.py:115} INFO - [2023-04-08 20:00:54,571] {dag.py:2371} INFO - Sync 2 DAGs
[2023-04-08 20:00:54,573] {logging_mixin.py:115} INFO - [2023-04-08 20:00:54,573] {dag.py:2919} INFO - Setting next_dagrun for example_subdag_operator.section-1 to None, run_after=None
[2023-04-08 20:00:54,574] {logging_mixin.py:115} INFO - [2023-04-08 20:00:54,574] {dag.py:2919} INFO - Setting next_dagrun for example_subdag_operator.section-2 to None, run_after=None
[2023-04-08 20:00:54,577] {processor.py:161} INFO - Processing /home/airflow/.local/lib/python3.7/site-packages/airflow/example_dags/example_subdag_operator.py took 0.059 seconds
[2023-04-08 20:49:44,207] {processor.py:153} INFO - Started process (PID=52035) to work on /home/airflow/.local/lib/python3.7/site-packages/airflow/example_dags/example_subdag_operator.py
[2023-04-08 20:49:44,208] {processor.py:641} INFO - Processing file /home/airflow/.local/lib/python3.7/site-packages/airflow/example_dags/example_subdag_operator.py for tasks to queue
[2023-04-08 20:49:44,208] {logging_mixin.py:115} INFO - [2023-04-08 20:49:44,208] {dagbag.py:507} INFO - Filling up the DagBag from /home/airflow/.local/lib/python3.7/site-packages/airflow/example_dags/example_subdag_operator.py
[2023-04-08 20:49:44,226] {processor.py:651} INFO - DAG(s) dict_keys(['example_subdag_operator.section-1', 'example_subdag_operator.section-2', 'example_subdag_operator']) retrieved from /home/airflow/.local/lib/python3.7/site-packages/airflow/example_dags/example_subdag_operator.py
[2023-04-08 20:49:44,244] {logging_mixin.py:115} INFO - [2023-04-08 20:49:44,244] {dag.py:2371} INFO - Sync 3 DAGs
[2023-04-08 20:49:44,257] {logging_mixin.py:115} INFO - [2023-04-08 20:49:44,257] {dag.py:2919} INFO - Setting next_dagrun for example_subdag_operator to 2023-04-06T00:00:00+00:00, run_after=2023-04-06T00:00:00+00:00
[2023-04-08 20:49:44,258] {logging_mixin.py:115} INFO - [2023-04-08 20:49:44,258] {dag.py:2919} INFO - Setting next_dagrun for example_subdag_operator.section-1 to None, run_after=None
[2023-04-08 20:49:44,258] {logging_mixin.py:115} INFO - [2023-04-08 20:49:44,258] {dag.py:2919} INFO - Setting next_dagrun for example_subdag_operator.section-2 to None, run_after=None
[2023-04-08 20:49:44,263] {logging_mixin.py:115} INFO - [2023-04-08 20:49:44,263] {dag.py:2371} INFO - Sync 2 DAGs
[2023-04-08 20:49:44,269] {logging_mixin.py:115} INFO - [2023-04-08 20:49:44,269] {dag.py:2919} INFO - Setting next_dagrun for example_subdag_operator.section-1 to None, run_after=None
[2023-04-08 20:49:44,270] {logging_mixin.py:115} INFO - [2023-04-08 20:49:44,270] {dag.py:2919} INFO - Setting next_dagrun for example_subdag_operator.section-2 to None, run_after=None
[2023-04-08 20:49:44,277] {processor.py:161} INFO - Processing /home/airflow/.local/lib/python3.7/site-packages/airflow/example_dags/example_subdag_operator.py took 0.073 seconds
[2023-04-08 22:14:43,215] {processor.py:153} INFO - Started process (PID=52097) to work on /home/airflow/.local/lib/python3.7/site-packages/airflow/example_dags/example_subdag_operator.py
[2023-04-08 22:14:43,221] {processor.py:641} INFO - Processing file /home/airflow/.local/lib/python3.7/site-packages/airflow/example_dags/example_subdag_operator.py for tasks to queue
[2023-04-08 22:14:43,222] {logging_mixin.py:115} INFO - [2023-04-08 22:14:43,222] {dagbag.py:507} INFO - Filling up the DagBag from /home/airflow/.local/lib/python3.7/site-packages/airflow/example_dags/example_subdag_operator.py
[2023-04-08 22:14:43,255] {processor.py:651} INFO - DAG(s) dict_keys(['example_subdag_operator.section-1', 'example_subdag_operator.section-2', 'example_subdag_operator']) retrieved from /home/airflow/.local/lib/python3.7/site-packages/airflow/example_dags/example_subdag_operator.py
[2023-04-08 22:14:43,295] {logging_mixin.py:115} INFO - [2023-04-08 22:14:43,295] {dag.py:2371} INFO - Sync 3 DAGs
[2023-04-08 22:14:43,322] {logging_mixin.py:115} INFO - [2023-04-08 22:14:43,322] {dag.py:2919} INFO - Setting next_dagrun for example_subdag_operator to 2023-04-06T00:00:00+00:00, run_after=2023-04-06T00:00:00+00:00
[2023-04-08 22:14:43,323] {logging_mixin.py:115} INFO - [2023-04-08 22:14:43,323] {dag.py:2919} INFO - Setting next_dagrun for example_subdag_operator.section-1 to None, run_after=None
[2023-04-08 22:14:43,324] {logging_mixin.py:115} INFO - [2023-04-08 22:14:43,324] {dag.py:2919} INFO - Setting next_dagrun for example_subdag_operator.section-2 to None, run_after=None
[2023-04-08 22:14:43,333] {logging_mixin.py:115} INFO - [2023-04-08 22:14:43,333] {dag.py:2371} INFO - Sync 2 DAGs
[2023-04-08 22:14:43,340] {logging_mixin.py:115} INFO - [2023-04-08 22:14:43,340] {dag.py:2919} INFO - Setting next_dagrun for example_subdag_operator.section-1 to None, run_after=None
[2023-04-08 22:14:43,340] {logging_mixin.py:115} INFO - [2023-04-08 22:14:43,340] {dag.py:2919} INFO - Setting next_dagrun for example_subdag_operator.section-2 to None, run_after=None
[2023-04-08 22:14:43,353] {processor.py:161} INFO - Processing /home/airflow/.local/lib/python3.7/site-packages/airflow/example_dags/example_subdag_operator.py took 0.147 seconds
[2023-04-08 23:20:16,608] {processor.py:153} INFO - Started process (PID=52159) to work on /home/airflow/.local/lib/python3.7/site-packages/airflow/example_dags/example_subdag_operator.py
[2023-04-08 23:20:16,609] {processor.py:641} INFO - Processing file /home/airflow/.local/lib/python3.7/site-packages/airflow/example_dags/example_subdag_operator.py for tasks to queue
[2023-04-08 23:20:16,612] {logging_mixin.py:115} INFO - [2023-04-08 23:20:16,612] {dagbag.py:507} INFO - Filling up the DagBag from /home/airflow/.local/lib/python3.7/site-packages/airflow/example_dags/example_subdag_operator.py
[2023-04-08 23:20:16,651] {processor.py:651} INFO - DAG(s) dict_keys(['example_subdag_operator.section-1', 'example_subdag_operator.section-2', 'example_subdag_operator']) retrieved from /home/airflow/.local/lib/python3.7/site-packages/airflow/example_dags/example_subdag_operator.py
[2023-04-08 23:20:16,689] {logging_mixin.py:115} INFO - [2023-04-08 23:20:16,689] {dag.py:2371} INFO - Sync 3 DAGs
[2023-04-08 23:20:16,714] {logging_mixin.py:115} INFO - [2023-04-08 23:20:16,714] {dag.py:2919} INFO - Setting next_dagrun for example_subdag_operator to 2023-04-06T00:00:00+00:00, run_after=2023-04-06T00:00:00+00:00
[2023-04-08 23:20:16,716] {logging_mixin.py:115} INFO - [2023-04-08 23:20:16,716] {dag.py:2919} INFO - Setting next_dagrun for example_subdag_operator.section-1 to None, run_after=None
[2023-04-08 23:20:16,716] {logging_mixin.py:115} INFO - [2023-04-08 23:20:16,716] {dag.py:2919} INFO - Setting next_dagrun for example_subdag_operator.section-2 to None, run_after=None
[2023-04-08 23:20:16,726] {logging_mixin.py:115} INFO - [2023-04-08 23:20:16,726] {dag.py:2371} INFO - Sync 2 DAGs
[2023-04-08 23:20:16,730] {logging_mixin.py:115} INFO - [2023-04-08 23:20:16,730] {dag.py:2919} INFO - Setting next_dagrun for example_subdag_operator.section-1 to None, run_after=None
[2023-04-08 23:20:16,730] {logging_mixin.py:115} INFO - [2023-04-08 23:20:16,730] {dag.py:2919} INFO - Setting next_dagrun for example_subdag_operator.section-2 to None, run_after=None
[2023-04-08 23:20:16,739] {processor.py:161} INFO - Processing /home/airflow/.local/lib/python3.7/site-packages/airflow/example_dags/example_subdag_operator.py took 0.136 seconds
