[2023-04-08 00:00:28,284] {processor.py:153} INFO - Started process (PID=50742) to work on /home/airflow/.local/lib/python3.7/site-packages/airflow/example_dags/example_branch_operator_decorator.py
[2023-04-08 00:00:28,284] {processor.py:641} INFO - Processing file /home/airflow/.local/lib/python3.7/site-packages/airflow/example_dags/example_branch_operator_decorator.py for tasks to queue
[2023-04-08 00:00:28,285] {logging_mixin.py:115} INFO - [2023-04-08 00:00:28,285] {dagbag.py:507} INFO - Filling up the DagBag from /home/airflow/.local/lib/python3.7/site-packages/airflow/example_dags/example_branch_operator_decorator.py
[2023-04-08 00:00:28,295] {processor.py:651} INFO - DAG(s) dict_keys(['example_branch_python_operator_decorator']) retrieved from /home/airflow/.local/lib/python3.7/site-packages/airflow/example_dags/example_branch_operator_decorator.py
[2023-04-08 00:00:28,313] {logging_mixin.py:115} INFO - [2023-04-08 00:00:28,313] {dag.py:2371} INFO - Sync 1 DAGs
[2023-04-08 00:00:28,324] {logging_mixin.py:115} INFO - [2023-04-08 00:00:28,324] {dag.py:2919} INFO - Setting next_dagrun for example_branch_python_operator_decorator to 2023-04-07T00:00:00+00:00, run_after=2023-04-08T00:00:00+00:00
[2023-04-08 00:00:28,330] {processor.py:161} INFO - Processing /home/airflow/.local/lib/python3.7/site-packages/airflow/example_dags/example_branch_operator_decorator.py took 0.049 seconds
[2023-04-08 01:09:13,992] {processor.py:153} INFO - Started process (PID=50803) to work on /home/airflow/.local/lib/python3.7/site-packages/airflow/example_dags/example_branch_operator_decorator.py
[2023-04-08 01:09:13,993] {processor.py:641} INFO - Processing file /home/airflow/.local/lib/python3.7/site-packages/airflow/example_dags/example_branch_operator_decorator.py for tasks to queue
[2023-04-08 01:09:13,993] {logging_mixin.py:115} INFO - [2023-04-08 01:09:13,993] {dagbag.py:507} INFO - Filling up the DagBag from /home/airflow/.local/lib/python3.7/site-packages/airflow/example_dags/example_branch_operator_decorator.py
[2023-04-08 01:09:14,004] {processor.py:651} INFO - DAG(s) dict_keys(['example_branch_python_operator_decorator']) retrieved from /home/airflow/.local/lib/python3.7/site-packages/airflow/example_dags/example_branch_operator_decorator.py
[2023-04-08 01:09:14,022] {logging_mixin.py:115} INFO - [2023-04-08 01:09:14,022] {dag.py:2371} INFO - Sync 1 DAGs
[2023-04-08 01:09:14,034] {logging_mixin.py:115} INFO - [2023-04-08 01:09:14,034] {dag.py:2919} INFO - Setting next_dagrun for example_branch_python_operator_decorator to 2023-04-07T00:00:00+00:00, run_after=2023-04-08T00:00:00+00:00
[2023-04-08 01:09:14,039] {processor.py:161} INFO - Processing /home/airflow/.local/lib/python3.7/site-packages/airflow/example_dags/example_branch_operator_decorator.py took 0.050 seconds
[2023-04-08 02:16:03,962] {processor.py:153} INFO - Started process (PID=50857) to work on /home/airflow/.local/lib/python3.7/site-packages/airflow/example_dags/example_branch_operator_decorator.py
[2023-04-08 02:16:03,963] {processor.py:641} INFO - Processing file /home/airflow/.local/lib/python3.7/site-packages/airflow/example_dags/example_branch_operator_decorator.py for tasks to queue
[2023-04-08 02:16:03,963] {logging_mixin.py:115} INFO - [2023-04-08 02:16:03,963] {dagbag.py:507} INFO - Filling up the DagBag from /home/airflow/.local/lib/python3.7/site-packages/airflow/example_dags/example_branch_operator_decorator.py
[2023-04-08 02:16:03,973] {processor.py:651} INFO - DAG(s) dict_keys(['example_branch_python_operator_decorator']) retrieved from /home/airflow/.local/lib/python3.7/site-packages/airflow/example_dags/example_branch_operator_decorator.py
[2023-04-08 02:16:03,990] {logging_mixin.py:115} INFO - [2023-04-08 02:16:03,990] {dag.py:2371} INFO - Sync 1 DAGs
[2023-04-08 02:16:04,001] {logging_mixin.py:115} INFO - [2023-04-08 02:16:04,001] {dag.py:2919} INFO - Setting next_dagrun for example_branch_python_operator_decorator to 2023-04-07T00:00:00+00:00, run_after=2023-04-08T00:00:00+00:00
[2023-04-08 02:16:04,007] {processor.py:161} INFO - Processing /home/airflow/.local/lib/python3.7/site-packages/airflow/example_dags/example_branch_operator_decorator.py took 0.047 seconds
[2023-04-08 03:21:45,413] {processor.py:153} INFO - Started process (PID=50919) to work on /home/airflow/.local/lib/python3.7/site-packages/airflow/example_dags/example_branch_operator_decorator.py
[2023-04-08 03:21:45,413] {processor.py:641} INFO - Processing file /home/airflow/.local/lib/python3.7/site-packages/airflow/example_dags/example_branch_operator_decorator.py for tasks to queue
[2023-04-08 03:21:45,414] {logging_mixin.py:115} INFO - [2023-04-08 03:21:45,414] {dagbag.py:507} INFO - Filling up the DagBag from /home/airflow/.local/lib/python3.7/site-packages/airflow/example_dags/example_branch_operator_decorator.py
[2023-04-08 03:21:45,424] {processor.py:651} INFO - DAG(s) dict_keys(['example_branch_python_operator_decorator']) retrieved from /home/airflow/.local/lib/python3.7/site-packages/airflow/example_dags/example_branch_operator_decorator.py
[2023-04-08 03:21:45,441] {logging_mixin.py:115} INFO - [2023-04-08 03:21:45,441] {dag.py:2371} INFO - Sync 1 DAGs
[2023-04-08 03:21:45,453] {logging_mixin.py:115} INFO - [2023-04-08 03:21:45,453] {dag.py:2919} INFO - Setting next_dagrun for example_branch_python_operator_decorator to 2023-04-07T00:00:00+00:00, run_after=2023-04-08T00:00:00+00:00
[2023-04-08 03:21:45,458] {processor.py:161} INFO - Processing /home/airflow/.local/lib/python3.7/site-packages/airflow/example_dags/example_branch_operator_decorator.py took 0.048 seconds
[2023-04-08 03:34:48,365] {processor.py:153} INFO - Started process (PID=50980) to work on /home/airflow/.local/lib/python3.7/site-packages/airflow/example_dags/example_branch_operator_decorator.py
[2023-04-08 03:34:48,366] {processor.py:641} INFO - Processing file /home/airflow/.local/lib/python3.7/site-packages/airflow/example_dags/example_branch_operator_decorator.py for tasks to queue
[2023-04-08 03:34:48,367] {logging_mixin.py:115} INFO - [2023-04-08 03:34:48,367] {dagbag.py:507} INFO - Filling up the DagBag from /home/airflow/.local/lib/python3.7/site-packages/airflow/example_dags/example_branch_operator_decorator.py
[2023-04-08 03:34:48,377] {processor.py:651} INFO - DAG(s) dict_keys(['example_branch_python_operator_decorator']) retrieved from /home/airflow/.local/lib/python3.7/site-packages/airflow/example_dags/example_branch_operator_decorator.py
[2023-04-08 03:34:48,394] {logging_mixin.py:115} INFO - [2023-04-08 03:34:48,394] {dag.py:2371} INFO - Sync 1 DAGs
[2023-04-08 03:34:48,405] {logging_mixin.py:115} INFO - [2023-04-08 03:34:48,405] {dag.py:2919} INFO - Setting next_dagrun for example_branch_python_operator_decorator to 2023-04-07T00:00:00+00:00, run_after=2023-04-08T00:00:00+00:00
[2023-04-08 03:34:48,411] {processor.py:161} INFO - Processing /home/airflow/.local/lib/python3.7/site-packages/airflow/example_dags/example_branch_operator_decorator.py took 0.047 seconds
[2023-04-08 04:06:58,819] {processor.py:153} INFO - Started process (PID=51042) to work on /home/airflow/.local/lib/python3.7/site-packages/airflow/example_dags/example_branch_operator_decorator.py
[2023-04-08 04:06:58,819] {processor.py:641} INFO - Processing file /home/airflow/.local/lib/python3.7/site-packages/airflow/example_dags/example_branch_operator_decorator.py for tasks to queue
[2023-04-08 04:06:58,820] {logging_mixin.py:115} INFO - [2023-04-08 04:06:58,820] {dagbag.py:507} INFO - Filling up the DagBag from /home/airflow/.local/lib/python3.7/site-packages/airflow/example_dags/example_branch_operator_decorator.py
[2023-04-08 04:06:58,831] {processor.py:651} INFO - DAG(s) dict_keys(['example_branch_python_operator_decorator']) retrieved from /home/airflow/.local/lib/python3.7/site-packages/airflow/example_dags/example_branch_operator_decorator.py
[2023-04-08 04:06:58,849] {logging_mixin.py:115} INFO - [2023-04-08 04:06:58,848] {dag.py:2371} INFO - Sync 1 DAGs
[2023-04-08 04:06:58,860] {logging_mixin.py:115} INFO - [2023-04-08 04:06:58,860] {dag.py:2919} INFO - Setting next_dagrun for example_branch_python_operator_decorator to 2023-04-07T00:00:00+00:00, run_after=2023-04-08T00:00:00+00:00
[2023-04-08 04:06:58,866] {processor.py:161} INFO - Processing /home/airflow/.local/lib/python3.7/site-packages/airflow/example_dags/example_branch_operator_decorator.py took 0.050 seconds
[2023-04-08 05:27:58,092] {processor.py:153} INFO - Started process (PID=51105) to work on /home/airflow/.local/lib/python3.7/site-packages/airflow/example_dags/example_branch_operator_decorator.py
[2023-04-08 05:27:58,092] {processor.py:641} INFO - Processing file /home/airflow/.local/lib/python3.7/site-packages/airflow/example_dags/example_branch_operator_decorator.py for tasks to queue
[2023-04-08 05:27:58,093] {logging_mixin.py:115} INFO - [2023-04-08 05:27:58,093] {dagbag.py:507} INFO - Filling up the DagBag from /home/airflow/.local/lib/python3.7/site-packages/airflow/example_dags/example_branch_operator_decorator.py
[2023-04-08 05:27:58,103] {processor.py:651} INFO - DAG(s) dict_keys(['example_branch_python_operator_decorator']) retrieved from /home/airflow/.local/lib/python3.7/site-packages/airflow/example_dags/example_branch_operator_decorator.py
[2023-04-08 05:27:58,119] {logging_mixin.py:115} INFO - [2023-04-08 05:27:58,119] {dag.py:2371} INFO - Sync 1 DAGs
[2023-04-08 05:27:58,131] {logging_mixin.py:115} INFO - [2023-04-08 05:27:58,131] {dag.py:2919} INFO - Setting next_dagrun for example_branch_python_operator_decorator to 2023-04-07T00:00:00+00:00, run_after=2023-04-08T00:00:00+00:00
[2023-04-08 05:27:58,137] {processor.py:161} INFO - Processing /home/airflow/.local/lib/python3.7/site-packages/airflow/example_dags/example_branch_operator_decorator.py took 0.047 seconds
[2023-04-08 06:37:05,403] {processor.py:153} INFO - Started process (PID=51158) to work on /home/airflow/.local/lib/python3.7/site-packages/airflow/example_dags/example_branch_operator_decorator.py
[2023-04-08 06:37:05,404] {processor.py:641} INFO - Processing file /home/airflow/.local/lib/python3.7/site-packages/airflow/example_dags/example_branch_operator_decorator.py for tasks to queue
[2023-04-08 06:37:05,404] {logging_mixin.py:115} INFO - [2023-04-08 06:37:05,404] {dagbag.py:507} INFO - Filling up the DagBag from /home/airflow/.local/lib/python3.7/site-packages/airflow/example_dags/example_branch_operator_decorator.py
[2023-04-08 06:37:05,415] {processor.py:651} INFO - DAG(s) dict_keys(['example_branch_python_operator_decorator']) retrieved from /home/airflow/.local/lib/python3.7/site-packages/airflow/example_dags/example_branch_operator_decorator.py
[2023-04-08 06:37:05,432] {logging_mixin.py:115} INFO - [2023-04-08 06:37:05,432] {dag.py:2371} INFO - Sync 1 DAGs
[2023-04-08 06:37:05,444] {logging_mixin.py:115} INFO - [2023-04-08 06:37:05,444] {dag.py:2919} INFO - Setting next_dagrun for example_branch_python_operator_decorator to 2023-04-07T00:00:00+00:00, run_after=2023-04-08T00:00:00+00:00
[2023-04-08 06:37:05,451] {processor.py:161} INFO - Processing /home/airflow/.local/lib/python3.7/site-packages/airflow/example_dags/example_branch_operator_decorator.py took 0.050 seconds
[2023-04-08 07:39:09,635] {processor.py:153} INFO - Started process (PID=51219) to work on /home/airflow/.local/lib/python3.7/site-packages/airflow/example_dags/example_branch_operator_decorator.py
[2023-04-08 07:39:09,636] {processor.py:641} INFO - Processing file /home/airflow/.local/lib/python3.7/site-packages/airflow/example_dags/example_branch_operator_decorator.py for tasks to queue
[2023-04-08 07:39:09,636] {logging_mixin.py:115} INFO - [2023-04-08 07:39:09,636] {dagbag.py:507} INFO - Filling up the DagBag from /home/airflow/.local/lib/python3.7/site-packages/airflow/example_dags/example_branch_operator_decorator.py
[2023-04-08 07:39:09,647] {processor.py:651} INFO - DAG(s) dict_keys(['example_branch_python_operator_decorator']) retrieved from /home/airflow/.local/lib/python3.7/site-packages/airflow/example_dags/example_branch_operator_decorator.py
[2023-04-08 07:39:09,665] {logging_mixin.py:115} INFO - [2023-04-08 07:39:09,665] {dag.py:2371} INFO - Sync 1 DAGs
[2023-04-08 07:39:09,677] {logging_mixin.py:115} INFO - [2023-04-08 07:39:09,677] {dag.py:2919} INFO - Setting next_dagrun for example_branch_python_operator_decorator to 2023-04-07T00:00:00+00:00, run_after=2023-04-08T00:00:00+00:00
[2023-04-08 07:39:09,683] {processor.py:161} INFO - Processing /home/airflow/.local/lib/python3.7/site-packages/airflow/example_dags/example_branch_operator_decorator.py took 0.050 seconds
[2023-04-08 09:01:42,885] {processor.py:153} INFO - Started process (PID=51281) to work on /home/airflow/.local/lib/python3.7/site-packages/airflow/example_dags/example_branch_operator_decorator.py
[2023-04-08 09:01:42,886] {processor.py:641} INFO - Processing file /home/airflow/.local/lib/python3.7/site-packages/airflow/example_dags/example_branch_operator_decorator.py for tasks to queue
[2023-04-08 09:01:42,887] {logging_mixin.py:115} INFO - [2023-04-08 09:01:42,887] {dagbag.py:507} INFO - Filling up the DagBag from /home/airflow/.local/lib/python3.7/site-packages/airflow/example_dags/example_branch_operator_decorator.py
[2023-04-08 09:01:42,897] {processor.py:651} INFO - DAG(s) dict_keys(['example_branch_python_operator_decorator']) retrieved from /home/airflow/.local/lib/python3.7/site-packages/airflow/example_dags/example_branch_operator_decorator.py
[2023-04-08 09:01:42,915] {logging_mixin.py:115} INFO - [2023-04-08 09:01:42,915] {dag.py:2371} INFO - Sync 1 DAGs
[2023-04-08 09:01:42,927] {logging_mixin.py:115} INFO - [2023-04-08 09:01:42,927] {dag.py:2919} INFO - Setting next_dagrun for example_branch_python_operator_decorator to 2023-04-07T00:00:00+00:00, run_after=2023-04-08T00:00:00+00:00
[2023-04-08 09:01:42,932] {processor.py:161} INFO - Processing /home/airflow/.local/lib/python3.7/site-packages/airflow/example_dags/example_branch_operator_decorator.py took 0.049 seconds
[2023-04-08 10:07:02,099] {processor.py:153} INFO - Started process (PID=51343) to work on /home/airflow/.local/lib/python3.7/site-packages/airflow/example_dags/example_branch_operator_decorator.py
[2023-04-08 10:07:02,099] {processor.py:641} INFO - Processing file /home/airflow/.local/lib/python3.7/site-packages/airflow/example_dags/example_branch_operator_decorator.py for tasks to queue
[2023-04-08 10:07:02,100] {logging_mixin.py:115} INFO - [2023-04-08 10:07:02,100] {dagbag.py:507} INFO - Filling up the DagBag from /home/airflow/.local/lib/python3.7/site-packages/airflow/example_dags/example_branch_operator_decorator.py
[2023-04-08 10:07:02,110] {processor.py:651} INFO - DAG(s) dict_keys(['example_branch_python_operator_decorator']) retrieved from /home/airflow/.local/lib/python3.7/site-packages/airflow/example_dags/example_branch_operator_decorator.py
[2023-04-08 10:07:02,128] {logging_mixin.py:115} INFO - [2023-04-08 10:07:02,128] {dag.py:2371} INFO - Sync 1 DAGs
[2023-04-08 10:07:02,140] {logging_mixin.py:115} INFO - [2023-04-08 10:07:02,139] {dag.py:2919} INFO - Setting next_dagrun for example_branch_python_operator_decorator to 2023-04-07T00:00:00+00:00, run_after=2023-04-08T00:00:00+00:00
[2023-04-08 10:07:02,145] {processor.py:161} INFO - Processing /home/airflow/.local/lib/python3.7/site-packages/airflow/example_dags/example_branch_operator_decorator.py took 0.049 seconds
[2023-04-08 11:14:35,498] {processor.py:153} INFO - Started process (PID=51405) to work on /home/airflow/.local/lib/python3.7/site-packages/airflow/example_dags/example_branch_operator_decorator.py
[2023-04-08 11:14:35,498] {processor.py:641} INFO - Processing file /home/airflow/.local/lib/python3.7/site-packages/airflow/example_dags/example_branch_operator_decorator.py for tasks to queue
[2023-04-08 11:14:35,499] {logging_mixin.py:115} INFO - [2023-04-08 11:14:35,499] {dagbag.py:507} INFO - Filling up the DagBag from /home/airflow/.local/lib/python3.7/site-packages/airflow/example_dags/example_branch_operator_decorator.py
[2023-04-08 11:14:35,509] {processor.py:651} INFO - DAG(s) dict_keys(['example_branch_python_operator_decorator']) retrieved from /home/airflow/.local/lib/python3.7/site-packages/airflow/example_dags/example_branch_operator_decorator.py
[2023-04-08 11:14:35,528] {logging_mixin.py:115} INFO - [2023-04-08 11:14:35,528] {dag.py:2371} INFO - Sync 1 DAGs
[2023-04-08 11:14:35,539] {logging_mixin.py:115} INFO - [2023-04-08 11:14:35,539] {dag.py:2919} INFO - Setting next_dagrun for example_branch_python_operator_decorator to 2023-04-07T00:00:00+00:00, run_after=2023-04-08T00:00:00+00:00
[2023-04-08 11:14:35,546] {processor.py:161} INFO - Processing /home/airflow/.local/lib/python3.7/site-packages/airflow/example_dags/example_branch_operator_decorator.py took 0.051 seconds
[2023-04-08 11:47:33,529] {processor.py:153} INFO - Started process (PID=51458) to work on /home/airflow/.local/lib/python3.7/site-packages/airflow/example_dags/example_branch_operator_decorator.py
[2023-04-08 11:47:33,529] {processor.py:641} INFO - Processing file /home/airflow/.local/lib/python3.7/site-packages/airflow/example_dags/example_branch_operator_decorator.py for tasks to queue
[2023-04-08 11:47:33,530] {logging_mixin.py:115} INFO - [2023-04-08 11:47:33,530] {dagbag.py:507} INFO - Filling up the DagBag from /home/airflow/.local/lib/python3.7/site-packages/airflow/example_dags/example_branch_operator_decorator.py
[2023-04-08 11:47:33,540] {processor.py:651} INFO - DAG(s) dict_keys(['example_branch_python_operator_decorator']) retrieved from /home/airflow/.local/lib/python3.7/site-packages/airflow/example_dags/example_branch_operator_decorator.py
[2023-04-08 11:47:33,558] {logging_mixin.py:115} INFO - [2023-04-08 11:47:33,558] {dag.py:2371} INFO - Sync 1 DAGs
[2023-04-08 11:47:33,569] {logging_mixin.py:115} INFO - [2023-04-08 11:47:33,569] {dag.py:2919} INFO - Setting next_dagrun for example_branch_python_operator_decorator to 2023-04-07T00:00:00+00:00, run_after=2023-04-08T00:00:00+00:00
[2023-04-08 11:47:33,575] {processor.py:161} INFO - Processing /home/airflow/.local/lib/python3.7/site-packages/airflow/example_dags/example_branch_operator_decorator.py took 0.048 seconds
[2023-04-08 11:48:04,279] {processor.py:153} INFO - Started process (PID=51521) to work on /home/airflow/.local/lib/python3.7/site-packages/airflow/example_dags/example_branch_operator_decorator.py
[2023-04-08 11:48:04,280] {processor.py:641} INFO - Processing file /home/airflow/.local/lib/python3.7/site-packages/airflow/example_dags/example_branch_operator_decorator.py for tasks to queue
[2023-04-08 11:48:04,282] {logging_mixin.py:115} INFO - [2023-04-08 11:48:04,281] {dagbag.py:507} INFO - Filling up the DagBag from /home/airflow/.local/lib/python3.7/site-packages/airflow/example_dags/example_branch_operator_decorator.py
[2023-04-08 11:48:04,292] {processor.py:651} INFO - DAG(s) dict_keys(['example_branch_python_operator_decorator']) retrieved from /home/airflow/.local/lib/python3.7/site-packages/airflow/example_dags/example_branch_operator_decorator.py
[2023-04-08 11:48:04,311] {logging_mixin.py:115} INFO - [2023-04-08 11:48:04,310] {dag.py:2371} INFO - Sync 1 DAGs
[2023-04-08 11:48:04,322] {logging_mixin.py:115} INFO - [2023-04-08 11:48:04,322] {dag.py:2919} INFO - Setting next_dagrun for example_branch_python_operator_decorator to 2023-04-07T00:00:00+00:00, run_after=2023-04-08T00:00:00+00:00
[2023-04-08 11:48:04,328] {processor.py:161} INFO - Processing /home/airflow/.local/lib/python3.7/site-packages/airflow/example_dags/example_branch_operator_decorator.py took 0.052 seconds
[2023-04-08 12:54:20,729] {processor.py:153} INFO - Started process (PID=51582) to work on /home/airflow/.local/lib/python3.7/site-packages/airflow/example_dags/example_branch_operator_decorator.py
[2023-04-08 12:54:20,730] {processor.py:641} INFO - Processing file /home/airflow/.local/lib/python3.7/site-packages/airflow/example_dags/example_branch_operator_decorator.py for tasks to queue
[2023-04-08 12:54:20,730] {logging_mixin.py:115} INFO - [2023-04-08 12:54:20,730] {dagbag.py:507} INFO - Filling up the DagBag from /home/airflow/.local/lib/python3.7/site-packages/airflow/example_dags/example_branch_operator_decorator.py
[2023-04-08 12:54:20,741] {processor.py:651} INFO - DAG(s) dict_keys(['example_branch_python_operator_decorator']) retrieved from /home/airflow/.local/lib/python3.7/site-packages/airflow/example_dags/example_branch_operator_decorator.py
[2023-04-08 12:54:20,759] {logging_mixin.py:115} INFO - [2023-04-08 12:54:20,758] {dag.py:2371} INFO - Sync 1 DAGs
[2023-04-08 12:54:20,770] {logging_mixin.py:115} INFO - [2023-04-08 12:54:20,770] {dag.py:2919} INFO - Setting next_dagrun for example_branch_python_operator_decorator to 2023-04-07T00:00:00+00:00, run_after=2023-04-08T00:00:00+00:00
[2023-04-08 12:54:20,775] {processor.py:161} INFO - Processing /home/airflow/.local/lib/python3.7/site-packages/airflow/example_dags/example_branch_operator_decorator.py took 0.048 seconds
[2023-04-08 14:13:39,894] {processor.py:153} INFO - Started process (PID=51644) to work on /home/airflow/.local/lib/python3.7/site-packages/airflow/example_dags/example_branch_operator_decorator.py
[2023-04-08 14:13:39,895] {processor.py:641} INFO - Processing file /home/airflow/.local/lib/python3.7/site-packages/airflow/example_dags/example_branch_operator_decorator.py for tasks to queue
[2023-04-08 14:13:39,895] {logging_mixin.py:115} INFO - [2023-04-08 14:13:39,895] {dagbag.py:507} INFO - Filling up the DagBag from /home/airflow/.local/lib/python3.7/site-packages/airflow/example_dags/example_branch_operator_decorator.py
[2023-04-08 14:13:39,905] {processor.py:651} INFO - DAG(s) dict_keys(['example_branch_python_operator_decorator']) retrieved from /home/airflow/.local/lib/python3.7/site-packages/airflow/example_dags/example_branch_operator_decorator.py
[2023-04-08 14:13:39,922] {logging_mixin.py:115} INFO - [2023-04-08 14:13:39,922] {dag.py:2371} INFO - Sync 1 DAGs
[2023-04-08 14:13:39,933] {logging_mixin.py:115} INFO - [2023-04-08 14:13:39,933] {dag.py:2919} INFO - Setting next_dagrun for example_branch_python_operator_decorator to 2023-04-07T00:00:00+00:00, run_after=2023-04-08T00:00:00+00:00
[2023-04-08 14:13:39,938] {processor.py:161} INFO - Processing /home/airflow/.local/lib/python3.7/site-packages/airflow/example_dags/example_branch_operator_decorator.py took 0.046 seconds
[2023-04-08 15:21:18,794] {processor.py:153} INFO - Started process (PID=51706) to work on /home/airflow/.local/lib/python3.7/site-packages/airflow/example_dags/example_branch_operator_decorator.py
[2023-04-08 15:21:18,795] {processor.py:641} INFO - Processing file /home/airflow/.local/lib/python3.7/site-packages/airflow/example_dags/example_branch_operator_decorator.py for tasks to queue
[2023-04-08 15:21:18,796] {logging_mixin.py:115} INFO - [2023-04-08 15:21:18,796] {dagbag.py:507} INFO - Filling up the DagBag from /home/airflow/.local/lib/python3.7/site-packages/airflow/example_dags/example_branch_operator_decorator.py
[2023-04-08 15:21:18,811] {processor.py:651} INFO - DAG(s) dict_keys(['example_branch_python_operator_decorator']) retrieved from /home/airflow/.local/lib/python3.7/site-packages/airflow/example_dags/example_branch_operator_decorator.py
[2023-04-08 15:21:18,832] {logging_mixin.py:115} INFO - [2023-04-08 15:21:18,832] {dag.py:2371} INFO - Sync 1 DAGs
[2023-04-08 15:21:18,848] {logging_mixin.py:115} INFO - [2023-04-08 15:21:18,848] {dag.py:2919} INFO - Setting next_dagrun for example_branch_python_operator_decorator to 2023-04-07T00:00:00+00:00, run_after=2023-04-08T00:00:00+00:00
[2023-04-08 15:21:18,855] {processor.py:161} INFO - Processing /home/airflow/.local/lib/python3.7/site-packages/airflow/example_dags/example_branch_operator_decorator.py took 0.063 seconds
[2023-04-08 16:24:54,428] {processor.py:153} INFO - Started process (PID=51759) to work on /home/airflow/.local/lib/python3.7/site-packages/airflow/example_dags/example_branch_operator_decorator.py
[2023-04-08 16:24:54,429] {processor.py:641} INFO - Processing file /home/airflow/.local/lib/python3.7/site-packages/airflow/example_dags/example_branch_operator_decorator.py for tasks to queue
[2023-04-08 16:24:54,430] {logging_mixin.py:115} INFO - [2023-04-08 16:24:54,429] {dagbag.py:507} INFO - Filling up the DagBag from /home/airflow/.local/lib/python3.7/site-packages/airflow/example_dags/example_branch_operator_decorator.py
[2023-04-08 16:24:54,440] {processor.py:651} INFO - DAG(s) dict_keys(['example_branch_python_operator_decorator']) retrieved from /home/airflow/.local/lib/python3.7/site-packages/airflow/example_dags/example_branch_operator_decorator.py
[2023-04-08 16:24:54,459] {logging_mixin.py:115} INFO - [2023-04-08 16:24:54,459] {dag.py:2371} INFO - Sync 1 DAGs
[2023-04-08 16:24:54,471] {logging_mixin.py:115} INFO - [2023-04-08 16:24:54,471] {dag.py:2919} INFO - Setting next_dagrun for example_branch_python_operator_decorator to 2023-04-07T00:00:00+00:00, run_after=2023-04-08T00:00:00+00:00
[2023-04-08 16:24:54,476] {processor.py:161} INFO - Processing /home/airflow/.local/lib/python3.7/site-packages/airflow/example_dags/example_branch_operator_decorator.py took 0.050 seconds
[2023-04-08 17:46:21,489] {processor.py:153} INFO - Started process (PID=51821) to work on /home/airflow/.local/lib/python3.7/site-packages/airflow/example_dags/example_branch_operator_decorator.py
[2023-04-08 17:46:21,489] {processor.py:641} INFO - Processing file /home/airflow/.local/lib/python3.7/site-packages/airflow/example_dags/example_branch_operator_decorator.py for tasks to queue
[2023-04-08 17:46:21,490] {logging_mixin.py:115} INFO - [2023-04-08 17:46:21,490] {dagbag.py:507} INFO - Filling up the DagBag from /home/airflow/.local/lib/python3.7/site-packages/airflow/example_dags/example_branch_operator_decorator.py
[2023-04-08 17:46:21,500] {processor.py:651} INFO - DAG(s) dict_keys(['example_branch_python_operator_decorator']) retrieved from /home/airflow/.local/lib/python3.7/site-packages/airflow/example_dags/example_branch_operator_decorator.py
[2023-04-08 17:46:21,518] {logging_mixin.py:115} INFO - [2023-04-08 17:46:21,518] {dag.py:2371} INFO - Sync 1 DAGs
[2023-04-08 17:46:21,529] {logging_mixin.py:115} INFO - [2023-04-08 17:46:21,529] {dag.py:2919} INFO - Setting next_dagrun for example_branch_python_operator_decorator to 2023-04-07T00:00:00+00:00, run_after=2023-04-08T00:00:00+00:00
[2023-04-08 17:46:21,535] {processor.py:161} INFO - Processing /home/airflow/.local/lib/python3.7/site-packages/airflow/example_dags/example_branch_operator_decorator.py took 0.049 seconds
[2023-04-08 18:52:20,822] {processor.py:153} INFO - Started process (PID=51883) to work on /home/airflow/.local/lib/python3.7/site-packages/airflow/example_dags/example_branch_operator_decorator.py
[2023-04-08 18:52:20,822] {processor.py:641} INFO - Processing file /home/airflow/.local/lib/python3.7/site-packages/airflow/example_dags/example_branch_operator_decorator.py for tasks to queue
[2023-04-08 18:52:20,823] {logging_mixin.py:115} INFO - [2023-04-08 18:52:20,823] {dagbag.py:507} INFO - Filling up the DagBag from /home/airflow/.local/lib/python3.7/site-packages/airflow/example_dags/example_branch_operator_decorator.py
[2023-04-08 18:52:20,832] {processor.py:651} INFO - DAG(s) dict_keys(['example_branch_python_operator_decorator']) retrieved from /home/airflow/.local/lib/python3.7/site-packages/airflow/example_dags/example_branch_operator_decorator.py
[2023-04-08 18:52:20,849] {logging_mixin.py:115} INFO - [2023-04-08 18:52:20,849] {dag.py:2371} INFO - Sync 1 DAGs
[2023-04-08 18:52:20,860] {logging_mixin.py:115} INFO - [2023-04-08 18:52:20,860] {dag.py:2919} INFO - Setting next_dagrun for example_branch_python_operator_decorator to 2023-04-07T00:00:00+00:00, run_after=2023-04-08T00:00:00+00:00
[2023-04-08 18:52:20,866] {processor.py:161} INFO - Processing /home/airflow/.local/lib/python3.7/site-packages/airflow/example_dags/example_branch_operator_decorator.py took 0.046 seconds
[2023-04-08 20:00:24,905] {processor.py:153} INFO - Started process (PID=51944) to work on /home/airflow/.local/lib/python3.7/site-packages/airflow/example_dags/example_branch_operator_decorator.py
[2023-04-08 20:00:24,906] {processor.py:641} INFO - Processing file /home/airflow/.local/lib/python3.7/site-packages/airflow/example_dags/example_branch_operator_decorator.py for tasks to queue
[2023-04-08 20:00:24,907] {logging_mixin.py:115} INFO - [2023-04-08 20:00:24,906] {dagbag.py:507} INFO - Filling up the DagBag from /home/airflow/.local/lib/python3.7/site-packages/airflow/example_dags/example_branch_operator_decorator.py
[2023-04-08 20:00:24,917] {processor.py:651} INFO - DAG(s) dict_keys(['example_branch_python_operator_decorator']) retrieved from /home/airflow/.local/lib/python3.7/site-packages/airflow/example_dags/example_branch_operator_decorator.py
[2023-04-08 20:00:24,935] {logging_mixin.py:115} INFO - [2023-04-08 20:00:24,935] {dag.py:2371} INFO - Sync 1 DAGs
[2023-04-08 20:00:24,946] {logging_mixin.py:115} INFO - [2023-04-08 20:00:24,946] {dag.py:2919} INFO - Setting next_dagrun for example_branch_python_operator_decorator to 2023-04-07T00:00:00+00:00, run_after=2023-04-08T00:00:00+00:00
[2023-04-08 20:00:24,952] {processor.py:161} INFO - Processing /home/airflow/.local/lib/python3.7/site-packages/airflow/example_dags/example_branch_operator_decorator.py took 0.049 seconds
[2023-04-08 20:00:55,331] {processor.py:153} INFO - Started process (PID=51997) to work on /home/airflow/.local/lib/python3.7/site-packages/airflow/example_dags/example_branch_operator_decorator.py
[2023-04-08 20:00:55,332] {processor.py:641} INFO - Processing file /home/airflow/.local/lib/python3.7/site-packages/airflow/example_dags/example_branch_operator_decorator.py for tasks to queue
[2023-04-08 20:00:55,332] {logging_mixin.py:115} INFO - [2023-04-08 20:00:55,332] {dagbag.py:507} INFO - Filling up the DagBag from /home/airflow/.local/lib/python3.7/site-packages/airflow/example_dags/example_branch_operator_decorator.py
[2023-04-08 20:00:55,343] {processor.py:651} INFO - DAG(s) dict_keys(['example_branch_python_operator_decorator']) retrieved from /home/airflow/.local/lib/python3.7/site-packages/airflow/example_dags/example_branch_operator_decorator.py
[2023-04-08 20:00:55,362] {logging_mixin.py:115} INFO - [2023-04-08 20:00:55,362] {dag.py:2371} INFO - Sync 1 DAGs
[2023-04-08 20:00:55,373] {logging_mixin.py:115} INFO - [2023-04-08 20:00:55,373] {dag.py:2919} INFO - Setting next_dagrun for example_branch_python_operator_decorator to 2023-04-07T00:00:00+00:00, run_after=2023-04-08T00:00:00+00:00
[2023-04-08 20:00:55,379] {processor.py:161} INFO - Processing /home/airflow/.local/lib/python3.7/site-packages/airflow/example_dags/example_branch_operator_decorator.py took 0.051 seconds
[2023-04-08 20:49:45,912] {processor.py:153} INFO - Started process (PID=52059) to work on /home/airflow/.local/lib/python3.7/site-packages/airflow/example_dags/example_branch_operator_decorator.py
[2023-04-08 20:49:45,913] {processor.py:641} INFO - Processing file /home/airflow/.local/lib/python3.7/site-packages/airflow/example_dags/example_branch_operator_decorator.py for tasks to queue
[2023-04-08 20:49:45,913] {logging_mixin.py:115} INFO - [2023-04-08 20:49:45,913] {dagbag.py:507} INFO - Filling up the DagBag from /home/airflow/.local/lib/python3.7/site-packages/airflow/example_dags/example_branch_operator_decorator.py
[2023-04-08 20:49:45,925] {processor.py:651} INFO - DAG(s) dict_keys(['example_branch_python_operator_decorator']) retrieved from /home/airflow/.local/lib/python3.7/site-packages/airflow/example_dags/example_branch_operator_decorator.py
[2023-04-08 20:49:45,945] {logging_mixin.py:115} INFO - [2023-04-08 20:49:45,944] {dag.py:2371} INFO - Sync 1 DAGs
[2023-04-08 20:49:45,957] {logging_mixin.py:115} INFO - [2023-04-08 20:49:45,957] {dag.py:2919} INFO - Setting next_dagrun for example_branch_python_operator_decorator to 2023-04-07T00:00:00+00:00, run_after=2023-04-08T00:00:00+00:00
[2023-04-08 20:49:45,964] {processor.py:161} INFO - Processing /home/airflow/.local/lib/python3.7/site-packages/airflow/example_dags/example_branch_operator_decorator.py took 0.054 seconds
[2023-04-08 22:14:44,497] {processor.py:153} INFO - Started process (PID=52121) to work on /home/airflow/.local/lib/python3.7/site-packages/airflow/example_dags/example_branch_operator_decorator.py
[2023-04-08 22:14:44,498] {processor.py:641} INFO - Processing file /home/airflow/.local/lib/python3.7/site-packages/airflow/example_dags/example_branch_operator_decorator.py for tasks to queue
[2023-04-08 22:14:44,499] {logging_mixin.py:115} INFO - [2023-04-08 22:14:44,499] {dagbag.py:507} INFO - Filling up the DagBag from /home/airflow/.local/lib/python3.7/site-packages/airflow/example_dags/example_branch_operator_decorator.py
[2023-04-08 22:14:44,509] {processor.py:651} INFO - DAG(s) dict_keys(['example_branch_python_operator_decorator']) retrieved from /home/airflow/.local/lib/python3.7/site-packages/airflow/example_dags/example_branch_operator_decorator.py
[2023-04-08 22:14:44,527] {logging_mixin.py:115} INFO - [2023-04-08 22:14:44,527] {dag.py:2371} INFO - Sync 1 DAGs
[2023-04-08 22:14:44,539] {logging_mixin.py:115} INFO - [2023-04-08 22:14:44,539] {dag.py:2919} INFO - Setting next_dagrun for example_branch_python_operator_decorator to 2023-04-07T00:00:00+00:00, run_after=2023-04-08T00:00:00+00:00
[2023-04-08 22:14:44,544] {processor.py:161} INFO - Processing /home/airflow/.local/lib/python3.7/site-packages/airflow/example_dags/example_branch_operator_decorator.py took 0.049 seconds
[2023-04-08 23:20:17,922] {processor.py:153} INFO - Started process (PID=52183) to work on /home/airflow/.local/lib/python3.7/site-packages/airflow/example_dags/example_branch_operator_decorator.py
[2023-04-08 23:20:17,922] {processor.py:641} INFO - Processing file /home/airflow/.local/lib/python3.7/site-packages/airflow/example_dags/example_branch_operator_decorator.py for tasks to queue
[2023-04-08 23:20:17,923] {logging_mixin.py:115} INFO - [2023-04-08 23:20:17,923] {dagbag.py:507} INFO - Filling up the DagBag from /home/airflow/.local/lib/python3.7/site-packages/airflow/example_dags/example_branch_operator_decorator.py
[2023-04-08 23:20:17,933] {processor.py:651} INFO - DAG(s) dict_keys(['example_branch_python_operator_decorator']) retrieved from /home/airflow/.local/lib/python3.7/site-packages/airflow/example_dags/example_branch_operator_decorator.py
[2023-04-08 23:20:17,950] {logging_mixin.py:115} INFO - [2023-04-08 23:20:17,950] {dag.py:2371} INFO - Sync 1 DAGs
[2023-04-08 23:20:17,964] {logging_mixin.py:115} INFO - [2023-04-08 23:20:17,964] {dag.py:2919} INFO - Setting next_dagrun for example_branch_python_operator_decorator to 2023-04-07T00:00:00+00:00, run_after=2023-04-08T00:00:00+00:00
[2023-04-08 23:20:17,971] {processor.py:161} INFO - Processing /home/airflow/.local/lib/python3.7/site-packages/airflow/example_dags/example_branch_operator_decorator.py took 0.052 seconds
