[2023-04-08 00:00:28,039] {processor.py:153} INFO - Started process (PID=50735) to work on /home/airflow/.local/lib/python3.7/site-packages/airflow/example_dags/example_branch_labels.py
[2023-04-08 00:00:28,040] {processor.py:641} INFO - Processing file /home/airflow/.local/lib/python3.7/site-packages/airflow/example_dags/example_branch_labels.py for tasks to queue
[2023-04-08 00:00:28,040] {logging_mixin.py:115} INFO - [2023-04-08 00:00:28,040] {dagbag.py:507} INFO - Filling up the DagBag from /home/airflow/.local/lib/python3.7/site-packages/airflow/example_dags/example_branch_labels.py
[2023-04-08 00:00:28,044] {processor.py:651} INFO - DAG(s) dict_keys(['example_branch_labels']) retrieved from /home/airflow/.local/lib/python3.7/site-packages/airflow/example_dags/example_branch_labels.py
[2023-04-08 00:00:28,063] {logging_mixin.py:115} INFO - [2023-04-08 00:00:28,063] {dag.py:2371} INFO - Sync 1 DAGs
[2023-04-08 00:00:28,075] {logging_mixin.py:115} INFO - [2023-04-08 00:00:28,075] {dag.py:2919} INFO - Setting next_dagrun for example_branch_labels to 2023-04-07T00:00:00+00:00, run_after=2023-04-08T00:00:00+00:00
[2023-04-08 00:00:28,081] {processor.py:161} INFO - Processing /home/airflow/.local/lib/python3.7/site-packages/airflow/example_dags/example_branch_labels.py took 0.044 seconds
[2023-04-08 01:09:13,460] {processor.py:153} INFO - Started process (PID=50796) to work on /home/airflow/.local/lib/python3.7/site-packages/airflow/example_dags/example_branch_labels.py
[2023-04-08 01:09:13,464] {processor.py:641} INFO - Processing file /home/airflow/.local/lib/python3.7/site-packages/airflow/example_dags/example_branch_labels.py for tasks to queue
[2023-04-08 01:09:13,465] {logging_mixin.py:115} INFO - [2023-04-08 01:09:13,465] {dagbag.py:507} INFO - Filling up the DagBag from /home/airflow/.local/lib/python3.7/site-packages/airflow/example_dags/example_branch_labels.py
[2023-04-08 01:09:13,470] {processor.py:651} INFO - DAG(s) dict_keys(['example_branch_labels']) retrieved from /home/airflow/.local/lib/python3.7/site-packages/airflow/example_dags/example_branch_labels.py
[2023-04-08 01:09:13,516] {logging_mixin.py:115} INFO - [2023-04-08 01:09:13,515] {dag.py:2371} INFO - Sync 1 DAGs
[2023-04-08 01:09:13,545] {logging_mixin.py:115} INFO - [2023-04-08 01:09:13,545] {dag.py:2919} INFO - Setting next_dagrun for example_branch_labels to 2023-04-07T00:00:00+00:00, run_after=2023-04-08T00:00:00+00:00
[2023-04-08 01:09:13,557] {processor.py:161} INFO - Processing /home/airflow/.local/lib/python3.7/site-packages/airflow/example_dags/example_branch_labels.py took 0.102 seconds
[2023-04-08 02:16:03,760] {processor.py:153} INFO - Started process (PID=50850) to work on /home/airflow/.local/lib/python3.7/site-packages/airflow/example_dags/example_branch_labels.py
[2023-04-08 02:16:03,761] {processor.py:641} INFO - Processing file /home/airflow/.local/lib/python3.7/site-packages/airflow/example_dags/example_branch_labels.py for tasks to queue
[2023-04-08 02:16:03,761] {logging_mixin.py:115} INFO - [2023-04-08 02:16:03,761] {dagbag.py:507} INFO - Filling up the DagBag from /home/airflow/.local/lib/python3.7/site-packages/airflow/example_dags/example_branch_labels.py
[2023-04-08 02:16:03,765] {processor.py:651} INFO - DAG(s) dict_keys(['example_branch_labels']) retrieved from /home/airflow/.local/lib/python3.7/site-packages/airflow/example_dags/example_branch_labels.py
[2023-04-08 02:16:03,787] {logging_mixin.py:115} INFO - [2023-04-08 02:16:03,787] {dag.py:2371} INFO - Sync 1 DAGs
[2023-04-08 02:16:03,799] {logging_mixin.py:115} INFO - [2023-04-08 02:16:03,799] {dag.py:2919} INFO - Setting next_dagrun for example_branch_labels to 2023-04-07T00:00:00+00:00, run_after=2023-04-08T00:00:00+00:00
[2023-04-08 02:16:03,804] {processor.py:161} INFO - Processing /home/airflow/.local/lib/python3.7/site-packages/airflow/example_dags/example_branch_labels.py took 0.046 seconds
[2023-04-08 03:21:45,150] {processor.py:153} INFO - Started process (PID=50912) to work on /home/airflow/.local/lib/python3.7/site-packages/airflow/example_dags/example_branch_labels.py
[2023-04-08 03:21:45,152] {processor.py:641} INFO - Processing file /home/airflow/.local/lib/python3.7/site-packages/airflow/example_dags/example_branch_labels.py for tasks to queue
[2023-04-08 03:21:45,152] {logging_mixin.py:115} INFO - [2023-04-08 03:21:45,152] {dagbag.py:507} INFO - Filling up the DagBag from /home/airflow/.local/lib/python3.7/site-packages/airflow/example_dags/example_branch_labels.py
[2023-04-08 03:21:45,157] {processor.py:651} INFO - DAG(s) dict_keys(['example_branch_labels']) retrieved from /home/airflow/.local/lib/python3.7/site-packages/airflow/example_dags/example_branch_labels.py
[2023-04-08 03:21:45,183] {logging_mixin.py:115} INFO - [2023-04-08 03:21:45,183] {dag.py:2371} INFO - Sync 1 DAGs
[2023-04-08 03:21:45,195] {logging_mixin.py:115} INFO - [2023-04-08 03:21:45,195] {dag.py:2919} INFO - Setting next_dagrun for example_branch_labels to 2023-04-07T00:00:00+00:00, run_after=2023-04-08T00:00:00+00:00
[2023-04-08 03:21:45,204] {processor.py:161} INFO - Processing /home/airflow/.local/lib/python3.7/site-packages/airflow/example_dags/example_branch_labels.py took 0.056 seconds
[2023-04-08 03:34:48,126] {processor.py:153} INFO - Started process (PID=50973) to work on /home/airflow/.local/lib/python3.7/site-packages/airflow/example_dags/example_branch_labels.py
[2023-04-08 03:34:48,127] {processor.py:641} INFO - Processing file /home/airflow/.local/lib/python3.7/site-packages/airflow/example_dags/example_branch_labels.py for tasks to queue
[2023-04-08 03:34:48,128] {logging_mixin.py:115} INFO - [2023-04-08 03:34:48,128] {dagbag.py:507} INFO - Filling up the DagBag from /home/airflow/.local/lib/python3.7/site-packages/airflow/example_dags/example_branch_labels.py
[2023-04-08 03:34:48,131] {processor.py:651} INFO - DAG(s) dict_keys(['example_branch_labels']) retrieved from /home/airflow/.local/lib/python3.7/site-packages/airflow/example_dags/example_branch_labels.py
[2023-04-08 03:34:48,150] {logging_mixin.py:115} INFO - [2023-04-08 03:34:48,149] {dag.py:2371} INFO - Sync 1 DAGs
[2023-04-08 03:34:48,161] {logging_mixin.py:115} INFO - [2023-04-08 03:34:48,161] {dag.py:2919} INFO - Setting next_dagrun for example_branch_labels to 2023-04-07T00:00:00+00:00, run_after=2023-04-08T00:00:00+00:00
[2023-04-08 03:34:48,167] {processor.py:161} INFO - Processing /home/airflow/.local/lib/python3.7/site-packages/airflow/example_dags/example_branch_labels.py took 0.043 seconds
[2023-04-08 04:06:58,492] {processor.py:153} INFO - Started process (PID=51035) to work on /home/airflow/.local/lib/python3.7/site-packages/airflow/example_dags/example_branch_labels.py
[2023-04-08 04:06:58,493] {processor.py:641} INFO - Processing file /home/airflow/.local/lib/python3.7/site-packages/airflow/example_dags/example_branch_labels.py for tasks to queue
[2023-04-08 04:06:58,493] {logging_mixin.py:115} INFO - [2023-04-08 04:06:58,493] {dagbag.py:507} INFO - Filling up the DagBag from /home/airflow/.local/lib/python3.7/site-packages/airflow/example_dags/example_branch_labels.py
[2023-04-08 04:06:58,497] {processor.py:651} INFO - DAG(s) dict_keys(['example_branch_labels']) retrieved from /home/airflow/.local/lib/python3.7/site-packages/airflow/example_dags/example_branch_labels.py
[2023-04-08 04:06:58,514] {logging_mixin.py:115} INFO - [2023-04-08 04:06:58,514] {dag.py:2371} INFO - Sync 1 DAGs
[2023-04-08 04:06:58,525] {logging_mixin.py:115} INFO - [2023-04-08 04:06:58,525] {dag.py:2919} INFO - Setting next_dagrun for example_branch_labels to 2023-04-07T00:00:00+00:00, run_after=2023-04-08T00:00:00+00:00
[2023-04-08 04:06:58,530] {processor.py:161} INFO - Processing /home/airflow/.local/lib/python3.7/site-packages/airflow/example_dags/example_branch_labels.py took 0.041 seconds
[2023-04-08 05:27:57,896] {processor.py:153} INFO - Started process (PID=51098) to work on /home/airflow/.local/lib/python3.7/site-packages/airflow/example_dags/example_branch_labels.py
[2023-04-08 05:27:57,897] {processor.py:641} INFO - Processing file /home/airflow/.local/lib/python3.7/site-packages/airflow/example_dags/example_branch_labels.py for tasks to queue
[2023-04-08 05:27:57,898] {logging_mixin.py:115} INFO - [2023-04-08 05:27:57,898] {dagbag.py:507} INFO - Filling up the DagBag from /home/airflow/.local/lib/python3.7/site-packages/airflow/example_dags/example_branch_labels.py
[2023-04-08 05:27:57,902] {processor.py:651} INFO - DAG(s) dict_keys(['example_branch_labels']) retrieved from /home/airflow/.local/lib/python3.7/site-packages/airflow/example_dags/example_branch_labels.py
[2023-04-08 05:27:57,920] {logging_mixin.py:115} INFO - [2023-04-08 05:27:57,919] {dag.py:2371} INFO - Sync 1 DAGs
[2023-04-08 05:27:57,931] {logging_mixin.py:115} INFO - [2023-04-08 05:27:57,931] {dag.py:2919} INFO - Setting next_dagrun for example_branch_labels to 2023-04-07T00:00:00+00:00, run_after=2023-04-08T00:00:00+00:00
[2023-04-08 05:27:57,936] {processor.py:161} INFO - Processing /home/airflow/.local/lib/python3.7/site-packages/airflow/example_dags/example_branch_labels.py took 0.042 seconds
[2023-04-08 06:37:05,139] {processor.py:153} INFO - Started process (PID=51151) to work on /home/airflow/.local/lib/python3.7/site-packages/airflow/example_dags/example_branch_labels.py
[2023-04-08 06:37:05,139] {processor.py:641} INFO - Processing file /home/airflow/.local/lib/python3.7/site-packages/airflow/example_dags/example_branch_labels.py for tasks to queue
[2023-04-08 06:37:05,140] {logging_mixin.py:115} INFO - [2023-04-08 06:37:05,140] {dagbag.py:507} INFO - Filling up the DagBag from /home/airflow/.local/lib/python3.7/site-packages/airflow/example_dags/example_branch_labels.py
[2023-04-08 06:37:05,144] {processor.py:651} INFO - DAG(s) dict_keys(['example_branch_labels']) retrieved from /home/airflow/.local/lib/python3.7/site-packages/airflow/example_dags/example_branch_labels.py
[2023-04-08 06:37:05,163] {logging_mixin.py:115} INFO - [2023-04-08 06:37:05,163] {dag.py:2371} INFO - Sync 1 DAGs
[2023-04-08 06:37:05,174] {logging_mixin.py:115} INFO - [2023-04-08 06:37:05,174] {dag.py:2919} INFO - Setting next_dagrun for example_branch_labels to 2023-04-07T00:00:00+00:00, run_after=2023-04-08T00:00:00+00:00
[2023-04-08 06:37:05,179] {processor.py:161} INFO - Processing /home/airflow/.local/lib/python3.7/site-packages/airflow/example_dags/example_branch_labels.py took 0.043 seconds
[2023-04-08 07:39:09,377] {processor.py:153} INFO - Started process (PID=51212) to work on /home/airflow/.local/lib/python3.7/site-packages/airflow/example_dags/example_branch_labels.py
[2023-04-08 07:39:09,378] {processor.py:641} INFO - Processing file /home/airflow/.local/lib/python3.7/site-packages/airflow/example_dags/example_branch_labels.py for tasks to queue
[2023-04-08 07:39:09,378] {logging_mixin.py:115} INFO - [2023-04-08 07:39:09,378] {dagbag.py:507} INFO - Filling up the DagBag from /home/airflow/.local/lib/python3.7/site-packages/airflow/example_dags/example_branch_labels.py
[2023-04-08 07:39:09,382] {processor.py:651} INFO - DAG(s) dict_keys(['example_branch_labels']) retrieved from /home/airflow/.local/lib/python3.7/site-packages/airflow/example_dags/example_branch_labels.py
[2023-04-08 07:39:09,400] {logging_mixin.py:115} INFO - [2023-04-08 07:39:09,400] {dag.py:2371} INFO - Sync 1 DAGs
[2023-04-08 07:39:09,412] {logging_mixin.py:115} INFO - [2023-04-08 07:39:09,412] {dag.py:2919} INFO - Setting next_dagrun for example_branch_labels to 2023-04-07T00:00:00+00:00, run_after=2023-04-08T00:00:00+00:00
[2023-04-08 07:39:09,417] {processor.py:161} INFO - Processing /home/airflow/.local/lib/python3.7/site-packages/airflow/example_dags/example_branch_labels.py took 0.043 seconds
[2023-04-08 09:01:42,568] {processor.py:153} INFO - Started process (PID=51274) to work on /home/airflow/.local/lib/python3.7/site-packages/airflow/example_dags/example_branch_labels.py
[2023-04-08 09:01:42,569] {processor.py:641} INFO - Processing file /home/airflow/.local/lib/python3.7/site-packages/airflow/example_dags/example_branch_labels.py for tasks to queue
[2023-04-08 09:01:42,569] {logging_mixin.py:115} INFO - [2023-04-08 09:01:42,569] {dagbag.py:507} INFO - Filling up the DagBag from /home/airflow/.local/lib/python3.7/site-packages/airflow/example_dags/example_branch_labels.py
[2023-04-08 09:01:42,573] {processor.py:651} INFO - DAG(s) dict_keys(['example_branch_labels']) retrieved from /home/airflow/.local/lib/python3.7/site-packages/airflow/example_dags/example_branch_labels.py
[2023-04-08 09:01:42,593] {logging_mixin.py:115} INFO - [2023-04-08 09:01:42,593] {dag.py:2371} INFO - Sync 1 DAGs
[2023-04-08 09:01:42,605] {logging_mixin.py:115} INFO - [2023-04-08 09:01:42,605] {dag.py:2919} INFO - Setting next_dagrun for example_branch_labels to 2023-04-07T00:00:00+00:00, run_after=2023-04-08T00:00:00+00:00
[2023-04-08 09:01:42,610] {processor.py:161} INFO - Processing /home/airflow/.local/lib/python3.7/site-packages/airflow/example_dags/example_branch_labels.py took 0.044 seconds
[2023-04-08 10:07:01,808] {processor.py:153} INFO - Started process (PID=51336) to work on /home/airflow/.local/lib/python3.7/site-packages/airflow/example_dags/example_branch_labels.py
[2023-04-08 10:07:01,809] {processor.py:641} INFO - Processing file /home/airflow/.local/lib/python3.7/site-packages/airflow/example_dags/example_branch_labels.py for tasks to queue
[2023-04-08 10:07:01,809] {logging_mixin.py:115} INFO - [2023-04-08 10:07:01,809] {dagbag.py:507} INFO - Filling up the DagBag from /home/airflow/.local/lib/python3.7/site-packages/airflow/example_dags/example_branch_labels.py
[2023-04-08 10:07:01,813] {processor.py:651} INFO - DAG(s) dict_keys(['example_branch_labels']) retrieved from /home/airflow/.local/lib/python3.7/site-packages/airflow/example_dags/example_branch_labels.py
[2023-04-08 10:07:01,831] {logging_mixin.py:115} INFO - [2023-04-08 10:07:01,831] {dag.py:2371} INFO - Sync 1 DAGs
[2023-04-08 10:07:01,843] {logging_mixin.py:115} INFO - [2023-04-08 10:07:01,843] {dag.py:2919} INFO - Setting next_dagrun for example_branch_labels to 2023-04-07T00:00:00+00:00, run_after=2023-04-08T00:00:00+00:00
[2023-04-08 10:07:01,856] {processor.py:161} INFO - Processing /home/airflow/.local/lib/python3.7/site-packages/airflow/example_dags/example_branch_labels.py took 0.050 seconds
[2023-04-08 11:14:35,250] {processor.py:153} INFO - Started process (PID=51398) to work on /home/airflow/.local/lib/python3.7/site-packages/airflow/example_dags/example_branch_labels.py
[2023-04-08 11:14:35,251] {processor.py:641} INFO - Processing file /home/airflow/.local/lib/python3.7/site-packages/airflow/example_dags/example_branch_labels.py for tasks to queue
[2023-04-08 11:14:35,252] {logging_mixin.py:115} INFO - [2023-04-08 11:14:35,252] {dagbag.py:507} INFO - Filling up the DagBag from /home/airflow/.local/lib/python3.7/site-packages/airflow/example_dags/example_branch_labels.py
[2023-04-08 11:14:35,256] {processor.py:651} INFO - DAG(s) dict_keys(['example_branch_labels']) retrieved from /home/airflow/.local/lib/python3.7/site-packages/airflow/example_dags/example_branch_labels.py
[2023-04-08 11:14:35,273] {logging_mixin.py:115} INFO - [2023-04-08 11:14:35,273] {dag.py:2371} INFO - Sync 1 DAGs
[2023-04-08 11:14:35,285] {logging_mixin.py:115} INFO - [2023-04-08 11:14:35,285] {dag.py:2919} INFO - Setting next_dagrun for example_branch_labels to 2023-04-07T00:00:00+00:00, run_after=2023-04-08T00:00:00+00:00
[2023-04-08 11:14:35,290] {processor.py:161} INFO - Processing /home/airflow/.local/lib/python3.7/site-packages/airflow/example_dags/example_branch_labels.py took 0.043 seconds
[2023-04-08 11:47:33,265] {processor.py:153} INFO - Started process (PID=51451) to work on /home/airflow/.local/lib/python3.7/site-packages/airflow/example_dags/example_branch_labels.py
[2023-04-08 11:47:33,266] {processor.py:641} INFO - Processing file /home/airflow/.local/lib/python3.7/site-packages/airflow/example_dags/example_branch_labels.py for tasks to queue
[2023-04-08 11:47:33,266] {logging_mixin.py:115} INFO - [2023-04-08 11:47:33,266] {dagbag.py:507} INFO - Filling up the DagBag from /home/airflow/.local/lib/python3.7/site-packages/airflow/example_dags/example_branch_labels.py
[2023-04-08 11:47:33,270] {processor.py:651} INFO - DAG(s) dict_keys(['example_branch_labels']) retrieved from /home/airflow/.local/lib/python3.7/site-packages/airflow/example_dags/example_branch_labels.py
[2023-04-08 11:47:33,289] {logging_mixin.py:115} INFO - [2023-04-08 11:47:33,289] {dag.py:2371} INFO - Sync 1 DAGs
[2023-04-08 11:47:33,301] {logging_mixin.py:115} INFO - [2023-04-08 11:47:33,301] {dag.py:2919} INFO - Setting next_dagrun for example_branch_labels to 2023-04-07T00:00:00+00:00, run_after=2023-04-08T00:00:00+00:00
[2023-04-08 11:47:33,307] {processor.py:161} INFO - Processing /home/airflow/.local/lib/python3.7/site-packages/airflow/example_dags/example_branch_labels.py took 0.044 seconds
[2023-04-08 11:48:04,041] {processor.py:153} INFO - Started process (PID=51514) to work on /home/airflow/.local/lib/python3.7/site-packages/airflow/example_dags/example_branch_labels.py
[2023-04-08 11:48:04,042] {processor.py:641} INFO - Processing file /home/airflow/.local/lib/python3.7/site-packages/airflow/example_dags/example_branch_labels.py for tasks to queue
[2023-04-08 11:48:04,046] {logging_mixin.py:115} INFO - [2023-04-08 11:48:04,046] {dagbag.py:507} INFO - Filling up the DagBag from /home/airflow/.local/lib/python3.7/site-packages/airflow/example_dags/example_branch_labels.py
[2023-04-08 11:48:04,050] {processor.py:651} INFO - DAG(s) dict_keys(['example_branch_labels']) retrieved from /home/airflow/.local/lib/python3.7/site-packages/airflow/example_dags/example_branch_labels.py
[2023-04-08 11:48:04,068] {logging_mixin.py:115} INFO - [2023-04-08 11:48:04,068] {dag.py:2371} INFO - Sync 1 DAGs
[2023-04-08 11:48:04,080] {logging_mixin.py:115} INFO - [2023-04-08 11:48:04,080] {dag.py:2919} INFO - Setting next_dagrun for example_branch_labels to 2023-04-07T00:00:00+00:00, run_after=2023-04-08T00:00:00+00:00
[2023-04-08 11:48:04,087] {processor.py:161} INFO - Processing /home/airflow/.local/lib/python3.7/site-packages/airflow/example_dags/example_branch_labels.py took 0.048 seconds
[2023-04-08 12:54:20,463] {processor.py:153} INFO - Started process (PID=51575) to work on /home/airflow/.local/lib/python3.7/site-packages/airflow/example_dags/example_branch_labels.py
[2023-04-08 12:54:20,464] {processor.py:641} INFO - Processing file /home/airflow/.local/lib/python3.7/site-packages/airflow/example_dags/example_branch_labels.py for tasks to queue
[2023-04-08 12:54:20,464] {logging_mixin.py:115} INFO - [2023-04-08 12:54:20,464] {dagbag.py:507} INFO - Filling up the DagBag from /home/airflow/.local/lib/python3.7/site-packages/airflow/example_dags/example_branch_labels.py
[2023-04-08 12:54:20,468] {processor.py:651} INFO - DAG(s) dict_keys(['example_branch_labels']) retrieved from /home/airflow/.local/lib/python3.7/site-packages/airflow/example_dags/example_branch_labels.py
[2023-04-08 12:54:20,487] {logging_mixin.py:115} INFO - [2023-04-08 12:54:20,487] {dag.py:2371} INFO - Sync 1 DAGs
[2023-04-08 12:54:20,498] {logging_mixin.py:115} INFO - [2023-04-08 12:54:20,498] {dag.py:2919} INFO - Setting next_dagrun for example_branch_labels to 2023-04-07T00:00:00+00:00, run_after=2023-04-08T00:00:00+00:00
[2023-04-08 12:54:20,504] {processor.py:161} INFO - Processing /home/airflow/.local/lib/python3.7/site-packages/airflow/example_dags/example_branch_labels.py took 0.043 seconds
[2023-04-08 14:13:39,690] {processor.py:153} INFO - Started process (PID=51637) to work on /home/airflow/.local/lib/python3.7/site-packages/airflow/example_dags/example_branch_labels.py
[2023-04-08 14:13:39,690] {processor.py:641} INFO - Processing file /home/airflow/.local/lib/python3.7/site-packages/airflow/example_dags/example_branch_labels.py for tasks to queue
[2023-04-08 14:13:39,691] {logging_mixin.py:115} INFO - [2023-04-08 14:13:39,691] {dagbag.py:507} INFO - Filling up the DagBag from /home/airflow/.local/lib/python3.7/site-packages/airflow/example_dags/example_branch_labels.py
[2023-04-08 14:13:39,695] {processor.py:651} INFO - DAG(s) dict_keys(['example_branch_labels']) retrieved from /home/airflow/.local/lib/python3.7/site-packages/airflow/example_dags/example_branch_labels.py
[2023-04-08 14:13:39,713] {logging_mixin.py:115} INFO - [2023-04-08 14:13:39,713] {dag.py:2371} INFO - Sync 1 DAGs
[2023-04-08 14:13:39,726] {logging_mixin.py:115} INFO - [2023-04-08 14:13:39,725] {dag.py:2919} INFO - Setting next_dagrun for example_branch_labels to 2023-04-07T00:00:00+00:00, run_after=2023-04-08T00:00:00+00:00
[2023-04-08 14:13:39,730] {processor.py:161} INFO - Processing /home/airflow/.local/lib/python3.7/site-packages/airflow/example_dags/example_branch_labels.py took 0.043 seconds
[2023-04-08 15:21:18,509] {processor.py:153} INFO - Started process (PID=51697) to work on /home/airflow/.local/lib/python3.7/site-packages/airflow/example_dags/example_branch_labels.py
[2023-04-08 15:21:18,510] {processor.py:641} INFO - Processing file /home/airflow/.local/lib/python3.7/site-packages/airflow/example_dags/example_branch_labels.py for tasks to queue
[2023-04-08 15:21:18,511] {logging_mixin.py:115} INFO - [2023-04-08 15:21:18,511] {dagbag.py:507} INFO - Filling up the DagBag from /home/airflow/.local/lib/python3.7/site-packages/airflow/example_dags/example_branch_labels.py
[2023-04-08 15:21:18,515] {processor.py:651} INFO - DAG(s) dict_keys(['example_branch_labels']) retrieved from /home/airflow/.local/lib/python3.7/site-packages/airflow/example_dags/example_branch_labels.py
[2023-04-08 15:21:18,533] {logging_mixin.py:115} INFO - [2023-04-08 15:21:18,533] {dag.py:2371} INFO - Sync 1 DAGs
[2023-04-08 15:21:18,545] {logging_mixin.py:115} INFO - [2023-04-08 15:21:18,545] {dag.py:2919} INFO - Setting next_dagrun for example_branch_labels to 2023-04-07T00:00:00+00:00, run_after=2023-04-08T00:00:00+00:00
[2023-04-08 15:21:18,551] {processor.py:161} INFO - Processing /home/airflow/.local/lib/python3.7/site-packages/airflow/example_dags/example_branch_labels.py took 0.044 seconds
[2023-04-08 16:24:54,192] {processor.py:153} INFO - Started process (PID=51752) to work on /home/airflow/.local/lib/python3.7/site-packages/airflow/example_dags/example_branch_labels.py
[2023-04-08 16:24:54,193] {processor.py:641} INFO - Processing file /home/airflow/.local/lib/python3.7/site-packages/airflow/example_dags/example_branch_labels.py for tasks to queue
[2023-04-08 16:24:54,193] {logging_mixin.py:115} INFO - [2023-04-08 16:24:54,193] {dagbag.py:507} INFO - Filling up the DagBag from /home/airflow/.local/lib/python3.7/site-packages/airflow/example_dags/example_branch_labels.py
[2023-04-08 16:24:54,197] {processor.py:651} INFO - DAG(s) dict_keys(['example_branch_labels']) retrieved from /home/airflow/.local/lib/python3.7/site-packages/airflow/example_dags/example_branch_labels.py
[2023-04-08 16:24:54,214] {logging_mixin.py:115} INFO - [2023-04-08 16:24:54,214] {dag.py:2371} INFO - Sync 1 DAGs
[2023-04-08 16:24:54,225] {logging_mixin.py:115} INFO - [2023-04-08 16:24:54,225] {dag.py:2919} INFO - Setting next_dagrun for example_branch_labels to 2023-04-07T00:00:00+00:00, run_after=2023-04-08T00:00:00+00:00
[2023-04-08 16:24:54,230] {processor.py:161} INFO - Processing /home/airflow/.local/lib/python3.7/site-packages/airflow/example_dags/example_branch_labels.py took 0.039 seconds
[2023-04-08 17:46:21,248] {processor.py:153} INFO - Started process (PID=51814) to work on /home/airflow/.local/lib/python3.7/site-packages/airflow/example_dags/example_branch_labels.py
[2023-04-08 17:46:21,249] {processor.py:641} INFO - Processing file /home/airflow/.local/lib/python3.7/site-packages/airflow/example_dags/example_branch_labels.py for tasks to queue
[2023-04-08 17:46:21,249] {logging_mixin.py:115} INFO - [2023-04-08 17:46:21,249] {dagbag.py:507} INFO - Filling up the DagBag from /home/airflow/.local/lib/python3.7/site-packages/airflow/example_dags/example_branch_labels.py
[2023-04-08 17:46:21,253] {processor.py:651} INFO - DAG(s) dict_keys(['example_branch_labels']) retrieved from /home/airflow/.local/lib/python3.7/site-packages/airflow/example_dags/example_branch_labels.py
[2023-04-08 17:46:21,272] {logging_mixin.py:115} INFO - [2023-04-08 17:46:21,272] {dag.py:2371} INFO - Sync 1 DAGs
[2023-04-08 17:46:21,283] {logging_mixin.py:115} INFO - [2023-04-08 17:46:21,283] {dag.py:2919} INFO - Setting next_dagrun for example_branch_labels to 2023-04-07T00:00:00+00:00, run_after=2023-04-08T00:00:00+00:00
[2023-04-08 17:46:21,289] {processor.py:161} INFO - Processing /home/airflow/.local/lib/python3.7/site-packages/airflow/example_dags/example_branch_labels.py took 0.043 seconds
[2023-04-08 18:52:20,634] {processor.py:153} INFO - Started process (PID=51876) to work on /home/airflow/.local/lib/python3.7/site-packages/airflow/example_dags/example_branch_labels.py
[2023-04-08 18:52:20,634] {processor.py:641} INFO - Processing file /home/airflow/.local/lib/python3.7/site-packages/airflow/example_dags/example_branch_labels.py for tasks to queue
[2023-04-08 18:52:20,635] {logging_mixin.py:115} INFO - [2023-04-08 18:52:20,635] {dagbag.py:507} INFO - Filling up the DagBag from /home/airflow/.local/lib/python3.7/site-packages/airflow/example_dags/example_branch_labels.py
[2023-04-08 18:52:20,639] {processor.py:651} INFO - DAG(s) dict_keys(['example_branch_labels']) retrieved from /home/airflow/.local/lib/python3.7/site-packages/airflow/example_dags/example_branch_labels.py
[2023-04-08 18:52:20,656] {logging_mixin.py:115} INFO - [2023-04-08 18:52:20,656] {dag.py:2371} INFO - Sync 1 DAGs
[2023-04-08 18:52:20,668] {logging_mixin.py:115} INFO - [2023-04-08 18:52:20,668] {dag.py:2919} INFO - Setting next_dagrun for example_branch_labels to 2023-04-07T00:00:00+00:00, run_after=2023-04-08T00:00:00+00:00
[2023-04-08 18:52:20,673] {processor.py:161} INFO - Processing /home/airflow/.local/lib/python3.7/site-packages/airflow/example_dags/example_branch_labels.py took 0.042 seconds
[2023-04-08 20:00:24,667] {processor.py:153} INFO - Started process (PID=51937) to work on /home/airflow/.local/lib/python3.7/site-packages/airflow/example_dags/example_branch_labels.py
[2023-04-08 20:00:24,668] {processor.py:641} INFO - Processing file /home/airflow/.local/lib/python3.7/site-packages/airflow/example_dags/example_branch_labels.py for tasks to queue
[2023-04-08 20:00:24,669] {logging_mixin.py:115} INFO - [2023-04-08 20:00:24,669] {dagbag.py:507} INFO - Filling up the DagBag from /home/airflow/.local/lib/python3.7/site-packages/airflow/example_dags/example_branch_labels.py
[2023-04-08 20:00:24,673] {processor.py:651} INFO - DAG(s) dict_keys(['example_branch_labels']) retrieved from /home/airflow/.local/lib/python3.7/site-packages/airflow/example_dags/example_branch_labels.py
[2023-04-08 20:00:24,691] {logging_mixin.py:115} INFO - [2023-04-08 20:00:24,691] {dag.py:2371} INFO - Sync 1 DAGs
[2023-04-08 20:00:24,703] {logging_mixin.py:115} INFO - [2023-04-08 20:00:24,703] {dag.py:2919} INFO - Setting next_dagrun for example_branch_labels to 2023-04-07T00:00:00+00:00, run_after=2023-04-08T00:00:00+00:00
[2023-04-08 20:00:24,708] {processor.py:161} INFO - Processing /home/airflow/.local/lib/python3.7/site-packages/airflow/example_dags/example_branch_labels.py took 0.043 seconds
[2023-04-08 20:00:55,070] {processor.py:153} INFO - Started process (PID=51990) to work on /home/airflow/.local/lib/python3.7/site-packages/airflow/example_dags/example_branch_labels.py
[2023-04-08 20:00:55,071] {processor.py:641} INFO - Processing file /home/airflow/.local/lib/python3.7/site-packages/airflow/example_dags/example_branch_labels.py for tasks to queue
[2023-04-08 20:00:55,072] {logging_mixin.py:115} INFO - [2023-04-08 20:00:55,072] {dagbag.py:507} INFO - Filling up the DagBag from /home/airflow/.local/lib/python3.7/site-packages/airflow/example_dags/example_branch_labels.py
[2023-04-08 20:00:55,076] {processor.py:651} INFO - DAG(s) dict_keys(['example_branch_labels']) retrieved from /home/airflow/.local/lib/python3.7/site-packages/airflow/example_dags/example_branch_labels.py
[2023-04-08 20:00:55,094] {logging_mixin.py:115} INFO - [2023-04-08 20:00:55,094] {dag.py:2371} INFO - Sync 1 DAGs
[2023-04-08 20:00:55,105] {logging_mixin.py:115} INFO - [2023-04-08 20:00:55,105] {dag.py:2919} INFO - Setting next_dagrun for example_branch_labels to 2023-04-07T00:00:00+00:00, run_after=2023-04-08T00:00:00+00:00
[2023-04-08 20:00:55,113] {processor.py:161} INFO - Processing /home/airflow/.local/lib/python3.7/site-packages/airflow/example_dags/example_branch_labels.py took 0.045 seconds
[2023-04-08 20:49:44,962] {processor.py:153} INFO - Started process (PID=52052) to work on /home/airflow/.local/lib/python3.7/site-packages/airflow/example_dags/example_branch_labels.py
[2023-04-08 20:49:44,964] {processor.py:641} INFO - Processing file /home/airflow/.local/lib/python3.7/site-packages/airflow/example_dags/example_branch_labels.py for tasks to queue
[2023-04-08 20:49:44,966] {logging_mixin.py:115} INFO - [2023-04-08 20:49:44,966] {dagbag.py:507} INFO - Filling up the DagBag from /home/airflow/.local/lib/python3.7/site-packages/airflow/example_dags/example_branch_labels.py
[2023-04-08 20:49:44,988] {processor.py:651} INFO - DAG(s) dict_keys(['example_branch_labels']) retrieved from /home/airflow/.local/lib/python3.7/site-packages/airflow/example_dags/example_branch_labels.py
[2023-04-08 20:49:45,046] {logging_mixin.py:115} INFO - [2023-04-08 20:49:45,046] {dag.py:2371} INFO - Sync 1 DAGs
[2023-04-08 20:49:45,095] {logging_mixin.py:115} INFO - [2023-04-08 20:49:45,095] {dag.py:2919} INFO - Setting next_dagrun for example_branch_labels to 2023-04-07T00:00:00+00:00, run_after=2023-04-08T00:00:00+00:00
[2023-04-08 20:49:45,116] {processor.py:161} INFO - Processing /home/airflow/.local/lib/python3.7/site-packages/airflow/example_dags/example_branch_labels.py took 0.173 seconds
[2023-04-08 22:14:44,182] {processor.py:153} INFO - Started process (PID=52114) to work on /home/airflow/.local/lib/python3.7/site-packages/airflow/example_dags/example_branch_labels.py
[2023-04-08 22:14:44,183] {processor.py:641} INFO - Processing file /home/airflow/.local/lib/python3.7/site-packages/airflow/example_dags/example_branch_labels.py for tasks to queue
[2023-04-08 22:14:44,183] {logging_mixin.py:115} INFO - [2023-04-08 22:14:44,183] {dagbag.py:507} INFO - Filling up the DagBag from /home/airflow/.local/lib/python3.7/site-packages/airflow/example_dags/example_branch_labels.py
[2023-04-08 22:14:44,187] {processor.py:651} INFO - DAG(s) dict_keys(['example_branch_labels']) retrieved from /home/airflow/.local/lib/python3.7/site-packages/airflow/example_dags/example_branch_labels.py
[2023-04-08 22:14:44,204] {logging_mixin.py:115} INFO - [2023-04-08 22:14:44,204] {dag.py:2371} INFO - Sync 1 DAGs
[2023-04-08 22:14:44,216] {logging_mixin.py:115} INFO - [2023-04-08 22:14:44,216] {dag.py:2919} INFO - Setting next_dagrun for example_branch_labels to 2023-04-07T00:00:00+00:00, run_after=2023-04-08T00:00:00+00:00
[2023-04-08 22:14:44,221] {processor.py:161} INFO - Processing /home/airflow/.local/lib/python3.7/site-packages/airflow/example_dags/example_branch_labels.py took 0.041 seconds
[2023-04-08 23:20:17,692] {processor.py:153} INFO - Started process (PID=52176) to work on /home/airflow/.local/lib/python3.7/site-packages/airflow/example_dags/example_branch_labels.py
[2023-04-08 23:20:17,693] {processor.py:641} INFO - Processing file /home/airflow/.local/lib/python3.7/site-packages/airflow/example_dags/example_branch_labels.py for tasks to queue
[2023-04-08 23:20:17,693] {logging_mixin.py:115} INFO - [2023-04-08 23:20:17,693] {dagbag.py:507} INFO - Filling up the DagBag from /home/airflow/.local/lib/python3.7/site-packages/airflow/example_dags/example_branch_labels.py
[2023-04-08 23:20:17,698] {processor.py:651} INFO - DAG(s) dict_keys(['example_branch_labels']) retrieved from /home/airflow/.local/lib/python3.7/site-packages/airflow/example_dags/example_branch_labels.py
[2023-04-08 23:20:17,717] {logging_mixin.py:115} INFO - [2023-04-08 23:20:17,717] {dag.py:2371} INFO - Sync 1 DAGs
[2023-04-08 23:20:17,730] {logging_mixin.py:115} INFO - [2023-04-08 23:20:17,730] {dag.py:2919} INFO - Setting next_dagrun for example_branch_labels to 2023-04-07T00:00:00+00:00, run_after=2023-04-08T00:00:00+00:00
[2023-04-08 23:20:17,736] {processor.py:161} INFO - Processing /home/airflow/.local/lib/python3.7/site-packages/airflow/example_dags/example_branch_labels.py took 0.046 seconds
