[2023-04-08 00:00:27,395] {processor.py:153} INFO - Started process (PID=50719) to work on /home/airflow/.local/lib/python3.7/site-packages/airflow/example_dags/example_bash_operator.py
[2023-04-08 00:00:27,396] {processor.py:641} INFO - Processing file /home/airflow/.local/lib/python3.7/site-packages/airflow/example_dags/example_bash_operator.py for tasks to queue
[2023-04-08 00:00:27,396] {logging_mixin.py:115} INFO - [2023-04-08 00:00:27,396] {dagbag.py:507} INFO - Filling up the DagBag from /home/airflow/.local/lib/python3.7/site-packages/airflow/example_dags/example_bash_operator.py
[2023-04-08 00:00:27,405] {processor.py:651} INFO - DAG(s) dict_keys(['example_bash_operator']) retrieved from /home/airflow/.local/lib/python3.7/site-packages/airflow/example_dags/example_bash_operator.py
[2023-04-08 00:00:27,425] {logging_mixin.py:115} INFO - [2023-04-08 00:00:27,425] {dag.py:2371} INFO - Sync 1 DAGs
[2023-04-08 00:00:27,438] {logging_mixin.py:115} INFO - [2023-04-08 00:00:27,438] {dag.py:2919} INFO - Setting next_dagrun for example_bash_operator to 2023-04-07T00:00:00+00:00, run_after=2023-04-08T00:00:00+00:00
[2023-04-08 00:00:27,444] {processor.py:161} INFO - Processing /home/airflow/.local/lib/python3.7/site-packages/airflow/example_dags/example_bash_operator.py took 0.052 seconds
[2023-04-08 01:09:12,342] {processor.py:153} INFO - Started process (PID=50778) to work on /home/airflow/.local/lib/python3.7/site-packages/airflow/example_dags/example_bash_operator.py
[2023-04-08 01:09:12,343] {processor.py:641} INFO - Processing file /home/airflow/.local/lib/python3.7/site-packages/airflow/example_dags/example_bash_operator.py for tasks to queue
[2023-04-08 01:09:12,344] {logging_mixin.py:115} INFO - [2023-04-08 01:09:12,344] {dagbag.py:507} INFO - Filling up the DagBag from /home/airflow/.local/lib/python3.7/site-packages/airflow/example_dags/example_bash_operator.py
[2023-04-08 01:09:12,352] {processor.py:651} INFO - DAG(s) dict_keys(['example_bash_operator']) retrieved from /home/airflow/.local/lib/python3.7/site-packages/airflow/example_dags/example_bash_operator.py
[2023-04-08 01:09:12,377] {logging_mixin.py:115} INFO - [2023-04-08 01:09:12,377] {dag.py:2371} INFO - Sync 1 DAGs
[2023-04-08 01:09:12,395] {logging_mixin.py:115} INFO - [2023-04-08 01:09:12,395] {dag.py:2919} INFO - Setting next_dagrun for example_bash_operator to 2023-04-07T00:00:00+00:00, run_after=2023-04-08T00:00:00+00:00
[2023-04-08 01:09:12,404] {processor.py:161} INFO - Processing /home/airflow/.local/lib/python3.7/site-packages/airflow/example_dags/example_bash_operator.py took 0.064 seconds
[2023-04-08 02:16:02,881] {processor.py:153} INFO - Started process (PID=50834) to work on /home/airflow/.local/lib/python3.7/site-packages/airflow/example_dags/example_bash_operator.py
[2023-04-08 02:16:02,882] {processor.py:641} INFO - Processing file /home/airflow/.local/lib/python3.7/site-packages/airflow/example_dags/example_bash_operator.py for tasks to queue
[2023-04-08 02:16:02,883] {logging_mixin.py:115} INFO - [2023-04-08 02:16:02,883] {dagbag.py:507} INFO - Filling up the DagBag from /home/airflow/.local/lib/python3.7/site-packages/airflow/example_dags/example_bash_operator.py
[2023-04-08 02:16:02,898] {processor.py:651} INFO - DAG(s) dict_keys(['example_bash_operator']) retrieved from /home/airflow/.local/lib/python3.7/site-packages/airflow/example_dags/example_bash_operator.py
[2023-04-08 02:16:02,941] {logging_mixin.py:115} INFO - [2023-04-08 02:16:02,941] {dag.py:2371} INFO - Sync 1 DAGs
[2023-04-08 02:16:02,967] {logging_mixin.py:115} INFO - [2023-04-08 02:16:02,967] {dag.py:2919} INFO - Setting next_dagrun for example_bash_operator to 2023-04-07T00:00:00+00:00, run_after=2023-04-08T00:00:00+00:00
[2023-04-08 02:16:02,984] {processor.py:161} INFO - Processing /home/airflow/.local/lib/python3.7/site-packages/airflow/example_dags/example_bash_operator.py took 0.110 seconds
[2023-04-08 03:21:44,042] {processor.py:153} INFO - Started process (PID=50896) to work on /home/airflow/.local/lib/python3.7/site-packages/airflow/example_dags/example_bash_operator.py
[2023-04-08 03:21:44,043] {processor.py:641} INFO - Processing file /home/airflow/.local/lib/python3.7/site-packages/airflow/example_dags/example_bash_operator.py for tasks to queue
[2023-04-08 03:21:44,043] {logging_mixin.py:115} INFO - [2023-04-08 03:21:44,043] {dagbag.py:507} INFO - Filling up the DagBag from /home/airflow/.local/lib/python3.7/site-packages/airflow/example_dags/example_bash_operator.py
[2023-04-08 03:21:44,051] {processor.py:651} INFO - DAG(s) dict_keys(['example_bash_operator']) retrieved from /home/airflow/.local/lib/python3.7/site-packages/airflow/example_dags/example_bash_operator.py
[2023-04-08 03:21:44,067] {logging_mixin.py:115} INFO - [2023-04-08 03:21:44,067] {dag.py:2371} INFO - Sync 1 DAGs
[2023-04-08 03:21:44,103] {logging_mixin.py:115} INFO - [2023-04-08 03:21:44,103] {dag.py:2919} INFO - Setting next_dagrun for example_bash_operator to 2023-04-07T00:00:00+00:00, run_after=2023-04-08T00:00:00+00:00
[2023-04-08 03:21:44,115] {processor.py:161} INFO - Processing /home/airflow/.local/lib/python3.7/site-packages/airflow/example_dags/example_bash_operator.py took 0.075 seconds
[2023-04-08 03:34:47,433] {processor.py:153} INFO - Started process (PID=50957) to work on /home/airflow/.local/lib/python3.7/site-packages/airflow/example_dags/example_bash_operator.py
[2023-04-08 03:34:47,435] {processor.py:641} INFO - Processing file /home/airflow/.local/lib/python3.7/site-packages/airflow/example_dags/example_bash_operator.py for tasks to queue
[2023-04-08 03:34:47,439] {logging_mixin.py:115} INFO - [2023-04-08 03:34:47,438] {dagbag.py:507} INFO - Filling up the DagBag from /home/airflow/.local/lib/python3.7/site-packages/airflow/example_dags/example_bash_operator.py
[2023-04-08 03:34:47,463] {processor.py:651} INFO - DAG(s) dict_keys(['example_bash_operator']) retrieved from /home/airflow/.local/lib/python3.7/site-packages/airflow/example_dags/example_bash_operator.py
[2023-04-08 03:34:47,524] {logging_mixin.py:115} INFO - [2023-04-08 03:34:47,523] {dag.py:2371} INFO - Sync 1 DAGs
[2023-04-08 03:34:47,557] {logging_mixin.py:115} INFO - [2023-04-08 03:34:47,557] {dag.py:2919} INFO - Setting next_dagrun for example_bash_operator to 2023-04-07T00:00:00+00:00, run_after=2023-04-08T00:00:00+00:00
[2023-04-08 03:34:47,573] {processor.py:161} INFO - Processing /home/airflow/.local/lib/python3.7/site-packages/airflow/example_dags/example_bash_operator.py took 0.143 seconds
[2023-04-08 04:06:57,276] {processor.py:153} INFO - Started process (PID=51019) to work on /home/airflow/.local/lib/python3.7/site-packages/airflow/example_dags/example_bash_operator.py
[2023-04-08 04:06:57,277] {processor.py:641} INFO - Processing file /home/airflow/.local/lib/python3.7/site-packages/airflow/example_dags/example_bash_operator.py for tasks to queue
[2023-04-08 04:06:57,278] {logging_mixin.py:115} INFO - [2023-04-08 04:06:57,278] {dagbag.py:507} INFO - Filling up the DagBag from /home/airflow/.local/lib/python3.7/site-packages/airflow/example_dags/example_bash_operator.py
[2023-04-08 04:06:57,306] {processor.py:651} INFO - DAG(s) dict_keys(['example_bash_operator']) retrieved from /home/airflow/.local/lib/python3.7/site-packages/airflow/example_dags/example_bash_operator.py
[2023-04-08 04:06:57,348] {logging_mixin.py:115} INFO - [2023-04-08 04:06:57,348] {dag.py:2371} INFO - Sync 1 DAGs
[2023-04-08 04:06:57,369] {logging_mixin.py:115} INFO - [2023-04-08 04:06:57,369] {dag.py:2919} INFO - Setting next_dagrun for example_bash_operator to 2023-04-07T00:00:00+00:00, run_after=2023-04-08T00:00:00+00:00
[2023-04-08 04:06:57,385] {processor.py:161} INFO - Processing /home/airflow/.local/lib/python3.7/site-packages/airflow/example_dags/example_bash_operator.py took 0.112 seconds
[2023-04-08 05:27:57,195] {processor.py:153} INFO - Started process (PID=51082) to work on /home/airflow/.local/lib/python3.7/site-packages/airflow/example_dags/example_bash_operator.py
[2023-04-08 05:27:57,196] {processor.py:641} INFO - Processing file /home/airflow/.local/lib/python3.7/site-packages/airflow/example_dags/example_bash_operator.py for tasks to queue
[2023-04-08 05:27:57,197] {logging_mixin.py:115} INFO - [2023-04-08 05:27:57,197] {dagbag.py:507} INFO - Filling up the DagBag from /home/airflow/.local/lib/python3.7/site-packages/airflow/example_dags/example_bash_operator.py
[2023-04-08 05:27:57,207] {processor.py:651} INFO - DAG(s) dict_keys(['example_bash_operator']) retrieved from /home/airflow/.local/lib/python3.7/site-packages/airflow/example_dags/example_bash_operator.py
[2023-04-08 05:27:57,226] {logging_mixin.py:115} INFO - [2023-04-08 05:27:57,226] {dag.py:2371} INFO - Sync 1 DAGs
[2023-04-08 05:27:57,238] {logging_mixin.py:115} INFO - [2023-04-08 05:27:57,238] {dag.py:2919} INFO - Setting next_dagrun for example_bash_operator to 2023-04-07T00:00:00+00:00, run_after=2023-04-08T00:00:00+00:00
[2023-04-08 05:27:57,267] {processor.py:161} INFO - Processing /home/airflow/.local/lib/python3.7/site-packages/airflow/example_dags/example_bash_operator.py took 0.074 seconds
[2023-04-08 06:37:04,458] {processor.py:153} INFO - Started process (PID=51135) to work on /home/airflow/.local/lib/python3.7/site-packages/airflow/example_dags/example_bash_operator.py
[2023-04-08 06:37:04,459] {processor.py:641} INFO - Processing file /home/airflow/.local/lib/python3.7/site-packages/airflow/example_dags/example_bash_operator.py for tasks to queue
[2023-04-08 06:37:04,462] {logging_mixin.py:115} INFO - [2023-04-08 06:37:04,462] {dagbag.py:507} INFO - Filling up the DagBag from /home/airflow/.local/lib/python3.7/site-packages/airflow/example_dags/example_bash_operator.py
[2023-04-08 06:37:04,471] {processor.py:651} INFO - DAG(s) dict_keys(['example_bash_operator']) retrieved from /home/airflow/.local/lib/python3.7/site-packages/airflow/example_dags/example_bash_operator.py
[2023-04-08 06:37:04,512] {logging_mixin.py:115} INFO - [2023-04-08 06:37:04,512] {dag.py:2371} INFO - Sync 1 DAGs
[2023-04-08 06:37:04,551] {logging_mixin.py:115} INFO - [2023-04-08 06:37:04,551] {dag.py:2919} INFO - Setting next_dagrun for example_bash_operator to 2023-04-07T00:00:00+00:00, run_after=2023-04-08T00:00:00+00:00
[2023-04-08 06:37:04,560] {processor.py:161} INFO - Processing /home/airflow/.local/lib/python3.7/site-packages/airflow/example_dags/example_bash_operator.py took 0.105 seconds
[2023-04-08 07:39:08,241] {processor.py:153} INFO - Started process (PID=51196) to work on /home/airflow/.local/lib/python3.7/site-packages/airflow/example_dags/example_bash_operator.py
[2023-04-08 07:39:08,243] {processor.py:641} INFO - Processing file /home/airflow/.local/lib/python3.7/site-packages/airflow/example_dags/example_bash_operator.py for tasks to queue
[2023-04-08 07:39:08,244] {logging_mixin.py:115} INFO - [2023-04-08 07:39:08,244] {dagbag.py:507} INFO - Filling up the DagBag from /home/airflow/.local/lib/python3.7/site-packages/airflow/example_dags/example_bash_operator.py
[2023-04-08 07:39:08,271] {processor.py:651} INFO - DAG(s) dict_keys(['example_bash_operator']) retrieved from /home/airflow/.local/lib/python3.7/site-packages/airflow/example_dags/example_bash_operator.py
[2023-04-08 07:39:08,311] {logging_mixin.py:115} INFO - [2023-04-08 07:39:08,310] {dag.py:2371} INFO - Sync 1 DAGs
[2023-04-08 07:39:08,336] {logging_mixin.py:115} INFO - [2023-04-08 07:39:08,336] {dag.py:2919} INFO - Setting next_dagrun for example_bash_operator to 2023-04-07T00:00:00+00:00, run_after=2023-04-08T00:00:00+00:00
[2023-04-08 07:39:08,346] {processor.py:161} INFO - Processing /home/airflow/.local/lib/python3.7/site-packages/airflow/example_dags/example_bash_operator.py took 0.109 seconds
[2023-04-08 09:01:41,969] {processor.py:153} INFO - Started process (PID=51258) to work on /home/airflow/.local/lib/python3.7/site-packages/airflow/example_dags/example_bash_operator.py
[2023-04-08 09:01:41,971] {processor.py:641} INFO - Processing file /home/airflow/.local/lib/python3.7/site-packages/airflow/example_dags/example_bash_operator.py for tasks to queue
[2023-04-08 09:01:41,972] {logging_mixin.py:115} INFO - [2023-04-08 09:01:41,972] {dagbag.py:507} INFO - Filling up the DagBag from /home/airflow/.local/lib/python3.7/site-packages/airflow/example_dags/example_bash_operator.py
[2023-04-08 09:01:41,983] {processor.py:651} INFO - DAG(s) dict_keys(['example_bash_operator']) retrieved from /home/airflow/.local/lib/python3.7/site-packages/airflow/example_dags/example_bash_operator.py
[2023-04-08 09:01:42,002] {logging_mixin.py:115} INFO - [2023-04-08 09:01:42,002] {dag.py:2371} INFO - Sync 1 DAGs
[2023-04-08 09:01:42,016] {logging_mixin.py:115} INFO - [2023-04-08 09:01:42,016] {dag.py:2919} INFO - Setting next_dagrun for example_bash_operator to 2023-04-07T00:00:00+00:00, run_after=2023-04-08T00:00:00+00:00
[2023-04-08 09:01:42,022] {processor.py:161} INFO - Processing /home/airflow/.local/lib/python3.7/site-packages/airflow/example_dags/example_bash_operator.py took 0.056 seconds
[2023-04-08 10:07:01,019] {processor.py:153} INFO - Started process (PID=51320) to work on /home/airflow/.local/lib/python3.7/site-packages/airflow/example_dags/example_bash_operator.py
[2023-04-08 10:07:01,023] {processor.py:641} INFO - Processing file /home/airflow/.local/lib/python3.7/site-packages/airflow/example_dags/example_bash_operator.py for tasks to queue
[2023-04-08 10:07:01,024] {logging_mixin.py:115} INFO - [2023-04-08 10:07:01,024] {dagbag.py:507} INFO - Filling up the DagBag from /home/airflow/.local/lib/python3.7/site-packages/airflow/example_dags/example_bash_operator.py
[2023-04-08 10:07:01,047] {processor.py:651} INFO - DAG(s) dict_keys(['example_bash_operator']) retrieved from /home/airflow/.local/lib/python3.7/site-packages/airflow/example_dags/example_bash_operator.py
[2023-04-08 10:07:01,074] {logging_mixin.py:115} INFO - [2023-04-08 10:07:01,074] {dag.py:2371} INFO - Sync 1 DAGs
[2023-04-08 10:07:01,090] {logging_mixin.py:115} INFO - [2023-04-08 10:07:01,090] {dag.py:2919} INFO - Setting next_dagrun for example_bash_operator to 2023-04-07T00:00:00+00:00, run_after=2023-04-08T00:00:00+00:00
[2023-04-08 10:07:01,097] {processor.py:161} INFO - Processing /home/airflow/.local/lib/python3.7/site-packages/airflow/example_dags/example_bash_operator.py took 0.086 seconds
[2023-04-08 11:14:34,232] {processor.py:153} INFO - Started process (PID=51380) to work on /home/airflow/.local/lib/python3.7/site-packages/airflow/example_dags/example_bash_operator.py
[2023-04-08 11:14:34,232] {processor.py:641} INFO - Processing file /home/airflow/.local/lib/python3.7/site-packages/airflow/example_dags/example_bash_operator.py for tasks to queue
[2023-04-08 11:14:34,233] {logging_mixin.py:115} INFO - [2023-04-08 11:14:34,233] {dagbag.py:507} INFO - Filling up the DagBag from /home/airflow/.local/lib/python3.7/site-packages/airflow/example_dags/example_bash_operator.py
[2023-04-08 11:14:34,241] {processor.py:651} INFO - DAG(s) dict_keys(['example_bash_operator']) retrieved from /home/airflow/.local/lib/python3.7/site-packages/airflow/example_dags/example_bash_operator.py
[2023-04-08 11:14:34,269] {logging_mixin.py:115} INFO - [2023-04-08 11:14:34,269] {dag.py:2371} INFO - Sync 1 DAGs
[2023-04-08 11:14:34,281] {logging_mixin.py:115} INFO - [2023-04-08 11:14:34,281] {dag.py:2919} INFO - Setting next_dagrun for example_bash_operator to 2023-04-07T00:00:00+00:00, run_after=2023-04-08T00:00:00+00:00
[2023-04-08 11:14:34,288] {processor.py:161} INFO - Processing /home/airflow/.local/lib/python3.7/site-packages/airflow/example_dags/example_bash_operator.py took 0.060 seconds
[2023-04-08 11:47:32,453] {processor.py:153} INFO - Started process (PID=51435) to work on /home/airflow/.local/lib/python3.7/site-packages/airflow/example_dags/example_bash_operator.py
[2023-04-08 11:47:32,456] {processor.py:641} INFO - Processing file /home/airflow/.local/lib/python3.7/site-packages/airflow/example_dags/example_bash_operator.py for tasks to queue
[2023-04-08 11:47:32,456] {logging_mixin.py:115} INFO - [2023-04-08 11:47:32,456] {dagbag.py:507} INFO - Filling up the DagBag from /home/airflow/.local/lib/python3.7/site-packages/airflow/example_dags/example_bash_operator.py
[2023-04-08 11:47:32,475] {processor.py:651} INFO - DAG(s) dict_keys(['example_bash_operator']) retrieved from /home/airflow/.local/lib/python3.7/site-packages/airflow/example_dags/example_bash_operator.py
[2023-04-08 11:47:32,508] {logging_mixin.py:115} INFO - [2023-04-08 11:47:32,508] {dag.py:2371} INFO - Sync 1 DAGs
[2023-04-08 11:47:32,527] {logging_mixin.py:115} INFO - [2023-04-08 11:47:32,527] {dag.py:2919} INFO - Setting next_dagrun for example_bash_operator to 2023-04-07T00:00:00+00:00, run_after=2023-04-08T00:00:00+00:00
[2023-04-08 11:47:32,540] {processor.py:161} INFO - Processing /home/airflow/.local/lib/python3.7/site-packages/airflow/example_dags/example_bash_operator.py took 0.090 seconds
[2023-04-08 11:48:03,218] {processor.py:153} INFO - Started process (PID=51498) to work on /home/airflow/.local/lib/python3.7/site-packages/airflow/example_dags/example_bash_operator.py
[2023-04-08 11:48:03,219] {processor.py:641} INFO - Processing file /home/airflow/.local/lib/python3.7/site-packages/airflow/example_dags/example_bash_operator.py for tasks to queue
[2023-04-08 11:48:03,220] {logging_mixin.py:115} INFO - [2023-04-08 11:48:03,220] {dagbag.py:507} INFO - Filling up the DagBag from /home/airflow/.local/lib/python3.7/site-packages/airflow/example_dags/example_bash_operator.py
[2023-04-08 11:48:03,227] {processor.py:651} INFO - DAG(s) dict_keys(['example_bash_operator']) retrieved from /home/airflow/.local/lib/python3.7/site-packages/airflow/example_dags/example_bash_operator.py
[2023-04-08 11:48:03,252] {logging_mixin.py:115} INFO - [2023-04-08 11:48:03,252] {dag.py:2371} INFO - Sync 1 DAGs
[2023-04-08 11:48:03,264] {logging_mixin.py:115} INFO - [2023-04-08 11:48:03,264] {dag.py:2919} INFO - Setting next_dagrun for example_bash_operator to 2023-04-07T00:00:00+00:00, run_after=2023-04-08T00:00:00+00:00
[2023-04-08 11:48:03,270] {processor.py:161} INFO - Processing /home/airflow/.local/lib/python3.7/site-packages/airflow/example_dags/example_bash_operator.py took 0.053 seconds
[2023-04-08 12:54:19,690] {processor.py:153} INFO - Started process (PID=51559) to work on /home/airflow/.local/lib/python3.7/site-packages/airflow/example_dags/example_bash_operator.py
[2023-04-08 12:54:19,693] {processor.py:641} INFO - Processing file /home/airflow/.local/lib/python3.7/site-packages/airflow/example_dags/example_bash_operator.py for tasks to queue
[2023-04-08 12:54:19,694] {logging_mixin.py:115} INFO - [2023-04-08 12:54:19,694] {dagbag.py:507} INFO - Filling up the DagBag from /home/airflow/.local/lib/python3.7/site-packages/airflow/example_dags/example_bash_operator.py
[2023-04-08 12:54:19,712] {processor.py:651} INFO - DAG(s) dict_keys(['example_bash_operator']) retrieved from /home/airflow/.local/lib/python3.7/site-packages/airflow/example_dags/example_bash_operator.py
[2023-04-08 12:54:19,756] {logging_mixin.py:115} INFO - [2023-04-08 12:54:19,756] {dag.py:2371} INFO - Sync 1 DAGs
[2023-04-08 12:54:19,782] {logging_mixin.py:115} INFO - [2023-04-08 12:54:19,781] {dag.py:2919} INFO - Setting next_dagrun for example_bash_operator to 2023-04-07T00:00:00+00:00, run_after=2023-04-08T00:00:00+00:00
[2023-04-08 12:54:19,795] {processor.py:161} INFO - Processing /home/airflow/.local/lib/python3.7/site-packages/airflow/example_dags/example_bash_operator.py took 0.115 seconds
[2023-04-08 14:13:38,595] {processor.py:153} INFO - Started process (PID=51621) to work on /home/airflow/.local/lib/python3.7/site-packages/airflow/example_dags/example_bash_operator.py
[2023-04-08 14:13:38,596] {processor.py:641} INFO - Processing file /home/airflow/.local/lib/python3.7/site-packages/airflow/example_dags/example_bash_operator.py for tasks to queue
[2023-04-08 14:13:38,596] {logging_mixin.py:115} INFO - [2023-04-08 14:13:38,596] {dagbag.py:507} INFO - Filling up the DagBag from /home/airflow/.local/lib/python3.7/site-packages/airflow/example_dags/example_bash_operator.py
[2023-04-08 14:13:38,605] {processor.py:651} INFO - DAG(s) dict_keys(['example_bash_operator']) retrieved from /home/airflow/.local/lib/python3.7/site-packages/airflow/example_dags/example_bash_operator.py
[2023-04-08 14:13:38,627] {logging_mixin.py:115} INFO - [2023-04-08 14:13:38,627] {dag.py:2371} INFO - Sync 1 DAGs
[2023-04-08 14:13:38,641] {logging_mixin.py:115} INFO - [2023-04-08 14:13:38,641] {dag.py:2919} INFO - Setting next_dagrun for example_bash_operator to 2023-04-07T00:00:00+00:00, run_after=2023-04-08T00:00:00+00:00
[2023-04-08 14:13:38,649] {processor.py:161} INFO - Processing /home/airflow/.local/lib/python3.7/site-packages/airflow/example_dags/example_bash_operator.py took 0.057 seconds
[2023-04-08 15:21:17,691] {processor.py:153} INFO - Started process (PID=51674) to work on /home/airflow/.local/lib/python3.7/site-packages/airflow/example_dags/example_bash_operator.py
[2023-04-08 15:21:17,694] {processor.py:641} INFO - Processing file /home/airflow/.local/lib/python3.7/site-packages/airflow/example_dags/example_bash_operator.py for tasks to queue
[2023-04-08 15:21:17,695] {logging_mixin.py:115} INFO - [2023-04-08 15:21:17,695] {dagbag.py:507} INFO - Filling up the DagBag from /home/airflow/.local/lib/python3.7/site-packages/airflow/example_dags/example_bash_operator.py
[2023-04-08 15:21:17,733] {processor.py:651} INFO - DAG(s) dict_keys(['example_bash_operator']) retrieved from /home/airflow/.local/lib/python3.7/site-packages/airflow/example_dags/example_bash_operator.py
[2023-04-08 15:21:17,786] {logging_mixin.py:115} INFO - [2023-04-08 15:21:17,786] {dag.py:2371} INFO - Sync 1 DAGs
[2023-04-08 15:21:17,826] {logging_mixin.py:115} INFO - [2023-04-08 15:21:17,826] {dag.py:2919} INFO - Setting next_dagrun for example_bash_operator to 2023-04-07T00:00:00+00:00, run_after=2023-04-08T00:00:00+00:00
[2023-04-08 15:21:17,844] {processor.py:161} INFO - Processing /home/airflow/.local/lib/python3.7/site-packages/airflow/example_dags/example_bash_operator.py took 0.159 seconds
[2023-04-08 16:24:53,216] {processor.py:153} INFO - Started process (PID=51736) to work on /home/airflow/.local/lib/python3.7/site-packages/airflow/example_dags/example_bash_operator.py
[2023-04-08 16:24:53,217] {processor.py:641} INFO - Processing file /home/airflow/.local/lib/python3.7/site-packages/airflow/example_dags/example_bash_operator.py for tasks to queue
[2023-04-08 16:24:53,218] {logging_mixin.py:115} INFO - [2023-04-08 16:24:53,218] {dagbag.py:507} INFO - Filling up the DagBag from /home/airflow/.local/lib/python3.7/site-packages/airflow/example_dags/example_bash_operator.py
[2023-04-08 16:24:53,235] {processor.py:651} INFO - DAG(s) dict_keys(['example_bash_operator']) retrieved from /home/airflow/.local/lib/python3.7/site-packages/airflow/example_dags/example_bash_operator.py
[2023-04-08 16:24:53,273] {logging_mixin.py:115} INFO - [2023-04-08 16:24:53,273] {dag.py:2371} INFO - Sync 1 DAGs
[2023-04-08 16:24:53,294] {logging_mixin.py:115} INFO - [2023-04-08 16:24:53,294] {dag.py:2919} INFO - Setting next_dagrun for example_bash_operator to 2023-04-07T00:00:00+00:00, run_after=2023-04-08T00:00:00+00:00
[2023-04-08 16:24:53,304] {processor.py:161} INFO - Processing /home/airflow/.local/lib/python3.7/site-packages/airflow/example_dags/example_bash_operator.py took 0.091 seconds
[2023-04-08 17:46:20,645] {processor.py:153} INFO - Started process (PID=51798) to work on /home/airflow/.local/lib/python3.7/site-packages/airflow/example_dags/example_bash_operator.py
[2023-04-08 17:46:20,646] {processor.py:641} INFO - Processing file /home/airflow/.local/lib/python3.7/site-packages/airflow/example_dags/example_bash_operator.py for tasks to queue
[2023-04-08 17:46:20,647] {logging_mixin.py:115} INFO - [2023-04-08 17:46:20,647] {dagbag.py:507} INFO - Filling up the DagBag from /home/airflow/.local/lib/python3.7/site-packages/airflow/example_dags/example_bash_operator.py
[2023-04-08 17:46:20,660] {processor.py:651} INFO - DAG(s) dict_keys(['example_bash_operator']) retrieved from /home/airflow/.local/lib/python3.7/site-packages/airflow/example_dags/example_bash_operator.py
[2023-04-08 17:46:20,684] {logging_mixin.py:115} INFO - [2023-04-08 17:46:20,684] {dag.py:2371} INFO - Sync 1 DAGs
[2023-04-08 17:46:20,696] {logging_mixin.py:115} INFO - [2023-04-08 17:46:20,696] {dag.py:2919} INFO - Setting next_dagrun for example_bash_operator to 2023-04-07T00:00:00+00:00, run_after=2023-04-08T00:00:00+00:00
[2023-04-08 17:46:20,703] {processor.py:161} INFO - Processing /home/airflow/.local/lib/python3.7/site-packages/airflow/example_dags/example_bash_operator.py took 0.060 seconds
[2023-04-08 18:52:19,686] {processor.py:153} INFO - Started process (PID=51860) to work on /home/airflow/.local/lib/python3.7/site-packages/airflow/example_dags/example_bash_operator.py
[2023-04-08 18:52:19,689] {processor.py:641} INFO - Processing file /home/airflow/.local/lib/python3.7/site-packages/airflow/example_dags/example_bash_operator.py for tasks to queue
[2023-04-08 18:52:19,690] {logging_mixin.py:115} INFO - [2023-04-08 18:52:19,690] {dagbag.py:507} INFO - Filling up the DagBag from /home/airflow/.local/lib/python3.7/site-packages/airflow/example_dags/example_bash_operator.py
[2023-04-08 18:52:19,705] {processor.py:651} INFO - DAG(s) dict_keys(['example_bash_operator']) retrieved from /home/airflow/.local/lib/python3.7/site-packages/airflow/example_dags/example_bash_operator.py
[2023-04-08 18:52:19,742] {logging_mixin.py:115} INFO - [2023-04-08 18:52:19,742] {dag.py:2371} INFO - Sync 1 DAGs
[2023-04-08 18:52:19,766] {logging_mixin.py:115} INFO - [2023-04-08 18:52:19,766] {dag.py:2919} INFO - Setting next_dagrun for example_bash_operator to 2023-04-07T00:00:00+00:00, run_after=2023-04-08T00:00:00+00:00
[2023-04-08 18:52:19,782] {processor.py:161} INFO - Processing /home/airflow/.local/lib/python3.7/site-packages/airflow/example_dags/example_bash_operator.py took 0.098 seconds
[2023-04-08 20:00:24,069] {processor.py:153} INFO - Started process (PID=51921) to work on /home/airflow/.local/lib/python3.7/site-packages/airflow/example_dags/example_bash_operator.py
[2023-04-08 20:00:24,071] {processor.py:641} INFO - Processing file /home/airflow/.local/lib/python3.7/site-packages/airflow/example_dags/example_bash_operator.py for tasks to queue
[2023-04-08 20:00:24,071] {logging_mixin.py:115} INFO - [2023-04-08 20:00:24,071] {dagbag.py:507} INFO - Filling up the DagBag from /home/airflow/.local/lib/python3.7/site-packages/airflow/example_dags/example_bash_operator.py
[2023-04-08 20:00:24,085] {processor.py:651} INFO - DAG(s) dict_keys(['example_bash_operator']) retrieved from /home/airflow/.local/lib/python3.7/site-packages/airflow/example_dags/example_bash_operator.py
[2023-04-08 20:00:24,109] {logging_mixin.py:115} INFO - [2023-04-08 20:00:24,109] {dag.py:2371} INFO - Sync 1 DAGs
[2023-04-08 20:00:24,126] {logging_mixin.py:115} INFO - [2023-04-08 20:00:24,126] {dag.py:2919} INFO - Setting next_dagrun for example_bash_operator to 2023-04-07T00:00:00+00:00, run_after=2023-04-08T00:00:00+00:00
[2023-04-08 20:00:24,134] {processor.py:161} INFO - Processing /home/airflow/.local/lib/python3.7/site-packages/airflow/example_dags/example_bash_operator.py took 0.070 seconds
[2023-04-08 20:00:54,522] {processor.py:153} INFO - Started process (PID=51974) to work on /home/airflow/.local/lib/python3.7/site-packages/airflow/example_dags/example_bash_operator.py
[2023-04-08 20:00:54,523] {processor.py:641} INFO - Processing file /home/airflow/.local/lib/python3.7/site-packages/airflow/example_dags/example_bash_operator.py for tasks to queue
[2023-04-08 20:00:54,523] {logging_mixin.py:115} INFO - [2023-04-08 20:00:54,523] {dagbag.py:507} INFO - Filling up the DagBag from /home/airflow/.local/lib/python3.7/site-packages/airflow/example_dags/example_bash_operator.py
[2023-04-08 20:00:54,531] {processor.py:651} INFO - DAG(s) dict_keys(['example_bash_operator']) retrieved from /home/airflow/.local/lib/python3.7/site-packages/airflow/example_dags/example_bash_operator.py
[2023-04-08 20:00:54,548] {logging_mixin.py:115} INFO - [2023-04-08 20:00:54,548] {dag.py:2371} INFO - Sync 1 DAGs
[2023-04-08 20:00:54,560] {logging_mixin.py:115} INFO - [2023-04-08 20:00:54,560] {dag.py:2919} INFO - Setting next_dagrun for example_bash_operator to 2023-04-07T00:00:00+00:00, run_after=2023-04-08T00:00:00+00:00
[2023-04-08 20:00:54,566] {processor.py:161} INFO - Processing /home/airflow/.local/lib/python3.7/site-packages/airflow/example_dags/example_bash_operator.py took 0.045 seconds
[2023-04-08 20:49:44,250] {processor.py:153} INFO - Started process (PID=52036) to work on /home/airflow/.local/lib/python3.7/site-packages/airflow/example_dags/example_bash_operator.py
[2023-04-08 20:49:44,251] {processor.py:641} INFO - Processing file /home/airflow/.local/lib/python3.7/site-packages/airflow/example_dags/example_bash_operator.py for tasks to queue
[2023-04-08 20:49:44,251] {logging_mixin.py:115} INFO - [2023-04-08 20:49:44,251] {dagbag.py:507} INFO - Filling up the DagBag from /home/airflow/.local/lib/python3.7/site-packages/airflow/example_dags/example_bash_operator.py
[2023-04-08 20:49:44,259] {processor.py:651} INFO - DAG(s) dict_keys(['example_bash_operator']) retrieved from /home/airflow/.local/lib/python3.7/site-packages/airflow/example_dags/example_bash_operator.py
[2023-04-08 20:49:44,296] {logging_mixin.py:115} INFO - [2023-04-08 20:49:44,296] {dag.py:2371} INFO - Sync 1 DAGs
[2023-04-08 20:49:44,315] {logging_mixin.py:115} INFO - [2023-04-08 20:49:44,315] {dag.py:2919} INFO - Setting next_dagrun for example_bash_operator to 2023-04-07T00:00:00+00:00, run_after=2023-04-08T00:00:00+00:00
[2023-04-08 20:49:44,321] {processor.py:161} INFO - Processing /home/airflow/.local/lib/python3.7/site-packages/airflow/example_dags/example_bash_operator.py took 0.073 seconds
[2023-04-08 22:14:43,337] {processor.py:153} INFO - Started process (PID=52098) to work on /home/airflow/.local/lib/python3.7/site-packages/airflow/example_dags/example_bash_operator.py
[2023-04-08 22:14:43,340] {processor.py:641} INFO - Processing file /home/airflow/.local/lib/python3.7/site-packages/airflow/example_dags/example_bash_operator.py for tasks to queue
[2023-04-08 22:14:43,342] {logging_mixin.py:115} INFO - [2023-04-08 22:14:43,341] {dagbag.py:507} INFO - Filling up the DagBag from /home/airflow/.local/lib/python3.7/site-packages/airflow/example_dags/example_bash_operator.py
[2023-04-08 22:14:43,368] {processor.py:651} INFO - DAG(s) dict_keys(['example_bash_operator']) retrieved from /home/airflow/.local/lib/python3.7/site-packages/airflow/example_dags/example_bash_operator.py
[2023-04-08 22:14:43,440] {logging_mixin.py:115} INFO - [2023-04-08 22:14:43,440] {dag.py:2371} INFO - Sync 1 DAGs
[2023-04-08 22:14:43,480] {logging_mixin.py:115} INFO - [2023-04-08 22:14:43,480] {dag.py:2919} INFO - Setting next_dagrun for example_bash_operator to 2023-04-07T00:00:00+00:00, run_after=2023-04-08T00:00:00+00:00
[2023-04-08 22:14:43,506] {processor.py:161} INFO - Processing /home/airflow/.local/lib/python3.7/site-packages/airflow/example_dags/example_bash_operator.py took 0.171 seconds
[2023-04-08 23:20:16,776] {processor.py:153} INFO - Started process (PID=52160) to work on /home/airflow/.local/lib/python3.7/site-packages/airflow/example_dags/example_bash_operator.py
[2023-04-08 23:20:16,777] {processor.py:641} INFO - Processing file /home/airflow/.local/lib/python3.7/site-packages/airflow/example_dags/example_bash_operator.py for tasks to queue
[2023-04-08 23:20:16,778] {logging_mixin.py:115} INFO - [2023-04-08 23:20:16,778] {dagbag.py:507} INFO - Filling up the DagBag from /home/airflow/.local/lib/python3.7/site-packages/airflow/example_dags/example_bash_operator.py
[2023-04-08 23:20:16,796] {processor.py:651} INFO - DAG(s) dict_keys(['example_bash_operator']) retrieved from /home/airflow/.local/lib/python3.7/site-packages/airflow/example_dags/example_bash_operator.py
[2023-04-08 23:20:16,826] {logging_mixin.py:115} INFO - [2023-04-08 23:20:16,826] {dag.py:2371} INFO - Sync 1 DAGs
[2023-04-08 23:20:16,848] {logging_mixin.py:115} INFO - [2023-04-08 23:20:16,848] {dag.py:2919} INFO - Setting next_dagrun for example_bash_operator to 2023-04-07T00:00:00+00:00, run_after=2023-04-08T00:00:00+00:00
[2023-04-08 23:20:16,858] {processor.py:161} INFO - Processing /home/airflow/.local/lib/python3.7/site-packages/airflow/example_dags/example_bash_operator.py took 0.088 seconds
