[2023-04-08 00:00:28,349] {processor.py:153} INFO - Started process (PID=50744) to work on /home/airflow/.local/lib/python3.7/site-packages/airflow/example_dags/example_branch_python_dop_operator_3.py
[2023-04-08 00:00:28,349] {processor.py:641} INFO - Processing file /home/airflow/.local/lib/python3.7/site-packages/airflow/example_dags/example_branch_python_dop_operator_3.py for tasks to queue
[2023-04-08 00:00:28,350] {logging_mixin.py:115} INFO - [2023-04-08 00:00:28,350] {dagbag.py:507} INFO - Filling up the DagBag from /home/airflow/.local/lib/python3.7/site-packages/airflow/example_dags/example_branch_python_dop_operator_3.py
[2023-04-08 00:00:28,355] {processor.py:651} INFO - DAG(s) dict_keys(['example_branch_dop_operator_v3']) retrieved from /home/airflow/.local/lib/python3.7/site-packages/airflow/example_dags/example_branch_python_dop_operator_3.py
[2023-04-08 00:00:28,373] {logging_mixin.py:115} INFO - [2023-04-08 00:00:28,373] {dag.py:2371} INFO - Sync 1 DAGs
[2023-04-08 00:00:28,387] {logging_mixin.py:115} INFO - [2023-04-08 00:00:28,386] {dag.py:2919} INFO - Setting next_dagrun for example_branch_dop_operator_v3 to 2023-04-07T23:59:00+00:00, run_after=2023-04-08T00:00:00+00:00
[2023-04-08 00:00:28,392] {processor.py:161} INFO - Processing /home/airflow/.local/lib/python3.7/site-packages/airflow/example_dags/example_branch_python_dop_operator_3.py took 0.046 seconds
[2023-04-08 01:09:14,059] {processor.py:153} INFO - Started process (PID=50805) to work on /home/airflow/.local/lib/python3.7/site-packages/airflow/example_dags/example_branch_python_dop_operator_3.py
[2023-04-08 01:09:14,060] {processor.py:641} INFO - Processing file /home/airflow/.local/lib/python3.7/site-packages/airflow/example_dags/example_branch_python_dop_operator_3.py for tasks to queue
[2023-04-08 01:09:14,060] {logging_mixin.py:115} INFO - [2023-04-08 01:09:14,060] {dagbag.py:507} INFO - Filling up the DagBag from /home/airflow/.local/lib/python3.7/site-packages/airflow/example_dags/example_branch_python_dop_operator_3.py
[2023-04-08 01:09:14,067] {processor.py:651} INFO - DAG(s) dict_keys(['example_branch_dop_operator_v3']) retrieved from /home/airflow/.local/lib/python3.7/site-packages/airflow/example_dags/example_branch_python_dop_operator_3.py
[2023-04-08 01:09:14,089] {logging_mixin.py:115} INFO - [2023-04-08 01:09:14,089] {dag.py:2371} INFO - Sync 1 DAGs
[2023-04-08 01:09:14,113] {logging_mixin.py:115} INFO - [2023-04-08 01:09:14,113] {dag.py:2919} INFO - Setting next_dagrun for example_branch_dop_operator_v3 to 2023-04-08T01:08:00+00:00, run_after=2023-04-08T01:09:00+00:00
[2023-04-08 01:09:14,121] {processor.py:161} INFO - Processing /home/airflow/.local/lib/python3.7/site-packages/airflow/example_dags/example_branch_python_dop_operator_3.py took 0.066 seconds
[2023-04-08 02:16:04,044] {processor.py:153} INFO - Started process (PID=50859) to work on /home/airflow/.local/lib/python3.7/site-packages/airflow/example_dags/example_branch_python_dop_operator_3.py
[2023-04-08 02:16:04,045] {processor.py:641} INFO - Processing file /home/airflow/.local/lib/python3.7/site-packages/airflow/example_dags/example_branch_python_dop_operator_3.py for tasks to queue
[2023-04-08 02:16:04,045] {logging_mixin.py:115} INFO - [2023-04-08 02:16:04,045] {dagbag.py:507} INFO - Filling up the DagBag from /home/airflow/.local/lib/python3.7/site-packages/airflow/example_dags/example_branch_python_dop_operator_3.py
[2023-04-08 02:16:04,051] {processor.py:651} INFO - DAG(s) dict_keys(['example_branch_dop_operator_v3']) retrieved from /home/airflow/.local/lib/python3.7/site-packages/airflow/example_dags/example_branch_python_dop_operator_3.py
[2023-04-08 02:16:04,068] {logging_mixin.py:115} INFO - [2023-04-08 02:16:04,068] {dag.py:2371} INFO - Sync 1 DAGs
[2023-04-08 02:16:04,081] {logging_mixin.py:115} INFO - [2023-04-08 02:16:04,081] {dag.py:2919} INFO - Setting next_dagrun for example_branch_dop_operator_v3 to 2023-04-08T02:15:00+00:00, run_after=2023-04-08T02:16:00+00:00
[2023-04-08 02:16:04,086] {processor.py:161} INFO - Processing /home/airflow/.local/lib/python3.7/site-packages/airflow/example_dags/example_branch_python_dop_operator_3.py took 0.044 seconds
[2023-04-08 03:21:45,495] {processor.py:153} INFO - Started process (PID=50921) to work on /home/airflow/.local/lib/python3.7/site-packages/airflow/example_dags/example_branch_python_dop_operator_3.py
[2023-04-08 03:21:45,496] {processor.py:641} INFO - Processing file /home/airflow/.local/lib/python3.7/site-packages/airflow/example_dags/example_branch_python_dop_operator_3.py for tasks to queue
[2023-04-08 03:21:45,496] {logging_mixin.py:115} INFO - [2023-04-08 03:21:45,496] {dagbag.py:507} INFO - Filling up the DagBag from /home/airflow/.local/lib/python3.7/site-packages/airflow/example_dags/example_branch_python_dop_operator_3.py
[2023-04-08 03:21:45,502] {processor.py:651} INFO - DAG(s) dict_keys(['example_branch_dop_operator_v3']) retrieved from /home/airflow/.local/lib/python3.7/site-packages/airflow/example_dags/example_branch_python_dop_operator_3.py
[2023-04-08 03:21:45,518] {logging_mixin.py:115} INFO - [2023-04-08 03:21:45,518] {dag.py:2371} INFO - Sync 1 DAGs
[2023-04-08 03:21:45,532] {logging_mixin.py:115} INFO - [2023-04-08 03:21:45,532] {dag.py:2919} INFO - Setting next_dagrun for example_branch_dop_operator_v3 to 2023-04-08T03:20:00+00:00, run_after=2023-04-08T03:21:00+00:00
[2023-04-08 03:21:45,540] {processor.py:161} INFO - Processing /home/airflow/.local/lib/python3.7/site-packages/airflow/example_dags/example_branch_python_dop_operator_3.py took 0.047 seconds
[2023-04-08 03:34:48,429] {processor.py:153} INFO - Started process (PID=50982) to work on /home/airflow/.local/lib/python3.7/site-packages/airflow/example_dags/example_branch_python_dop_operator_3.py
[2023-04-08 03:34:48,429] {processor.py:641} INFO - Processing file /home/airflow/.local/lib/python3.7/site-packages/airflow/example_dags/example_branch_python_dop_operator_3.py for tasks to queue
[2023-04-08 03:34:48,430] {logging_mixin.py:115} INFO - [2023-04-08 03:34:48,430] {dagbag.py:507} INFO - Filling up the DagBag from /home/airflow/.local/lib/python3.7/site-packages/airflow/example_dags/example_branch_python_dop_operator_3.py
[2023-04-08 03:34:48,435] {processor.py:651} INFO - DAG(s) dict_keys(['example_branch_dop_operator_v3']) retrieved from /home/airflow/.local/lib/python3.7/site-packages/airflow/example_dags/example_branch_python_dop_operator_3.py
[2023-04-08 03:34:48,453] {logging_mixin.py:115} INFO - [2023-04-08 03:34:48,453] {dag.py:2371} INFO - Sync 1 DAGs
[2023-04-08 03:34:48,466] {logging_mixin.py:115} INFO - [2023-04-08 03:34:48,466] {dag.py:2919} INFO - Setting next_dagrun for example_branch_dop_operator_v3 to 2023-04-08T03:33:00+00:00, run_after=2023-04-08T03:34:00+00:00
[2023-04-08 03:34:48,472] {processor.py:161} INFO - Processing /home/airflow/.local/lib/python3.7/site-packages/airflow/example_dags/example_branch_python_dop_operator_3.py took 0.045 seconds
[2023-04-08 04:06:58,886] {processor.py:153} INFO - Started process (PID=51044) to work on /home/airflow/.local/lib/python3.7/site-packages/airflow/example_dags/example_branch_python_dop_operator_3.py
[2023-04-08 04:06:58,886] {processor.py:641} INFO - Processing file /home/airflow/.local/lib/python3.7/site-packages/airflow/example_dags/example_branch_python_dop_operator_3.py for tasks to queue
[2023-04-08 04:06:58,887] {logging_mixin.py:115} INFO - [2023-04-08 04:06:58,887] {dagbag.py:507} INFO - Filling up the DagBag from /home/airflow/.local/lib/python3.7/site-packages/airflow/example_dags/example_branch_python_dop_operator_3.py
[2023-04-08 04:06:58,893] {processor.py:651} INFO - DAG(s) dict_keys(['example_branch_dop_operator_v3']) retrieved from /home/airflow/.local/lib/python3.7/site-packages/airflow/example_dags/example_branch_python_dop_operator_3.py
[2023-04-08 04:06:58,913] {logging_mixin.py:115} INFO - [2023-04-08 04:06:58,913] {dag.py:2371} INFO - Sync 1 DAGs
[2023-04-08 04:06:58,927] {logging_mixin.py:115} INFO - [2023-04-08 04:06:58,927] {dag.py:2919} INFO - Setting next_dagrun for example_branch_dop_operator_v3 to 2023-04-08T04:05:00+00:00, run_after=2023-04-08T04:06:00+00:00
[2023-04-08 04:06:58,933] {processor.py:161} INFO - Processing /home/airflow/.local/lib/python3.7/site-packages/airflow/example_dags/example_branch_python_dop_operator_3.py took 0.050 seconds
[2023-04-08 05:27:58,167] {processor.py:153} INFO - Started process (PID=51107) to work on /home/airflow/.local/lib/python3.7/site-packages/airflow/example_dags/example_branch_python_dop_operator_3.py
[2023-04-08 05:27:58,167] {processor.py:641} INFO - Processing file /home/airflow/.local/lib/python3.7/site-packages/airflow/example_dags/example_branch_python_dop_operator_3.py for tasks to queue
[2023-04-08 05:27:58,168] {logging_mixin.py:115} INFO - [2023-04-08 05:27:58,168] {dagbag.py:507} INFO - Filling up the DagBag from /home/airflow/.local/lib/python3.7/site-packages/airflow/example_dags/example_branch_python_dop_operator_3.py
[2023-04-08 05:27:58,173] {processor.py:651} INFO - DAG(s) dict_keys(['example_branch_dop_operator_v3']) retrieved from /home/airflow/.local/lib/python3.7/site-packages/airflow/example_dags/example_branch_python_dop_operator_3.py
[2023-04-08 05:27:58,190] {logging_mixin.py:115} INFO - [2023-04-08 05:27:58,190] {dag.py:2371} INFO - Sync 1 DAGs
[2023-04-08 05:27:58,203] {logging_mixin.py:115} INFO - [2023-04-08 05:27:58,203] {dag.py:2919} INFO - Setting next_dagrun for example_branch_dop_operator_v3 to 2023-04-08T05:26:00+00:00, run_after=2023-04-08T05:27:00+00:00
[2023-04-08 05:27:58,211] {processor.py:161} INFO - Processing /home/airflow/.local/lib/python3.7/site-packages/airflow/example_dags/example_branch_python_dop_operator_3.py took 0.046 seconds
[2023-04-08 06:37:05,472] {processor.py:153} INFO - Started process (PID=51160) to work on /home/airflow/.local/lib/python3.7/site-packages/airflow/example_dags/example_branch_python_dop_operator_3.py
[2023-04-08 06:37:05,473] {processor.py:641} INFO - Processing file /home/airflow/.local/lib/python3.7/site-packages/airflow/example_dags/example_branch_python_dop_operator_3.py for tasks to queue
[2023-04-08 06:37:05,473] {logging_mixin.py:115} INFO - [2023-04-08 06:37:05,473] {dagbag.py:507} INFO - Filling up the DagBag from /home/airflow/.local/lib/python3.7/site-packages/airflow/example_dags/example_branch_python_dop_operator_3.py
[2023-04-08 06:37:05,479] {processor.py:651} INFO - DAG(s) dict_keys(['example_branch_dop_operator_v3']) retrieved from /home/airflow/.local/lib/python3.7/site-packages/airflow/example_dags/example_branch_python_dop_operator_3.py
[2023-04-08 06:37:05,497] {logging_mixin.py:115} INFO - [2023-04-08 06:37:05,497] {dag.py:2371} INFO - Sync 1 DAGs
[2023-04-08 06:37:05,510] {logging_mixin.py:115} INFO - [2023-04-08 06:37:05,510] {dag.py:2919} INFO - Setting next_dagrun for example_branch_dop_operator_v3 to 2023-04-08T06:36:00+00:00, run_after=2023-04-08T06:37:00+00:00
[2023-04-08 06:37:05,516] {processor.py:161} INFO - Processing /home/airflow/.local/lib/python3.7/site-packages/airflow/example_dags/example_branch_python_dop_operator_3.py took 0.046 seconds
[2023-04-08 07:39:09,702] {processor.py:153} INFO - Started process (PID=51221) to work on /home/airflow/.local/lib/python3.7/site-packages/airflow/example_dags/example_branch_python_dop_operator_3.py
[2023-04-08 07:39:09,703] {processor.py:641} INFO - Processing file /home/airflow/.local/lib/python3.7/site-packages/airflow/example_dags/example_branch_python_dop_operator_3.py for tasks to queue
[2023-04-08 07:39:09,703] {logging_mixin.py:115} INFO - [2023-04-08 07:39:09,703] {dagbag.py:507} INFO - Filling up the DagBag from /home/airflow/.local/lib/python3.7/site-packages/airflow/example_dags/example_branch_python_dop_operator_3.py
[2023-04-08 07:39:09,709] {processor.py:651} INFO - DAG(s) dict_keys(['example_branch_dop_operator_v3']) retrieved from /home/airflow/.local/lib/python3.7/site-packages/airflow/example_dags/example_branch_python_dop_operator_3.py
[2023-04-08 07:39:09,727] {logging_mixin.py:115} INFO - [2023-04-08 07:39:09,726] {dag.py:2371} INFO - Sync 1 DAGs
[2023-04-08 07:39:09,740] {logging_mixin.py:115} INFO - [2023-04-08 07:39:09,740] {dag.py:2919} INFO - Setting next_dagrun for example_branch_dop_operator_v3 to 2023-04-08T07:38:00+00:00, run_after=2023-04-08T07:39:00+00:00
[2023-04-08 07:39:09,746] {processor.py:161} INFO - Processing /home/airflow/.local/lib/python3.7/site-packages/airflow/example_dags/example_branch_python_dop_operator_3.py took 0.046 seconds
[2023-04-08 09:01:42,950] {processor.py:153} INFO - Started process (PID=51283) to work on /home/airflow/.local/lib/python3.7/site-packages/airflow/example_dags/example_branch_python_dop_operator_3.py
[2023-04-08 09:01:42,950] {processor.py:641} INFO - Processing file /home/airflow/.local/lib/python3.7/site-packages/airflow/example_dags/example_branch_python_dop_operator_3.py for tasks to queue
[2023-04-08 09:01:42,951] {logging_mixin.py:115} INFO - [2023-04-08 09:01:42,951] {dagbag.py:507} INFO - Filling up the DagBag from /home/airflow/.local/lib/python3.7/site-packages/airflow/example_dags/example_branch_python_dop_operator_3.py
[2023-04-08 09:01:42,957] {processor.py:651} INFO - DAG(s) dict_keys(['example_branch_dop_operator_v3']) retrieved from /home/airflow/.local/lib/python3.7/site-packages/airflow/example_dags/example_branch_python_dop_operator_3.py
[2023-04-08 09:01:42,976] {logging_mixin.py:115} INFO - [2023-04-08 09:01:42,976] {dag.py:2371} INFO - Sync 1 DAGs
[2023-04-08 09:01:42,989] {logging_mixin.py:115} INFO - [2023-04-08 09:01:42,989] {dag.py:2919} INFO - Setting next_dagrun for example_branch_dop_operator_v3 to 2023-04-08T09:00:00+00:00, run_after=2023-04-08T09:01:00+00:00
[2023-04-08 09:01:42,995] {processor.py:161} INFO - Processing /home/airflow/.local/lib/python3.7/site-packages/airflow/example_dags/example_branch_python_dop_operator_3.py took 0.047 seconds
[2023-04-08 10:07:02,163] {processor.py:153} INFO - Started process (PID=51345) to work on /home/airflow/.local/lib/python3.7/site-packages/airflow/example_dags/example_branch_python_dop_operator_3.py
[2023-04-08 10:07:02,163] {processor.py:641} INFO - Processing file /home/airflow/.local/lib/python3.7/site-packages/airflow/example_dags/example_branch_python_dop_operator_3.py for tasks to queue
[2023-04-08 10:07:02,164] {logging_mixin.py:115} INFO - [2023-04-08 10:07:02,164] {dagbag.py:507} INFO - Filling up the DagBag from /home/airflow/.local/lib/python3.7/site-packages/airflow/example_dags/example_branch_python_dop_operator_3.py
[2023-04-08 10:07:02,170] {processor.py:651} INFO - DAG(s) dict_keys(['example_branch_dop_operator_v3']) retrieved from /home/airflow/.local/lib/python3.7/site-packages/airflow/example_dags/example_branch_python_dop_operator_3.py
[2023-04-08 10:07:02,188] {logging_mixin.py:115} INFO - [2023-04-08 10:07:02,188] {dag.py:2371} INFO - Sync 1 DAGs
[2023-04-08 10:07:02,201] {logging_mixin.py:115} INFO - [2023-04-08 10:07:02,201] {dag.py:2919} INFO - Setting next_dagrun for example_branch_dop_operator_v3 to 2023-04-08T10:06:00+00:00, run_after=2023-04-08T10:07:00+00:00
[2023-04-08 10:07:02,207] {processor.py:161} INFO - Processing /home/airflow/.local/lib/python3.7/site-packages/airflow/example_dags/example_branch_python_dop_operator_3.py took 0.047 seconds
[2023-04-08 11:14:35,584] {processor.py:153} INFO - Started process (PID=51407) to work on /home/airflow/.local/lib/python3.7/site-packages/airflow/example_dags/example_branch_python_dop_operator_3.py
[2023-04-08 11:14:35,585] {processor.py:641} INFO - Processing file /home/airflow/.local/lib/python3.7/site-packages/airflow/example_dags/example_branch_python_dop_operator_3.py for tasks to queue
[2023-04-08 11:14:35,585] {logging_mixin.py:115} INFO - [2023-04-08 11:14:35,585] {dagbag.py:507} INFO - Filling up the DagBag from /home/airflow/.local/lib/python3.7/site-packages/airflow/example_dags/example_branch_python_dop_operator_3.py
[2023-04-08 11:14:35,591] {processor.py:651} INFO - DAG(s) dict_keys(['example_branch_dop_operator_v3']) retrieved from /home/airflow/.local/lib/python3.7/site-packages/airflow/example_dags/example_branch_python_dop_operator_3.py
[2023-04-08 11:14:35,612] {logging_mixin.py:115} INFO - [2023-04-08 11:14:35,612] {dag.py:2371} INFO - Sync 1 DAGs
[2023-04-08 11:14:35,628] {logging_mixin.py:115} INFO - [2023-04-08 11:14:35,628] {dag.py:2919} INFO - Setting next_dagrun for example_branch_dop_operator_v3 to 2023-04-08T11:13:00+00:00, run_after=2023-04-08T11:14:00+00:00
[2023-04-08 11:14:35,635] {processor.py:161} INFO - Processing /home/airflow/.local/lib/python3.7/site-packages/airflow/example_dags/example_branch_python_dop_operator_3.py took 0.053 seconds
[2023-04-08 11:47:33,593] {processor.py:153} INFO - Started process (PID=51460) to work on /home/airflow/.local/lib/python3.7/site-packages/airflow/example_dags/example_branch_python_dop_operator_3.py
[2023-04-08 11:47:33,593] {processor.py:641} INFO - Processing file /home/airflow/.local/lib/python3.7/site-packages/airflow/example_dags/example_branch_python_dop_operator_3.py for tasks to queue
[2023-04-08 11:47:33,594] {logging_mixin.py:115} INFO - [2023-04-08 11:47:33,594] {dagbag.py:507} INFO - Filling up the DagBag from /home/airflow/.local/lib/python3.7/site-packages/airflow/example_dags/example_branch_python_dop_operator_3.py
[2023-04-08 11:47:33,600] {processor.py:651} INFO - DAG(s) dict_keys(['example_branch_dop_operator_v3']) retrieved from /home/airflow/.local/lib/python3.7/site-packages/airflow/example_dags/example_branch_python_dop_operator_3.py
[2023-04-08 11:47:33,618] {logging_mixin.py:115} INFO - [2023-04-08 11:47:33,618] {dag.py:2371} INFO - Sync 1 DAGs
[2023-04-08 11:47:33,631] {logging_mixin.py:115} INFO - [2023-04-08 11:47:33,631] {dag.py:2919} INFO - Setting next_dagrun for example_branch_dop_operator_v3 to 2023-04-08T11:46:00+00:00, run_after=2023-04-08T11:47:00+00:00
[2023-04-08 11:47:33,637] {processor.py:161} INFO - Processing /home/airflow/.local/lib/python3.7/site-packages/airflow/example_dags/example_branch_python_dop_operator_3.py took 0.047 seconds
[2023-04-08 11:48:04,346] {processor.py:153} INFO - Started process (PID=51523) to work on /home/airflow/.local/lib/python3.7/site-packages/airflow/example_dags/example_branch_python_dop_operator_3.py
[2023-04-08 11:48:04,347] {processor.py:641} INFO - Processing file /home/airflow/.local/lib/python3.7/site-packages/airflow/example_dags/example_branch_python_dop_operator_3.py for tasks to queue
[2023-04-08 11:48:04,347] {logging_mixin.py:115} INFO - [2023-04-08 11:48:04,347] {dagbag.py:507} INFO - Filling up the DagBag from /home/airflow/.local/lib/python3.7/site-packages/airflow/example_dags/example_branch_python_dop_operator_3.py
[2023-04-08 11:48:04,353] {processor.py:651} INFO - DAG(s) dict_keys(['example_branch_dop_operator_v3']) retrieved from /home/airflow/.local/lib/python3.7/site-packages/airflow/example_dags/example_branch_python_dop_operator_3.py
[2023-04-08 11:48:04,372] {logging_mixin.py:115} INFO - [2023-04-08 11:48:04,372] {dag.py:2371} INFO - Sync 1 DAGs
[2023-04-08 11:48:04,385] {logging_mixin.py:115} INFO - [2023-04-08 11:48:04,385] {dag.py:2919} INFO - Setting next_dagrun for example_branch_dop_operator_v3 to 2023-04-08T11:47:00+00:00, run_after=2023-04-08T11:48:00+00:00
[2023-04-08 11:48:04,391] {processor.py:161} INFO - Processing /home/airflow/.local/lib/python3.7/site-packages/airflow/example_dags/example_branch_python_dop_operator_3.py took 0.048 seconds
[2023-04-08 12:54:20,794] {processor.py:153} INFO - Started process (PID=51584) to work on /home/airflow/.local/lib/python3.7/site-packages/airflow/example_dags/example_branch_python_dop_operator_3.py
[2023-04-08 12:54:20,794] {processor.py:641} INFO - Processing file /home/airflow/.local/lib/python3.7/site-packages/airflow/example_dags/example_branch_python_dop_operator_3.py for tasks to queue
[2023-04-08 12:54:20,795] {logging_mixin.py:115} INFO - [2023-04-08 12:54:20,795] {dagbag.py:507} INFO - Filling up the DagBag from /home/airflow/.local/lib/python3.7/site-packages/airflow/example_dags/example_branch_python_dop_operator_3.py
[2023-04-08 12:54:20,801] {processor.py:651} INFO - DAG(s) dict_keys(['example_branch_dop_operator_v3']) retrieved from /home/airflow/.local/lib/python3.7/site-packages/airflow/example_dags/example_branch_python_dop_operator_3.py
[2023-04-08 12:54:20,821] {logging_mixin.py:115} INFO - [2023-04-08 12:54:20,821] {dag.py:2371} INFO - Sync 1 DAGs
[2023-04-08 12:54:20,834] {logging_mixin.py:115} INFO - [2023-04-08 12:54:20,834] {dag.py:2919} INFO - Setting next_dagrun for example_branch_dop_operator_v3 to 2023-04-08T12:53:00+00:00, run_after=2023-04-08T12:54:00+00:00
[2023-04-08 12:54:20,840] {processor.py:161} INFO - Processing /home/airflow/.local/lib/python3.7/site-packages/airflow/example_dags/example_branch_python_dop_operator_3.py took 0.048 seconds
[2023-04-08 14:13:39,965] {processor.py:153} INFO - Started process (PID=51646) to work on /home/airflow/.local/lib/python3.7/site-packages/airflow/example_dags/example_branch_python_dop_operator_3.py
[2023-04-08 14:13:39,966] {processor.py:641} INFO - Processing file /home/airflow/.local/lib/python3.7/site-packages/airflow/example_dags/example_branch_python_dop_operator_3.py for tasks to queue
[2023-04-08 14:13:39,966] {logging_mixin.py:115} INFO - [2023-04-08 14:13:39,966] {dagbag.py:507} INFO - Filling up the DagBag from /home/airflow/.local/lib/python3.7/site-packages/airflow/example_dags/example_branch_python_dop_operator_3.py
[2023-04-08 14:13:39,972] {processor.py:651} INFO - DAG(s) dict_keys(['example_branch_dop_operator_v3']) retrieved from /home/airflow/.local/lib/python3.7/site-packages/airflow/example_dags/example_branch_python_dop_operator_3.py
[2023-04-08 14:13:39,991] {logging_mixin.py:115} INFO - [2023-04-08 14:13:39,991] {dag.py:2371} INFO - Sync 1 DAGs
[2023-04-08 14:13:40,005] {logging_mixin.py:115} INFO - [2023-04-08 14:13:40,005] {dag.py:2919} INFO - Setting next_dagrun for example_branch_dop_operator_v3 to 2023-04-08T14:12:00+00:00, run_after=2023-04-08T14:13:00+00:00
[2023-04-08 14:13:40,011] {processor.py:161} INFO - Processing /home/airflow/.local/lib/python3.7/site-packages/airflow/example_dags/example_branch_python_dop_operator_3.py took 0.048 seconds
[2023-04-08 15:21:18,881] {processor.py:153} INFO - Started process (PID=51708) to work on /home/airflow/.local/lib/python3.7/site-packages/airflow/example_dags/example_branch_python_dop_operator_3.py
[2023-04-08 15:21:18,882] {processor.py:641} INFO - Processing file /home/airflow/.local/lib/python3.7/site-packages/airflow/example_dags/example_branch_python_dop_operator_3.py for tasks to queue
[2023-04-08 15:21:18,882] {logging_mixin.py:115} INFO - [2023-04-08 15:21:18,882] {dagbag.py:507} INFO - Filling up the DagBag from /home/airflow/.local/lib/python3.7/site-packages/airflow/example_dags/example_branch_python_dop_operator_3.py
[2023-04-08 15:21:18,889] {processor.py:651} INFO - DAG(s) dict_keys(['example_branch_dop_operator_v3']) retrieved from /home/airflow/.local/lib/python3.7/site-packages/airflow/example_dags/example_branch_python_dop_operator_3.py
[2023-04-08 15:21:18,907] {logging_mixin.py:115} INFO - [2023-04-08 15:21:18,907] {dag.py:2371} INFO - Sync 1 DAGs
[2023-04-08 15:21:18,922] {logging_mixin.py:115} INFO - [2023-04-08 15:21:18,922] {dag.py:2919} INFO - Setting next_dagrun for example_branch_dop_operator_v3 to 2023-04-08T15:20:00+00:00, run_after=2023-04-08T15:21:00+00:00
[2023-04-08 15:21:18,927] {processor.py:161} INFO - Processing /home/airflow/.local/lib/python3.7/site-packages/airflow/example_dags/example_branch_python_dop_operator_3.py took 0.049 seconds
[2023-04-08 16:24:54,494] {processor.py:153} INFO - Started process (PID=51761) to work on /home/airflow/.local/lib/python3.7/site-packages/airflow/example_dags/example_branch_python_dop_operator_3.py
[2023-04-08 16:24:54,495] {processor.py:641} INFO - Processing file /home/airflow/.local/lib/python3.7/site-packages/airflow/example_dags/example_branch_python_dop_operator_3.py for tasks to queue
[2023-04-08 16:24:54,495] {logging_mixin.py:115} INFO - [2023-04-08 16:24:54,495] {dagbag.py:507} INFO - Filling up the DagBag from /home/airflow/.local/lib/python3.7/site-packages/airflow/example_dags/example_branch_python_dop_operator_3.py
[2023-04-08 16:24:54,501] {processor.py:651} INFO - DAG(s) dict_keys(['example_branch_dop_operator_v3']) retrieved from /home/airflow/.local/lib/python3.7/site-packages/airflow/example_dags/example_branch_python_dop_operator_3.py
[2023-04-08 16:24:54,519] {logging_mixin.py:115} INFO - [2023-04-08 16:24:54,519] {dag.py:2371} INFO - Sync 1 DAGs
[2023-04-08 16:24:54,532] {logging_mixin.py:115} INFO - [2023-04-08 16:24:54,532] {dag.py:2919} INFO - Setting next_dagrun for example_branch_dop_operator_v3 to 2023-04-08T16:23:00+00:00, run_after=2023-04-08T16:24:00+00:00
[2023-04-08 16:24:54,538] {processor.py:161} INFO - Processing /home/airflow/.local/lib/python3.7/site-packages/airflow/example_dags/example_branch_python_dop_operator_3.py took 0.046 seconds
[2023-04-08 17:46:21,552] {processor.py:153} INFO - Started process (PID=51823) to work on /home/airflow/.local/lib/python3.7/site-packages/airflow/example_dags/example_branch_python_dop_operator_3.py
[2023-04-08 17:46:21,553] {processor.py:641} INFO - Processing file /home/airflow/.local/lib/python3.7/site-packages/airflow/example_dags/example_branch_python_dop_operator_3.py for tasks to queue
[2023-04-08 17:46:21,554] {logging_mixin.py:115} INFO - [2023-04-08 17:46:21,554] {dagbag.py:507} INFO - Filling up the DagBag from /home/airflow/.local/lib/python3.7/site-packages/airflow/example_dags/example_branch_python_dop_operator_3.py
[2023-04-08 17:46:21,559] {processor.py:651} INFO - DAG(s) dict_keys(['example_branch_dop_operator_v3']) retrieved from /home/airflow/.local/lib/python3.7/site-packages/airflow/example_dags/example_branch_python_dop_operator_3.py
[2023-04-08 17:46:21,577] {logging_mixin.py:115} INFO - [2023-04-08 17:46:21,577] {dag.py:2371} INFO - Sync 1 DAGs
[2023-04-08 17:46:21,590] {logging_mixin.py:115} INFO - [2023-04-08 17:46:21,590] {dag.py:2919} INFO - Setting next_dagrun for example_branch_dop_operator_v3 to 2023-04-08T17:45:00+00:00, run_after=2023-04-08T17:46:00+00:00
[2023-04-08 17:46:21,596] {processor.py:161} INFO - Processing /home/airflow/.local/lib/python3.7/site-packages/airflow/example_dags/example_branch_python_dop_operator_3.py took 0.046 seconds
[2023-04-08 18:52:20,902] {processor.py:153} INFO - Started process (PID=51885) to work on /home/airflow/.local/lib/python3.7/site-packages/airflow/example_dags/example_branch_python_dop_operator_3.py
[2023-04-08 18:52:20,903] {processor.py:641} INFO - Processing file /home/airflow/.local/lib/python3.7/site-packages/airflow/example_dags/example_branch_python_dop_operator_3.py for tasks to queue
[2023-04-08 18:52:20,903] {logging_mixin.py:115} INFO - [2023-04-08 18:52:20,903] {dagbag.py:507} INFO - Filling up the DagBag from /home/airflow/.local/lib/python3.7/site-packages/airflow/example_dags/example_branch_python_dop_operator_3.py
[2023-04-08 18:52:20,909] {processor.py:651} INFO - DAG(s) dict_keys(['example_branch_dop_operator_v3']) retrieved from /home/airflow/.local/lib/python3.7/site-packages/airflow/example_dags/example_branch_python_dop_operator_3.py
[2023-04-08 18:52:20,925] {logging_mixin.py:115} INFO - [2023-04-08 18:52:20,925] {dag.py:2371} INFO - Sync 1 DAGs
[2023-04-08 18:52:20,938] {logging_mixin.py:115} INFO - [2023-04-08 18:52:20,938] {dag.py:2919} INFO - Setting next_dagrun for example_branch_dop_operator_v3 to 2023-04-08T18:51:00+00:00, run_after=2023-04-08T18:52:00+00:00
[2023-04-08 18:52:20,944] {processor.py:161} INFO - Processing /home/airflow/.local/lib/python3.7/site-packages/airflow/example_dags/example_branch_python_dop_operator_3.py took 0.044 seconds
[2023-04-08 20:00:24,988] {processor.py:153} INFO - Started process (PID=51946) to work on /home/airflow/.local/lib/python3.7/site-packages/airflow/example_dags/example_branch_python_dop_operator_3.py
[2023-04-08 20:00:24,989] {processor.py:641} INFO - Processing file /home/airflow/.local/lib/python3.7/site-packages/airflow/example_dags/example_branch_python_dop_operator_3.py for tasks to queue
[2023-04-08 20:00:24,989] {logging_mixin.py:115} INFO - [2023-04-08 20:00:24,989] {dagbag.py:507} INFO - Filling up the DagBag from /home/airflow/.local/lib/python3.7/site-packages/airflow/example_dags/example_branch_python_dop_operator_3.py
[2023-04-08 20:00:24,995] {processor.py:651} INFO - DAG(s) dict_keys(['example_branch_dop_operator_v3']) retrieved from /home/airflow/.local/lib/python3.7/site-packages/airflow/example_dags/example_branch_python_dop_operator_3.py
[2023-04-08 20:00:25,012] {logging_mixin.py:115} INFO - [2023-04-08 20:00:25,012] {dag.py:2371} INFO - Sync 1 DAGs
[2023-04-08 20:00:25,025] {logging_mixin.py:115} INFO - [2023-04-08 20:00:25,025] {dag.py:2919} INFO - Setting next_dagrun for example_branch_dop_operator_v3 to 2023-04-08T19:59:00+00:00, run_after=2023-04-08T20:00:00+00:00
[2023-04-08 20:00:25,031] {processor.py:161} INFO - Processing /home/airflow/.local/lib/python3.7/site-packages/airflow/example_dags/example_branch_python_dop_operator_3.py took 0.045 seconds
[2023-04-08 20:00:55,398] {processor.py:153} INFO - Started process (PID=51999) to work on /home/airflow/.local/lib/python3.7/site-packages/airflow/example_dags/example_branch_python_dop_operator_3.py
[2023-04-08 20:00:55,399] {processor.py:641} INFO - Processing file /home/airflow/.local/lib/python3.7/site-packages/airflow/example_dags/example_branch_python_dop_operator_3.py for tasks to queue
[2023-04-08 20:00:55,400] {logging_mixin.py:115} INFO - [2023-04-08 20:00:55,400] {dagbag.py:507} INFO - Filling up the DagBag from /home/airflow/.local/lib/python3.7/site-packages/airflow/example_dags/example_branch_python_dop_operator_3.py
[2023-04-08 20:00:55,406] {processor.py:651} INFO - DAG(s) dict_keys(['example_branch_dop_operator_v3']) retrieved from /home/airflow/.local/lib/python3.7/site-packages/airflow/example_dags/example_branch_python_dop_operator_3.py
[2023-04-08 20:00:55,424] {logging_mixin.py:115} INFO - [2023-04-08 20:00:55,424] {dag.py:2371} INFO - Sync 1 DAGs
[2023-04-08 20:00:55,438] {logging_mixin.py:115} INFO - [2023-04-08 20:00:55,438] {dag.py:2919} INFO - Setting next_dagrun for example_branch_dop_operator_v3 to 2023-04-08T19:59:00+00:00, run_after=2023-04-08T20:00:00+00:00
[2023-04-08 20:00:55,444] {processor.py:161} INFO - Processing /home/airflow/.local/lib/python3.7/site-packages/airflow/example_dags/example_branch_python_dop_operator_3.py took 0.048 seconds
[2023-04-08 20:49:45,983] {processor.py:153} INFO - Started process (PID=52061) to work on /home/airflow/.local/lib/python3.7/site-packages/airflow/example_dags/example_branch_python_dop_operator_3.py
[2023-04-08 20:49:45,983] {processor.py:641} INFO - Processing file /home/airflow/.local/lib/python3.7/site-packages/airflow/example_dags/example_branch_python_dop_operator_3.py for tasks to queue
[2023-04-08 20:49:45,984] {logging_mixin.py:115} INFO - [2023-04-08 20:49:45,984] {dagbag.py:507} INFO - Filling up the DagBag from /home/airflow/.local/lib/python3.7/site-packages/airflow/example_dags/example_branch_python_dop_operator_3.py
[2023-04-08 20:49:45,990] {processor.py:651} INFO - DAG(s) dict_keys(['example_branch_dop_operator_v3']) retrieved from /home/airflow/.local/lib/python3.7/site-packages/airflow/example_dags/example_branch_python_dop_operator_3.py
[2023-04-08 20:49:46,009] {logging_mixin.py:115} INFO - [2023-04-08 20:49:46,009] {dag.py:2371} INFO - Sync 1 DAGs
[2023-04-08 20:49:46,022] {logging_mixin.py:115} INFO - [2023-04-08 20:49:46,022] {dag.py:2919} INFO - Setting next_dagrun for example_branch_dop_operator_v3 to 2023-04-08T20:48:00+00:00, run_after=2023-04-08T20:49:00+00:00
[2023-04-08 20:49:46,029] {processor.py:161} INFO - Processing /home/airflow/.local/lib/python3.7/site-packages/airflow/example_dags/example_branch_python_dop_operator_3.py took 0.048 seconds
[2023-04-08 22:14:44,562] {processor.py:153} INFO - Started process (PID=52123) to work on /home/airflow/.local/lib/python3.7/site-packages/airflow/example_dags/example_branch_python_dop_operator_3.py
[2023-04-08 22:14:44,563] {processor.py:641} INFO - Processing file /home/airflow/.local/lib/python3.7/site-packages/airflow/example_dags/example_branch_python_dop_operator_3.py for tasks to queue
[2023-04-08 22:14:44,563] {logging_mixin.py:115} INFO - [2023-04-08 22:14:44,563] {dagbag.py:507} INFO - Filling up the DagBag from /home/airflow/.local/lib/python3.7/site-packages/airflow/example_dags/example_branch_python_dop_operator_3.py
[2023-04-08 22:14:44,570] {processor.py:651} INFO - DAG(s) dict_keys(['example_branch_dop_operator_v3']) retrieved from /home/airflow/.local/lib/python3.7/site-packages/airflow/example_dags/example_branch_python_dop_operator_3.py
[2023-04-08 22:14:44,588] {logging_mixin.py:115} INFO - [2023-04-08 22:14:44,588] {dag.py:2371} INFO - Sync 1 DAGs
[2023-04-08 22:14:44,600] {logging_mixin.py:115} INFO - [2023-04-08 22:14:44,600] {dag.py:2919} INFO - Setting next_dagrun for example_branch_dop_operator_v3 to 2023-04-08T22:13:00+00:00, run_after=2023-04-08T22:14:00+00:00
[2023-04-08 22:14:44,607] {processor.py:161} INFO - Processing /home/airflow/.local/lib/python3.7/site-packages/airflow/example_dags/example_branch_python_dop_operator_3.py took 0.047 seconds
[2023-04-08 23:20:18,005] {processor.py:153} INFO - Started process (PID=52185) to work on /home/airflow/.local/lib/python3.7/site-packages/airflow/example_dags/example_branch_python_dop_operator_3.py
[2023-04-08 23:20:18,006] {processor.py:641} INFO - Processing file /home/airflow/.local/lib/python3.7/site-packages/airflow/example_dags/example_branch_python_dop_operator_3.py for tasks to queue
[2023-04-08 23:20:18,007] {logging_mixin.py:115} INFO - [2023-04-08 23:20:18,007] {dagbag.py:507} INFO - Filling up the DagBag from /home/airflow/.local/lib/python3.7/site-packages/airflow/example_dags/example_branch_python_dop_operator_3.py
[2023-04-08 23:20:18,013] {processor.py:651} INFO - DAG(s) dict_keys(['example_branch_dop_operator_v3']) retrieved from /home/airflow/.local/lib/python3.7/site-packages/airflow/example_dags/example_branch_python_dop_operator_3.py
[2023-04-08 23:20:18,031] {logging_mixin.py:115} INFO - [2023-04-08 23:20:18,031] {dag.py:2371} INFO - Sync 1 DAGs
[2023-04-08 23:20:18,045] {logging_mixin.py:115} INFO - [2023-04-08 23:20:18,045] {dag.py:2919} INFO - Setting next_dagrun for example_branch_dop_operator_v3 to 2023-04-08T23:19:00+00:00, run_after=2023-04-08T23:20:00+00:00
[2023-04-08 23:20:18,051] {processor.py:161} INFO - Processing /home/airflow/.local/lib/python3.7/site-packages/airflow/example_dags/example_branch_python_dop_operator_3.py took 0.048 seconds
