[2023-04-08 00:00:27,744] {processor.py:153} INFO - Started process (PID=50727) to work on /home/airflow/.local/lib/python3.7/site-packages/airflow/example_dags/example_time_delta_sensor_async.py
[2023-04-08 00:00:27,745] {processor.py:641} INFO - Processing file /home/airflow/.local/lib/python3.7/site-packages/airflow/example_dags/example_time_delta_sensor_async.py for tasks to queue
[2023-04-08 00:00:27,746] {logging_mixin.py:115} INFO - [2023-04-08 00:00:27,746] {dagbag.py:507} INFO - Filling up the DagBag from /home/airflow/.local/lib/python3.7/site-packages/airflow/example_dags/example_time_delta_sensor_async.py
[2023-04-08 00:00:27,750] {processor.py:651} INFO - DAG(s) dict_keys(['example_time_delta_sensor_async']) retrieved from /home/airflow/.local/lib/python3.7/site-packages/airflow/example_dags/example_time_delta_sensor_async.py
[2023-04-08 00:00:27,776] {logging_mixin.py:115} INFO - [2023-04-08 00:00:27,776] {dag.py:2371} INFO - Sync 1 DAGs
[2023-04-08 00:00:27,788] {logging_mixin.py:115} INFO - [2023-04-08 00:00:27,787] {dag.py:2919} INFO - Setting next_dagrun for example_time_delta_sensor_async to None, run_after=None
[2023-04-08 00:00:27,793] {processor.py:161} INFO - Processing /home/airflow/.local/lib/python3.7/site-packages/airflow/example_dags/example_time_delta_sensor_async.py took 0.052 seconds
[2023-04-08 01:09:12,728] {processor.py:153} INFO - Started process (PID=50788) to work on /home/airflow/.local/lib/python3.7/site-packages/airflow/example_dags/example_time_delta_sensor_async.py
[2023-04-08 01:09:12,729] {processor.py:641} INFO - Processing file /home/airflow/.local/lib/python3.7/site-packages/airflow/example_dags/example_time_delta_sensor_async.py for tasks to queue
[2023-04-08 01:09:12,729] {logging_mixin.py:115} INFO - [2023-04-08 01:09:12,729] {dagbag.py:507} INFO - Filling up the DagBag from /home/airflow/.local/lib/python3.7/site-packages/airflow/example_dags/example_time_delta_sensor_async.py
[2023-04-08 01:09:12,733] {processor.py:651} INFO - DAG(s) dict_keys(['example_time_delta_sensor_async']) retrieved from /home/airflow/.local/lib/python3.7/site-packages/airflow/example_dags/example_time_delta_sensor_async.py
[2023-04-08 01:09:12,773] {logging_mixin.py:115} INFO - [2023-04-08 01:09:12,773] {dag.py:2371} INFO - Sync 1 DAGs
[2023-04-08 01:09:12,785] {logging_mixin.py:115} INFO - [2023-04-08 01:09:12,785] {dag.py:2919} INFO - Setting next_dagrun for example_time_delta_sensor_async to None, run_after=None
[2023-04-08 01:09:12,791] {processor.py:161} INFO - Processing /home/airflow/.local/lib/python3.7/site-packages/airflow/example_dags/example_time_delta_sensor_async.py took 0.066 seconds
[2023-04-08 02:16:03,456] {processor.py:153} INFO - Started process (PID=50842) to work on /home/airflow/.local/lib/python3.7/site-packages/airflow/example_dags/example_time_delta_sensor_async.py
[2023-04-08 02:16:03,457] {processor.py:641} INFO - Processing file /home/airflow/.local/lib/python3.7/site-packages/airflow/example_dags/example_time_delta_sensor_async.py for tasks to queue
[2023-04-08 02:16:03,457] {logging_mixin.py:115} INFO - [2023-04-08 02:16:03,457] {dagbag.py:507} INFO - Filling up the DagBag from /home/airflow/.local/lib/python3.7/site-packages/airflow/example_dags/example_time_delta_sensor_async.py
[2023-04-08 02:16:03,461] {processor.py:651} INFO - DAG(s) dict_keys(['example_time_delta_sensor_async']) retrieved from /home/airflow/.local/lib/python3.7/site-packages/airflow/example_dags/example_time_delta_sensor_async.py
[2023-04-08 02:16:03,485] {logging_mixin.py:115} INFO - [2023-04-08 02:16:03,485] {dag.py:2371} INFO - Sync 1 DAGs
[2023-04-08 02:16:03,496] {logging_mixin.py:115} INFO - [2023-04-08 02:16:03,496] {dag.py:2919} INFO - Setting next_dagrun for example_time_delta_sensor_async to None, run_after=None
[2023-04-08 02:16:03,503] {processor.py:161} INFO - Processing /home/airflow/.local/lib/python3.7/site-packages/airflow/example_dags/example_time_delta_sensor_async.py took 0.049 seconds
[2023-04-08 03:21:44,560] {processor.py:153} INFO - Started process (PID=50904) to work on /home/airflow/.local/lib/python3.7/site-packages/airflow/example_dags/example_time_delta_sensor_async.py
[2023-04-08 03:21:44,564] {processor.py:641} INFO - Processing file /home/airflow/.local/lib/python3.7/site-packages/airflow/example_dags/example_time_delta_sensor_async.py for tasks to queue
[2023-04-08 03:21:44,565] {logging_mixin.py:115} INFO - [2023-04-08 03:21:44,565] {dagbag.py:507} INFO - Filling up the DagBag from /home/airflow/.local/lib/python3.7/site-packages/airflow/example_dags/example_time_delta_sensor_async.py
[2023-04-08 03:21:44,572] {processor.py:651} INFO - DAG(s) dict_keys(['example_time_delta_sensor_async']) retrieved from /home/airflow/.local/lib/python3.7/site-packages/airflow/example_dags/example_time_delta_sensor_async.py
[2023-04-08 03:21:44,633] {logging_mixin.py:115} INFO - [2023-04-08 03:21:44,633] {dag.py:2371} INFO - Sync 1 DAGs
[2023-04-08 03:21:44,653] {logging_mixin.py:115} INFO - [2023-04-08 03:21:44,653] {dag.py:2919} INFO - Setting next_dagrun for example_time_delta_sensor_async to None, run_after=None
[2023-04-08 03:21:44,663] {processor.py:161} INFO - Processing /home/airflow/.local/lib/python3.7/site-packages/airflow/example_dags/example_time_delta_sensor_async.py took 0.108 seconds
[2023-04-08 03:34:47,849] {processor.py:153} INFO - Started process (PID=50965) to work on /home/airflow/.local/lib/python3.7/site-packages/airflow/example_dags/example_time_delta_sensor_async.py
[2023-04-08 03:34:47,849] {processor.py:641} INFO - Processing file /home/airflow/.local/lib/python3.7/site-packages/airflow/example_dags/example_time_delta_sensor_async.py for tasks to queue
[2023-04-08 03:34:47,850] {logging_mixin.py:115} INFO - [2023-04-08 03:34:47,850] {dagbag.py:507} INFO - Filling up the DagBag from /home/airflow/.local/lib/python3.7/site-packages/airflow/example_dags/example_time_delta_sensor_async.py
[2023-04-08 03:34:47,854] {processor.py:651} INFO - DAG(s) dict_keys(['example_time_delta_sensor_async']) retrieved from /home/airflow/.local/lib/python3.7/site-packages/airflow/example_dags/example_time_delta_sensor_async.py
[2023-04-08 03:34:47,877] {logging_mixin.py:115} INFO - [2023-04-08 03:34:47,877] {dag.py:2371} INFO - Sync 1 DAGs
[2023-04-08 03:34:47,888] {logging_mixin.py:115} INFO - [2023-04-08 03:34:47,888] {dag.py:2919} INFO - Setting next_dagrun for example_time_delta_sensor_async to None, run_after=None
[2023-04-08 03:34:47,894] {processor.py:161} INFO - Processing /home/airflow/.local/lib/python3.7/site-packages/airflow/example_dags/example_time_delta_sensor_async.py took 0.047 seconds
[2023-04-08 04:06:58,199] {processor.py:153} INFO - Started process (PID=51027) to work on /home/airflow/.local/lib/python3.7/site-packages/airflow/example_dags/example_time_delta_sensor_async.py
[2023-04-08 04:06:58,200] {processor.py:641} INFO - Processing file /home/airflow/.local/lib/python3.7/site-packages/airflow/example_dags/example_time_delta_sensor_async.py for tasks to queue
[2023-04-08 04:06:58,200] {logging_mixin.py:115} INFO - [2023-04-08 04:06:58,200] {dagbag.py:507} INFO - Filling up the DagBag from /home/airflow/.local/lib/python3.7/site-packages/airflow/example_dags/example_time_delta_sensor_async.py
[2023-04-08 04:06:58,204] {processor.py:651} INFO - DAG(s) dict_keys(['example_time_delta_sensor_async']) retrieved from /home/airflow/.local/lib/python3.7/site-packages/airflow/example_dags/example_time_delta_sensor_async.py
[2023-04-08 04:06:58,229] {logging_mixin.py:115} INFO - [2023-04-08 04:06:58,229] {dag.py:2371} INFO - Sync 1 DAGs
[2023-04-08 04:06:58,241] {logging_mixin.py:115} INFO - [2023-04-08 04:06:58,241] {dag.py:2919} INFO - Setting next_dagrun for example_time_delta_sensor_async to None, run_after=None
[2023-04-08 04:06:58,246] {processor.py:161} INFO - Processing /home/airflow/.local/lib/python3.7/site-packages/airflow/example_dags/example_time_delta_sensor_async.py took 0.050 seconds
[2023-04-08 05:27:57,565] {processor.py:153} INFO - Started process (PID=51090) to work on /home/airflow/.local/lib/python3.7/site-packages/airflow/example_dags/example_time_delta_sensor_async.py
[2023-04-08 05:27:57,566] {processor.py:641} INFO - Processing file /home/airflow/.local/lib/python3.7/site-packages/airflow/example_dags/example_time_delta_sensor_async.py for tasks to queue
[2023-04-08 05:27:57,566] {logging_mixin.py:115} INFO - [2023-04-08 05:27:57,566] {dagbag.py:507} INFO - Filling up the DagBag from /home/airflow/.local/lib/python3.7/site-packages/airflow/example_dags/example_time_delta_sensor_async.py
[2023-04-08 05:27:57,570] {processor.py:651} INFO - DAG(s) dict_keys(['example_time_delta_sensor_async']) retrieved from /home/airflow/.local/lib/python3.7/site-packages/airflow/example_dags/example_time_delta_sensor_async.py
[2023-04-08 05:27:57,597] {logging_mixin.py:115} INFO - [2023-04-08 05:27:57,596] {dag.py:2371} INFO - Sync 1 DAGs
[2023-04-08 05:27:57,609] {logging_mixin.py:115} INFO - [2023-04-08 05:27:57,609] {dag.py:2919} INFO - Setting next_dagrun for example_time_delta_sensor_async to None, run_after=None
[2023-04-08 05:27:57,615] {processor.py:161} INFO - Processing /home/airflow/.local/lib/python3.7/site-packages/airflow/example_dags/example_time_delta_sensor_async.py took 0.053 seconds
[2023-04-08 06:37:04,815] {processor.py:153} INFO - Started process (PID=51143) to work on /home/airflow/.local/lib/python3.7/site-packages/airflow/example_dags/example_time_delta_sensor_async.py
[2023-04-08 06:37:04,816] {processor.py:641} INFO - Processing file /home/airflow/.local/lib/python3.7/site-packages/airflow/example_dags/example_time_delta_sensor_async.py for tasks to queue
[2023-04-08 06:37:04,816] {logging_mixin.py:115} INFO - [2023-04-08 06:37:04,816] {dagbag.py:507} INFO - Filling up the DagBag from /home/airflow/.local/lib/python3.7/site-packages/airflow/example_dags/example_time_delta_sensor_async.py
[2023-04-08 06:37:04,820] {processor.py:651} INFO - DAG(s) dict_keys(['example_time_delta_sensor_async']) retrieved from /home/airflow/.local/lib/python3.7/site-packages/airflow/example_dags/example_time_delta_sensor_async.py
[2023-04-08 06:37:04,843] {logging_mixin.py:115} INFO - [2023-04-08 06:37:04,843] {dag.py:2371} INFO - Sync 1 DAGs
[2023-04-08 06:37:04,853] {logging_mixin.py:115} INFO - [2023-04-08 06:37:04,853] {dag.py:2919} INFO - Setting next_dagrun for example_time_delta_sensor_async to None, run_after=None
[2023-04-08 06:37:04,859] {processor.py:161} INFO - Processing /home/airflow/.local/lib/python3.7/site-packages/airflow/example_dags/example_time_delta_sensor_async.py took 0.046 seconds
[2023-04-08 07:39:09,100] {processor.py:153} INFO - Started process (PID=51204) to work on /home/airflow/.local/lib/python3.7/site-packages/airflow/example_dags/example_time_delta_sensor_async.py
[2023-04-08 07:39:09,102] {processor.py:641} INFO - Processing file /home/airflow/.local/lib/python3.7/site-packages/airflow/example_dags/example_time_delta_sensor_async.py for tasks to queue
[2023-04-08 07:39:09,102] {logging_mixin.py:115} INFO - [2023-04-08 07:39:09,102] {dagbag.py:507} INFO - Filling up the DagBag from /home/airflow/.local/lib/python3.7/site-packages/airflow/example_dags/example_time_delta_sensor_async.py
[2023-04-08 07:39:09,107] {processor.py:651} INFO - DAG(s) dict_keys(['example_time_delta_sensor_async']) retrieved from /home/airflow/.local/lib/python3.7/site-packages/airflow/example_dags/example_time_delta_sensor_async.py
[2023-04-08 07:39:09,135] {logging_mixin.py:115} INFO - [2023-04-08 07:39:09,135] {dag.py:2371} INFO - Sync 1 DAGs
[2023-04-08 07:39:09,146] {logging_mixin.py:115} INFO - [2023-04-08 07:39:09,146] {dag.py:2919} INFO - Setting next_dagrun for example_time_delta_sensor_async to None, run_after=None
[2023-04-08 07:39:09,152] {processor.py:161} INFO - Processing /home/airflow/.local/lib/python3.7/site-packages/airflow/example_dags/example_time_delta_sensor_async.py took 0.056 seconds
[2023-04-08 09:01:42,261] {processor.py:153} INFO - Started process (PID=51266) to work on /home/airflow/.local/lib/python3.7/site-packages/airflow/example_dags/example_time_delta_sensor_async.py
[2023-04-08 09:01:42,262] {processor.py:641} INFO - Processing file /home/airflow/.local/lib/python3.7/site-packages/airflow/example_dags/example_time_delta_sensor_async.py for tasks to queue
[2023-04-08 09:01:42,262] {logging_mixin.py:115} INFO - [2023-04-08 09:01:42,262] {dagbag.py:507} INFO - Filling up the DagBag from /home/airflow/.local/lib/python3.7/site-packages/airflow/example_dags/example_time_delta_sensor_async.py
[2023-04-08 09:01:42,266] {processor.py:651} INFO - DAG(s) dict_keys(['example_time_delta_sensor_async']) retrieved from /home/airflow/.local/lib/python3.7/site-packages/airflow/example_dags/example_time_delta_sensor_async.py
[2023-04-08 09:01:42,289] {logging_mixin.py:115} INFO - [2023-04-08 09:01:42,289] {dag.py:2371} INFO - Sync 1 DAGs
[2023-04-08 09:01:42,300] {logging_mixin.py:115} INFO - [2023-04-08 09:01:42,300] {dag.py:2919} INFO - Setting next_dagrun for example_time_delta_sensor_async to None, run_after=None
[2023-04-08 09:01:42,306] {processor.py:161} INFO - Processing /home/airflow/.local/lib/python3.7/site-packages/airflow/example_dags/example_time_delta_sensor_async.py took 0.047 seconds
[2023-04-08 10:07:01,498] {processor.py:153} INFO - Started process (PID=51328) to work on /home/airflow/.local/lib/python3.7/site-packages/airflow/example_dags/example_time_delta_sensor_async.py
[2023-04-08 10:07:01,503] {processor.py:641} INFO - Processing file /home/airflow/.local/lib/python3.7/site-packages/airflow/example_dags/example_time_delta_sensor_async.py for tasks to queue
[2023-04-08 10:07:01,503] {logging_mixin.py:115} INFO - [2023-04-08 10:07:01,503] {dagbag.py:507} INFO - Filling up the DagBag from /home/airflow/.local/lib/python3.7/site-packages/airflow/example_dags/example_time_delta_sensor_async.py
[2023-04-08 10:07:01,508] {processor.py:651} INFO - DAG(s) dict_keys(['example_time_delta_sensor_async']) retrieved from /home/airflow/.local/lib/python3.7/site-packages/airflow/example_dags/example_time_delta_sensor_async.py
[2023-04-08 10:07:01,542] {logging_mixin.py:115} INFO - [2023-04-08 10:07:01,542] {dag.py:2371} INFO - Sync 1 DAGs
[2023-04-08 10:07:01,553] {logging_mixin.py:115} INFO - [2023-04-08 10:07:01,553] {dag.py:2919} INFO - Setting next_dagrun for example_time_delta_sensor_async to None, run_after=None
[2023-04-08 10:07:01,559] {processor.py:161} INFO - Processing /home/airflow/.local/lib/python3.7/site-packages/airflow/example_dags/example_time_delta_sensor_async.py took 0.064 seconds
[2023-04-08 11:14:34,906] {processor.py:153} INFO - Started process (PID=51390) to work on /home/airflow/.local/lib/python3.7/site-packages/airflow/example_dags/example_time_delta_sensor_async.py
[2023-04-08 11:14:34,907] {processor.py:641} INFO - Processing file /home/airflow/.local/lib/python3.7/site-packages/airflow/example_dags/example_time_delta_sensor_async.py for tasks to queue
[2023-04-08 11:14:34,908] {logging_mixin.py:115} INFO - [2023-04-08 11:14:34,908] {dagbag.py:507} INFO - Filling up the DagBag from /home/airflow/.local/lib/python3.7/site-packages/airflow/example_dags/example_time_delta_sensor_async.py
[2023-04-08 11:14:34,912] {processor.py:651} INFO - DAG(s) dict_keys(['example_time_delta_sensor_async']) retrieved from /home/airflow/.local/lib/python3.7/site-packages/airflow/example_dags/example_time_delta_sensor_async.py
[2023-04-08 11:14:34,940] {logging_mixin.py:115} INFO - [2023-04-08 11:14:34,940] {dag.py:2371} INFO - Sync 1 DAGs
[2023-04-08 11:14:34,953] {logging_mixin.py:115} INFO - [2023-04-08 11:14:34,952] {dag.py:2919} INFO - Setting next_dagrun for example_time_delta_sensor_async to None, run_after=None
[2023-04-08 11:14:34,959] {processor.py:161} INFO - Processing /home/airflow/.local/lib/python3.7/site-packages/airflow/example_dags/example_time_delta_sensor_async.py took 0.055 seconds
[2023-04-08 11:47:32,982] {processor.py:153} INFO - Started process (PID=51443) to work on /home/airflow/.local/lib/python3.7/site-packages/airflow/example_dags/example_time_delta_sensor_async.py
[2023-04-08 11:47:32,983] {processor.py:641} INFO - Processing file /home/airflow/.local/lib/python3.7/site-packages/airflow/example_dags/example_time_delta_sensor_async.py for tasks to queue
[2023-04-08 11:47:32,985] {logging_mixin.py:115} INFO - [2023-04-08 11:47:32,984] {dagbag.py:507} INFO - Filling up the DagBag from /home/airflow/.local/lib/python3.7/site-packages/airflow/example_dags/example_time_delta_sensor_async.py
[2023-04-08 11:47:32,988] {processor.py:651} INFO - DAG(s) dict_keys(['example_time_delta_sensor_async']) retrieved from /home/airflow/.local/lib/python3.7/site-packages/airflow/example_dags/example_time_delta_sensor_async.py
[2023-04-08 11:47:33,012] {logging_mixin.py:115} INFO - [2023-04-08 11:47:33,011] {dag.py:2371} INFO - Sync 1 DAGs
[2023-04-08 11:47:33,023] {logging_mixin.py:115} INFO - [2023-04-08 11:47:33,023] {dag.py:2919} INFO - Setting next_dagrun for example_time_delta_sensor_async to None, run_after=None
[2023-04-08 11:47:33,029] {processor.py:161} INFO - Processing /home/airflow/.local/lib/python3.7/site-packages/airflow/example_dags/example_time_delta_sensor_async.py took 0.049 seconds
[2023-04-08 11:48:03,752] {processor.py:153} INFO - Started process (PID=51506) to work on /home/airflow/.local/lib/python3.7/site-packages/airflow/example_dags/example_time_delta_sensor_async.py
[2023-04-08 11:48:03,753] {processor.py:641} INFO - Processing file /home/airflow/.local/lib/python3.7/site-packages/airflow/example_dags/example_time_delta_sensor_async.py for tasks to queue
[2023-04-08 11:48:03,754] {logging_mixin.py:115} INFO - [2023-04-08 11:48:03,754] {dagbag.py:507} INFO - Filling up the DagBag from /home/airflow/.local/lib/python3.7/site-packages/airflow/example_dags/example_time_delta_sensor_async.py
[2023-04-08 11:48:03,759] {processor.py:651} INFO - DAG(s) dict_keys(['example_time_delta_sensor_async']) retrieved from /home/airflow/.local/lib/python3.7/site-packages/airflow/example_dags/example_time_delta_sensor_async.py
[2023-04-08 11:48:03,784] {logging_mixin.py:115} INFO - [2023-04-08 11:48:03,784] {dag.py:2371} INFO - Sync 1 DAGs
[2023-04-08 11:48:03,796] {logging_mixin.py:115} INFO - [2023-04-08 11:48:03,796] {dag.py:2919} INFO - Setting next_dagrun for example_time_delta_sensor_async to None, run_after=None
[2023-04-08 11:48:03,801] {processor.py:161} INFO - Processing /home/airflow/.local/lib/python3.7/site-packages/airflow/example_dags/example_time_delta_sensor_async.py took 0.051 seconds
[2023-04-08 12:54:20,173] {processor.py:153} INFO - Started process (PID=51567) to work on /home/airflow/.local/lib/python3.7/site-packages/airflow/example_dags/example_time_delta_sensor_async.py
[2023-04-08 12:54:20,173] {processor.py:641} INFO - Processing file /home/airflow/.local/lib/python3.7/site-packages/airflow/example_dags/example_time_delta_sensor_async.py for tasks to queue
[2023-04-08 12:54:20,174] {logging_mixin.py:115} INFO - [2023-04-08 12:54:20,174] {dagbag.py:507} INFO - Filling up the DagBag from /home/airflow/.local/lib/python3.7/site-packages/airflow/example_dags/example_time_delta_sensor_async.py
[2023-04-08 12:54:20,177] {processor.py:651} INFO - DAG(s) dict_keys(['example_time_delta_sensor_async']) retrieved from /home/airflow/.local/lib/python3.7/site-packages/airflow/example_dags/example_time_delta_sensor_async.py
[2023-04-08 12:54:20,199] {logging_mixin.py:115} INFO - [2023-04-08 12:54:20,199] {dag.py:2371} INFO - Sync 1 DAGs
[2023-04-08 12:54:20,210] {logging_mixin.py:115} INFO - [2023-04-08 12:54:20,210] {dag.py:2919} INFO - Setting next_dagrun for example_time_delta_sensor_async to None, run_after=None
[2023-04-08 12:54:20,215] {processor.py:161} INFO - Processing /home/airflow/.local/lib/python3.7/site-packages/airflow/example_dags/example_time_delta_sensor_async.py took 0.044 seconds
[2023-04-08 14:13:39,193] {processor.py:153} INFO - Started process (PID=51629) to work on /home/airflow/.local/lib/python3.7/site-packages/airflow/example_dags/example_time_delta_sensor_async.py
[2023-04-08 14:13:39,195] {processor.py:641} INFO - Processing file /home/airflow/.local/lib/python3.7/site-packages/airflow/example_dags/example_time_delta_sensor_async.py for tasks to queue
[2023-04-08 14:13:39,196] {logging_mixin.py:115} INFO - [2023-04-08 14:13:39,196] {dagbag.py:507} INFO - Filling up the DagBag from /home/airflow/.local/lib/python3.7/site-packages/airflow/example_dags/example_time_delta_sensor_async.py
[2023-04-08 14:13:39,208] {processor.py:651} INFO - DAG(s) dict_keys(['example_time_delta_sensor_async']) retrieved from /home/airflow/.local/lib/python3.7/site-packages/airflow/example_dags/example_time_delta_sensor_async.py
[2023-04-08 14:13:39,285] {logging_mixin.py:115} INFO - [2023-04-08 14:13:39,285] {dag.py:2371} INFO - Sync 1 DAGs
[2023-04-08 14:13:39,321] {logging_mixin.py:115} INFO - [2023-04-08 14:13:39,321] {dag.py:2919} INFO - Setting next_dagrun for example_time_delta_sensor_async to None, run_after=None
[2023-04-08 14:13:39,335] {processor.py:161} INFO - Processing /home/airflow/.local/lib/python3.7/site-packages/airflow/example_dags/example_time_delta_sensor_async.py took 0.145 seconds
[2023-04-08 15:21:18,143] {processor.py:153} INFO - Started process (PID=51682) to work on /home/airflow/.local/lib/python3.7/site-packages/airflow/example_dags/example_time_delta_sensor_async.py
[2023-04-08 15:21:18,144] {processor.py:641} INFO - Processing file /home/airflow/.local/lib/python3.7/site-packages/airflow/example_dags/example_time_delta_sensor_async.py for tasks to queue
[2023-04-08 15:21:18,144] {logging_mixin.py:115} INFO - [2023-04-08 15:21:18,144] {dagbag.py:507} INFO - Filling up the DagBag from /home/airflow/.local/lib/python3.7/site-packages/airflow/example_dags/example_time_delta_sensor_async.py
[2023-04-08 15:21:18,149] {processor.py:651} INFO - DAG(s) dict_keys(['example_time_delta_sensor_async']) retrieved from /home/airflow/.local/lib/python3.7/site-packages/airflow/example_dags/example_time_delta_sensor_async.py
[2023-04-08 15:21:18,174] {logging_mixin.py:115} INFO - [2023-04-08 15:21:18,174] {dag.py:2371} INFO - Sync 1 DAGs
[2023-04-08 15:21:18,185] {logging_mixin.py:115} INFO - [2023-04-08 15:21:18,185] {dag.py:2919} INFO - Setting next_dagrun for example_time_delta_sensor_async to None, run_after=None
[2023-04-08 15:21:18,190] {processor.py:161} INFO - Processing /home/airflow/.local/lib/python3.7/site-packages/airflow/example_dags/example_time_delta_sensor_async.py took 0.051 seconds
[2023-04-08 16:24:53,849] {processor.py:153} INFO - Started process (PID=51744) to work on /home/airflow/.local/lib/python3.7/site-packages/airflow/example_dags/example_time_delta_sensor_async.py
[2023-04-08 16:24:53,851] {processor.py:641} INFO - Processing file /home/airflow/.local/lib/python3.7/site-packages/airflow/example_dags/example_time_delta_sensor_async.py for tasks to queue
[2023-04-08 16:24:53,854] {logging_mixin.py:115} INFO - [2023-04-08 16:24:53,854] {dagbag.py:507} INFO - Filling up the DagBag from /home/airflow/.local/lib/python3.7/site-packages/airflow/example_dags/example_time_delta_sensor_async.py
[2023-04-08 16:24:53,859] {processor.py:651} INFO - DAG(s) dict_keys(['example_time_delta_sensor_async']) retrieved from /home/airflow/.local/lib/python3.7/site-packages/airflow/example_dags/example_time_delta_sensor_async.py
[2023-04-08 16:24:53,917] {logging_mixin.py:115} INFO - [2023-04-08 16:24:53,917] {dag.py:2371} INFO - Sync 1 DAGs
[2023-04-08 16:24:53,935] {logging_mixin.py:115} INFO - [2023-04-08 16:24:53,935] {dag.py:2919} INFO - Setting next_dagrun for example_time_delta_sensor_async to None, run_after=None
[2023-04-08 16:24:53,940] {processor.py:161} INFO - Processing /home/airflow/.local/lib/python3.7/site-packages/airflow/example_dags/example_time_delta_sensor_async.py took 0.094 seconds
[2023-04-08 17:46:20,955] {processor.py:153} INFO - Started process (PID=51806) to work on /home/airflow/.local/lib/python3.7/site-packages/airflow/example_dags/example_time_delta_sensor_async.py
[2023-04-08 17:46:20,955] {processor.py:641} INFO - Processing file /home/airflow/.local/lib/python3.7/site-packages/airflow/example_dags/example_time_delta_sensor_async.py for tasks to queue
[2023-04-08 17:46:20,956] {logging_mixin.py:115} INFO - [2023-04-08 17:46:20,956] {dagbag.py:507} INFO - Filling up the DagBag from /home/airflow/.local/lib/python3.7/site-packages/airflow/example_dags/example_time_delta_sensor_async.py
[2023-04-08 17:46:20,959] {processor.py:651} INFO - DAG(s) dict_keys(['example_time_delta_sensor_async']) retrieved from /home/airflow/.local/lib/python3.7/site-packages/airflow/example_dags/example_time_delta_sensor_async.py
[2023-04-08 17:46:20,982] {logging_mixin.py:115} INFO - [2023-04-08 17:46:20,982] {dag.py:2371} INFO - Sync 1 DAGs
[2023-04-08 17:46:20,993] {logging_mixin.py:115} INFO - [2023-04-08 17:46:20,993] {dag.py:2919} INFO - Setting next_dagrun for example_time_delta_sensor_async to None, run_after=None
[2023-04-08 17:46:20,999] {processor.py:161} INFO - Processing /home/airflow/.local/lib/python3.7/site-packages/airflow/example_dags/example_time_delta_sensor_async.py took 0.047 seconds
[2023-04-08 18:52:20,325] {processor.py:153} INFO - Started process (PID=51868) to work on /home/airflow/.local/lib/python3.7/site-packages/airflow/example_dags/example_time_delta_sensor_async.py
[2023-04-08 18:52:20,325] {processor.py:641} INFO - Processing file /home/airflow/.local/lib/python3.7/site-packages/airflow/example_dags/example_time_delta_sensor_async.py for tasks to queue
[2023-04-08 18:52:20,326] {logging_mixin.py:115} INFO - [2023-04-08 18:52:20,326] {dagbag.py:507} INFO - Filling up the DagBag from /home/airflow/.local/lib/python3.7/site-packages/airflow/example_dags/example_time_delta_sensor_async.py
[2023-04-08 18:52:20,329] {processor.py:651} INFO - DAG(s) dict_keys(['example_time_delta_sensor_async']) retrieved from /home/airflow/.local/lib/python3.7/site-packages/airflow/example_dags/example_time_delta_sensor_async.py
[2023-04-08 18:52:20,352] {logging_mixin.py:115} INFO - [2023-04-08 18:52:20,352] {dag.py:2371} INFO - Sync 1 DAGs
[2023-04-08 18:52:20,363] {logging_mixin.py:115} INFO - [2023-04-08 18:52:20,363] {dag.py:2919} INFO - Setting next_dagrun for example_time_delta_sensor_async to None, run_after=None
[2023-04-08 18:52:20,370] {processor.py:161} INFO - Processing /home/airflow/.local/lib/python3.7/site-packages/airflow/example_dags/example_time_delta_sensor_async.py took 0.047 seconds
[2023-04-08 20:00:24,377] {processor.py:153} INFO - Started process (PID=51929) to work on /home/airflow/.local/lib/python3.7/site-packages/airflow/example_dags/example_time_delta_sensor_async.py
[2023-04-08 20:00:24,378] {processor.py:641} INFO - Processing file /home/airflow/.local/lib/python3.7/site-packages/airflow/example_dags/example_time_delta_sensor_async.py for tasks to queue
[2023-04-08 20:00:24,378] {logging_mixin.py:115} INFO - [2023-04-08 20:00:24,378] {dagbag.py:507} INFO - Filling up the DagBag from /home/airflow/.local/lib/python3.7/site-packages/airflow/example_dags/example_time_delta_sensor_async.py
[2023-04-08 20:00:24,382] {processor.py:651} INFO - DAG(s) dict_keys(['example_time_delta_sensor_async']) retrieved from /home/airflow/.local/lib/python3.7/site-packages/airflow/example_dags/example_time_delta_sensor_async.py
[2023-04-08 20:00:24,405] {logging_mixin.py:115} INFO - [2023-04-08 20:00:24,405] {dag.py:2371} INFO - Sync 1 DAGs
[2023-04-08 20:00:24,416] {logging_mixin.py:115} INFO - [2023-04-08 20:00:24,416] {dag.py:2919} INFO - Setting next_dagrun for example_time_delta_sensor_async to None, run_after=None
[2023-04-08 20:00:24,422] {processor.py:161} INFO - Processing /home/airflow/.local/lib/python3.7/site-packages/airflow/example_dags/example_time_delta_sensor_async.py took 0.047 seconds
[2023-04-08 20:00:54,777] {processor.py:153} INFO - Started process (PID=51982) to work on /home/airflow/.local/lib/python3.7/site-packages/airflow/example_dags/example_time_delta_sensor_async.py
[2023-04-08 20:00:54,778] {processor.py:641} INFO - Processing file /home/airflow/.local/lib/python3.7/site-packages/airflow/example_dags/example_time_delta_sensor_async.py for tasks to queue
[2023-04-08 20:00:54,778] {logging_mixin.py:115} INFO - [2023-04-08 20:00:54,778] {dagbag.py:507} INFO - Filling up the DagBag from /home/airflow/.local/lib/python3.7/site-packages/airflow/example_dags/example_time_delta_sensor_async.py
[2023-04-08 20:00:54,782] {processor.py:651} INFO - DAG(s) dict_keys(['example_time_delta_sensor_async']) retrieved from /home/airflow/.local/lib/python3.7/site-packages/airflow/example_dags/example_time_delta_sensor_async.py
[2023-04-08 20:00:54,806] {logging_mixin.py:115} INFO - [2023-04-08 20:00:54,806] {dag.py:2371} INFO - Sync 1 DAGs
[2023-04-08 20:00:54,816] {logging_mixin.py:115} INFO - [2023-04-08 20:00:54,816] {dag.py:2919} INFO - Setting next_dagrun for example_time_delta_sensor_async to None, run_after=None
[2023-04-08 20:00:54,822] {processor.py:161} INFO - Processing /home/airflow/.local/lib/python3.7/site-packages/airflow/example_dags/example_time_delta_sensor_async.py took 0.047 seconds
[2023-04-08 20:49:44,576] {processor.py:153} INFO - Started process (PID=52044) to work on /home/airflow/.local/lib/python3.7/site-packages/airflow/example_dags/example_time_delta_sensor_async.py
[2023-04-08 20:49:44,576] {processor.py:641} INFO - Processing file /home/airflow/.local/lib/python3.7/site-packages/airflow/example_dags/example_time_delta_sensor_async.py for tasks to queue
[2023-04-08 20:49:44,577] {logging_mixin.py:115} INFO - [2023-04-08 20:49:44,577] {dagbag.py:507} INFO - Filling up the DagBag from /home/airflow/.local/lib/python3.7/site-packages/airflow/example_dags/example_time_delta_sensor_async.py
[2023-04-08 20:49:44,580] {processor.py:651} INFO - DAG(s) dict_keys(['example_time_delta_sensor_async']) retrieved from /home/airflow/.local/lib/python3.7/site-packages/airflow/example_dags/example_time_delta_sensor_async.py
[2023-04-08 20:49:44,604] {logging_mixin.py:115} INFO - [2023-04-08 20:49:44,604] {dag.py:2371} INFO - Sync 1 DAGs
[2023-04-08 20:49:44,614] {logging_mixin.py:115} INFO - [2023-04-08 20:49:44,614] {dag.py:2919} INFO - Setting next_dagrun for example_time_delta_sensor_async to None, run_after=None
[2023-04-08 20:49:44,620] {processor.py:161} INFO - Processing /home/airflow/.local/lib/python3.7/site-packages/airflow/example_dags/example_time_delta_sensor_async.py took 0.046 seconds
[2023-04-08 22:14:43,861] {processor.py:153} INFO - Started process (PID=52106) to work on /home/airflow/.local/lib/python3.7/site-packages/airflow/example_dags/example_time_delta_sensor_async.py
[2023-04-08 22:14:43,861] {processor.py:641} INFO - Processing file /home/airflow/.local/lib/python3.7/site-packages/airflow/example_dags/example_time_delta_sensor_async.py for tasks to queue
[2023-04-08 22:14:43,862] {logging_mixin.py:115} INFO - [2023-04-08 22:14:43,862] {dagbag.py:507} INFO - Filling up the DagBag from /home/airflow/.local/lib/python3.7/site-packages/airflow/example_dags/example_time_delta_sensor_async.py
[2023-04-08 22:14:43,866] {processor.py:651} INFO - DAG(s) dict_keys(['example_time_delta_sensor_async']) retrieved from /home/airflow/.local/lib/python3.7/site-packages/airflow/example_dags/example_time_delta_sensor_async.py
[2023-04-08 22:14:43,893] {logging_mixin.py:115} INFO - [2023-04-08 22:14:43,893] {dag.py:2371} INFO - Sync 1 DAGs
[2023-04-08 22:14:43,905] {logging_mixin.py:115} INFO - [2023-04-08 22:14:43,905] {dag.py:2919} INFO - Setting next_dagrun for example_time_delta_sensor_async to None, run_after=None
[2023-04-08 22:14:43,912] {processor.py:161} INFO - Processing /home/airflow/.local/lib/python3.7/site-packages/airflow/example_dags/example_time_delta_sensor_async.py took 0.054 seconds
[2023-04-08 23:20:17,357] {processor.py:153} INFO - Started process (PID=52168) to work on /home/airflow/.local/lib/python3.7/site-packages/airflow/example_dags/example_time_delta_sensor_async.py
[2023-04-08 23:20:17,358] {processor.py:641} INFO - Processing file /home/airflow/.local/lib/python3.7/site-packages/airflow/example_dags/example_time_delta_sensor_async.py for tasks to queue
[2023-04-08 23:20:17,360] {logging_mixin.py:115} INFO - [2023-04-08 23:20:17,360] {dagbag.py:507} INFO - Filling up the DagBag from /home/airflow/.local/lib/python3.7/site-packages/airflow/example_dags/example_time_delta_sensor_async.py
[2023-04-08 23:20:17,364] {processor.py:651} INFO - DAG(s) dict_keys(['example_time_delta_sensor_async']) retrieved from /home/airflow/.local/lib/python3.7/site-packages/airflow/example_dags/example_time_delta_sensor_async.py
[2023-04-08 23:20:17,391] {logging_mixin.py:115} INFO - [2023-04-08 23:20:17,391] {dag.py:2371} INFO - Sync 1 DAGs
[2023-04-08 23:20:17,403] {logging_mixin.py:115} INFO - [2023-04-08 23:20:17,403] {dag.py:2919} INFO - Setting next_dagrun for example_time_delta_sensor_async to None, run_after=None
[2023-04-08 23:20:17,409] {processor.py:161} INFO - Processing /home/airflow/.local/lib/python3.7/site-packages/airflow/example_dags/example_time_delta_sensor_async.py took 0.055 seconds
