[2023-04-08 00:00:26,835] {processor.py:153} INFO - Started process (PID=50713) to work on /home/airflow/.local/lib/python3.7/site-packages/airflow/example_dags/example_latest_only.py
[2023-04-08 00:00:26,837] {processor.py:641} INFO - Processing file /home/airflow/.local/lib/python3.7/site-packages/airflow/example_dags/example_latest_only.py for tasks to queue
[2023-04-08 00:00:26,839] {logging_mixin.py:115} INFO - [2023-04-08 00:00:26,838] {dagbag.py:507} INFO - Filling up the DagBag from /home/airflow/.local/lib/python3.7/site-packages/airflow/example_dags/example_latest_only.py
[2023-04-08 00:00:26,872] {processor.py:651} INFO - DAG(s) dict_keys(['latest_only']) retrieved from /home/airflow/.local/lib/python3.7/site-packages/airflow/example_dags/example_latest_only.py
[2023-04-08 00:00:26,992] {logging_mixin.py:115} INFO - [2023-04-08 00:00:26,992] {dag.py:2371} INFO - Sync 1 DAGs
[2023-04-08 00:00:27,037] {logging_mixin.py:115} INFO - [2023-04-08 00:00:27,036] {dag.py:2919} INFO - Setting next_dagrun for latest_only to 2023-04-07T20:00:27.036313+00:00, run_after=2023-04-08T00:00:27.036313+00:00
[2023-04-08 00:00:27,070] {processor.py:161} INFO - Processing /home/airflow/.local/lib/python3.7/site-packages/airflow/example_dags/example_latest_only.py took 0.305 seconds
[2023-04-08 01:09:12,060] {processor.py:153} INFO - Started process (PID=50765) to work on /home/airflow/.local/lib/python3.7/site-packages/airflow/example_dags/example_latest_only.py
[2023-04-08 01:09:12,060] {processor.py:641} INFO - Processing file /home/airflow/.local/lib/python3.7/site-packages/airflow/example_dags/example_latest_only.py for tasks to queue
[2023-04-08 01:09:12,061] {logging_mixin.py:115} INFO - [2023-04-08 01:09:12,061] {dagbag.py:507} INFO - Filling up the DagBag from /home/airflow/.local/lib/python3.7/site-packages/airflow/example_dags/example_latest_only.py
[2023-04-08 01:09:12,065] {processor.py:651} INFO - DAG(s) dict_keys(['latest_only']) retrieved from /home/airflow/.local/lib/python3.7/site-packages/airflow/example_dags/example_latest_only.py
[2023-04-08 01:09:12,090] {logging_mixin.py:115} INFO - [2023-04-08 01:09:12,090] {dag.py:2371} INFO - Sync 1 DAGs
[2023-04-08 01:09:12,106] {logging_mixin.py:115} INFO - [2023-04-08 01:09:12,106] {dag.py:2919} INFO - Setting next_dagrun for latest_only to 2023-04-07T21:09:12.106310+00:00, run_after=2023-04-08T01:09:12.106310+00:00
[2023-04-08 01:09:12,112] {processor.py:161} INFO - Processing /home/airflow/.local/lib/python3.7/site-packages/airflow/example_dags/example_latest_only.py took 0.055 seconds
[2023-04-08 02:16:02,405] {processor.py:153} INFO - Started process (PID=50828) to work on /home/airflow/.local/lib/python3.7/site-packages/airflow/example_dags/example_latest_only.py
[2023-04-08 02:16:02,405] {processor.py:641} INFO - Processing file /home/airflow/.local/lib/python3.7/site-packages/airflow/example_dags/example_latest_only.py for tasks to queue
[2023-04-08 02:16:02,406] {logging_mixin.py:115} INFO - [2023-04-08 02:16:02,406] {dagbag.py:507} INFO - Filling up the DagBag from /home/airflow/.local/lib/python3.7/site-packages/airflow/example_dags/example_latest_only.py
[2023-04-08 02:16:02,414] {processor.py:651} INFO - DAG(s) dict_keys(['latest_only']) retrieved from /home/airflow/.local/lib/python3.7/site-packages/airflow/example_dags/example_latest_only.py
[2023-04-08 02:16:02,462] {logging_mixin.py:115} INFO - [2023-04-08 02:16:02,461] {dag.py:2371} INFO - Sync 1 DAGs
[2023-04-08 02:16:02,484] {logging_mixin.py:115} INFO - [2023-04-08 02:16:02,484] {dag.py:2919} INFO - Setting next_dagrun for latest_only to 2023-04-07T22:16:02.483828+00:00, run_after=2023-04-08T02:16:02.483828+00:00
[2023-04-08 02:16:02,497] {processor.py:161} INFO - Processing /home/airflow/.local/lib/python3.7/site-packages/airflow/example_dags/example_latest_only.py took 0.097 seconds
[2023-04-08 03:21:43,801] {processor.py:153} INFO - Started process (PID=50890) to work on /home/airflow/.local/lib/python3.7/site-packages/airflow/example_dags/example_latest_only.py
[2023-04-08 03:21:43,801] {processor.py:641} INFO - Processing file /home/airflow/.local/lib/python3.7/site-packages/airflow/example_dags/example_latest_only.py for tasks to queue
[2023-04-08 03:21:43,802] {logging_mixin.py:115} INFO - [2023-04-08 03:21:43,802] {dagbag.py:507} INFO - Filling up the DagBag from /home/airflow/.local/lib/python3.7/site-packages/airflow/example_dags/example_latest_only.py
[2023-04-08 03:21:43,808] {processor.py:651} INFO - DAG(s) dict_keys(['latest_only']) retrieved from /home/airflow/.local/lib/python3.7/site-packages/airflow/example_dags/example_latest_only.py
[2023-04-08 03:21:43,833] {logging_mixin.py:115} INFO - [2023-04-08 03:21:43,833] {dag.py:2371} INFO - Sync 1 DAGs
[2023-04-08 03:21:43,844] {logging_mixin.py:115} INFO - [2023-04-08 03:21:43,844] {dag.py:2919} INFO - Setting next_dagrun for latest_only to 2023-04-07T23:21:43.844575+00:00, run_after=2023-04-08T03:21:43.844575+00:00
[2023-04-08 03:21:43,851] {processor.py:161} INFO - Processing /home/airflow/.local/lib/python3.7/site-packages/airflow/example_dags/example_latest_only.py took 0.053 seconds
[2023-04-08 03:34:46,935] {processor.py:153} INFO - Started process (PID=50951) to work on /home/airflow/.local/lib/python3.7/site-packages/airflow/example_dags/example_latest_only.py
[2023-04-08 03:34:46,938] {processor.py:641} INFO - Processing file /home/airflow/.local/lib/python3.7/site-packages/airflow/example_dags/example_latest_only.py for tasks to queue
[2023-04-08 03:34:46,939] {logging_mixin.py:115} INFO - [2023-04-08 03:34:46,939] {dagbag.py:507} INFO - Filling up the DagBag from /home/airflow/.local/lib/python3.7/site-packages/airflow/example_dags/example_latest_only.py
[2023-04-08 03:34:46,943] {processor.py:651} INFO - DAG(s) dict_keys(['latest_only']) retrieved from /home/airflow/.local/lib/python3.7/site-packages/airflow/example_dags/example_latest_only.py
[2023-04-08 03:34:46,977] {logging_mixin.py:115} INFO - [2023-04-08 03:34:46,977] {dag.py:2371} INFO - Sync 1 DAGs
[2023-04-08 03:34:46,999] {logging_mixin.py:115} INFO - [2023-04-08 03:34:46,998] {dag.py:2919} INFO - Setting next_dagrun for latest_only to 2023-04-07T23:34:46.998715+00:00, run_after=2023-04-08T03:34:46.998715+00:00
[2023-04-08 03:34:47,010] {processor.py:161} INFO - Processing /home/airflow/.local/lib/python3.7/site-packages/airflow/example_dags/example_latest_only.py took 0.077 seconds
[2023-04-08 04:06:56,875] {processor.py:153} INFO - Started process (PID=51013) to work on /home/airflow/.local/lib/python3.7/site-packages/airflow/example_dags/example_latest_only.py
[2023-04-08 04:06:56,876] {processor.py:641} INFO - Processing file /home/airflow/.local/lib/python3.7/site-packages/airflow/example_dags/example_latest_only.py for tasks to queue
[2023-04-08 04:06:56,876] {logging_mixin.py:115} INFO - [2023-04-08 04:06:56,876] {dagbag.py:507} INFO - Filling up the DagBag from /home/airflow/.local/lib/python3.7/site-packages/airflow/example_dags/example_latest_only.py
[2023-04-08 04:06:56,880] {processor.py:651} INFO - DAG(s) dict_keys(['latest_only']) retrieved from /home/airflow/.local/lib/python3.7/site-packages/airflow/example_dags/example_latest_only.py
[2023-04-08 04:06:56,898] {logging_mixin.py:115} INFO - [2023-04-08 04:06:56,898] {dag.py:2371} INFO - Sync 1 DAGs
[2023-04-08 04:06:56,910] {logging_mixin.py:115} INFO - [2023-04-08 04:06:56,910] {dag.py:2919} INFO - Setting next_dagrun for latest_only to 2023-04-08T00:06:56.910004+00:00, run_after=2023-04-08T04:06:56.910004+00:00
[2023-04-08 04:06:56,916] {processor.py:161} INFO - Processing /home/airflow/.local/lib/python3.7/site-packages/airflow/example_dags/example_latest_only.py took 0.044 seconds
[2023-04-08 05:27:56,642] {processor.py:153} INFO - Started process (PID=51074) to work on /home/airflow/.local/lib/python3.7/site-packages/airflow/example_dags/example_latest_only.py
[2023-04-08 05:27:56,650] {processor.py:641} INFO - Processing file /home/airflow/.local/lib/python3.7/site-packages/airflow/example_dags/example_latest_only.py for tasks to queue
[2023-04-08 05:27:56,652] {logging_mixin.py:115} INFO - [2023-04-08 05:27:56,652] {dagbag.py:507} INFO - Filling up the DagBag from /home/airflow/.local/lib/python3.7/site-packages/airflow/example_dags/example_latest_only.py
[2023-04-08 05:27:56,689] {processor.py:651} INFO - DAG(s) dict_keys(['latest_only']) retrieved from /home/airflow/.local/lib/python3.7/site-packages/airflow/example_dags/example_latest_only.py
[2023-04-08 05:27:56,805] {logging_mixin.py:115} INFO - [2023-04-08 05:27:56,805] {dag.py:2371} INFO - Sync 1 DAGs
[2023-04-08 05:27:56,857] {logging_mixin.py:115} INFO - [2023-04-08 05:27:56,857] {dag.py:2919} INFO - Setting next_dagrun for latest_only to 2023-04-08T01:27:56.857613+00:00, run_after=2023-04-08T05:27:56.857613+00:00
[2023-04-08 05:27:56,878] {processor.py:161} INFO - Processing /home/airflow/.local/lib/python3.7/site-packages/airflow/example_dags/example_latest_only.py took 0.240 seconds
[2023-04-08 06:37:03,954] {processor.py:153} INFO - Started process (PID=51129) to work on /home/airflow/.local/lib/python3.7/site-packages/airflow/example_dags/example_latest_only.py
[2023-04-08 06:37:03,956] {processor.py:641} INFO - Processing file /home/airflow/.local/lib/python3.7/site-packages/airflow/example_dags/example_latest_only.py for tasks to queue
[2023-04-08 06:37:03,956] {logging_mixin.py:115} INFO - [2023-04-08 06:37:03,956] {dagbag.py:507} INFO - Filling up the DagBag from /home/airflow/.local/lib/python3.7/site-packages/airflow/example_dags/example_latest_only.py
[2023-04-08 06:37:03,962] {processor.py:651} INFO - DAG(s) dict_keys(['latest_only']) retrieved from /home/airflow/.local/lib/python3.7/site-packages/airflow/example_dags/example_latest_only.py
[2023-04-08 06:37:04,009] {logging_mixin.py:115} INFO - [2023-04-08 06:37:04,009] {dag.py:2371} INFO - Sync 1 DAGs
[2023-04-08 06:37:04,030] {logging_mixin.py:115} INFO - [2023-04-08 06:37:04,030] {dag.py:2919} INFO - Setting next_dagrun for latest_only to 2023-04-08T02:37:04.030419+00:00, run_after=2023-04-08T06:37:04.030419+00:00
[2023-04-08 06:37:04,047] {processor.py:161} INFO - Processing /home/airflow/.local/lib/python3.7/site-packages/airflow/example_dags/example_latest_only.py took 0.096 seconds
[2023-04-08 07:39:07,923] {processor.py:153} INFO - Started process (PID=51190) to work on /home/airflow/.local/lib/python3.7/site-packages/airflow/example_dags/example_latest_only.py
[2023-04-08 07:39:07,925] {processor.py:641} INFO - Processing file /home/airflow/.local/lib/python3.7/site-packages/airflow/example_dags/example_latest_only.py for tasks to queue
[2023-04-08 07:39:07,928] {logging_mixin.py:115} INFO - [2023-04-08 07:39:07,928] {dagbag.py:507} INFO - Filling up the DagBag from /home/airflow/.local/lib/python3.7/site-packages/airflow/example_dags/example_latest_only.py
[2023-04-08 07:39:07,932] {processor.py:651} INFO - DAG(s) dict_keys(['latest_only']) retrieved from /home/airflow/.local/lib/python3.7/site-packages/airflow/example_dags/example_latest_only.py
[2023-04-08 07:39:07,951] {logging_mixin.py:115} INFO - [2023-04-08 07:39:07,951] {dag.py:2371} INFO - Sync 1 DAGs
[2023-04-08 07:39:07,963] {logging_mixin.py:115} INFO - [2023-04-08 07:39:07,963] {dag.py:2919} INFO - Setting next_dagrun for latest_only to 2023-04-08T03:39:07.962875+00:00, run_after=2023-04-08T07:39:07.962875+00:00
[2023-04-08 07:39:07,969] {processor.py:161} INFO - Processing /home/airflow/.local/lib/python3.7/site-packages/airflow/example_dags/example_latest_only.py took 0.048 seconds
[2023-04-08 09:01:41,403] {processor.py:153} INFO - Started process (PID=51252) to work on /home/airflow/.local/lib/python3.7/site-packages/airflow/example_dags/example_latest_only.py
[2023-04-08 09:01:41,408] {processor.py:641} INFO - Processing file /home/airflow/.local/lib/python3.7/site-packages/airflow/example_dags/example_latest_only.py for tasks to queue
[2023-04-08 09:01:41,409] {logging_mixin.py:115} INFO - [2023-04-08 09:01:41,408] {dagbag.py:507} INFO - Filling up the DagBag from /home/airflow/.local/lib/python3.7/site-packages/airflow/example_dags/example_latest_only.py
[2023-04-08 09:01:41,422] {processor.py:651} INFO - DAG(s) dict_keys(['latest_only']) retrieved from /home/airflow/.local/lib/python3.7/site-packages/airflow/example_dags/example_latest_only.py
[2023-04-08 09:01:41,482] {logging_mixin.py:115} INFO - [2023-04-08 09:01:41,482] {dag.py:2371} INFO - Sync 1 DAGs
[2023-04-08 09:01:41,511] {logging_mixin.py:115} INFO - [2023-04-08 09:01:41,511] {dag.py:2919} INFO - Setting next_dagrun for latest_only to 2023-04-08T05:01:41.510721+00:00, run_after=2023-04-08T09:01:41.510721+00:00
[2023-04-08 09:01:41,526] {processor.py:161} INFO - Processing /home/airflow/.local/lib/python3.7/site-packages/airflow/example_dags/example_latest_only.py took 0.128 seconds
[2023-04-08 10:07:00,502] {processor.py:153} INFO - Started process (PID=51314) to work on /home/airflow/.local/lib/python3.7/site-packages/airflow/example_dags/example_latest_only.py
[2023-04-08 10:07:00,504] {processor.py:641} INFO - Processing file /home/airflow/.local/lib/python3.7/site-packages/airflow/example_dags/example_latest_only.py for tasks to queue
[2023-04-08 10:07:00,505] {logging_mixin.py:115} INFO - [2023-04-08 10:07:00,505] {dagbag.py:507} INFO - Filling up the DagBag from /home/airflow/.local/lib/python3.7/site-packages/airflow/example_dags/example_latest_only.py
[2023-04-08 10:07:00,509] {processor.py:651} INFO - DAG(s) dict_keys(['latest_only']) retrieved from /home/airflow/.local/lib/python3.7/site-packages/airflow/example_dags/example_latest_only.py
[2023-04-08 10:07:00,560] {logging_mixin.py:115} INFO - [2023-04-08 10:07:00,560] {dag.py:2371} INFO - Sync 1 DAGs
[2023-04-08 10:07:00,583] {logging_mixin.py:115} INFO - [2023-04-08 10:07:00,583] {dag.py:2919} INFO - Setting next_dagrun for latest_only to 2023-04-08T06:07:00.583171+00:00, run_after=2023-04-08T10:07:00.583171+00:00
[2023-04-08 10:07:00,598] {processor.py:161} INFO - Processing /home/airflow/.local/lib/python3.7/site-packages/airflow/example_dags/example_latest_only.py took 0.099 seconds
[2023-04-08 11:14:33,837] {processor.py:153} INFO - Started process (PID=51367) to work on /home/airflow/.local/lib/python3.7/site-packages/airflow/example_dags/example_latest_only.py
[2023-04-08 11:14:33,840] {processor.py:641} INFO - Processing file /home/airflow/.local/lib/python3.7/site-packages/airflow/example_dags/example_latest_only.py for tasks to queue
[2023-04-08 11:14:33,841] {logging_mixin.py:115} INFO - [2023-04-08 11:14:33,841] {dagbag.py:507} INFO - Filling up the DagBag from /home/airflow/.local/lib/python3.7/site-packages/airflow/example_dags/example_latest_only.py
[2023-04-08 11:14:33,846] {processor.py:651} INFO - DAG(s) dict_keys(['latest_only']) retrieved from /home/airflow/.local/lib/python3.7/site-packages/airflow/example_dags/example_latest_only.py
[2023-04-08 11:14:33,896] {logging_mixin.py:115} INFO - [2023-04-08 11:14:33,896] {dag.py:2371} INFO - Sync 1 DAGs
[2023-04-08 11:14:33,924] {logging_mixin.py:115} INFO - [2023-04-08 11:14:33,924] {dag.py:2919} INFO - Setting next_dagrun for latest_only to 2023-04-08T07:14:33.924041+00:00, run_after=2023-04-08T11:14:33.924041+00:00
[2023-04-08 11:14:33,936] {processor.py:161} INFO - Processing /home/airflow/.local/lib/python3.7/site-packages/airflow/example_dags/example_latest_only.py took 0.102 seconds
[2023-04-08 11:47:32,064] {processor.py:153} INFO - Started process (PID=51429) to work on /home/airflow/.local/lib/python3.7/site-packages/airflow/example_dags/example_latest_only.py
[2023-04-08 11:47:32,068] {processor.py:641} INFO - Processing file /home/airflow/.local/lib/python3.7/site-packages/airflow/example_dags/example_latest_only.py for tasks to queue
[2023-04-08 11:47:32,068] {logging_mixin.py:115} INFO - [2023-04-08 11:47:32,068] {dagbag.py:507} INFO - Filling up the DagBag from /home/airflow/.local/lib/python3.7/site-packages/airflow/example_dags/example_latest_only.py
[2023-04-08 11:47:32,073] {processor.py:651} INFO - DAG(s) dict_keys(['latest_only']) retrieved from /home/airflow/.local/lib/python3.7/site-packages/airflow/example_dags/example_latest_only.py
[2023-04-08 11:47:32,113] {logging_mixin.py:115} INFO - [2023-04-08 11:47:32,113] {dag.py:2371} INFO - Sync 1 DAGs
[2023-04-08 11:47:32,136] {logging_mixin.py:115} INFO - [2023-04-08 11:47:32,136] {dag.py:2919} INFO - Setting next_dagrun for latest_only to 2023-04-08T07:47:32.136009+00:00, run_after=2023-04-08T11:47:32.136009+00:00
[2023-04-08 11:47:32,146] {processor.py:161} INFO - Processing /home/airflow/.local/lib/python3.7/site-packages/airflow/example_dags/example_latest_only.py took 0.084 seconds
[2023-04-08 11:48:02,931] {processor.py:153} INFO - Started process (PID=51492) to work on /home/airflow/.local/lib/python3.7/site-packages/airflow/example_dags/example_latest_only.py
[2023-04-08 11:48:02,932] {processor.py:641} INFO - Processing file /home/airflow/.local/lib/python3.7/site-packages/airflow/example_dags/example_latest_only.py for tasks to queue
[2023-04-08 11:48:02,934] {logging_mixin.py:115} INFO - [2023-04-08 11:48:02,934] {dagbag.py:507} INFO - Filling up the DagBag from /home/airflow/.local/lib/python3.7/site-packages/airflow/example_dags/example_latest_only.py
[2023-04-08 11:48:02,943] {processor.py:651} INFO - DAG(s) dict_keys(['latest_only']) retrieved from /home/airflow/.local/lib/python3.7/site-packages/airflow/example_dags/example_latest_only.py
[2023-04-08 11:48:02,974] {logging_mixin.py:115} INFO - [2023-04-08 11:48:02,974] {dag.py:2371} INFO - Sync 1 DAGs
[2023-04-08 11:48:02,989] {logging_mixin.py:115} INFO - [2023-04-08 11:48:02,989] {dag.py:2919} INFO - Setting next_dagrun for latest_only to 2023-04-08T07:48:02.989376+00:00, run_after=2023-04-08T11:48:02.989376+00:00
[2023-04-08 11:48:02,996] {processor.py:161} INFO - Processing /home/airflow/.local/lib/python3.7/site-packages/airflow/example_dags/example_latest_only.py took 0.070 seconds
[2023-04-08 12:54:19,163] {processor.py:153} INFO - Started process (PID=51553) to work on /home/airflow/.local/lib/python3.7/site-packages/airflow/example_dags/example_latest_only.py
[2023-04-08 12:54:19,165] {processor.py:641} INFO - Processing file /home/airflow/.local/lib/python3.7/site-packages/airflow/example_dags/example_latest_only.py for tasks to queue
[2023-04-08 12:54:19,166] {logging_mixin.py:115} INFO - [2023-04-08 12:54:19,166] {dagbag.py:507} INFO - Filling up the DagBag from /home/airflow/.local/lib/python3.7/site-packages/airflow/example_dags/example_latest_only.py
[2023-04-08 12:54:19,177] {processor.py:651} INFO - DAG(s) dict_keys(['latest_only']) retrieved from /home/airflow/.local/lib/python3.7/site-packages/airflow/example_dags/example_latest_only.py
[2023-04-08 12:54:19,227] {logging_mixin.py:115} INFO - [2023-04-08 12:54:19,227] {dag.py:2371} INFO - Sync 1 DAGs
[2023-04-08 12:54:19,255] {logging_mixin.py:115} INFO - [2023-04-08 12:54:19,255] {dag.py:2919} INFO - Setting next_dagrun for latest_only to 2023-04-08T08:54:19.254720+00:00, run_after=2023-04-08T12:54:19.254720+00:00
[2023-04-08 12:54:19,268] {processor.py:161} INFO - Processing /home/airflow/.local/lib/python3.7/site-packages/airflow/example_dags/example_latest_only.py took 0.113 seconds
[2023-04-08 14:13:38,344] {processor.py:153} INFO - Started process (PID=51615) to work on /home/airflow/.local/lib/python3.7/site-packages/airflow/example_dags/example_latest_only.py
[2023-04-08 14:13:38,345] {processor.py:641} INFO - Processing file /home/airflow/.local/lib/python3.7/site-packages/airflow/example_dags/example_latest_only.py for tasks to queue
[2023-04-08 14:13:38,346] {logging_mixin.py:115} INFO - [2023-04-08 14:13:38,346] {dagbag.py:507} INFO - Filling up the DagBag from /home/airflow/.local/lib/python3.7/site-packages/airflow/example_dags/example_latest_only.py
[2023-04-08 14:13:38,350] {processor.py:651} INFO - DAG(s) dict_keys(['latest_only']) retrieved from /home/airflow/.local/lib/python3.7/site-packages/airflow/example_dags/example_latest_only.py
[2023-04-08 14:13:38,368] {logging_mixin.py:115} INFO - [2023-04-08 14:13:38,368] {dag.py:2371} INFO - Sync 1 DAGs
[2023-04-08 14:13:38,379] {logging_mixin.py:115} INFO - [2023-04-08 14:13:38,379] {dag.py:2919} INFO - Setting next_dagrun for latest_only to 2023-04-08T10:13:38.379705+00:00, run_after=2023-04-08T14:13:38.379705+00:00
[2023-04-08 14:13:38,386] {processor.py:161} INFO - Processing /home/airflow/.local/lib/python3.7/site-packages/airflow/example_dags/example_latest_only.py took 0.044 seconds
[2023-04-08 15:21:17,196] {processor.py:153} INFO - Started process (PID=51668) to work on /home/airflow/.local/lib/python3.7/site-packages/airflow/example_dags/example_latest_only.py
[2023-04-08 15:21:17,198] {processor.py:641} INFO - Processing file /home/airflow/.local/lib/python3.7/site-packages/airflow/example_dags/example_latest_only.py for tasks to queue
[2023-04-08 15:21:17,199] {logging_mixin.py:115} INFO - [2023-04-08 15:21:17,199] {dagbag.py:507} INFO - Filling up the DagBag from /home/airflow/.local/lib/python3.7/site-packages/airflow/example_dags/example_latest_only.py
[2023-04-08 15:21:17,206] {processor.py:651} INFO - DAG(s) dict_keys(['latest_only']) retrieved from /home/airflow/.local/lib/python3.7/site-packages/airflow/example_dags/example_latest_only.py
[2023-04-08 15:21:17,252] {logging_mixin.py:115} INFO - [2023-04-08 15:21:17,252] {dag.py:2371} INFO - Sync 1 DAGs
[2023-04-08 15:21:17,276] {logging_mixin.py:115} INFO - [2023-04-08 15:21:17,276] {dag.py:2919} INFO - Setting next_dagrun for latest_only to 2023-04-08T11:21:17.276577+00:00, run_after=2023-04-08T15:21:17.276577+00:00
[2023-04-08 15:21:17,287] {processor.py:161} INFO - Processing /home/airflow/.local/lib/python3.7/site-packages/airflow/example_dags/example_latest_only.py took 0.101 seconds
[2023-04-08 16:24:52,727] {processor.py:153} INFO - Started process (PID=51730) to work on /home/airflow/.local/lib/python3.7/site-packages/airflow/example_dags/example_latest_only.py
[2023-04-08 16:24:52,740] {processor.py:641} INFO - Processing file /home/airflow/.local/lib/python3.7/site-packages/airflow/example_dags/example_latest_only.py for tasks to queue
[2023-04-08 16:24:52,741] {logging_mixin.py:115} INFO - [2023-04-08 16:24:52,741] {dagbag.py:507} INFO - Filling up the DagBag from /home/airflow/.local/lib/python3.7/site-packages/airflow/example_dags/example_latest_only.py
[2023-04-08 16:24:52,749] {processor.py:651} INFO - DAG(s) dict_keys(['latest_only']) retrieved from /home/airflow/.local/lib/python3.7/site-packages/airflow/example_dags/example_latest_only.py
[2023-04-08 16:24:52,773] {logging_mixin.py:115} INFO - [2023-04-08 16:24:52,773] {dag.py:2371} INFO - Sync 1 DAGs
[2023-04-08 16:24:52,786] {logging_mixin.py:115} INFO - [2023-04-08 16:24:52,786] {dag.py:2919} INFO - Setting next_dagrun for latest_only to 2023-04-08T12:24:52.786464+00:00, run_after=2023-04-08T16:24:52.786464+00:00
[2023-04-08 16:24:52,793] {processor.py:161} INFO - Processing /home/airflow/.local/lib/python3.7/site-packages/airflow/example_dags/example_latest_only.py took 0.071 seconds
[2023-04-08 17:46:20,208] {processor.py:153} INFO - Started process (PID=51792) to work on /home/airflow/.local/lib/python3.7/site-packages/airflow/example_dags/example_latest_only.py
[2023-04-08 17:46:20,210] {processor.py:641} INFO - Processing file /home/airflow/.local/lib/python3.7/site-packages/airflow/example_dags/example_latest_only.py for tasks to queue
[2023-04-08 17:46:20,212] {logging_mixin.py:115} INFO - [2023-04-08 17:46:20,211] {dagbag.py:507} INFO - Filling up the DagBag from /home/airflow/.local/lib/python3.7/site-packages/airflow/example_dags/example_latest_only.py
[2023-04-08 17:46:20,225] {processor.py:651} INFO - DAG(s) dict_keys(['latest_only']) retrieved from /home/airflow/.local/lib/python3.7/site-packages/airflow/example_dags/example_latest_only.py
[2023-04-08 17:46:20,266] {logging_mixin.py:115} INFO - [2023-04-08 17:46:20,266] {dag.py:2371} INFO - Sync 1 DAGs
[2023-04-08 17:46:20,290] {logging_mixin.py:115} INFO - [2023-04-08 17:46:20,290] {dag.py:2919} INFO - Setting next_dagrun for latest_only to 2023-04-08T13:46:20.289911+00:00, run_after=2023-04-08T17:46:20.289911+00:00
[2023-04-08 17:46:20,299] {processor.py:161} INFO - Processing /home/airflow/.local/lib/python3.7/site-packages/airflow/example_dags/example_latest_only.py took 0.099 seconds
[2023-04-08 18:52:19,216] {processor.py:153} INFO - Started process (PID=51854) to work on /home/airflow/.local/lib/python3.7/site-packages/airflow/example_dags/example_latest_only.py
[2023-04-08 18:52:19,220] {processor.py:641} INFO - Processing file /home/airflow/.local/lib/python3.7/site-packages/airflow/example_dags/example_latest_only.py for tasks to queue
[2023-04-08 18:52:19,220] {logging_mixin.py:115} INFO - [2023-04-08 18:52:19,220] {dagbag.py:507} INFO - Filling up the DagBag from /home/airflow/.local/lib/python3.7/site-packages/airflow/example_dags/example_latest_only.py
[2023-04-08 18:52:19,225] {processor.py:651} INFO - DAG(s) dict_keys(['latest_only']) retrieved from /home/airflow/.local/lib/python3.7/site-packages/airflow/example_dags/example_latest_only.py
[2023-04-08 18:52:19,266] {logging_mixin.py:115} INFO - [2023-04-08 18:52:19,266] {dag.py:2371} INFO - Sync 1 DAGs
[2023-04-08 18:52:19,293] {logging_mixin.py:115} INFO - [2023-04-08 18:52:19,293] {dag.py:2919} INFO - Setting next_dagrun for latest_only to 2023-04-08T14:52:19.293431+00:00, run_after=2023-04-08T18:52:19.293431+00:00
[2023-04-08 18:52:19,307] {processor.py:161} INFO - Processing /home/airflow/.local/lib/python3.7/site-packages/airflow/example_dags/example_latest_only.py took 0.093 seconds
[2023-04-08 20:00:23,487] {processor.py:153} INFO - Started process (PID=51915) to work on /home/airflow/.local/lib/python3.7/site-packages/airflow/example_dags/example_latest_only.py
[2023-04-08 20:00:23,490] {processor.py:641} INFO - Processing file /home/airflow/.local/lib/python3.7/site-packages/airflow/example_dags/example_latest_only.py for tasks to queue
[2023-04-08 20:00:23,491] {logging_mixin.py:115} INFO - [2023-04-08 20:00:23,491] {dagbag.py:507} INFO - Filling up the DagBag from /home/airflow/.local/lib/python3.7/site-packages/airflow/example_dags/example_latest_only.py
[2023-04-08 20:00:23,495] {processor.py:651} INFO - DAG(s) dict_keys(['latest_only']) retrieved from /home/airflow/.local/lib/python3.7/site-packages/airflow/example_dags/example_latest_only.py
[2023-04-08 20:00:23,545] {logging_mixin.py:115} INFO - [2023-04-08 20:00:23,545] {dag.py:2371} INFO - Sync 1 DAGs
[2023-04-08 20:00:23,571] {logging_mixin.py:115} INFO - [2023-04-08 20:00:23,571] {dag.py:2919} INFO - Setting next_dagrun for latest_only to 2023-04-08T16:00:23.570562+00:00, run_after=2023-04-08T20:00:23.570562+00:00
[2023-04-08 20:00:23,596] {processor.py:161} INFO - Processing /home/airflow/.local/lib/python3.7/site-packages/airflow/example_dags/example_latest_only.py took 0.111 seconds
[2023-04-08 20:00:54,269] {processor.py:153} INFO - Started process (PID=51968) to work on /home/airflow/.local/lib/python3.7/site-packages/airflow/example_dags/example_latest_only.py
[2023-04-08 20:00:54,271] {processor.py:641} INFO - Processing file /home/airflow/.local/lib/python3.7/site-packages/airflow/example_dags/example_latest_only.py for tasks to queue
[2023-04-08 20:00:54,272] {logging_mixin.py:115} INFO - [2023-04-08 20:00:54,272] {dagbag.py:507} INFO - Filling up the DagBag from /home/airflow/.local/lib/python3.7/site-packages/airflow/example_dags/example_latest_only.py
[2023-04-08 20:00:54,280] {processor.py:651} INFO - DAG(s) dict_keys(['latest_only']) retrieved from /home/airflow/.local/lib/python3.7/site-packages/airflow/example_dags/example_latest_only.py
[2023-04-08 20:00:54,306] {logging_mixin.py:115} INFO - [2023-04-08 20:00:54,306] {dag.py:2371} INFO - Sync 1 DAGs
[2023-04-08 20:00:54,319] {logging_mixin.py:115} INFO - [2023-04-08 20:00:54,319] {dag.py:2919} INFO - Setting next_dagrun for latest_only to 2023-04-08T16:00:54.319450+00:00, run_after=2023-04-08T20:00:54.319450+00:00
[2023-04-08 20:00:54,326] {processor.py:161} INFO - Processing /home/airflow/.local/lib/python3.7/site-packages/airflow/example_dags/example_latest_only.py took 0.061 seconds
[2023-04-08 20:49:43,957] {processor.py:153} INFO - Started process (PID=52030) to work on /home/airflow/.local/lib/python3.7/site-packages/airflow/example_dags/example_latest_only.py
[2023-04-08 20:49:43,958] {processor.py:641} INFO - Processing file /home/airflow/.local/lib/python3.7/site-packages/airflow/example_dags/example_latest_only.py for tasks to queue
[2023-04-08 20:49:43,959] {logging_mixin.py:115} INFO - [2023-04-08 20:49:43,959] {dagbag.py:507} INFO - Filling up the DagBag from /home/airflow/.local/lib/python3.7/site-packages/airflow/example_dags/example_latest_only.py
[2023-04-08 20:49:43,963] {processor.py:651} INFO - DAG(s) dict_keys(['latest_only']) retrieved from /home/airflow/.local/lib/python3.7/site-packages/airflow/example_dags/example_latest_only.py
[2023-04-08 20:49:43,981] {logging_mixin.py:115} INFO - [2023-04-08 20:49:43,981] {dag.py:2371} INFO - Sync 1 DAGs
[2023-04-08 20:49:43,991] {logging_mixin.py:115} INFO - [2023-04-08 20:49:43,991] {dag.py:2919} INFO - Setting next_dagrun for latest_only to 2023-04-08T16:49:43.991726+00:00, run_after=2023-04-08T20:49:43.991726+00:00
[2023-04-08 20:49:43,998] {processor.py:161} INFO - Processing /home/airflow/.local/lib/python3.7/site-packages/airflow/example_dags/example_latest_only.py took 0.044 seconds
[2023-04-08 22:14:42,693] {processor.py:153} INFO - Started process (PID=52092) to work on /home/airflow/.local/lib/python3.7/site-packages/airflow/example_dags/example_latest_only.py
[2023-04-08 22:14:42,696] {processor.py:641} INFO - Processing file /home/airflow/.local/lib/python3.7/site-packages/airflow/example_dags/example_latest_only.py for tasks to queue
[2023-04-08 22:14:42,697] {logging_mixin.py:115} INFO - [2023-04-08 22:14:42,697] {dagbag.py:507} INFO - Filling up the DagBag from /home/airflow/.local/lib/python3.7/site-packages/airflow/example_dags/example_latest_only.py
[2023-04-08 22:14:42,701] {processor.py:651} INFO - DAG(s) dict_keys(['latest_only']) retrieved from /home/airflow/.local/lib/python3.7/site-packages/airflow/example_dags/example_latest_only.py
[2023-04-08 22:14:42,732] {logging_mixin.py:115} INFO - [2023-04-08 22:14:42,732] {dag.py:2371} INFO - Sync 1 DAGs
[2023-04-08 22:14:42,754] {logging_mixin.py:115} INFO - [2023-04-08 22:14:42,754] {dag.py:2919} INFO - Setting next_dagrun for latest_only to 2023-04-08T18:14:42.753872+00:00, run_after=2023-04-08T22:14:42.753872+00:00
[2023-04-08 22:14:42,770] {processor.py:161} INFO - Processing /home/airflow/.local/lib/python3.7/site-packages/airflow/example_dags/example_latest_only.py took 0.079 seconds
[2023-04-08 23:20:16,204] {processor.py:153} INFO - Started process (PID=52154) to work on /home/airflow/.local/lib/python3.7/site-packages/airflow/example_dags/example_latest_only.py
[2023-04-08 23:20:16,207] {processor.py:641} INFO - Processing file /home/airflow/.local/lib/python3.7/site-packages/airflow/example_dags/example_latest_only.py for tasks to queue
[2023-04-08 23:20:16,208] {logging_mixin.py:115} INFO - [2023-04-08 23:20:16,208] {dagbag.py:507} INFO - Filling up the DagBag from /home/airflow/.local/lib/python3.7/site-packages/airflow/example_dags/example_latest_only.py
[2023-04-08 23:20:16,212] {processor.py:651} INFO - DAG(s) dict_keys(['latest_only']) retrieved from /home/airflow/.local/lib/python3.7/site-packages/airflow/example_dags/example_latest_only.py
[2023-04-08 23:20:16,264] {logging_mixin.py:115} INFO - [2023-04-08 23:20:16,264] {dag.py:2371} INFO - Sync 1 DAGs
[2023-04-08 23:20:16,289] {logging_mixin.py:115} INFO - [2023-04-08 23:20:16,288] {dag.py:2919} INFO - Setting next_dagrun for latest_only to 2023-04-08T19:20:16.288662+00:00, run_after=2023-04-08T23:20:16.288662+00:00
[2023-04-08 23:20:16,313] {processor.py:161} INFO - Processing /home/airflow/.local/lib/python3.7/site-packages/airflow/example_dags/example_latest_only.py took 0.117 seconds
