[2023-04-08 00:00:28,033] {processor.py:153} INFO - Started process (PID=50734) to work on /home/airflow/.local/lib/python3.7/site-packages/airflow/example_dags/example_python_operator.py
[2023-04-08 00:00:28,034] {processor.py:641} INFO - Processing file /home/airflow/.local/lib/python3.7/site-packages/airflow/example_dags/example_python_operator.py for tasks to queue
[2023-04-08 00:00:28,034] {logging_mixin.py:115} INFO - [2023-04-08 00:00:28,034] {dagbag.py:507} INFO - Filling up the DagBag from /home/airflow/.local/lib/python3.7/site-packages/airflow/example_dags/example_python_operator.py
[2023-04-08 00:00:28,044] {processor.py:651} INFO - DAG(s) dict_keys(['example_python_operator']) retrieved from /home/airflow/.local/lib/python3.7/site-packages/airflow/example_dags/example_python_operator.py
[2023-04-08 00:00:28,062] {logging_mixin.py:115} INFO - [2023-04-08 00:00:28,062] {dag.py:2371} INFO - Sync 1 DAGs
[2023-04-08 00:00:28,073] {logging_mixin.py:115} INFO - [2023-04-08 00:00:28,073] {dag.py:2919} INFO - Setting next_dagrun for example_python_operator to None, run_after=None
[2023-04-08 00:00:28,079] {processor.py:161} INFO - Processing /home/airflow/.local/lib/python3.7/site-packages/airflow/example_dags/example_python_operator.py took 0.048 seconds
[2023-04-08 01:09:13,312] {processor.py:153} INFO - Started process (PID=50795) to work on /home/airflow/.local/lib/python3.7/site-packages/airflow/example_dags/example_python_operator.py
[2023-04-08 01:09:13,313] {processor.py:641} INFO - Processing file /home/airflow/.local/lib/python3.7/site-packages/airflow/example_dags/example_python_operator.py for tasks to queue
[2023-04-08 01:09:13,315] {logging_mixin.py:115} INFO - [2023-04-08 01:09:13,315] {dagbag.py:507} INFO - Filling up the DagBag from /home/airflow/.local/lib/python3.7/site-packages/airflow/example_dags/example_python_operator.py
[2023-04-08 01:09:13,344] {processor.py:651} INFO - DAG(s) dict_keys(['example_python_operator']) retrieved from /home/airflow/.local/lib/python3.7/site-packages/airflow/example_dags/example_python_operator.py
[2023-04-08 01:09:13,385] {logging_mixin.py:115} INFO - [2023-04-08 01:09:13,384] {dag.py:2371} INFO - Sync 1 DAGs
[2023-04-08 01:09:13,428] {logging_mixin.py:115} INFO - [2023-04-08 01:09:13,428] {dag.py:2919} INFO - Setting next_dagrun for example_python_operator to None, run_after=None
[2023-04-08 01:09:13,440] {processor.py:161} INFO - Processing /home/airflow/.local/lib/python3.7/site-packages/airflow/example_dags/example_python_operator.py took 0.132 seconds
[2023-04-08 02:16:03,723] {processor.py:153} INFO - Started process (PID=50849) to work on /home/airflow/.local/lib/python3.7/site-packages/airflow/example_dags/example_python_operator.py
[2023-04-08 02:16:03,724] {processor.py:641} INFO - Processing file /home/airflow/.local/lib/python3.7/site-packages/airflow/example_dags/example_python_operator.py for tasks to queue
[2023-04-08 02:16:03,725] {logging_mixin.py:115} INFO - [2023-04-08 02:16:03,725] {dagbag.py:507} INFO - Filling up the DagBag from /home/airflow/.local/lib/python3.7/site-packages/airflow/example_dags/example_python_operator.py
[2023-04-08 02:16:03,734] {processor.py:651} INFO - DAG(s) dict_keys(['example_python_operator']) retrieved from /home/airflow/.local/lib/python3.7/site-packages/airflow/example_dags/example_python_operator.py
[2023-04-08 02:16:03,752] {logging_mixin.py:115} INFO - [2023-04-08 02:16:03,752] {dag.py:2371} INFO - Sync 1 DAGs
[2023-04-08 02:16:03,763] {logging_mixin.py:115} INFO - [2023-04-08 02:16:03,763] {dag.py:2919} INFO - Setting next_dagrun for example_python_operator to None, run_after=None
[2023-04-08 02:16:03,768] {processor.py:161} INFO - Processing /home/airflow/.local/lib/python3.7/site-packages/airflow/example_dags/example_python_operator.py took 0.047 seconds
[2023-04-08 03:21:45,129] {processor.py:153} INFO - Started process (PID=50911) to work on /home/airflow/.local/lib/python3.7/site-packages/airflow/example_dags/example_python_operator.py
[2023-04-08 03:21:45,133] {processor.py:641} INFO - Processing file /home/airflow/.local/lib/python3.7/site-packages/airflow/example_dags/example_python_operator.py for tasks to queue
[2023-04-08 03:21:45,139] {logging_mixin.py:115} INFO - [2023-04-08 03:21:45,139] {dagbag.py:507} INFO - Filling up the DagBag from /home/airflow/.local/lib/python3.7/site-packages/airflow/example_dags/example_python_operator.py
[2023-04-08 03:21:45,171] {processor.py:651} INFO - DAG(s) dict_keys(['example_python_operator']) retrieved from /home/airflow/.local/lib/python3.7/site-packages/airflow/example_dags/example_python_operator.py
[2023-04-08 03:21:45,193] {logging_mixin.py:115} INFO - [2023-04-08 03:21:45,193] {dag.py:2371} INFO - Sync 1 DAGs
[2023-04-08 03:21:45,205] {logging_mixin.py:115} INFO - [2023-04-08 03:21:45,205] {dag.py:2919} INFO - Setting next_dagrun for example_python_operator to None, run_after=None
[2023-04-08 03:21:45,210] {processor.py:161} INFO - Processing /home/airflow/.local/lib/python3.7/site-packages/airflow/example_dags/example_python_operator.py took 0.084 seconds
[2023-04-08 03:34:48,078] {processor.py:153} INFO - Started process (PID=50972) to work on /home/airflow/.local/lib/python3.7/site-packages/airflow/example_dags/example_python_operator.py
[2023-04-08 03:34:48,079] {processor.py:641} INFO - Processing file /home/airflow/.local/lib/python3.7/site-packages/airflow/example_dags/example_python_operator.py for tasks to queue
[2023-04-08 03:34:48,079] {logging_mixin.py:115} INFO - [2023-04-08 03:34:48,079] {dagbag.py:507} INFO - Filling up the DagBag from /home/airflow/.local/lib/python3.7/site-packages/airflow/example_dags/example_python_operator.py
[2023-04-08 03:34:48,089] {processor.py:651} INFO - DAG(s) dict_keys(['example_python_operator']) retrieved from /home/airflow/.local/lib/python3.7/site-packages/airflow/example_dags/example_python_operator.py
[2023-04-08 03:34:48,106] {logging_mixin.py:115} INFO - [2023-04-08 03:34:48,106] {dag.py:2371} INFO - Sync 1 DAGs
[2023-04-08 03:34:48,116] {logging_mixin.py:115} INFO - [2023-04-08 03:34:48,116] {dag.py:2919} INFO - Setting next_dagrun for example_python_operator to None, run_after=None
[2023-04-08 03:34:48,121] {processor.py:161} INFO - Processing /home/airflow/.local/lib/python3.7/site-packages/airflow/example_dags/example_python_operator.py took 0.046 seconds
[2023-04-08 04:06:58,485] {processor.py:153} INFO - Started process (PID=51034) to work on /home/airflow/.local/lib/python3.7/site-packages/airflow/example_dags/example_python_operator.py
[2023-04-08 04:06:58,486] {processor.py:641} INFO - Processing file /home/airflow/.local/lib/python3.7/site-packages/airflow/example_dags/example_python_operator.py for tasks to queue
[2023-04-08 04:06:58,486] {logging_mixin.py:115} INFO - [2023-04-08 04:06:58,486] {dagbag.py:507} INFO - Filling up the DagBag from /home/airflow/.local/lib/python3.7/site-packages/airflow/example_dags/example_python_operator.py
[2023-04-08 04:06:58,496] {processor.py:651} INFO - DAG(s) dict_keys(['example_python_operator']) retrieved from /home/airflow/.local/lib/python3.7/site-packages/airflow/example_dags/example_python_operator.py
[2023-04-08 04:06:58,514] {logging_mixin.py:115} INFO - [2023-04-08 04:06:58,514] {dag.py:2371} INFO - Sync 1 DAGs
[2023-04-08 04:06:58,525] {logging_mixin.py:115} INFO - [2023-04-08 04:06:58,525] {dag.py:2919} INFO - Setting next_dagrun for example_python_operator to None, run_after=None
[2023-04-08 04:06:58,530] {processor.py:161} INFO - Processing /home/airflow/.local/lib/python3.7/site-packages/airflow/example_dags/example_python_operator.py took 0.047 seconds
[2023-04-08 05:27:57,857] {processor.py:153} INFO - Started process (PID=51097) to work on /home/airflow/.local/lib/python3.7/site-packages/airflow/example_dags/example_python_operator.py
[2023-04-08 05:27:57,857] {processor.py:641} INFO - Processing file /home/airflow/.local/lib/python3.7/site-packages/airflow/example_dags/example_python_operator.py for tasks to queue
[2023-04-08 05:27:57,858] {logging_mixin.py:115} INFO - [2023-04-08 05:27:57,858] {dagbag.py:507} INFO - Filling up the DagBag from /home/airflow/.local/lib/python3.7/site-packages/airflow/example_dags/example_python_operator.py
[2023-04-08 05:27:57,867] {processor.py:651} INFO - DAG(s) dict_keys(['example_python_operator']) retrieved from /home/airflow/.local/lib/python3.7/site-packages/airflow/example_dags/example_python_operator.py
[2023-04-08 05:27:57,885] {logging_mixin.py:115} INFO - [2023-04-08 05:27:57,885] {dag.py:2371} INFO - Sync 1 DAGs
[2023-04-08 05:27:57,896] {logging_mixin.py:115} INFO - [2023-04-08 05:27:57,896] {dag.py:2919} INFO - Setting next_dagrun for example_python_operator to None, run_after=None
[2023-04-08 05:27:57,901] {processor.py:161} INFO - Processing /home/airflow/.local/lib/python3.7/site-packages/airflow/example_dags/example_python_operator.py took 0.047 seconds
[2023-04-08 06:37:05,093] {processor.py:153} INFO - Started process (PID=51150) to work on /home/airflow/.local/lib/python3.7/site-packages/airflow/example_dags/example_python_operator.py
[2023-04-08 06:37:05,094] {processor.py:641} INFO - Processing file /home/airflow/.local/lib/python3.7/site-packages/airflow/example_dags/example_python_operator.py for tasks to queue
[2023-04-08 06:37:05,094] {logging_mixin.py:115} INFO - [2023-04-08 06:37:05,094] {dagbag.py:507} INFO - Filling up the DagBag from /home/airflow/.local/lib/python3.7/site-packages/airflow/example_dags/example_python_operator.py
[2023-04-08 06:37:05,105] {processor.py:651} INFO - DAG(s) dict_keys(['example_python_operator']) retrieved from /home/airflow/.local/lib/python3.7/site-packages/airflow/example_dags/example_python_operator.py
[2023-04-08 06:37:05,123] {logging_mixin.py:115} INFO - [2023-04-08 06:37:05,123] {dag.py:2371} INFO - Sync 1 DAGs
[2023-04-08 06:37:05,134] {logging_mixin.py:115} INFO - [2023-04-08 06:37:05,134] {dag.py:2919} INFO - Setting next_dagrun for example_python_operator to None, run_after=None
[2023-04-08 06:37:05,139] {processor.py:161} INFO - Processing /home/airflow/.local/lib/python3.7/site-packages/airflow/example_dags/example_python_operator.py took 0.049 seconds
[2023-04-08 07:39:09,329] {processor.py:153} INFO - Started process (PID=51211) to work on /home/airflow/.local/lib/python3.7/site-packages/airflow/example_dags/example_python_operator.py
[2023-04-08 07:39:09,329] {processor.py:641} INFO - Processing file /home/airflow/.local/lib/python3.7/site-packages/airflow/example_dags/example_python_operator.py for tasks to queue
[2023-04-08 07:39:09,330] {logging_mixin.py:115} INFO - [2023-04-08 07:39:09,330] {dagbag.py:507} INFO - Filling up the DagBag from /home/airflow/.local/lib/python3.7/site-packages/airflow/example_dags/example_python_operator.py
[2023-04-08 07:39:09,340] {processor.py:651} INFO - DAG(s) dict_keys(['example_python_operator']) retrieved from /home/airflow/.local/lib/python3.7/site-packages/airflow/example_dags/example_python_operator.py
[2023-04-08 07:39:09,357] {logging_mixin.py:115} INFO - [2023-04-08 07:39:09,357] {dag.py:2371} INFO - Sync 1 DAGs
[2023-04-08 07:39:09,368] {logging_mixin.py:115} INFO - [2023-04-08 07:39:09,368] {dag.py:2919} INFO - Setting next_dagrun for example_python_operator to None, run_after=None
[2023-04-08 07:39:09,374] {processor.py:161} INFO - Processing /home/airflow/.local/lib/python3.7/site-packages/airflow/example_dags/example_python_operator.py took 0.047 seconds
[2023-04-08 09:01:42,567] {processor.py:153} INFO - Started process (PID=51273) to work on /home/airflow/.local/lib/python3.7/site-packages/airflow/example_dags/example_python_operator.py
[2023-04-08 09:01:42,567] {processor.py:641} INFO - Processing file /home/airflow/.local/lib/python3.7/site-packages/airflow/example_dags/example_python_operator.py for tasks to queue
[2023-04-08 09:01:42,568] {logging_mixin.py:115} INFO - [2023-04-08 09:01:42,568] {dagbag.py:507} INFO - Filling up the DagBag from /home/airflow/.local/lib/python3.7/site-packages/airflow/example_dags/example_python_operator.py
[2023-04-08 09:01:42,578] {processor.py:651} INFO - DAG(s) dict_keys(['example_python_operator']) retrieved from /home/airflow/.local/lib/python3.7/site-packages/airflow/example_dags/example_python_operator.py
[2023-04-08 09:01:42,595] {logging_mixin.py:115} INFO - [2023-04-08 09:01:42,595] {dag.py:2371} INFO - Sync 1 DAGs
[2023-04-08 09:01:42,605] {logging_mixin.py:115} INFO - [2023-04-08 09:01:42,605] {dag.py:2919} INFO - Setting next_dagrun for example_python_operator to None, run_after=None
[2023-04-08 09:01:42,610] {processor.py:161} INFO - Processing /home/airflow/.local/lib/python3.7/site-packages/airflow/example_dags/example_python_operator.py took 0.046 seconds
[2023-04-08 10:07:01,764] {processor.py:153} INFO - Started process (PID=51335) to work on /home/airflow/.local/lib/python3.7/site-packages/airflow/example_dags/example_python_operator.py
[2023-04-08 10:07:01,765] {processor.py:641} INFO - Processing file /home/airflow/.local/lib/python3.7/site-packages/airflow/example_dags/example_python_operator.py for tasks to queue
[2023-04-08 10:07:01,766] {logging_mixin.py:115} INFO - [2023-04-08 10:07:01,766] {dagbag.py:507} INFO - Filling up the DagBag from /home/airflow/.local/lib/python3.7/site-packages/airflow/example_dags/example_python_operator.py
[2023-04-08 10:07:01,775] {processor.py:651} INFO - DAG(s) dict_keys(['example_python_operator']) retrieved from /home/airflow/.local/lib/python3.7/site-packages/airflow/example_dags/example_python_operator.py
[2023-04-08 10:07:01,792] {logging_mixin.py:115} INFO - [2023-04-08 10:07:01,792] {dag.py:2371} INFO - Sync 1 DAGs
[2023-04-08 10:07:01,803] {logging_mixin.py:115} INFO - [2023-04-08 10:07:01,803] {dag.py:2919} INFO - Setting next_dagrun for example_python_operator to None, run_after=None
[2023-04-08 10:07:01,809] {processor.py:161} INFO - Processing /home/airflow/.local/lib/python3.7/site-packages/airflow/example_dags/example_python_operator.py took 0.047 seconds
[2023-04-08 11:14:35,179] {processor.py:153} INFO - Started process (PID=51397) to work on /home/airflow/.local/lib/python3.7/site-packages/airflow/example_dags/example_python_operator.py
[2023-04-08 11:14:35,180] {processor.py:641} INFO - Processing file /home/airflow/.local/lib/python3.7/site-packages/airflow/example_dags/example_python_operator.py for tasks to queue
[2023-04-08 11:14:35,181] {logging_mixin.py:115} INFO - [2023-04-08 11:14:35,181] {dagbag.py:507} INFO - Filling up the DagBag from /home/airflow/.local/lib/python3.7/site-packages/airflow/example_dags/example_python_operator.py
[2023-04-08 11:14:35,195] {processor.py:651} INFO - DAG(s) dict_keys(['example_python_operator']) retrieved from /home/airflow/.local/lib/python3.7/site-packages/airflow/example_dags/example_python_operator.py
[2023-04-08 11:14:35,214] {logging_mixin.py:115} INFO - [2023-04-08 11:14:35,214] {dag.py:2371} INFO - Sync 1 DAGs
[2023-04-08 11:14:35,226] {logging_mixin.py:115} INFO - [2023-04-08 11:14:35,226] {dag.py:2919} INFO - Setting next_dagrun for example_python_operator to None, run_after=None
[2023-04-08 11:14:35,232] {processor.py:161} INFO - Processing /home/airflow/.local/lib/python3.7/site-packages/airflow/example_dags/example_python_operator.py took 0.057 seconds
[2023-04-08 11:47:33,214] {processor.py:153} INFO - Started process (PID=51450) to work on /home/airflow/.local/lib/python3.7/site-packages/airflow/example_dags/example_python_operator.py
[2023-04-08 11:47:33,215] {processor.py:641} INFO - Processing file /home/airflow/.local/lib/python3.7/site-packages/airflow/example_dags/example_python_operator.py for tasks to queue
[2023-04-08 11:47:33,216] {logging_mixin.py:115} INFO - [2023-04-08 11:47:33,216] {dagbag.py:507} INFO - Filling up the DagBag from /home/airflow/.local/lib/python3.7/site-packages/airflow/example_dags/example_python_operator.py
[2023-04-08 11:47:33,225] {processor.py:651} INFO - DAG(s) dict_keys(['example_python_operator']) retrieved from /home/airflow/.local/lib/python3.7/site-packages/airflow/example_dags/example_python_operator.py
[2023-04-08 11:47:33,243] {logging_mixin.py:115} INFO - [2023-04-08 11:47:33,243] {dag.py:2371} INFO - Sync 1 DAGs
[2023-04-08 11:47:33,253] {logging_mixin.py:115} INFO - [2023-04-08 11:47:33,253] {dag.py:2919} INFO - Setting next_dagrun for example_python_operator to None, run_after=None
[2023-04-08 11:47:33,259] {processor.py:161} INFO - Processing /home/airflow/.local/lib/python3.7/site-packages/airflow/example_dags/example_python_operator.py took 0.047 seconds
[2023-04-08 11:48:04,006] {processor.py:153} INFO - Started process (PID=51513) to work on /home/airflow/.local/lib/python3.7/site-packages/airflow/example_dags/example_python_operator.py
[2023-04-08 11:48:04,007] {processor.py:641} INFO - Processing file /home/airflow/.local/lib/python3.7/site-packages/airflow/example_dags/example_python_operator.py for tasks to queue
[2023-04-08 11:48:04,007] {logging_mixin.py:115} INFO - [2023-04-08 11:48:04,007] {dagbag.py:507} INFO - Filling up the DagBag from /home/airflow/.local/lib/python3.7/site-packages/airflow/example_dags/example_python_operator.py
[2023-04-08 11:48:04,019] {processor.py:651} INFO - DAG(s) dict_keys(['example_python_operator']) retrieved from /home/airflow/.local/lib/python3.7/site-packages/airflow/example_dags/example_python_operator.py
[2023-04-08 11:48:04,037] {logging_mixin.py:115} INFO - [2023-04-08 11:48:04,037] {dag.py:2371} INFO - Sync 1 DAGs
[2023-04-08 11:48:04,050] {logging_mixin.py:115} INFO - [2023-04-08 11:48:04,050] {dag.py:2919} INFO - Setting next_dagrun for example_python_operator to None, run_after=None
[2023-04-08 11:48:04,056] {processor.py:161} INFO - Processing /home/airflow/.local/lib/python3.7/site-packages/airflow/example_dags/example_python_operator.py took 0.052 seconds
[2023-04-08 12:54:20,420] {processor.py:153} INFO - Started process (PID=51574) to work on /home/airflow/.local/lib/python3.7/site-packages/airflow/example_dags/example_python_operator.py
[2023-04-08 12:54:20,420] {processor.py:641} INFO - Processing file /home/airflow/.local/lib/python3.7/site-packages/airflow/example_dags/example_python_operator.py for tasks to queue
[2023-04-08 12:54:20,421] {logging_mixin.py:115} INFO - [2023-04-08 12:54:20,421] {dagbag.py:507} INFO - Filling up the DagBag from /home/airflow/.local/lib/python3.7/site-packages/airflow/example_dags/example_python_operator.py
[2023-04-08 12:54:20,431] {processor.py:651} INFO - DAG(s) dict_keys(['example_python_operator']) retrieved from /home/airflow/.local/lib/python3.7/site-packages/airflow/example_dags/example_python_operator.py
[2023-04-08 12:54:20,448] {logging_mixin.py:115} INFO - [2023-04-08 12:54:20,448] {dag.py:2371} INFO - Sync 1 DAGs
[2023-04-08 12:54:20,459] {logging_mixin.py:115} INFO - [2023-04-08 12:54:20,459] {dag.py:2919} INFO - Setting next_dagrun for example_python_operator to None, run_after=None
[2023-04-08 12:54:20,465] {processor.py:161} INFO - Processing /home/airflow/.local/lib/python3.7/site-packages/airflow/example_dags/example_python_operator.py took 0.047 seconds
[2023-04-08 14:13:39,634] {processor.py:153} INFO - Started process (PID=51636) to work on /home/airflow/.local/lib/python3.7/site-packages/airflow/example_dags/example_python_operator.py
[2023-04-08 14:13:39,635] {processor.py:641} INFO - Processing file /home/airflow/.local/lib/python3.7/site-packages/airflow/example_dags/example_python_operator.py for tasks to queue
[2023-04-08 14:13:39,635] {logging_mixin.py:115} INFO - [2023-04-08 14:13:39,635] {dagbag.py:507} INFO - Filling up the DagBag from /home/airflow/.local/lib/python3.7/site-packages/airflow/example_dags/example_python_operator.py
[2023-04-08 14:13:39,655] {processor.py:651} INFO - DAG(s) dict_keys(['example_python_operator']) retrieved from /home/airflow/.local/lib/python3.7/site-packages/airflow/example_dags/example_python_operator.py
[2023-04-08 14:13:39,685] {logging_mixin.py:115} INFO - [2023-04-08 14:13:39,685] {dag.py:2371} INFO - Sync 1 DAGs
[2023-04-08 14:13:39,696] {logging_mixin.py:115} INFO - [2023-04-08 14:13:39,696] {dag.py:2919} INFO - Setting next_dagrun for example_python_operator to None, run_after=None
[2023-04-08 14:13:39,701] {processor.py:161} INFO - Processing /home/airflow/.local/lib/python3.7/site-packages/airflow/example_dags/example_python_operator.py took 0.070 seconds
[2023-04-08 15:21:18,431] {processor.py:153} INFO - Started process (PID=51689) to work on /home/airflow/.local/lib/python3.7/site-packages/airflow/example_dags/example_python_operator.py
[2023-04-08 15:21:18,434] {processor.py:641} INFO - Processing file /home/airflow/.local/lib/python3.7/site-packages/airflow/example_dags/example_python_operator.py for tasks to queue
[2023-04-08 15:21:18,435] {logging_mixin.py:115} INFO - [2023-04-08 15:21:18,435] {dagbag.py:507} INFO - Filling up the DagBag from /home/airflow/.local/lib/python3.7/site-packages/airflow/example_dags/example_python_operator.py
[2023-04-08 15:21:18,446] {processor.py:651} INFO - DAG(s) dict_keys(['example_python_operator']) retrieved from /home/airflow/.local/lib/python3.7/site-packages/airflow/example_dags/example_python_operator.py
[2023-04-08 15:21:18,466] {logging_mixin.py:115} INFO - [2023-04-08 15:21:18,466] {dag.py:2371} INFO - Sync 1 DAGs
[2023-04-08 15:21:18,478] {logging_mixin.py:115} INFO - [2023-04-08 15:21:18,478] {dag.py:2919} INFO - Setting next_dagrun for example_python_operator to None, run_after=None
[2023-04-08 15:21:18,486] {processor.py:161} INFO - Processing /home/airflow/.local/lib/python3.7/site-packages/airflow/example_dags/example_python_operator.py took 0.057 seconds
[2023-04-08 16:24:54,133] {processor.py:153} INFO - Started process (PID=51751) to work on /home/airflow/.local/lib/python3.7/site-packages/airflow/example_dags/example_python_operator.py
[2023-04-08 16:24:54,133] {processor.py:641} INFO - Processing file /home/airflow/.local/lib/python3.7/site-packages/airflow/example_dags/example_python_operator.py for tasks to queue
[2023-04-08 16:24:54,134] {logging_mixin.py:115} INFO - [2023-04-08 16:24:54,134] {dagbag.py:507} INFO - Filling up the DagBag from /home/airflow/.local/lib/python3.7/site-packages/airflow/example_dags/example_python_operator.py
[2023-04-08 16:24:54,146] {processor.py:651} INFO - DAG(s) dict_keys(['example_python_operator']) retrieved from /home/airflow/.local/lib/python3.7/site-packages/airflow/example_dags/example_python_operator.py
[2023-04-08 16:24:54,162] {logging_mixin.py:115} INFO - [2023-04-08 16:24:54,162] {dag.py:2371} INFO - Sync 1 DAGs
[2023-04-08 16:24:54,173] {logging_mixin.py:115} INFO - [2023-04-08 16:24:54,173] {dag.py:2919} INFO - Setting next_dagrun for example_python_operator to None, run_after=None
[2023-04-08 16:24:54,178] {processor.py:161} INFO - Processing /home/airflow/.local/lib/python3.7/site-packages/airflow/example_dags/example_python_operator.py took 0.047 seconds
[2023-04-08 17:46:21,195] {processor.py:153} INFO - Started process (PID=51813) to work on /home/airflow/.local/lib/python3.7/site-packages/airflow/example_dags/example_python_operator.py
[2023-04-08 17:46:21,196] {processor.py:641} INFO - Processing file /home/airflow/.local/lib/python3.7/site-packages/airflow/example_dags/example_python_operator.py for tasks to queue
[2023-04-08 17:46:21,197] {logging_mixin.py:115} INFO - [2023-04-08 17:46:21,197] {dagbag.py:507} INFO - Filling up the DagBag from /home/airflow/.local/lib/python3.7/site-packages/airflow/example_dags/example_python_operator.py
[2023-04-08 17:46:21,208] {processor.py:651} INFO - DAG(s) dict_keys(['example_python_operator']) retrieved from /home/airflow/.local/lib/python3.7/site-packages/airflow/example_dags/example_python_operator.py
[2023-04-08 17:46:21,226] {logging_mixin.py:115} INFO - [2023-04-08 17:46:21,226] {dag.py:2371} INFO - Sync 1 DAGs
[2023-04-08 17:46:21,237] {logging_mixin.py:115} INFO - [2023-04-08 17:46:21,237] {dag.py:2919} INFO - Setting next_dagrun for example_python_operator to None, run_after=None
[2023-04-08 17:46:21,243] {processor.py:161} INFO - Processing /home/airflow/.local/lib/python3.7/site-packages/airflow/example_dags/example_python_operator.py took 0.051 seconds
[2023-04-08 18:52:20,590] {processor.py:153} INFO - Started process (PID=51875) to work on /home/airflow/.local/lib/python3.7/site-packages/airflow/example_dags/example_python_operator.py
[2023-04-08 18:52:20,591] {processor.py:641} INFO - Processing file /home/airflow/.local/lib/python3.7/site-packages/airflow/example_dags/example_python_operator.py for tasks to queue
[2023-04-08 18:52:20,592] {logging_mixin.py:115} INFO - [2023-04-08 18:52:20,592] {dagbag.py:507} INFO - Filling up the DagBag from /home/airflow/.local/lib/python3.7/site-packages/airflow/example_dags/example_python_operator.py
[2023-04-08 18:52:20,602] {processor.py:651} INFO - DAG(s) dict_keys(['example_python_operator']) retrieved from /home/airflow/.local/lib/python3.7/site-packages/airflow/example_dags/example_python_operator.py
[2023-04-08 18:52:20,619] {logging_mixin.py:115} INFO - [2023-04-08 18:52:20,619] {dag.py:2371} INFO - Sync 1 DAGs
[2023-04-08 18:52:20,630] {logging_mixin.py:115} INFO - [2023-04-08 18:52:20,630] {dag.py:2919} INFO - Setting next_dagrun for example_python_operator to None, run_after=None
[2023-04-08 18:52:20,636] {processor.py:161} INFO - Processing /home/airflow/.local/lib/python3.7/site-packages/airflow/example_dags/example_python_operator.py took 0.047 seconds
[2023-04-08 20:00:24,606] {processor.py:153} INFO - Started process (PID=51936) to work on /home/airflow/.local/lib/python3.7/site-packages/airflow/example_dags/example_python_operator.py
[2023-04-08 20:00:24,607] {processor.py:641} INFO - Processing file /home/airflow/.local/lib/python3.7/site-packages/airflow/example_dags/example_python_operator.py for tasks to queue
[2023-04-08 20:00:24,607] {logging_mixin.py:115} INFO - [2023-04-08 20:00:24,607] {dagbag.py:507} INFO - Filling up the DagBag from /home/airflow/.local/lib/python3.7/site-packages/airflow/example_dags/example_python_operator.py
[2023-04-08 20:00:24,616] {processor.py:651} INFO - DAG(s) dict_keys(['example_python_operator']) retrieved from /home/airflow/.local/lib/python3.7/site-packages/airflow/example_dags/example_python_operator.py
[2023-04-08 20:00:24,635] {logging_mixin.py:115} INFO - [2023-04-08 20:00:24,635] {dag.py:2371} INFO - Sync 1 DAGs
[2023-04-08 20:00:24,647] {logging_mixin.py:115} INFO - [2023-04-08 20:00:24,647] {dag.py:2919} INFO - Setting next_dagrun for example_python_operator to None, run_after=None
[2023-04-08 20:00:24,653] {processor.py:161} INFO - Processing /home/airflow/.local/lib/python3.7/site-packages/airflow/example_dags/example_python_operator.py took 0.049 seconds
[2023-04-08 20:00:55,021] {processor.py:153} INFO - Started process (PID=51989) to work on /home/airflow/.local/lib/python3.7/site-packages/airflow/example_dags/example_python_operator.py
[2023-04-08 20:00:55,022] {processor.py:641} INFO - Processing file /home/airflow/.local/lib/python3.7/site-packages/airflow/example_dags/example_python_operator.py for tasks to queue
[2023-04-08 20:00:55,023] {logging_mixin.py:115} INFO - [2023-04-08 20:00:55,023] {dagbag.py:507} INFO - Filling up the DagBag from /home/airflow/.local/lib/python3.7/site-packages/airflow/example_dags/example_python_operator.py
[2023-04-08 20:00:55,032] {processor.py:651} INFO - DAG(s) dict_keys(['example_python_operator']) retrieved from /home/airflow/.local/lib/python3.7/site-packages/airflow/example_dags/example_python_operator.py
[2023-04-08 20:00:55,049] {logging_mixin.py:115} INFO - [2023-04-08 20:00:55,049] {dag.py:2371} INFO - Sync 1 DAGs
[2023-04-08 20:00:55,060] {logging_mixin.py:115} INFO - [2023-04-08 20:00:55,060] {dag.py:2919} INFO - Setting next_dagrun for example_python_operator to None, run_after=None
[2023-04-08 20:00:55,065] {processor.py:161} INFO - Processing /home/airflow/.local/lib/python3.7/site-packages/airflow/example_dags/example_python_operator.py took 0.046 seconds
[2023-04-08 20:49:44,930] {processor.py:153} INFO - Started process (PID=52051) to work on /home/airflow/.local/lib/python3.7/site-packages/airflow/example_dags/example_python_operator.py
[2023-04-08 20:49:44,932] {processor.py:641} INFO - Processing file /home/airflow/.local/lib/python3.7/site-packages/airflow/example_dags/example_python_operator.py for tasks to queue
[2023-04-08 20:49:44,933] {logging_mixin.py:115} INFO - [2023-04-08 20:49:44,933] {dagbag.py:507} INFO - Filling up the DagBag from /home/airflow/.local/lib/python3.7/site-packages/airflow/example_dags/example_python_operator.py
[2023-04-08 20:49:44,979] {processor.py:651} INFO - DAG(s) dict_keys(['example_python_operator']) retrieved from /home/airflow/.local/lib/python3.7/site-packages/airflow/example_dags/example_python_operator.py
[2023-04-08 20:49:45,029] {logging_mixin.py:115} INFO - [2023-04-08 20:49:45,028] {dag.py:2371} INFO - Sync 1 DAGs
[2023-04-08 20:49:45,053] {logging_mixin.py:115} INFO - [2023-04-08 20:49:45,053] {dag.py:2919} INFO - Setting next_dagrun for example_python_operator to None, run_after=None
[2023-04-08 20:49:45,080] {processor.py:161} INFO - Processing /home/airflow/.local/lib/python3.7/site-packages/airflow/example_dags/example_python_operator.py took 0.153 seconds
[2023-04-08 22:14:44,177] {processor.py:153} INFO - Started process (PID=52113) to work on /home/airflow/.local/lib/python3.7/site-packages/airflow/example_dags/example_python_operator.py
[2023-04-08 22:14:44,178] {processor.py:641} INFO - Processing file /home/airflow/.local/lib/python3.7/site-packages/airflow/example_dags/example_python_operator.py for tasks to queue
[2023-04-08 22:14:44,179] {logging_mixin.py:115} INFO - [2023-04-08 22:14:44,179] {dagbag.py:507} INFO - Filling up the DagBag from /home/airflow/.local/lib/python3.7/site-packages/airflow/example_dags/example_python_operator.py
[2023-04-08 22:14:44,188] {processor.py:651} INFO - DAG(s) dict_keys(['example_python_operator']) retrieved from /home/airflow/.local/lib/python3.7/site-packages/airflow/example_dags/example_python_operator.py
[2023-04-08 22:14:44,204] {logging_mixin.py:115} INFO - [2023-04-08 22:14:44,204] {dag.py:2371} INFO - Sync 1 DAGs
[2023-04-08 22:14:44,215] {logging_mixin.py:115} INFO - [2023-04-08 22:14:44,215] {dag.py:2919} INFO - Setting next_dagrun for example_python_operator to None, run_after=None
[2023-04-08 22:14:44,221] {processor.py:161} INFO - Processing /home/airflow/.local/lib/python3.7/site-packages/airflow/example_dags/example_python_operator.py took 0.046 seconds
[2023-04-08 23:20:17,625] {processor.py:153} INFO - Started process (PID=52175) to work on /home/airflow/.local/lib/python3.7/site-packages/airflow/example_dags/example_python_operator.py
[2023-04-08 23:20:17,626] {processor.py:641} INFO - Processing file /home/airflow/.local/lib/python3.7/site-packages/airflow/example_dags/example_python_operator.py for tasks to queue
[2023-04-08 23:20:17,626] {logging_mixin.py:115} INFO - [2023-04-08 23:20:17,626] {dagbag.py:507} INFO - Filling up the DagBag from /home/airflow/.local/lib/python3.7/site-packages/airflow/example_dags/example_python_operator.py
[2023-04-08 23:20:17,637] {processor.py:651} INFO - DAG(s) dict_keys(['example_python_operator']) retrieved from /home/airflow/.local/lib/python3.7/site-packages/airflow/example_dags/example_python_operator.py
[2023-04-08 23:20:17,661] {logging_mixin.py:115} INFO - [2023-04-08 23:20:17,661] {dag.py:2371} INFO - Sync 1 DAGs
[2023-04-08 23:20:17,672] {logging_mixin.py:115} INFO - [2023-04-08 23:20:17,671] {dag.py:2919} INFO - Setting next_dagrun for example_python_operator to None, run_after=None
[2023-04-08 23:20:17,677] {processor.py:161} INFO - Processing /home/airflow/.local/lib/python3.7/site-packages/airflow/example_dags/example_python_operator.py took 0.054 seconds
