[2023-04-08 00:00:28,230] {processor.py:153} INFO - Started process (PID=50741) to work on /home/airflow/.local/lib/python3.7/site-packages/airflow/example_dags/example_task_group_decorator.py
[2023-04-08 00:00:28,230] {processor.py:641} INFO - Processing file /home/airflow/.local/lib/python3.7/site-packages/airflow/example_dags/example_task_group_decorator.py for tasks to queue
[2023-04-08 00:00:28,230] {logging_mixin.py:115} INFO - [2023-04-08 00:00:28,230] {dagbag.py:507} INFO - Filling up the DagBag from /home/airflow/.local/lib/python3.7/site-packages/airflow/example_dags/example_task_group_decorator.py
[2023-04-08 00:00:28,243] {processor.py:651} INFO - DAG(s) dict_keys(['example_task_group_decorator']) retrieved from /home/airflow/.local/lib/python3.7/site-packages/airflow/example_dags/example_task_group_decorator.py
[2023-04-08 00:00:28,281] {logging_mixin.py:115} INFO - [2023-04-08 00:00:28,281] {dag.py:2371} INFO - Sync 1 DAGs
[2023-04-08 00:00:28,291] {logging_mixin.py:115} INFO - [2023-04-08 00:00:28,290] {dag.py:2919} INFO - Setting next_dagrun for example_task_group_decorator to 2023-04-07T00:00:28.290798+00:00, run_after=2023-04-08T00:00:28.290798+00:00
[2023-04-08 00:00:28,297] {processor.py:161} INFO - Processing /home/airflow/.local/lib/python3.7/site-packages/airflow/example_dags/example_task_group_decorator.py took 0.070 seconds
[2023-04-08 01:09:13,905] {processor.py:153} INFO - Started process (PID=50802) to work on /home/airflow/.local/lib/python3.7/site-packages/airflow/example_dags/example_task_group_decorator.py
[2023-04-08 01:09:13,906] {processor.py:641} INFO - Processing file /home/airflow/.local/lib/python3.7/site-packages/airflow/example_dags/example_task_group_decorator.py for tasks to queue
[2023-04-08 01:09:13,906] {logging_mixin.py:115} INFO - [2023-04-08 01:09:13,906] {dagbag.py:507} INFO - Filling up the DagBag from /home/airflow/.local/lib/python3.7/site-packages/airflow/example_dags/example_task_group_decorator.py
[2023-04-08 01:09:13,926] {processor.py:651} INFO - DAG(s) dict_keys(['example_task_group_decorator']) retrieved from /home/airflow/.local/lib/python3.7/site-packages/airflow/example_dags/example_task_group_decorator.py
[2023-04-08 01:09:13,978] {logging_mixin.py:115} INFO - [2023-04-08 01:09:13,978] {dag.py:2371} INFO - Sync 1 DAGs
[2023-04-08 01:09:13,990] {logging_mixin.py:115} INFO - [2023-04-08 01:09:13,990] {dag.py:2919} INFO - Setting next_dagrun for example_task_group_decorator to 2023-04-07T01:09:13.989999+00:00, run_after=2023-04-08T01:09:13.989999+00:00
[2023-04-08 01:09:13,997] {processor.py:161} INFO - Processing /home/airflow/.local/lib/python3.7/site-packages/airflow/example_dags/example_task_group_decorator.py took 0.098 seconds
[2023-04-08 02:16:03,953] {processor.py:153} INFO - Started process (PID=50856) to work on /home/airflow/.local/lib/python3.7/site-packages/airflow/example_dags/example_task_group_decorator.py
[2023-04-08 02:16:03,954] {processor.py:641} INFO - Processing file /home/airflow/.local/lib/python3.7/site-packages/airflow/example_dags/example_task_group_decorator.py for tasks to queue
[2023-04-08 02:16:03,954] {logging_mixin.py:115} INFO - [2023-04-08 02:16:03,954] {dagbag.py:507} INFO - Filling up the DagBag from /home/airflow/.local/lib/python3.7/site-packages/airflow/example_dags/example_task_group_decorator.py
[2023-04-08 02:16:03,968] {processor.py:651} INFO - DAG(s) dict_keys(['example_task_group_decorator']) retrieved from /home/airflow/.local/lib/python3.7/site-packages/airflow/example_dags/example_task_group_decorator.py
[2023-04-08 02:16:04,004] {logging_mixin.py:115} INFO - [2023-04-08 02:16:04,004] {dag.py:2371} INFO - Sync 1 DAGs
[2023-04-08 02:16:04,019] {logging_mixin.py:115} INFO - [2023-04-08 02:16:04,019] {dag.py:2919} INFO - Setting next_dagrun for example_task_group_decorator to 2023-04-07T02:16:04.018830+00:00, run_after=2023-04-08T02:16:04.018830+00:00
[2023-04-08 02:16:04,026] {processor.py:161} INFO - Processing /home/airflow/.local/lib/python3.7/site-packages/airflow/example_dags/example_task_group_decorator.py took 0.075 seconds
[2023-04-08 03:21:45,411] {processor.py:153} INFO - Started process (PID=50918) to work on /home/airflow/.local/lib/python3.7/site-packages/airflow/example_dags/example_task_group_decorator.py
[2023-04-08 03:21:45,411] {processor.py:641} INFO - Processing file /home/airflow/.local/lib/python3.7/site-packages/airflow/example_dags/example_task_group_decorator.py for tasks to queue
[2023-04-08 03:21:45,412] {logging_mixin.py:115} INFO - [2023-04-08 03:21:45,412] {dagbag.py:507} INFO - Filling up the DagBag from /home/airflow/.local/lib/python3.7/site-packages/airflow/example_dags/example_task_group_decorator.py
[2023-04-08 03:21:45,425] {processor.py:651} INFO - DAG(s) dict_keys(['example_task_group_decorator']) retrieved from /home/airflow/.local/lib/python3.7/site-packages/airflow/example_dags/example_task_group_decorator.py
[2023-04-08 03:21:45,460] {logging_mixin.py:115} INFO - [2023-04-08 03:21:45,460] {dag.py:2371} INFO - Sync 1 DAGs
[2023-04-08 03:21:45,471] {logging_mixin.py:115} INFO - [2023-04-08 03:21:45,470] {dag.py:2919} INFO - Setting next_dagrun for example_task_group_decorator to 2023-04-07T03:21:45.470799+00:00, run_after=2023-04-08T03:21:45.470799+00:00
[2023-04-08 03:21:45,477] {processor.py:161} INFO - Processing /home/airflow/.local/lib/python3.7/site-packages/airflow/example_dags/example_task_group_decorator.py took 0.068 seconds
[2023-04-08 03:34:48,310] {processor.py:153} INFO - Started process (PID=50979) to work on /home/airflow/.local/lib/python3.7/site-packages/airflow/example_dags/example_task_group_decorator.py
[2023-04-08 03:34:48,311] {processor.py:641} INFO - Processing file /home/airflow/.local/lib/python3.7/site-packages/airflow/example_dags/example_task_group_decorator.py for tasks to queue
[2023-04-08 03:34:48,311] {logging_mixin.py:115} INFO - [2023-04-08 03:34:48,311] {dagbag.py:507} INFO - Filling up the DagBag from /home/airflow/.local/lib/python3.7/site-packages/airflow/example_dags/example_task_group_decorator.py
[2023-04-08 03:34:48,324] {processor.py:651} INFO - DAG(s) dict_keys(['example_task_group_decorator']) retrieved from /home/airflow/.local/lib/python3.7/site-packages/airflow/example_dags/example_task_group_decorator.py
[2023-04-08 03:34:48,361] {logging_mixin.py:115} INFO - [2023-04-08 03:34:48,361] {dag.py:2371} INFO - Sync 1 DAGs
[2023-04-08 03:34:48,371] {logging_mixin.py:115} INFO - [2023-04-08 03:34:48,371] {dag.py:2919} INFO - Setting next_dagrun for example_task_group_decorator to 2023-04-07T03:34:48.371742+00:00, run_after=2023-04-08T03:34:48.371742+00:00
[2023-04-08 03:34:48,378] {processor.py:161} INFO - Processing /home/airflow/.local/lib/python3.7/site-packages/airflow/example_dags/example_task_group_decorator.py took 0.070 seconds
[2023-04-08 04:06:58,726] {processor.py:153} INFO - Started process (PID=51041) to work on /home/airflow/.local/lib/python3.7/site-packages/airflow/example_dags/example_task_group_decorator.py
[2023-04-08 04:06:58,727] {processor.py:641} INFO - Processing file /home/airflow/.local/lib/python3.7/site-packages/airflow/example_dags/example_task_group_decorator.py for tasks to queue
[2023-04-08 04:06:58,727] {logging_mixin.py:115} INFO - [2023-04-08 04:06:58,727] {dagbag.py:507} INFO - Filling up the DagBag from /home/airflow/.local/lib/python3.7/site-packages/airflow/example_dags/example_task_group_decorator.py
[2023-04-08 04:06:58,739] {processor.py:651} INFO - DAG(s) dict_keys(['example_task_group_decorator']) retrieved from /home/airflow/.local/lib/python3.7/site-packages/airflow/example_dags/example_task_group_decorator.py
[2023-04-08 04:06:58,782] {logging_mixin.py:115} INFO - [2023-04-08 04:06:58,782] {dag.py:2371} INFO - Sync 1 DAGs
[2023-04-08 04:06:58,792] {logging_mixin.py:115} INFO - [2023-04-08 04:06:58,792] {dag.py:2919} INFO - Setting next_dagrun for example_task_group_decorator to 2023-04-07T04:06:58.792583+00:00, run_after=2023-04-08T04:06:58.792583+00:00
[2023-04-08 04:06:58,799] {processor.py:161} INFO - Processing /home/airflow/.local/lib/python3.7/site-packages/airflow/example_dags/example_task_group_decorator.py took 0.075 seconds
[2023-04-08 05:27:58,081] {processor.py:153} INFO - Started process (PID=51104) to work on /home/airflow/.local/lib/python3.7/site-packages/airflow/example_dags/example_task_group_decorator.py
[2023-04-08 05:27:58,082] {processor.py:641} INFO - Processing file /home/airflow/.local/lib/python3.7/site-packages/airflow/example_dags/example_task_group_decorator.py for tasks to queue
[2023-04-08 05:27:58,082] {logging_mixin.py:115} INFO - [2023-04-08 05:27:58,082] {dagbag.py:507} INFO - Filling up the DagBag from /home/airflow/.local/lib/python3.7/site-packages/airflow/example_dags/example_task_group_decorator.py
[2023-04-08 05:27:58,095] {processor.py:651} INFO - DAG(s) dict_keys(['example_task_group_decorator']) retrieved from /home/airflow/.local/lib/python3.7/site-packages/airflow/example_dags/example_task_group_decorator.py
[2023-04-08 05:27:58,133] {logging_mixin.py:115} INFO - [2023-04-08 05:27:58,133] {dag.py:2371} INFO - Sync 1 DAGs
[2023-04-08 05:27:58,143] {logging_mixin.py:115} INFO - [2023-04-08 05:27:58,143] {dag.py:2919} INFO - Setting next_dagrun for example_task_group_decorator to 2023-04-07T05:27:58.142990+00:00, run_after=2023-04-08T05:27:58.142990+00:00
[2023-04-08 05:27:58,149] {processor.py:161} INFO - Processing /home/airflow/.local/lib/python3.7/site-packages/airflow/example_dags/example_task_group_decorator.py took 0.070 seconds
[2023-04-08 06:37:05,323] {processor.py:153} INFO - Started process (PID=51157) to work on /home/airflow/.local/lib/python3.7/site-packages/airflow/example_dags/example_task_group_decorator.py
[2023-04-08 06:37:05,323] {processor.py:641} INFO - Processing file /home/airflow/.local/lib/python3.7/site-packages/airflow/example_dags/example_task_group_decorator.py for tasks to queue
[2023-04-08 06:37:05,324] {logging_mixin.py:115} INFO - [2023-04-08 06:37:05,324] {dagbag.py:507} INFO - Filling up the DagBag from /home/airflow/.local/lib/python3.7/site-packages/airflow/example_dags/example_task_group_decorator.py
[2023-04-08 06:37:05,336] {processor.py:651} INFO - DAG(s) dict_keys(['example_task_group_decorator']) retrieved from /home/airflow/.local/lib/python3.7/site-packages/airflow/example_dags/example_task_group_decorator.py
[2023-04-08 06:37:05,370] {logging_mixin.py:115} INFO - [2023-04-08 06:37:05,370] {dag.py:2371} INFO - Sync 1 DAGs
[2023-04-08 06:37:05,379] {logging_mixin.py:115} INFO - [2023-04-08 06:37:05,379] {dag.py:2919} INFO - Setting next_dagrun for example_task_group_decorator to 2023-04-07T06:37:05.379588+00:00, run_after=2023-04-08T06:37:05.379588+00:00
[2023-04-08 06:37:05,386] {processor.py:161} INFO - Processing /home/airflow/.local/lib/python3.7/site-packages/airflow/example_dags/example_task_group_decorator.py took 0.065 seconds
[2023-04-08 07:39:09,572] {processor.py:153} INFO - Started process (PID=51218) to work on /home/airflow/.local/lib/python3.7/site-packages/airflow/example_dags/example_task_group_decorator.py
[2023-04-08 07:39:09,573] {processor.py:641} INFO - Processing file /home/airflow/.local/lib/python3.7/site-packages/airflow/example_dags/example_task_group_decorator.py for tasks to queue
[2023-04-08 07:39:09,574] {logging_mixin.py:115} INFO - [2023-04-08 07:39:09,574] {dagbag.py:507} INFO - Filling up the DagBag from /home/airflow/.local/lib/python3.7/site-packages/airflow/example_dags/example_task_group_decorator.py
[2023-04-08 07:39:09,589] {processor.py:651} INFO - DAG(s) dict_keys(['example_task_group_decorator']) retrieved from /home/airflow/.local/lib/python3.7/site-packages/airflow/example_dags/example_task_group_decorator.py
[2023-04-08 07:39:09,630] {logging_mixin.py:115} INFO - [2023-04-08 07:39:09,630] {dag.py:2371} INFO - Sync 1 DAGs
[2023-04-08 07:39:09,640] {logging_mixin.py:115} INFO - [2023-04-08 07:39:09,640] {dag.py:2919} INFO - Setting next_dagrun for example_task_group_decorator to 2023-04-07T07:39:09.640534+00:00, run_after=2023-04-08T07:39:09.640534+00:00
[2023-04-08 07:39:09,646] {processor.py:161} INFO - Processing /home/airflow/.local/lib/python3.7/site-packages/airflow/example_dags/example_task_group_decorator.py took 0.078 seconds
[2023-04-08 09:01:42,805] {processor.py:153} INFO - Started process (PID=51280) to work on /home/airflow/.local/lib/python3.7/site-packages/airflow/example_dags/example_task_group_decorator.py
[2023-04-08 09:01:42,806] {processor.py:641} INFO - Processing file /home/airflow/.local/lib/python3.7/site-packages/airflow/example_dags/example_task_group_decorator.py for tasks to queue
[2023-04-08 09:01:42,807] {logging_mixin.py:115} INFO - [2023-04-08 09:01:42,806] {dagbag.py:507} INFO - Filling up the DagBag from /home/airflow/.local/lib/python3.7/site-packages/airflow/example_dags/example_task_group_decorator.py
[2023-04-08 09:01:42,818] {processor.py:651} INFO - DAG(s) dict_keys(['example_task_group_decorator']) retrieved from /home/airflow/.local/lib/python3.7/site-packages/airflow/example_dags/example_task_group_decorator.py
[2023-04-08 09:01:42,853] {logging_mixin.py:115} INFO - [2023-04-08 09:01:42,852] {dag.py:2371} INFO - Sync 1 DAGs
[2023-04-08 09:01:42,862] {logging_mixin.py:115} INFO - [2023-04-08 09:01:42,862] {dag.py:2919} INFO - Setting next_dagrun for example_task_group_decorator to 2023-04-07T09:01:42.862259+00:00, run_after=2023-04-08T09:01:42.862259+00:00
[2023-04-08 09:01:42,868] {processor.py:161} INFO - Processing /home/airflow/.local/lib/python3.7/site-packages/airflow/example_dags/example_task_group_decorator.py took 0.065 seconds
[2023-04-08 10:07:02,018] {processor.py:153} INFO - Started process (PID=51342) to work on /home/airflow/.local/lib/python3.7/site-packages/airflow/example_dags/example_task_group_decorator.py
[2023-04-08 10:07:02,019] {processor.py:641} INFO - Processing file /home/airflow/.local/lib/python3.7/site-packages/airflow/example_dags/example_task_group_decorator.py for tasks to queue
[2023-04-08 10:07:02,019] {logging_mixin.py:115} INFO - [2023-04-08 10:07:02,019] {dagbag.py:507} INFO - Filling up the DagBag from /home/airflow/.local/lib/python3.7/site-packages/airflow/example_dags/example_task_group_decorator.py
[2023-04-08 10:07:02,031] {processor.py:651} INFO - DAG(s) dict_keys(['example_task_group_decorator']) retrieved from /home/airflow/.local/lib/python3.7/site-packages/airflow/example_dags/example_task_group_decorator.py
[2023-04-08 10:07:02,066] {logging_mixin.py:115} INFO - [2023-04-08 10:07:02,066] {dag.py:2371} INFO - Sync 1 DAGs
[2023-04-08 10:07:02,076] {logging_mixin.py:115} INFO - [2023-04-08 10:07:02,076] {dag.py:2919} INFO - Setting next_dagrun for example_task_group_decorator to 2023-04-07T10:07:02.075883+00:00, run_after=2023-04-08T10:07:02.075883+00:00
[2023-04-08 10:07:02,081] {processor.py:161} INFO - Processing /home/airflow/.local/lib/python3.7/site-packages/airflow/example_dags/example_task_group_decorator.py took 0.066 seconds
[2023-04-08 11:14:35,496] {processor.py:153} INFO - Started process (PID=51404) to work on /home/airflow/.local/lib/python3.7/site-packages/airflow/example_dags/example_task_group_decorator.py
[2023-04-08 11:14:35,497] {processor.py:641} INFO - Processing file /home/airflow/.local/lib/python3.7/site-packages/airflow/example_dags/example_task_group_decorator.py for tasks to queue
[2023-04-08 11:14:35,497] {logging_mixin.py:115} INFO - [2023-04-08 11:14:35,497] {dagbag.py:507} INFO - Filling up the DagBag from /home/airflow/.local/lib/python3.7/site-packages/airflow/example_dags/example_task_group_decorator.py
[2023-04-08 11:14:35,511] {processor.py:651} INFO - DAG(s) dict_keys(['example_task_group_decorator']) retrieved from /home/airflow/.local/lib/python3.7/site-packages/airflow/example_dags/example_task_group_decorator.py
[2023-04-08 11:14:35,547] {logging_mixin.py:115} INFO - [2023-04-08 11:14:35,547] {dag.py:2371} INFO - Sync 1 DAGs
[2023-04-08 11:14:35,557] {logging_mixin.py:115} INFO - [2023-04-08 11:14:35,557] {dag.py:2919} INFO - Setting next_dagrun for example_task_group_decorator to 2023-04-07T11:14:35.557638+00:00, run_after=2023-04-08T11:14:35.557638+00:00
[2023-04-08 11:14:35,564] {processor.py:161} INFO - Processing /home/airflow/.local/lib/python3.7/site-packages/airflow/example_dags/example_task_group_decorator.py took 0.070 seconds
[2023-04-08 11:47:33,448] {processor.py:153} INFO - Started process (PID=51457) to work on /home/airflow/.local/lib/python3.7/site-packages/airflow/example_dags/example_task_group_decorator.py
[2023-04-08 11:47:33,449] {processor.py:641} INFO - Processing file /home/airflow/.local/lib/python3.7/site-packages/airflow/example_dags/example_task_group_decorator.py for tasks to queue
[2023-04-08 11:47:33,449] {logging_mixin.py:115} INFO - [2023-04-08 11:47:33,449] {dagbag.py:507} INFO - Filling up the DagBag from /home/airflow/.local/lib/python3.7/site-packages/airflow/example_dags/example_task_group_decorator.py
[2023-04-08 11:47:33,461] {processor.py:651} INFO - DAG(s) dict_keys(['example_task_group_decorator']) retrieved from /home/airflow/.local/lib/python3.7/site-packages/airflow/example_dags/example_task_group_decorator.py
[2023-04-08 11:47:33,496] {logging_mixin.py:115} INFO - [2023-04-08 11:47:33,496] {dag.py:2371} INFO - Sync 1 DAGs
[2023-04-08 11:47:33,505] {logging_mixin.py:115} INFO - [2023-04-08 11:47:33,505] {dag.py:2919} INFO - Setting next_dagrun for example_task_group_decorator to 2023-04-07T11:47:33.505607+00:00, run_after=2023-04-08T11:47:33.505607+00:00
[2023-04-08 11:47:33,512] {processor.py:161} INFO - Processing /home/airflow/.local/lib/python3.7/site-packages/airflow/example_dags/example_task_group_decorator.py took 0.065 seconds
[2023-04-08 11:48:04,239] {processor.py:153} INFO - Started process (PID=51520) to work on /home/airflow/.local/lib/python3.7/site-packages/airflow/example_dags/example_task_group_decorator.py
[2023-04-08 11:48:04,240] {processor.py:641} INFO - Processing file /home/airflow/.local/lib/python3.7/site-packages/airflow/example_dags/example_task_group_decorator.py for tasks to queue
[2023-04-08 11:48:04,240] {logging_mixin.py:115} INFO - [2023-04-08 11:48:04,240] {dagbag.py:507} INFO - Filling up the DagBag from /home/airflow/.local/lib/python3.7/site-packages/airflow/example_dags/example_task_group_decorator.py
[2023-04-08 11:48:04,259] {processor.py:651} INFO - DAG(s) dict_keys(['example_task_group_decorator']) retrieved from /home/airflow/.local/lib/python3.7/site-packages/airflow/example_dags/example_task_group_decorator.py
[2023-04-08 11:48:04,288] {logging_mixin.py:115} INFO - [2023-04-08 11:48:04,288] {dag.py:2371} INFO - Sync 1 DAGs
[2023-04-08 11:48:04,299] {logging_mixin.py:115} INFO - [2023-04-08 11:48:04,299] {dag.py:2919} INFO - Setting next_dagrun for example_task_group_decorator to 2023-04-07T11:48:04.299573+00:00, run_after=2023-04-08T11:48:04.299573+00:00
[2023-04-08 11:48:04,305] {processor.py:161} INFO - Processing /home/airflow/.local/lib/python3.7/site-packages/airflow/example_dags/example_task_group_decorator.py took 0.069 seconds
[2023-04-08 12:54:20,648] {processor.py:153} INFO - Started process (PID=51581) to work on /home/airflow/.local/lib/python3.7/site-packages/airflow/example_dags/example_task_group_decorator.py
[2023-04-08 12:54:20,649] {processor.py:641} INFO - Processing file /home/airflow/.local/lib/python3.7/site-packages/airflow/example_dags/example_task_group_decorator.py for tasks to queue
[2023-04-08 12:54:20,649] {logging_mixin.py:115} INFO - [2023-04-08 12:54:20,649] {dagbag.py:507} INFO - Filling up the DagBag from /home/airflow/.local/lib/python3.7/site-packages/airflow/example_dags/example_task_group_decorator.py
[2023-04-08 12:54:20,661] {processor.py:651} INFO - DAG(s) dict_keys(['example_task_group_decorator']) retrieved from /home/airflow/.local/lib/python3.7/site-packages/airflow/example_dags/example_task_group_decorator.py
[2023-04-08 12:54:20,696] {logging_mixin.py:115} INFO - [2023-04-08 12:54:20,696] {dag.py:2371} INFO - Sync 1 DAGs
[2023-04-08 12:54:20,705] {logging_mixin.py:115} INFO - [2023-04-08 12:54:20,705] {dag.py:2919} INFO - Setting next_dagrun for example_task_group_decorator to 2023-04-07T12:54:20.705379+00:00, run_after=2023-04-08T12:54:20.705379+00:00
[2023-04-08 12:54:20,712] {processor.py:161} INFO - Processing /home/airflow/.local/lib/python3.7/site-packages/airflow/example_dags/example_task_group_decorator.py took 0.066 seconds
[2023-04-08 14:13:39,878] {processor.py:153} INFO - Started process (PID=51643) to work on /home/airflow/.local/lib/python3.7/site-packages/airflow/example_dags/example_task_group_decorator.py
[2023-04-08 14:13:39,882] {processor.py:641} INFO - Processing file /home/airflow/.local/lib/python3.7/site-packages/airflow/example_dags/example_task_group_decorator.py for tasks to queue
[2023-04-08 14:13:39,882] {logging_mixin.py:115} INFO - [2023-04-08 14:13:39,882] {dagbag.py:507} INFO - Filling up the DagBag from /home/airflow/.local/lib/python3.7/site-packages/airflow/example_dags/example_task_group_decorator.py
[2023-04-08 14:13:39,896] {processor.py:651} INFO - DAG(s) dict_keys(['example_task_group_decorator']) retrieved from /home/airflow/.local/lib/python3.7/site-packages/airflow/example_dags/example_task_group_decorator.py
[2023-04-08 14:13:39,932] {logging_mixin.py:115} INFO - [2023-04-08 14:13:39,932] {dag.py:2371} INFO - Sync 1 DAGs
[2023-04-08 14:13:39,942] {logging_mixin.py:115} INFO - [2023-04-08 14:13:39,942] {dag.py:2919} INFO - Setting next_dagrun for example_task_group_decorator to 2023-04-07T14:13:39.941977+00:00, run_after=2023-04-08T14:13:39.941977+00:00
[2023-04-08 14:13:39,949] {processor.py:161} INFO - Processing /home/airflow/.local/lib/python3.7/site-packages/airflow/example_dags/example_task_group_decorator.py took 0.073 seconds
[2023-04-08 15:21:18,723] {processor.py:153} INFO - Started process (PID=51705) to work on /home/airflow/.local/lib/python3.7/site-packages/airflow/example_dags/example_task_group_decorator.py
[2023-04-08 15:21:18,724] {processor.py:641} INFO - Processing file /home/airflow/.local/lib/python3.7/site-packages/airflow/example_dags/example_task_group_decorator.py for tasks to queue
[2023-04-08 15:21:18,725] {logging_mixin.py:115} INFO - [2023-04-08 15:21:18,725] {dagbag.py:507} INFO - Filling up the DagBag from /home/airflow/.local/lib/python3.7/site-packages/airflow/example_dags/example_task_group_decorator.py
[2023-04-08 15:21:18,738] {processor.py:651} INFO - DAG(s) dict_keys(['example_task_group_decorator']) retrieved from /home/airflow/.local/lib/python3.7/site-packages/airflow/example_dags/example_task_group_decorator.py
[2023-04-08 15:21:18,792] {logging_mixin.py:115} INFO - [2023-04-08 15:21:18,792] {dag.py:2371} INFO - Sync 1 DAGs
[2023-04-08 15:21:18,805] {logging_mixin.py:115} INFO - [2023-04-08 15:21:18,805] {dag.py:2919} INFO - Setting next_dagrun for example_task_group_decorator to 2023-04-07T15:21:18.805718+00:00, run_after=2023-04-08T15:21:18.805718+00:00
[2023-04-08 15:21:18,813] {processor.py:161} INFO - Processing /home/airflow/.local/lib/python3.7/site-packages/airflow/example_dags/example_task_group_decorator.py took 0.092 seconds
[2023-04-08 16:24:54,374] {processor.py:153} INFO - Started process (PID=51758) to work on /home/airflow/.local/lib/python3.7/site-packages/airflow/example_dags/example_task_group_decorator.py
[2023-04-08 16:24:54,375] {processor.py:641} INFO - Processing file /home/airflow/.local/lib/python3.7/site-packages/airflow/example_dags/example_task_group_decorator.py for tasks to queue
[2023-04-08 16:24:54,376] {logging_mixin.py:115} INFO - [2023-04-08 16:24:54,376] {dagbag.py:507} INFO - Filling up the DagBag from /home/airflow/.local/lib/python3.7/site-packages/airflow/example_dags/example_task_group_decorator.py
[2023-04-08 16:24:54,391] {processor.py:651} INFO - DAG(s) dict_keys(['example_task_group_decorator']) retrieved from /home/airflow/.local/lib/python3.7/site-packages/airflow/example_dags/example_task_group_decorator.py
[2023-04-08 16:24:54,428] {logging_mixin.py:115} INFO - [2023-04-08 16:24:54,428] {dag.py:2371} INFO - Sync 1 DAGs
[2023-04-08 16:24:54,438] {logging_mixin.py:115} INFO - [2023-04-08 16:24:54,438] {dag.py:2919} INFO - Setting next_dagrun for example_task_group_decorator to 2023-04-07T16:24:54.438243+00:00, run_after=2023-04-08T16:24:54.438243+00:00
[2023-04-08 16:24:54,445] {processor.py:161} INFO - Processing /home/airflow/.local/lib/python3.7/site-packages/airflow/example_dags/example_task_group_decorator.py took 0.073 seconds
[2023-04-08 17:46:21,430] {processor.py:153} INFO - Started process (PID=51820) to work on /home/airflow/.local/lib/python3.7/site-packages/airflow/example_dags/example_task_group_decorator.py
[2023-04-08 17:46:21,431] {processor.py:641} INFO - Processing file /home/airflow/.local/lib/python3.7/site-packages/airflow/example_dags/example_task_group_decorator.py for tasks to queue
[2023-04-08 17:46:21,431] {logging_mixin.py:115} INFO - [2023-04-08 17:46:21,431] {dagbag.py:507} INFO - Filling up the DagBag from /home/airflow/.local/lib/python3.7/site-packages/airflow/example_dags/example_task_group_decorator.py
[2023-04-08 17:46:21,444] {processor.py:651} INFO - DAG(s) dict_keys(['example_task_group_decorator']) retrieved from /home/airflow/.local/lib/python3.7/site-packages/airflow/example_dags/example_task_group_decorator.py
[2023-04-08 17:46:21,482] {logging_mixin.py:115} INFO - [2023-04-08 17:46:21,482] {dag.py:2371} INFO - Sync 1 DAGs
[2023-04-08 17:46:21,492] {logging_mixin.py:115} INFO - [2023-04-08 17:46:21,492] {dag.py:2919} INFO - Setting next_dagrun for example_task_group_decorator to 2023-04-07T17:46:21.492521+00:00, run_after=2023-04-08T17:46:21.492521+00:00
[2023-04-08 17:46:21,498] {processor.py:161} INFO - Processing /home/airflow/.local/lib/python3.7/site-packages/airflow/example_dags/example_task_group_decorator.py took 0.070 seconds
[2023-04-08 18:52:20,817] {processor.py:153} INFO - Started process (PID=51882) to work on /home/airflow/.local/lib/python3.7/site-packages/airflow/example_dags/example_task_group_decorator.py
[2023-04-08 18:52:20,817] {processor.py:641} INFO - Processing file /home/airflow/.local/lib/python3.7/site-packages/airflow/example_dags/example_task_group_decorator.py for tasks to queue
[2023-04-08 18:52:20,818] {logging_mixin.py:115} INFO - [2023-04-08 18:52:20,818] {dagbag.py:507} INFO - Filling up the DagBag from /home/airflow/.local/lib/python3.7/site-packages/airflow/example_dags/example_task_group_decorator.py
[2023-04-08 18:52:20,831] {processor.py:651} INFO - DAG(s) dict_keys(['example_task_group_decorator']) retrieved from /home/airflow/.local/lib/python3.7/site-packages/airflow/example_dags/example_task_group_decorator.py
[2023-04-08 18:52:20,868] {logging_mixin.py:115} INFO - [2023-04-08 18:52:20,868] {dag.py:2371} INFO - Sync 1 DAGs
[2023-04-08 18:52:20,878] {logging_mixin.py:115} INFO - [2023-04-08 18:52:20,878] {dag.py:2919} INFO - Setting next_dagrun for example_task_group_decorator to 2023-04-07T18:52:20.877997+00:00, run_after=2023-04-08T18:52:20.877997+00:00
[2023-04-08 18:52:20,884] {processor.py:161} INFO - Processing /home/airflow/.local/lib/python3.7/site-packages/airflow/example_dags/example_task_group_decorator.py took 0.069 seconds
[2023-04-08 20:00:24,903] {processor.py:153} INFO - Started process (PID=51943) to work on /home/airflow/.local/lib/python3.7/site-packages/airflow/example_dags/example_task_group_decorator.py
[2023-04-08 20:00:24,904] {processor.py:641} INFO - Processing file /home/airflow/.local/lib/python3.7/site-packages/airflow/example_dags/example_task_group_decorator.py for tasks to queue
[2023-04-08 20:00:24,904] {logging_mixin.py:115} INFO - [2023-04-08 20:00:24,904] {dagbag.py:507} INFO - Filling up the DagBag from /home/airflow/.local/lib/python3.7/site-packages/airflow/example_dags/example_task_group_decorator.py
[2023-04-08 20:00:24,917] {processor.py:651} INFO - DAG(s) dict_keys(['example_task_group_decorator']) retrieved from /home/airflow/.local/lib/python3.7/site-packages/airflow/example_dags/example_task_group_decorator.py
[2023-04-08 20:00:24,954] {logging_mixin.py:115} INFO - [2023-04-08 20:00:24,953] {dag.py:2371} INFO - Sync 1 DAGs
[2023-04-08 20:00:24,963] {logging_mixin.py:115} INFO - [2023-04-08 20:00:24,963] {dag.py:2919} INFO - Setting next_dagrun for example_task_group_decorator to 2023-04-07T20:00:24.963324+00:00, run_after=2023-04-08T20:00:24.963324+00:00
[2023-04-08 20:00:24,970] {processor.py:161} INFO - Processing /home/airflow/.local/lib/python3.7/site-packages/airflow/example_dags/example_task_group_decorator.py took 0.069 seconds
[2023-04-08 20:00:55,272] {processor.py:153} INFO - Started process (PID=51996) to work on /home/airflow/.local/lib/python3.7/site-packages/airflow/example_dags/example_task_group_decorator.py
[2023-04-08 20:00:55,272] {processor.py:641} INFO - Processing file /home/airflow/.local/lib/python3.7/site-packages/airflow/example_dags/example_task_group_decorator.py for tasks to queue
[2023-04-08 20:00:55,273] {logging_mixin.py:115} INFO - [2023-04-08 20:00:55,273] {dagbag.py:507} INFO - Filling up the DagBag from /home/airflow/.local/lib/python3.7/site-packages/airflow/example_dags/example_task_group_decorator.py
[2023-04-08 20:00:55,286] {processor.py:651} INFO - DAG(s) dict_keys(['example_task_group_decorator']) retrieved from /home/airflow/.local/lib/python3.7/site-packages/airflow/example_dags/example_task_group_decorator.py
[2023-04-08 20:00:55,323] {logging_mixin.py:115} INFO - [2023-04-08 20:00:55,323] {dag.py:2371} INFO - Sync 1 DAGs
[2023-04-08 20:00:55,334] {logging_mixin.py:115} INFO - [2023-04-08 20:00:55,334] {dag.py:2919} INFO - Setting next_dagrun for example_task_group_decorator to 2023-04-07T20:00:55.334002+00:00, run_after=2023-04-08T20:00:55.334002+00:00
[2023-04-08 20:00:55,340] {processor.py:161} INFO - Processing /home/airflow/.local/lib/python3.7/site-packages/airflow/example_dags/example_task_group_decorator.py took 0.071 seconds
[2023-04-08 20:49:45,852] {processor.py:153} INFO - Started process (PID=52058) to work on /home/airflow/.local/lib/python3.7/site-packages/airflow/example_dags/example_task_group_decorator.py
[2023-04-08 20:49:45,854] {processor.py:641} INFO - Processing file /home/airflow/.local/lib/python3.7/site-packages/airflow/example_dags/example_task_group_decorator.py for tasks to queue
[2023-04-08 20:49:45,855] {logging_mixin.py:115} INFO - [2023-04-08 20:49:45,855] {dagbag.py:507} INFO - Filling up the DagBag from /home/airflow/.local/lib/python3.7/site-packages/airflow/example_dags/example_task_group_decorator.py
[2023-04-08 20:49:45,880] {processor.py:651} INFO - DAG(s) dict_keys(['example_task_group_decorator']) retrieved from /home/airflow/.local/lib/python3.7/site-packages/airflow/example_dags/example_task_group_decorator.py
[2023-04-08 20:49:45,929] {logging_mixin.py:115} INFO - [2023-04-08 20:49:45,929] {dag.py:2371} INFO - Sync 1 DAGs
[2023-04-08 20:49:45,939] {logging_mixin.py:115} INFO - [2023-04-08 20:49:45,939] {dag.py:2919} INFO - Setting next_dagrun for example_task_group_decorator to 2023-04-07T20:49:45.939295+00:00, run_after=2023-04-08T20:49:45.939295+00:00
[2023-04-08 20:49:45,946] {processor.py:161} INFO - Processing /home/airflow/.local/lib/python3.7/site-packages/airflow/example_dags/example_task_group_decorator.py took 0.097 seconds
[2023-04-08 22:14:44,417] {processor.py:153} INFO - Started process (PID=52120) to work on /home/airflow/.local/lib/python3.7/site-packages/airflow/example_dags/example_task_group_decorator.py
[2023-04-08 22:14:44,418] {processor.py:641} INFO - Processing file /home/airflow/.local/lib/python3.7/site-packages/airflow/example_dags/example_task_group_decorator.py for tasks to queue
[2023-04-08 22:14:44,418] {logging_mixin.py:115} INFO - [2023-04-08 22:14:44,418] {dagbag.py:507} INFO - Filling up the DagBag from /home/airflow/.local/lib/python3.7/site-packages/airflow/example_dags/example_task_group_decorator.py
[2023-04-08 22:14:44,430] {processor.py:651} INFO - DAG(s) dict_keys(['example_task_group_decorator']) retrieved from /home/airflow/.local/lib/python3.7/site-packages/airflow/example_dags/example_task_group_decorator.py
[2023-04-08 22:14:44,464] {logging_mixin.py:115} INFO - [2023-04-08 22:14:44,464] {dag.py:2371} INFO - Sync 1 DAGs
[2023-04-08 22:14:44,473] {logging_mixin.py:115} INFO - [2023-04-08 22:14:44,473] {dag.py:2919} INFO - Setting next_dagrun for example_task_group_decorator to 2023-04-07T22:14:44.473711+00:00, run_after=2023-04-08T22:14:44.473711+00:00
[2023-04-08 22:14:44,480] {processor.py:161} INFO - Processing /home/airflow/.local/lib/python3.7/site-packages/airflow/example_dags/example_task_group_decorator.py took 0.065 seconds
[2023-04-08 23:20:17,914] {processor.py:153} INFO - Started process (PID=52182) to work on /home/airflow/.local/lib/python3.7/site-packages/airflow/example_dags/example_task_group_decorator.py
[2023-04-08 23:20:17,915] {processor.py:641} INFO - Processing file /home/airflow/.local/lib/python3.7/site-packages/airflow/example_dags/example_task_group_decorator.py for tasks to queue
[2023-04-08 23:20:17,916] {logging_mixin.py:115} INFO - [2023-04-08 23:20:17,916] {dagbag.py:507} INFO - Filling up the DagBag from /home/airflow/.local/lib/python3.7/site-packages/airflow/example_dags/example_task_group_decorator.py
[2023-04-08 23:20:17,929] {processor.py:651} INFO - DAG(s) dict_keys(['example_task_group_decorator']) retrieved from /home/airflow/.local/lib/python3.7/site-packages/airflow/example_dags/example_task_group_decorator.py
[2023-04-08 23:20:17,970] {logging_mixin.py:115} INFO - [2023-04-08 23:20:17,970] {dag.py:2371} INFO - Sync 1 DAGs
[2023-04-08 23:20:17,980] {logging_mixin.py:115} INFO - [2023-04-08 23:20:17,980] {dag.py:2919} INFO - Setting next_dagrun for example_task_group_decorator to 2023-04-07T23:20:17.980032+00:00, run_after=2023-04-08T23:20:17.980032+00:00
[2023-04-08 23:20:17,987] {processor.py:161} INFO - Processing /home/airflow/.local/lib/python3.7/site-packages/airflow/example_dags/example_task_group_decorator.py took 0.075 seconds
