[2023-04-08 00:00:27,289] {processor.py:153} INFO - Started process (PID=50717) to work on /home/airflow/.local/lib/python3.7/site-packages/airflow/example_dags/example_skip_dag.py
[2023-04-08 00:00:27,290] {processor.py:641} INFO - Processing file /home/airflow/.local/lib/python3.7/site-packages/airflow/example_dags/example_skip_dag.py for tasks to queue
[2023-04-08 00:00:27,291] {logging_mixin.py:115} INFO - [2023-04-08 00:00:27,290] {dagbag.py:507} INFO - Filling up the DagBag from /home/airflow/.local/lib/python3.7/site-packages/airflow/example_dags/example_skip_dag.py
[2023-04-08 00:00:27,296] {processor.py:651} INFO - DAG(s) dict_keys(['example_skip_dag']) retrieved from /home/airflow/.local/lib/python3.7/site-packages/airflow/example_dags/example_skip_dag.py
[2023-04-08 00:00:27,328] {logging_mixin.py:115} INFO - [2023-04-08 00:00:27,328] {dag.py:2371} INFO - Sync 1 DAGs
[2023-04-08 00:00:27,357] {logging_mixin.py:115} INFO - [2023-04-08 00:00:27,357] {dag.py:2919} INFO - Setting next_dagrun for example_skip_dag to 2023-04-07T00:00:27.357056+00:00, run_after=2023-04-08T00:00:27.357056+00:00
[2023-04-08 00:00:27,369] {processor.py:161} INFO - Processing /home/airflow/.local/lib/python3.7/site-packages/airflow/example_dags/example_skip_dag.py took 0.084 seconds
[2023-04-08 01:09:12,267] {processor.py:153} INFO - Started process (PID=50769) to work on /home/airflow/.local/lib/python3.7/site-packages/airflow/example_dags/example_skip_dag.py
[2023-04-08 01:09:12,268] {processor.py:641} INFO - Processing file /home/airflow/.local/lib/python3.7/site-packages/airflow/example_dags/example_skip_dag.py for tasks to queue
[2023-04-08 01:09:12,268] {logging_mixin.py:115} INFO - [2023-04-08 01:09:12,268] {dagbag.py:507} INFO - Filling up the DagBag from /home/airflow/.local/lib/python3.7/site-packages/airflow/example_dags/example_skip_dag.py
[2023-04-08 01:09:12,272] {processor.py:651} INFO - DAG(s) dict_keys(['example_skip_dag']) retrieved from /home/airflow/.local/lib/python3.7/site-packages/airflow/example_dags/example_skip_dag.py
[2023-04-08 01:09:12,293] {logging_mixin.py:115} INFO - [2023-04-08 01:09:12,293] {dag.py:2371} INFO - Sync 1 DAGs
[2023-04-08 01:09:12,305] {logging_mixin.py:115} INFO - [2023-04-08 01:09:12,305] {dag.py:2919} INFO - Setting next_dagrun for example_skip_dag to 2023-04-07T01:09:12.305055+00:00, run_after=2023-04-08T01:09:12.305055+00:00
[2023-04-08 01:09:12,311] {processor.py:161} INFO - Processing /home/airflow/.local/lib/python3.7/site-packages/airflow/example_dags/example_skip_dag.py took 0.046 seconds
[2023-04-08 02:16:02,728] {processor.py:153} INFO - Started process (PID=50832) to work on /home/airflow/.local/lib/python3.7/site-packages/airflow/example_dags/example_skip_dag.py
[2023-04-08 02:16:02,729] {processor.py:641} INFO - Processing file /home/airflow/.local/lib/python3.7/site-packages/airflow/example_dags/example_skip_dag.py for tasks to queue
[2023-04-08 02:16:02,730] {logging_mixin.py:115} INFO - [2023-04-08 02:16:02,730] {dagbag.py:507} INFO - Filling up the DagBag from /home/airflow/.local/lib/python3.7/site-packages/airflow/example_dags/example_skip_dag.py
[2023-04-08 02:16:02,735] {processor.py:651} INFO - DAG(s) dict_keys(['example_skip_dag']) retrieved from /home/airflow/.local/lib/python3.7/site-packages/airflow/example_dags/example_skip_dag.py
[2023-04-08 02:16:02,780] {logging_mixin.py:115} INFO - [2023-04-08 02:16:02,780] {dag.py:2371} INFO - Sync 1 DAGs
[2023-04-08 02:16:02,809] {logging_mixin.py:115} INFO - [2023-04-08 02:16:02,809] {dag.py:2919} INFO - Setting next_dagrun for example_skip_dag to 2023-04-07T02:16:02.808538+00:00, run_after=2023-04-08T02:16:02.808538+00:00
[2023-04-08 02:16:02,849] {processor.py:161} INFO - Processing /home/airflow/.local/lib/python3.7/site-packages/airflow/example_dags/example_skip_dag.py took 0.128 seconds
[2023-04-08 03:21:43,986] {processor.py:153} INFO - Started process (PID=50894) to work on /home/airflow/.local/lib/python3.7/site-packages/airflow/example_dags/example_skip_dag.py
[2023-04-08 03:21:43,987] {processor.py:641} INFO - Processing file /home/airflow/.local/lib/python3.7/site-packages/airflow/example_dags/example_skip_dag.py for tasks to queue
[2023-04-08 03:21:43,988] {logging_mixin.py:115} INFO - [2023-04-08 03:21:43,988] {dagbag.py:507} INFO - Filling up the DagBag from /home/airflow/.local/lib/python3.7/site-packages/airflow/example_dags/example_skip_dag.py
[2023-04-08 03:21:43,991] {processor.py:651} INFO - DAG(s) dict_keys(['example_skip_dag']) retrieved from /home/airflow/.local/lib/python3.7/site-packages/airflow/example_dags/example_skip_dag.py
[2023-04-08 03:21:44,008] {logging_mixin.py:115} INFO - [2023-04-08 03:21:44,008] {dag.py:2371} INFO - Sync 1 DAGs
[2023-04-08 03:21:44,019] {logging_mixin.py:115} INFO - [2023-04-08 03:21:44,019] {dag.py:2919} INFO - Setting next_dagrun for example_skip_dag to 2023-04-07T03:21:44.019485+00:00, run_after=2023-04-08T03:21:44.019485+00:00
[2023-04-08 03:21:44,025] {processor.py:161} INFO - Processing /home/airflow/.local/lib/python3.7/site-packages/airflow/example_dags/example_skip_dag.py took 0.040 seconds
[2023-04-08 03:34:47,279] {processor.py:153} INFO - Started process (PID=50955) to work on /home/airflow/.local/lib/python3.7/site-packages/airflow/example_dags/example_skip_dag.py
[2023-04-08 03:34:47,280] {processor.py:641} INFO - Processing file /home/airflow/.local/lib/python3.7/site-packages/airflow/example_dags/example_skip_dag.py for tasks to queue
[2023-04-08 03:34:47,282] {logging_mixin.py:115} INFO - [2023-04-08 03:34:47,282] {dagbag.py:507} INFO - Filling up the DagBag from /home/airflow/.local/lib/python3.7/site-packages/airflow/example_dags/example_skip_dag.py
[2023-04-08 03:34:47,291] {processor.py:651} INFO - DAG(s) dict_keys(['example_skip_dag']) retrieved from /home/airflow/.local/lib/python3.7/site-packages/airflow/example_dags/example_skip_dag.py
[2023-04-08 03:34:47,332] {logging_mixin.py:115} INFO - [2023-04-08 03:34:47,332] {dag.py:2371} INFO - Sync 1 DAGs
[2023-04-08 03:34:47,359] {logging_mixin.py:115} INFO - [2023-04-08 03:34:47,359] {dag.py:2919} INFO - Setting next_dagrun for example_skip_dag to 2023-04-07T03:34:47.359289+00:00, run_after=2023-04-08T03:34:47.359289+00:00
[2023-04-08 03:34:47,379] {processor.py:161} INFO - Processing /home/airflow/.local/lib/python3.7/site-packages/airflow/example_dags/example_skip_dag.py took 0.103 seconds
[2023-04-08 04:06:57,141] {processor.py:153} INFO - Started process (PID=51017) to work on /home/airflow/.local/lib/python3.7/site-packages/airflow/example_dags/example_skip_dag.py
[2023-04-08 04:06:57,142] {processor.py:641} INFO - Processing file /home/airflow/.local/lib/python3.7/site-packages/airflow/example_dags/example_skip_dag.py for tasks to queue
[2023-04-08 04:06:57,144] {logging_mixin.py:115} INFO - [2023-04-08 04:06:57,144] {dagbag.py:507} INFO - Filling up the DagBag from /home/airflow/.local/lib/python3.7/site-packages/airflow/example_dags/example_skip_dag.py
[2023-04-08 04:06:57,154] {processor.py:651} INFO - DAG(s) dict_keys(['example_skip_dag']) retrieved from /home/airflow/.local/lib/python3.7/site-packages/airflow/example_dags/example_skip_dag.py
[2023-04-08 04:06:57,209] {logging_mixin.py:115} INFO - [2023-04-08 04:06:57,209] {dag.py:2371} INFO - Sync 1 DAGs
[2023-04-08 04:06:57,239] {logging_mixin.py:115} INFO - [2023-04-08 04:06:57,239] {dag.py:2919} INFO - Setting next_dagrun for example_skip_dag to 2023-04-07T04:06:57.239241+00:00, run_after=2023-04-08T04:06:57.239241+00:00
[2023-04-08 04:06:57,249] {processor.py:161} INFO - Processing /home/airflow/.local/lib/python3.7/site-packages/airflow/example_dags/example_skip_dag.py took 0.113 seconds
[2023-04-08 05:27:57,116] {processor.py:153} INFO - Started process (PID=51080) to work on /home/airflow/.local/lib/python3.7/site-packages/airflow/example_dags/example_skip_dag.py
[2023-04-08 05:27:57,116] {processor.py:641} INFO - Processing file /home/airflow/.local/lib/python3.7/site-packages/airflow/example_dags/example_skip_dag.py for tasks to queue
[2023-04-08 05:27:57,119] {logging_mixin.py:115} INFO - [2023-04-08 05:27:57,119] {dagbag.py:507} INFO - Filling up the DagBag from /home/airflow/.local/lib/python3.7/site-packages/airflow/example_dags/example_skip_dag.py
[2023-04-08 05:27:57,124] {processor.py:651} INFO - DAG(s) dict_keys(['example_skip_dag']) retrieved from /home/airflow/.local/lib/python3.7/site-packages/airflow/example_dags/example_skip_dag.py
[2023-04-08 05:27:57,145] {logging_mixin.py:115} INFO - [2023-04-08 05:27:57,145] {dag.py:2371} INFO - Sync 1 DAGs
[2023-04-08 05:27:57,157] {logging_mixin.py:115} INFO - [2023-04-08 05:27:57,157] {dag.py:2919} INFO - Setting next_dagrun for example_skip_dag to 2023-04-07T05:27:57.157252+00:00, run_after=2023-04-08T05:27:57.157252+00:00
[2023-04-08 05:27:57,163] {processor.py:161} INFO - Processing /home/airflow/.local/lib/python3.7/site-packages/airflow/example_dags/example_skip_dag.py took 0.053 seconds
[2023-04-08 06:37:04,277] {processor.py:153} INFO - Started process (PID=51133) to work on /home/airflow/.local/lib/python3.7/site-packages/airflow/example_dags/example_skip_dag.py
[2023-04-08 06:37:04,280] {processor.py:641} INFO - Processing file /home/airflow/.local/lib/python3.7/site-packages/airflow/example_dags/example_skip_dag.py for tasks to queue
[2023-04-08 06:37:04,283] {logging_mixin.py:115} INFO - [2023-04-08 06:37:04,283] {dagbag.py:507} INFO - Filling up the DagBag from /home/airflow/.local/lib/python3.7/site-packages/airflow/example_dags/example_skip_dag.py
[2023-04-08 06:37:04,289] {processor.py:651} INFO - DAG(s) dict_keys(['example_skip_dag']) retrieved from /home/airflow/.local/lib/python3.7/site-packages/airflow/example_dags/example_skip_dag.py
[2023-04-08 06:37:04,334] {logging_mixin.py:115} INFO - [2023-04-08 06:37:04,334] {dag.py:2371} INFO - Sync 1 DAGs
[2023-04-08 06:37:04,378] {logging_mixin.py:115} INFO - [2023-04-08 06:37:04,378] {dag.py:2919} INFO - Setting next_dagrun for example_skip_dag to 2023-04-07T06:37:04.376526+00:00, run_after=2023-04-08T06:37:04.376526+00:00
[2023-04-08 06:37:04,403] {processor.py:161} INFO - Processing /home/airflow/.local/lib/python3.7/site-packages/airflow/example_dags/example_skip_dag.py took 0.133 seconds
[2023-04-08 07:39:08,103] {processor.py:153} INFO - Started process (PID=51194) to work on /home/airflow/.local/lib/python3.7/site-packages/airflow/example_dags/example_skip_dag.py
[2023-04-08 07:39:08,104] {processor.py:641} INFO - Processing file /home/airflow/.local/lib/python3.7/site-packages/airflow/example_dags/example_skip_dag.py for tasks to queue
[2023-04-08 07:39:08,105] {logging_mixin.py:115} INFO - [2023-04-08 07:39:08,105] {dagbag.py:507} INFO - Filling up the DagBag from /home/airflow/.local/lib/python3.7/site-packages/airflow/example_dags/example_skip_dag.py
[2023-04-08 07:39:08,111] {processor.py:651} INFO - DAG(s) dict_keys(['example_skip_dag']) retrieved from /home/airflow/.local/lib/python3.7/site-packages/airflow/example_dags/example_skip_dag.py
[2023-04-08 07:39:08,155] {logging_mixin.py:115} INFO - [2023-04-08 07:39:08,155] {dag.py:2371} INFO - Sync 1 DAGs
[2023-04-08 07:39:08,179] {logging_mixin.py:115} INFO - [2023-04-08 07:39:08,179] {dag.py:2919} INFO - Setting next_dagrun for example_skip_dag to 2023-04-07T07:39:08.179467+00:00, run_after=2023-04-08T07:39:08.179467+00:00
[2023-04-08 07:39:08,204] {processor.py:161} INFO - Processing /home/airflow/.local/lib/python3.7/site-packages/airflow/example_dags/example_skip_dag.py took 0.105 seconds
[2023-04-08 09:01:41,841] {processor.py:153} INFO - Started process (PID=51256) to work on /home/airflow/.local/lib/python3.7/site-packages/airflow/example_dags/example_skip_dag.py
[2023-04-08 09:01:41,843] {processor.py:641} INFO - Processing file /home/airflow/.local/lib/python3.7/site-packages/airflow/example_dags/example_skip_dag.py for tasks to queue
[2023-04-08 09:01:41,843] {logging_mixin.py:115} INFO - [2023-04-08 09:01:41,843] {dagbag.py:507} INFO - Filling up the DagBag from /home/airflow/.local/lib/python3.7/site-packages/airflow/example_dags/example_skip_dag.py
[2023-04-08 09:01:41,848] {processor.py:651} INFO - DAG(s) dict_keys(['example_skip_dag']) retrieved from /home/airflow/.local/lib/python3.7/site-packages/airflow/example_dags/example_skip_dag.py
[2023-04-08 09:01:41,882] {logging_mixin.py:115} INFO - [2023-04-08 09:01:41,882] {dag.py:2371} INFO - Sync 1 DAGs
[2023-04-08 09:01:41,900] {logging_mixin.py:115} INFO - [2023-04-08 09:01:41,900] {dag.py:2919} INFO - Setting next_dagrun for example_skip_dag to 2023-04-07T09:01:41.900370+00:00, run_after=2023-04-08T09:01:41.900370+00:00
[2023-04-08 09:01:41,917] {processor.py:161} INFO - Processing /home/airflow/.local/lib/python3.7/site-packages/airflow/example_dags/example_skip_dag.py took 0.081 seconds
[2023-04-08 10:07:00,896] {processor.py:153} INFO - Started process (PID=51318) to work on /home/airflow/.local/lib/python3.7/site-packages/airflow/example_dags/example_skip_dag.py
[2023-04-08 10:07:00,897] {processor.py:641} INFO - Processing file /home/airflow/.local/lib/python3.7/site-packages/airflow/example_dags/example_skip_dag.py for tasks to queue
[2023-04-08 10:07:00,897] {logging_mixin.py:115} INFO - [2023-04-08 10:07:00,897] {dagbag.py:507} INFO - Filling up the DagBag from /home/airflow/.local/lib/python3.7/site-packages/airflow/example_dags/example_skip_dag.py
[2023-04-08 10:07:00,902] {processor.py:651} INFO - DAG(s) dict_keys(['example_skip_dag']) retrieved from /home/airflow/.local/lib/python3.7/site-packages/airflow/example_dags/example_skip_dag.py
[2023-04-08 10:07:00,937] {logging_mixin.py:115} INFO - [2023-04-08 10:07:00,937] {dag.py:2371} INFO - Sync 1 DAGs
[2023-04-08 10:07:00,959] {logging_mixin.py:115} INFO - [2023-04-08 10:07:00,959] {dag.py:2919} INFO - Setting next_dagrun for example_skip_dag to 2023-04-07T10:07:00.959313+00:00, run_after=2023-04-08T10:07:00.959313+00:00
[2023-04-08 10:07:00,972] {processor.py:161} INFO - Processing /home/airflow/.local/lib/python3.7/site-packages/airflow/example_dags/example_skip_dag.py took 0.078 seconds
[2023-04-08 11:14:34,154] {processor.py:153} INFO - Started process (PID=51371) to work on /home/airflow/.local/lib/python3.7/site-packages/airflow/example_dags/example_skip_dag.py
[2023-04-08 11:14:34,155] {processor.py:641} INFO - Processing file /home/airflow/.local/lib/python3.7/site-packages/airflow/example_dags/example_skip_dag.py for tasks to queue
[2023-04-08 11:14:34,156] {logging_mixin.py:115} INFO - [2023-04-08 11:14:34,156] {dagbag.py:507} INFO - Filling up the DagBag from /home/airflow/.local/lib/python3.7/site-packages/airflow/example_dags/example_skip_dag.py
[2023-04-08 11:14:34,159] {processor.py:651} INFO - DAG(s) dict_keys(['example_skip_dag']) retrieved from /home/airflow/.local/lib/python3.7/site-packages/airflow/example_dags/example_skip_dag.py
[2023-04-08 11:14:34,191] {logging_mixin.py:115} INFO - [2023-04-08 11:14:34,191] {dag.py:2371} INFO - Sync 1 DAGs
[2023-04-08 11:14:34,204] {logging_mixin.py:115} INFO - [2023-04-08 11:14:34,204] {dag.py:2919} INFO - Setting next_dagrun for example_skip_dag to 2023-04-07T11:14:34.204312+00:00, run_after=2023-04-08T11:14:34.204312+00:00
[2023-04-08 11:14:34,210] {processor.py:161} INFO - Processing /home/airflow/.local/lib/python3.7/site-packages/airflow/example_dags/example_skip_dag.py took 0.058 seconds
[2023-04-08 11:47:32,322] {processor.py:153} INFO - Started process (PID=51433) to work on /home/airflow/.local/lib/python3.7/site-packages/airflow/example_dags/example_skip_dag.py
[2023-04-08 11:47:32,324] {processor.py:641} INFO - Processing file /home/airflow/.local/lib/python3.7/site-packages/airflow/example_dags/example_skip_dag.py for tasks to queue
[2023-04-08 11:47:32,324] {logging_mixin.py:115} INFO - [2023-04-08 11:47:32,324] {dagbag.py:507} INFO - Filling up the DagBag from /home/airflow/.local/lib/python3.7/site-packages/airflow/example_dags/example_skip_dag.py
[2023-04-08 11:47:32,329] {processor.py:651} INFO - DAG(s) dict_keys(['example_skip_dag']) retrieved from /home/airflow/.local/lib/python3.7/site-packages/airflow/example_dags/example_skip_dag.py
[2023-04-08 11:47:32,373] {logging_mixin.py:115} INFO - [2023-04-08 11:47:32,373] {dag.py:2371} INFO - Sync 1 DAGs
[2023-04-08 11:47:32,395] {logging_mixin.py:115} INFO - [2023-04-08 11:47:32,395] {dag.py:2919} INFO - Setting next_dagrun for example_skip_dag to 2023-04-07T11:47:32.395435+00:00, run_after=2023-04-08T11:47:32.395435+00:00
[2023-04-08 11:47:32,404] {processor.py:161} INFO - Processing /home/airflow/.local/lib/python3.7/site-packages/airflow/example_dags/example_skip_dag.py took 0.086 seconds
[2023-04-08 11:48:03,158] {processor.py:153} INFO - Started process (PID=51496) to work on /home/airflow/.local/lib/python3.7/site-packages/airflow/example_dags/example_skip_dag.py
[2023-04-08 11:48:03,159] {processor.py:641} INFO - Processing file /home/airflow/.local/lib/python3.7/site-packages/airflow/example_dags/example_skip_dag.py for tasks to queue
[2023-04-08 11:48:03,159] {logging_mixin.py:115} INFO - [2023-04-08 11:48:03,159] {dagbag.py:507} INFO - Filling up the DagBag from /home/airflow/.local/lib/python3.7/site-packages/airflow/example_dags/example_skip_dag.py
[2023-04-08 11:48:03,162] {processor.py:651} INFO - DAG(s) dict_keys(['example_skip_dag']) retrieved from /home/airflow/.local/lib/python3.7/site-packages/airflow/example_dags/example_skip_dag.py
[2023-04-08 11:48:03,181] {logging_mixin.py:115} INFO - [2023-04-08 11:48:03,181] {dag.py:2371} INFO - Sync 1 DAGs
[2023-04-08 11:48:03,193] {logging_mixin.py:115} INFO - [2023-04-08 11:48:03,192] {dag.py:2919} INFO - Setting next_dagrun for example_skip_dag to 2023-04-07T11:48:03.192794+00:00, run_after=2023-04-08T11:48:03.192794+00:00
[2023-04-08 11:48:03,199] {processor.py:161} INFO - Processing /home/airflow/.local/lib/python3.7/site-packages/airflow/example_dags/example_skip_dag.py took 0.043 seconds
[2023-04-08 12:54:19,571] {processor.py:153} INFO - Started process (PID=51557) to work on /home/airflow/.local/lib/python3.7/site-packages/airflow/example_dags/example_skip_dag.py
[2023-04-08 12:54:19,574] {processor.py:641} INFO - Processing file /home/airflow/.local/lib/python3.7/site-packages/airflow/example_dags/example_skip_dag.py for tasks to queue
[2023-04-08 12:54:19,575] {logging_mixin.py:115} INFO - [2023-04-08 12:54:19,575] {dagbag.py:507} INFO - Filling up the DagBag from /home/airflow/.local/lib/python3.7/site-packages/airflow/example_dags/example_skip_dag.py
[2023-04-08 12:54:19,579] {processor.py:651} INFO - DAG(s) dict_keys(['example_skip_dag']) retrieved from /home/airflow/.local/lib/python3.7/site-packages/airflow/example_dags/example_skip_dag.py
[2023-04-08 12:54:19,616] {logging_mixin.py:115} INFO - [2023-04-08 12:54:19,616] {dag.py:2371} INFO - Sync 1 DAGs
[2023-04-08 12:54:19,633] {logging_mixin.py:115} INFO - [2023-04-08 12:54:19,633] {dag.py:2919} INFO - Setting next_dagrun for example_skip_dag to 2023-04-07T12:54:19.633474+00:00, run_after=2023-04-08T12:54:19.633474+00:00
[2023-04-08 12:54:19,642] {processor.py:161} INFO - Processing /home/airflow/.local/lib/python3.7/site-packages/airflow/example_dags/example_skip_dag.py took 0.074 seconds
[2023-04-08 14:13:38,533] {processor.py:153} INFO - Started process (PID=51619) to work on /home/airflow/.local/lib/python3.7/site-packages/airflow/example_dags/example_skip_dag.py
[2023-04-08 14:13:38,534] {processor.py:641} INFO - Processing file /home/airflow/.local/lib/python3.7/site-packages/airflow/example_dags/example_skip_dag.py for tasks to queue
[2023-04-08 14:13:38,534] {logging_mixin.py:115} INFO - [2023-04-08 14:13:38,534] {dagbag.py:507} INFO - Filling up the DagBag from /home/airflow/.local/lib/python3.7/site-packages/airflow/example_dags/example_skip_dag.py
[2023-04-08 14:13:38,537] {processor.py:651} INFO - DAG(s) dict_keys(['example_skip_dag']) retrieved from /home/airflow/.local/lib/python3.7/site-packages/airflow/example_dags/example_skip_dag.py
[2023-04-08 14:13:38,554] {logging_mixin.py:115} INFO - [2023-04-08 14:13:38,554] {dag.py:2371} INFO - Sync 1 DAGs
[2023-04-08 14:13:38,565] {logging_mixin.py:115} INFO - [2023-04-08 14:13:38,565] {dag.py:2919} INFO - Setting next_dagrun for example_skip_dag to 2023-04-07T14:13:38.565569+00:00, run_after=2023-04-08T14:13:38.565569+00:00
[2023-04-08 14:13:38,571] {processor.py:161} INFO - Processing /home/airflow/.local/lib/python3.7/site-packages/airflow/example_dags/example_skip_dag.py took 0.040 seconds
[2023-04-08 15:21:17,568] {processor.py:153} INFO - Started process (PID=51672) to work on /home/airflow/.local/lib/python3.7/site-packages/airflow/example_dags/example_skip_dag.py
[2023-04-08 15:21:17,569] {processor.py:641} INFO - Processing file /home/airflow/.local/lib/python3.7/site-packages/airflow/example_dags/example_skip_dag.py for tasks to queue
[2023-04-08 15:21:17,570] {logging_mixin.py:115} INFO - [2023-04-08 15:21:17,570] {dagbag.py:507} INFO - Filling up the DagBag from /home/airflow/.local/lib/python3.7/site-packages/airflow/example_dags/example_skip_dag.py
[2023-04-08 15:21:17,577] {processor.py:651} INFO - DAG(s) dict_keys(['example_skip_dag']) retrieved from /home/airflow/.local/lib/python3.7/site-packages/airflow/example_dags/example_skip_dag.py
[2023-04-08 15:21:17,622] {logging_mixin.py:115} INFO - [2023-04-08 15:21:17,622] {dag.py:2371} INFO - Sync 1 DAGs
[2023-04-08 15:21:17,645] {logging_mixin.py:115} INFO - [2023-04-08 15:21:17,645] {dag.py:2919} INFO - Setting next_dagrun for example_skip_dag to 2023-04-07T15:21:17.644246+00:00, run_after=2023-04-08T15:21:17.644246+00:00
[2023-04-08 15:21:17,660] {processor.py:161} INFO - Processing /home/airflow/.local/lib/python3.7/site-packages/airflow/example_dags/example_skip_dag.py took 0.096 seconds
[2023-04-08 16:24:53,084] {processor.py:153} INFO - Started process (PID=51734) to work on /home/airflow/.local/lib/python3.7/site-packages/airflow/example_dags/example_skip_dag.py
[2023-04-08 16:24:53,087] {processor.py:641} INFO - Processing file /home/airflow/.local/lib/python3.7/site-packages/airflow/example_dags/example_skip_dag.py for tasks to queue
[2023-04-08 16:24:53,088] {logging_mixin.py:115} INFO - [2023-04-08 16:24:53,088] {dagbag.py:507} INFO - Filling up the DagBag from /home/airflow/.local/lib/python3.7/site-packages/airflow/example_dags/example_skip_dag.py
[2023-04-08 16:24:53,093] {processor.py:651} INFO - DAG(s) dict_keys(['example_skip_dag']) retrieved from /home/airflow/.local/lib/python3.7/site-packages/airflow/example_dags/example_skip_dag.py
[2023-04-08 16:24:53,143] {logging_mixin.py:115} INFO - [2023-04-08 16:24:53,142] {dag.py:2371} INFO - Sync 1 DAGs
[2023-04-08 16:24:53,165] {logging_mixin.py:115} INFO - [2023-04-08 16:24:53,165] {dag.py:2919} INFO - Setting next_dagrun for example_skip_dag to 2023-04-07T16:24:53.165183+00:00, run_after=2023-04-08T16:24:53.165183+00:00
[2023-04-08 16:24:53,177] {processor.py:161} INFO - Processing /home/airflow/.local/lib/python3.7/site-packages/airflow/example_dags/example_skip_dag.py took 0.096 seconds
[2023-04-08 17:46:20,521] {processor.py:153} INFO - Started process (PID=51796) to work on /home/airflow/.local/lib/python3.7/site-packages/airflow/example_dags/example_skip_dag.py
[2023-04-08 17:46:20,523] {processor.py:641} INFO - Processing file /home/airflow/.local/lib/python3.7/site-packages/airflow/example_dags/example_skip_dag.py for tasks to queue
[2023-04-08 17:46:20,523] {logging_mixin.py:115} INFO - [2023-04-08 17:46:20,523] {dagbag.py:507} INFO - Filling up the DagBag from /home/airflow/.local/lib/python3.7/site-packages/airflow/example_dags/example_skip_dag.py
[2023-04-08 17:46:20,534] {processor.py:651} INFO - DAG(s) dict_keys(['example_skip_dag']) retrieved from /home/airflow/.local/lib/python3.7/site-packages/airflow/example_dags/example_skip_dag.py
[2023-04-08 17:46:20,573] {logging_mixin.py:115} INFO - [2023-04-08 17:46:20,573] {dag.py:2371} INFO - Sync 1 DAGs
[2023-04-08 17:46:20,596] {logging_mixin.py:115} INFO - [2023-04-08 17:46:20,596] {dag.py:2919} INFO - Setting next_dagrun for example_skip_dag to 2023-04-07T17:46:20.595897+00:00, run_after=2023-04-08T17:46:20.595897+00:00
[2023-04-08 17:46:20,611] {processor.py:161} INFO - Processing /home/airflow/.local/lib/python3.7/site-packages/airflow/example_dags/example_skip_dag.py took 0.096 seconds
[2023-04-08 18:52:19,516] {processor.py:153} INFO - Started process (PID=51858) to work on /home/airflow/.local/lib/python3.7/site-packages/airflow/example_dags/example_skip_dag.py
[2023-04-08 18:52:19,527] {processor.py:641} INFO - Processing file /home/airflow/.local/lib/python3.7/site-packages/airflow/example_dags/example_skip_dag.py for tasks to queue
[2023-04-08 18:52:19,528] {logging_mixin.py:115} INFO - [2023-04-08 18:52:19,528] {dagbag.py:507} INFO - Filling up the DagBag from /home/airflow/.local/lib/python3.7/site-packages/airflow/example_dags/example_skip_dag.py
[2023-04-08 18:52:19,534] {processor.py:651} INFO - DAG(s) dict_keys(['example_skip_dag']) retrieved from /home/airflow/.local/lib/python3.7/site-packages/airflow/example_dags/example_skip_dag.py
[2023-04-08 18:52:19,579] {logging_mixin.py:115} INFO - [2023-04-08 18:52:19,579] {dag.py:2371} INFO - Sync 1 DAGs
[2023-04-08 18:52:19,621] {logging_mixin.py:115} INFO - [2023-04-08 18:52:19,621] {dag.py:2919} INFO - Setting next_dagrun for example_skip_dag to 2023-04-07T18:52:19.621019+00:00, run_after=2023-04-08T18:52:19.621019+00:00
[2023-04-08 18:52:19,638] {processor.py:161} INFO - Processing /home/airflow/.local/lib/python3.7/site-packages/airflow/example_dags/example_skip_dag.py took 0.127 seconds
[2023-04-08 20:00:23,854] {processor.py:153} INFO - Started process (PID=51919) to work on /home/airflow/.local/lib/python3.7/site-packages/airflow/example_dags/example_skip_dag.py
[2023-04-08 20:00:23,858] {processor.py:641} INFO - Processing file /home/airflow/.local/lib/python3.7/site-packages/airflow/example_dags/example_skip_dag.py for tasks to queue
[2023-04-08 20:00:23,864] {logging_mixin.py:115} INFO - [2023-04-08 20:00:23,864] {dagbag.py:507} INFO - Filling up the DagBag from /home/airflow/.local/lib/python3.7/site-packages/airflow/example_dags/example_skip_dag.py
[2023-04-08 20:00:23,874] {processor.py:651} INFO - DAG(s) dict_keys(['example_skip_dag']) retrieved from /home/airflow/.local/lib/python3.7/site-packages/airflow/example_dags/example_skip_dag.py
[2023-04-08 20:00:23,932] {logging_mixin.py:115} INFO - [2023-04-08 20:00:23,932] {dag.py:2371} INFO - Sync 1 DAGs
[2023-04-08 20:00:23,979] {logging_mixin.py:115} INFO - [2023-04-08 20:00:23,979] {dag.py:2919} INFO - Setting next_dagrun for example_skip_dag to 2023-04-07T20:00:23.978988+00:00, run_after=2023-04-08T20:00:23.978988+00:00
[2023-04-08 20:00:23,995] {processor.py:161} INFO - Processing /home/airflow/.local/lib/python3.7/site-packages/airflow/example_dags/example_skip_dag.py took 0.149 seconds
[2023-04-08 20:00:54,467] {processor.py:153} INFO - Started process (PID=51972) to work on /home/airflow/.local/lib/python3.7/site-packages/airflow/example_dags/example_skip_dag.py
[2023-04-08 20:00:54,468] {processor.py:641} INFO - Processing file /home/airflow/.local/lib/python3.7/site-packages/airflow/example_dags/example_skip_dag.py for tasks to queue
[2023-04-08 20:00:54,468] {logging_mixin.py:115} INFO - [2023-04-08 20:00:54,468] {dagbag.py:507} INFO - Filling up the DagBag from /home/airflow/.local/lib/python3.7/site-packages/airflow/example_dags/example_skip_dag.py
[2023-04-08 20:00:54,471] {processor.py:651} INFO - DAG(s) dict_keys(['example_skip_dag']) retrieved from /home/airflow/.local/lib/python3.7/site-packages/airflow/example_dags/example_skip_dag.py
[2023-04-08 20:00:54,488] {logging_mixin.py:115} INFO - [2023-04-08 20:00:54,488] {dag.py:2371} INFO - Sync 1 DAGs
[2023-04-08 20:00:54,500] {logging_mixin.py:115} INFO - [2023-04-08 20:00:54,499] {dag.py:2919} INFO - Setting next_dagrun for example_skip_dag to 2023-04-07T20:00:54.499819+00:00, run_after=2023-04-08T20:00:54.499819+00:00
[2023-04-08 20:00:54,505] {processor.py:161} INFO - Processing /home/airflow/.local/lib/python3.7/site-packages/airflow/example_dags/example_skip_dag.py took 0.040 seconds
[2023-04-08 20:49:44,183] {processor.py:153} INFO - Started process (PID=52034) to work on /home/airflow/.local/lib/python3.7/site-packages/airflow/example_dags/example_skip_dag.py
[2023-04-08 20:49:44,185] {processor.py:641} INFO - Processing file /home/airflow/.local/lib/python3.7/site-packages/airflow/example_dags/example_skip_dag.py for tasks to queue
[2023-04-08 20:49:44,186] {logging_mixin.py:115} INFO - [2023-04-08 20:49:44,186] {dagbag.py:507} INFO - Filling up the DagBag from /home/airflow/.local/lib/python3.7/site-packages/airflow/example_dags/example_skip_dag.py
[2023-04-08 20:49:44,192] {processor.py:651} INFO - DAG(s) dict_keys(['example_skip_dag']) retrieved from /home/airflow/.local/lib/python3.7/site-packages/airflow/example_dags/example_skip_dag.py
[2023-04-08 20:49:44,211] {logging_mixin.py:115} INFO - [2023-04-08 20:49:44,211] {dag.py:2371} INFO - Sync 1 DAGs
[2023-04-08 20:49:44,223] {logging_mixin.py:115} INFO - [2023-04-08 20:49:44,223] {dag.py:2919} INFO - Setting next_dagrun for example_skip_dag to 2023-04-07T20:49:44.223530+00:00, run_after=2023-04-08T20:49:44.223530+00:00
[2023-04-08 20:49:44,230] {processor.py:161} INFO - Processing /home/airflow/.local/lib/python3.7/site-packages/airflow/example_dags/example_skip_dag.py took 0.051 seconds
[2023-04-08 22:14:43,118] {processor.py:153} INFO - Started process (PID=52096) to work on /home/airflow/.local/lib/python3.7/site-packages/airflow/example_dags/example_skip_dag.py
[2023-04-08 22:14:43,120] {processor.py:641} INFO - Processing file /home/airflow/.local/lib/python3.7/site-packages/airflow/example_dags/example_skip_dag.py for tasks to queue
[2023-04-08 22:14:43,121] {logging_mixin.py:115} INFO - [2023-04-08 22:14:43,121] {dagbag.py:507} INFO - Filling up the DagBag from /home/airflow/.local/lib/python3.7/site-packages/airflow/example_dags/example_skip_dag.py
[2023-04-08 22:14:43,133] {processor.py:651} INFO - DAG(s) dict_keys(['example_skip_dag']) retrieved from /home/airflow/.local/lib/python3.7/site-packages/airflow/example_dags/example_skip_dag.py
[2023-04-08 22:14:43,223] {logging_mixin.py:115} INFO - [2023-04-08 22:14:43,223] {dag.py:2371} INFO - Sync 1 DAGs
[2023-04-08 22:14:43,259] {logging_mixin.py:115} INFO - [2023-04-08 22:14:43,259] {dag.py:2919} INFO - Setting next_dagrun for example_skip_dag to 2023-04-07T22:14:43.258840+00:00, run_after=2023-04-08T22:14:43.258840+00:00
[2023-04-08 22:14:43,304] {processor.py:161} INFO - Processing /home/airflow/.local/lib/python3.7/site-packages/airflow/example_dags/example_skip_dag.py took 0.189 seconds
[2023-04-08 23:20:16,613] {processor.py:153} INFO - Started process (PID=52158) to work on /home/airflow/.local/lib/python3.7/site-packages/airflow/example_dags/example_skip_dag.py
[2023-04-08 23:20:16,616] {processor.py:641} INFO - Processing file /home/airflow/.local/lib/python3.7/site-packages/airflow/example_dags/example_skip_dag.py for tasks to queue
[2023-04-08 23:20:16,624] {logging_mixin.py:115} INFO - [2023-04-08 23:20:16,624] {dagbag.py:507} INFO - Filling up the DagBag from /home/airflow/.local/lib/python3.7/site-packages/airflow/example_dags/example_skip_dag.py
[2023-04-08 23:20:16,632] {processor.py:651} INFO - DAG(s) dict_keys(['example_skip_dag']) retrieved from /home/airflow/.local/lib/python3.7/site-packages/airflow/example_dags/example_skip_dag.py
[2023-04-08 23:20:16,688] {logging_mixin.py:115} INFO - [2023-04-08 23:20:16,688] {dag.py:2371} INFO - Sync 1 DAGs
[2023-04-08 23:20:16,715] {logging_mixin.py:115} INFO - [2023-04-08 23:20:16,715] {dag.py:2919} INFO - Setting next_dagrun for example_skip_dag to 2023-04-07T23:20:16.715398+00:00, run_after=2023-04-08T23:20:16.715398+00:00
[2023-04-08 23:20:16,739] {processor.py:161} INFO - Processing /home/airflow/.local/lib/python3.7/site-packages/airflow/example_dags/example_skip_dag.py took 0.135 seconds
