[2023-04-08 00:00:27,660] {processor.py:153} INFO - Started process (PID=50725) to work on /home/airflow/.local/lib/python3.7/site-packages/airflow/example_dags/example_external_task_marker_dag.py
[2023-04-08 00:00:27,661] {processor.py:641} INFO - Processing file /home/airflow/.local/lib/python3.7/site-packages/airflow/example_dags/example_external_task_marker_dag.py for tasks to queue
[2023-04-08 00:00:27,662] {logging_mixin.py:115} INFO - [2023-04-08 00:00:27,662] {dagbag.py:507} INFO - Filling up the DagBag from /home/airflow/.local/lib/python3.7/site-packages/airflow/example_dags/example_external_task_marker_dag.py
[2023-04-08 00:00:27,668] {processor.py:651} INFO - DAG(s) dict_keys(['example_external_task_marker_parent', 'example_external_task_marker_child']) retrieved from /home/airflow/.local/lib/python3.7/site-packages/airflow/example_dags/example_external_task_marker_dag.py
[2023-04-08 00:00:27,702] {logging_mixin.py:115} INFO - [2023-04-08 00:00:27,702] {dag.py:2371} INFO - Sync 2 DAGs
[2023-04-08 00:00:27,713] {logging_mixin.py:115} INFO - [2023-04-08 00:00:27,713] {dag.py:2919} INFO - Setting next_dagrun for example_external_task_marker_child to None, run_after=None
[2023-04-08 00:00:27,713] {logging_mixin.py:115} INFO - [2023-04-08 00:00:27,713] {dag.py:2919} INFO - Setting next_dagrun for example_external_task_marker_parent to None, run_after=None
[2023-04-08 00:00:27,720] {processor.py:161} INFO - Processing /home/airflow/.local/lib/python3.7/site-packages/airflow/example_dags/example_external_task_marker_dag.py took 0.063 seconds
[2023-04-08 01:09:12,646] {processor.py:153} INFO - Started process (PID=50786) to work on /home/airflow/.local/lib/python3.7/site-packages/airflow/example_dags/example_external_task_marker_dag.py
[2023-04-08 01:09:12,646] {processor.py:641} INFO - Processing file /home/airflow/.local/lib/python3.7/site-packages/airflow/example_dags/example_external_task_marker_dag.py for tasks to queue
[2023-04-08 01:09:12,647] {logging_mixin.py:115} INFO - [2023-04-08 01:09:12,647] {dagbag.py:507} INFO - Filling up the DagBag from /home/airflow/.local/lib/python3.7/site-packages/airflow/example_dags/example_external_task_marker_dag.py
[2023-04-08 01:09:12,650] {processor.py:651} INFO - DAG(s) dict_keys(['example_external_task_marker_parent', 'example_external_task_marker_child']) retrieved from /home/airflow/.local/lib/python3.7/site-packages/airflow/example_dags/example_external_task_marker_dag.py
[2023-04-08 01:09:12,688] {logging_mixin.py:115} INFO - [2023-04-08 01:09:12,688] {dag.py:2371} INFO - Sync 2 DAGs
[2023-04-08 01:09:12,700] {logging_mixin.py:115} INFO - [2023-04-08 01:09:12,700] {dag.py:2919} INFO - Setting next_dagrun for example_external_task_marker_child to None, run_after=None
[2023-04-08 01:09:12,700] {logging_mixin.py:115} INFO - [2023-04-08 01:09:12,700] {dag.py:2919} INFO - Setting next_dagrun for example_external_task_marker_parent to None, run_after=None
[2023-04-08 01:09:12,706] {processor.py:161} INFO - Processing /home/airflow/.local/lib/python3.7/site-packages/airflow/example_dags/example_external_task_marker_dag.py took 0.063 seconds
[2023-04-08 02:16:03,391] {processor.py:153} INFO - Started process (PID=50840) to work on /home/airflow/.local/lib/python3.7/site-packages/airflow/example_dags/example_external_task_marker_dag.py
[2023-04-08 02:16:03,392] {processor.py:641} INFO - Processing file /home/airflow/.local/lib/python3.7/site-packages/airflow/example_dags/example_external_task_marker_dag.py for tasks to queue
[2023-04-08 02:16:03,392] {logging_mixin.py:115} INFO - [2023-04-08 02:16:03,392] {dagbag.py:507} INFO - Filling up the DagBag from /home/airflow/.local/lib/python3.7/site-packages/airflow/example_dags/example_external_task_marker_dag.py
[2023-04-08 02:16:03,396] {processor.py:651} INFO - DAG(s) dict_keys(['example_external_task_marker_parent', 'example_external_task_marker_child']) retrieved from /home/airflow/.local/lib/python3.7/site-packages/airflow/example_dags/example_external_task_marker_dag.py
[2023-04-08 02:16:03,422] {logging_mixin.py:115} INFO - [2023-04-08 02:16:03,422] {dag.py:2371} INFO - Sync 2 DAGs
[2023-04-08 02:16:03,433] {logging_mixin.py:115} INFO - [2023-04-08 02:16:03,433] {dag.py:2919} INFO - Setting next_dagrun for example_external_task_marker_child to None, run_after=None
[2023-04-08 02:16:03,433] {logging_mixin.py:115} INFO - [2023-04-08 02:16:03,433] {dag.py:2919} INFO - Setting next_dagrun for example_external_task_marker_parent to None, run_after=None
[2023-04-08 02:16:03,438] {processor.py:161} INFO - Processing /home/airflow/.local/lib/python3.7/site-packages/airflow/example_dags/example_external_task_marker_dag.py took 0.051 seconds
[2023-04-08 03:21:44,463] {processor.py:153} INFO - Started process (PID=50902) to work on /home/airflow/.local/lib/python3.7/site-packages/airflow/example_dags/example_external_task_marker_dag.py
[2023-04-08 03:21:44,466] {processor.py:641} INFO - Processing file /home/airflow/.local/lib/python3.7/site-packages/airflow/example_dags/example_external_task_marker_dag.py for tasks to queue
[2023-04-08 03:21:44,466] {logging_mixin.py:115} INFO - [2023-04-08 03:21:44,466] {dagbag.py:507} INFO - Filling up the DagBag from /home/airflow/.local/lib/python3.7/site-packages/airflow/example_dags/example_external_task_marker_dag.py
[2023-04-08 03:21:44,470] {processor.py:651} INFO - DAG(s) dict_keys(['example_external_task_marker_parent', 'example_external_task_marker_child']) retrieved from /home/airflow/.local/lib/python3.7/site-packages/airflow/example_dags/example_external_task_marker_dag.py
[2023-04-08 03:21:44,515] {logging_mixin.py:115} INFO - [2023-04-08 03:21:44,515] {dag.py:2371} INFO - Sync 2 DAGs
[2023-04-08 03:21:44,533] {logging_mixin.py:115} INFO - [2023-04-08 03:21:44,533] {dag.py:2919} INFO - Setting next_dagrun for example_external_task_marker_child to None, run_after=None
[2023-04-08 03:21:44,534] {logging_mixin.py:115} INFO - [2023-04-08 03:21:44,534] {dag.py:2919} INFO - Setting next_dagrun for example_external_task_marker_parent to None, run_after=None
[2023-04-08 03:21:44,548] {processor.py:161} INFO - Processing /home/airflow/.local/lib/python3.7/site-packages/airflow/example_dags/example_external_task_marker_dag.py took 0.088 seconds
[2023-04-08 03:34:47,783] {processor.py:153} INFO - Started process (PID=50963) to work on /home/airflow/.local/lib/python3.7/site-packages/airflow/example_dags/example_external_task_marker_dag.py
[2023-04-08 03:34:47,784] {processor.py:641} INFO - Processing file /home/airflow/.local/lib/python3.7/site-packages/airflow/example_dags/example_external_task_marker_dag.py for tasks to queue
[2023-04-08 03:34:47,784] {logging_mixin.py:115} INFO - [2023-04-08 03:34:47,784] {dagbag.py:507} INFO - Filling up the DagBag from /home/airflow/.local/lib/python3.7/site-packages/airflow/example_dags/example_external_task_marker_dag.py
[2023-04-08 03:34:47,787] {processor.py:651} INFO - DAG(s) dict_keys(['example_external_task_marker_parent', 'example_external_task_marker_child']) retrieved from /home/airflow/.local/lib/python3.7/site-packages/airflow/example_dags/example_external_task_marker_dag.py
[2023-04-08 03:34:47,813] {logging_mixin.py:115} INFO - [2023-04-08 03:34:47,813] {dag.py:2371} INFO - Sync 2 DAGs
[2023-04-08 03:34:47,825] {logging_mixin.py:115} INFO - [2023-04-08 03:34:47,825] {dag.py:2919} INFO - Setting next_dagrun for example_external_task_marker_child to None, run_after=None
[2023-04-08 03:34:47,825] {logging_mixin.py:115} INFO - [2023-04-08 03:34:47,825] {dag.py:2919} INFO - Setting next_dagrun for example_external_task_marker_parent to None, run_after=None
[2023-04-08 03:34:47,831] {processor.py:161} INFO - Processing /home/airflow/.local/lib/python3.7/site-packages/airflow/example_dags/example_external_task_marker_dag.py took 0.050 seconds
[2023-04-08 04:06:58,127] {processor.py:153} INFO - Started process (PID=51025) to work on /home/airflow/.local/lib/python3.7/site-packages/airflow/example_dags/example_external_task_marker_dag.py
[2023-04-08 04:06:58,127] {processor.py:641} INFO - Processing file /home/airflow/.local/lib/python3.7/site-packages/airflow/example_dags/example_external_task_marker_dag.py for tasks to queue
[2023-04-08 04:06:58,128] {logging_mixin.py:115} INFO - [2023-04-08 04:06:58,128] {dagbag.py:507} INFO - Filling up the DagBag from /home/airflow/.local/lib/python3.7/site-packages/airflow/example_dags/example_external_task_marker_dag.py
[2023-04-08 04:06:58,131] {processor.py:651} INFO - DAG(s) dict_keys(['example_external_task_marker_parent', 'example_external_task_marker_child']) retrieved from /home/airflow/.local/lib/python3.7/site-packages/airflow/example_dags/example_external_task_marker_dag.py
[2023-04-08 04:06:58,162] {logging_mixin.py:115} INFO - [2023-04-08 04:06:58,162] {dag.py:2371} INFO - Sync 2 DAGs
[2023-04-08 04:06:58,174] {logging_mixin.py:115} INFO - [2023-04-08 04:06:58,174] {dag.py:2919} INFO - Setting next_dagrun for example_external_task_marker_child to None, run_after=None
[2023-04-08 04:06:58,174] {logging_mixin.py:115} INFO - [2023-04-08 04:06:58,174] {dag.py:2919} INFO - Setting next_dagrun for example_external_task_marker_parent to None, run_after=None
[2023-04-08 04:06:58,180] {processor.py:161} INFO - Processing /home/airflow/.local/lib/python3.7/site-packages/airflow/example_dags/example_external_task_marker_dag.py took 0.056 seconds
[2023-04-08 05:27:57,495] {processor.py:153} INFO - Started process (PID=51088) to work on /home/airflow/.local/lib/python3.7/site-packages/airflow/example_dags/example_external_task_marker_dag.py
[2023-04-08 05:27:57,496] {processor.py:641} INFO - Processing file /home/airflow/.local/lib/python3.7/site-packages/airflow/example_dags/example_external_task_marker_dag.py for tasks to queue
[2023-04-08 05:27:57,497] {logging_mixin.py:115} INFO - [2023-04-08 05:27:57,497] {dagbag.py:507} INFO - Filling up the DagBag from /home/airflow/.local/lib/python3.7/site-packages/airflow/example_dags/example_external_task_marker_dag.py
[2023-04-08 05:27:57,500] {processor.py:651} INFO - DAG(s) dict_keys(['example_external_task_marker_parent', 'example_external_task_marker_child']) retrieved from /home/airflow/.local/lib/python3.7/site-packages/airflow/example_dags/example_external_task_marker_dag.py
[2023-04-08 05:27:57,528] {logging_mixin.py:115} INFO - [2023-04-08 05:27:57,528] {dag.py:2371} INFO - Sync 2 DAGs
[2023-04-08 05:27:57,539] {logging_mixin.py:115} INFO - [2023-04-08 05:27:57,539] {dag.py:2919} INFO - Setting next_dagrun for example_external_task_marker_child to None, run_after=None
[2023-04-08 05:27:57,540] {logging_mixin.py:115} INFO - [2023-04-08 05:27:57,540] {dag.py:2919} INFO - Setting next_dagrun for example_external_task_marker_parent to None, run_after=None
[2023-04-08 05:27:57,546] {processor.py:161} INFO - Processing /home/airflow/.local/lib/python3.7/site-packages/airflow/example_dags/example_external_task_marker_dag.py took 0.053 seconds
[2023-04-08 06:37:04,745] {processor.py:153} INFO - Started process (PID=51141) to work on /home/airflow/.local/lib/python3.7/site-packages/airflow/example_dags/example_external_task_marker_dag.py
[2023-04-08 06:37:04,745] {processor.py:641} INFO - Processing file /home/airflow/.local/lib/python3.7/site-packages/airflow/example_dags/example_external_task_marker_dag.py for tasks to queue
[2023-04-08 06:37:04,746] {logging_mixin.py:115} INFO - [2023-04-08 06:37:04,746] {dagbag.py:507} INFO - Filling up the DagBag from /home/airflow/.local/lib/python3.7/site-packages/airflow/example_dags/example_external_task_marker_dag.py
[2023-04-08 06:37:04,749] {processor.py:651} INFO - DAG(s) dict_keys(['example_external_task_marker_parent', 'example_external_task_marker_child']) retrieved from /home/airflow/.local/lib/python3.7/site-packages/airflow/example_dags/example_external_task_marker_dag.py
[2023-04-08 06:37:04,774] {logging_mixin.py:115} INFO - [2023-04-08 06:37:04,774] {dag.py:2371} INFO - Sync 2 DAGs
[2023-04-08 06:37:04,785] {logging_mixin.py:115} INFO - [2023-04-08 06:37:04,785] {dag.py:2919} INFO - Setting next_dagrun for example_external_task_marker_child to None, run_after=None
[2023-04-08 06:37:04,785] {logging_mixin.py:115} INFO - [2023-04-08 06:37:04,785] {dag.py:2919} INFO - Setting next_dagrun for example_external_task_marker_parent to None, run_after=None
[2023-04-08 06:37:04,796] {processor.py:161} INFO - Processing /home/airflow/.local/lib/python3.7/site-packages/airflow/example_dags/example_external_task_marker_dag.py took 0.054 seconds
[2023-04-08 07:39:08,973] {processor.py:153} INFO - Started process (PID=51202) to work on /home/airflow/.local/lib/python3.7/site-packages/airflow/example_dags/example_external_task_marker_dag.py
[2023-04-08 07:39:08,974] {processor.py:641} INFO - Processing file /home/airflow/.local/lib/python3.7/site-packages/airflow/example_dags/example_external_task_marker_dag.py for tasks to queue
[2023-04-08 07:39:08,975] {logging_mixin.py:115} INFO - [2023-04-08 07:39:08,975] {dagbag.py:507} INFO - Filling up the DagBag from /home/airflow/.local/lib/python3.7/site-packages/airflow/example_dags/example_external_task_marker_dag.py
[2023-04-08 07:39:08,978] {processor.py:651} INFO - DAG(s) dict_keys(['example_external_task_marker_parent', 'example_external_task_marker_child']) retrieved from /home/airflow/.local/lib/python3.7/site-packages/airflow/example_dags/example_external_task_marker_dag.py
[2023-04-08 07:39:09,027] {logging_mixin.py:115} INFO - [2023-04-08 07:39:09,026] {dag.py:2371} INFO - Sync 2 DAGs
[2023-04-08 07:39:09,046] {logging_mixin.py:115} INFO - [2023-04-08 07:39:09,046] {dag.py:2919} INFO - Setting next_dagrun for example_external_task_marker_child to None, run_after=None
[2023-04-08 07:39:09,047] {logging_mixin.py:115} INFO - [2023-04-08 07:39:09,047] {dag.py:2919} INFO - Setting next_dagrun for example_external_task_marker_parent to None, run_after=None
[2023-04-08 07:39:09,056] {processor.py:161} INFO - Processing /home/airflow/.local/lib/python3.7/site-packages/airflow/example_dags/example_external_task_marker_dag.py took 0.086 seconds
[2023-04-08 09:01:42,196] {processor.py:153} INFO - Started process (PID=51264) to work on /home/airflow/.local/lib/python3.7/site-packages/airflow/example_dags/example_external_task_marker_dag.py
[2023-04-08 09:01:42,197] {processor.py:641} INFO - Processing file /home/airflow/.local/lib/python3.7/site-packages/airflow/example_dags/example_external_task_marker_dag.py for tasks to queue
[2023-04-08 09:01:42,197] {logging_mixin.py:115} INFO - [2023-04-08 09:01:42,197] {dagbag.py:507} INFO - Filling up the DagBag from /home/airflow/.local/lib/python3.7/site-packages/airflow/example_dags/example_external_task_marker_dag.py
[2023-04-08 09:01:42,200] {processor.py:651} INFO - DAG(s) dict_keys(['example_external_task_marker_parent', 'example_external_task_marker_child']) retrieved from /home/airflow/.local/lib/python3.7/site-packages/airflow/example_dags/example_external_task_marker_dag.py
[2023-04-08 09:01:42,226] {logging_mixin.py:115} INFO - [2023-04-08 09:01:42,226] {dag.py:2371} INFO - Sync 2 DAGs
[2023-04-08 09:01:42,236] {logging_mixin.py:115} INFO - [2023-04-08 09:01:42,236] {dag.py:2919} INFO - Setting next_dagrun for example_external_task_marker_child to None, run_after=None
[2023-04-08 09:01:42,237] {logging_mixin.py:115} INFO - [2023-04-08 09:01:42,237] {dag.py:2919} INFO - Setting next_dagrun for example_external_task_marker_parent to None, run_after=None
[2023-04-08 09:01:42,243] {processor.py:161} INFO - Processing /home/airflow/.local/lib/python3.7/site-packages/airflow/example_dags/example_external_task_marker_dag.py took 0.049 seconds
[2023-04-08 10:07:01,371] {processor.py:153} INFO - Started process (PID=51326) to work on /home/airflow/.local/lib/python3.7/site-packages/airflow/example_dags/example_external_task_marker_dag.py
[2023-04-08 10:07:01,373] {processor.py:641} INFO - Processing file /home/airflow/.local/lib/python3.7/site-packages/airflow/example_dags/example_external_task_marker_dag.py for tasks to queue
[2023-04-08 10:07:01,374] {logging_mixin.py:115} INFO - [2023-04-08 10:07:01,374] {dagbag.py:507} INFO - Filling up the DagBag from /home/airflow/.local/lib/python3.7/site-packages/airflow/example_dags/example_external_task_marker_dag.py
[2023-04-08 10:07:01,381] {processor.py:651} INFO - DAG(s) dict_keys(['example_external_task_marker_parent', 'example_external_task_marker_child']) retrieved from /home/airflow/.local/lib/python3.7/site-packages/airflow/example_dags/example_external_task_marker_dag.py
[2023-04-08 10:07:01,434] {logging_mixin.py:115} INFO - [2023-04-08 10:07:01,434] {dag.py:2371} INFO - Sync 2 DAGs
[2023-04-08 10:07:01,455] {logging_mixin.py:115} INFO - [2023-04-08 10:07:01,455] {dag.py:2919} INFO - Setting next_dagrun for example_external_task_marker_child to None, run_after=None
[2023-04-08 10:07:01,455] {logging_mixin.py:115} INFO - [2023-04-08 10:07:01,455] {dag.py:2919} INFO - Setting next_dagrun for example_external_task_marker_parent to None, run_after=None
[2023-04-08 10:07:01,467] {processor.py:161} INFO - Processing /home/airflow/.local/lib/python3.7/site-packages/airflow/example_dags/example_external_task_marker_dag.py took 0.101 seconds
[2023-04-08 11:14:34,809] {processor.py:153} INFO - Started process (PID=51388) to work on /home/airflow/.local/lib/python3.7/site-packages/airflow/example_dags/example_external_task_marker_dag.py
[2023-04-08 11:14:34,810] {processor.py:641} INFO - Processing file /home/airflow/.local/lib/python3.7/site-packages/airflow/example_dags/example_external_task_marker_dag.py for tasks to queue
[2023-04-08 11:14:34,811] {logging_mixin.py:115} INFO - [2023-04-08 11:14:34,811] {dagbag.py:507} INFO - Filling up the DagBag from /home/airflow/.local/lib/python3.7/site-packages/airflow/example_dags/example_external_task_marker_dag.py
[2023-04-08 11:14:34,815] {processor.py:651} INFO - DAG(s) dict_keys(['example_external_task_marker_parent', 'example_external_task_marker_child']) retrieved from /home/airflow/.local/lib/python3.7/site-packages/airflow/example_dags/example_external_task_marker_dag.py
[2023-04-08 11:14:34,849] {logging_mixin.py:115} INFO - [2023-04-08 11:14:34,848] {dag.py:2371} INFO - Sync 2 DAGs
[2023-04-08 11:14:34,868] {logging_mixin.py:115} INFO - [2023-04-08 11:14:34,868] {dag.py:2919} INFO - Setting next_dagrun for example_external_task_marker_child to None, run_after=None
[2023-04-08 11:14:34,869] {logging_mixin.py:115} INFO - [2023-04-08 11:14:34,869] {dag.py:2919} INFO - Setting next_dagrun for example_external_task_marker_parent to None, run_after=None
[2023-04-08 11:14:34,877] {processor.py:161} INFO - Processing /home/airflow/.local/lib/python3.7/site-packages/airflow/example_dags/example_external_task_marker_dag.py took 0.071 seconds
[2023-04-08 11:47:32,891] {processor.py:153} INFO - Started process (PID=51441) to work on /home/airflow/.local/lib/python3.7/site-packages/airflow/example_dags/example_external_task_marker_dag.py
[2023-04-08 11:47:32,895] {processor.py:641} INFO - Processing file /home/airflow/.local/lib/python3.7/site-packages/airflow/example_dags/example_external_task_marker_dag.py for tasks to queue
[2023-04-08 11:47:32,896] {logging_mixin.py:115} INFO - [2023-04-08 11:47:32,896] {dagbag.py:507} INFO - Filling up the DagBag from /home/airflow/.local/lib/python3.7/site-packages/airflow/example_dags/example_external_task_marker_dag.py
[2023-04-08 11:47:32,900] {processor.py:651} INFO - DAG(s) dict_keys(['example_external_task_marker_parent', 'example_external_task_marker_child']) retrieved from /home/airflow/.local/lib/python3.7/site-packages/airflow/example_dags/example_external_task_marker_dag.py
[2023-04-08 11:47:32,940] {logging_mixin.py:115} INFO - [2023-04-08 11:47:32,940] {dag.py:2371} INFO - Sync 2 DAGs
[2023-04-08 11:47:32,958] {logging_mixin.py:115} INFO - [2023-04-08 11:47:32,958] {dag.py:2919} INFO - Setting next_dagrun for example_external_task_marker_child to None, run_after=None
[2023-04-08 11:47:32,959] {logging_mixin.py:115} INFO - [2023-04-08 11:47:32,959] {dag.py:2919} INFO - Setting next_dagrun for example_external_task_marker_parent to None, run_after=None
[2023-04-08 11:47:32,964] {processor.py:161} INFO - Processing /home/airflow/.local/lib/python3.7/site-packages/airflow/example_dags/example_external_task_marker_dag.py took 0.076 seconds
[2023-04-08 11:48:03,451] {processor.py:153} INFO - Started process (PID=51504) to work on /home/airflow/.local/lib/python3.7/site-packages/airflow/example_dags/example_external_task_marker_dag.py
[2023-04-08 11:48:03,452] {processor.py:641} INFO - Processing file /home/airflow/.local/lib/python3.7/site-packages/airflow/example_dags/example_external_task_marker_dag.py for tasks to queue
[2023-04-08 11:48:03,452] {logging_mixin.py:115} INFO - [2023-04-08 11:48:03,452] {dagbag.py:507} INFO - Filling up the DagBag from /home/airflow/.local/lib/python3.7/site-packages/airflow/example_dags/example_external_task_marker_dag.py
[2023-04-08 11:48:03,455] {processor.py:651} INFO - DAG(s) dict_keys(['example_external_task_marker_parent', 'example_external_task_marker_child']) retrieved from /home/airflow/.local/lib/python3.7/site-packages/airflow/example_dags/example_external_task_marker_dag.py
[2023-04-08 11:48:03,692] {logging_mixin.py:115} INFO - [2023-04-08 11:48:03,692] {dag.py:2371} INFO - Sync 2 DAGs
[2023-04-08 11:48:03,716] {logging_mixin.py:115} INFO - [2023-04-08 11:48:03,716] {dag.py:2919} INFO - Setting next_dagrun for example_external_task_marker_child to None, run_after=None
[2023-04-08 11:48:03,717] {logging_mixin.py:115} INFO - [2023-04-08 11:48:03,717] {dag.py:2919} INFO - Setting next_dagrun for example_external_task_marker_parent to None, run_after=None
[2023-04-08 11:48:03,728] {processor.py:161} INFO - Processing /home/airflow/.local/lib/python3.7/site-packages/airflow/example_dags/example_external_task_marker_dag.py took 0.280 seconds
[2023-04-08 12:54:20,108] {processor.py:153} INFO - Started process (PID=51565) to work on /home/airflow/.local/lib/python3.7/site-packages/airflow/example_dags/example_external_task_marker_dag.py
[2023-04-08 12:54:20,109] {processor.py:641} INFO - Processing file /home/airflow/.local/lib/python3.7/site-packages/airflow/example_dags/example_external_task_marker_dag.py for tasks to queue
[2023-04-08 12:54:20,109] {logging_mixin.py:115} INFO - [2023-04-08 12:54:20,109] {dagbag.py:507} INFO - Filling up the DagBag from /home/airflow/.local/lib/python3.7/site-packages/airflow/example_dags/example_external_task_marker_dag.py
[2023-04-08 12:54:20,112] {processor.py:651} INFO - DAG(s) dict_keys(['example_external_task_marker_parent', 'example_external_task_marker_child']) retrieved from /home/airflow/.local/lib/python3.7/site-packages/airflow/example_dags/example_external_task_marker_dag.py
[2023-04-08 12:54:20,139] {logging_mixin.py:115} INFO - [2023-04-08 12:54:20,139] {dag.py:2371} INFO - Sync 2 DAGs
[2023-04-08 12:54:20,150] {logging_mixin.py:115} INFO - [2023-04-08 12:54:20,150] {dag.py:2919} INFO - Setting next_dagrun for example_external_task_marker_child to None, run_after=None
[2023-04-08 12:54:20,151] {logging_mixin.py:115} INFO - [2023-04-08 12:54:20,151] {dag.py:2919} INFO - Setting next_dagrun for example_external_task_marker_parent to None, run_after=None
[2023-04-08 12:54:20,156] {processor.py:161} INFO - Processing /home/airflow/.local/lib/python3.7/site-packages/airflow/example_dags/example_external_task_marker_dag.py took 0.051 seconds
[2023-04-08 14:13:38,916] {processor.py:153} INFO - Started process (PID=51627) to work on /home/airflow/.local/lib/python3.7/site-packages/airflow/example_dags/example_external_task_marker_dag.py
[2023-04-08 14:13:38,917] {processor.py:641} INFO - Processing file /home/airflow/.local/lib/python3.7/site-packages/airflow/example_dags/example_external_task_marker_dag.py for tasks to queue
[2023-04-08 14:13:38,918] {logging_mixin.py:115} INFO - [2023-04-08 14:13:38,918] {dagbag.py:507} INFO - Filling up the DagBag from /home/airflow/.local/lib/python3.7/site-packages/airflow/example_dags/example_external_task_marker_dag.py
[2023-04-08 14:13:38,921] {processor.py:651} INFO - DAG(s) dict_keys(['example_external_task_marker_parent', 'example_external_task_marker_child']) retrieved from /home/airflow/.local/lib/python3.7/site-packages/airflow/example_dags/example_external_task_marker_dag.py
[2023-04-08 14:13:38,986] {logging_mixin.py:115} INFO - [2023-04-08 14:13:38,986] {dag.py:2371} INFO - Sync 2 DAGs
[2023-04-08 14:13:39,015] {logging_mixin.py:115} INFO - [2023-04-08 14:13:39,015] {dag.py:2919} INFO - Setting next_dagrun for example_external_task_marker_child to None, run_after=None
[2023-04-08 14:13:39,016] {logging_mixin.py:115} INFO - [2023-04-08 14:13:39,016] {dag.py:2919} INFO - Setting next_dagrun for example_external_task_marker_parent to None, run_after=None
[2023-04-08 14:13:39,029] {processor.py:161} INFO - Processing /home/airflow/.local/lib/python3.7/site-packages/airflow/example_dags/example_external_task_marker_dag.py took 0.116 seconds
[2023-04-08 15:21:18,070] {processor.py:153} INFO - Started process (PID=51680) to work on /home/airflow/.local/lib/python3.7/site-packages/airflow/example_dags/example_external_task_marker_dag.py
[2023-04-08 15:21:18,071] {processor.py:641} INFO - Processing file /home/airflow/.local/lib/python3.7/site-packages/airflow/example_dags/example_external_task_marker_dag.py for tasks to queue
[2023-04-08 15:21:18,072] {logging_mixin.py:115} INFO - [2023-04-08 15:21:18,072] {dagbag.py:507} INFO - Filling up the DagBag from /home/airflow/.local/lib/python3.7/site-packages/airflow/example_dags/example_external_task_marker_dag.py
[2023-04-08 15:21:18,075] {processor.py:651} INFO - DAG(s) dict_keys(['example_external_task_marker_parent', 'example_external_task_marker_child']) retrieved from /home/airflow/.local/lib/python3.7/site-packages/airflow/example_dags/example_external_task_marker_dag.py
[2023-04-08 15:21:18,102] {logging_mixin.py:115} INFO - [2023-04-08 15:21:18,102] {dag.py:2371} INFO - Sync 2 DAGs
[2023-04-08 15:21:18,114] {logging_mixin.py:115} INFO - [2023-04-08 15:21:18,114] {dag.py:2919} INFO - Setting next_dagrun for example_external_task_marker_child to None, run_after=None
[2023-04-08 15:21:18,114] {logging_mixin.py:115} INFO - [2023-04-08 15:21:18,114] {dag.py:2919} INFO - Setting next_dagrun for example_external_task_marker_parent to None, run_after=None
[2023-04-08 15:21:18,121] {processor.py:161} INFO - Processing /home/airflow/.local/lib/python3.7/site-packages/airflow/example_dags/example_external_task_marker_dag.py took 0.052 seconds
[2023-04-08 16:24:53,698] {processor.py:153} INFO - Started process (PID=51742) to work on /home/airflow/.local/lib/python3.7/site-packages/airflow/example_dags/example_external_task_marker_dag.py
[2023-04-08 16:24:53,700] {processor.py:641} INFO - Processing file /home/airflow/.local/lib/python3.7/site-packages/airflow/example_dags/example_external_task_marker_dag.py for tasks to queue
[2023-04-08 16:24:53,701] {logging_mixin.py:115} INFO - [2023-04-08 16:24:53,701] {dagbag.py:507} INFO - Filling up the DagBag from /home/airflow/.local/lib/python3.7/site-packages/airflow/example_dags/example_external_task_marker_dag.py
[2023-04-08 16:24:53,705] {processor.py:651} INFO - DAG(s) dict_keys(['example_external_task_marker_parent', 'example_external_task_marker_child']) retrieved from /home/airflow/.local/lib/python3.7/site-packages/airflow/example_dags/example_external_task_marker_dag.py
[2023-04-08 16:24:53,771] {logging_mixin.py:115} INFO - [2023-04-08 16:24:53,771] {dag.py:2371} INFO - Sync 2 DAGs
[2023-04-08 16:24:53,793] {logging_mixin.py:115} INFO - [2023-04-08 16:24:53,793] {dag.py:2919} INFO - Setting next_dagrun for example_external_task_marker_child to None, run_after=None
[2023-04-08 16:24:53,793] {logging_mixin.py:115} INFO - [2023-04-08 16:24:53,793] {dag.py:2919} INFO - Setting next_dagrun for example_external_task_marker_parent to None, run_after=None
[2023-04-08 16:24:53,807] {processor.py:161} INFO - Processing /home/airflow/.local/lib/python3.7/site-packages/airflow/example_dags/example_external_task_marker_dag.py took 0.112 seconds
[2023-04-08 17:46:20,889] {processor.py:153} INFO - Started process (PID=51804) to work on /home/airflow/.local/lib/python3.7/site-packages/airflow/example_dags/example_external_task_marker_dag.py
[2023-04-08 17:46:20,890] {processor.py:641} INFO - Processing file /home/airflow/.local/lib/python3.7/site-packages/airflow/example_dags/example_external_task_marker_dag.py for tasks to queue
[2023-04-08 17:46:20,891] {logging_mixin.py:115} INFO - [2023-04-08 17:46:20,891] {dagbag.py:507} INFO - Filling up the DagBag from /home/airflow/.local/lib/python3.7/site-packages/airflow/example_dags/example_external_task_marker_dag.py
[2023-04-08 17:46:20,894] {processor.py:651} INFO - DAG(s) dict_keys(['example_external_task_marker_parent', 'example_external_task_marker_child']) retrieved from /home/airflow/.local/lib/python3.7/site-packages/airflow/example_dags/example_external_task_marker_dag.py
[2023-04-08 17:46:20,919] {logging_mixin.py:115} INFO - [2023-04-08 17:46:20,919] {dag.py:2371} INFO - Sync 2 DAGs
[2023-04-08 17:46:20,931] {logging_mixin.py:115} INFO - [2023-04-08 17:46:20,930] {dag.py:2919} INFO - Setting next_dagrun for example_external_task_marker_child to None, run_after=None
[2023-04-08 17:46:20,931] {logging_mixin.py:115} INFO - [2023-04-08 17:46:20,931] {dag.py:2919} INFO - Setting next_dagrun for example_external_task_marker_parent to None, run_after=None
[2023-04-08 17:46:20,937] {processor.py:161} INFO - Processing /home/airflow/.local/lib/python3.7/site-packages/airflow/example_dags/example_external_task_marker_dag.py took 0.050 seconds
[2023-04-08 18:52:20,260] {processor.py:153} INFO - Started process (PID=51866) to work on /home/airflow/.local/lib/python3.7/site-packages/airflow/example_dags/example_external_task_marker_dag.py
[2023-04-08 18:52:20,261] {processor.py:641} INFO - Processing file /home/airflow/.local/lib/python3.7/site-packages/airflow/example_dags/example_external_task_marker_dag.py for tasks to queue
[2023-04-08 18:52:20,262] {logging_mixin.py:115} INFO - [2023-04-08 18:52:20,262] {dagbag.py:507} INFO - Filling up the DagBag from /home/airflow/.local/lib/python3.7/site-packages/airflow/example_dags/example_external_task_marker_dag.py
[2023-04-08 18:52:20,265] {processor.py:651} INFO - DAG(s) dict_keys(['example_external_task_marker_parent', 'example_external_task_marker_child']) retrieved from /home/airflow/.local/lib/python3.7/site-packages/airflow/example_dags/example_external_task_marker_dag.py
[2023-04-08 18:52:20,292] {logging_mixin.py:115} INFO - [2023-04-08 18:52:20,292] {dag.py:2371} INFO - Sync 2 DAGs
[2023-04-08 18:52:20,302] {logging_mixin.py:115} INFO - [2023-04-08 18:52:20,302] {dag.py:2919} INFO - Setting next_dagrun for example_external_task_marker_child to None, run_after=None
[2023-04-08 18:52:20,303] {logging_mixin.py:115} INFO - [2023-04-08 18:52:20,303] {dag.py:2919} INFO - Setting next_dagrun for example_external_task_marker_parent to None, run_after=None
[2023-04-08 18:52:20,308] {processor.py:161} INFO - Processing /home/airflow/.local/lib/python3.7/site-packages/airflow/example_dags/example_external_task_marker_dag.py took 0.050 seconds
[2023-04-08 20:00:24,313] {processor.py:153} INFO - Started process (PID=51927) to work on /home/airflow/.local/lib/python3.7/site-packages/airflow/example_dags/example_external_task_marker_dag.py
[2023-04-08 20:00:24,313] {processor.py:641} INFO - Processing file /home/airflow/.local/lib/python3.7/site-packages/airflow/example_dags/example_external_task_marker_dag.py for tasks to queue
[2023-04-08 20:00:24,314] {logging_mixin.py:115} INFO - [2023-04-08 20:00:24,314] {dagbag.py:507} INFO - Filling up the DagBag from /home/airflow/.local/lib/python3.7/site-packages/airflow/example_dags/example_external_task_marker_dag.py
[2023-04-08 20:00:24,317] {processor.py:651} INFO - DAG(s) dict_keys(['example_external_task_marker_parent', 'example_external_task_marker_child']) retrieved from /home/airflow/.local/lib/python3.7/site-packages/airflow/example_dags/example_external_task_marker_dag.py
[2023-04-08 20:00:24,342] {logging_mixin.py:115} INFO - [2023-04-08 20:00:24,342] {dag.py:2371} INFO - Sync 2 DAGs
[2023-04-08 20:00:24,353] {logging_mixin.py:115} INFO - [2023-04-08 20:00:24,353] {dag.py:2919} INFO - Setting next_dagrun for example_external_task_marker_child to None, run_after=None
[2023-04-08 20:00:24,353] {logging_mixin.py:115} INFO - [2023-04-08 20:00:24,353] {dag.py:2919} INFO - Setting next_dagrun for example_external_task_marker_parent to None, run_after=None
[2023-04-08 20:00:24,359] {processor.py:161} INFO - Processing /home/airflow/.local/lib/python3.7/site-packages/airflow/example_dags/example_external_task_marker_dag.py took 0.049 seconds
[2023-04-08 20:00:54,715] {processor.py:153} INFO - Started process (PID=51980) to work on /home/airflow/.local/lib/python3.7/site-packages/airflow/example_dags/example_external_task_marker_dag.py
[2023-04-08 20:00:54,716] {processor.py:641} INFO - Processing file /home/airflow/.local/lib/python3.7/site-packages/airflow/example_dags/example_external_task_marker_dag.py for tasks to queue
[2023-04-08 20:00:54,716] {logging_mixin.py:115} INFO - [2023-04-08 20:00:54,716] {dagbag.py:507} INFO - Filling up the DagBag from /home/airflow/.local/lib/python3.7/site-packages/airflow/example_dags/example_external_task_marker_dag.py
[2023-04-08 20:00:54,719] {processor.py:651} INFO - DAG(s) dict_keys(['example_external_task_marker_parent', 'example_external_task_marker_child']) retrieved from /home/airflow/.local/lib/python3.7/site-packages/airflow/example_dags/example_external_task_marker_dag.py
[2023-04-08 20:00:54,743] {logging_mixin.py:115} INFO - [2023-04-08 20:00:54,743] {dag.py:2371} INFO - Sync 2 DAGs
[2023-04-08 20:00:54,754] {logging_mixin.py:115} INFO - [2023-04-08 20:00:54,754] {dag.py:2919} INFO - Setting next_dagrun for example_external_task_marker_child to None, run_after=None
[2023-04-08 20:00:54,755] {logging_mixin.py:115} INFO - [2023-04-08 20:00:54,755] {dag.py:2919} INFO - Setting next_dagrun for example_external_task_marker_parent to None, run_after=None
[2023-04-08 20:00:54,760] {processor.py:161} INFO - Processing /home/airflow/.local/lib/python3.7/site-packages/airflow/example_dags/example_external_task_marker_dag.py took 0.047 seconds
[2023-04-08 20:49:44,501] {processor.py:153} INFO - Started process (PID=52042) to work on /home/airflow/.local/lib/python3.7/site-packages/airflow/example_dags/example_external_task_marker_dag.py
[2023-04-08 20:49:44,502] {processor.py:641} INFO - Processing file /home/airflow/.local/lib/python3.7/site-packages/airflow/example_dags/example_external_task_marker_dag.py for tasks to queue
[2023-04-08 20:49:44,502] {logging_mixin.py:115} INFO - [2023-04-08 20:49:44,502] {dagbag.py:507} INFO - Filling up the DagBag from /home/airflow/.local/lib/python3.7/site-packages/airflow/example_dags/example_external_task_marker_dag.py
[2023-04-08 20:49:44,505] {processor.py:651} INFO - DAG(s) dict_keys(['example_external_task_marker_parent', 'example_external_task_marker_child']) retrieved from /home/airflow/.local/lib/python3.7/site-packages/airflow/example_dags/example_external_task_marker_dag.py
[2023-04-08 20:49:44,540] {logging_mixin.py:115} INFO - [2023-04-08 20:49:44,539] {dag.py:2371} INFO - Sync 2 DAGs
[2023-04-08 20:49:44,552] {logging_mixin.py:115} INFO - [2023-04-08 20:49:44,552] {dag.py:2919} INFO - Setting next_dagrun for example_external_task_marker_child to None, run_after=None
[2023-04-08 20:49:44,553] {logging_mixin.py:115} INFO - [2023-04-08 20:49:44,553] {dag.py:2919} INFO - Setting next_dagrun for example_external_task_marker_parent to None, run_after=None
[2023-04-08 20:49:44,558] {processor.py:161} INFO - Processing /home/airflow/.local/lib/python3.7/site-packages/airflow/example_dags/example_external_task_marker_dag.py took 0.060 seconds
[2023-04-08 22:14:43,776] {processor.py:153} INFO - Started process (PID=52104) to work on /home/airflow/.local/lib/python3.7/site-packages/airflow/example_dags/example_external_task_marker_dag.py
[2023-04-08 22:14:43,777] {processor.py:641} INFO - Processing file /home/airflow/.local/lib/python3.7/site-packages/airflow/example_dags/example_external_task_marker_dag.py for tasks to queue
[2023-04-08 22:14:43,778] {logging_mixin.py:115} INFO - [2023-04-08 22:14:43,778] {dagbag.py:507} INFO - Filling up the DagBag from /home/airflow/.local/lib/python3.7/site-packages/airflow/example_dags/example_external_task_marker_dag.py
[2023-04-08 22:14:43,781] {processor.py:651} INFO - DAG(s) dict_keys(['example_external_task_marker_parent', 'example_external_task_marker_child']) retrieved from /home/airflow/.local/lib/python3.7/site-packages/airflow/example_dags/example_external_task_marker_dag.py
[2023-04-08 22:14:43,819] {logging_mixin.py:115} INFO - [2023-04-08 22:14:43,819] {dag.py:2371} INFO - Sync 2 DAGs
[2023-04-08 22:14:43,831] {logging_mixin.py:115} INFO - [2023-04-08 22:14:43,831] {dag.py:2919} INFO - Setting next_dagrun for example_external_task_marker_child to None, run_after=None
[2023-04-08 22:14:43,832] {logging_mixin.py:115} INFO - [2023-04-08 22:14:43,832] {dag.py:2919} INFO - Setting next_dagrun for example_external_task_marker_parent to None, run_after=None
[2023-04-08 22:14:43,838] {processor.py:161} INFO - Processing /home/airflow/.local/lib/python3.7/site-packages/airflow/example_dags/example_external_task_marker_dag.py took 0.065 seconds
[2023-04-08 23:20:17,283] {processor.py:153} INFO - Started process (PID=52166) to work on /home/airflow/.local/lib/python3.7/site-packages/airflow/example_dags/example_external_task_marker_dag.py
[2023-04-08 23:20:17,283] {processor.py:641} INFO - Processing file /home/airflow/.local/lib/python3.7/site-packages/airflow/example_dags/example_external_task_marker_dag.py for tasks to queue
[2023-04-08 23:20:17,284] {logging_mixin.py:115} INFO - [2023-04-08 23:20:17,284] {dagbag.py:507} INFO - Filling up the DagBag from /home/airflow/.local/lib/python3.7/site-packages/airflow/example_dags/example_external_task_marker_dag.py
[2023-04-08 23:20:17,287] {processor.py:651} INFO - DAG(s) dict_keys(['example_external_task_marker_parent', 'example_external_task_marker_child']) retrieved from /home/airflow/.local/lib/python3.7/site-packages/airflow/example_dags/example_external_task_marker_dag.py
[2023-04-08 23:20:17,316] {logging_mixin.py:115} INFO - [2023-04-08 23:20:17,316] {dag.py:2371} INFO - Sync 2 DAGs
[2023-04-08 23:20:17,328] {logging_mixin.py:115} INFO - [2023-04-08 23:20:17,328] {dag.py:2919} INFO - Setting next_dagrun for example_external_task_marker_child to None, run_after=None
[2023-04-08 23:20:17,329] {logging_mixin.py:115} INFO - [2023-04-08 23:20:17,329] {dag.py:2919} INFO - Setting next_dagrun for example_external_task_marker_parent to None, run_after=None
[2023-04-08 23:20:17,334] {processor.py:161} INFO - Processing /home/airflow/.local/lib/python3.7/site-packages/airflow/example_dags/example_external_task_marker_dag.py took 0.054 seconds
