[2023-04-08 00:00:27,072] {processor.py:153} INFO - Started process (PID=50714) to work on /home/airflow/.local/lib/python3.7/site-packages/airflow/example_dags/example_nested_branch_dag.py
[2023-04-08 00:00:27,073] {processor.py:641} INFO - Processing file /home/airflow/.local/lib/python3.7/site-packages/airflow/example_dags/example_nested_branch_dag.py for tasks to queue
[2023-04-08 00:00:27,074] {logging_mixin.py:115} INFO - [2023-04-08 00:00:27,074] {dagbag.py:507} INFO - Filling up the DagBag from /home/airflow/.local/lib/python3.7/site-packages/airflow/example_dags/example_nested_branch_dag.py
[2023-04-08 00:00:27,092] {processor.py:651} INFO - DAG(s) dict_keys(['example_nested_branch_dag']) retrieved from /home/airflow/.local/lib/python3.7/site-packages/airflow/example_dags/example_nested_branch_dag.py
[2023-04-08 00:00:27,143] {logging_mixin.py:115} INFO - [2023-04-08 00:00:27,143] {dag.py:2371} INFO - Sync 1 DAGs
[2023-04-08 00:00:27,205] {logging_mixin.py:115} INFO - [2023-04-08 00:00:27,205] {dag.py:2919} INFO - Setting next_dagrun for example_nested_branch_dag to 2023-04-07T00:00:00+00:00, run_after=2023-04-08T00:00:00+00:00
[2023-04-08 00:00:27,220] {processor.py:161} INFO - Processing /home/airflow/.local/lib/python3.7/site-packages/airflow/example_dags/example_nested_branch_dag.py took 0.160 seconds
[2023-04-08 01:09:12,131] {processor.py:153} INFO - Started process (PID=50766) to work on /home/airflow/.local/lib/python3.7/site-packages/airflow/example_dags/example_nested_branch_dag.py
[2023-04-08 01:09:12,132] {processor.py:641} INFO - Processing file /home/airflow/.local/lib/python3.7/site-packages/airflow/example_dags/example_nested_branch_dag.py for tasks to queue
[2023-04-08 01:09:12,133] {logging_mixin.py:115} INFO - [2023-04-08 01:09:12,133] {dagbag.py:507} INFO - Filling up the DagBag from /home/airflow/.local/lib/python3.7/site-packages/airflow/example_dags/example_nested_branch_dag.py
[2023-04-08 01:09:12,139] {processor.py:651} INFO - DAG(s) dict_keys(['example_nested_branch_dag']) retrieved from /home/airflow/.local/lib/python3.7/site-packages/airflow/example_dags/example_nested_branch_dag.py
[2023-04-08 01:09:12,155] {logging_mixin.py:115} INFO - [2023-04-08 01:09:12,155] {dag.py:2371} INFO - Sync 1 DAGs
[2023-04-08 01:09:12,167] {logging_mixin.py:115} INFO - [2023-04-08 01:09:12,167] {dag.py:2919} INFO - Setting next_dagrun for example_nested_branch_dag to 2023-04-07T00:00:00+00:00, run_after=2023-04-08T00:00:00+00:00
[2023-04-08 01:09:12,172] {processor.py:161} INFO - Processing /home/airflow/.local/lib/python3.7/site-packages/airflow/example_dags/example_nested_branch_dag.py took 0.043 seconds
[2023-04-08 02:16:02,531] {processor.py:153} INFO - Started process (PID=50829) to work on /home/airflow/.local/lib/python3.7/site-packages/airflow/example_dags/example_nested_branch_dag.py
[2023-04-08 02:16:02,532] {processor.py:641} INFO - Processing file /home/airflow/.local/lib/python3.7/site-packages/airflow/example_dags/example_nested_branch_dag.py for tasks to queue
[2023-04-08 02:16:02,532] {logging_mixin.py:115} INFO - [2023-04-08 02:16:02,532] {dagbag.py:507} INFO - Filling up the DagBag from /home/airflow/.local/lib/python3.7/site-packages/airflow/example_dags/example_nested_branch_dag.py
[2023-04-08 02:16:02,550] {processor.py:651} INFO - DAG(s) dict_keys(['example_nested_branch_dag']) retrieved from /home/airflow/.local/lib/python3.7/site-packages/airflow/example_dags/example_nested_branch_dag.py
[2023-04-08 02:16:02,603] {logging_mixin.py:115} INFO - [2023-04-08 02:16:02,603] {dag.py:2371} INFO - Sync 1 DAGs
[2023-04-08 02:16:02,633] {logging_mixin.py:115} INFO - [2023-04-08 02:16:02,633] {dag.py:2919} INFO - Setting next_dagrun for example_nested_branch_dag to 2023-04-07T00:00:00+00:00, run_after=2023-04-08T00:00:00+00:00
[2023-04-08 02:16:02,645] {processor.py:161} INFO - Processing /home/airflow/.local/lib/python3.7/site-packages/airflow/example_dags/example_nested_branch_dag.py took 0.120 seconds
[2023-04-08 03:21:43,867] {processor.py:153} INFO - Started process (PID=50891) to work on /home/airflow/.local/lib/python3.7/site-packages/airflow/example_dags/example_nested_branch_dag.py
[2023-04-08 03:21:43,868] {processor.py:641} INFO - Processing file /home/airflow/.local/lib/python3.7/site-packages/airflow/example_dags/example_nested_branch_dag.py for tasks to queue
[2023-04-08 03:21:43,868] {logging_mixin.py:115} INFO - [2023-04-08 03:21:43,868] {dagbag.py:507} INFO - Filling up the DagBag from /home/airflow/.local/lib/python3.7/site-packages/airflow/example_dags/example_nested_branch_dag.py
[2023-04-08 03:21:43,874] {processor.py:651} INFO - DAG(s) dict_keys(['example_nested_branch_dag']) retrieved from /home/airflow/.local/lib/python3.7/site-packages/airflow/example_dags/example_nested_branch_dag.py
[2023-04-08 03:21:43,891] {logging_mixin.py:115} INFO - [2023-04-08 03:21:43,891] {dag.py:2371} INFO - Sync 1 DAGs
[2023-04-08 03:21:43,902] {logging_mixin.py:115} INFO - [2023-04-08 03:21:43,902] {dag.py:2919} INFO - Setting next_dagrun for example_nested_branch_dag to 2023-04-07T00:00:00+00:00, run_after=2023-04-08T00:00:00+00:00
[2023-04-08 03:21:43,908] {processor.py:161} INFO - Processing /home/airflow/.local/lib/python3.7/site-packages/airflow/example_dags/example_nested_branch_dag.py took 0.043 seconds
[2023-04-08 03:34:47,038] {processor.py:153} INFO - Started process (PID=50952) to work on /home/airflow/.local/lib/python3.7/site-packages/airflow/example_dags/example_nested_branch_dag.py
[2023-04-08 03:34:47,042] {processor.py:641} INFO - Processing file /home/airflow/.local/lib/python3.7/site-packages/airflow/example_dags/example_nested_branch_dag.py for tasks to queue
[2023-04-08 03:34:47,042] {logging_mixin.py:115} INFO - [2023-04-08 03:34:47,042] {dagbag.py:507} INFO - Filling up the DagBag from /home/airflow/.local/lib/python3.7/site-packages/airflow/example_dags/example_nested_branch_dag.py
[2023-04-08 03:34:47,052] {processor.py:651} INFO - DAG(s) dict_keys(['example_nested_branch_dag']) retrieved from /home/airflow/.local/lib/python3.7/site-packages/airflow/example_dags/example_nested_branch_dag.py
[2023-04-08 03:34:47,084] {logging_mixin.py:115} INFO - [2023-04-08 03:34:47,084] {dag.py:2371} INFO - Sync 1 DAGs
[2023-04-08 03:34:47,106] {logging_mixin.py:115} INFO - [2023-04-08 03:34:47,105] {dag.py:2919} INFO - Setting next_dagrun for example_nested_branch_dag to 2023-04-07T00:00:00+00:00, run_after=2023-04-08T00:00:00+00:00
[2023-04-08 03:34:47,114] {processor.py:161} INFO - Processing /home/airflow/.local/lib/python3.7/site-packages/airflow/example_dags/example_nested_branch_dag.py took 0.080 seconds
[2023-04-08 04:06:56,933] {processor.py:153} INFO - Started process (PID=51014) to work on /home/airflow/.local/lib/python3.7/site-packages/airflow/example_dags/example_nested_branch_dag.py
[2023-04-08 04:06:56,934] {processor.py:641} INFO - Processing file /home/airflow/.local/lib/python3.7/site-packages/airflow/example_dags/example_nested_branch_dag.py for tasks to queue
[2023-04-08 04:06:56,934] {logging_mixin.py:115} INFO - [2023-04-08 04:06:56,934] {dagbag.py:507} INFO - Filling up the DagBag from /home/airflow/.local/lib/python3.7/site-packages/airflow/example_dags/example_nested_branch_dag.py
[2023-04-08 04:06:56,940] {processor.py:651} INFO - DAG(s) dict_keys(['example_nested_branch_dag']) retrieved from /home/airflow/.local/lib/python3.7/site-packages/airflow/example_dags/example_nested_branch_dag.py
[2023-04-08 04:06:56,957] {logging_mixin.py:115} INFO - [2023-04-08 04:06:56,957] {dag.py:2371} INFO - Sync 1 DAGs
[2023-04-08 04:06:56,980] {logging_mixin.py:115} INFO - [2023-04-08 04:06:56,980] {dag.py:2919} INFO - Setting next_dagrun for example_nested_branch_dag to 2023-04-07T00:00:00+00:00, run_after=2023-04-08T00:00:00+00:00
[2023-04-08 04:06:56,986] {processor.py:161} INFO - Processing /home/airflow/.local/lib/python3.7/site-packages/airflow/example_dags/example_nested_branch_dag.py took 0.055 seconds
[2023-04-08 05:27:56,875] {processor.py:153} INFO - Started process (PID=51075) to work on /home/airflow/.local/lib/python3.7/site-packages/airflow/example_dags/example_nested_branch_dag.py
[2023-04-08 05:27:56,876] {processor.py:641} INFO - Processing file /home/airflow/.local/lib/python3.7/site-packages/airflow/example_dags/example_nested_branch_dag.py for tasks to queue
[2023-04-08 05:27:56,877] {logging_mixin.py:115} INFO - [2023-04-08 05:27:56,877] {dagbag.py:507} INFO - Filling up the DagBag from /home/airflow/.local/lib/python3.7/site-packages/airflow/example_dags/example_nested_branch_dag.py
[2023-04-08 05:27:56,892] {processor.py:651} INFO - DAG(s) dict_keys(['example_nested_branch_dag']) retrieved from /home/airflow/.local/lib/python3.7/site-packages/airflow/example_dags/example_nested_branch_dag.py
[2023-04-08 05:27:56,947] {logging_mixin.py:115} INFO - [2023-04-08 05:27:56,947] {dag.py:2371} INFO - Sync 1 DAGs
[2023-04-08 05:27:56,984] {logging_mixin.py:115} INFO - [2023-04-08 05:27:56,984] {dag.py:2919} INFO - Setting next_dagrun for example_nested_branch_dag to 2023-04-07T00:00:00+00:00, run_after=2023-04-08T00:00:00+00:00
[2023-04-08 05:27:57,002] {processor.py:161} INFO - Processing /home/airflow/.local/lib/python3.7/site-packages/airflow/example_dags/example_nested_branch_dag.py took 0.131 seconds
[2023-04-08 06:37:04,077] {processor.py:153} INFO - Started process (PID=51130) to work on /home/airflow/.local/lib/python3.7/site-packages/airflow/example_dags/example_nested_branch_dag.py
[2023-04-08 06:37:04,078] {processor.py:641} INFO - Processing file /home/airflow/.local/lib/python3.7/site-packages/airflow/example_dags/example_nested_branch_dag.py for tasks to queue
[2023-04-08 06:37:04,079] {logging_mixin.py:115} INFO - [2023-04-08 06:37:04,079] {dagbag.py:507} INFO - Filling up the DagBag from /home/airflow/.local/lib/python3.7/site-packages/airflow/example_dags/example_nested_branch_dag.py
[2023-04-08 06:37:04,105] {processor.py:651} INFO - DAG(s) dict_keys(['example_nested_branch_dag']) retrieved from /home/airflow/.local/lib/python3.7/site-packages/airflow/example_dags/example_nested_branch_dag.py
[2023-04-08 06:37:04,138] {logging_mixin.py:115} INFO - [2023-04-08 06:37:04,138] {dag.py:2371} INFO - Sync 1 DAGs
[2023-04-08 06:37:04,156] {logging_mixin.py:115} INFO - [2023-04-08 06:37:04,156] {dag.py:2919} INFO - Setting next_dagrun for example_nested_branch_dag to 2023-04-07T00:00:00+00:00, run_after=2023-04-08T00:00:00+00:00
[2023-04-08 06:37:04,163] {processor.py:161} INFO - Processing /home/airflow/.local/lib/python3.7/site-packages/airflow/example_dags/example_nested_branch_dag.py took 0.090 seconds
[2023-04-08 07:39:07,991] {processor.py:153} INFO - Started process (PID=51191) to work on /home/airflow/.local/lib/python3.7/site-packages/airflow/example_dags/example_nested_branch_dag.py
[2023-04-08 07:39:07,991] {processor.py:641} INFO - Processing file /home/airflow/.local/lib/python3.7/site-packages/airflow/example_dags/example_nested_branch_dag.py for tasks to queue
[2023-04-08 07:39:07,992] {logging_mixin.py:115} INFO - [2023-04-08 07:39:07,992] {dagbag.py:507} INFO - Filling up the DagBag from /home/airflow/.local/lib/python3.7/site-packages/airflow/example_dags/example_nested_branch_dag.py
[2023-04-08 07:39:07,999] {processor.py:651} INFO - DAG(s) dict_keys(['example_nested_branch_dag']) retrieved from /home/airflow/.local/lib/python3.7/site-packages/airflow/example_dags/example_nested_branch_dag.py
[2023-04-08 07:39:08,016] {logging_mixin.py:115} INFO - [2023-04-08 07:39:08,016] {dag.py:2371} INFO - Sync 1 DAGs
[2023-04-08 07:39:08,029] {logging_mixin.py:115} INFO - [2023-04-08 07:39:08,029] {dag.py:2919} INFO - Setting next_dagrun for example_nested_branch_dag to 2023-04-07T00:00:00+00:00, run_after=2023-04-08T00:00:00+00:00
[2023-04-08 07:39:08,044] {processor.py:161} INFO - Processing /home/airflow/.local/lib/python3.7/site-packages/airflow/example_dags/example_nested_branch_dag.py took 0.056 seconds
[2023-04-08 09:01:41,557] {processor.py:153} INFO - Started process (PID=51253) to work on /home/airflow/.local/lib/python3.7/site-packages/airflow/example_dags/example_nested_branch_dag.py
[2023-04-08 09:01:41,561] {processor.py:641} INFO - Processing file /home/airflow/.local/lib/python3.7/site-packages/airflow/example_dags/example_nested_branch_dag.py for tasks to queue
[2023-04-08 09:01:41,562] {logging_mixin.py:115} INFO - [2023-04-08 09:01:41,562] {dagbag.py:507} INFO - Filling up the DagBag from /home/airflow/.local/lib/python3.7/site-packages/airflow/example_dags/example_nested_branch_dag.py
[2023-04-08 09:01:41,577] {processor.py:651} INFO - DAG(s) dict_keys(['example_nested_branch_dag']) retrieved from /home/airflow/.local/lib/python3.7/site-packages/airflow/example_dags/example_nested_branch_dag.py
[2023-04-08 09:01:41,610] {logging_mixin.py:115} INFO - [2023-04-08 09:01:41,610] {dag.py:2371} INFO - Sync 1 DAGs
[2023-04-08 09:01:41,631] {logging_mixin.py:115} INFO - [2023-04-08 09:01:41,631] {dag.py:2919} INFO - Setting next_dagrun for example_nested_branch_dag to 2023-04-07T00:00:00+00:00, run_after=2023-04-08T00:00:00+00:00
[2023-04-08 09:01:41,646] {processor.py:161} INFO - Processing /home/airflow/.local/lib/python3.7/site-packages/airflow/example_dags/example_nested_branch_dag.py took 0.093 seconds
[2023-04-08 10:07:00,618] {processor.py:153} INFO - Started process (PID=51315) to work on /home/airflow/.local/lib/python3.7/site-packages/airflow/example_dags/example_nested_branch_dag.py
[2023-04-08 10:07:00,619] {processor.py:641} INFO - Processing file /home/airflow/.local/lib/python3.7/site-packages/airflow/example_dags/example_nested_branch_dag.py for tasks to queue
[2023-04-08 10:07:00,620] {logging_mixin.py:115} INFO - [2023-04-08 10:07:00,620] {dagbag.py:507} INFO - Filling up the DagBag from /home/airflow/.local/lib/python3.7/site-packages/airflow/example_dags/example_nested_branch_dag.py
[2023-04-08 10:07:00,632] {processor.py:651} INFO - DAG(s) dict_keys(['example_nested_branch_dag']) retrieved from /home/airflow/.local/lib/python3.7/site-packages/airflow/example_dags/example_nested_branch_dag.py
[2023-04-08 10:07:00,668] {logging_mixin.py:115} INFO - [2023-04-08 10:07:00,668] {dag.py:2371} INFO - Sync 1 DAGs
[2023-04-08 10:07:00,701] {logging_mixin.py:115} INFO - [2023-04-08 10:07:00,701] {dag.py:2919} INFO - Setting next_dagrun for example_nested_branch_dag to 2023-04-07T00:00:00+00:00, run_after=2023-04-08T00:00:00+00:00
[2023-04-08 10:07:00,721] {processor.py:161} INFO - Processing /home/airflow/.local/lib/python3.7/site-packages/airflow/example_dags/example_nested_branch_dag.py took 0.106 seconds
[2023-04-08 11:14:33,968] {processor.py:153} INFO - Started process (PID=51368) to work on /home/airflow/.local/lib/python3.7/site-packages/airflow/example_dags/example_nested_branch_dag.py
[2023-04-08 11:14:33,969] {processor.py:641} INFO - Processing file /home/airflow/.local/lib/python3.7/site-packages/airflow/example_dags/example_nested_branch_dag.py for tasks to queue
[2023-04-08 11:14:33,970] {logging_mixin.py:115} INFO - [2023-04-08 11:14:33,970] {dagbag.py:507} INFO - Filling up the DagBag from /home/airflow/.local/lib/python3.7/site-packages/airflow/example_dags/example_nested_branch_dag.py
[2023-04-08 11:14:33,984] {processor.py:651} INFO - DAG(s) dict_keys(['example_nested_branch_dag']) retrieved from /home/airflow/.local/lib/python3.7/site-packages/airflow/example_dags/example_nested_branch_dag.py
[2023-04-08 11:14:34,014] {logging_mixin.py:115} INFO - [2023-04-08 11:14:34,014] {dag.py:2371} INFO - Sync 1 DAGs
[2023-04-08 11:14:34,032] {logging_mixin.py:115} INFO - [2023-04-08 11:14:34,032] {dag.py:2919} INFO - Setting next_dagrun for example_nested_branch_dag to 2023-04-07T00:00:00+00:00, run_after=2023-04-08T00:00:00+00:00
[2023-04-08 11:14:34,040] {processor.py:161} INFO - Processing /home/airflow/.local/lib/python3.7/site-packages/airflow/example_dags/example_nested_branch_dag.py took 0.075 seconds
[2023-04-08 11:47:32,172] {processor.py:153} INFO - Started process (PID=51430) to work on /home/airflow/.local/lib/python3.7/site-packages/airflow/example_dags/example_nested_branch_dag.py
[2023-04-08 11:47:32,174] {processor.py:641} INFO - Processing file /home/airflow/.local/lib/python3.7/site-packages/airflow/example_dags/example_nested_branch_dag.py for tasks to queue
[2023-04-08 11:47:32,174] {logging_mixin.py:115} INFO - [2023-04-08 11:47:32,174] {dagbag.py:507} INFO - Filling up the DagBag from /home/airflow/.local/lib/python3.7/site-packages/airflow/example_dags/example_nested_branch_dag.py
[2023-04-08 11:47:32,185] {processor.py:651} INFO - DAG(s) dict_keys(['example_nested_branch_dag']) retrieved from /home/airflow/.local/lib/python3.7/site-packages/airflow/example_dags/example_nested_branch_dag.py
[2023-04-08 11:47:32,210] {logging_mixin.py:115} INFO - [2023-04-08 11:47:32,210] {dag.py:2371} INFO - Sync 1 DAGs
[2023-04-08 11:47:32,232] {logging_mixin.py:115} INFO - [2023-04-08 11:47:32,232] {dag.py:2919} INFO - Setting next_dagrun for example_nested_branch_dag to 2023-04-07T00:00:00+00:00, run_after=2023-04-08T00:00:00+00:00
[2023-04-08 11:47:32,242] {processor.py:161} INFO - Processing /home/airflow/.local/lib/python3.7/site-packages/airflow/example_dags/example_nested_branch_dag.py took 0.074 seconds
[2023-04-08 11:48:03,014] {processor.py:153} INFO - Started process (PID=51493) to work on /home/airflow/.local/lib/python3.7/site-packages/airflow/example_dags/example_nested_branch_dag.py
[2023-04-08 11:48:03,014] {processor.py:641} INFO - Processing file /home/airflow/.local/lib/python3.7/site-packages/airflow/example_dags/example_nested_branch_dag.py for tasks to queue
[2023-04-08 11:48:03,015] {logging_mixin.py:115} INFO - [2023-04-08 11:48:03,015] {dagbag.py:507} INFO - Filling up the DagBag from /home/airflow/.local/lib/python3.7/site-packages/airflow/example_dags/example_nested_branch_dag.py
[2023-04-08 11:48:03,021] {processor.py:651} INFO - DAG(s) dict_keys(['example_nested_branch_dag']) retrieved from /home/airflow/.local/lib/python3.7/site-packages/airflow/example_dags/example_nested_branch_dag.py
[2023-04-08 11:48:03,039] {logging_mixin.py:115} INFO - [2023-04-08 11:48:03,039] {dag.py:2371} INFO - Sync 1 DAGs
[2023-04-08 11:48:03,052] {logging_mixin.py:115} INFO - [2023-04-08 11:48:03,052] {dag.py:2919} INFO - Setting next_dagrun for example_nested_branch_dag to 2023-04-07T00:00:00+00:00, run_after=2023-04-08T00:00:00+00:00
[2023-04-08 11:48:03,058] {processor.py:161} INFO - Processing /home/airflow/.local/lib/python3.7/site-packages/airflow/example_dags/example_nested_branch_dag.py took 0.046 seconds
[2023-04-08 12:54:19,314] {processor.py:153} INFO - Started process (PID=51554) to work on /home/airflow/.local/lib/python3.7/site-packages/airflow/example_dags/example_nested_branch_dag.py
[2023-04-08 12:54:19,318] {processor.py:641} INFO - Processing file /home/airflow/.local/lib/python3.7/site-packages/airflow/example_dags/example_nested_branch_dag.py for tasks to queue
[2023-04-08 12:54:19,319] {logging_mixin.py:115} INFO - [2023-04-08 12:54:19,319] {dagbag.py:507} INFO - Filling up the DagBag from /home/airflow/.local/lib/python3.7/site-packages/airflow/example_dags/example_nested_branch_dag.py
[2023-04-08 12:54:19,335] {processor.py:651} INFO - DAG(s) dict_keys(['example_nested_branch_dag']) retrieved from /home/airflow/.local/lib/python3.7/site-packages/airflow/example_dags/example_nested_branch_dag.py
[2023-04-08 12:54:19,371] {logging_mixin.py:115} INFO - [2023-04-08 12:54:19,371] {dag.py:2371} INFO - Sync 1 DAGs
[2023-04-08 12:54:19,390] {logging_mixin.py:115} INFO - [2023-04-08 12:54:19,390] {dag.py:2919} INFO - Setting next_dagrun for example_nested_branch_dag to 2023-04-07T00:00:00+00:00, run_after=2023-04-08T00:00:00+00:00
[2023-04-08 12:54:19,400] {processor.py:161} INFO - Processing /home/airflow/.local/lib/python3.7/site-packages/airflow/example_dags/example_nested_branch_dag.py took 0.089 seconds
[2023-04-08 14:13:38,403] {processor.py:153} INFO - Started process (PID=51616) to work on /home/airflow/.local/lib/python3.7/site-packages/airflow/example_dags/example_nested_branch_dag.py
[2023-04-08 14:13:38,403] {processor.py:641} INFO - Processing file /home/airflow/.local/lib/python3.7/site-packages/airflow/example_dags/example_nested_branch_dag.py for tasks to queue
[2023-04-08 14:13:38,404] {logging_mixin.py:115} INFO - [2023-04-08 14:13:38,404] {dagbag.py:507} INFO - Filling up the DagBag from /home/airflow/.local/lib/python3.7/site-packages/airflow/example_dags/example_nested_branch_dag.py
[2023-04-08 14:13:38,412] {processor.py:651} INFO - DAG(s) dict_keys(['example_nested_branch_dag']) retrieved from /home/airflow/.local/lib/python3.7/site-packages/airflow/example_dags/example_nested_branch_dag.py
[2023-04-08 14:13:38,432] {logging_mixin.py:115} INFO - [2023-04-08 14:13:38,432] {dag.py:2371} INFO - Sync 1 DAGs
[2023-04-08 14:13:38,446] {logging_mixin.py:115} INFO - [2023-04-08 14:13:38,446] {dag.py:2919} INFO - Setting next_dagrun for example_nested_branch_dag to 2023-04-07T00:00:00+00:00, run_after=2023-04-08T00:00:00+00:00
[2023-04-08 14:13:38,452] {processor.py:161} INFO - Processing /home/airflow/.local/lib/python3.7/site-packages/airflow/example_dags/example_nested_branch_dag.py took 0.052 seconds
[2023-04-08 15:21:17,318] {processor.py:153} INFO - Started process (PID=51669) to work on /home/airflow/.local/lib/python3.7/site-packages/airflow/example_dags/example_nested_branch_dag.py
[2023-04-08 15:21:17,322] {processor.py:641} INFO - Processing file /home/airflow/.local/lib/python3.7/site-packages/airflow/example_dags/example_nested_branch_dag.py for tasks to queue
[2023-04-08 15:21:17,323] {logging_mixin.py:115} INFO - [2023-04-08 15:21:17,323] {dagbag.py:507} INFO - Filling up the DagBag from /home/airflow/.local/lib/python3.7/site-packages/airflow/example_dags/example_nested_branch_dag.py
[2023-04-08 15:21:17,331] {processor.py:651} INFO - DAG(s) dict_keys(['example_nested_branch_dag']) retrieved from /home/airflow/.local/lib/python3.7/site-packages/airflow/example_dags/example_nested_branch_dag.py
[2023-04-08 15:21:17,362] {logging_mixin.py:115} INFO - [2023-04-08 15:21:17,362] {dag.py:2371} INFO - Sync 1 DAGs
[2023-04-08 15:21:17,381] {logging_mixin.py:115} INFO - [2023-04-08 15:21:17,381] {dag.py:2919} INFO - Setting next_dagrun for example_nested_branch_dag to 2023-04-07T00:00:00+00:00, run_after=2023-04-08T00:00:00+00:00
[2023-04-08 15:21:17,389] {processor.py:161} INFO - Processing /home/airflow/.local/lib/python3.7/site-packages/airflow/example_dags/example_nested_branch_dag.py took 0.075 seconds
[2023-04-08 16:24:52,812] {processor.py:153} INFO - Started process (PID=51731) to work on /home/airflow/.local/lib/python3.7/site-packages/airflow/example_dags/example_nested_branch_dag.py
[2023-04-08 16:24:52,813] {processor.py:641} INFO - Processing file /home/airflow/.local/lib/python3.7/site-packages/airflow/example_dags/example_nested_branch_dag.py for tasks to queue
[2023-04-08 16:24:52,813] {logging_mixin.py:115} INFO - [2023-04-08 16:24:52,813] {dagbag.py:507} INFO - Filling up the DagBag from /home/airflow/.local/lib/python3.7/site-packages/airflow/example_dags/example_nested_branch_dag.py
[2023-04-08 16:24:52,822] {processor.py:651} INFO - DAG(s) dict_keys(['example_nested_branch_dag']) retrieved from /home/airflow/.local/lib/python3.7/site-packages/airflow/example_dags/example_nested_branch_dag.py
[2023-04-08 16:24:52,851] {logging_mixin.py:115} INFO - [2023-04-08 16:24:52,851] {dag.py:2371} INFO - Sync 1 DAGs
[2023-04-08 16:24:52,880] {logging_mixin.py:115} INFO - [2023-04-08 16:24:52,880] {dag.py:2919} INFO - Setting next_dagrun for example_nested_branch_dag to 2023-04-07T00:00:00+00:00, run_after=2023-04-08T00:00:00+00:00
[2023-04-08 16:24:52,895] {processor.py:161} INFO - Processing /home/airflow/.local/lib/python3.7/site-packages/airflow/example_dags/example_nested_branch_dag.py took 0.086 seconds
[2023-04-08 17:46:20,344] {processor.py:153} INFO - Started process (PID=51793) to work on /home/airflow/.local/lib/python3.7/site-packages/airflow/example_dags/example_nested_branch_dag.py
[2023-04-08 17:46:20,345] {processor.py:641} INFO - Processing file /home/airflow/.local/lib/python3.7/site-packages/airflow/example_dags/example_nested_branch_dag.py for tasks to queue
[2023-04-08 17:46:20,346] {logging_mixin.py:115} INFO - [2023-04-08 17:46:20,346] {dagbag.py:507} INFO - Filling up the DagBag from /home/airflow/.local/lib/python3.7/site-packages/airflow/example_dags/example_nested_branch_dag.py
[2023-04-08 17:46:20,362] {processor.py:651} INFO - DAG(s) dict_keys(['example_nested_branch_dag']) retrieved from /home/airflow/.local/lib/python3.7/site-packages/airflow/example_dags/example_nested_branch_dag.py
[2023-04-08 17:46:20,400] {logging_mixin.py:115} INFO - [2023-04-08 17:46:20,399] {dag.py:2371} INFO - Sync 1 DAGs
[2023-04-08 17:46:20,429] {logging_mixin.py:115} INFO - [2023-04-08 17:46:20,429] {dag.py:2919} INFO - Setting next_dagrun for example_nested_branch_dag to 2023-04-07T00:00:00+00:00, run_after=2023-04-08T00:00:00+00:00
[2023-04-08 17:46:20,440] {processor.py:161} INFO - Processing /home/airflow/.local/lib/python3.7/site-packages/airflow/example_dags/example_nested_branch_dag.py took 0.099 seconds
[2023-04-08 18:52:19,332] {processor.py:153} INFO - Started process (PID=51855) to work on /home/airflow/.local/lib/python3.7/site-packages/airflow/example_dags/example_nested_branch_dag.py
[2023-04-08 18:52:19,333] {processor.py:641} INFO - Processing file /home/airflow/.local/lib/python3.7/site-packages/airflow/example_dags/example_nested_branch_dag.py for tasks to queue
[2023-04-08 18:52:19,333] {logging_mixin.py:115} INFO - [2023-04-08 18:52:19,333] {dagbag.py:507} INFO - Filling up the DagBag from /home/airflow/.local/lib/python3.7/site-packages/airflow/example_dags/example_nested_branch_dag.py
[2023-04-08 18:52:19,361] {processor.py:651} INFO - DAG(s) dict_keys(['example_nested_branch_dag']) retrieved from /home/airflow/.local/lib/python3.7/site-packages/airflow/example_dags/example_nested_branch_dag.py
[2023-04-08 18:52:19,408] {logging_mixin.py:115} INFO - [2023-04-08 18:52:19,408] {dag.py:2371} INFO - Sync 1 DAGs
[2023-04-08 18:52:19,450] {logging_mixin.py:115} INFO - [2023-04-08 18:52:19,450] {dag.py:2919} INFO - Setting next_dagrun for example_nested_branch_dag to 2023-04-07T00:00:00+00:00, run_after=2023-04-08T00:00:00+00:00
[2023-04-08 18:52:19,473] {processor.py:161} INFO - Processing /home/airflow/.local/lib/python3.7/site-packages/airflow/example_dags/example_nested_branch_dag.py took 0.144 seconds
[2023-04-08 20:00:23,616] {processor.py:153} INFO - Started process (PID=51916) to work on /home/airflow/.local/lib/python3.7/site-packages/airflow/example_dags/example_nested_branch_dag.py
[2023-04-08 20:00:23,619] {processor.py:641} INFO - Processing file /home/airflow/.local/lib/python3.7/site-packages/airflow/example_dags/example_nested_branch_dag.py for tasks to queue
[2023-04-08 20:00:23,620] {logging_mixin.py:115} INFO - [2023-04-08 20:00:23,620] {dagbag.py:507} INFO - Filling up the DagBag from /home/airflow/.local/lib/python3.7/site-packages/airflow/example_dags/example_nested_branch_dag.py
[2023-04-08 20:00:23,629] {processor.py:651} INFO - DAG(s) dict_keys(['example_nested_branch_dag']) retrieved from /home/airflow/.local/lib/python3.7/site-packages/airflow/example_dags/example_nested_branch_dag.py
[2023-04-08 20:00:23,686] {logging_mixin.py:115} INFO - [2023-04-08 20:00:23,686] {dag.py:2371} INFO - Sync 1 DAGs
[2023-04-08 20:00:23,737] {logging_mixin.py:115} INFO - [2023-04-08 20:00:23,737] {dag.py:2919} INFO - Setting next_dagrun for example_nested_branch_dag to 2023-04-07T00:00:00+00:00, run_after=2023-04-08T00:00:00+00:00
[2023-04-08 20:00:23,773] {processor.py:161} INFO - Processing /home/airflow/.local/lib/python3.7/site-packages/airflow/example_dags/example_nested_branch_dag.py took 0.163 seconds
[2023-04-08 20:00:54,343] {processor.py:153} INFO - Started process (PID=51969) to work on /home/airflow/.local/lib/python3.7/site-packages/airflow/example_dags/example_nested_branch_dag.py
[2023-04-08 20:00:54,344] {processor.py:641} INFO - Processing file /home/airflow/.local/lib/python3.7/site-packages/airflow/example_dags/example_nested_branch_dag.py for tasks to queue
[2023-04-08 20:00:54,345] {logging_mixin.py:115} INFO - [2023-04-08 20:00:54,345] {dagbag.py:507} INFO - Filling up the DagBag from /home/airflow/.local/lib/python3.7/site-packages/airflow/example_dags/example_nested_branch_dag.py
[2023-04-08 20:00:54,351] {processor.py:651} INFO - DAG(s) dict_keys(['example_nested_branch_dag']) retrieved from /home/airflow/.local/lib/python3.7/site-packages/airflow/example_dags/example_nested_branch_dag.py
[2023-04-08 20:00:54,368] {logging_mixin.py:115} INFO - [2023-04-08 20:00:54,368] {dag.py:2371} INFO - Sync 1 DAGs
[2023-04-08 20:00:54,379] {logging_mixin.py:115} INFO - [2023-04-08 20:00:54,379] {dag.py:2919} INFO - Setting next_dagrun for example_nested_branch_dag to 2023-04-07T00:00:00+00:00, run_after=2023-04-08T00:00:00+00:00
[2023-04-08 20:00:54,385] {processor.py:161} INFO - Processing /home/airflow/.local/lib/python3.7/site-packages/airflow/example_dags/example_nested_branch_dag.py took 0.043 seconds
[2023-04-08 20:49:44,019] {processor.py:153} INFO - Started process (PID=52031) to work on /home/airflow/.local/lib/python3.7/site-packages/airflow/example_dags/example_nested_branch_dag.py
[2023-04-08 20:49:44,020] {processor.py:641} INFO - Processing file /home/airflow/.local/lib/python3.7/site-packages/airflow/example_dags/example_nested_branch_dag.py for tasks to queue
[2023-04-08 20:49:44,021] {logging_mixin.py:115} INFO - [2023-04-08 20:49:44,021] {dagbag.py:507} INFO - Filling up the DagBag from /home/airflow/.local/lib/python3.7/site-packages/airflow/example_dags/example_nested_branch_dag.py
[2023-04-08 20:49:44,029] {processor.py:651} INFO - DAG(s) dict_keys(['example_nested_branch_dag']) retrieved from /home/airflow/.local/lib/python3.7/site-packages/airflow/example_dags/example_nested_branch_dag.py
[2023-04-08 20:49:44,050] {logging_mixin.py:115} INFO - [2023-04-08 20:49:44,050] {dag.py:2371} INFO - Sync 1 DAGs
[2023-04-08 20:49:44,062] {logging_mixin.py:115} INFO - [2023-04-08 20:49:44,062] {dag.py:2919} INFO - Setting next_dagrun for example_nested_branch_dag to 2023-04-07T00:00:00+00:00, run_after=2023-04-08T00:00:00+00:00
[2023-04-08 20:49:44,071] {processor.py:161} INFO - Processing /home/airflow/.local/lib/python3.7/site-packages/airflow/example_dags/example_nested_branch_dag.py took 0.056 seconds
[2023-04-08 22:14:42,797] {processor.py:153} INFO - Started process (PID=52093) to work on /home/airflow/.local/lib/python3.7/site-packages/airflow/example_dags/example_nested_branch_dag.py
[2023-04-08 22:14:42,798] {processor.py:641} INFO - Processing file /home/airflow/.local/lib/python3.7/site-packages/airflow/example_dags/example_nested_branch_dag.py for tasks to queue
[2023-04-08 22:14:42,799] {logging_mixin.py:115} INFO - [2023-04-08 22:14:42,798] {dagbag.py:507} INFO - Filling up the DagBag from /home/airflow/.local/lib/python3.7/site-packages/airflow/example_dags/example_nested_branch_dag.py
[2023-04-08 22:14:42,811] {processor.py:651} INFO - DAG(s) dict_keys(['example_nested_branch_dag']) retrieved from /home/airflow/.local/lib/python3.7/site-packages/airflow/example_dags/example_nested_branch_dag.py
[2023-04-08 22:14:42,842] {logging_mixin.py:115} INFO - [2023-04-08 22:14:42,841] {dag.py:2371} INFO - Sync 1 DAGs
[2023-04-08 22:14:42,858] {logging_mixin.py:115} INFO - [2023-04-08 22:14:42,858] {dag.py:2919} INFO - Setting next_dagrun for example_nested_branch_dag to 2023-04-07T00:00:00+00:00, run_after=2023-04-08T00:00:00+00:00
[2023-04-08 22:14:42,868] {processor.py:161} INFO - Processing /home/airflow/.local/lib/python3.7/site-packages/airflow/example_dags/example_nested_branch_dag.py took 0.074 seconds
[2023-04-08 23:20:16,336] {processor.py:153} INFO - Started process (PID=52155) to work on /home/airflow/.local/lib/python3.7/site-packages/airflow/example_dags/example_nested_branch_dag.py
[2023-04-08 23:20:16,338] {processor.py:641} INFO - Processing file /home/airflow/.local/lib/python3.7/site-packages/airflow/example_dags/example_nested_branch_dag.py for tasks to queue
[2023-04-08 23:20:16,338] {logging_mixin.py:115} INFO - [2023-04-08 23:20:16,338] {dagbag.py:507} INFO - Filling up the DagBag from /home/airflow/.local/lib/python3.7/site-packages/airflow/example_dags/example_nested_branch_dag.py
[2023-04-08 23:20:16,358] {processor.py:651} INFO - DAG(s) dict_keys(['example_nested_branch_dag']) retrieved from /home/airflow/.local/lib/python3.7/site-packages/airflow/example_dags/example_nested_branch_dag.py
[2023-04-08 23:20:16,404] {logging_mixin.py:115} INFO - [2023-04-08 23:20:16,404] {dag.py:2371} INFO - Sync 1 DAGs
[2023-04-08 23:20:16,435] {logging_mixin.py:115} INFO - [2023-04-08 23:20:16,435] {dag.py:2919} INFO - Setting next_dagrun for example_nested_branch_dag to 2023-04-07T00:00:00+00:00, run_after=2023-04-08T00:00:00+00:00
[2023-04-08 23:20:16,446] {processor.py:161} INFO - Processing /home/airflow/.local/lib/python3.7/site-packages/airflow/example_dags/example_nested_branch_dag.py took 0.113 seconds
