[2023-04-08 00:00:27,538] {processor.py:153} INFO - Started process (PID=50723) to work on /home/airflow/.local/lib/python3.7/site-packages/airflow/example_dags/example_xcom.py
[2023-04-08 00:00:27,539] {processor.py:641} INFO - Processing file /home/airflow/.local/lib/python3.7/site-packages/airflow/example_dags/example_xcom.py for tasks to queue
[2023-04-08 00:00:27,540] {logging_mixin.py:115} INFO - [2023-04-08 00:00:27,540] {dagbag.py:507} INFO - Filling up the DagBag from /home/airflow/.local/lib/python3.7/site-packages/airflow/example_dags/example_xcom.py
[2023-04-08 00:00:27,549] {processor.py:651} INFO - DAG(s) dict_keys(['example_xcom']) retrieved from /home/airflow/.local/lib/python3.7/site-packages/airflow/example_dags/example_xcom.py
[2023-04-08 00:00:27,590] {logging_mixin.py:115} INFO - [2023-04-08 00:00:27,590] {dag.py:2371} INFO - Sync 1 DAGs
[2023-04-08 00:00:27,600] {logging_mixin.py:115} INFO - [2023-04-08 00:00:27,600] {dag.py:2919} INFO - Setting next_dagrun for example_xcom to 2021-01-01T00:00:00+00:00, run_after=2021-01-01T00:00:00+00:00
[2023-04-08 00:00:27,611] {processor.py:161} INFO - Processing /home/airflow/.local/lib/python3.7/site-packages/airflow/example_dags/example_xcom.py took 0.074 seconds
[2023-04-08 01:09:12,556] {processor.py:153} INFO - Started process (PID=50784) to work on /home/airflow/.local/lib/python3.7/site-packages/airflow/example_dags/example_xcom.py
[2023-04-08 01:09:12,557] {processor.py:641} INFO - Processing file /home/airflow/.local/lib/python3.7/site-packages/airflow/example_dags/example_xcom.py for tasks to queue
[2023-04-08 01:09:12,557] {logging_mixin.py:115} INFO - [2023-04-08 01:09:12,557] {dagbag.py:507} INFO - Filling up the DagBag from /home/airflow/.local/lib/python3.7/site-packages/airflow/example_dags/example_xcom.py
[2023-04-08 01:09:12,567] {processor.py:651} INFO - DAG(s) dict_keys(['example_xcom']) retrieved from /home/airflow/.local/lib/python3.7/site-packages/airflow/example_dags/example_xcom.py
[2023-04-08 01:09:12,606] {logging_mixin.py:115} INFO - [2023-04-08 01:09:12,606] {dag.py:2371} INFO - Sync 1 DAGs
[2023-04-08 01:09:12,616] {logging_mixin.py:115} INFO - [2023-04-08 01:09:12,616] {dag.py:2919} INFO - Setting next_dagrun for example_xcom to 2021-01-01T00:00:00+00:00, run_after=2021-01-01T00:00:00+00:00
[2023-04-08 01:09:12,622] {processor.py:161} INFO - Processing /home/airflow/.local/lib/python3.7/site-packages/airflow/example_dags/example_xcom.py took 0.069 seconds
[2023-04-08 02:16:03,260] {processor.py:153} INFO - Started process (PID=50838) to work on /home/airflow/.local/lib/python3.7/site-packages/airflow/example_dags/example_xcom.py
[2023-04-08 02:16:03,262] {processor.py:641} INFO - Processing file /home/airflow/.local/lib/python3.7/site-packages/airflow/example_dags/example_xcom.py for tasks to queue
[2023-04-08 02:16:03,263] {logging_mixin.py:115} INFO - [2023-04-08 02:16:03,262] {dagbag.py:507} INFO - Filling up the DagBag from /home/airflow/.local/lib/python3.7/site-packages/airflow/example_dags/example_xcom.py
[2023-04-08 02:16:03,287] {processor.py:651} INFO - DAG(s) dict_keys(['example_xcom']) retrieved from /home/airflow/.local/lib/python3.7/site-packages/airflow/example_dags/example_xcom.py
[2023-04-08 02:16:03,346] {logging_mixin.py:115} INFO - [2023-04-08 02:16:03,346] {dag.py:2371} INFO - Sync 1 DAGs
[2023-04-08 02:16:03,358] {logging_mixin.py:115} INFO - [2023-04-08 02:16:03,358] {dag.py:2919} INFO - Setting next_dagrun for example_xcom to 2021-01-01T00:00:00+00:00, run_after=2021-01-01T00:00:00+00:00
[2023-04-08 02:16:03,367] {processor.py:161} INFO - Processing /home/airflow/.local/lib/python3.7/site-packages/airflow/example_dags/example_xcom.py took 0.115 seconds
[2023-04-08 03:21:44,302] {processor.py:153} INFO - Started process (PID=50900) to work on /home/airflow/.local/lib/python3.7/site-packages/airflow/example_dags/example_xcom.py
[2023-04-08 03:21:44,303] {processor.py:641} INFO - Processing file /home/airflow/.local/lib/python3.7/site-packages/airflow/example_dags/example_xcom.py for tasks to queue
[2023-04-08 03:21:44,304] {logging_mixin.py:115} INFO - [2023-04-08 03:21:44,304] {dagbag.py:507} INFO - Filling up the DagBag from /home/airflow/.local/lib/python3.7/site-packages/airflow/example_dags/example_xcom.py
[2023-04-08 03:21:44,319] {processor.py:651} INFO - DAG(s) dict_keys(['example_xcom']) retrieved from /home/airflow/.local/lib/python3.7/site-packages/airflow/example_dags/example_xcom.py
[2023-04-08 03:21:44,385] {logging_mixin.py:115} INFO - [2023-04-08 03:21:44,385] {dag.py:2371} INFO - Sync 1 DAGs
[2023-04-08 03:21:44,410] {logging_mixin.py:115} INFO - [2023-04-08 03:21:44,409] {dag.py:2919} INFO - Setting next_dagrun for example_xcom to 2021-01-01T00:00:00+00:00, run_after=2021-01-01T00:00:00+00:00
[2023-04-08 03:21:44,423] {processor.py:161} INFO - Processing /home/airflow/.local/lib/python3.7/site-packages/airflow/example_dags/example_xcom.py took 0.123 seconds
[2023-04-08 03:34:47,698] {processor.py:153} INFO - Started process (PID=50961) to work on /home/airflow/.local/lib/python3.7/site-packages/airflow/example_dags/example_xcom.py
[2023-04-08 03:34:47,699] {processor.py:641} INFO - Processing file /home/airflow/.local/lib/python3.7/site-packages/airflow/example_dags/example_xcom.py for tasks to queue
[2023-04-08 03:34:47,699] {logging_mixin.py:115} INFO - [2023-04-08 03:34:47,699] {dagbag.py:507} INFO - Filling up the DagBag from /home/airflow/.local/lib/python3.7/site-packages/airflow/example_dags/example_xcom.py
[2023-04-08 03:34:47,709] {processor.py:651} INFO - DAG(s) dict_keys(['example_xcom']) retrieved from /home/airflow/.local/lib/python3.7/site-packages/airflow/example_dags/example_xcom.py
[2023-04-08 03:34:47,748] {logging_mixin.py:115} INFO - [2023-04-08 03:34:47,748] {dag.py:2371} INFO - Sync 1 DAGs
[2023-04-08 03:34:47,758] {logging_mixin.py:115} INFO - [2023-04-08 03:34:47,758] {dag.py:2919} INFO - Setting next_dagrun for example_xcom to 2021-01-01T00:00:00+00:00, run_after=2021-01-01T00:00:00+00:00
[2023-04-08 03:34:47,765] {processor.py:161} INFO - Processing /home/airflow/.local/lib/python3.7/site-packages/airflow/example_dags/example_xcom.py took 0.069 seconds
[2023-04-08 04:06:57,944] {processor.py:153} INFO - Started process (PID=51023) to work on /home/airflow/.local/lib/python3.7/site-packages/airflow/example_dags/example_xcom.py
[2023-04-08 04:06:57,949] {processor.py:641} INFO - Processing file /home/airflow/.local/lib/python3.7/site-packages/airflow/example_dags/example_xcom.py for tasks to queue
[2023-04-08 04:06:57,952] {logging_mixin.py:115} INFO - [2023-04-08 04:06:57,952] {dagbag.py:507} INFO - Filling up the DagBag from /home/airflow/.local/lib/python3.7/site-packages/airflow/example_dags/example_xcom.py
[2023-04-08 04:06:57,988] {processor.py:651} INFO - DAG(s) dict_keys(['example_xcom']) retrieved from /home/airflow/.local/lib/python3.7/site-packages/airflow/example_dags/example_xcom.py
[2023-04-08 04:06:58,078] {logging_mixin.py:115} INFO - [2023-04-08 04:06:58,078] {dag.py:2371} INFO - Sync 1 DAGs
[2023-04-08 04:06:58,100] {logging_mixin.py:115} INFO - [2023-04-08 04:06:58,100] {dag.py:2919} INFO - Setting next_dagrun for example_xcom to 2021-01-01T00:00:00+00:00, run_after=2021-01-01T00:00:00+00:00
[2023-04-08 04:06:58,107] {processor.py:161} INFO - Processing /home/airflow/.local/lib/python3.7/site-packages/airflow/example_dags/example_xcom.py took 0.170 seconds
[2023-04-08 05:27:57,403] {processor.py:153} INFO - Started process (PID=51086) to work on /home/airflow/.local/lib/python3.7/site-packages/airflow/example_dags/example_xcom.py
[2023-04-08 05:27:57,407] {processor.py:641} INFO - Processing file /home/airflow/.local/lib/python3.7/site-packages/airflow/example_dags/example_xcom.py for tasks to queue
[2023-04-08 05:27:57,408] {logging_mixin.py:115} INFO - [2023-04-08 05:27:57,407] {dagbag.py:507} INFO - Filling up the DagBag from /home/airflow/.local/lib/python3.7/site-packages/airflow/example_dags/example_xcom.py
[2023-04-08 05:27:57,421] {processor.py:651} INFO - DAG(s) dict_keys(['example_xcom']) retrieved from /home/airflow/.local/lib/python3.7/site-packages/airflow/example_dags/example_xcom.py
[2023-04-08 05:27:57,464] {logging_mixin.py:115} INFO - [2023-04-08 05:27:57,463] {dag.py:2371} INFO - Sync 1 DAGs
[2023-04-08 05:27:57,474] {logging_mixin.py:115} INFO - [2023-04-08 05:27:57,474] {dag.py:2919} INFO - Setting next_dagrun for example_xcom to 2021-01-01T00:00:00+00:00, run_after=2021-01-01T00:00:00+00:00
[2023-04-08 05:27:57,483] {processor.py:161} INFO - Processing /home/airflow/.local/lib/python3.7/site-packages/airflow/example_dags/example_xcom.py took 0.083 seconds
[2023-04-08 06:37:04,662] {processor.py:153} INFO - Started process (PID=51139) to work on /home/airflow/.local/lib/python3.7/site-packages/airflow/example_dags/example_xcom.py
[2023-04-08 06:37:04,663] {processor.py:641} INFO - Processing file /home/airflow/.local/lib/python3.7/site-packages/airflow/example_dags/example_xcom.py for tasks to queue
[2023-04-08 06:37:04,663] {logging_mixin.py:115} INFO - [2023-04-08 06:37:04,663] {dagbag.py:507} INFO - Filling up the DagBag from /home/airflow/.local/lib/python3.7/site-packages/airflow/example_dags/example_xcom.py
[2023-04-08 06:37:04,673] {processor.py:651} INFO - DAG(s) dict_keys(['example_xcom']) retrieved from /home/airflow/.local/lib/python3.7/site-packages/airflow/example_dags/example_xcom.py
[2023-04-08 06:37:04,709] {logging_mixin.py:115} INFO - [2023-04-08 06:37:04,709] {dag.py:2371} INFO - Sync 1 DAGs
[2023-04-08 06:37:04,719] {logging_mixin.py:115} INFO - [2023-04-08 06:37:04,719] {dag.py:2919} INFO - Setting next_dagrun for example_xcom to 2021-01-01T00:00:00+00:00, run_after=2021-01-01T00:00:00+00:00
[2023-04-08 06:37:04,725] {processor.py:161} INFO - Processing /home/airflow/.local/lib/python3.7/site-packages/airflow/example_dags/example_xcom.py took 0.066 seconds
[2023-04-08 07:39:08,792] {processor.py:153} INFO - Started process (PID=51200) to work on /home/airflow/.local/lib/python3.7/site-packages/airflow/example_dags/example_xcom.py
[2023-04-08 07:39:08,795] {processor.py:641} INFO - Processing file /home/airflow/.local/lib/python3.7/site-packages/airflow/example_dags/example_xcom.py for tasks to queue
[2023-04-08 07:39:08,796] {logging_mixin.py:115} INFO - [2023-04-08 07:39:08,796] {dagbag.py:507} INFO - Filling up the DagBag from /home/airflow/.local/lib/python3.7/site-packages/airflow/example_dags/example_xcom.py
[2023-04-08 07:39:08,834] {processor.py:651} INFO - DAG(s) dict_keys(['example_xcom']) retrieved from /home/airflow/.local/lib/python3.7/site-packages/airflow/example_dags/example_xcom.py
[2023-04-08 07:39:08,907] {logging_mixin.py:115} INFO - [2023-04-08 07:39:08,906] {dag.py:2371} INFO - Sync 1 DAGs
[2023-04-08 07:39:08,929] {logging_mixin.py:115} INFO - [2023-04-08 07:39:08,929] {dag.py:2919} INFO - Setting next_dagrun for example_xcom to 2021-01-01T00:00:00+00:00, run_after=2021-01-01T00:00:00+00:00
[2023-04-08 07:39:08,941] {processor.py:161} INFO - Processing /home/airflow/.local/lib/python3.7/site-packages/airflow/example_dags/example_xcom.py took 0.153 seconds
[2023-04-08 09:01:42,115] {processor.py:153} INFO - Started process (PID=51262) to work on /home/airflow/.local/lib/python3.7/site-packages/airflow/example_dags/example_xcom.py
[2023-04-08 09:01:42,115] {processor.py:641} INFO - Processing file /home/airflow/.local/lib/python3.7/site-packages/airflow/example_dags/example_xcom.py for tasks to queue
[2023-04-08 09:01:42,116] {logging_mixin.py:115} INFO - [2023-04-08 09:01:42,116] {dagbag.py:507} INFO - Filling up the DagBag from /home/airflow/.local/lib/python3.7/site-packages/airflow/example_dags/example_xcom.py
[2023-04-08 09:01:42,125] {processor.py:651} INFO - DAG(s) dict_keys(['example_xcom']) retrieved from /home/airflow/.local/lib/python3.7/site-packages/airflow/example_dags/example_xcom.py
[2023-04-08 09:01:42,162] {logging_mixin.py:115} INFO - [2023-04-08 09:01:42,162] {dag.py:2371} INFO - Sync 1 DAGs
[2023-04-08 09:01:42,172] {logging_mixin.py:115} INFO - [2023-04-08 09:01:42,171] {dag.py:2919} INFO - Setting next_dagrun for example_xcom to 2021-01-01T00:00:00+00:00, run_after=2021-01-01T00:00:00+00:00
[2023-04-08 09:01:42,178] {processor.py:161} INFO - Processing /home/airflow/.local/lib/python3.7/site-packages/airflow/example_dags/example_xcom.py took 0.065 seconds
[2023-04-08 10:07:01,233] {processor.py:153} INFO - Started process (PID=51324) to work on /home/airflow/.local/lib/python3.7/site-packages/airflow/example_dags/example_xcom.py
[2023-04-08 10:07:01,234] {processor.py:641} INFO - Processing file /home/airflow/.local/lib/python3.7/site-packages/airflow/example_dags/example_xcom.py for tasks to queue
[2023-04-08 10:07:01,235] {logging_mixin.py:115} INFO - [2023-04-08 10:07:01,235] {dagbag.py:507} INFO - Filling up the DagBag from /home/airflow/.local/lib/python3.7/site-packages/airflow/example_dags/example_xcom.py
[2023-04-08 10:07:01,260] {processor.py:651} INFO - DAG(s) dict_keys(['example_xcom']) retrieved from /home/airflow/.local/lib/python3.7/site-packages/airflow/example_dags/example_xcom.py
[2023-04-08 10:07:01,316] {logging_mixin.py:115} INFO - [2023-04-08 10:07:01,316] {dag.py:2371} INFO - Sync 1 DAGs
[2023-04-08 10:07:01,328] {logging_mixin.py:115} INFO - [2023-04-08 10:07:01,328] {dag.py:2919} INFO - Setting next_dagrun for example_xcom to 2021-01-01T00:00:00+00:00, run_after=2021-01-01T00:00:00+00:00
[2023-04-08 10:07:01,335] {processor.py:161} INFO - Processing /home/airflow/.local/lib/python3.7/site-packages/airflow/example_dags/example_xcom.py took 0.108 seconds
[2023-04-08 11:14:34,430] {processor.py:153} INFO - Started process (PID=51386) to work on /home/airflow/.local/lib/python3.7/site-packages/airflow/example_dags/example_xcom.py
[2023-04-08 11:14:34,432] {processor.py:641} INFO - Processing file /home/airflow/.local/lib/python3.7/site-packages/airflow/example_dags/example_xcom.py for tasks to queue
[2023-04-08 11:14:34,432] {logging_mixin.py:115} INFO - [2023-04-08 11:14:34,432] {dagbag.py:507} INFO - Filling up the DagBag from /home/airflow/.local/lib/python3.7/site-packages/airflow/example_dags/example_xcom.py
[2023-04-08 11:14:34,445] {processor.py:651} INFO - DAG(s) dict_keys(['example_xcom']) retrieved from /home/airflow/.local/lib/python3.7/site-packages/airflow/example_dags/example_xcom.py
[2023-04-08 11:14:34,741] {logging_mixin.py:115} INFO - [2023-04-08 11:14:34,741] {dag.py:2371} INFO - Sync 1 DAGs
[2023-04-08 11:14:34,766] {logging_mixin.py:115} INFO - [2023-04-08 11:14:34,766] {dag.py:2919} INFO - Setting next_dagrun for example_xcom to 2021-01-01T00:00:00+00:00, run_after=2021-01-01T00:00:00+00:00
[2023-04-08 11:14:34,775] {processor.py:161} INFO - Processing /home/airflow/.local/lib/python3.7/site-packages/airflow/example_dags/example_xcom.py took 0.348 seconds
[2023-04-08 11:47:32,754] {processor.py:153} INFO - Started process (PID=51439) to work on /home/airflow/.local/lib/python3.7/site-packages/airflow/example_dags/example_xcom.py
[2023-04-08 11:47:32,757] {processor.py:641} INFO - Processing file /home/airflow/.local/lib/python3.7/site-packages/airflow/example_dags/example_xcom.py for tasks to queue
[2023-04-08 11:47:32,758] {logging_mixin.py:115} INFO - [2023-04-08 11:47:32,757] {dagbag.py:507} INFO - Filling up the DagBag from /home/airflow/.local/lib/python3.7/site-packages/airflow/example_dags/example_xcom.py
[2023-04-08 11:47:32,773] {processor.py:651} INFO - DAG(s) dict_keys(['example_xcom']) retrieved from /home/airflow/.local/lib/python3.7/site-packages/airflow/example_dags/example_xcom.py
[2023-04-08 11:47:32,833] {logging_mixin.py:115} INFO - [2023-04-08 11:47:32,833] {dag.py:2371} INFO - Sync 1 DAGs
[2023-04-08 11:47:32,847] {logging_mixin.py:115} INFO - [2023-04-08 11:47:32,847] {dag.py:2919} INFO - Setting next_dagrun for example_xcom to 2021-01-01T00:00:00+00:00, run_after=2021-01-01T00:00:00+00:00
[2023-04-08 11:47:32,856] {processor.py:161} INFO - Processing /home/airflow/.local/lib/python3.7/site-packages/airflow/example_dags/example_xcom.py took 0.106 seconds
[2023-04-08 11:48:03,375] {processor.py:153} INFO - Started process (PID=51502) to work on /home/airflow/.local/lib/python3.7/site-packages/airflow/example_dags/example_xcom.py
[2023-04-08 11:48:03,379] {processor.py:641} INFO - Processing file /home/airflow/.local/lib/python3.7/site-packages/airflow/example_dags/example_xcom.py for tasks to queue
[2023-04-08 11:48:03,379] {logging_mixin.py:115} INFO - [2023-04-08 11:48:03,379] {dagbag.py:507} INFO - Filling up the DagBag from /home/airflow/.local/lib/python3.7/site-packages/airflow/example_dags/example_xcom.py
[2023-04-08 11:48:03,390] {processor.py:651} INFO - DAG(s) dict_keys(['example_xcom']) retrieved from /home/airflow/.local/lib/python3.7/site-packages/airflow/example_dags/example_xcom.py
[2023-04-08 11:48:03,411] {logging_mixin.py:115} INFO - [2023-04-08 11:48:03,411] {dag.py:2371} INFO - Sync 1 DAGs
[2023-04-08 11:48:03,426] {logging_mixin.py:115} INFO - [2023-04-08 11:48:03,426] {dag.py:2919} INFO - Setting next_dagrun for example_xcom to 2021-01-01T00:00:00+00:00, run_after=2021-01-01T00:00:00+00:00
[2023-04-08 11:48:03,433] {processor.py:161} INFO - Processing /home/airflow/.local/lib/python3.7/site-packages/airflow/example_dags/example_xcom.py took 0.060 seconds
[2023-04-08 12:54:20,026] {processor.py:153} INFO - Started process (PID=51563) to work on /home/airflow/.local/lib/python3.7/site-packages/airflow/example_dags/example_xcom.py
[2023-04-08 12:54:20,027] {processor.py:641} INFO - Processing file /home/airflow/.local/lib/python3.7/site-packages/airflow/example_dags/example_xcom.py for tasks to queue
[2023-04-08 12:54:20,027] {logging_mixin.py:115} INFO - [2023-04-08 12:54:20,027] {dagbag.py:507} INFO - Filling up the DagBag from /home/airflow/.local/lib/python3.7/site-packages/airflow/example_dags/example_xcom.py
[2023-04-08 12:54:20,038] {processor.py:651} INFO - DAG(s) dict_keys(['example_xcom']) retrieved from /home/airflow/.local/lib/python3.7/site-packages/airflow/example_dags/example_xcom.py
[2023-04-08 12:54:20,073] {logging_mixin.py:115} INFO - [2023-04-08 12:54:20,073] {dag.py:2371} INFO - Sync 1 DAGs
[2023-04-08 12:54:20,082] {logging_mixin.py:115} INFO - [2023-04-08 12:54:20,082] {dag.py:2919} INFO - Setting next_dagrun for example_xcom to 2021-01-01T00:00:00+00:00, run_after=2021-01-01T00:00:00+00:00
[2023-04-08 12:54:20,088] {processor.py:161} INFO - Processing /home/airflow/.local/lib/python3.7/site-packages/airflow/example_dags/example_xcom.py took 0.064 seconds
[2023-04-08 14:13:38,791] {processor.py:153} INFO - Started process (PID=51625) to work on /home/airflow/.local/lib/python3.7/site-packages/airflow/example_dags/example_xcom.py
[2023-04-08 14:13:38,792] {processor.py:641} INFO - Processing file /home/airflow/.local/lib/python3.7/site-packages/airflow/example_dags/example_xcom.py for tasks to queue
[2023-04-08 14:13:38,792] {logging_mixin.py:115} INFO - [2023-04-08 14:13:38,792] {dagbag.py:507} INFO - Filling up the DagBag from /home/airflow/.local/lib/python3.7/site-packages/airflow/example_dags/example_xcom.py
[2023-04-08 14:13:38,810] {processor.py:651} INFO - DAG(s) dict_keys(['example_xcom']) retrieved from /home/airflow/.local/lib/python3.7/site-packages/airflow/example_dags/example_xcom.py
[2023-04-08 14:13:38,852] {logging_mixin.py:115} INFO - [2023-04-08 14:13:38,852] {dag.py:2371} INFO - Sync 1 DAGs
[2023-04-08 14:13:38,864] {logging_mixin.py:115} INFO - [2023-04-08 14:13:38,864] {dag.py:2919} INFO - Setting next_dagrun for example_xcom to 2021-01-01T00:00:00+00:00, run_after=2021-01-01T00:00:00+00:00
[2023-04-08 14:13:38,874] {processor.py:161} INFO - Processing /home/airflow/.local/lib/python3.7/site-packages/airflow/example_dags/example_xcom.py took 0.086 seconds
[2023-04-08 15:21:17,987] {processor.py:153} INFO - Started process (PID=51678) to work on /home/airflow/.local/lib/python3.7/site-packages/airflow/example_dags/example_xcom.py
[2023-04-08 15:21:17,987] {processor.py:641} INFO - Processing file /home/airflow/.local/lib/python3.7/site-packages/airflow/example_dags/example_xcom.py for tasks to queue
[2023-04-08 15:21:17,988] {logging_mixin.py:115} INFO - [2023-04-08 15:21:17,988] {dagbag.py:507} INFO - Filling up the DagBag from /home/airflow/.local/lib/python3.7/site-packages/airflow/example_dags/example_xcom.py
[2023-04-08 15:21:17,998] {processor.py:651} INFO - DAG(s) dict_keys(['example_xcom']) retrieved from /home/airflow/.local/lib/python3.7/site-packages/airflow/example_dags/example_xcom.py
[2023-04-08 15:21:18,036] {logging_mixin.py:115} INFO - [2023-04-08 15:21:18,036] {dag.py:2371} INFO - Sync 1 DAGs
[2023-04-08 15:21:18,046] {logging_mixin.py:115} INFO - [2023-04-08 15:21:18,046] {dag.py:2919} INFO - Setting next_dagrun for example_xcom to 2021-01-01T00:00:00+00:00, run_after=2021-01-01T00:00:00+00:00
[2023-04-08 15:21:18,053] {processor.py:161} INFO - Processing /home/airflow/.local/lib/python3.7/site-packages/airflow/example_dags/example_xcom.py took 0.068 seconds
[2023-04-08 16:24:53,535] {processor.py:153} INFO - Started process (PID=51740) to work on /home/airflow/.local/lib/python3.7/site-packages/airflow/example_dags/example_xcom.py
[2023-04-08 16:24:53,537] {processor.py:641} INFO - Processing file /home/airflow/.local/lib/python3.7/site-packages/airflow/example_dags/example_xcom.py for tasks to queue
[2023-04-08 16:24:53,538] {logging_mixin.py:115} INFO - [2023-04-08 16:24:53,538] {dagbag.py:507} INFO - Filling up the DagBag from /home/airflow/.local/lib/python3.7/site-packages/airflow/example_dags/example_xcom.py
[2023-04-08 16:24:53,557] {processor.py:651} INFO - DAG(s) dict_keys(['example_xcom']) retrieved from /home/airflow/.local/lib/python3.7/site-packages/airflow/example_dags/example_xcom.py
[2023-04-08 16:24:53,636] {logging_mixin.py:115} INFO - [2023-04-08 16:24:53,636] {dag.py:2371} INFO - Sync 1 DAGs
[2023-04-08 16:24:53,655] {logging_mixin.py:115} INFO - [2023-04-08 16:24:53,655] {dag.py:2919} INFO - Setting next_dagrun for example_xcom to 2021-01-01T00:00:00+00:00, run_after=2021-01-01T00:00:00+00:00
[2023-04-08 16:24:53,667] {processor.py:161} INFO - Processing /home/airflow/.local/lib/python3.7/site-packages/airflow/example_dags/example_xcom.py took 0.135 seconds
[2023-04-08 17:46:20,805] {processor.py:153} INFO - Started process (PID=51802) to work on /home/airflow/.local/lib/python3.7/site-packages/airflow/example_dags/example_xcom.py
[2023-04-08 17:46:20,806] {processor.py:641} INFO - Processing file /home/airflow/.local/lib/python3.7/site-packages/airflow/example_dags/example_xcom.py for tasks to queue
[2023-04-08 17:46:20,807] {logging_mixin.py:115} INFO - [2023-04-08 17:46:20,807] {dagbag.py:507} INFO - Filling up the DagBag from /home/airflow/.local/lib/python3.7/site-packages/airflow/example_dags/example_xcom.py
[2023-04-08 17:46:20,816] {processor.py:651} INFO - DAG(s) dict_keys(['example_xcom']) retrieved from /home/airflow/.local/lib/python3.7/site-packages/airflow/example_dags/example_xcom.py
[2023-04-08 17:46:20,852] {logging_mixin.py:115} INFO - [2023-04-08 17:46:20,852] {dag.py:2371} INFO - Sync 1 DAGs
[2023-04-08 17:46:20,862] {logging_mixin.py:115} INFO - [2023-04-08 17:46:20,862] {dag.py:2919} INFO - Setting next_dagrun for example_xcom to 2021-01-01T00:00:00+00:00, run_after=2021-01-01T00:00:00+00:00
[2023-04-08 17:46:20,869] {processor.py:161} INFO - Processing /home/airflow/.local/lib/python3.7/site-packages/airflow/example_dags/example_xcom.py took 0.065 seconds
[2023-04-08 18:52:20,135] {processor.py:153} INFO - Started process (PID=51864) to work on /home/airflow/.local/lib/python3.7/site-packages/airflow/example_dags/example_xcom.py
[2023-04-08 18:52:20,138] {processor.py:641} INFO - Processing file /home/airflow/.local/lib/python3.7/site-packages/airflow/example_dags/example_xcom.py for tasks to queue
[2023-04-08 18:52:20,139] {logging_mixin.py:115} INFO - [2023-04-08 18:52:20,139] {dagbag.py:507} INFO - Filling up the DagBag from /home/airflow/.local/lib/python3.7/site-packages/airflow/example_dags/example_xcom.py
[2023-04-08 18:52:20,159] {processor.py:651} INFO - DAG(s) dict_keys(['example_xcom']) retrieved from /home/airflow/.local/lib/python3.7/site-packages/airflow/example_dags/example_xcom.py
[2023-04-08 18:52:20,221] {logging_mixin.py:115} INFO - [2023-04-08 18:52:20,221] {dag.py:2371} INFO - Sync 1 DAGs
[2023-04-08 18:52:20,233] {logging_mixin.py:115} INFO - [2023-04-08 18:52:20,233] {dag.py:2919} INFO - Setting next_dagrun for example_xcom to 2021-01-01T00:00:00+00:00, run_after=2021-01-01T00:00:00+00:00
[2023-04-08 18:52:20,241] {processor.py:161} INFO - Processing /home/airflow/.local/lib/python3.7/site-packages/airflow/example_dags/example_xcom.py took 0.110 seconds
[2023-04-08 20:00:24,231] {processor.py:153} INFO - Started process (PID=51925) to work on /home/airflow/.local/lib/python3.7/site-packages/airflow/example_dags/example_xcom.py
[2023-04-08 20:00:24,231] {processor.py:641} INFO - Processing file /home/airflow/.local/lib/python3.7/site-packages/airflow/example_dags/example_xcom.py for tasks to queue
[2023-04-08 20:00:24,232] {logging_mixin.py:115} INFO - [2023-04-08 20:00:24,232] {dagbag.py:507} INFO - Filling up the DagBag from /home/airflow/.local/lib/python3.7/site-packages/airflow/example_dags/example_xcom.py
[2023-04-08 20:00:24,242] {processor.py:651} INFO - DAG(s) dict_keys(['example_xcom']) retrieved from /home/airflow/.local/lib/python3.7/site-packages/airflow/example_dags/example_xcom.py
[2023-04-08 20:00:24,278] {logging_mixin.py:115} INFO - [2023-04-08 20:00:24,278] {dag.py:2371} INFO - Sync 1 DAGs
[2023-04-08 20:00:24,288] {logging_mixin.py:115} INFO - [2023-04-08 20:00:24,288] {dag.py:2919} INFO - Setting next_dagrun for example_xcom to 2021-01-01T00:00:00+00:00, run_after=2021-01-01T00:00:00+00:00
[2023-04-08 20:00:24,294] {processor.py:161} INFO - Processing /home/airflow/.local/lib/python3.7/site-packages/airflow/example_dags/example_xcom.py took 0.065 seconds
[2023-04-08 20:00:54,654] {processor.py:153} INFO - Started process (PID=51978) to work on /home/airflow/.local/lib/python3.7/site-packages/airflow/example_dags/example_xcom.py
[2023-04-08 20:00:54,655] {processor.py:641} INFO - Processing file /home/airflow/.local/lib/python3.7/site-packages/airflow/example_dags/example_xcom.py for tasks to queue
[2023-04-08 20:00:54,655] {logging_mixin.py:115} INFO - [2023-04-08 20:00:54,655] {dagbag.py:507} INFO - Filling up the DagBag from /home/airflow/.local/lib/python3.7/site-packages/airflow/example_dags/example_xcom.py
[2023-04-08 20:00:54,665] {processor.py:651} INFO - DAG(s) dict_keys(['example_xcom']) retrieved from /home/airflow/.local/lib/python3.7/site-packages/airflow/example_dags/example_xcom.py
[2023-04-08 20:00:54,681] {logging_mixin.py:115} INFO - [2023-04-08 20:00:54,681] {dag.py:2371} INFO - Sync 1 DAGs
[2023-04-08 20:00:54,692] {logging_mixin.py:115} INFO - [2023-04-08 20:00:54,692] {dag.py:2919} INFO - Setting next_dagrun for example_xcom to 2021-01-01T00:00:00+00:00, run_after=2021-01-01T00:00:00+00:00
[2023-04-08 20:00:54,698] {processor.py:161} INFO - Processing /home/airflow/.local/lib/python3.7/site-packages/airflow/example_dags/example_xcom.py took 0.046 seconds
[2023-04-08 20:49:44,411] {processor.py:153} INFO - Started process (PID=52040) to work on /home/airflow/.local/lib/python3.7/site-packages/airflow/example_dags/example_xcom.py
[2023-04-08 20:49:44,412] {processor.py:641} INFO - Processing file /home/airflow/.local/lib/python3.7/site-packages/airflow/example_dags/example_xcom.py for tasks to queue
[2023-04-08 20:49:44,412] {logging_mixin.py:115} INFO - [2023-04-08 20:49:44,412] {dagbag.py:507} INFO - Filling up the DagBag from /home/airflow/.local/lib/python3.7/site-packages/airflow/example_dags/example_xcom.py
[2023-04-08 20:49:44,425] {processor.py:651} INFO - DAG(s) dict_keys(['example_xcom']) retrieved from /home/airflow/.local/lib/python3.7/site-packages/airflow/example_dags/example_xcom.py
[2023-04-08 20:49:44,453] {logging_mixin.py:115} INFO - [2023-04-08 20:49:44,453] {dag.py:2371} INFO - Sync 1 DAGs
[2023-04-08 20:49:44,469] {logging_mixin.py:115} INFO - [2023-04-08 20:49:44,469] {dag.py:2919} INFO - Setting next_dagrun for example_xcom to 2021-01-01T00:00:00+00:00, run_after=2021-01-01T00:00:00+00:00
[2023-04-08 20:49:44,479] {processor.py:161} INFO - Processing /home/airflow/.local/lib/python3.7/site-packages/airflow/example_dags/example_xcom.py took 0.071 seconds
[2023-04-08 22:14:43,690] {processor.py:153} INFO - Started process (PID=52102) to work on /home/airflow/.local/lib/python3.7/site-packages/airflow/example_dags/example_xcom.py
[2023-04-08 22:14:43,691] {processor.py:641} INFO - Processing file /home/airflow/.local/lib/python3.7/site-packages/airflow/example_dags/example_xcom.py for tasks to queue
[2023-04-08 22:14:43,692] {logging_mixin.py:115} INFO - [2023-04-08 22:14:43,692] {dagbag.py:507} INFO - Filling up the DagBag from /home/airflow/.local/lib/python3.7/site-packages/airflow/example_dags/example_xcom.py
[2023-04-08 22:14:43,710] {processor.py:651} INFO - DAG(s) dict_keys(['example_xcom']) retrieved from /home/airflow/.local/lib/python3.7/site-packages/airflow/example_dags/example_xcom.py
[2023-04-08 22:14:43,753] {logging_mixin.py:115} INFO - [2023-04-08 22:14:43,753] {dag.py:2371} INFO - Sync 1 DAGs
[2023-04-08 22:14:43,765] {logging_mixin.py:115} INFO - [2023-04-08 22:14:43,765] {dag.py:2919} INFO - Setting next_dagrun for example_xcom to 2021-01-01T00:00:00+00:00, run_after=2021-01-01T00:00:00+00:00
[2023-04-08 22:14:43,772] {processor.py:161} INFO - Processing /home/airflow/.local/lib/python3.7/site-packages/airflow/example_dags/example_xcom.py took 0.086 seconds
[2023-04-08 23:20:17,102] {processor.py:153} INFO - Started process (PID=52164) to work on /home/airflow/.local/lib/python3.7/site-packages/airflow/example_dags/example_xcom.py
[2023-04-08 23:20:17,104] {processor.py:641} INFO - Processing file /home/airflow/.local/lib/python3.7/site-packages/airflow/example_dags/example_xcom.py for tasks to queue
[2023-04-08 23:20:17,104] {logging_mixin.py:115} INFO - [2023-04-08 23:20:17,104] {dagbag.py:507} INFO - Filling up the DagBag from /home/airflow/.local/lib/python3.7/site-packages/airflow/example_dags/example_xcom.py
[2023-04-08 23:20:17,119] {processor.py:651} INFO - DAG(s) dict_keys(['example_xcom']) retrieved from /home/airflow/.local/lib/python3.7/site-packages/airflow/example_dags/example_xcom.py
[2023-04-08 23:20:17,207] {logging_mixin.py:115} INFO - [2023-04-08 23:20:17,207] {dag.py:2371} INFO - Sync 1 DAGs
[2023-04-08 23:20:17,225] {logging_mixin.py:115} INFO - [2023-04-08 23:20:17,225] {dag.py:2919} INFO - Setting next_dagrun for example_xcom to 2021-01-01T00:00:00+00:00, run_after=2021-01-01T00:00:00+00:00
[2023-04-08 23:20:17,243] {processor.py:161} INFO - Processing /home/airflow/.local/lib/python3.7/site-packages/airflow/example_dags/example_xcom.py took 0.144 seconds
