[2023-04-08 00:00:27,894] {processor.py:153} INFO - Started process (PID=50731) to work on /home/airflow/.local/lib/python3.7/site-packages/airflow/example_dags/example_dag_decorator.py
[2023-04-08 00:00:27,895] {processor.py:641} INFO - Processing file /home/airflow/.local/lib/python3.7/site-packages/airflow/example_dags/example_dag_decorator.py for tasks to queue
[2023-04-08 00:00:27,895] {logging_mixin.py:115} INFO - [2023-04-08 00:00:27,895] {dagbag.py:507} INFO - Filling up the DagBag from /home/airflow/.local/lib/python3.7/site-packages/airflow/example_dags/example_dag_decorator.py
[2023-04-08 00:00:27,907] {processor.py:651} INFO - DAG(s) dict_keys(['example_dag_decorator']) retrieved from /home/airflow/.local/lib/python3.7/site-packages/airflow/example_dags/example_dag_decorator.py
[2023-04-08 00:00:27,939] {logging_mixin.py:115} INFO - [2023-04-08 00:00:27,939] {dag.py:2371} INFO - Sync 1 DAGs
[2023-04-08 00:00:27,948] {logging_mixin.py:115} INFO - [2023-04-08 00:00:27,948] {dag.py:2919} INFO - Setting next_dagrun for example_dag_decorator to None, run_after=None
[2023-04-08 00:00:27,954] {processor.py:161} INFO - Processing /home/airflow/.local/lib/python3.7/site-packages/airflow/example_dags/example_dag_decorator.py took 0.062 seconds
[2023-04-08 01:09:12,953] {processor.py:153} INFO - Started process (PID=50792) to work on /home/airflow/.local/lib/python3.7/site-packages/airflow/example_dags/example_dag_decorator.py
[2023-04-08 01:09:12,961] {processor.py:641} INFO - Processing file /home/airflow/.local/lib/python3.7/site-packages/airflow/example_dags/example_dag_decorator.py for tasks to queue
[2023-04-08 01:09:12,962] {logging_mixin.py:115} INFO - [2023-04-08 01:09:12,962] {dagbag.py:507} INFO - Filling up the DagBag from /home/airflow/.local/lib/python3.7/site-packages/airflow/example_dags/example_dag_decorator.py
[2023-04-08 01:09:13,053] {processor.py:651} INFO - DAG(s) dict_keys(['example_dag_decorator']) retrieved from /home/airflow/.local/lib/python3.7/site-packages/airflow/example_dags/example_dag_decorator.py
[2023-04-08 01:09:13,166] {logging_mixin.py:115} INFO - [2023-04-08 01:09:13,166] {dag.py:2371} INFO - Sync 1 DAGs
[2023-04-08 01:09:13,203] {logging_mixin.py:115} INFO - [2023-04-08 01:09:13,203] {dag.py:2919} INFO - Setting next_dagrun for example_dag_decorator to None, run_after=None
[2023-04-08 01:09:13,231] {processor.py:161} INFO - Processing /home/airflow/.local/lib/python3.7/site-packages/airflow/example_dags/example_dag_decorator.py took 0.283 seconds
[2023-04-08 02:16:03,608] {processor.py:153} INFO - Started process (PID=50846) to work on /home/airflow/.local/lib/python3.7/site-packages/airflow/example_dags/example_dag_decorator.py
[2023-04-08 02:16:03,609] {processor.py:641} INFO - Processing file /home/airflow/.local/lib/python3.7/site-packages/airflow/example_dags/example_dag_decorator.py for tasks to queue
[2023-04-08 02:16:03,610] {logging_mixin.py:115} INFO - [2023-04-08 02:16:03,609] {dagbag.py:507} INFO - Filling up the DagBag from /home/airflow/.local/lib/python3.7/site-packages/airflow/example_dags/example_dag_decorator.py
[2023-04-08 02:16:03,623] {processor.py:651} INFO - DAG(s) dict_keys(['example_dag_decorator']) retrieved from /home/airflow/.local/lib/python3.7/site-packages/airflow/example_dags/example_dag_decorator.py
[2023-04-08 02:16:03,659] {logging_mixin.py:115} INFO - [2023-04-08 02:16:03,659] {dag.py:2371} INFO - Sync 1 DAGs
[2023-04-08 02:16:03,669] {logging_mixin.py:115} INFO - [2023-04-08 02:16:03,669] {dag.py:2919} INFO - Setting next_dagrun for example_dag_decorator to None, run_after=None
[2023-04-08 02:16:03,675] {processor.py:161} INFO - Processing /home/airflow/.local/lib/python3.7/site-packages/airflow/example_dags/example_dag_decorator.py took 0.068 seconds
[2023-04-08 03:21:44,846] {processor.py:153} INFO - Started process (PID=50908) to work on /home/airflow/.local/lib/python3.7/site-packages/airflow/example_dags/example_dag_decorator.py
[2023-04-08 03:21:44,850] {processor.py:641} INFO - Processing file /home/airflow/.local/lib/python3.7/site-packages/airflow/example_dags/example_dag_decorator.py for tasks to queue
[2023-04-08 03:21:44,851] {logging_mixin.py:115} INFO - [2023-04-08 03:21:44,851] {dagbag.py:507} INFO - Filling up the DagBag from /home/airflow/.local/lib/python3.7/site-packages/airflow/example_dags/example_dag_decorator.py
[2023-04-08 03:21:44,885] {processor.py:651} INFO - DAG(s) dict_keys(['example_dag_decorator']) retrieved from /home/airflow/.local/lib/python3.7/site-packages/airflow/example_dags/example_dag_decorator.py
[2023-04-08 03:21:44,950] {logging_mixin.py:115} INFO - [2023-04-08 03:21:44,950] {dag.py:2371} INFO - Sync 1 DAGs
[2023-04-08 03:21:44,969] {logging_mixin.py:115} INFO - [2023-04-08 03:21:44,968] {dag.py:2919} INFO - Setting next_dagrun for example_dag_decorator to None, run_after=None
[2023-04-08 03:21:44,976] {processor.py:161} INFO - Processing /home/airflow/.local/lib/python3.7/site-packages/airflow/example_dags/example_dag_decorator.py took 0.135 seconds
[2023-04-08 03:34:47,992] {processor.py:153} INFO - Started process (PID=50969) to work on /home/airflow/.local/lib/python3.7/site-packages/airflow/example_dags/example_dag_decorator.py
[2023-04-08 03:34:47,992] {processor.py:641} INFO - Processing file /home/airflow/.local/lib/python3.7/site-packages/airflow/example_dags/example_dag_decorator.py for tasks to queue
[2023-04-08 03:34:47,993] {logging_mixin.py:115} INFO - [2023-04-08 03:34:47,993] {dagbag.py:507} INFO - Filling up the DagBag from /home/airflow/.local/lib/python3.7/site-packages/airflow/example_dags/example_dag_decorator.py
[2023-04-08 03:34:48,007] {processor.py:651} INFO - DAG(s) dict_keys(['example_dag_decorator']) retrieved from /home/airflow/.local/lib/python3.7/site-packages/airflow/example_dags/example_dag_decorator.py
[2023-04-08 03:34:48,042] {logging_mixin.py:115} INFO - [2023-04-08 03:34:48,042] {dag.py:2371} INFO - Sync 1 DAGs
[2023-04-08 03:34:48,054] {logging_mixin.py:115} INFO - [2023-04-08 03:34:48,054] {dag.py:2919} INFO - Setting next_dagrun for example_dag_decorator to None, run_after=None
[2023-04-08 03:34:48,060] {processor.py:161} INFO - Processing /home/airflow/.local/lib/python3.7/site-packages/airflow/example_dags/example_dag_decorator.py took 0.071 seconds
[2023-04-08 04:06:58,346] {processor.py:153} INFO - Started process (PID=51031) to work on /home/airflow/.local/lib/python3.7/site-packages/airflow/example_dags/example_dag_decorator.py
[2023-04-08 04:06:58,347] {processor.py:641} INFO - Processing file /home/airflow/.local/lib/python3.7/site-packages/airflow/example_dags/example_dag_decorator.py for tasks to queue
[2023-04-08 04:06:58,347] {logging_mixin.py:115} INFO - [2023-04-08 04:06:58,347] {dagbag.py:507} INFO - Filling up the DagBag from /home/airflow/.local/lib/python3.7/site-packages/airflow/example_dags/example_dag_decorator.py
[2023-04-08 04:06:58,360] {processor.py:651} INFO - DAG(s) dict_keys(['example_dag_decorator']) retrieved from /home/airflow/.local/lib/python3.7/site-packages/airflow/example_dags/example_dag_decorator.py
[2023-04-08 04:06:58,393] {logging_mixin.py:115} INFO - [2023-04-08 04:06:58,393] {dag.py:2371} INFO - Sync 1 DAGs
[2023-04-08 04:06:58,402] {logging_mixin.py:115} INFO - [2023-04-08 04:06:58,402] {dag.py:2919} INFO - Setting next_dagrun for example_dag_decorator to None, run_after=None
[2023-04-08 04:06:58,407] {processor.py:161} INFO - Processing /home/airflow/.local/lib/python3.7/site-packages/airflow/example_dags/example_dag_decorator.py took 0.063 seconds
[2023-04-08 05:27:57,767] {processor.py:153} INFO - Started process (PID=51094) to work on /home/airflow/.local/lib/python3.7/site-packages/airflow/example_dags/example_dag_decorator.py
[2023-04-08 05:27:57,767] {processor.py:641} INFO - Processing file /home/airflow/.local/lib/python3.7/site-packages/airflow/example_dags/example_dag_decorator.py for tasks to queue
[2023-04-08 05:27:57,768] {logging_mixin.py:115} INFO - [2023-04-08 05:27:57,768] {dagbag.py:507} INFO - Filling up the DagBag from /home/airflow/.local/lib/python3.7/site-packages/airflow/example_dags/example_dag_decorator.py
[2023-04-08 05:27:57,783] {processor.py:651} INFO - DAG(s) dict_keys(['example_dag_decorator']) retrieved from /home/airflow/.local/lib/python3.7/site-packages/airflow/example_dags/example_dag_decorator.py
[2023-04-08 05:27:57,823] {logging_mixin.py:115} INFO - [2023-04-08 05:27:57,823] {dag.py:2371} INFO - Sync 1 DAGs
[2023-04-08 05:27:57,832] {logging_mixin.py:115} INFO - [2023-04-08 05:27:57,832] {dag.py:2919} INFO - Setting next_dagrun for example_dag_decorator to None, run_after=None
[2023-04-08 05:27:57,838] {processor.py:161} INFO - Processing /home/airflow/.local/lib/python3.7/site-packages/airflow/example_dags/example_dag_decorator.py took 0.074 seconds
[2023-04-08 06:37:05,007] {processor.py:153} INFO - Started process (PID=51147) to work on /home/airflow/.local/lib/python3.7/site-packages/airflow/example_dags/example_dag_decorator.py
[2023-04-08 06:37:05,008] {processor.py:641} INFO - Processing file /home/airflow/.local/lib/python3.7/site-packages/airflow/example_dags/example_dag_decorator.py for tasks to queue
[2023-04-08 06:37:05,008] {logging_mixin.py:115} INFO - [2023-04-08 06:37:05,008] {dagbag.py:507} INFO - Filling up the DagBag from /home/airflow/.local/lib/python3.7/site-packages/airflow/example_dags/example_dag_decorator.py
[2023-04-08 06:37:05,021] {processor.py:651} INFO - DAG(s) dict_keys(['example_dag_decorator']) retrieved from /home/airflow/.local/lib/python3.7/site-packages/airflow/example_dags/example_dag_decorator.py
[2023-04-08 06:37:05,056] {logging_mixin.py:115} INFO - [2023-04-08 06:37:05,056] {dag.py:2371} INFO - Sync 1 DAGs
[2023-04-08 06:37:05,067] {logging_mixin.py:115} INFO - [2023-04-08 06:37:05,066] {dag.py:2919} INFO - Setting next_dagrun for example_dag_decorator to None, run_after=None
[2023-04-08 06:37:05,073] {processor.py:161} INFO - Processing /home/airflow/.local/lib/python3.7/site-packages/airflow/example_dags/example_dag_decorator.py took 0.068 seconds
[2023-04-08 07:39:09,243] {processor.py:153} INFO - Started process (PID=51208) to work on /home/airflow/.local/lib/python3.7/site-packages/airflow/example_dags/example_dag_decorator.py
[2023-04-08 07:39:09,244] {processor.py:641} INFO - Processing file /home/airflow/.local/lib/python3.7/site-packages/airflow/example_dags/example_dag_decorator.py for tasks to queue
[2023-04-08 07:39:09,244] {logging_mixin.py:115} INFO - [2023-04-08 07:39:09,244] {dagbag.py:507} INFO - Filling up the DagBag from /home/airflow/.local/lib/python3.7/site-packages/airflow/example_dags/example_dag_decorator.py
[2023-04-08 07:39:09,258] {processor.py:651} INFO - DAG(s) dict_keys(['example_dag_decorator']) retrieved from /home/airflow/.local/lib/python3.7/site-packages/airflow/example_dags/example_dag_decorator.py
[2023-04-08 07:39:09,295] {logging_mixin.py:115} INFO - [2023-04-08 07:39:09,295] {dag.py:2371} INFO - Sync 1 DAGs
[2023-04-08 07:39:09,304] {logging_mixin.py:115} INFO - [2023-04-08 07:39:09,304] {dag.py:2919} INFO - Setting next_dagrun for example_dag_decorator to None, run_after=None
[2023-04-08 07:39:09,310] {processor.py:161} INFO - Processing /home/airflow/.local/lib/python3.7/site-packages/airflow/example_dags/example_dag_decorator.py took 0.070 seconds
[2023-04-08 09:01:42,410] {processor.py:153} INFO - Started process (PID=51270) to work on /home/airflow/.local/lib/python3.7/site-packages/airflow/example_dags/example_dag_decorator.py
[2023-04-08 09:01:42,411] {processor.py:641} INFO - Processing file /home/airflow/.local/lib/python3.7/site-packages/airflow/example_dags/example_dag_decorator.py for tasks to queue
[2023-04-08 09:01:42,411] {logging_mixin.py:115} INFO - [2023-04-08 09:01:42,411] {dagbag.py:507} INFO - Filling up the DagBag from /home/airflow/.local/lib/python3.7/site-packages/airflow/example_dags/example_dag_decorator.py
[2023-04-08 09:01:42,425] {processor.py:651} INFO - DAG(s) dict_keys(['example_dag_decorator']) retrieved from /home/airflow/.local/lib/python3.7/site-packages/airflow/example_dags/example_dag_decorator.py
[2023-04-08 09:01:42,463] {logging_mixin.py:115} INFO - [2023-04-08 09:01:42,463] {dag.py:2371} INFO - Sync 1 DAGs
[2023-04-08 09:01:42,474] {logging_mixin.py:115} INFO - [2023-04-08 09:01:42,474] {dag.py:2919} INFO - Setting next_dagrun for example_dag_decorator to None, run_after=None
[2023-04-08 09:01:42,480] {processor.py:161} INFO - Processing /home/airflow/.local/lib/python3.7/site-packages/airflow/example_dags/example_dag_decorator.py took 0.073 seconds
[2023-04-08 10:07:01,658] {processor.py:153} INFO - Started process (PID=51332) to work on /home/airflow/.local/lib/python3.7/site-packages/airflow/example_dags/example_dag_decorator.py
[2023-04-08 10:07:01,659] {processor.py:641} INFO - Processing file /home/airflow/.local/lib/python3.7/site-packages/airflow/example_dags/example_dag_decorator.py for tasks to queue
[2023-04-08 10:07:01,659] {logging_mixin.py:115} INFO - [2023-04-08 10:07:01,659] {dagbag.py:507} INFO - Filling up the DagBag from /home/airflow/.local/lib/python3.7/site-packages/airflow/example_dags/example_dag_decorator.py
[2023-04-08 10:07:01,673] {processor.py:651} INFO - DAG(s) dict_keys(['example_dag_decorator']) retrieved from /home/airflow/.local/lib/python3.7/site-packages/airflow/example_dags/example_dag_decorator.py
[2023-04-08 10:07:01,709] {logging_mixin.py:115} INFO - [2023-04-08 10:07:01,709] {dag.py:2371} INFO - Sync 1 DAGs
[2023-04-08 10:07:01,717] {logging_mixin.py:115} INFO - [2023-04-08 10:07:01,717] {dag.py:2919} INFO - Setting next_dagrun for example_dag_decorator to None, run_after=None
[2023-04-08 10:07:01,723] {processor.py:161} INFO - Processing /home/airflow/.local/lib/python3.7/site-packages/airflow/example_dags/example_dag_decorator.py took 0.067 seconds
[2023-04-08 11:14:35,063] {processor.py:153} INFO - Started process (PID=51394) to work on /home/airflow/.local/lib/python3.7/site-packages/airflow/example_dags/example_dag_decorator.py
[2023-04-08 11:14:35,064] {processor.py:641} INFO - Processing file /home/airflow/.local/lib/python3.7/site-packages/airflow/example_dags/example_dag_decorator.py for tasks to queue
[2023-04-08 11:14:35,065] {logging_mixin.py:115} INFO - [2023-04-08 11:14:35,065] {dagbag.py:507} INFO - Filling up the DagBag from /home/airflow/.local/lib/python3.7/site-packages/airflow/example_dags/example_dag_decorator.py
[2023-04-08 11:14:35,080] {processor.py:651} INFO - DAG(s) dict_keys(['example_dag_decorator']) retrieved from /home/airflow/.local/lib/python3.7/site-packages/airflow/example_dags/example_dag_decorator.py
[2023-04-08 11:14:35,126] {logging_mixin.py:115} INFO - [2023-04-08 11:14:35,126] {dag.py:2371} INFO - Sync 1 DAGs
[2023-04-08 11:14:35,140] {logging_mixin.py:115} INFO - [2023-04-08 11:14:35,140] {dag.py:2919} INFO - Setting next_dagrun for example_dag_decorator to None, run_after=None
[2023-04-08 11:14:35,152] {processor.py:161} INFO - Processing /home/airflow/.local/lib/python3.7/site-packages/airflow/example_dags/example_dag_decorator.py took 0.092 seconds
[2023-04-08 11:47:33,128] {processor.py:153} INFO - Started process (PID=51447) to work on /home/airflow/.local/lib/python3.7/site-packages/airflow/example_dags/example_dag_decorator.py
[2023-04-08 11:47:33,128] {processor.py:641} INFO - Processing file /home/airflow/.local/lib/python3.7/site-packages/airflow/example_dags/example_dag_decorator.py for tasks to queue
[2023-04-08 11:47:33,129] {logging_mixin.py:115} INFO - [2023-04-08 11:47:33,129] {dagbag.py:507} INFO - Filling up the DagBag from /home/airflow/.local/lib/python3.7/site-packages/airflow/example_dags/example_dag_decorator.py
[2023-04-08 11:47:33,143] {processor.py:651} INFO - DAG(s) dict_keys(['example_dag_decorator']) retrieved from /home/airflow/.local/lib/python3.7/site-packages/airflow/example_dags/example_dag_decorator.py
[2023-04-08 11:47:33,178] {logging_mixin.py:115} INFO - [2023-04-08 11:47:33,178] {dag.py:2371} INFO - Sync 1 DAGs
[2023-04-08 11:47:33,189] {logging_mixin.py:115} INFO - [2023-04-08 11:47:33,189] {dag.py:2919} INFO - Setting next_dagrun for example_dag_decorator to None, run_after=None
[2023-04-08 11:47:33,196] {processor.py:161} INFO - Processing /home/airflow/.local/lib/python3.7/site-packages/airflow/example_dags/example_dag_decorator.py took 0.070 seconds
[2023-04-08 11:48:03,904] {processor.py:153} INFO - Started process (PID=51510) to work on /home/airflow/.local/lib/python3.7/site-packages/airflow/example_dags/example_dag_decorator.py
[2023-04-08 11:48:03,905] {processor.py:641} INFO - Processing file /home/airflow/.local/lib/python3.7/site-packages/airflow/example_dags/example_dag_decorator.py for tasks to queue
[2023-04-08 11:48:03,906] {logging_mixin.py:115} INFO - [2023-04-08 11:48:03,906] {dagbag.py:507} INFO - Filling up the DagBag from /home/airflow/.local/lib/python3.7/site-packages/airflow/example_dags/example_dag_decorator.py
[2023-04-08 11:48:03,920] {processor.py:651} INFO - DAG(s) dict_keys(['example_dag_decorator']) retrieved from /home/airflow/.local/lib/python3.7/site-packages/airflow/example_dags/example_dag_decorator.py
[2023-04-08 11:48:03,937] {logging_mixin.py:115} INFO - [2023-04-08 11:48:03,937] {dag.py:2371} INFO - Sync 1 DAGs
[2023-04-08 11:48:03,948] {logging_mixin.py:115} INFO - [2023-04-08 11:48:03,948] {dag.py:2919} INFO - Setting next_dagrun for example_dag_decorator to None, run_after=None
[2023-04-08 11:48:03,953] {processor.py:161} INFO - Processing /home/airflow/.local/lib/python3.7/site-packages/airflow/example_dags/example_dag_decorator.py took 0.051 seconds
[2023-04-08 12:54:20,309] {processor.py:153} INFO - Started process (PID=51571) to work on /home/airflow/.local/lib/python3.7/site-packages/airflow/example_dags/example_dag_decorator.py
[2023-04-08 12:54:20,309] {processor.py:641} INFO - Processing file /home/airflow/.local/lib/python3.7/site-packages/airflow/example_dags/example_dag_decorator.py for tasks to queue
[2023-04-08 12:54:20,310] {logging_mixin.py:115} INFO - [2023-04-08 12:54:20,310] {dagbag.py:507} INFO - Filling up the DagBag from /home/airflow/.local/lib/python3.7/site-packages/airflow/example_dags/example_dag_decorator.py
[2023-04-08 12:54:20,324] {processor.py:651} INFO - DAG(s) dict_keys(['example_dag_decorator']) retrieved from /home/airflow/.local/lib/python3.7/site-packages/airflow/example_dags/example_dag_decorator.py
[2023-04-08 12:54:20,359] {logging_mixin.py:115} INFO - [2023-04-08 12:54:20,359] {dag.py:2371} INFO - Sync 1 DAGs
[2023-04-08 12:54:20,369] {logging_mixin.py:115} INFO - [2023-04-08 12:54:20,368] {dag.py:2919} INFO - Setting next_dagrun for example_dag_decorator to None, run_after=None
[2023-04-08 12:54:20,375] {processor.py:161} INFO - Processing /home/airflow/.local/lib/python3.7/site-packages/airflow/example_dags/example_dag_decorator.py took 0.068 seconds
[2023-04-08 14:13:39,468] {processor.py:153} INFO - Started process (PID=51633) to work on /home/airflow/.local/lib/python3.7/site-packages/airflow/example_dags/example_dag_decorator.py
[2023-04-08 14:13:39,470] {processor.py:641} INFO - Processing file /home/airflow/.local/lib/python3.7/site-packages/airflow/example_dags/example_dag_decorator.py for tasks to queue
[2023-04-08 14:13:39,472] {logging_mixin.py:115} INFO - [2023-04-08 14:13:39,472] {dagbag.py:507} INFO - Filling up the DagBag from /home/airflow/.local/lib/python3.7/site-packages/airflow/example_dags/example_dag_decorator.py
[2023-04-08 14:13:39,501] {processor.py:651} INFO - DAG(s) dict_keys(['example_dag_decorator']) retrieved from /home/airflow/.local/lib/python3.7/site-packages/airflow/example_dags/example_dag_decorator.py
[2023-04-08 14:13:39,552] {logging_mixin.py:115} INFO - [2023-04-08 14:13:39,552] {dag.py:2371} INFO - Sync 1 DAGs
[2023-04-08 14:13:39,564] {logging_mixin.py:115} INFO - [2023-04-08 14:13:39,564] {dag.py:2919} INFO - Setting next_dagrun for example_dag_decorator to None, run_after=None
[2023-04-08 14:13:39,572] {processor.py:161} INFO - Processing /home/airflow/.local/lib/python3.7/site-packages/airflow/example_dags/example_dag_decorator.py took 0.108 seconds
[2023-04-08 15:21:18,342] {processor.py:153} INFO - Started process (PID=51686) to work on /home/airflow/.local/lib/python3.7/site-packages/airflow/example_dags/example_dag_decorator.py
[2023-04-08 15:21:18,343] {processor.py:641} INFO - Processing file /home/airflow/.local/lib/python3.7/site-packages/airflow/example_dags/example_dag_decorator.py for tasks to queue
[2023-04-08 15:21:18,343] {logging_mixin.py:115} INFO - [2023-04-08 15:21:18,343] {dagbag.py:507} INFO - Filling up the DagBag from /home/airflow/.local/lib/python3.7/site-packages/airflow/example_dags/example_dag_decorator.py
[2023-04-08 15:21:18,358] {processor.py:651} INFO - DAG(s) dict_keys(['example_dag_decorator']) retrieved from /home/airflow/.local/lib/python3.7/site-packages/airflow/example_dags/example_dag_decorator.py
[2023-04-08 15:21:18,393] {logging_mixin.py:115} INFO - [2023-04-08 15:21:18,393] {dag.py:2371} INFO - Sync 1 DAGs
[2023-04-08 15:21:18,402] {logging_mixin.py:115} INFO - [2023-04-08 15:21:18,402] {dag.py:2919} INFO - Setting next_dagrun for example_dag_decorator to None, run_after=None
[2023-04-08 15:21:18,408] {processor.py:161} INFO - Processing /home/airflow/.local/lib/python3.7/site-packages/airflow/example_dags/example_dag_decorator.py took 0.068 seconds
[2023-04-08 16:24:54,041] {processor.py:153} INFO - Started process (PID=51748) to work on /home/airflow/.local/lib/python3.7/site-packages/airflow/example_dags/example_dag_decorator.py
[2023-04-08 16:24:54,042] {processor.py:641} INFO - Processing file /home/airflow/.local/lib/python3.7/site-packages/airflow/example_dags/example_dag_decorator.py for tasks to queue
[2023-04-08 16:24:54,043] {logging_mixin.py:115} INFO - [2023-04-08 16:24:54,043] {dagbag.py:507} INFO - Filling up the DagBag from /home/airflow/.local/lib/python3.7/site-packages/airflow/example_dags/example_dag_decorator.py
[2023-04-08 16:24:54,058] {processor.py:651} INFO - DAG(s) dict_keys(['example_dag_decorator']) retrieved from /home/airflow/.local/lib/python3.7/site-packages/airflow/example_dags/example_dag_decorator.py
[2023-04-08 16:24:54,096] {logging_mixin.py:115} INFO - [2023-04-08 16:24:54,096] {dag.py:2371} INFO - Sync 1 DAGs
[2023-04-08 16:24:54,106] {logging_mixin.py:115} INFO - [2023-04-08 16:24:54,106] {dag.py:2919} INFO - Setting next_dagrun for example_dag_decorator to None, run_after=None
[2023-04-08 16:24:54,112] {processor.py:161} INFO - Processing /home/airflow/.local/lib/python3.7/site-packages/airflow/example_dags/example_dag_decorator.py took 0.073 seconds
[2023-04-08 17:46:21,096] {processor.py:153} INFO - Started process (PID=51810) to work on /home/airflow/.local/lib/python3.7/site-packages/airflow/example_dags/example_dag_decorator.py
[2023-04-08 17:46:21,097] {processor.py:641} INFO - Processing file /home/airflow/.local/lib/python3.7/site-packages/airflow/example_dags/example_dag_decorator.py for tasks to queue
[2023-04-08 17:46:21,098] {logging_mixin.py:115} INFO - [2023-04-08 17:46:21,097] {dagbag.py:507} INFO - Filling up the DagBag from /home/airflow/.local/lib/python3.7/site-packages/airflow/example_dags/example_dag_decorator.py
[2023-04-08 17:46:21,114] {processor.py:651} INFO - DAG(s) dict_keys(['example_dag_decorator']) retrieved from /home/airflow/.local/lib/python3.7/site-packages/airflow/example_dags/example_dag_decorator.py
[2023-04-08 17:46:21,151] {logging_mixin.py:115} INFO - [2023-04-08 17:46:21,151] {dag.py:2371} INFO - Sync 1 DAGs
[2023-04-08 17:46:21,163] {logging_mixin.py:115} INFO - [2023-04-08 17:46:21,163] {dag.py:2919} INFO - Setting next_dagrun for example_dag_decorator to None, run_after=None
[2023-04-08 17:46:21,173] {processor.py:161} INFO - Processing /home/airflow/.local/lib/python3.7/site-packages/airflow/example_dags/example_dag_decorator.py took 0.078 seconds
[2023-04-08 18:52:20,478] {processor.py:153} INFO - Started process (PID=51872) to work on /home/airflow/.local/lib/python3.7/site-packages/airflow/example_dags/example_dag_decorator.py
[2023-04-08 18:52:20,478] {processor.py:641} INFO - Processing file /home/airflow/.local/lib/python3.7/site-packages/airflow/example_dags/example_dag_decorator.py for tasks to queue
[2023-04-08 18:52:20,479] {logging_mixin.py:115} INFO - [2023-04-08 18:52:20,479] {dagbag.py:507} INFO - Filling up the DagBag from /home/airflow/.local/lib/python3.7/site-packages/airflow/example_dags/example_dag_decorator.py
[2023-04-08 18:52:20,493] {processor.py:651} INFO - DAG(s) dict_keys(['example_dag_decorator']) retrieved from /home/airflow/.local/lib/python3.7/site-packages/airflow/example_dags/example_dag_decorator.py
[2023-04-08 18:52:20,530] {logging_mixin.py:115} INFO - [2023-04-08 18:52:20,530] {dag.py:2371} INFO - Sync 1 DAGs
[2023-04-08 18:52:20,539] {logging_mixin.py:115} INFO - [2023-04-08 18:52:20,539] {dag.py:2919} INFO - Setting next_dagrun for example_dag_decorator to None, run_after=None
[2023-04-08 18:52:20,545] {processor.py:161} INFO - Processing /home/airflow/.local/lib/python3.7/site-packages/airflow/example_dags/example_dag_decorator.py took 0.069 seconds
[2023-04-08 20:00:24,521] {processor.py:153} INFO - Started process (PID=51933) to work on /home/airflow/.local/lib/python3.7/site-packages/airflow/example_dags/example_dag_decorator.py
[2023-04-08 20:00:24,522] {processor.py:641} INFO - Processing file /home/airflow/.local/lib/python3.7/site-packages/airflow/example_dags/example_dag_decorator.py for tasks to queue
[2023-04-08 20:00:24,522] {logging_mixin.py:115} INFO - [2023-04-08 20:00:24,522] {dagbag.py:507} INFO - Filling up the DagBag from /home/airflow/.local/lib/python3.7/site-packages/airflow/example_dags/example_dag_decorator.py
[2023-04-08 20:00:24,537] {processor.py:651} INFO - DAG(s) dict_keys(['example_dag_decorator']) retrieved from /home/airflow/.local/lib/python3.7/site-packages/airflow/example_dags/example_dag_decorator.py
[2023-04-08 20:00:24,572] {logging_mixin.py:115} INFO - [2023-04-08 20:00:24,572] {dag.py:2371} INFO - Sync 1 DAGs
[2023-04-08 20:00:24,582] {logging_mixin.py:115} INFO - [2023-04-08 20:00:24,582] {dag.py:2919} INFO - Setting next_dagrun for example_dag_decorator to None, run_after=None
[2023-04-08 20:00:24,588] {processor.py:161} INFO - Processing /home/airflow/.local/lib/python3.7/site-packages/airflow/example_dags/example_dag_decorator.py took 0.069 seconds
[2023-04-08 20:00:54,919] {processor.py:153} INFO - Started process (PID=51986) to work on /home/airflow/.local/lib/python3.7/site-packages/airflow/example_dags/example_dag_decorator.py
[2023-04-08 20:00:54,920] {processor.py:641} INFO - Processing file /home/airflow/.local/lib/python3.7/site-packages/airflow/example_dags/example_dag_decorator.py for tasks to queue
[2023-04-08 20:00:54,921] {logging_mixin.py:115} INFO - [2023-04-08 20:00:54,920] {dagbag.py:507} INFO - Filling up the DagBag from /home/airflow/.local/lib/python3.7/site-packages/airflow/example_dags/example_dag_decorator.py
[2023-04-08 20:00:54,934] {processor.py:651} INFO - DAG(s) dict_keys(['example_dag_decorator']) retrieved from /home/airflow/.local/lib/python3.7/site-packages/airflow/example_dags/example_dag_decorator.py
[2023-04-08 20:00:54,970] {logging_mixin.py:115} INFO - [2023-04-08 20:00:54,970] {dag.py:2371} INFO - Sync 1 DAGs
[2023-04-08 20:00:54,979] {logging_mixin.py:115} INFO - [2023-04-08 20:00:54,979] {dag.py:2919} INFO - Setting next_dagrun for example_dag_decorator to None, run_after=None
[2023-04-08 20:00:54,985] {processor.py:161} INFO - Processing /home/airflow/.local/lib/python3.7/site-packages/airflow/example_dags/example_dag_decorator.py took 0.068 seconds
[2023-04-08 20:49:44,719] {processor.py:153} INFO - Started process (PID=52048) to work on /home/airflow/.local/lib/python3.7/site-packages/airflow/example_dags/example_dag_decorator.py
[2023-04-08 20:49:44,720] {processor.py:641} INFO - Processing file /home/airflow/.local/lib/python3.7/site-packages/airflow/example_dags/example_dag_decorator.py for tasks to queue
[2023-04-08 20:49:44,720] {logging_mixin.py:115} INFO - [2023-04-08 20:49:44,720] {dagbag.py:507} INFO - Filling up the DagBag from /home/airflow/.local/lib/python3.7/site-packages/airflow/example_dags/example_dag_decorator.py
[2023-04-08 20:49:44,734] {processor.py:651} INFO - DAG(s) dict_keys(['example_dag_decorator']) retrieved from /home/airflow/.local/lib/python3.7/site-packages/airflow/example_dags/example_dag_decorator.py
[2023-04-08 20:49:44,770] {logging_mixin.py:115} INFO - [2023-04-08 20:49:44,770] {dag.py:2371} INFO - Sync 1 DAGs
[2023-04-08 20:49:44,779] {logging_mixin.py:115} INFO - [2023-04-08 20:49:44,779] {dag.py:2919} INFO - Setting next_dagrun for example_dag_decorator to None, run_after=None
[2023-04-08 20:49:44,785] {processor.py:161} INFO - Processing /home/airflow/.local/lib/python3.7/site-packages/airflow/example_dags/example_dag_decorator.py took 0.069 seconds
[2023-04-08 22:14:44,025] {processor.py:153} INFO - Started process (PID=52110) to work on /home/airflow/.local/lib/python3.7/site-packages/airflow/example_dags/example_dag_decorator.py
[2023-04-08 22:14:44,026] {processor.py:641} INFO - Processing file /home/airflow/.local/lib/python3.7/site-packages/airflow/example_dags/example_dag_decorator.py for tasks to queue
[2023-04-08 22:14:44,027] {logging_mixin.py:115} INFO - [2023-04-08 22:14:44,027] {dagbag.py:507} INFO - Filling up the DagBag from /home/airflow/.local/lib/python3.7/site-packages/airflow/example_dags/example_dag_decorator.py
[2023-04-08 22:14:44,043] {processor.py:651} INFO - DAG(s) dict_keys(['example_dag_decorator']) retrieved from /home/airflow/.local/lib/python3.7/site-packages/airflow/example_dags/example_dag_decorator.py
[2023-04-08 22:14:44,079] {logging_mixin.py:115} INFO - [2023-04-08 22:14:44,079] {dag.py:2371} INFO - Sync 1 DAGs
[2023-04-08 22:14:44,089] {logging_mixin.py:115} INFO - [2023-04-08 22:14:44,089] {dag.py:2919} INFO - Setting next_dagrun for example_dag_decorator to None, run_after=None
[2023-04-08 22:14:44,096] {processor.py:161} INFO - Processing /home/airflow/.local/lib/python3.7/site-packages/airflow/example_dags/example_dag_decorator.py took 0.073 seconds
[2023-04-08 23:20:17,518] {processor.py:153} INFO - Started process (PID=52172) to work on /home/airflow/.local/lib/python3.7/site-packages/airflow/example_dags/example_dag_decorator.py
[2023-04-08 23:20:17,519] {processor.py:641} INFO - Processing file /home/airflow/.local/lib/python3.7/site-packages/airflow/example_dags/example_dag_decorator.py for tasks to queue
[2023-04-08 23:20:17,519] {logging_mixin.py:115} INFO - [2023-04-08 23:20:17,519] {dagbag.py:507} INFO - Filling up the DagBag from /home/airflow/.local/lib/python3.7/site-packages/airflow/example_dags/example_dag_decorator.py
[2023-04-08 23:20:17,534] {processor.py:651} INFO - DAG(s) dict_keys(['example_dag_decorator']) retrieved from /home/airflow/.local/lib/python3.7/site-packages/airflow/example_dags/example_dag_decorator.py
[2023-04-08 23:20:17,582] {logging_mixin.py:115} INFO - [2023-04-08 23:20:17,582] {dag.py:2371} INFO - Sync 1 DAGs
[2023-04-08 23:20:17,592] {logging_mixin.py:115} INFO - [2023-04-08 23:20:17,592] {dag.py:2919} INFO - Setting next_dagrun for example_dag_decorator to None, run_after=None
[2023-04-08 23:20:17,599] {processor.py:161} INFO - Processing /home/airflow/.local/lib/python3.7/site-packages/airflow/example_dags/example_dag_decorator.py took 0.084 seconds
