[2023-04-08 00:00:27,534] {processor.py:153} INFO - Started process (PID=50722) to work on /home/airflow/.local/lib/python3.7/site-packages/airflow/example_dags/tutorial.py
[2023-04-08 00:00:27,534] {processor.py:641} INFO - Processing file /home/airflow/.local/lib/python3.7/site-packages/airflow/example_dags/tutorial.py for tasks to queue
[2023-04-08 00:00:27,535] {logging_mixin.py:115} INFO - [2023-04-08 00:00:27,535] {dagbag.py:507} INFO - Filling up the DagBag from /home/airflow/.local/lib/python3.7/site-packages/airflow/example_dags/tutorial.py
[2023-04-08 00:00:27,539] {processor.py:651} INFO - DAG(s) dict_keys(['tutorial']) retrieved from /home/airflow/.local/lib/python3.7/site-packages/airflow/example_dags/tutorial.py
[2023-04-08 00:00:27,557] {logging_mixin.py:115} INFO - [2023-04-08 00:00:27,557] {dag.py:2371} INFO - Sync 1 DAGs
[2023-04-08 00:00:27,570] {logging_mixin.py:115} INFO - [2023-04-08 00:00:27,570] {dag.py:2919} INFO - Setting next_dagrun for tutorial to 2023-04-07T00:00:27.570370+00:00, run_after=2023-04-08T00:00:27.570370+00:00
[2023-04-08 00:00:27,577] {processor.py:161} INFO - Processing /home/airflow/.local/lib/python3.7/site-packages/airflow/example_dags/tutorial.py took 0.045 seconds
[2023-04-08 01:09:12,492] {processor.py:153} INFO - Started process (PID=50783) to work on /home/airflow/.local/lib/python3.7/site-packages/airflow/example_dags/tutorial.py
[2023-04-08 01:09:12,493] {processor.py:641} INFO - Processing file /home/airflow/.local/lib/python3.7/site-packages/airflow/example_dags/tutorial.py for tasks to queue
[2023-04-08 01:09:12,493] {logging_mixin.py:115} INFO - [2023-04-08 01:09:12,493] {dagbag.py:507} INFO - Filling up the DagBag from /home/airflow/.local/lib/python3.7/site-packages/airflow/example_dags/tutorial.py
[2023-04-08 01:09:12,497] {processor.py:651} INFO - DAG(s) dict_keys(['tutorial']) retrieved from /home/airflow/.local/lib/python3.7/site-packages/airflow/example_dags/tutorial.py
[2023-04-08 01:09:12,516] {logging_mixin.py:115} INFO - [2023-04-08 01:09:12,516] {dag.py:2371} INFO - Sync 1 DAGs
[2023-04-08 01:09:12,528] {logging_mixin.py:115} INFO - [2023-04-08 01:09:12,528] {dag.py:2919} INFO - Setting next_dagrun for tutorial to 2023-04-07T01:09:12.528350+00:00, run_after=2023-04-08T01:09:12.528350+00:00
[2023-04-08 01:09:12,534] {processor.py:161} INFO - Processing /home/airflow/.local/lib/python3.7/site-packages/airflow/example_dags/tutorial.py took 0.045 seconds
[2023-04-08 02:16:03,215] {processor.py:153} INFO - Started process (PID=50837) to work on /home/airflow/.local/lib/python3.7/site-packages/airflow/example_dags/tutorial.py
[2023-04-08 02:16:03,216] {processor.py:641} INFO - Processing file /home/airflow/.local/lib/python3.7/site-packages/airflow/example_dags/tutorial.py for tasks to queue
[2023-04-08 02:16:03,217] {logging_mixin.py:115} INFO - [2023-04-08 02:16:03,217] {dagbag.py:507} INFO - Filling up the DagBag from /home/airflow/.local/lib/python3.7/site-packages/airflow/example_dags/tutorial.py
[2023-04-08 02:16:03,228] {processor.py:651} INFO - DAG(s) dict_keys(['tutorial']) retrieved from /home/airflow/.local/lib/python3.7/site-packages/airflow/example_dags/tutorial.py
[2023-04-08 02:16:03,265] {logging_mixin.py:115} INFO - [2023-04-08 02:16:03,265] {dag.py:2371} INFO - Sync 1 DAGs
[2023-04-08 02:16:03,282] {logging_mixin.py:115} INFO - [2023-04-08 02:16:03,282] {dag.py:2919} INFO - Setting next_dagrun for tutorial to 2023-04-07T02:16:03.281851+00:00, run_after=2023-04-08T02:16:03.281851+00:00
[2023-04-08 02:16:03,289] {processor.py:161} INFO - Processing /home/airflow/.local/lib/python3.7/site-packages/airflow/example_dags/tutorial.py took 0.085 seconds
[2023-04-08 03:21:44,272] {processor.py:153} INFO - Started process (PID=50899) to work on /home/airflow/.local/lib/python3.7/site-packages/airflow/example_dags/tutorial.py
[2023-04-08 03:21:44,273] {processor.py:641} INFO - Processing file /home/airflow/.local/lib/python3.7/site-packages/airflow/example_dags/tutorial.py for tasks to queue
[2023-04-08 03:21:44,275] {logging_mixin.py:115} INFO - [2023-04-08 03:21:44,275] {dagbag.py:507} INFO - Filling up the DagBag from /home/airflow/.local/lib/python3.7/site-packages/airflow/example_dags/tutorial.py
[2023-04-08 03:21:44,280] {processor.py:651} INFO - DAG(s) dict_keys(['tutorial']) retrieved from /home/airflow/.local/lib/python3.7/site-packages/airflow/example_dags/tutorial.py
[2023-04-08 03:21:44,306] {logging_mixin.py:115} INFO - [2023-04-08 03:21:44,306] {dag.py:2371} INFO - Sync 1 DAGs
[2023-04-08 03:21:44,320] {logging_mixin.py:115} INFO - [2023-04-08 03:21:44,320] {dag.py:2919} INFO - Setting next_dagrun for tutorial to 2023-04-07T03:21:44.320471+00:00, run_after=2023-04-08T03:21:44.320471+00:00
[2023-04-08 03:21:44,328] {processor.py:161} INFO - Processing /home/airflow/.local/lib/python3.7/site-packages/airflow/example_dags/tutorial.py took 0.060 seconds
[2023-04-08 03:34:47,688] {processor.py:153} INFO - Started process (PID=50960) to work on /home/airflow/.local/lib/python3.7/site-packages/airflow/example_dags/tutorial.py
[2023-04-08 03:34:47,688] {processor.py:641} INFO - Processing file /home/airflow/.local/lib/python3.7/site-packages/airflow/example_dags/tutorial.py for tasks to queue
[2023-04-08 03:34:47,689] {logging_mixin.py:115} INFO - [2023-04-08 03:34:47,689] {dagbag.py:507} INFO - Filling up the DagBag from /home/airflow/.local/lib/python3.7/site-packages/airflow/example_dags/tutorial.py
[2023-04-08 03:34:47,693] {processor.py:651} INFO - DAG(s) dict_keys(['tutorial']) retrieved from /home/airflow/.local/lib/python3.7/site-packages/airflow/example_dags/tutorial.py
[2023-04-08 03:34:47,711] {logging_mixin.py:115} INFO - [2023-04-08 03:34:47,711] {dag.py:2371} INFO - Sync 1 DAGs
[2023-04-08 03:34:47,722] {logging_mixin.py:115} INFO - [2023-04-08 03:34:47,722] {dag.py:2919} INFO - Setting next_dagrun for tutorial to 2023-04-07T03:34:47.722142+00:00, run_after=2023-04-08T03:34:47.722142+00:00
[2023-04-08 03:34:47,728] {processor.py:161} INFO - Processing /home/airflow/.local/lib/python3.7/site-packages/airflow/example_dags/tutorial.py took 0.042 seconds
[2023-04-08 04:06:57,874] {processor.py:153} INFO - Started process (PID=51022) to work on /home/airflow/.local/lib/python3.7/site-packages/airflow/example_dags/tutorial.py
[2023-04-08 04:06:57,875] {processor.py:641} INFO - Processing file /home/airflow/.local/lib/python3.7/site-packages/airflow/example_dags/tutorial.py for tasks to queue
[2023-04-08 04:06:57,877] {logging_mixin.py:115} INFO - [2023-04-08 04:06:57,877] {dagbag.py:507} INFO - Filling up the DagBag from /home/airflow/.local/lib/python3.7/site-packages/airflow/example_dags/tutorial.py
[2023-04-08 04:06:57,889] {processor.py:651} INFO - DAG(s) dict_keys(['tutorial']) retrieved from /home/airflow/.local/lib/python3.7/site-packages/airflow/example_dags/tutorial.py
[2023-04-08 04:06:57,977] {logging_mixin.py:115} INFO - [2023-04-08 04:06:57,977] {dag.py:2371} INFO - Sync 1 DAGs
[2023-04-08 04:06:58,003] {logging_mixin.py:115} INFO - [2023-04-08 04:06:58,003] {dag.py:2919} INFO - Setting next_dagrun for tutorial to 2023-04-07T04:06:58.002957+00:00, run_after=2023-04-08T04:06:58.002957+00:00
[2023-04-08 04:06:58,018] {processor.py:161} INFO - Processing /home/airflow/.local/lib/python3.7/site-packages/airflow/example_dags/tutorial.py took 0.149 seconds
[2023-04-08 05:27:57,339] {processor.py:153} INFO - Started process (PID=51085) to work on /home/airflow/.local/lib/python3.7/site-packages/airflow/example_dags/tutorial.py
[2023-04-08 05:27:57,340] {processor.py:641} INFO - Processing file /home/airflow/.local/lib/python3.7/site-packages/airflow/example_dags/tutorial.py for tasks to queue
[2023-04-08 05:27:57,340] {logging_mixin.py:115} INFO - [2023-04-08 05:27:57,340] {dagbag.py:507} INFO - Filling up the DagBag from /home/airflow/.local/lib/python3.7/site-packages/airflow/example_dags/tutorial.py
[2023-04-08 05:27:57,344] {processor.py:651} INFO - DAG(s) dict_keys(['tutorial']) retrieved from /home/airflow/.local/lib/python3.7/site-packages/airflow/example_dags/tutorial.py
[2023-04-08 05:27:57,378] {logging_mixin.py:115} INFO - [2023-04-08 05:27:57,378] {dag.py:2371} INFO - Sync 1 DAGs
[2023-04-08 05:27:57,394] {logging_mixin.py:115} INFO - [2023-04-08 05:27:57,394] {dag.py:2919} INFO - Setting next_dagrun for tutorial to 2023-04-07T05:27:57.394012+00:00, run_after=2023-04-08T05:27:57.394012+00:00
[2023-04-08 05:27:57,402] {processor.py:161} INFO - Processing /home/airflow/.local/lib/python3.7/site-packages/airflow/example_dags/tutorial.py took 0.066 seconds
[2023-04-08 06:37:04,630] {processor.py:153} INFO - Started process (PID=51138) to work on /home/airflow/.local/lib/python3.7/site-packages/airflow/example_dags/tutorial.py
[2023-04-08 06:37:04,631] {processor.py:641} INFO - Processing file /home/airflow/.local/lib/python3.7/site-packages/airflow/example_dags/tutorial.py for tasks to queue
[2023-04-08 06:37:04,631] {logging_mixin.py:115} INFO - [2023-04-08 06:37:04,631] {dagbag.py:507} INFO - Filling up the DagBag from /home/airflow/.local/lib/python3.7/site-packages/airflow/example_dags/tutorial.py
[2023-04-08 06:37:04,635] {processor.py:651} INFO - DAG(s) dict_keys(['tutorial']) retrieved from /home/airflow/.local/lib/python3.7/site-packages/airflow/example_dags/tutorial.py
[2023-04-08 06:37:04,656] {logging_mixin.py:115} INFO - [2023-04-08 06:37:04,656] {dag.py:2371} INFO - Sync 1 DAGs
[2023-04-08 06:37:04,667] {logging_mixin.py:115} INFO - [2023-04-08 06:37:04,667] {dag.py:2919} INFO - Setting next_dagrun for tutorial to 2023-04-07T06:37:04.667668+00:00, run_after=2023-04-08T06:37:04.667668+00:00
[2023-04-08 06:37:04,673] {processor.py:161} INFO - Processing /home/airflow/.local/lib/python3.7/site-packages/airflow/example_dags/tutorial.py took 0.045 seconds
[2023-04-08 07:39:08,767] {processor.py:153} INFO - Started process (PID=51199) to work on /home/airflow/.local/lib/python3.7/site-packages/airflow/example_dags/tutorial.py
[2023-04-08 07:39:08,768] {processor.py:641} INFO - Processing file /home/airflow/.local/lib/python3.7/site-packages/airflow/example_dags/tutorial.py for tasks to queue
[2023-04-08 07:39:08,769] {logging_mixin.py:115} INFO - [2023-04-08 07:39:08,769] {dagbag.py:507} INFO - Filling up the DagBag from /home/airflow/.local/lib/python3.7/site-packages/airflow/example_dags/tutorial.py
[2023-04-08 07:39:08,780] {processor.py:651} INFO - DAG(s) dict_keys(['tutorial']) retrieved from /home/airflow/.local/lib/python3.7/site-packages/airflow/example_dags/tutorial.py
[2023-04-08 07:39:08,832] {logging_mixin.py:115} INFO - [2023-04-08 07:39:08,832] {dag.py:2371} INFO - Sync 1 DAGs
[2023-04-08 07:39:08,855] {logging_mixin.py:115} INFO - [2023-04-08 07:39:08,855] {dag.py:2919} INFO - Setting next_dagrun for tutorial to 2023-04-07T07:39:08.855637+00:00, run_after=2023-04-08T07:39:08.855637+00:00
[2023-04-08 07:39:08,874] {processor.py:161} INFO - Processing /home/airflow/.local/lib/python3.7/site-packages/airflow/example_dags/tutorial.py took 0.113 seconds
[2023-04-08 09:01:42,106] {processor.py:153} INFO - Started process (PID=51261) to work on /home/airflow/.local/lib/python3.7/site-packages/airflow/example_dags/tutorial.py
[2023-04-08 09:01:42,107] {processor.py:641} INFO - Processing file /home/airflow/.local/lib/python3.7/site-packages/airflow/example_dags/tutorial.py for tasks to queue
[2023-04-08 09:01:42,107] {logging_mixin.py:115} INFO - [2023-04-08 09:01:42,107] {dagbag.py:507} INFO - Filling up the DagBag from /home/airflow/.local/lib/python3.7/site-packages/airflow/example_dags/tutorial.py
[2023-04-08 09:01:42,111] {processor.py:651} INFO - DAG(s) dict_keys(['tutorial']) retrieved from /home/airflow/.local/lib/python3.7/site-packages/airflow/example_dags/tutorial.py
[2023-04-08 09:01:42,129] {logging_mixin.py:115} INFO - [2023-04-08 09:01:42,129] {dag.py:2371} INFO - Sync 1 DAGs
[2023-04-08 09:01:42,140] {logging_mixin.py:115} INFO - [2023-04-08 09:01:42,140] {dag.py:2919} INFO - Setting next_dagrun for tutorial to 2023-04-07T09:01:42.140114+00:00, run_after=2023-04-08T09:01:42.140114+00:00
[2023-04-08 09:01:42,146] {processor.py:161} INFO - Processing /home/airflow/.local/lib/python3.7/site-packages/airflow/example_dags/tutorial.py took 0.043 seconds
[2023-04-08 10:07:01,223] {processor.py:153} INFO - Started process (PID=51323) to work on /home/airflow/.local/lib/python3.7/site-packages/airflow/example_dags/tutorial.py
[2023-04-08 10:07:01,225] {processor.py:641} INFO - Processing file /home/airflow/.local/lib/python3.7/site-packages/airflow/example_dags/tutorial.py for tasks to queue
[2023-04-08 10:07:01,227] {logging_mixin.py:115} INFO - [2023-04-08 10:07:01,226] {dagbag.py:507} INFO - Filling up the DagBag from /home/airflow/.local/lib/python3.7/site-packages/airflow/example_dags/tutorial.py
[2023-04-08 10:07:01,240] {processor.py:651} INFO - DAG(s) dict_keys(['tutorial']) retrieved from /home/airflow/.local/lib/python3.7/site-packages/airflow/example_dags/tutorial.py
[2023-04-08 10:07:01,291] {logging_mixin.py:115} INFO - [2023-04-08 10:07:01,291] {dag.py:2371} INFO - Sync 1 DAGs
[2023-04-08 10:07:01,315] {logging_mixin.py:115} INFO - [2023-04-08 10:07:01,315] {dag.py:2919} INFO - Setting next_dagrun for tutorial to 2023-04-07T10:07:01.315581+00:00, run_after=2023-04-08T10:07:01.315581+00:00
[2023-04-08 10:07:01,325] {processor.py:161} INFO - Processing /home/airflow/.local/lib/python3.7/site-packages/airflow/example_dags/tutorial.py took 0.107 seconds
[2023-04-08 11:14:34,393] {processor.py:153} INFO - Started process (PID=51385) to work on /home/airflow/.local/lib/python3.7/site-packages/airflow/example_dags/tutorial.py
[2023-04-08 11:14:34,394] {processor.py:641} INFO - Processing file /home/airflow/.local/lib/python3.7/site-packages/airflow/example_dags/tutorial.py for tasks to queue
[2023-04-08 11:14:34,395] {logging_mixin.py:115} INFO - [2023-04-08 11:14:34,395] {dagbag.py:507} INFO - Filling up the DagBag from /home/airflow/.local/lib/python3.7/site-packages/airflow/example_dags/tutorial.py
[2023-04-08 11:14:34,399] {processor.py:651} INFO - DAG(s) dict_keys(['tutorial']) retrieved from /home/airflow/.local/lib/python3.7/site-packages/airflow/example_dags/tutorial.py
[2023-04-08 11:14:34,421] {logging_mixin.py:115} INFO - [2023-04-08 11:14:34,421] {dag.py:2371} INFO - Sync 1 DAGs
[2023-04-08 11:14:34,435] {logging_mixin.py:115} INFO - [2023-04-08 11:14:34,435] {dag.py:2919} INFO - Setting next_dagrun for tutorial to 2023-04-07T11:14:34.435174+00:00, run_after=2023-04-08T11:14:34.435174+00:00
[2023-04-08 11:14:34,441] {processor.py:161} INFO - Processing /home/airflow/.local/lib/python3.7/site-packages/airflow/example_dags/tutorial.py took 0.050 seconds
[2023-04-08 11:47:32,704] {processor.py:153} INFO - Started process (PID=51438) to work on /home/airflow/.local/lib/python3.7/site-packages/airflow/example_dags/tutorial.py
[2023-04-08 11:47:32,705] {processor.py:641} INFO - Processing file /home/airflow/.local/lib/python3.7/site-packages/airflow/example_dags/tutorial.py for tasks to queue
[2023-04-08 11:47:32,706] {logging_mixin.py:115} INFO - [2023-04-08 11:47:32,706] {dagbag.py:507} INFO - Filling up the DagBag from /home/airflow/.local/lib/python3.7/site-packages/airflow/example_dags/tutorial.py
[2023-04-08 11:47:32,716] {processor.py:651} INFO - DAG(s) dict_keys(['tutorial']) retrieved from /home/airflow/.local/lib/python3.7/site-packages/airflow/example_dags/tutorial.py
[2023-04-08 11:47:32,748] {logging_mixin.py:115} INFO - [2023-04-08 11:47:32,748] {dag.py:2371} INFO - Sync 1 DAGs
[2023-04-08 11:47:32,765] {logging_mixin.py:115} INFO - [2023-04-08 11:47:32,765] {dag.py:2919} INFO - Setting next_dagrun for tutorial to 2023-04-07T11:47:32.765262+00:00, run_after=2023-04-08T11:47:32.765262+00:00
[2023-04-08 11:47:32,778] {processor.py:161} INFO - Processing /home/airflow/.local/lib/python3.7/site-packages/airflow/example_dags/tutorial.py took 0.079 seconds
[2023-04-08 11:48:03,365] {processor.py:153} INFO - Started process (PID=51501) to work on /home/airflow/.local/lib/python3.7/site-packages/airflow/example_dags/tutorial.py
[2023-04-08 11:48:03,366] {processor.py:641} INFO - Processing file /home/airflow/.local/lib/python3.7/site-packages/airflow/example_dags/tutorial.py for tasks to queue
[2023-04-08 11:48:03,367] {logging_mixin.py:115} INFO - [2023-04-08 11:48:03,367] {dagbag.py:507} INFO - Filling up the DagBag from /home/airflow/.local/lib/python3.7/site-packages/airflow/example_dags/tutorial.py
[2023-04-08 11:48:03,375] {processor.py:651} INFO - DAG(s) dict_keys(['tutorial']) retrieved from /home/airflow/.local/lib/python3.7/site-packages/airflow/example_dags/tutorial.py
[2023-04-08 11:48:03,395] {logging_mixin.py:115} INFO - [2023-04-08 11:48:03,395] {dag.py:2371} INFO - Sync 1 DAGs
[2023-04-08 11:48:03,409] {logging_mixin.py:115} INFO - [2023-04-08 11:48:03,409] {dag.py:2919} INFO - Setting next_dagrun for tutorial to 2023-04-07T11:48:03.408799+00:00, run_after=2023-04-08T11:48:03.408799+00:00
[2023-04-08 11:48:03,416] {processor.py:161} INFO - Processing /home/airflow/.local/lib/python3.7/site-packages/airflow/example_dags/tutorial.py took 0.054 seconds
[2023-04-08 12:54:19,967] {processor.py:153} INFO - Started process (PID=51562) to work on /home/airflow/.local/lib/python3.7/site-packages/airflow/example_dags/tutorial.py
[2023-04-08 12:54:19,968] {processor.py:641} INFO - Processing file /home/airflow/.local/lib/python3.7/site-packages/airflow/example_dags/tutorial.py for tasks to queue
[2023-04-08 12:54:19,968] {logging_mixin.py:115} INFO - [2023-04-08 12:54:19,968] {dagbag.py:507} INFO - Filling up the DagBag from /home/airflow/.local/lib/python3.7/site-packages/airflow/example_dags/tutorial.py
[2023-04-08 12:54:19,972] {processor.py:651} INFO - DAG(s) dict_keys(['tutorial']) retrieved from /home/airflow/.local/lib/python3.7/site-packages/airflow/example_dags/tutorial.py
[2023-04-08 12:54:19,992] {logging_mixin.py:115} INFO - [2023-04-08 12:54:19,992] {dag.py:2371} INFO - Sync 1 DAGs
[2023-04-08 12:54:20,003] {logging_mixin.py:115} INFO - [2023-04-08 12:54:20,003] {dag.py:2919} INFO - Setting next_dagrun for tutorial to 2023-04-07T12:54:20.003728+00:00, run_after=2023-04-08T12:54:20.003728+00:00
[2023-04-08 12:54:20,009] {processor.py:161} INFO - Processing /home/airflow/.local/lib/python3.7/site-packages/airflow/example_dags/tutorial.py took 0.044 seconds
[2023-04-08 14:13:38,782] {processor.py:153} INFO - Started process (PID=51624) to work on /home/airflow/.local/lib/python3.7/site-packages/airflow/example_dags/tutorial.py
[2023-04-08 14:13:38,783] {processor.py:641} INFO - Processing file /home/airflow/.local/lib/python3.7/site-packages/airflow/example_dags/tutorial.py for tasks to queue
[2023-04-08 14:13:38,783] {logging_mixin.py:115} INFO - [2023-04-08 14:13:38,783] {dagbag.py:507} INFO - Filling up the DagBag from /home/airflow/.local/lib/python3.7/site-packages/airflow/example_dags/tutorial.py
[2023-04-08 14:13:38,788] {processor.py:651} INFO - DAG(s) dict_keys(['tutorial']) retrieved from /home/airflow/.local/lib/python3.7/site-packages/airflow/example_dags/tutorial.py
[2023-04-08 14:13:38,817] {logging_mixin.py:115} INFO - [2023-04-08 14:13:38,817] {dag.py:2371} INFO - Sync 1 DAGs
[2023-04-08 14:13:38,845] {logging_mixin.py:115} INFO - [2023-04-08 14:13:38,845] {dag.py:2919} INFO - Setting next_dagrun for tutorial to 2023-04-07T14:13:38.845050+00:00, run_after=2023-04-08T14:13:38.845050+00:00
[2023-04-08 14:13:38,877] {processor.py:161} INFO - Processing /home/airflow/.local/lib/python3.7/site-packages/airflow/example_dags/tutorial.py took 0.098 seconds
[2023-04-08 15:21:17,948] {processor.py:153} INFO - Started process (PID=51677) to work on /home/airflow/.local/lib/python3.7/site-packages/airflow/example_dags/tutorial.py
[2023-04-08 15:21:17,949] {processor.py:641} INFO - Processing file /home/airflow/.local/lib/python3.7/site-packages/airflow/example_dags/tutorial.py for tasks to queue
[2023-04-08 15:21:17,949] {logging_mixin.py:115} INFO - [2023-04-08 15:21:17,949] {dagbag.py:507} INFO - Filling up the DagBag from /home/airflow/.local/lib/python3.7/site-packages/airflow/example_dags/tutorial.py
[2023-04-08 15:21:17,956] {processor.py:651} INFO - DAG(s) dict_keys(['tutorial']) retrieved from /home/airflow/.local/lib/python3.7/site-packages/airflow/example_dags/tutorial.py
[2023-04-08 15:21:17,976] {logging_mixin.py:115} INFO - [2023-04-08 15:21:17,976] {dag.py:2371} INFO - Sync 1 DAGs
[2023-04-08 15:21:17,987] {logging_mixin.py:115} INFO - [2023-04-08 15:21:17,987] {dag.py:2919} INFO - Setting next_dagrun for tutorial to 2023-04-07T15:21:17.987424+00:00, run_after=2023-04-08T15:21:17.987424+00:00
[2023-04-08 15:21:17,993] {processor.py:161} INFO - Processing /home/airflow/.local/lib/python3.7/site-packages/airflow/example_dags/tutorial.py took 0.048 seconds
[2023-04-08 16:24:53,462] {processor.py:153} INFO - Started process (PID=51739) to work on /home/airflow/.local/lib/python3.7/site-packages/airflow/example_dags/tutorial.py
[2023-04-08 16:24:53,463] {processor.py:641} INFO - Processing file /home/airflow/.local/lib/python3.7/site-packages/airflow/example_dags/tutorial.py for tasks to queue
[2023-04-08 16:24:53,464] {logging_mixin.py:115} INFO - [2023-04-08 16:24:53,464] {dagbag.py:507} INFO - Filling up the DagBag from /home/airflow/.local/lib/python3.7/site-packages/airflow/example_dags/tutorial.py
[2023-04-08 16:24:53,475] {processor.py:651} INFO - DAG(s) dict_keys(['tutorial']) retrieved from /home/airflow/.local/lib/python3.7/site-packages/airflow/example_dags/tutorial.py
[2023-04-08 16:24:53,539] {logging_mixin.py:115} INFO - [2023-04-08 16:24:53,539] {dag.py:2371} INFO - Sync 1 DAGs
[2023-04-08 16:24:53,559] {logging_mixin.py:115} INFO - [2023-04-08 16:24:53,559] {dag.py:2919} INFO - Setting next_dagrun for tutorial to 2023-04-07T16:24:53.559119+00:00, run_after=2023-04-08T16:24:53.559119+00:00
[2023-04-08 16:24:53,569] {processor.py:161} INFO - Processing /home/airflow/.local/lib/python3.7/site-packages/airflow/example_dags/tutorial.py took 0.114 seconds
[2023-04-08 17:46:20,785] {processor.py:153} INFO - Started process (PID=51801) to work on /home/airflow/.local/lib/python3.7/site-packages/airflow/example_dags/tutorial.py
[2023-04-08 17:46:20,785] {processor.py:641} INFO - Processing file /home/airflow/.local/lib/python3.7/site-packages/airflow/example_dags/tutorial.py for tasks to queue
[2023-04-08 17:46:20,786] {logging_mixin.py:115} INFO - [2023-04-08 17:46:20,786] {dagbag.py:507} INFO - Filling up the DagBag from /home/airflow/.local/lib/python3.7/site-packages/airflow/example_dags/tutorial.py
[2023-04-08 17:46:20,790] {processor.py:651} INFO - DAG(s) dict_keys(['tutorial']) retrieved from /home/airflow/.local/lib/python3.7/site-packages/airflow/example_dags/tutorial.py
[2023-04-08 17:46:20,807] {logging_mixin.py:115} INFO - [2023-04-08 17:46:20,807] {dag.py:2371} INFO - Sync 1 DAGs
[2023-04-08 17:46:20,818] {logging_mixin.py:115} INFO - [2023-04-08 17:46:20,818] {dag.py:2919} INFO - Setting next_dagrun for tutorial to 2023-04-07T17:46:20.818217+00:00, run_after=2023-04-08T17:46:20.818217+00:00
[2023-04-08 17:46:20,824] {processor.py:161} INFO - Processing /home/airflow/.local/lib/python3.7/site-packages/airflow/example_dags/tutorial.py took 0.041 seconds
[2023-04-08 18:52:20,009] {processor.py:153} INFO - Started process (PID=51863) to work on /home/airflow/.local/lib/python3.7/site-packages/airflow/example_dags/tutorial.py
[2023-04-08 18:52:20,010] {processor.py:641} INFO - Processing file /home/airflow/.local/lib/python3.7/site-packages/airflow/example_dags/tutorial.py for tasks to queue
[2023-04-08 18:52:20,011] {logging_mixin.py:115} INFO - [2023-04-08 18:52:20,011] {dagbag.py:507} INFO - Filling up the DagBag from /home/airflow/.local/lib/python3.7/site-packages/airflow/example_dags/tutorial.py
[2023-04-08 18:52:20,025] {processor.py:651} INFO - DAG(s) dict_keys(['tutorial']) retrieved from /home/airflow/.local/lib/python3.7/site-packages/airflow/example_dags/tutorial.py
[2023-04-08 18:52:20,069] {logging_mixin.py:115} INFO - [2023-04-08 18:52:20,069] {dag.py:2371} INFO - Sync 1 DAGs
[2023-04-08 18:52:20,090] {logging_mixin.py:115} INFO - [2023-04-08 18:52:20,090] {dag.py:2919} INFO - Setting next_dagrun for tutorial to 2023-04-07T18:52:20.089957+00:00, run_after=2023-04-08T18:52:20.089957+00:00
[2023-04-08 18:52:20,105] {processor.py:161} INFO - Processing /home/airflow/.local/lib/python3.7/site-packages/airflow/example_dags/tutorial.py took 0.108 seconds
[2023-04-08 20:00:24,223] {processor.py:153} INFO - Started process (PID=51924) to work on /home/airflow/.local/lib/python3.7/site-packages/airflow/example_dags/tutorial.py
[2023-04-08 20:00:24,224] {processor.py:641} INFO - Processing file /home/airflow/.local/lib/python3.7/site-packages/airflow/example_dags/tutorial.py for tasks to queue
[2023-04-08 20:00:24,224] {logging_mixin.py:115} INFO - [2023-04-08 20:00:24,224] {dagbag.py:507} INFO - Filling up the DagBag from /home/airflow/.local/lib/python3.7/site-packages/airflow/example_dags/tutorial.py
[2023-04-08 20:00:24,228] {processor.py:651} INFO - DAG(s) dict_keys(['tutorial']) retrieved from /home/airflow/.local/lib/python3.7/site-packages/airflow/example_dags/tutorial.py
[2023-04-08 20:00:24,246] {logging_mixin.py:115} INFO - [2023-04-08 20:00:24,246] {dag.py:2371} INFO - Sync 1 DAGs
[2023-04-08 20:00:24,257] {logging_mixin.py:115} INFO - [2023-04-08 20:00:24,257] {dag.py:2919} INFO - Setting next_dagrun for tutorial to 2023-04-07T20:00:24.257618+00:00, run_after=2023-04-08T20:00:24.257618+00:00
[2023-04-08 20:00:24,263] {processor.py:161} INFO - Processing /home/airflow/.local/lib/python3.7/site-packages/airflow/example_dags/tutorial.py took 0.043 seconds
[2023-04-08 20:00:54,648] {processor.py:153} INFO - Started process (PID=51977) to work on /home/airflow/.local/lib/python3.7/site-packages/airflow/example_dags/tutorial.py
[2023-04-08 20:00:54,649] {processor.py:641} INFO - Processing file /home/airflow/.local/lib/python3.7/site-packages/airflow/example_dags/tutorial.py for tasks to queue
[2023-04-08 20:00:54,649] {logging_mixin.py:115} INFO - [2023-04-08 20:00:54,649] {dagbag.py:507} INFO - Filling up the DagBag from /home/airflow/.local/lib/python3.7/site-packages/airflow/example_dags/tutorial.py
[2023-04-08 20:00:54,653] {processor.py:651} INFO - DAG(s) dict_keys(['tutorial']) retrieved from /home/airflow/.local/lib/python3.7/site-packages/airflow/example_dags/tutorial.py
[2023-04-08 20:00:54,671] {logging_mixin.py:115} INFO - [2023-04-08 20:00:54,671] {dag.py:2371} INFO - Sync 1 DAGs
[2023-04-08 20:00:54,682] {logging_mixin.py:115} INFO - [2023-04-08 20:00:54,682] {dag.py:2919} INFO - Setting next_dagrun for tutorial to 2023-04-07T20:00:54.682150+00:00, run_after=2023-04-08T20:00:54.682150+00:00
[2023-04-08 20:00:54,688] {processor.py:161} INFO - Processing /home/airflow/.local/lib/python3.7/site-packages/airflow/example_dags/tutorial.py took 0.042 seconds
[2023-04-08 20:49:44,380] {processor.py:153} INFO - Started process (PID=52039) to work on /home/airflow/.local/lib/python3.7/site-packages/airflow/example_dags/tutorial.py
[2023-04-08 20:49:44,381] {processor.py:641} INFO - Processing file /home/airflow/.local/lib/python3.7/site-packages/airflow/example_dags/tutorial.py for tasks to queue
[2023-04-08 20:49:44,382] {logging_mixin.py:115} INFO - [2023-04-08 20:49:44,381] {dagbag.py:507} INFO - Filling up the DagBag from /home/airflow/.local/lib/python3.7/site-packages/airflow/example_dags/tutorial.py
[2023-04-08 20:49:44,385] {processor.py:651} INFO - DAG(s) dict_keys(['tutorial']) retrieved from /home/airflow/.local/lib/python3.7/site-packages/airflow/example_dags/tutorial.py
[2023-04-08 20:49:44,405] {logging_mixin.py:115} INFO - [2023-04-08 20:49:44,405] {dag.py:2371} INFO - Sync 1 DAGs
[2023-04-08 20:49:44,417] {logging_mixin.py:115} INFO - [2023-04-08 20:49:44,417] {dag.py:2919} INFO - Setting next_dagrun for tutorial to 2023-04-07T20:49:44.417209+00:00, run_after=2023-04-08T20:49:44.417209+00:00
[2023-04-08 20:49:44,435] {processor.py:161} INFO - Processing /home/airflow/.local/lib/python3.7/site-packages/airflow/example_dags/tutorial.py took 0.057 seconds
[2023-04-08 22:14:43,589] {processor.py:153} INFO - Started process (PID=52101) to work on /home/airflow/.local/lib/python3.7/site-packages/airflow/example_dags/tutorial.py
[2023-04-08 22:14:43,594] {processor.py:641} INFO - Processing file /home/airflow/.local/lib/python3.7/site-packages/airflow/example_dags/tutorial.py for tasks to queue
[2023-04-08 22:14:43,595] {logging_mixin.py:115} INFO - [2023-04-08 22:14:43,595] {dagbag.py:507} INFO - Filling up the DagBag from /home/airflow/.local/lib/python3.7/site-packages/airflow/example_dags/tutorial.py
[2023-04-08 22:14:43,605] {processor.py:651} INFO - DAG(s) dict_keys(['tutorial']) retrieved from /home/airflow/.local/lib/python3.7/site-packages/airflow/example_dags/tutorial.py
[2023-04-08 22:14:43,642] {logging_mixin.py:115} INFO - [2023-04-08 22:14:43,642] {dag.py:2371} INFO - Sync 1 DAGs
[2023-04-08 22:14:43,663] {logging_mixin.py:115} INFO - [2023-04-08 22:14:43,663] {dag.py:2919} INFO - Setting next_dagrun for tutorial to 2023-04-07T22:14:43.662848+00:00, run_after=2023-04-08T22:14:43.662848+00:00
[2023-04-08 22:14:43,672] {processor.py:161} INFO - Processing /home/airflow/.local/lib/python3.7/site-packages/airflow/example_dags/tutorial.py took 0.086 seconds
[2023-04-08 23:20:17,101] {processor.py:153} INFO - Started process (PID=52163) to work on /home/airflow/.local/lib/python3.7/site-packages/airflow/example_dags/tutorial.py
[2023-04-08 23:20:17,104] {processor.py:641} INFO - Processing file /home/airflow/.local/lib/python3.7/site-packages/airflow/example_dags/tutorial.py for tasks to queue
[2023-04-08 23:20:17,105] {logging_mixin.py:115} INFO - [2023-04-08 23:20:17,105] {dagbag.py:507} INFO - Filling up the DagBag from /home/airflow/.local/lib/python3.7/site-packages/airflow/example_dags/tutorial.py
[2023-04-08 23:20:17,110] {processor.py:651} INFO - DAG(s) dict_keys(['tutorial']) retrieved from /home/airflow/.local/lib/python3.7/site-packages/airflow/example_dags/tutorial.py
[2023-04-08 23:20:17,153] {logging_mixin.py:115} INFO - [2023-04-08 23:20:17,152] {dag.py:2371} INFO - Sync 1 DAGs
[2023-04-08 23:20:17,172] {logging_mixin.py:115} INFO - [2023-04-08 23:20:17,172] {dag.py:2919} INFO - Setting next_dagrun for tutorial to 2023-04-07T23:20:17.171811+00:00, run_after=2023-04-08T23:20:17.171811+00:00
[2023-04-08 23:20:17,180] {processor.py:161} INFO - Processing /home/airflow/.local/lib/python3.7/site-packages/airflow/example_dags/tutorial.py took 0.083 seconds
