[2023-04-07 00:21:19,659] {processor.py:153} INFO - Started process (PID=49180) to work on /home/airflow/.local/lib/python3.7/site-packages/airflow/example_dags/example_task_group_decorator.py
[2023-04-07 00:21:19,660] {processor.py:641} INFO - Processing file /home/airflow/.local/lib/python3.7/site-packages/airflow/example_dags/example_task_group_decorator.py for tasks to queue
[2023-04-07 00:21:19,661] {logging_mixin.py:115} INFO - [2023-04-07 00:21:19,661] {dagbag.py:507} INFO - Filling up the DagBag from /home/airflow/.local/lib/python3.7/site-packages/airflow/example_dags/example_task_group_decorator.py
[2023-04-07 00:21:19,679] {processor.py:651} INFO - DAG(s) dict_keys(['example_task_group_decorator']) retrieved from /home/airflow/.local/lib/python3.7/site-packages/airflow/example_dags/example_task_group_decorator.py
[2023-04-07 00:21:19,716] {logging_mixin.py:115} INFO - [2023-04-07 00:21:19,716] {dag.py:2371} INFO - Sync 1 DAGs
[2023-04-07 00:21:19,726] {logging_mixin.py:115} INFO - [2023-04-07 00:21:19,726] {dag.py:2919} INFO - Setting next_dagrun for example_task_group_decorator to 2023-04-06T00:21:19.726765+00:00, run_after=2023-04-07T00:21:19.726765+00:00
[2023-04-07 00:21:19,734] {processor.py:161} INFO - Processing /home/airflow/.local/lib/python3.7/site-packages/airflow/example_dags/example_task_group_decorator.py took 0.079 seconds
[2023-04-07 01:26:28,835] {processor.py:153} INFO - Started process (PID=49242) to work on /home/airflow/.local/lib/python3.7/site-packages/airflow/example_dags/example_task_group_decorator.py
[2023-04-07 01:26:28,836] {processor.py:641} INFO - Processing file /home/airflow/.local/lib/python3.7/site-packages/airflow/example_dags/example_task_group_decorator.py for tasks to queue
[2023-04-07 01:26:28,836] {logging_mixin.py:115} INFO - [2023-04-07 01:26:28,836] {dagbag.py:507} INFO - Filling up the DagBag from /home/airflow/.local/lib/python3.7/site-packages/airflow/example_dags/example_task_group_decorator.py
[2023-04-07 01:26:28,849] {processor.py:651} INFO - DAG(s) dict_keys(['example_task_group_decorator']) retrieved from /home/airflow/.local/lib/python3.7/site-packages/airflow/example_dags/example_task_group_decorator.py
[2023-04-07 01:26:28,891] {logging_mixin.py:115} INFO - [2023-04-07 01:26:28,891] {dag.py:2371} INFO - Sync 1 DAGs
[2023-04-07 01:26:28,902] {logging_mixin.py:115} INFO - [2023-04-07 01:26:28,902] {dag.py:2919} INFO - Setting next_dagrun for example_task_group_decorator to 2023-04-06T01:26:28.902022+00:00, run_after=2023-04-07T01:26:28.902022+00:00
[2023-04-07 01:26:28,908] {processor.py:161} INFO - Processing /home/airflow/.local/lib/python3.7/site-packages/airflow/example_dags/example_task_group_decorator.py took 0.076 seconds
[2023-04-07 02:49:15,673] {processor.py:153} INFO - Started process (PID=49303) to work on /home/airflow/.local/lib/python3.7/site-packages/airflow/example_dags/example_task_group_decorator.py
[2023-04-07 02:49:15,674] {processor.py:641} INFO - Processing file /home/airflow/.local/lib/python3.7/site-packages/airflow/example_dags/example_task_group_decorator.py for tasks to queue
[2023-04-07 02:49:15,674] {logging_mixin.py:115} INFO - [2023-04-07 02:49:15,674] {dagbag.py:507} INFO - Filling up the DagBag from /home/airflow/.local/lib/python3.7/site-packages/airflow/example_dags/example_task_group_decorator.py
[2023-04-07 02:49:15,688] {processor.py:651} INFO - DAG(s) dict_keys(['example_task_group_decorator']) retrieved from /home/airflow/.local/lib/python3.7/site-packages/airflow/example_dags/example_task_group_decorator.py
[2023-04-07 02:49:15,723] {logging_mixin.py:115} INFO - [2023-04-07 02:49:15,723] {dag.py:2371} INFO - Sync 1 DAGs
[2023-04-07 02:49:15,733] {logging_mixin.py:115} INFO - [2023-04-07 02:49:15,733] {dag.py:2919} INFO - Setting next_dagrun for example_task_group_decorator to 2023-04-06T02:49:15.733684+00:00, run_after=2023-04-07T02:49:15.733684+00:00
[2023-04-07 02:49:15,740] {processor.py:161} INFO - Processing /home/airflow/.local/lib/python3.7/site-packages/airflow/example_dags/example_task_group_decorator.py took 0.069 seconds
[2023-04-07 02:55:42,347] {processor.py:153} INFO - Started process (PID=49365) to work on /home/airflow/.local/lib/python3.7/site-packages/airflow/example_dags/example_task_group_decorator.py
[2023-04-07 02:55:42,348] {processor.py:641} INFO - Processing file /home/airflow/.local/lib/python3.7/site-packages/airflow/example_dags/example_task_group_decorator.py for tasks to queue
[2023-04-07 02:55:42,348] {logging_mixin.py:115} INFO - [2023-04-07 02:55:42,348] {dagbag.py:507} INFO - Filling up the DagBag from /home/airflow/.local/lib/python3.7/site-packages/airflow/example_dags/example_task_group_decorator.py
[2023-04-07 02:55:42,360] {processor.py:651} INFO - DAG(s) dict_keys(['example_task_group_decorator']) retrieved from /home/airflow/.local/lib/python3.7/site-packages/airflow/example_dags/example_task_group_decorator.py
[2023-04-07 02:55:42,394] {logging_mixin.py:115} INFO - [2023-04-07 02:55:42,394] {dag.py:2371} INFO - Sync 1 DAGs
[2023-04-07 02:55:42,404] {logging_mixin.py:115} INFO - [2023-04-07 02:55:42,404] {dag.py:2919} INFO - Setting next_dagrun for example_task_group_decorator to 2023-04-06T02:55:42.404623+00:00, run_after=2023-04-07T02:55:42.404623+00:00
[2023-04-07 02:55:42,410] {processor.py:161} INFO - Processing /home/airflow/.local/lib/python3.7/site-packages/airflow/example_dags/example_task_group_decorator.py took 0.065 seconds
[2023-04-07 03:13:43,345] {processor.py:153} INFO - Started process (PID=49418) to work on /home/airflow/.local/lib/python3.7/site-packages/airflow/example_dags/example_task_group_decorator.py
[2023-04-07 03:13:43,345] {processor.py:641} INFO - Processing file /home/airflow/.local/lib/python3.7/site-packages/airflow/example_dags/example_task_group_decorator.py for tasks to queue
[2023-04-07 03:13:43,346] {logging_mixin.py:115} INFO - [2023-04-07 03:13:43,346] {dagbag.py:507} INFO - Filling up the DagBag from /home/airflow/.local/lib/python3.7/site-packages/airflow/example_dags/example_task_group_decorator.py
[2023-04-07 03:13:43,358] {processor.py:651} INFO - DAG(s) dict_keys(['example_task_group_decorator']) retrieved from /home/airflow/.local/lib/python3.7/site-packages/airflow/example_dags/example_task_group_decorator.py
[2023-04-07 03:13:43,395] {logging_mixin.py:115} INFO - [2023-04-07 03:13:43,395] {dag.py:2371} INFO - Sync 1 DAGs
[2023-04-07 03:13:43,406] {logging_mixin.py:115} INFO - [2023-04-07 03:13:43,406] {dag.py:2919} INFO - Setting next_dagrun for example_task_group_decorator to 2023-04-06T03:13:43.405849+00:00, run_after=2023-04-07T03:13:43.405849+00:00
[2023-04-07 03:13:43,412] {processor.py:161} INFO - Processing /home/airflow/.local/lib/python3.7/site-packages/airflow/example_dags/example_task_group_decorator.py took 0.069 seconds
[2023-04-07 04:35:08,418] {processor.py:153} INFO - Started process (PID=49480) to work on /home/airflow/.local/lib/python3.7/site-packages/airflow/example_dags/example_task_group_decorator.py
[2023-04-07 04:35:08,419] {processor.py:641} INFO - Processing file /home/airflow/.local/lib/python3.7/site-packages/airflow/example_dags/example_task_group_decorator.py for tasks to queue
[2023-04-07 04:35:08,420] {logging_mixin.py:115} INFO - [2023-04-07 04:35:08,420] {dagbag.py:507} INFO - Filling up the DagBag from /home/airflow/.local/lib/python3.7/site-packages/airflow/example_dags/example_task_group_decorator.py
[2023-04-07 04:35:08,436] {processor.py:651} INFO - DAG(s) dict_keys(['example_task_group_decorator']) retrieved from /home/airflow/.local/lib/python3.7/site-packages/airflow/example_dags/example_task_group_decorator.py
[2023-04-07 04:35:08,478] {logging_mixin.py:115} INFO - [2023-04-07 04:35:08,477] {dag.py:2371} INFO - Sync 1 DAGs
[2023-04-07 04:35:08,488] {logging_mixin.py:115} INFO - [2023-04-07 04:35:08,488] {dag.py:2919} INFO - Setting next_dagrun for example_task_group_decorator to 2023-04-06T04:35:08.487944+00:00, run_after=2023-04-07T04:35:08.487944+00:00
[2023-04-07 04:35:08,495] {processor.py:161} INFO - Processing /home/airflow/.local/lib/python3.7/site-packages/airflow/example_dags/example_task_group_decorator.py took 0.079 seconds
[2023-04-07 05:44:23,718] {processor.py:153} INFO - Started process (PID=49542) to work on /home/airflow/.local/lib/python3.7/site-packages/airflow/example_dags/example_task_group_decorator.py
[2023-04-07 05:44:23,718] {processor.py:641} INFO - Processing file /home/airflow/.local/lib/python3.7/site-packages/airflow/example_dags/example_task_group_decorator.py for tasks to queue
[2023-04-07 05:44:23,719] {logging_mixin.py:115} INFO - [2023-04-07 05:44:23,719] {dagbag.py:507} INFO - Filling up the DagBag from /home/airflow/.local/lib/python3.7/site-packages/airflow/example_dags/example_task_group_decorator.py
[2023-04-07 05:44:23,739] {processor.py:651} INFO - DAG(s) dict_keys(['example_task_group_decorator']) retrieved from /home/airflow/.local/lib/python3.7/site-packages/airflow/example_dags/example_task_group_decorator.py
[2023-04-07 05:44:23,779] {logging_mixin.py:115} INFO - [2023-04-07 05:44:23,779] {dag.py:2371} INFO - Sync 1 DAGs
[2023-04-07 05:44:23,789] {logging_mixin.py:115} INFO - [2023-04-07 05:44:23,789] {dag.py:2919} INFO - Setting next_dagrun for example_task_group_decorator to 2023-04-06T05:44:23.788889+00:00, run_after=2023-04-07T05:44:23.788889+00:00
[2023-04-07 05:44:23,795] {processor.py:161} INFO - Processing /home/airflow/.local/lib/python3.7/site-packages/airflow/example_dags/example_task_group_decorator.py took 0.079 seconds
[2023-04-07 06:47:45,103] {processor.py:153} INFO - Started process (PID=49604) to work on /home/airflow/.local/lib/python3.7/site-packages/airflow/example_dags/example_task_group_decorator.py
[2023-04-07 06:47:45,103] {processor.py:641} INFO - Processing file /home/airflow/.local/lib/python3.7/site-packages/airflow/example_dags/example_task_group_decorator.py for tasks to queue
[2023-04-07 06:47:45,104] {logging_mixin.py:115} INFO - [2023-04-07 06:47:45,104] {dagbag.py:507} INFO - Filling up the DagBag from /home/airflow/.local/lib/python3.7/site-packages/airflow/example_dags/example_task_group_decorator.py
[2023-04-07 06:47:45,117] {processor.py:651} INFO - DAG(s) dict_keys(['example_task_group_decorator']) retrieved from /home/airflow/.local/lib/python3.7/site-packages/airflow/example_dags/example_task_group_decorator.py
[2023-04-07 06:47:45,155] {logging_mixin.py:115} INFO - [2023-04-07 06:47:45,155] {dag.py:2371} INFO - Sync 1 DAGs
[2023-04-07 06:47:45,165] {logging_mixin.py:115} INFO - [2023-04-07 06:47:45,165] {dag.py:2919} INFO - Setting next_dagrun for example_task_group_decorator to 2023-04-06T06:47:45.164909+00:00, run_after=2023-04-07T06:47:45.164909+00:00
[2023-04-07 06:47:45,171] {processor.py:161} INFO - Processing /home/airflow/.local/lib/python3.7/site-packages/airflow/example_dags/example_task_group_decorator.py took 0.071 seconds
[2023-04-07 08:10:38,609] {processor.py:153} INFO - Started process (PID=49665) to work on /home/airflow/.local/lib/python3.7/site-packages/airflow/example_dags/example_task_group_decorator.py
[2023-04-07 08:10:38,610] {processor.py:641} INFO - Processing file /home/airflow/.local/lib/python3.7/site-packages/airflow/example_dags/example_task_group_decorator.py for tasks to queue
[2023-04-07 08:10:38,610] {logging_mixin.py:115} INFO - [2023-04-07 08:10:38,610] {dagbag.py:507} INFO - Filling up the DagBag from /home/airflow/.local/lib/python3.7/site-packages/airflow/example_dags/example_task_group_decorator.py
[2023-04-07 08:10:38,624] {processor.py:651} INFO - DAG(s) dict_keys(['example_task_group_decorator']) retrieved from /home/airflow/.local/lib/python3.7/site-packages/airflow/example_dags/example_task_group_decorator.py
[2023-04-07 08:10:38,660] {logging_mixin.py:115} INFO - [2023-04-07 08:10:38,660] {dag.py:2371} INFO - Sync 1 DAGs
[2023-04-07 08:10:38,670] {logging_mixin.py:115} INFO - [2023-04-07 08:10:38,670] {dag.py:2919} INFO - Setting next_dagrun for example_task_group_decorator to 2023-04-06T08:10:38.670099+00:00, run_after=2023-04-07T08:10:38.670099+00:00
[2023-04-07 08:10:38,676] {processor.py:161} INFO - Processing /home/airflow/.local/lib/python3.7/site-packages/airflow/example_dags/example_task_group_decorator.py took 0.070 seconds
[2023-04-07 09:16:48,038] {processor.py:153} INFO - Started process (PID=49718) to work on /home/airflow/.local/lib/python3.7/site-packages/airflow/example_dags/example_task_group_decorator.py
[2023-04-07 09:16:48,039] {processor.py:641} INFO - Processing file /home/airflow/.local/lib/python3.7/site-packages/airflow/example_dags/example_task_group_decorator.py for tasks to queue
[2023-04-07 09:16:48,040] {logging_mixin.py:115} INFO - [2023-04-07 09:16:48,039] {dagbag.py:507} INFO - Filling up the DagBag from /home/airflow/.local/lib/python3.7/site-packages/airflow/example_dags/example_task_group_decorator.py
[2023-04-07 09:16:48,053] {processor.py:651} INFO - DAG(s) dict_keys(['example_task_group_decorator']) retrieved from /home/airflow/.local/lib/python3.7/site-packages/airflow/example_dags/example_task_group_decorator.py
[2023-04-07 09:16:48,093] {logging_mixin.py:115} INFO - [2023-04-07 09:16:48,093] {dag.py:2371} INFO - Sync 1 DAGs
[2023-04-07 09:16:48,104] {logging_mixin.py:115} INFO - [2023-04-07 09:16:48,104] {dag.py:2919} INFO - Setting next_dagrun for example_task_group_decorator to 2023-04-06T09:16:48.103879+00:00, run_after=2023-04-07T09:16:48.103879+00:00
[2023-04-07 09:16:48,110] {processor.py:161} INFO - Processing /home/airflow/.local/lib/python3.7/site-packages/airflow/example_dags/example_task_group_decorator.py took 0.074 seconds
[2023-04-07 10:24:58,772] {processor.py:153} INFO - Started process (PID=49780) to work on /home/airflow/.local/lib/python3.7/site-packages/airflow/example_dags/example_task_group_decorator.py
[2023-04-07 10:24:58,773] {processor.py:641} INFO - Processing file /home/airflow/.local/lib/python3.7/site-packages/airflow/example_dags/example_task_group_decorator.py for tasks to queue
[2023-04-07 10:24:58,773] {logging_mixin.py:115} INFO - [2023-04-07 10:24:58,773] {dagbag.py:507} INFO - Filling up the DagBag from /home/airflow/.local/lib/python3.7/site-packages/airflow/example_dags/example_task_group_decorator.py
[2023-04-07 10:24:58,786] {processor.py:651} INFO - DAG(s) dict_keys(['example_task_group_decorator']) retrieved from /home/airflow/.local/lib/python3.7/site-packages/airflow/example_dags/example_task_group_decorator.py
[2023-04-07 10:24:58,824] {logging_mixin.py:115} INFO - [2023-04-07 10:24:58,824] {dag.py:2371} INFO - Sync 1 DAGs
[2023-04-07 10:24:58,833] {logging_mixin.py:115} INFO - [2023-04-07 10:24:58,833] {dag.py:2919} INFO - Setting next_dagrun for example_task_group_decorator to 2023-04-06T10:24:58.833613+00:00, run_after=2023-04-07T10:24:58.833613+00:00
[2023-04-07 10:24:58,840] {processor.py:161} INFO - Processing /home/airflow/.local/lib/python3.7/site-packages/airflow/example_dags/example_task_group_decorator.py took 0.070 seconds
[2023-04-07 11:08:33,918] {processor.py:153} INFO - Started process (PID=49842) to work on /home/airflow/.local/lib/python3.7/site-packages/airflow/example_dags/example_task_group_decorator.py
[2023-04-07 11:08:33,919] {processor.py:641} INFO - Processing file /home/airflow/.local/lib/python3.7/site-packages/airflow/example_dags/example_task_group_decorator.py for tasks to queue
[2023-04-07 11:08:33,919] {logging_mixin.py:115} INFO - [2023-04-07 11:08:33,919] {dagbag.py:507} INFO - Filling up the DagBag from /home/airflow/.local/lib/python3.7/site-packages/airflow/example_dags/example_task_group_decorator.py
[2023-04-07 11:08:33,932] {processor.py:651} INFO - DAG(s) dict_keys(['example_task_group_decorator']) retrieved from /home/airflow/.local/lib/python3.7/site-packages/airflow/example_dags/example_task_group_decorator.py
[2023-04-07 11:08:33,970] {logging_mixin.py:115} INFO - [2023-04-07 11:08:33,970] {dag.py:2371} INFO - Sync 1 DAGs
[2023-04-07 11:08:33,979] {logging_mixin.py:115} INFO - [2023-04-07 11:08:33,979] {dag.py:2919} INFO - Setting next_dagrun for example_task_group_decorator to 2023-04-06T11:08:33.979456+00:00, run_after=2023-04-07T11:08:33.979456+00:00
[2023-04-07 11:08:33,986] {processor.py:161} INFO - Processing /home/airflow/.local/lib/python3.7/site-packages/airflow/example_dags/example_task_group_decorator.py took 0.070 seconds
[2023-04-07 11:09:04,566] {processor.py:153} INFO - Started process (PID=49904) to work on /home/airflow/.local/lib/python3.7/site-packages/airflow/example_dags/example_task_group_decorator.py
[2023-04-07 11:09:04,566] {processor.py:641} INFO - Processing file /home/airflow/.local/lib/python3.7/site-packages/airflow/example_dags/example_task_group_decorator.py for tasks to queue
[2023-04-07 11:09:04,567] {logging_mixin.py:115} INFO - [2023-04-07 11:09:04,567] {dagbag.py:507} INFO - Filling up the DagBag from /home/airflow/.local/lib/python3.7/site-packages/airflow/example_dags/example_task_group_decorator.py
[2023-04-07 11:09:04,580] {processor.py:651} INFO - DAG(s) dict_keys(['example_task_group_decorator']) retrieved from /home/airflow/.local/lib/python3.7/site-packages/airflow/example_dags/example_task_group_decorator.py
[2023-04-07 11:09:04,617] {logging_mixin.py:115} INFO - [2023-04-07 11:09:04,617] {dag.py:2371} INFO - Sync 1 DAGs
[2023-04-07 11:09:04,627] {logging_mixin.py:115} INFO - [2023-04-07 11:09:04,627] {dag.py:2919} INFO - Setting next_dagrun for example_task_group_decorator to 2023-04-06T11:09:04.626953+00:00, run_after=2023-04-07T11:09:04.626953+00:00
[2023-04-07 11:09:04,634] {processor.py:161} INFO - Processing /home/airflow/.local/lib/python3.7/site-packages/airflow/example_dags/example_task_group_decorator.py took 0.071 seconds
[2023-04-07 12:29:47,152] {processor.py:153} INFO - Started process (PID=49966) to work on /home/airflow/.local/lib/python3.7/site-packages/airflow/example_dags/example_task_group_decorator.py
[2023-04-07 12:29:47,153] {processor.py:641} INFO - Processing file /home/airflow/.local/lib/python3.7/site-packages/airflow/example_dags/example_task_group_decorator.py for tasks to queue
[2023-04-07 12:29:47,153] {logging_mixin.py:115} INFO - [2023-04-07 12:29:47,153] {dagbag.py:507} INFO - Filling up the DagBag from /home/airflow/.local/lib/python3.7/site-packages/airflow/example_dags/example_task_group_decorator.py
[2023-04-07 12:29:47,167] {processor.py:651} INFO - DAG(s) dict_keys(['example_task_group_decorator']) retrieved from /home/airflow/.local/lib/python3.7/site-packages/airflow/example_dags/example_task_group_decorator.py
[2023-04-07 12:29:47,206] {logging_mixin.py:115} INFO - [2023-04-07 12:29:47,206] {dag.py:2371} INFO - Sync 1 DAGs
[2023-04-07 12:29:47,216] {logging_mixin.py:115} INFO - [2023-04-07 12:29:47,216] {dag.py:2919} INFO - Setting next_dagrun for example_task_group_decorator to 2023-04-06T12:29:47.216444+00:00, run_after=2023-04-07T12:29:47.216444+00:00
[2023-04-07 12:29:47,223] {processor.py:161} INFO - Processing /home/airflow/.local/lib/python3.7/site-packages/airflow/example_dags/example_task_group_decorator.py took 0.073 seconds
[2023-04-07 13:38:14,484] {processor.py:153} INFO - Started process (PID=50019) to work on /home/airflow/.local/lib/python3.7/site-packages/airflow/example_dags/example_task_group_decorator.py
[2023-04-07 13:38:14,484] {processor.py:641} INFO - Processing file /home/airflow/.local/lib/python3.7/site-packages/airflow/example_dags/example_task_group_decorator.py for tasks to queue
[2023-04-07 13:38:14,485] {logging_mixin.py:115} INFO - [2023-04-07 13:38:14,485] {dagbag.py:507} INFO - Filling up the DagBag from /home/airflow/.local/lib/python3.7/site-packages/airflow/example_dags/example_task_group_decorator.py
[2023-04-07 13:38:14,497] {processor.py:651} INFO - DAG(s) dict_keys(['example_task_group_decorator']) retrieved from /home/airflow/.local/lib/python3.7/site-packages/airflow/example_dags/example_task_group_decorator.py
[2023-04-07 13:38:14,531] {logging_mixin.py:115} INFO - [2023-04-07 13:38:14,531] {dag.py:2371} INFO - Sync 1 DAGs
[2023-04-07 13:38:14,541] {logging_mixin.py:115} INFO - [2023-04-07 13:38:14,541] {dag.py:2919} INFO - Setting next_dagrun for example_task_group_decorator to 2023-04-06T13:38:14.541549+00:00, run_after=2023-04-07T13:38:14.541549+00:00
[2023-04-07 13:38:14,547] {processor.py:161} INFO - Processing /home/airflow/.local/lib/python3.7/site-packages/airflow/example_dags/example_task_group_decorator.py took 0.066 seconds
[2023-04-07 14:43:44,722] {processor.py:153} INFO - Started process (PID=50082) to work on /home/airflow/.local/lib/python3.7/site-packages/airflow/example_dags/example_task_group_decorator.py
[2023-04-07 14:43:44,722] {processor.py:641} INFO - Processing file /home/airflow/.local/lib/python3.7/site-packages/airflow/example_dags/example_task_group_decorator.py for tasks to queue
[2023-04-07 14:43:44,723] {logging_mixin.py:115} INFO - [2023-04-07 14:43:44,723] {dagbag.py:507} INFO - Filling up the DagBag from /home/airflow/.local/lib/python3.7/site-packages/airflow/example_dags/example_task_group_decorator.py
[2023-04-07 14:43:44,736] {processor.py:651} INFO - DAG(s) dict_keys(['example_task_group_decorator']) retrieved from /home/airflow/.local/lib/python3.7/site-packages/airflow/example_dags/example_task_group_decorator.py
[2023-04-07 14:43:44,773] {logging_mixin.py:115} INFO - [2023-04-07 14:43:44,773] {dag.py:2371} INFO - Sync 1 DAGs
[2023-04-07 14:43:44,784] {logging_mixin.py:115} INFO - [2023-04-07 14:43:44,784] {dag.py:2919} INFO - Setting next_dagrun for example_task_group_decorator to 2023-04-06T14:43:44.784451+00:00, run_after=2023-04-07T14:43:44.784451+00:00
[2023-04-07 14:43:44,791] {processor.py:161} INFO - Processing /home/airflow/.local/lib/python3.7/site-packages/airflow/example_dags/example_task_group_decorator.py took 0.072 seconds
[2023-04-07 16:07:14,075] {processor.py:153} INFO - Started process (PID=50143) to work on /home/airflow/.local/lib/python3.7/site-packages/airflow/example_dags/example_task_group_decorator.py
[2023-04-07 16:07:14,075] {processor.py:641} INFO - Processing file /home/airflow/.local/lib/python3.7/site-packages/airflow/example_dags/example_task_group_decorator.py for tasks to queue
[2023-04-07 16:07:14,076] {logging_mixin.py:115} INFO - [2023-04-07 16:07:14,076] {dagbag.py:507} INFO - Filling up the DagBag from /home/airflow/.local/lib/python3.7/site-packages/airflow/example_dags/example_task_group_decorator.py
[2023-04-07 16:07:14,091] {processor.py:651} INFO - DAG(s) dict_keys(['example_task_group_decorator']) retrieved from /home/airflow/.local/lib/python3.7/site-packages/airflow/example_dags/example_task_group_decorator.py
[2023-04-07 16:07:14,132] {logging_mixin.py:115} INFO - [2023-04-07 16:07:14,132] {dag.py:2371} INFO - Sync 1 DAGs
[2023-04-07 16:07:14,143] {logging_mixin.py:115} INFO - [2023-04-07 16:07:14,143] {dag.py:2919} INFO - Setting next_dagrun for example_task_group_decorator to 2023-04-06T16:07:14.142978+00:00, run_after=2023-04-07T16:07:14.142978+00:00
[2023-04-07 16:07:14,150] {processor.py:161} INFO - Processing /home/airflow/.local/lib/python3.7/site-packages/airflow/example_dags/example_task_group_decorator.py took 0.077 seconds
[2023-04-07 17:10:59,438] {processor.py:153} INFO - Started process (PID=50205) to work on /home/airflow/.local/lib/python3.7/site-packages/airflow/example_dags/example_task_group_decorator.py
[2023-04-07 17:10:59,439] {processor.py:641} INFO - Processing file /home/airflow/.local/lib/python3.7/site-packages/airflow/example_dags/example_task_group_decorator.py for tasks to queue
[2023-04-07 17:10:59,439] {logging_mixin.py:115} INFO - [2023-04-07 17:10:59,439] {dagbag.py:507} INFO - Filling up the DagBag from /home/airflow/.local/lib/python3.7/site-packages/airflow/example_dags/example_task_group_decorator.py
[2023-04-07 17:10:59,452] {processor.py:651} INFO - DAG(s) dict_keys(['example_task_group_decorator']) retrieved from /home/airflow/.local/lib/python3.7/site-packages/airflow/example_dags/example_task_group_decorator.py
[2023-04-07 17:10:59,489] {logging_mixin.py:115} INFO - [2023-04-07 17:10:59,489] {dag.py:2371} INFO - Sync 1 DAGs
[2023-04-07 17:10:59,499] {logging_mixin.py:115} INFO - [2023-04-07 17:10:59,499] {dag.py:2919} INFO - Setting next_dagrun for example_task_group_decorator to 2023-04-06T17:10:59.499574+00:00, run_after=2023-04-07T17:10:59.499574+00:00
[2023-04-07 17:10:59,508] {processor.py:161} INFO - Processing /home/airflow/.local/lib/python3.7/site-packages/airflow/example_dags/example_task_group_decorator.py took 0.072 seconds
[2023-04-07 18:18:13,160] {processor.py:153} INFO - Started process (PID=50266) to work on /home/airflow/.local/lib/python3.7/site-packages/airflow/example_dags/example_task_group_decorator.py
[2023-04-07 18:18:13,160] {processor.py:641} INFO - Processing file /home/airflow/.local/lib/python3.7/site-packages/airflow/example_dags/example_task_group_decorator.py for tasks to queue
[2023-04-07 18:18:13,161] {logging_mixin.py:115} INFO - [2023-04-07 18:18:13,161] {dagbag.py:507} INFO - Filling up the DagBag from /home/airflow/.local/lib/python3.7/site-packages/airflow/example_dags/example_task_group_decorator.py
[2023-04-07 18:18:13,173] {processor.py:651} INFO - DAG(s) dict_keys(['example_task_group_decorator']) retrieved from /home/airflow/.local/lib/python3.7/site-packages/airflow/example_dags/example_task_group_decorator.py
[2023-04-07 18:18:13,210] {logging_mixin.py:115} INFO - [2023-04-07 18:18:13,210] {dag.py:2371} INFO - Sync 1 DAGs
[2023-04-07 18:18:13,219] {logging_mixin.py:115} INFO - [2023-04-07 18:18:13,219] {dag.py:2919} INFO - Setting next_dagrun for example_task_group_decorator to 2023-04-06T18:18:13.219521+00:00, run_after=2023-04-07T18:18:13.219521+00:00
[2023-04-07 18:18:13,226] {processor.py:161} INFO - Processing /home/airflow/.local/lib/python3.7/site-packages/airflow/example_dags/example_task_group_decorator.py took 0.068 seconds
[2023-04-07 19:21:18,418] {processor.py:153} INFO - Started process (PID=50319) to work on /home/airflow/.local/lib/python3.7/site-packages/airflow/example_dags/example_task_group_decorator.py
[2023-04-07 19:21:18,418] {processor.py:641} INFO - Processing file /home/airflow/.local/lib/python3.7/site-packages/airflow/example_dags/example_task_group_decorator.py for tasks to queue
[2023-04-07 19:21:18,419] {logging_mixin.py:115} INFO - [2023-04-07 19:21:18,419] {dagbag.py:507} INFO - Filling up the DagBag from /home/airflow/.local/lib/python3.7/site-packages/airflow/example_dags/example_task_group_decorator.py
[2023-04-07 19:21:18,432] {processor.py:651} INFO - DAG(s) dict_keys(['example_task_group_decorator']) retrieved from /home/airflow/.local/lib/python3.7/site-packages/airflow/example_dags/example_task_group_decorator.py
[2023-04-07 19:21:18,469] {logging_mixin.py:115} INFO - [2023-04-07 19:21:18,469] {dag.py:2371} INFO - Sync 1 DAGs
[2023-04-07 19:21:18,479] {logging_mixin.py:115} INFO - [2023-04-07 19:21:18,479] {dag.py:2919} INFO - Setting next_dagrun for example_task_group_decorator to 2023-04-06T19:21:18.478841+00:00, run_after=2023-04-07T19:21:18.478841+00:00
[2023-04-07 19:21:18,485] {processor.py:161} INFO - Processing /home/airflow/.local/lib/python3.7/site-packages/airflow/example_dags/example_task_group_decorator.py took 0.070 seconds
[2023-04-07 19:21:48,737] {processor.py:153} INFO - Started process (PID=50381) to work on /home/airflow/.local/lib/python3.7/site-packages/airflow/example_dags/example_task_group_decorator.py
[2023-04-07 19:21:48,738] {processor.py:641} INFO - Processing file /home/airflow/.local/lib/python3.7/site-packages/airflow/example_dags/example_task_group_decorator.py for tasks to queue
[2023-04-07 19:21:48,738] {logging_mixin.py:115} INFO - [2023-04-07 19:21:48,738] {dagbag.py:507} INFO - Filling up the DagBag from /home/airflow/.local/lib/python3.7/site-packages/airflow/example_dags/example_task_group_decorator.py
[2023-04-07 19:21:48,750] {processor.py:651} INFO - DAG(s) dict_keys(['example_task_group_decorator']) retrieved from /home/airflow/.local/lib/python3.7/site-packages/airflow/example_dags/example_task_group_decorator.py
[2023-04-07 19:21:48,784] {logging_mixin.py:115} INFO - [2023-04-07 19:21:48,784] {dag.py:2371} INFO - Sync 1 DAGs
[2023-04-07 19:21:48,794] {logging_mixin.py:115} INFO - [2023-04-07 19:21:48,794] {dag.py:2919} INFO - Setting next_dagrun for example_task_group_decorator to 2023-04-06T19:21:48.793992+00:00, run_after=2023-04-07T19:21:48.793992+00:00
[2023-04-07 19:21:48,800] {processor.py:161} INFO - Processing /home/airflow/.local/lib/python3.7/site-packages/airflow/example_dags/example_task_group_decorator.py took 0.065 seconds
[2023-04-07 19:35:26,832] {processor.py:153} INFO - Started process (PID=50440) to work on /home/airflow/.local/lib/python3.7/site-packages/airflow/example_dags/example_task_group_decorator.py
[2023-04-07 19:35:26,832] {processor.py:641} INFO - Processing file /home/airflow/.local/lib/python3.7/site-packages/airflow/example_dags/example_task_group_decorator.py for tasks to queue
[2023-04-07 19:35:26,833] {logging_mixin.py:115} INFO - [2023-04-07 19:35:26,833] {dagbag.py:507} INFO - Filling up the DagBag from /home/airflow/.local/lib/python3.7/site-packages/airflow/example_dags/example_task_group_decorator.py
[2023-04-07 19:35:26,845] {processor.py:651} INFO - DAG(s) dict_keys(['example_task_group_decorator']) retrieved from /home/airflow/.local/lib/python3.7/site-packages/airflow/example_dags/example_task_group_decorator.py
[2023-04-07 19:35:26,882] {logging_mixin.py:115} INFO - [2023-04-07 19:35:26,882] {dag.py:2371} INFO - Sync 1 DAGs
[2023-04-07 19:35:26,892] {logging_mixin.py:115} INFO - [2023-04-07 19:35:26,892] {dag.py:2919} INFO - Setting next_dagrun for example_task_group_decorator to 2023-04-06T19:35:26.892521+00:00, run_after=2023-04-07T19:35:26.892521+00:00
[2023-04-07 19:35:26,899] {processor.py:161} INFO - Processing /home/airflow/.local/lib/python3.7/site-packages/airflow/example_dags/example_task_group_decorator.py took 0.070 seconds
[2023-04-07 19:35:57,210] {processor.py:153} INFO - Started process (PID=50503) to work on /home/airflow/.local/lib/python3.7/site-packages/airflow/example_dags/example_task_group_decorator.py
[2023-04-07 19:35:57,211] {processor.py:641} INFO - Processing file /home/airflow/.local/lib/python3.7/site-packages/airflow/example_dags/example_task_group_decorator.py for tasks to queue
[2023-04-07 19:35:57,214] {logging_mixin.py:115} INFO - [2023-04-07 19:35:57,214] {dagbag.py:507} INFO - Filling up the DagBag from /home/airflow/.local/lib/python3.7/site-packages/airflow/example_dags/example_task_group_decorator.py
[2023-04-07 19:35:57,231] {processor.py:651} INFO - DAG(s) dict_keys(['example_task_group_decorator']) retrieved from /home/airflow/.local/lib/python3.7/site-packages/airflow/example_dags/example_task_group_decorator.py
[2023-04-07 19:35:57,268] {logging_mixin.py:115} INFO - [2023-04-07 19:35:57,268] {dag.py:2371} INFO - Sync 1 DAGs
[2023-04-07 19:35:57,278] {logging_mixin.py:115} INFO - [2023-04-07 19:35:57,277] {dag.py:2919} INFO - Setting next_dagrun for example_task_group_decorator to 2023-04-06T19:35:57.277790+00:00, run_after=2023-04-07T19:35:57.277790+00:00
[2023-04-07 19:35:57,285] {processor.py:161} INFO - Processing /home/airflow/.local/lib/python3.7/site-packages/airflow/example_dags/example_task_group_decorator.py took 0.077 seconds
[2023-04-07 20:42:20,923] {processor.py:153} INFO - Started process (PID=50565) to work on /home/airflow/.local/lib/python3.7/site-packages/airflow/example_dags/example_task_group_decorator.py
[2023-04-07 20:42:20,924] {processor.py:641} INFO - Processing file /home/airflow/.local/lib/python3.7/site-packages/airflow/example_dags/example_task_group_decorator.py for tasks to queue
[2023-04-07 20:42:20,925] {logging_mixin.py:115} INFO - [2023-04-07 20:42:20,925] {dagbag.py:507} INFO - Filling up the DagBag from /home/airflow/.local/lib/python3.7/site-packages/airflow/example_dags/example_task_group_decorator.py
[2023-04-07 20:42:20,955] {processor.py:651} INFO - DAG(s) dict_keys(['example_task_group_decorator']) retrieved from /home/airflow/.local/lib/python3.7/site-packages/airflow/example_dags/example_task_group_decorator.py
[2023-04-07 20:42:21,000] {logging_mixin.py:115} INFO - [2023-04-07 20:42:21,000] {dag.py:2371} INFO - Sync 1 DAGs
[2023-04-07 20:42:21,011] {logging_mixin.py:115} INFO - [2023-04-07 20:42:21,010] {dag.py:2919} INFO - Setting next_dagrun for example_task_group_decorator to 2023-04-06T20:42:21.010750+00:00, run_after=2023-04-07T20:42:21.010750+00:00
[2023-04-07 20:42:21,018] {processor.py:161} INFO - Processing /home/airflow/.local/lib/python3.7/site-packages/airflow/example_dags/example_task_group_decorator.py took 0.098 seconds
[2023-04-07 21:32:25,205] {processor.py:153} INFO - Started process (PID=50618) to work on /home/airflow/.local/lib/python3.7/site-packages/airflow/example_dags/example_task_group_decorator.py
[2023-04-07 21:32:25,206] {processor.py:641} INFO - Processing file /home/airflow/.local/lib/python3.7/site-packages/airflow/example_dags/example_task_group_decorator.py for tasks to queue
[2023-04-07 21:32:25,206] {logging_mixin.py:115} INFO - [2023-04-07 21:32:25,206] {dagbag.py:507} INFO - Filling up the DagBag from /home/airflow/.local/lib/python3.7/site-packages/airflow/example_dags/example_task_group_decorator.py
[2023-04-07 21:32:25,220] {processor.py:651} INFO - DAG(s) dict_keys(['example_task_group_decorator']) retrieved from /home/airflow/.local/lib/python3.7/site-packages/airflow/example_dags/example_task_group_decorator.py
[2023-04-07 21:32:25,257] {logging_mixin.py:115} INFO - [2023-04-07 21:32:25,257] {dag.py:2371} INFO - Sync 1 DAGs
[2023-04-07 21:32:25,267] {logging_mixin.py:115} INFO - [2023-04-07 21:32:25,267] {dag.py:2919} INFO - Setting next_dagrun for example_task_group_decorator to 2023-04-06T21:32:25.267036+00:00, run_after=2023-04-07T21:32:25.267036+00:00
[2023-04-07 21:32:25,273] {processor.py:161} INFO - Processing /home/airflow/.local/lib/python3.7/site-packages/airflow/example_dags/example_task_group_decorator.py took 0.071 seconds
[2023-04-07 22:38:23,894] {processor.py:153} INFO - Started process (PID=50680) to work on /home/airflow/.local/lib/python3.7/site-packages/airflow/example_dags/example_task_group_decorator.py
[2023-04-07 22:38:23,895] {processor.py:641} INFO - Processing file /home/airflow/.local/lib/python3.7/site-packages/airflow/example_dags/example_task_group_decorator.py for tasks to queue
[2023-04-07 22:38:23,895] {logging_mixin.py:115} INFO - [2023-04-07 22:38:23,895] {dagbag.py:507} INFO - Filling up the DagBag from /home/airflow/.local/lib/python3.7/site-packages/airflow/example_dags/example_task_group_decorator.py
[2023-04-07 22:38:23,907] {processor.py:651} INFO - DAG(s) dict_keys(['example_task_group_decorator']) retrieved from /home/airflow/.local/lib/python3.7/site-packages/airflow/example_dags/example_task_group_decorator.py
[2023-04-07 22:38:23,942] {logging_mixin.py:115} INFO - [2023-04-07 22:38:23,942] {dag.py:2371} INFO - Sync 1 DAGs
[2023-04-07 22:38:23,951] {logging_mixin.py:115} INFO - [2023-04-07 22:38:23,951] {dag.py:2919} INFO - Setting next_dagrun for example_task_group_decorator to 2023-04-06T22:38:23.951340+00:00, run_after=2023-04-07T22:38:23.951340+00:00
[2023-04-07 22:38:23,957] {processor.py:161} INFO - Processing /home/airflow/.local/lib/python3.7/site-packages/airflow/example_dags/example_task_group_decorator.py took 0.065 seconds
