[2023-04-07 00:21:18,105] {processor.py:153} INFO - Started process (PID=49157) to work on /home/airflow/.local/lib/python3.7/site-packages/airflow/example_dags/example_subdag_operator.py
[2023-04-07 00:21:18,106] {processor.py:641} INFO - Processing file /home/airflow/.local/lib/python3.7/site-packages/airflow/example_dags/example_subdag_operator.py for tasks to queue
[2023-04-07 00:21:18,106] {logging_mixin.py:115} INFO - [2023-04-07 00:21:18,106] {dagbag.py:507} INFO - Filling up the DagBag from /home/airflow/.local/lib/python3.7/site-packages/airflow/example_dags/example_subdag_operator.py
[2023-04-07 00:21:18,140] {processor.py:651} INFO - DAG(s) dict_keys(['example_subdag_operator.section-1', 'example_subdag_operator.section-2', 'example_subdag_operator']) retrieved from /home/airflow/.local/lib/python3.7/site-packages/airflow/example_dags/example_subdag_operator.py
[2023-04-07 00:21:18,249] {logging_mixin.py:115} INFO - [2023-04-07 00:21:18,249] {dag.py:2371} INFO - Sync 3 DAGs
[2023-04-07 00:21:18,270] {logging_mixin.py:115} INFO - [2023-04-07 00:21:18,270] {dag.py:2919} INFO - Setting next_dagrun for example_subdag_operator to 2023-04-05T00:00:00+00:00, run_after=2023-04-05T00:00:00+00:00
[2023-04-07 00:21:18,271] {logging_mixin.py:115} INFO - [2023-04-07 00:21:18,271] {dag.py:2919} INFO - Setting next_dagrun for example_subdag_operator.section-1 to None, run_after=None
[2023-04-07 00:21:18,271] {logging_mixin.py:115} INFO - [2023-04-07 00:21:18,271] {dag.py:2919} INFO - Setting next_dagrun for example_subdag_operator.section-2 to None, run_after=None
[2023-04-07 00:21:18,281] {logging_mixin.py:115} INFO - [2023-04-07 00:21:18,281] {dag.py:2371} INFO - Sync 2 DAGs
[2023-04-07 00:21:18,301] {logging_mixin.py:115} INFO - [2023-04-07 00:21:18,301] {dag.py:2919} INFO - Setting next_dagrun for example_subdag_operator.section-1 to None, run_after=None
[2023-04-07 00:21:18,301] {logging_mixin.py:115} INFO - [2023-04-07 00:21:18,301] {dag.py:2919} INFO - Setting next_dagrun for example_subdag_operator.section-2 to None, run_after=None
[2023-04-07 00:21:18,314] {processor.py:161} INFO - Processing /home/airflow/.local/lib/python3.7/site-packages/airflow/example_dags/example_subdag_operator.py took 0.213 seconds
[2023-04-07 01:26:27,404] {processor.py:153} INFO - Started process (PID=49219) to work on /home/airflow/.local/lib/python3.7/site-packages/airflow/example_dags/example_subdag_operator.py
[2023-04-07 01:26:27,405] {processor.py:641} INFO - Processing file /home/airflow/.local/lib/python3.7/site-packages/airflow/example_dags/example_subdag_operator.py for tasks to queue
[2023-04-07 01:26:27,406] {logging_mixin.py:115} INFO - [2023-04-07 01:26:27,406] {dagbag.py:507} INFO - Filling up the DagBag from /home/airflow/.local/lib/python3.7/site-packages/airflow/example_dags/example_subdag_operator.py
[2023-04-07 01:26:27,440] {processor.py:651} INFO - DAG(s) dict_keys(['example_subdag_operator.section-1', 'example_subdag_operator.section-2', 'example_subdag_operator']) retrieved from /home/airflow/.local/lib/python3.7/site-packages/airflow/example_dags/example_subdag_operator.py
[2023-04-07 01:26:27,485] {logging_mixin.py:115} INFO - [2023-04-07 01:26:27,485] {dag.py:2371} INFO - Sync 3 DAGs
[2023-04-07 01:26:27,508] {logging_mixin.py:115} INFO - [2023-04-07 01:26:27,508] {dag.py:2919} INFO - Setting next_dagrun for example_subdag_operator to 2023-04-05T00:00:00+00:00, run_after=2023-04-05T00:00:00+00:00
[2023-04-07 01:26:27,510] {logging_mixin.py:115} INFO - [2023-04-07 01:26:27,510] {dag.py:2919} INFO - Setting next_dagrun for example_subdag_operator.section-1 to None, run_after=None
[2023-04-07 01:26:27,511] {logging_mixin.py:115} INFO - [2023-04-07 01:26:27,511] {dag.py:2919} INFO - Setting next_dagrun for example_subdag_operator.section-2 to None, run_after=None
[2023-04-07 01:26:27,516] {logging_mixin.py:115} INFO - [2023-04-07 01:26:27,516] {dag.py:2371} INFO - Sync 2 DAGs
[2023-04-07 01:26:27,520] {logging_mixin.py:115} INFO - [2023-04-07 01:26:27,520] {dag.py:2919} INFO - Setting next_dagrun for example_subdag_operator.section-1 to None, run_after=None
[2023-04-07 01:26:27,525] {logging_mixin.py:115} INFO - [2023-04-07 01:26:27,525] {dag.py:2919} INFO - Setting next_dagrun for example_subdag_operator.section-2 to None, run_after=None
[2023-04-07 01:26:27,535] {processor.py:161} INFO - Processing /home/airflow/.local/lib/python3.7/site-packages/airflow/example_dags/example_subdag_operator.py took 0.135 seconds
[2023-04-07 02:49:14,365] {processor.py:153} INFO - Started process (PID=49280) to work on /home/airflow/.local/lib/python3.7/site-packages/airflow/example_dags/example_subdag_operator.py
[2023-04-07 02:49:14,366] {processor.py:641} INFO - Processing file /home/airflow/.local/lib/python3.7/site-packages/airflow/example_dags/example_subdag_operator.py for tasks to queue
[2023-04-07 02:49:14,367] {logging_mixin.py:115} INFO - [2023-04-07 02:49:14,367] {dagbag.py:507} INFO - Filling up the DagBag from /home/airflow/.local/lib/python3.7/site-packages/airflow/example_dags/example_subdag_operator.py
[2023-04-07 02:49:14,400] {processor.py:651} INFO - DAG(s) dict_keys(['example_subdag_operator.section-1', 'example_subdag_operator.section-2', 'example_subdag_operator']) retrieved from /home/airflow/.local/lib/python3.7/site-packages/airflow/example_dags/example_subdag_operator.py
[2023-04-07 02:49:14,441] {logging_mixin.py:115} INFO - [2023-04-07 02:49:14,441] {dag.py:2371} INFO - Sync 3 DAGs
[2023-04-07 02:49:14,467] {logging_mixin.py:115} INFO - [2023-04-07 02:49:14,467] {dag.py:2919} INFO - Setting next_dagrun for example_subdag_operator to 2023-04-05T00:00:00+00:00, run_after=2023-04-05T00:00:00+00:00
[2023-04-07 02:49:14,467] {logging_mixin.py:115} INFO - [2023-04-07 02:49:14,467] {dag.py:2919} INFO - Setting next_dagrun for example_subdag_operator.section-1 to None, run_after=None
[2023-04-07 02:49:14,468] {logging_mixin.py:115} INFO - [2023-04-07 02:49:14,468] {dag.py:2919} INFO - Setting next_dagrun for example_subdag_operator.section-2 to None, run_after=None
[2023-04-07 02:49:14,473] {logging_mixin.py:115} INFO - [2023-04-07 02:49:14,473] {dag.py:2371} INFO - Sync 2 DAGs
[2023-04-07 02:49:14,478] {logging_mixin.py:115} INFO - [2023-04-07 02:49:14,478] {dag.py:2919} INFO - Setting next_dagrun for example_subdag_operator.section-1 to None, run_after=None
[2023-04-07 02:49:14,479] {logging_mixin.py:115} INFO - [2023-04-07 02:49:14,479] {dag.py:2919} INFO - Setting next_dagrun for example_subdag_operator.section-2 to None, run_after=None
[2023-04-07 02:49:14,489] {processor.py:161} INFO - Processing /home/airflow/.local/lib/python3.7/site-packages/airflow/example_dags/example_subdag_operator.py took 0.126 seconds
[2023-04-07 02:55:41,530] {processor.py:153} INFO - Started process (PID=49342) to work on /home/airflow/.local/lib/python3.7/site-packages/airflow/example_dags/example_subdag_operator.py
[2023-04-07 02:55:41,530] {processor.py:641} INFO - Processing file /home/airflow/.local/lib/python3.7/site-packages/airflow/example_dags/example_subdag_operator.py for tasks to queue
[2023-04-07 02:55:41,531] {logging_mixin.py:115} INFO - [2023-04-07 02:55:41,531] {dagbag.py:507} INFO - Filling up the DagBag from /home/airflow/.local/lib/python3.7/site-packages/airflow/example_dags/example_subdag_operator.py
[2023-04-07 02:55:41,566] {processor.py:651} INFO - DAG(s) dict_keys(['example_subdag_operator.section-1', 'example_subdag_operator.section-2', 'example_subdag_operator']) retrieved from /home/airflow/.local/lib/python3.7/site-packages/airflow/example_dags/example_subdag_operator.py
[2023-04-07 02:55:41,585] {logging_mixin.py:115} INFO - [2023-04-07 02:55:41,585] {dag.py:2371} INFO - Sync 3 DAGs
[2023-04-07 02:55:41,596] {logging_mixin.py:115} INFO - [2023-04-07 02:55:41,596] {dag.py:2919} INFO - Setting next_dagrun for example_subdag_operator to 2023-04-05T00:00:00+00:00, run_after=2023-04-05T00:00:00+00:00
[2023-04-07 02:55:41,597] {logging_mixin.py:115} INFO - [2023-04-07 02:55:41,597] {dag.py:2919} INFO - Setting next_dagrun for example_subdag_operator.section-1 to None, run_after=None
[2023-04-07 02:55:41,597] {logging_mixin.py:115} INFO - [2023-04-07 02:55:41,597] {dag.py:2919} INFO - Setting next_dagrun for example_subdag_operator.section-2 to None, run_after=None
[2023-04-07 02:55:41,601] {logging_mixin.py:115} INFO - [2023-04-07 02:55:41,601] {dag.py:2371} INFO - Sync 2 DAGs
[2023-04-07 02:55:41,603] {logging_mixin.py:115} INFO - [2023-04-07 02:55:41,603] {dag.py:2919} INFO - Setting next_dagrun for example_subdag_operator.section-1 to None, run_after=None
[2023-04-07 02:55:41,604] {logging_mixin.py:115} INFO - [2023-04-07 02:55:41,604] {dag.py:2919} INFO - Setting next_dagrun for example_subdag_operator.section-2 to None, run_after=None
[2023-04-07 02:55:41,607] {processor.py:161} INFO - Processing /home/airflow/.local/lib/python3.7/site-packages/airflow/example_dags/example_subdag_operator.py took 0.081 seconds
[2023-04-07 03:13:42,258] {processor.py:153} INFO - Started process (PID=49395) to work on /home/airflow/.local/lib/python3.7/site-packages/airflow/example_dags/example_subdag_operator.py
[2023-04-07 03:13:42,262] {processor.py:641} INFO - Processing file /home/airflow/.local/lib/python3.7/site-packages/airflow/example_dags/example_subdag_operator.py for tasks to queue
[2023-04-07 03:13:42,262] {logging_mixin.py:115} INFO - [2023-04-07 03:13:42,262] {dagbag.py:507} INFO - Filling up the DagBag from /home/airflow/.local/lib/python3.7/site-packages/airflow/example_dags/example_subdag_operator.py
[2023-04-07 03:13:42,299] {processor.py:651} INFO - DAG(s) dict_keys(['example_subdag_operator.section-1', 'example_subdag_operator.section-2', 'example_subdag_operator']) retrieved from /home/airflow/.local/lib/python3.7/site-packages/airflow/example_dags/example_subdag_operator.py
[2023-04-07 03:13:42,343] {logging_mixin.py:115} INFO - [2023-04-07 03:13:42,343] {dag.py:2371} INFO - Sync 3 DAGs
[2023-04-07 03:13:42,371] {logging_mixin.py:115} INFO - [2023-04-07 03:13:42,371] {dag.py:2919} INFO - Setting next_dagrun for example_subdag_operator to 2023-04-05T00:00:00+00:00, run_after=2023-04-05T00:00:00+00:00
[2023-04-07 03:13:42,371] {logging_mixin.py:115} INFO - [2023-04-07 03:13:42,371] {dag.py:2919} INFO - Setting next_dagrun for example_subdag_operator.section-1 to None, run_after=None
[2023-04-07 03:13:42,372] {logging_mixin.py:115} INFO - [2023-04-07 03:13:42,372] {dag.py:2919} INFO - Setting next_dagrun for example_subdag_operator.section-2 to None, run_after=None
[2023-04-07 03:13:42,377] {logging_mixin.py:115} INFO - [2023-04-07 03:13:42,377] {dag.py:2371} INFO - Sync 2 DAGs
[2023-04-07 03:13:42,384] {logging_mixin.py:115} INFO - [2023-04-07 03:13:42,384] {dag.py:2919} INFO - Setting next_dagrun for example_subdag_operator.section-1 to None, run_after=None
[2023-04-07 03:13:42,388] {logging_mixin.py:115} INFO - [2023-04-07 03:13:42,387] {dag.py:2919} INFO - Setting next_dagrun for example_subdag_operator.section-2 to None, run_after=None
[2023-04-07 03:13:42,394] {processor.py:161} INFO - Processing /home/airflow/.local/lib/python3.7/site-packages/airflow/example_dags/example_subdag_operator.py took 0.142 seconds
[2023-04-07 04:35:07,514] {processor.py:153} INFO - Started process (PID=49457) to work on /home/airflow/.local/lib/python3.7/site-packages/airflow/example_dags/example_subdag_operator.py
[2023-04-07 04:35:07,516] {processor.py:641} INFO - Processing file /home/airflow/.local/lib/python3.7/site-packages/airflow/example_dags/example_subdag_operator.py for tasks to queue
[2023-04-07 04:35:07,516] {logging_mixin.py:115} INFO - [2023-04-07 04:35:07,516] {dagbag.py:507} INFO - Filling up the DagBag from /home/airflow/.local/lib/python3.7/site-packages/airflow/example_dags/example_subdag_operator.py
[2023-04-07 04:35:07,569] {processor.py:651} INFO - DAG(s) dict_keys(['example_subdag_operator.section-1', 'example_subdag_operator.section-2', 'example_subdag_operator']) retrieved from /home/airflow/.local/lib/python3.7/site-packages/airflow/example_dags/example_subdag_operator.py
[2023-04-07 04:35:07,617] {logging_mixin.py:115} INFO - [2023-04-07 04:35:07,617] {dag.py:2371} INFO - Sync 3 DAGs
[2023-04-07 04:35:07,634] {logging_mixin.py:115} INFO - [2023-04-07 04:35:07,634] {dag.py:2919} INFO - Setting next_dagrun for example_subdag_operator to 2023-04-05T00:00:00+00:00, run_after=2023-04-05T00:00:00+00:00
[2023-04-07 04:35:07,636] {logging_mixin.py:115} INFO - [2023-04-07 04:35:07,636] {dag.py:2919} INFO - Setting next_dagrun for example_subdag_operator.section-1 to None, run_after=None
[2023-04-07 04:35:07,638] {logging_mixin.py:115} INFO - [2023-04-07 04:35:07,638] {dag.py:2919} INFO - Setting next_dagrun for example_subdag_operator.section-2 to None, run_after=None
[2023-04-07 04:35:07,643] {logging_mixin.py:115} INFO - [2023-04-07 04:35:07,643] {dag.py:2371} INFO - Sync 2 DAGs
[2023-04-07 04:35:07,649] {logging_mixin.py:115} INFO - [2023-04-07 04:35:07,649] {dag.py:2919} INFO - Setting next_dagrun for example_subdag_operator.section-1 to None, run_after=None
[2023-04-07 04:35:07,649] {logging_mixin.py:115} INFO - [2023-04-07 04:35:07,649] {dag.py:2919} INFO - Setting next_dagrun for example_subdag_operator.section-2 to None, run_after=None
[2023-04-07 04:35:07,654] {processor.py:161} INFO - Processing /home/airflow/.local/lib/python3.7/site-packages/airflow/example_dags/example_subdag_operator.py took 0.149 seconds
[2023-04-07 05:44:22,467] {processor.py:153} INFO - Started process (PID=49519) to work on /home/airflow/.local/lib/python3.7/site-packages/airflow/example_dags/example_subdag_operator.py
[2023-04-07 05:44:22,468] {processor.py:641} INFO - Processing file /home/airflow/.local/lib/python3.7/site-packages/airflow/example_dags/example_subdag_operator.py for tasks to queue
[2023-04-07 05:44:22,469] {logging_mixin.py:115} INFO - [2023-04-07 05:44:22,469] {dagbag.py:507} INFO - Filling up the DagBag from /home/airflow/.local/lib/python3.7/site-packages/airflow/example_dags/example_subdag_operator.py
[2023-04-07 05:44:22,497] {processor.py:651} INFO - DAG(s) dict_keys(['example_subdag_operator.section-1', 'example_subdag_operator.section-2', 'example_subdag_operator']) retrieved from /home/airflow/.local/lib/python3.7/site-packages/airflow/example_dags/example_subdag_operator.py
[2023-04-07 05:44:22,530] {logging_mixin.py:115} INFO - [2023-04-07 05:44:22,530] {dag.py:2371} INFO - Sync 3 DAGs
[2023-04-07 05:44:22,568] {logging_mixin.py:115} INFO - [2023-04-07 05:44:22,568] {dag.py:2919} INFO - Setting next_dagrun for example_subdag_operator to 2023-04-05T00:00:00+00:00, run_after=2023-04-05T00:00:00+00:00
[2023-04-07 05:44:22,569] {logging_mixin.py:115} INFO - [2023-04-07 05:44:22,569] {dag.py:2919} INFO - Setting next_dagrun for example_subdag_operator.section-1 to None, run_after=None
[2023-04-07 05:44:22,569] {logging_mixin.py:115} INFO - [2023-04-07 05:44:22,569] {dag.py:2919} INFO - Setting next_dagrun for example_subdag_operator.section-2 to None, run_after=None
[2023-04-07 05:44:22,575] {logging_mixin.py:115} INFO - [2023-04-07 05:44:22,574] {dag.py:2371} INFO - Sync 2 DAGs
[2023-04-07 05:44:22,585] {logging_mixin.py:115} INFO - [2023-04-07 05:44:22,585] {dag.py:2919} INFO - Setting next_dagrun for example_subdag_operator.section-1 to None, run_after=None
[2023-04-07 05:44:22,586] {logging_mixin.py:115} INFO - [2023-04-07 05:44:22,586] {dag.py:2919} INFO - Setting next_dagrun for example_subdag_operator.section-2 to None, run_after=None
[2023-04-07 05:44:22,590] {processor.py:161} INFO - Processing /home/airflow/.local/lib/python3.7/site-packages/airflow/example_dags/example_subdag_operator.py took 0.126 seconds
[2023-04-07 06:47:43,764] {processor.py:153} INFO - Started process (PID=49581) to work on /home/airflow/.local/lib/python3.7/site-packages/airflow/example_dags/example_subdag_operator.py
[2023-04-07 06:47:43,765] {processor.py:641} INFO - Processing file /home/airflow/.local/lib/python3.7/site-packages/airflow/example_dags/example_subdag_operator.py for tasks to queue
[2023-04-07 06:47:43,765] {logging_mixin.py:115} INFO - [2023-04-07 06:47:43,765] {dagbag.py:507} INFO - Filling up the DagBag from /home/airflow/.local/lib/python3.7/site-packages/airflow/example_dags/example_subdag_operator.py
[2023-04-07 06:47:43,783] {processor.py:651} INFO - DAG(s) dict_keys(['example_subdag_operator.section-1', 'example_subdag_operator.section-2', 'example_subdag_operator']) retrieved from /home/airflow/.local/lib/python3.7/site-packages/airflow/example_dags/example_subdag_operator.py
[2023-04-07 06:47:43,799] {logging_mixin.py:115} INFO - [2023-04-07 06:47:43,798] {dag.py:2371} INFO - Sync 3 DAGs
[2023-04-07 06:47:43,809] {logging_mixin.py:115} INFO - [2023-04-07 06:47:43,809] {dag.py:2919} INFO - Setting next_dagrun for example_subdag_operator to 2023-04-05T00:00:00+00:00, run_after=2023-04-05T00:00:00+00:00
[2023-04-07 06:47:43,809] {logging_mixin.py:115} INFO - [2023-04-07 06:47:43,809] {dag.py:2919} INFO - Setting next_dagrun for example_subdag_operator.section-1 to None, run_after=None
[2023-04-07 06:47:43,810] {logging_mixin.py:115} INFO - [2023-04-07 06:47:43,810] {dag.py:2919} INFO - Setting next_dagrun for example_subdag_operator.section-2 to None, run_after=None
[2023-04-07 06:47:43,813] {logging_mixin.py:115} INFO - [2023-04-07 06:47:43,813] {dag.py:2371} INFO - Sync 2 DAGs
[2023-04-07 06:47:43,815] {logging_mixin.py:115} INFO - [2023-04-07 06:47:43,815] {dag.py:2919} INFO - Setting next_dagrun for example_subdag_operator.section-1 to None, run_after=None
[2023-04-07 06:47:43,816] {logging_mixin.py:115} INFO - [2023-04-07 06:47:43,816] {dag.py:2919} INFO - Setting next_dagrun for example_subdag_operator.section-2 to None, run_after=None
[2023-04-07 06:47:43,820] {processor.py:161} INFO - Processing /home/airflow/.local/lib/python3.7/site-packages/airflow/example_dags/example_subdag_operator.py took 0.058 seconds
[2023-04-07 08:10:37,546] {processor.py:153} INFO - Started process (PID=49642) to work on /home/airflow/.local/lib/python3.7/site-packages/airflow/example_dags/example_subdag_operator.py
[2023-04-07 08:10:37,546] {processor.py:641} INFO - Processing file /home/airflow/.local/lib/python3.7/site-packages/airflow/example_dags/example_subdag_operator.py for tasks to queue
[2023-04-07 08:10:37,547] {logging_mixin.py:115} INFO - [2023-04-07 08:10:37,547] {dagbag.py:507} INFO - Filling up the DagBag from /home/airflow/.local/lib/python3.7/site-packages/airflow/example_dags/example_subdag_operator.py
[2023-04-07 08:10:37,588] {processor.py:651} INFO - DAG(s) dict_keys(['example_subdag_operator.section-1', 'example_subdag_operator.section-2', 'example_subdag_operator']) retrieved from /home/airflow/.local/lib/python3.7/site-packages/airflow/example_dags/example_subdag_operator.py
[2023-04-07 08:10:37,620] {logging_mixin.py:115} INFO - [2023-04-07 08:10:37,619] {dag.py:2371} INFO - Sync 3 DAGs
[2023-04-07 08:10:37,642] {logging_mixin.py:115} INFO - [2023-04-07 08:10:37,642] {dag.py:2919} INFO - Setting next_dagrun for example_subdag_operator to 2023-04-05T00:00:00+00:00, run_after=2023-04-05T00:00:00+00:00
[2023-04-07 08:10:37,643] {logging_mixin.py:115} INFO - [2023-04-07 08:10:37,643] {dag.py:2919} INFO - Setting next_dagrun for example_subdag_operator.section-1 to None, run_after=None
[2023-04-07 08:10:37,643] {logging_mixin.py:115} INFO - [2023-04-07 08:10:37,643] {dag.py:2919} INFO - Setting next_dagrun for example_subdag_operator.section-2 to None, run_after=None
[2023-04-07 08:10:37,648] {logging_mixin.py:115} INFO - [2023-04-07 08:10:37,648] {dag.py:2371} INFO - Sync 2 DAGs
[2023-04-07 08:10:37,662] {logging_mixin.py:115} INFO - [2023-04-07 08:10:37,662] {dag.py:2919} INFO - Setting next_dagrun for example_subdag_operator.section-1 to None, run_after=None
[2023-04-07 08:10:37,662] {logging_mixin.py:115} INFO - [2023-04-07 08:10:37,662] {dag.py:2919} INFO - Setting next_dagrun for example_subdag_operator.section-2 to None, run_after=None
[2023-04-07 08:10:37,666] {processor.py:161} INFO - Processing /home/airflow/.local/lib/python3.7/site-packages/airflow/example_dags/example_subdag_operator.py took 0.124 seconds
[2023-04-07 09:16:46,895] {processor.py:153} INFO - Started process (PID=49695) to work on /home/airflow/.local/lib/python3.7/site-packages/airflow/example_dags/example_subdag_operator.py
[2023-04-07 09:16:46,898] {processor.py:641} INFO - Processing file /home/airflow/.local/lib/python3.7/site-packages/airflow/example_dags/example_subdag_operator.py for tasks to queue
[2023-04-07 09:16:46,902] {logging_mixin.py:115} INFO - [2023-04-07 09:16:46,902] {dagbag.py:507} INFO - Filling up the DagBag from /home/airflow/.local/lib/python3.7/site-packages/airflow/example_dags/example_subdag_operator.py
[2023-04-07 09:16:46,957] {processor.py:651} INFO - DAG(s) dict_keys(['example_subdag_operator.section-1', 'example_subdag_operator.section-2', 'example_subdag_operator']) retrieved from /home/airflow/.local/lib/python3.7/site-packages/airflow/example_dags/example_subdag_operator.py
[2023-04-07 09:16:47,014] {logging_mixin.py:115} INFO - [2023-04-07 09:16:47,014] {dag.py:2371} INFO - Sync 3 DAGs
[2023-04-07 09:16:47,043] {logging_mixin.py:115} INFO - [2023-04-07 09:16:47,043] {dag.py:2919} INFO - Setting next_dagrun for example_subdag_operator to 2023-04-05T00:00:00+00:00, run_after=2023-04-05T00:00:00+00:00
[2023-04-07 09:16:47,044] {logging_mixin.py:115} INFO - [2023-04-07 09:16:47,044] {dag.py:2919} INFO - Setting next_dagrun for example_subdag_operator.section-1 to None, run_after=None
[2023-04-07 09:16:47,045] {logging_mixin.py:115} INFO - [2023-04-07 09:16:47,045] {dag.py:2919} INFO - Setting next_dagrun for example_subdag_operator.section-2 to None, run_after=None
[2023-04-07 09:16:47,052] {logging_mixin.py:115} INFO - [2023-04-07 09:16:47,052] {dag.py:2371} INFO - Sync 2 DAGs
[2023-04-07 09:16:47,060] {logging_mixin.py:115} INFO - [2023-04-07 09:16:47,060] {dag.py:2919} INFO - Setting next_dagrun for example_subdag_operator.section-1 to None, run_after=None
[2023-04-07 09:16:47,061] {logging_mixin.py:115} INFO - [2023-04-07 09:16:47,061] {dag.py:2919} INFO - Setting next_dagrun for example_subdag_operator.section-2 to None, run_after=None
[2023-04-07 09:16:47,072] {processor.py:161} INFO - Processing /home/airflow/.local/lib/python3.7/site-packages/airflow/example_dags/example_subdag_operator.py took 0.187 seconds
[2023-04-07 10:24:58,015] {processor.py:153} INFO - Started process (PID=49757) to work on /home/airflow/.local/lib/python3.7/site-packages/airflow/example_dags/example_subdag_operator.py
[2023-04-07 10:24:58,016] {processor.py:641} INFO - Processing file /home/airflow/.local/lib/python3.7/site-packages/airflow/example_dags/example_subdag_operator.py for tasks to queue
[2023-04-07 10:24:58,016] {logging_mixin.py:115} INFO - [2023-04-07 10:24:58,016] {dagbag.py:507} INFO - Filling up the DagBag from /home/airflow/.local/lib/python3.7/site-packages/airflow/example_dags/example_subdag_operator.py
[2023-04-07 10:24:58,039] {processor.py:651} INFO - DAG(s) dict_keys(['example_subdag_operator.section-1', 'example_subdag_operator.section-2', 'example_subdag_operator']) retrieved from /home/airflow/.local/lib/python3.7/site-packages/airflow/example_dags/example_subdag_operator.py
[2023-04-07 10:24:58,061] {logging_mixin.py:115} INFO - [2023-04-07 10:24:58,061] {dag.py:2371} INFO - Sync 3 DAGs
[2023-04-07 10:24:58,073] {logging_mixin.py:115} INFO - [2023-04-07 10:24:58,073] {dag.py:2919} INFO - Setting next_dagrun for example_subdag_operator to 2023-04-05T00:00:00+00:00, run_after=2023-04-05T00:00:00+00:00
[2023-04-07 10:24:58,073] {logging_mixin.py:115} INFO - [2023-04-07 10:24:58,073] {dag.py:2919} INFO - Setting next_dagrun for example_subdag_operator.section-1 to None, run_after=None
[2023-04-07 10:24:58,073] {logging_mixin.py:115} INFO - [2023-04-07 10:24:58,073] {dag.py:2919} INFO - Setting next_dagrun for example_subdag_operator.section-2 to None, run_after=None
[2023-04-07 10:24:58,076] {logging_mixin.py:115} INFO - [2023-04-07 10:24:58,076] {dag.py:2371} INFO - Sync 2 DAGs
[2023-04-07 10:24:58,079] {logging_mixin.py:115} INFO - [2023-04-07 10:24:58,079] {dag.py:2919} INFO - Setting next_dagrun for example_subdag_operator.section-1 to None, run_after=None
[2023-04-07 10:24:58,079] {logging_mixin.py:115} INFO - [2023-04-07 10:24:58,079] {dag.py:2919} INFO - Setting next_dagrun for example_subdag_operator.section-2 to None, run_after=None
[2023-04-07 10:24:58,083] {processor.py:161} INFO - Processing /home/airflow/.local/lib/python3.7/site-packages/airflow/example_dags/example_subdag_operator.py took 0.070 seconds
[2023-04-07 11:08:32,833] {processor.py:153} INFO - Started process (PID=49819) to work on /home/airflow/.local/lib/python3.7/site-packages/airflow/example_dags/example_subdag_operator.py
[2023-04-07 11:08:32,838] {processor.py:641} INFO - Processing file /home/airflow/.local/lib/python3.7/site-packages/airflow/example_dags/example_subdag_operator.py for tasks to queue
[2023-04-07 11:08:32,839] {logging_mixin.py:115} INFO - [2023-04-07 11:08:32,839] {dagbag.py:507} INFO - Filling up the DagBag from /home/airflow/.local/lib/python3.7/site-packages/airflow/example_dags/example_subdag_operator.py
[2023-04-07 11:08:32,864] {processor.py:651} INFO - DAG(s) dict_keys(['example_subdag_operator.section-1', 'example_subdag_operator.section-2', 'example_subdag_operator']) retrieved from /home/airflow/.local/lib/python3.7/site-packages/airflow/example_dags/example_subdag_operator.py
[2023-04-07 11:08:32,890] {logging_mixin.py:115} INFO - [2023-04-07 11:08:32,890] {dag.py:2371} INFO - Sync 3 DAGs
[2023-04-07 11:08:32,909] {logging_mixin.py:115} INFO - [2023-04-07 11:08:32,909] {dag.py:2919} INFO - Setting next_dagrun for example_subdag_operator to 2023-04-05T00:00:00+00:00, run_after=2023-04-05T00:00:00+00:00
[2023-04-07 11:08:32,914] {logging_mixin.py:115} INFO - [2023-04-07 11:08:32,913] {dag.py:2919} INFO - Setting next_dagrun for example_subdag_operator.section-1 to None, run_after=None
[2023-04-07 11:08:32,914] {logging_mixin.py:115} INFO - [2023-04-07 11:08:32,914] {dag.py:2919} INFO - Setting next_dagrun for example_subdag_operator.section-2 to None, run_after=None
[2023-04-07 11:08:32,919] {logging_mixin.py:115} INFO - [2023-04-07 11:08:32,919] {dag.py:2371} INFO - Sync 2 DAGs
[2023-04-07 11:08:32,924] {logging_mixin.py:115} INFO - [2023-04-07 11:08:32,924] {dag.py:2919} INFO - Setting next_dagrun for example_subdag_operator.section-1 to None, run_after=None
[2023-04-07 11:08:32,924] {logging_mixin.py:115} INFO - [2023-04-07 11:08:32,924] {dag.py:2919} INFO - Setting next_dagrun for example_subdag_operator.section-2 to None, run_after=None
[2023-04-07 11:08:32,929] {processor.py:161} INFO - Processing /home/airflow/.local/lib/python3.7/site-packages/airflow/example_dags/example_subdag_operator.py took 0.099 seconds
[2023-04-07 11:09:03,837] {processor.py:153} INFO - Started process (PID=49881) to work on /home/airflow/.local/lib/python3.7/site-packages/airflow/example_dags/example_subdag_operator.py
[2023-04-07 11:09:03,838] {processor.py:641} INFO - Processing file /home/airflow/.local/lib/python3.7/site-packages/airflow/example_dags/example_subdag_operator.py for tasks to queue
[2023-04-07 11:09:03,838] {logging_mixin.py:115} INFO - [2023-04-07 11:09:03,838] {dagbag.py:507} INFO - Filling up the DagBag from /home/airflow/.local/lib/python3.7/site-packages/airflow/example_dags/example_subdag_operator.py
[2023-04-07 11:09:03,855] {processor.py:651} INFO - DAG(s) dict_keys(['example_subdag_operator.section-1', 'example_subdag_operator.section-2', 'example_subdag_operator']) retrieved from /home/airflow/.local/lib/python3.7/site-packages/airflow/example_dags/example_subdag_operator.py
[2023-04-07 11:09:03,872] {logging_mixin.py:115} INFO - [2023-04-07 11:09:03,872] {dag.py:2371} INFO - Sync 3 DAGs
[2023-04-07 11:09:03,883] {logging_mixin.py:115} INFO - [2023-04-07 11:09:03,883] {dag.py:2919} INFO - Setting next_dagrun for example_subdag_operator to 2023-04-05T00:00:00+00:00, run_after=2023-04-05T00:00:00+00:00
[2023-04-07 11:09:03,883] {logging_mixin.py:115} INFO - [2023-04-07 11:09:03,883] {dag.py:2919} INFO - Setting next_dagrun for example_subdag_operator.section-1 to None, run_after=None
[2023-04-07 11:09:03,883] {logging_mixin.py:115} INFO - [2023-04-07 11:09:03,883] {dag.py:2919} INFO - Setting next_dagrun for example_subdag_operator.section-2 to None, run_after=None
[2023-04-07 11:09:03,887] {logging_mixin.py:115} INFO - [2023-04-07 11:09:03,887] {dag.py:2371} INFO - Sync 2 DAGs
[2023-04-07 11:09:03,889] {logging_mixin.py:115} INFO - [2023-04-07 11:09:03,889] {dag.py:2919} INFO - Setting next_dagrun for example_subdag_operator.section-1 to None, run_after=None
[2023-04-07 11:09:03,890] {logging_mixin.py:115} INFO - [2023-04-07 11:09:03,890] {dag.py:2919} INFO - Setting next_dagrun for example_subdag_operator.section-2 to None, run_after=None
[2023-04-07 11:09:03,893] {processor.py:161} INFO - Processing /home/airflow/.local/lib/python3.7/site-packages/airflow/example_dags/example_subdag_operator.py took 0.058 seconds
[2023-04-07 12:29:45,718] {processor.py:153} INFO - Started process (PID=49935) to work on /home/airflow/.local/lib/python3.7/site-packages/airflow/example_dags/example_subdag_operator.py
[2023-04-07 12:29:45,719] {processor.py:641} INFO - Processing file /home/airflow/.local/lib/python3.7/site-packages/airflow/example_dags/example_subdag_operator.py for tasks to queue
[2023-04-07 12:29:45,720] {logging_mixin.py:115} INFO - [2023-04-07 12:29:45,720] {dagbag.py:507} INFO - Filling up the DagBag from /home/airflow/.local/lib/python3.7/site-packages/airflow/example_dags/example_subdag_operator.py
[2023-04-07 12:29:45,760] {processor.py:651} INFO - DAG(s) dict_keys(['example_subdag_operator.section-1', 'example_subdag_operator.section-2', 'example_subdag_operator']) retrieved from /home/airflow/.local/lib/python3.7/site-packages/airflow/example_dags/example_subdag_operator.py
[2023-04-07 12:29:45,794] {logging_mixin.py:115} INFO - [2023-04-07 12:29:45,793] {dag.py:2371} INFO - Sync 3 DAGs
[2023-04-07 12:29:45,820] {logging_mixin.py:115} INFO - [2023-04-07 12:29:45,820] {dag.py:2919} INFO - Setting next_dagrun for example_subdag_operator to 2023-04-05T00:00:00+00:00, run_after=2023-04-05T00:00:00+00:00
[2023-04-07 12:29:45,821] {logging_mixin.py:115} INFO - [2023-04-07 12:29:45,821] {dag.py:2919} INFO - Setting next_dagrun for example_subdag_operator.section-1 to None, run_after=None
[2023-04-07 12:29:45,822] {logging_mixin.py:115} INFO - [2023-04-07 12:29:45,822] {dag.py:2919} INFO - Setting next_dagrun for example_subdag_operator.section-2 to None, run_after=None
[2023-04-07 12:29:45,829] {logging_mixin.py:115} INFO - [2023-04-07 12:29:45,829] {dag.py:2371} INFO - Sync 2 DAGs
[2023-04-07 12:29:45,834] {logging_mixin.py:115} INFO - [2023-04-07 12:29:45,834] {dag.py:2919} INFO - Setting next_dagrun for example_subdag_operator.section-1 to None, run_after=None
[2023-04-07 12:29:45,835] {logging_mixin.py:115} INFO - [2023-04-07 12:29:45,835] {dag.py:2919} INFO - Setting next_dagrun for example_subdag_operator.section-2 to None, run_after=None
[2023-04-07 12:29:45,851] {processor.py:161} INFO - Processing /home/airflow/.local/lib/python3.7/site-packages/airflow/example_dags/example_subdag_operator.py took 0.136 seconds
[2023-04-07 13:38:13,319] {processor.py:153} INFO - Started process (PID=49996) to work on /home/airflow/.local/lib/python3.7/site-packages/airflow/example_dags/example_subdag_operator.py
[2023-04-07 13:38:13,324] {processor.py:641} INFO - Processing file /home/airflow/.local/lib/python3.7/site-packages/airflow/example_dags/example_subdag_operator.py for tasks to queue
[2023-04-07 13:38:13,325] {logging_mixin.py:115} INFO - [2023-04-07 13:38:13,325] {dagbag.py:507} INFO - Filling up the DagBag from /home/airflow/.local/lib/python3.7/site-packages/airflow/example_dags/example_subdag_operator.py
[2023-04-07 13:38:13,379] {processor.py:651} INFO - DAG(s) dict_keys(['example_subdag_operator.section-1', 'example_subdag_operator.section-2', 'example_subdag_operator']) retrieved from /home/airflow/.local/lib/python3.7/site-packages/airflow/example_dags/example_subdag_operator.py
[2023-04-07 13:38:13,418] {logging_mixin.py:115} INFO - [2023-04-07 13:38:13,418] {dag.py:2371} INFO - Sync 3 DAGs
[2023-04-07 13:38:13,443] {logging_mixin.py:115} INFO - [2023-04-07 13:38:13,443] {dag.py:2919} INFO - Setting next_dagrun for example_subdag_operator to 2023-04-05T00:00:00+00:00, run_after=2023-04-05T00:00:00+00:00
[2023-04-07 13:38:13,444] {logging_mixin.py:115} INFO - [2023-04-07 13:38:13,444] {dag.py:2919} INFO - Setting next_dagrun for example_subdag_operator.section-1 to None, run_after=None
[2023-04-07 13:38:13,445] {logging_mixin.py:115} INFO - [2023-04-07 13:38:13,445] {dag.py:2919} INFO - Setting next_dagrun for example_subdag_operator.section-2 to None, run_after=None
[2023-04-07 13:38:13,450] {logging_mixin.py:115} INFO - [2023-04-07 13:38:13,450] {dag.py:2371} INFO - Sync 2 DAGs
[2023-04-07 13:38:13,457] {logging_mixin.py:115} INFO - [2023-04-07 13:38:13,457] {dag.py:2919} INFO - Setting next_dagrun for example_subdag_operator.section-1 to None, run_after=None
[2023-04-07 13:38:13,458] {logging_mixin.py:115} INFO - [2023-04-07 13:38:13,458] {dag.py:2919} INFO - Setting next_dagrun for example_subdag_operator.section-2 to None, run_after=None
[2023-04-07 13:38:13,465] {processor.py:161} INFO - Processing /home/airflow/.local/lib/python3.7/site-packages/airflow/example_dags/example_subdag_operator.py took 0.150 seconds
[2023-04-07 14:43:43,621] {processor.py:153} INFO - Started process (PID=50059) to work on /home/airflow/.local/lib/python3.7/site-packages/airflow/example_dags/example_subdag_operator.py
[2023-04-07 14:43:43,622] {processor.py:641} INFO - Processing file /home/airflow/.local/lib/python3.7/site-packages/airflow/example_dags/example_subdag_operator.py for tasks to queue
[2023-04-07 14:43:43,622] {logging_mixin.py:115} INFO - [2023-04-07 14:43:43,622] {dagbag.py:507} INFO - Filling up the DagBag from /home/airflow/.local/lib/python3.7/site-packages/airflow/example_dags/example_subdag_operator.py
[2023-04-07 14:43:43,657] {processor.py:651} INFO - DAG(s) dict_keys(['example_subdag_operator.section-1', 'example_subdag_operator.section-2', 'example_subdag_operator']) retrieved from /home/airflow/.local/lib/python3.7/site-packages/airflow/example_dags/example_subdag_operator.py
[2023-04-07 14:43:43,686] {logging_mixin.py:115} INFO - [2023-04-07 14:43:43,686] {dag.py:2371} INFO - Sync 3 DAGs
[2023-04-07 14:43:43,704] {logging_mixin.py:115} INFO - [2023-04-07 14:43:43,704] {dag.py:2919} INFO - Setting next_dagrun for example_subdag_operator to 2023-04-05T00:00:00+00:00, run_after=2023-04-05T00:00:00+00:00
[2023-04-07 14:43:43,705] {logging_mixin.py:115} INFO - [2023-04-07 14:43:43,705] {dag.py:2919} INFO - Setting next_dagrun for example_subdag_operator.section-1 to None, run_after=None
[2023-04-07 14:43:43,705] {logging_mixin.py:115} INFO - [2023-04-07 14:43:43,705] {dag.py:2919} INFO - Setting next_dagrun for example_subdag_operator.section-2 to None, run_after=None
[2023-04-07 14:43:43,711] {logging_mixin.py:115} INFO - [2023-04-07 14:43:43,711] {dag.py:2371} INFO - Sync 2 DAGs
[2023-04-07 14:43:43,717] {logging_mixin.py:115} INFO - [2023-04-07 14:43:43,716] {dag.py:2919} INFO - Setting next_dagrun for example_subdag_operator.section-1 to None, run_after=None
[2023-04-07 14:43:43,717] {logging_mixin.py:115} INFO - [2023-04-07 14:43:43,717] {dag.py:2919} INFO - Setting next_dagrun for example_subdag_operator.section-2 to None, run_after=None
[2023-04-07 14:43:43,721] {processor.py:161} INFO - Processing /home/airflow/.local/lib/python3.7/site-packages/airflow/example_dags/example_subdag_operator.py took 0.106 seconds
[2023-04-07 16:07:12,878] {processor.py:153} INFO - Started process (PID=50120) to work on /home/airflow/.local/lib/python3.7/site-packages/airflow/example_dags/example_subdag_operator.py
[2023-04-07 16:07:12,879] {processor.py:641} INFO - Processing file /home/airflow/.local/lib/python3.7/site-packages/airflow/example_dags/example_subdag_operator.py for tasks to queue
[2023-04-07 16:07:12,880] {logging_mixin.py:115} INFO - [2023-04-07 16:07:12,880] {dagbag.py:507} INFO - Filling up the DagBag from /home/airflow/.local/lib/python3.7/site-packages/airflow/example_dags/example_subdag_operator.py
[2023-04-07 16:07:12,912] {processor.py:651} INFO - DAG(s) dict_keys(['example_subdag_operator.section-1', 'example_subdag_operator.section-2', 'example_subdag_operator']) retrieved from /home/airflow/.local/lib/python3.7/site-packages/airflow/example_dags/example_subdag_operator.py
[2023-04-07 16:07:12,939] {logging_mixin.py:115} INFO - [2023-04-07 16:07:12,939] {dag.py:2371} INFO - Sync 3 DAGs
[2023-04-07 16:07:12,961] {logging_mixin.py:115} INFO - [2023-04-07 16:07:12,961] {dag.py:2919} INFO - Setting next_dagrun for example_subdag_operator to 2023-04-05T00:00:00+00:00, run_after=2023-04-05T00:00:00+00:00
[2023-04-07 16:07:12,962] {logging_mixin.py:115} INFO - [2023-04-07 16:07:12,962] {dag.py:2919} INFO - Setting next_dagrun for example_subdag_operator.section-1 to None, run_after=None
[2023-04-07 16:07:12,962] {logging_mixin.py:115} INFO - [2023-04-07 16:07:12,962] {dag.py:2919} INFO - Setting next_dagrun for example_subdag_operator.section-2 to None, run_after=None
[2023-04-07 16:07:12,967] {logging_mixin.py:115} INFO - [2023-04-07 16:07:12,967] {dag.py:2371} INFO - Sync 2 DAGs
[2023-04-07 16:07:12,971] {logging_mixin.py:115} INFO - [2023-04-07 16:07:12,971] {dag.py:2919} INFO - Setting next_dagrun for example_subdag_operator.section-1 to None, run_after=None
[2023-04-07 16:07:12,971] {logging_mixin.py:115} INFO - [2023-04-07 16:07:12,971] {dag.py:2919} INFO - Setting next_dagrun for example_subdag_operator.section-2 to None, run_after=None
[2023-04-07 16:07:12,975] {processor.py:161} INFO - Processing /home/airflow/.local/lib/python3.7/site-packages/airflow/example_dags/example_subdag_operator.py took 0.103 seconds
[2023-04-07 17:10:58,179] {processor.py:153} INFO - Started process (PID=50182) to work on /home/airflow/.local/lib/python3.7/site-packages/airflow/example_dags/example_subdag_operator.py
[2023-04-07 17:10:58,180] {processor.py:641} INFO - Processing file /home/airflow/.local/lib/python3.7/site-packages/airflow/example_dags/example_subdag_operator.py for tasks to queue
[2023-04-07 17:10:58,181] {logging_mixin.py:115} INFO - [2023-04-07 17:10:58,181] {dagbag.py:507} INFO - Filling up the DagBag from /home/airflow/.local/lib/python3.7/site-packages/airflow/example_dags/example_subdag_operator.py
[2023-04-07 17:10:58,216] {processor.py:651} INFO - DAG(s) dict_keys(['example_subdag_operator.section-1', 'example_subdag_operator.section-2', 'example_subdag_operator']) retrieved from /home/airflow/.local/lib/python3.7/site-packages/airflow/example_dags/example_subdag_operator.py
[2023-04-07 17:10:58,256] {logging_mixin.py:115} INFO - [2023-04-07 17:10:58,256] {dag.py:2371} INFO - Sync 3 DAGs
[2023-04-07 17:10:58,283] {logging_mixin.py:115} INFO - [2023-04-07 17:10:58,283] {dag.py:2919} INFO - Setting next_dagrun for example_subdag_operator to 2023-04-05T00:00:00+00:00, run_after=2023-04-05T00:00:00+00:00
[2023-04-07 17:10:58,284] {logging_mixin.py:115} INFO - [2023-04-07 17:10:58,284] {dag.py:2919} INFO - Setting next_dagrun for example_subdag_operator.section-1 to None, run_after=None
[2023-04-07 17:10:58,285] {logging_mixin.py:115} INFO - [2023-04-07 17:10:58,285] {dag.py:2919} INFO - Setting next_dagrun for example_subdag_operator.section-2 to None, run_after=None
[2023-04-07 17:10:58,292] {logging_mixin.py:115} INFO - [2023-04-07 17:10:58,292] {dag.py:2371} INFO - Sync 2 DAGs
[2023-04-07 17:10:58,299] {logging_mixin.py:115} INFO - [2023-04-07 17:10:58,299] {dag.py:2919} INFO - Setting next_dagrun for example_subdag_operator.section-1 to None, run_after=None
[2023-04-07 17:10:58,299] {logging_mixin.py:115} INFO - [2023-04-07 17:10:58,299] {dag.py:2919} INFO - Setting next_dagrun for example_subdag_operator.section-2 to None, run_after=None
[2023-04-07 17:10:58,312] {processor.py:161} INFO - Processing /home/airflow/.local/lib/python3.7/site-packages/airflow/example_dags/example_subdag_operator.py took 0.137 seconds
[2023-04-07 18:18:11,478] {processor.py:153} INFO - Started process (PID=50235) to work on /home/airflow/.local/lib/python3.7/site-packages/airflow/example_dags/example_subdag_operator.py
[2023-04-07 18:18:11,485] {processor.py:641} INFO - Processing file /home/airflow/.local/lib/python3.7/site-packages/airflow/example_dags/example_subdag_operator.py for tasks to queue
[2023-04-07 18:18:11,488] {logging_mixin.py:115} INFO - [2023-04-07 18:18:11,488] {dagbag.py:507} INFO - Filling up the DagBag from /home/airflow/.local/lib/python3.7/site-packages/airflow/example_dags/example_subdag_operator.py
[2023-04-07 18:18:11,532] {processor.py:651} INFO - DAG(s) dict_keys(['example_subdag_operator.section-1', 'example_subdag_operator.section-2', 'example_subdag_operator']) retrieved from /home/airflow/.local/lib/python3.7/site-packages/airflow/example_dags/example_subdag_operator.py
[2023-04-07 18:18:11,565] {logging_mixin.py:115} INFO - [2023-04-07 18:18:11,565] {dag.py:2371} INFO - Sync 3 DAGs
[2023-04-07 18:18:11,590] {logging_mixin.py:115} INFO - [2023-04-07 18:18:11,590] {dag.py:2919} INFO - Setting next_dagrun for example_subdag_operator to 2023-04-05T00:00:00+00:00, run_after=2023-04-05T00:00:00+00:00
[2023-04-07 18:18:11,590] {logging_mixin.py:115} INFO - [2023-04-07 18:18:11,590] {dag.py:2919} INFO - Setting next_dagrun for example_subdag_operator.section-1 to None, run_after=None
[2023-04-07 18:18:11,591] {logging_mixin.py:115} INFO - [2023-04-07 18:18:11,591] {dag.py:2919} INFO - Setting next_dagrun for example_subdag_operator.section-2 to None, run_after=None
[2023-04-07 18:18:11,597] {logging_mixin.py:115} INFO - [2023-04-07 18:18:11,597] {dag.py:2371} INFO - Sync 2 DAGs
[2023-04-07 18:18:11,608] {logging_mixin.py:115} INFO - [2023-04-07 18:18:11,608] {dag.py:2919} INFO - Setting next_dagrun for example_subdag_operator.section-1 to None, run_after=None
[2023-04-07 18:18:11,609] {logging_mixin.py:115} INFO - [2023-04-07 18:18:11,609] {dag.py:2919} INFO - Setting next_dagrun for example_subdag_operator.section-2 to None, run_after=None
[2023-04-07 18:18:11,628] {processor.py:161} INFO - Processing /home/airflow/.local/lib/python3.7/site-packages/airflow/example_dags/example_subdag_operator.py took 0.155 seconds
[2023-04-07 19:21:17,449] {processor.py:153} INFO - Started process (PID=50296) to work on /home/airflow/.local/lib/python3.7/site-packages/airflow/example_dags/example_subdag_operator.py
[2023-04-07 19:21:17,452] {processor.py:641} INFO - Processing file /home/airflow/.local/lib/python3.7/site-packages/airflow/example_dags/example_subdag_operator.py for tasks to queue
[2023-04-07 19:21:17,453] {logging_mixin.py:115} INFO - [2023-04-07 19:21:17,453] {dagbag.py:507} INFO - Filling up the DagBag from /home/airflow/.local/lib/python3.7/site-packages/airflow/example_dags/example_subdag_operator.py
[2023-04-07 19:21:17,479] {processor.py:651} INFO - DAG(s) dict_keys(['example_subdag_operator.section-1', 'example_subdag_operator.section-2', 'example_subdag_operator']) retrieved from /home/airflow/.local/lib/python3.7/site-packages/airflow/example_dags/example_subdag_operator.py
[2023-04-07 19:21:17,518] {logging_mixin.py:115} INFO - [2023-04-07 19:21:17,518] {dag.py:2371} INFO - Sync 3 DAGs
[2023-04-07 19:21:17,546] {logging_mixin.py:115} INFO - [2023-04-07 19:21:17,546] {dag.py:2919} INFO - Setting next_dagrun for example_subdag_operator to 2023-04-05T00:00:00+00:00, run_after=2023-04-05T00:00:00+00:00
[2023-04-07 19:21:17,547] {logging_mixin.py:115} INFO - [2023-04-07 19:21:17,547] {dag.py:2919} INFO - Setting next_dagrun for example_subdag_operator.section-1 to None, run_after=None
[2023-04-07 19:21:17,547] {logging_mixin.py:115} INFO - [2023-04-07 19:21:17,547] {dag.py:2919} INFO - Setting next_dagrun for example_subdag_operator.section-2 to None, run_after=None
[2023-04-07 19:21:17,554] {logging_mixin.py:115} INFO - [2023-04-07 19:21:17,554] {dag.py:2371} INFO - Sync 2 DAGs
[2023-04-07 19:21:17,566] {logging_mixin.py:115} INFO - [2023-04-07 19:21:17,566] {dag.py:2919} INFO - Setting next_dagrun for example_subdag_operator.section-1 to None, run_after=None
[2023-04-07 19:21:17,567] {logging_mixin.py:115} INFO - [2023-04-07 19:21:17,567] {dag.py:2919} INFO - Setting next_dagrun for example_subdag_operator.section-2 to None, run_after=None
[2023-04-07 19:21:17,573] {processor.py:161} INFO - Processing /home/airflow/.local/lib/python3.7/site-packages/airflow/example_dags/example_subdag_operator.py took 0.130 seconds
[2023-04-07 19:21:47,985] {processor.py:153} INFO - Started process (PID=50358) to work on /home/airflow/.local/lib/python3.7/site-packages/airflow/example_dags/example_subdag_operator.py
[2023-04-07 19:21:47,986] {processor.py:641} INFO - Processing file /home/airflow/.local/lib/python3.7/site-packages/airflow/example_dags/example_subdag_operator.py for tasks to queue
[2023-04-07 19:21:47,986] {logging_mixin.py:115} INFO - [2023-04-07 19:21:47,986] {dagbag.py:507} INFO - Filling up the DagBag from /home/airflow/.local/lib/python3.7/site-packages/airflow/example_dags/example_subdag_operator.py
[2023-04-07 19:21:48,004] {processor.py:651} INFO - DAG(s) dict_keys(['example_subdag_operator.section-1', 'example_subdag_operator.section-2', 'example_subdag_operator']) retrieved from /home/airflow/.local/lib/python3.7/site-packages/airflow/example_dags/example_subdag_operator.py
[2023-04-07 19:21:48,020] {logging_mixin.py:115} INFO - [2023-04-07 19:21:48,020] {dag.py:2371} INFO - Sync 3 DAGs
[2023-04-07 19:21:48,030] {logging_mixin.py:115} INFO - [2023-04-07 19:21:48,030] {dag.py:2919} INFO - Setting next_dagrun for example_subdag_operator to 2023-04-05T00:00:00+00:00, run_after=2023-04-05T00:00:00+00:00
[2023-04-07 19:21:48,030] {logging_mixin.py:115} INFO - [2023-04-07 19:21:48,030] {dag.py:2919} INFO - Setting next_dagrun for example_subdag_operator.section-1 to None, run_after=None
[2023-04-07 19:21:48,031] {logging_mixin.py:115} INFO - [2023-04-07 19:21:48,031] {dag.py:2919} INFO - Setting next_dagrun for example_subdag_operator.section-2 to None, run_after=None
[2023-04-07 19:21:48,034] {logging_mixin.py:115} INFO - [2023-04-07 19:21:48,034] {dag.py:2371} INFO - Sync 2 DAGs
[2023-04-07 19:21:48,037] {logging_mixin.py:115} INFO - [2023-04-07 19:21:48,037] {dag.py:2919} INFO - Setting next_dagrun for example_subdag_operator.section-1 to None, run_after=None
[2023-04-07 19:21:48,037] {logging_mixin.py:115} INFO - [2023-04-07 19:21:48,037] {dag.py:2919} INFO - Setting next_dagrun for example_subdag_operator.section-2 to None, run_after=None
[2023-04-07 19:21:48,040] {processor.py:161} INFO - Processing /home/airflow/.local/lib/python3.7/site-packages/airflow/example_dags/example_subdag_operator.py took 0.058 seconds
[2023-04-07 19:35:25,611] {processor.py:153} INFO - Started process (PID=50417) to work on /home/airflow/.local/lib/python3.7/site-packages/airflow/example_dags/example_subdag_operator.py
[2023-04-07 19:35:25,612] {processor.py:641} INFO - Processing file /home/airflow/.local/lib/python3.7/site-packages/airflow/example_dags/example_subdag_operator.py for tasks to queue
[2023-04-07 19:35:25,613] {logging_mixin.py:115} INFO - [2023-04-07 19:35:25,613] {dagbag.py:507} INFO - Filling up the DagBag from /home/airflow/.local/lib/python3.7/site-packages/airflow/example_dags/example_subdag_operator.py
[2023-04-07 19:35:25,650] {processor.py:651} INFO - DAG(s) dict_keys(['example_subdag_operator.section-1', 'example_subdag_operator.section-2', 'example_subdag_operator']) retrieved from /home/airflow/.local/lib/python3.7/site-packages/airflow/example_dags/example_subdag_operator.py
[2023-04-07 19:35:25,695] {logging_mixin.py:115} INFO - [2023-04-07 19:35:25,695] {dag.py:2371} INFO - Sync 3 DAGs
[2023-04-07 19:35:25,735] {logging_mixin.py:115} INFO - [2023-04-07 19:35:25,735] {dag.py:2919} INFO - Setting next_dagrun for example_subdag_operator to 2023-04-05T00:00:00+00:00, run_after=2023-04-05T00:00:00+00:00
[2023-04-07 19:35:25,736] {logging_mixin.py:115} INFO - [2023-04-07 19:35:25,736] {dag.py:2919} INFO - Setting next_dagrun for example_subdag_operator.section-1 to None, run_after=None
[2023-04-07 19:35:25,736] {logging_mixin.py:115} INFO - [2023-04-07 19:35:25,736] {dag.py:2919} INFO - Setting next_dagrun for example_subdag_operator.section-2 to None, run_after=None
[2023-04-07 19:35:25,741] {logging_mixin.py:115} INFO - [2023-04-07 19:35:25,741] {dag.py:2371} INFO - Sync 2 DAGs
[2023-04-07 19:35:25,748] {logging_mixin.py:115} INFO - [2023-04-07 19:35:25,748] {dag.py:2919} INFO - Setting next_dagrun for example_subdag_operator.section-1 to None, run_after=None
[2023-04-07 19:35:25,749] {logging_mixin.py:115} INFO - [2023-04-07 19:35:25,749] {dag.py:2919} INFO - Setting next_dagrun for example_subdag_operator.section-2 to None, run_after=None
[2023-04-07 19:35:25,755] {processor.py:161} INFO - Processing /home/airflow/.local/lib/python3.7/site-packages/airflow/example_dags/example_subdag_operator.py took 0.148 seconds
[2023-04-07 19:35:56,372] {processor.py:153} INFO - Started process (PID=50480) to work on /home/airflow/.local/lib/python3.7/site-packages/airflow/example_dags/example_subdag_operator.py
[2023-04-07 19:35:56,373] {processor.py:641} INFO - Processing file /home/airflow/.local/lib/python3.7/site-packages/airflow/example_dags/example_subdag_operator.py for tasks to queue
[2023-04-07 19:35:56,373] {logging_mixin.py:115} INFO - [2023-04-07 19:35:56,373] {dagbag.py:507} INFO - Filling up the DagBag from /home/airflow/.local/lib/python3.7/site-packages/airflow/example_dags/example_subdag_operator.py
[2023-04-07 19:35:56,394] {processor.py:651} INFO - DAG(s) dict_keys(['example_subdag_operator.section-1', 'example_subdag_operator.section-2', 'example_subdag_operator']) retrieved from /home/airflow/.local/lib/python3.7/site-packages/airflow/example_dags/example_subdag_operator.py
[2023-04-07 19:35:56,411] {logging_mixin.py:115} INFO - [2023-04-07 19:35:56,411] {dag.py:2371} INFO - Sync 3 DAGs
[2023-04-07 19:35:56,423] {logging_mixin.py:115} INFO - [2023-04-07 19:35:56,423] {dag.py:2919} INFO - Setting next_dagrun for example_subdag_operator to 2023-04-05T00:00:00+00:00, run_after=2023-04-05T00:00:00+00:00
[2023-04-07 19:35:56,424] {logging_mixin.py:115} INFO - [2023-04-07 19:35:56,424] {dag.py:2919} INFO - Setting next_dagrun for example_subdag_operator.section-1 to None, run_after=None
[2023-04-07 19:35:56,424] {logging_mixin.py:115} INFO - [2023-04-07 19:35:56,424] {dag.py:2919} INFO - Setting next_dagrun for example_subdag_operator.section-2 to None, run_after=None
[2023-04-07 19:35:56,428] {logging_mixin.py:115} INFO - [2023-04-07 19:35:56,428] {dag.py:2371} INFO - Sync 2 DAGs
[2023-04-07 19:35:56,431] {logging_mixin.py:115} INFO - [2023-04-07 19:35:56,431] {dag.py:2919} INFO - Setting next_dagrun for example_subdag_operator.section-1 to None, run_after=None
[2023-04-07 19:35:56,431] {logging_mixin.py:115} INFO - [2023-04-07 19:35:56,431] {dag.py:2919} INFO - Setting next_dagrun for example_subdag_operator.section-2 to None, run_after=None
[2023-04-07 19:35:56,435] {processor.py:161} INFO - Processing /home/airflow/.local/lib/python3.7/site-packages/airflow/example_dags/example_subdag_operator.py took 0.065 seconds
[2023-04-07 20:42:19,837] {processor.py:153} INFO - Started process (PID=50533) to work on /home/airflow/.local/lib/python3.7/site-packages/airflow/example_dags/example_subdag_operator.py
[2023-04-07 20:42:19,838] {processor.py:641} INFO - Processing file /home/airflow/.local/lib/python3.7/site-packages/airflow/example_dags/example_subdag_operator.py for tasks to queue
[2023-04-07 20:42:19,839] {logging_mixin.py:115} INFO - [2023-04-07 20:42:19,839] {dagbag.py:507} INFO - Filling up the DagBag from /home/airflow/.local/lib/python3.7/site-packages/airflow/example_dags/example_subdag_operator.py
[2023-04-07 20:42:19,877] {processor.py:651} INFO - DAG(s) dict_keys(['example_subdag_operator.section-1', 'example_subdag_operator.section-2', 'example_subdag_operator']) retrieved from /home/airflow/.local/lib/python3.7/site-packages/airflow/example_dags/example_subdag_operator.py
[2023-04-07 20:42:19,918] {logging_mixin.py:115} INFO - [2023-04-07 20:42:19,918] {dag.py:2371} INFO - Sync 3 DAGs
[2023-04-07 20:42:19,944] {logging_mixin.py:115} INFO - [2023-04-07 20:42:19,944] {dag.py:2919} INFO - Setting next_dagrun for example_subdag_operator to 2023-04-05T00:00:00+00:00, run_after=2023-04-05T00:00:00+00:00
[2023-04-07 20:42:19,945] {logging_mixin.py:115} INFO - [2023-04-07 20:42:19,945] {dag.py:2919} INFO - Setting next_dagrun for example_subdag_operator.section-1 to None, run_after=None
[2023-04-07 20:42:19,945] {logging_mixin.py:115} INFO - [2023-04-07 20:42:19,945] {dag.py:2919} INFO - Setting next_dagrun for example_subdag_operator.section-2 to None, run_after=None
[2023-04-07 20:42:19,952] {logging_mixin.py:115} INFO - [2023-04-07 20:42:19,952] {dag.py:2371} INFO - Sync 2 DAGs
[2023-04-07 20:42:19,957] {logging_mixin.py:115} INFO - [2023-04-07 20:42:19,957] {dag.py:2919} INFO - Setting next_dagrun for example_subdag_operator.section-1 to None, run_after=None
[2023-04-07 20:42:19,958] {logging_mixin.py:115} INFO - [2023-04-07 20:42:19,958] {dag.py:2919} INFO - Setting next_dagrun for example_subdag_operator.section-2 to None, run_after=None
[2023-04-07 20:42:19,962] {processor.py:161} INFO - Processing /home/airflow/.local/lib/python3.7/site-packages/airflow/example_dags/example_subdag_operator.py took 0.133 seconds
[2023-04-07 21:32:23,986] {processor.py:153} INFO - Started process (PID=50595) to work on /home/airflow/.local/lib/python3.7/site-packages/airflow/example_dags/example_subdag_operator.py
[2023-04-07 21:32:23,991] {processor.py:641} INFO - Processing file /home/airflow/.local/lib/python3.7/site-packages/airflow/example_dags/example_subdag_operator.py for tasks to queue
[2023-04-07 21:32:23,992] {logging_mixin.py:115} INFO - [2023-04-07 21:32:23,992] {dagbag.py:507} INFO - Filling up the DagBag from /home/airflow/.local/lib/python3.7/site-packages/airflow/example_dags/example_subdag_operator.py
[2023-04-07 21:32:24,050] {processor.py:651} INFO - DAG(s) dict_keys(['example_subdag_operator.section-1', 'example_subdag_operator.section-2', 'example_subdag_operator']) retrieved from /home/airflow/.local/lib/python3.7/site-packages/airflow/example_dags/example_subdag_operator.py
[2023-04-07 21:32:24,096] {logging_mixin.py:115} INFO - [2023-04-07 21:32:24,096] {dag.py:2371} INFO - Sync 3 DAGs
[2023-04-07 21:32:24,120] {logging_mixin.py:115} INFO - [2023-04-07 21:32:24,120] {dag.py:2919} INFO - Setting next_dagrun for example_subdag_operator to 2023-04-05T00:00:00+00:00, run_after=2023-04-05T00:00:00+00:00
[2023-04-07 21:32:24,121] {logging_mixin.py:115} INFO - [2023-04-07 21:32:24,121] {dag.py:2919} INFO - Setting next_dagrun for example_subdag_operator.section-1 to None, run_after=None
[2023-04-07 21:32:24,121] {logging_mixin.py:115} INFO - [2023-04-07 21:32:24,121] {dag.py:2919} INFO - Setting next_dagrun for example_subdag_operator.section-2 to None, run_after=None
[2023-04-07 21:32:24,126] {logging_mixin.py:115} INFO - [2023-04-07 21:32:24,126] {dag.py:2371} INFO - Sync 2 DAGs
[2023-04-07 21:32:24,134] {logging_mixin.py:115} INFO - [2023-04-07 21:32:24,134] {dag.py:2919} INFO - Setting next_dagrun for example_subdag_operator.section-1 to None, run_after=None
[2023-04-07 21:32:24,135] {logging_mixin.py:115} INFO - [2023-04-07 21:32:24,135] {dag.py:2919} INFO - Setting next_dagrun for example_subdag_operator.section-2 to None, run_after=None
[2023-04-07 21:32:24,150] {processor.py:161} INFO - Processing /home/airflow/.local/lib/python3.7/site-packages/airflow/example_dags/example_subdag_operator.py took 0.172 seconds
[2023-04-07 22:38:22,357] {processor.py:153} INFO - Started process (PID=50657) to work on /home/airflow/.local/lib/python3.7/site-packages/airflow/example_dags/example_subdag_operator.py
[2023-04-07 22:38:22,360] {processor.py:641} INFO - Processing file /home/airflow/.local/lib/python3.7/site-packages/airflow/example_dags/example_subdag_operator.py for tasks to queue
[2023-04-07 22:38:22,361] {logging_mixin.py:115} INFO - [2023-04-07 22:38:22,361] {dagbag.py:507} INFO - Filling up the DagBag from /home/airflow/.local/lib/python3.7/site-packages/airflow/example_dags/example_subdag_operator.py
[2023-04-07 22:38:22,399] {processor.py:651} INFO - DAG(s) dict_keys(['example_subdag_operator.section-1', 'example_subdag_operator.section-2', 'example_subdag_operator']) retrieved from /home/airflow/.local/lib/python3.7/site-packages/airflow/example_dags/example_subdag_operator.py
[2023-04-07 22:38:22,443] {logging_mixin.py:115} INFO - [2023-04-07 22:38:22,443] {dag.py:2371} INFO - Sync 3 DAGs
[2023-04-07 22:38:22,467] {logging_mixin.py:115} INFO - [2023-04-07 22:38:22,467] {dag.py:2919} INFO - Setting next_dagrun for example_subdag_operator to 2023-04-05T00:00:00+00:00, run_after=2023-04-05T00:00:00+00:00
[2023-04-07 22:38:22,468] {logging_mixin.py:115} INFO - [2023-04-07 22:38:22,468] {dag.py:2919} INFO - Setting next_dagrun for example_subdag_operator.section-1 to None, run_after=None
[2023-04-07 22:38:22,469] {logging_mixin.py:115} INFO - [2023-04-07 22:38:22,469] {dag.py:2919} INFO - Setting next_dagrun for example_subdag_operator.section-2 to None, run_after=None
[2023-04-07 22:38:22,474] {logging_mixin.py:115} INFO - [2023-04-07 22:38:22,474] {dag.py:2371} INFO - Sync 2 DAGs
[2023-04-07 22:38:22,480] {logging_mixin.py:115} INFO - [2023-04-07 22:38:22,480] {dag.py:2919} INFO - Setting next_dagrun for example_subdag_operator.section-1 to None, run_after=None
[2023-04-07 22:38:22,480] {logging_mixin.py:115} INFO - [2023-04-07 22:38:22,480] {dag.py:2919} INFO - Setting next_dagrun for example_subdag_operator.section-2 to None, run_after=None
[2023-04-07 22:38:22,485] {processor.py:161} INFO - Processing /home/airflow/.local/lib/python3.7/site-packages/airflow/example_dags/example_subdag_operator.py took 0.130 seconds
