[2023-04-07 00:21:18,830] {processor.py:153} INFO - Started process (PID=49164) to work on /home/airflow/.local/lib/python3.7/site-packages/airflow/example_dags/example_external_task_marker_dag.py
[2023-04-07 00:21:18,831] {processor.py:641} INFO - Processing file /home/airflow/.local/lib/python3.7/site-packages/airflow/example_dags/example_external_task_marker_dag.py for tasks to queue
[2023-04-07 00:21:18,832] {logging_mixin.py:115} INFO - [2023-04-07 00:21:18,832] {dagbag.py:507} INFO - Filling up the DagBag from /home/airflow/.local/lib/python3.7/site-packages/airflow/example_dags/example_external_task_marker_dag.py
[2023-04-07 00:21:18,837] {processor.py:651} INFO - DAG(s) dict_keys(['example_external_task_marker_parent', 'example_external_task_marker_child']) retrieved from /home/airflow/.local/lib/python3.7/site-packages/airflow/example_dags/example_external_task_marker_dag.py
[2023-04-07 00:21:18,879] {logging_mixin.py:115} INFO - [2023-04-07 00:21:18,879] {dag.py:2371} INFO - Sync 2 DAGs
[2023-04-07 00:21:18,904] {logging_mixin.py:115} INFO - [2023-04-07 00:21:18,904] {dag.py:2919} INFO - Setting next_dagrun for example_external_task_marker_child to None, run_after=None
[2023-04-07 00:21:18,905] {logging_mixin.py:115} INFO - [2023-04-07 00:21:18,905] {dag.py:2919} INFO - Setting next_dagrun for example_external_task_marker_parent to None, run_after=None
[2023-04-07 00:21:18,914] {processor.py:161} INFO - Processing /home/airflow/.local/lib/python3.7/site-packages/airflow/example_dags/example_external_task_marker_dag.py took 0.088 seconds
[2023-04-07 01:26:27,990] {processor.py:153} INFO - Started process (PID=49226) to work on /home/airflow/.local/lib/python3.7/site-packages/airflow/example_dags/example_external_task_marker_dag.py
[2023-04-07 01:26:27,995] {processor.py:641} INFO - Processing file /home/airflow/.local/lib/python3.7/site-packages/airflow/example_dags/example_external_task_marker_dag.py for tasks to queue
[2023-04-07 01:26:27,996] {logging_mixin.py:115} INFO - [2023-04-07 01:26:27,996] {dagbag.py:507} INFO - Filling up the DagBag from /home/airflow/.local/lib/python3.7/site-packages/airflow/example_dags/example_external_task_marker_dag.py
[2023-04-07 01:26:28,000] {processor.py:651} INFO - DAG(s) dict_keys(['example_external_task_marker_parent', 'example_external_task_marker_child']) retrieved from /home/airflow/.local/lib/python3.7/site-packages/airflow/example_dags/example_external_task_marker_dag.py
[2023-04-07 01:26:28,037] {logging_mixin.py:115} INFO - [2023-04-07 01:26:28,037] {dag.py:2371} INFO - Sync 2 DAGs
[2023-04-07 01:26:28,051] {logging_mixin.py:115} INFO - [2023-04-07 01:26:28,051] {dag.py:2919} INFO - Setting next_dagrun for example_external_task_marker_child to None, run_after=None
[2023-04-07 01:26:28,052] {logging_mixin.py:115} INFO - [2023-04-07 01:26:28,052] {dag.py:2919} INFO - Setting next_dagrun for example_external_task_marker_parent to None, run_after=None
[2023-04-07 01:26:28,058] {processor.py:161} INFO - Processing /home/airflow/.local/lib/python3.7/site-packages/airflow/example_dags/example_external_task_marker_dag.py took 0.070 seconds
[2023-04-07 02:49:14,951] {processor.py:153} INFO - Started process (PID=49287) to work on /home/airflow/.local/lib/python3.7/site-packages/airflow/example_dags/example_external_task_marker_dag.py
[2023-04-07 02:49:14,958] {processor.py:641} INFO - Processing file /home/airflow/.local/lib/python3.7/site-packages/airflow/example_dags/example_external_task_marker_dag.py for tasks to queue
[2023-04-07 02:49:14,960] {logging_mixin.py:115} INFO - [2023-04-07 02:49:14,960] {dagbag.py:507} INFO - Filling up the DagBag from /home/airflow/.local/lib/python3.7/site-packages/airflow/example_dags/example_external_task_marker_dag.py
[2023-04-07 02:49:14,965] {processor.py:651} INFO - DAG(s) dict_keys(['example_external_task_marker_parent', 'example_external_task_marker_child']) retrieved from /home/airflow/.local/lib/python3.7/site-packages/airflow/example_dags/example_external_task_marker_dag.py
[2023-04-07 02:49:15,008] {logging_mixin.py:115} INFO - [2023-04-07 02:49:15,008] {dag.py:2371} INFO - Sync 2 DAGs
[2023-04-07 02:49:15,030] {logging_mixin.py:115} INFO - [2023-04-07 02:49:15,030] {dag.py:2919} INFO - Setting next_dagrun for example_external_task_marker_child to None, run_after=None
[2023-04-07 02:49:15,031] {logging_mixin.py:115} INFO - [2023-04-07 02:49:15,031] {dag.py:2919} INFO - Setting next_dagrun for example_external_task_marker_parent to None, run_after=None
[2023-04-07 02:49:15,043] {processor.py:161} INFO - Processing /home/airflow/.local/lib/python3.7/site-packages/airflow/example_dags/example_external_task_marker_dag.py took 0.098 seconds
[2023-04-07 02:55:41,788] {processor.py:153} INFO - Started process (PID=49349) to work on /home/airflow/.local/lib/python3.7/site-packages/airflow/example_dags/example_external_task_marker_dag.py
[2023-04-07 02:55:41,789] {processor.py:641} INFO - Processing file /home/airflow/.local/lib/python3.7/site-packages/airflow/example_dags/example_external_task_marker_dag.py for tasks to queue
[2023-04-07 02:55:41,790] {logging_mixin.py:115} INFO - [2023-04-07 02:55:41,790] {dagbag.py:507} INFO - Filling up the DagBag from /home/airflow/.local/lib/python3.7/site-packages/airflow/example_dags/example_external_task_marker_dag.py
[2023-04-07 02:55:41,793] {processor.py:651} INFO - DAG(s) dict_keys(['example_external_task_marker_parent', 'example_external_task_marker_child']) retrieved from /home/airflow/.local/lib/python3.7/site-packages/airflow/example_dags/example_external_task_marker_dag.py
[2023-04-07 02:55:41,826] {logging_mixin.py:115} INFO - [2023-04-07 02:55:41,826] {dag.py:2371} INFO - Sync 2 DAGs
[2023-04-07 02:55:41,838] {logging_mixin.py:115} INFO - [2023-04-07 02:55:41,838] {dag.py:2919} INFO - Setting next_dagrun for example_external_task_marker_child to None, run_after=None
[2023-04-07 02:55:41,839] {logging_mixin.py:115} INFO - [2023-04-07 02:55:41,839] {dag.py:2919} INFO - Setting next_dagrun for example_external_task_marker_parent to None, run_after=None
[2023-04-07 02:55:41,845] {processor.py:161} INFO - Processing /home/airflow/.local/lib/python3.7/site-packages/airflow/example_dags/example_external_task_marker_dag.py took 0.059 seconds
[2023-04-07 03:13:42,767] {processor.py:153} INFO - Started process (PID=49402) to work on /home/airflow/.local/lib/python3.7/site-packages/airflow/example_dags/example_external_task_marker_dag.py
[2023-04-07 03:13:42,770] {processor.py:641} INFO - Processing file /home/airflow/.local/lib/python3.7/site-packages/airflow/example_dags/example_external_task_marker_dag.py for tasks to queue
[2023-04-07 03:13:42,771] {logging_mixin.py:115} INFO - [2023-04-07 03:13:42,771] {dagbag.py:507} INFO - Filling up the DagBag from /home/airflow/.local/lib/python3.7/site-packages/airflow/example_dags/example_external_task_marker_dag.py
[2023-04-07 03:13:42,778] {processor.py:651} INFO - DAG(s) dict_keys(['example_external_task_marker_parent', 'example_external_task_marker_child']) retrieved from /home/airflow/.local/lib/python3.7/site-packages/airflow/example_dags/example_external_task_marker_dag.py
[2023-04-07 03:13:42,819] {logging_mixin.py:115} INFO - [2023-04-07 03:13:42,819] {dag.py:2371} INFO - Sync 2 DAGs
[2023-04-07 03:13:42,830] {logging_mixin.py:115} INFO - [2023-04-07 03:13:42,830] {dag.py:2919} INFO - Setting next_dagrun for example_external_task_marker_child to None, run_after=None
[2023-04-07 03:13:42,831] {logging_mixin.py:115} INFO - [2023-04-07 03:13:42,831] {dag.py:2919} INFO - Setting next_dagrun for example_external_task_marker_parent to None, run_after=None
[2023-04-07 03:13:42,841] {processor.py:161} INFO - Processing /home/airflow/.local/lib/python3.7/site-packages/airflow/example_dags/example_external_task_marker_dag.py took 0.077 seconds
[2023-04-07 04:35:07,885] {processor.py:153} INFO - Started process (PID=49464) to work on /home/airflow/.local/lib/python3.7/site-packages/airflow/example_dags/example_external_task_marker_dag.py
[2023-04-07 04:35:07,886] {processor.py:641} INFO - Processing file /home/airflow/.local/lib/python3.7/site-packages/airflow/example_dags/example_external_task_marker_dag.py for tasks to queue
[2023-04-07 04:35:07,886] {logging_mixin.py:115} INFO - [2023-04-07 04:35:07,886] {dagbag.py:507} INFO - Filling up the DagBag from /home/airflow/.local/lib/python3.7/site-packages/airflow/example_dags/example_external_task_marker_dag.py
[2023-04-07 04:35:07,889] {processor.py:651} INFO - DAG(s) dict_keys(['example_external_task_marker_parent', 'example_external_task_marker_child']) retrieved from /home/airflow/.local/lib/python3.7/site-packages/airflow/example_dags/example_external_task_marker_dag.py
[2023-04-07 04:35:07,915] {logging_mixin.py:115} INFO - [2023-04-07 04:35:07,915] {dag.py:2371} INFO - Sync 2 DAGs
[2023-04-07 04:35:07,925] {logging_mixin.py:115} INFO - [2023-04-07 04:35:07,925] {dag.py:2919} INFO - Setting next_dagrun for example_external_task_marker_child to None, run_after=None
[2023-04-07 04:35:07,926] {logging_mixin.py:115} INFO - [2023-04-07 04:35:07,926] {dag.py:2919} INFO - Setting next_dagrun for example_external_task_marker_parent to None, run_after=None
[2023-04-07 04:35:07,932] {processor.py:161} INFO - Processing /home/airflow/.local/lib/python3.7/site-packages/airflow/example_dags/example_external_task_marker_dag.py took 0.049 seconds
[2023-04-07 05:44:22,976] {processor.py:153} INFO - Started process (PID=49526) to work on /home/airflow/.local/lib/python3.7/site-packages/airflow/example_dags/example_external_task_marker_dag.py
[2023-04-07 05:44:22,977] {processor.py:641} INFO - Processing file /home/airflow/.local/lib/python3.7/site-packages/airflow/example_dags/example_external_task_marker_dag.py for tasks to queue
[2023-04-07 05:44:22,977] {logging_mixin.py:115} INFO - [2023-04-07 05:44:22,977] {dagbag.py:507} INFO - Filling up the DagBag from /home/airflow/.local/lib/python3.7/site-packages/airflow/example_dags/example_external_task_marker_dag.py
[2023-04-07 05:44:22,981] {processor.py:651} INFO - DAG(s) dict_keys(['example_external_task_marker_parent', 'example_external_task_marker_child']) retrieved from /home/airflow/.local/lib/python3.7/site-packages/airflow/example_dags/example_external_task_marker_dag.py
[2023-04-07 05:44:23,022] {logging_mixin.py:115} INFO - [2023-04-07 05:44:23,021] {dag.py:2371} INFO - Sync 2 DAGs
[2023-04-07 05:44:23,038] {logging_mixin.py:115} INFO - [2023-04-07 05:44:23,038] {dag.py:2919} INFO - Setting next_dagrun for example_external_task_marker_child to None, run_after=None
[2023-04-07 05:44:23,039] {logging_mixin.py:115} INFO - [2023-04-07 05:44:23,039] {dag.py:2919} INFO - Setting next_dagrun for example_external_task_marker_parent to None, run_after=None
[2023-04-07 05:44:23,048] {processor.py:161} INFO - Processing /home/airflow/.local/lib/python3.7/site-packages/airflow/example_dags/example_external_task_marker_dag.py took 0.076 seconds
[2023-04-07 06:47:44,066] {processor.py:153} INFO - Started process (PID=49588) to work on /home/airflow/.local/lib/python3.7/site-packages/airflow/example_dags/example_external_task_marker_dag.py
[2023-04-07 06:47:44,067] {processor.py:641} INFO - Processing file /home/airflow/.local/lib/python3.7/site-packages/airflow/example_dags/example_external_task_marker_dag.py for tasks to queue
[2023-04-07 06:47:44,068] {logging_mixin.py:115} INFO - [2023-04-07 06:47:44,068] {dagbag.py:507} INFO - Filling up the DagBag from /home/airflow/.local/lib/python3.7/site-packages/airflow/example_dags/example_external_task_marker_dag.py
[2023-04-07 06:47:44,071] {processor.py:651} INFO - DAG(s) dict_keys(['example_external_task_marker_parent', 'example_external_task_marker_child']) retrieved from /home/airflow/.local/lib/python3.7/site-packages/airflow/example_dags/example_external_task_marker_dag.py
[2023-04-07 06:47:44,107] {logging_mixin.py:115} INFO - [2023-04-07 06:47:44,107] {dag.py:2371} INFO - Sync 2 DAGs
[2023-04-07 06:47:44,122] {logging_mixin.py:115} INFO - [2023-04-07 06:47:44,122] {dag.py:2919} INFO - Setting next_dagrun for example_external_task_marker_child to None, run_after=None
[2023-04-07 06:47:44,123] {logging_mixin.py:115} INFO - [2023-04-07 06:47:44,123] {dag.py:2919} INFO - Setting next_dagrun for example_external_task_marker_parent to None, run_after=None
[2023-04-07 06:47:44,134] {processor.py:161} INFO - Processing /home/airflow/.local/lib/python3.7/site-packages/airflow/example_dags/example_external_task_marker_dag.py took 0.070 seconds
[2023-04-07 08:10:38,000] {processor.py:153} INFO - Started process (PID=49649) to work on /home/airflow/.local/lib/python3.7/site-packages/airflow/example_dags/example_external_task_marker_dag.py
[2023-04-07 08:10:38,000] {processor.py:641} INFO - Processing file /home/airflow/.local/lib/python3.7/site-packages/airflow/example_dags/example_external_task_marker_dag.py for tasks to queue
[2023-04-07 08:10:38,001] {logging_mixin.py:115} INFO - [2023-04-07 08:10:38,001] {dagbag.py:507} INFO - Filling up the DagBag from /home/airflow/.local/lib/python3.7/site-packages/airflow/example_dags/example_external_task_marker_dag.py
[2023-04-07 08:10:38,005] {processor.py:651} INFO - DAG(s) dict_keys(['example_external_task_marker_parent', 'example_external_task_marker_child']) retrieved from /home/airflow/.local/lib/python3.7/site-packages/airflow/example_dags/example_external_task_marker_dag.py
[2023-04-07 08:10:38,031] {logging_mixin.py:115} INFO - [2023-04-07 08:10:38,031] {dag.py:2371} INFO - Sync 2 DAGs
[2023-04-07 08:10:38,042] {logging_mixin.py:115} INFO - [2023-04-07 08:10:38,042] {dag.py:2919} INFO - Setting next_dagrun for example_external_task_marker_child to None, run_after=None
[2023-04-07 08:10:38,043] {logging_mixin.py:115} INFO - [2023-04-07 08:10:38,043] {dag.py:2919} INFO - Setting next_dagrun for example_external_task_marker_parent to None, run_after=None
[2023-04-07 08:10:38,050] {processor.py:161} INFO - Processing /home/airflow/.local/lib/python3.7/site-packages/airflow/example_dags/example_external_task_marker_dag.py took 0.053 seconds
[2023-04-07 09:16:47,479] {processor.py:153} INFO - Started process (PID=49702) to work on /home/airflow/.local/lib/python3.7/site-packages/airflow/example_dags/example_external_task_marker_dag.py
[2023-04-07 09:16:47,480] {processor.py:641} INFO - Processing file /home/airflow/.local/lib/python3.7/site-packages/airflow/example_dags/example_external_task_marker_dag.py for tasks to queue
[2023-04-07 09:16:47,480] {logging_mixin.py:115} INFO - [2023-04-07 09:16:47,480] {dagbag.py:507} INFO - Filling up the DagBag from /home/airflow/.local/lib/python3.7/site-packages/airflow/example_dags/example_external_task_marker_dag.py
[2023-04-07 09:16:47,483] {processor.py:651} INFO - DAG(s) dict_keys(['example_external_task_marker_parent', 'example_external_task_marker_child']) retrieved from /home/airflow/.local/lib/python3.7/site-packages/airflow/example_dags/example_external_task_marker_dag.py
[2023-04-07 09:16:47,513] {logging_mixin.py:115} INFO - [2023-04-07 09:16:47,513] {dag.py:2371} INFO - Sync 2 DAGs
[2023-04-07 09:16:47,524] {logging_mixin.py:115} INFO - [2023-04-07 09:16:47,524] {dag.py:2919} INFO - Setting next_dagrun for example_external_task_marker_child to None, run_after=None
[2023-04-07 09:16:47,525] {logging_mixin.py:115} INFO - [2023-04-07 09:16:47,525] {dag.py:2919} INFO - Setting next_dagrun for example_external_task_marker_parent to None, run_after=None
[2023-04-07 09:16:47,530] {processor.py:161} INFO - Processing /home/airflow/.local/lib/python3.7/site-packages/airflow/example_dags/example_external_task_marker_dag.py took 0.054 seconds
[2023-04-07 10:24:58,242] {processor.py:153} INFO - Started process (PID=49764) to work on /home/airflow/.local/lib/python3.7/site-packages/airflow/example_dags/example_external_task_marker_dag.py
[2023-04-07 10:24:58,243] {processor.py:641} INFO - Processing file /home/airflow/.local/lib/python3.7/site-packages/airflow/example_dags/example_external_task_marker_dag.py for tasks to queue
[2023-04-07 10:24:58,243] {logging_mixin.py:115} INFO - [2023-04-07 10:24:58,243] {dagbag.py:507} INFO - Filling up the DagBag from /home/airflow/.local/lib/python3.7/site-packages/airflow/example_dags/example_external_task_marker_dag.py
[2023-04-07 10:24:58,246] {processor.py:651} INFO - DAG(s) dict_keys(['example_external_task_marker_parent', 'example_external_task_marker_child']) retrieved from /home/airflow/.local/lib/python3.7/site-packages/airflow/example_dags/example_external_task_marker_dag.py
[2023-04-07 10:24:58,272] {logging_mixin.py:115} INFO - [2023-04-07 10:24:58,272] {dag.py:2371} INFO - Sync 2 DAGs
[2023-04-07 10:24:58,283] {logging_mixin.py:115} INFO - [2023-04-07 10:24:58,283] {dag.py:2919} INFO - Setting next_dagrun for example_external_task_marker_child to None, run_after=None
[2023-04-07 10:24:58,283] {logging_mixin.py:115} INFO - [2023-04-07 10:24:58,283] {dag.py:2919} INFO - Setting next_dagrun for example_external_task_marker_parent to None, run_after=None
[2023-04-07 10:24:58,289] {processor.py:161} INFO - Processing /home/airflow/.local/lib/python3.7/site-packages/airflow/example_dags/example_external_task_marker_dag.py took 0.049 seconds
[2023-04-07 11:08:33,253] {processor.py:153} INFO - Started process (PID=49826) to work on /home/airflow/.local/lib/python3.7/site-packages/airflow/example_dags/example_external_task_marker_dag.py
[2023-04-07 11:08:33,255] {processor.py:641} INFO - Processing file /home/airflow/.local/lib/python3.7/site-packages/airflow/example_dags/example_external_task_marker_dag.py for tasks to queue
[2023-04-07 11:08:33,256] {logging_mixin.py:115} INFO - [2023-04-07 11:08:33,256] {dagbag.py:507} INFO - Filling up the DagBag from /home/airflow/.local/lib/python3.7/site-packages/airflow/example_dags/example_external_task_marker_dag.py
[2023-04-07 11:08:33,262] {processor.py:651} INFO - DAG(s) dict_keys(['example_external_task_marker_parent', 'example_external_task_marker_child']) retrieved from /home/airflow/.local/lib/python3.7/site-packages/airflow/example_dags/example_external_task_marker_dag.py
[2023-04-07 11:08:33,313] {logging_mixin.py:115} INFO - [2023-04-07 11:08:33,313] {dag.py:2371} INFO - Sync 2 DAGs
[2023-04-07 11:08:33,327] {logging_mixin.py:115} INFO - [2023-04-07 11:08:33,327] {dag.py:2919} INFO - Setting next_dagrun for example_external_task_marker_child to None, run_after=None
[2023-04-07 11:08:33,328] {logging_mixin.py:115} INFO - [2023-04-07 11:08:33,328] {dag.py:2919} INFO - Setting next_dagrun for example_external_task_marker_parent to None, run_after=None
[2023-04-07 11:08:33,336] {processor.py:161} INFO - Processing /home/airflow/.local/lib/python3.7/site-packages/airflow/example_dags/example_external_task_marker_dag.py took 0.090 seconds
[2023-04-07 11:09:04,030] {processor.py:153} INFO - Started process (PID=49888) to work on /home/airflow/.local/lib/python3.7/site-packages/airflow/example_dags/example_external_task_marker_dag.py
[2023-04-07 11:09:04,031] {processor.py:641} INFO - Processing file /home/airflow/.local/lib/python3.7/site-packages/airflow/example_dags/example_external_task_marker_dag.py for tasks to queue
[2023-04-07 11:09:04,031] {logging_mixin.py:115} INFO - [2023-04-07 11:09:04,031] {dagbag.py:507} INFO - Filling up the DagBag from /home/airflow/.local/lib/python3.7/site-packages/airflow/example_dags/example_external_task_marker_dag.py
[2023-04-07 11:09:04,034] {processor.py:651} INFO - DAG(s) dict_keys(['example_external_task_marker_parent', 'example_external_task_marker_child']) retrieved from /home/airflow/.local/lib/python3.7/site-packages/airflow/example_dags/example_external_task_marker_dag.py
[2023-04-07 11:09:04,057] {logging_mixin.py:115} INFO - [2023-04-07 11:09:04,057] {dag.py:2371} INFO - Sync 2 DAGs
[2023-04-07 11:09:04,069] {logging_mixin.py:115} INFO - [2023-04-07 11:09:04,069] {dag.py:2919} INFO - Setting next_dagrun for example_external_task_marker_child to None, run_after=None
[2023-04-07 11:09:04,069] {logging_mixin.py:115} INFO - [2023-04-07 11:09:04,069] {dag.py:2919} INFO - Setting next_dagrun for example_external_task_marker_parent to None, run_after=None
[2023-04-07 11:09:04,075] {processor.py:161} INFO - Processing /home/airflow/.local/lib/python3.7/site-packages/airflow/example_dags/example_external_task_marker_dag.py took 0.047 seconds
[2023-04-07 12:29:46,440] {processor.py:153} INFO - Started process (PID=49950) to work on /home/airflow/.local/lib/python3.7/site-packages/airflow/example_dags/example_external_task_marker_dag.py
[2023-04-07 12:29:46,441] {processor.py:641} INFO - Processing file /home/airflow/.local/lib/python3.7/site-packages/airflow/example_dags/example_external_task_marker_dag.py for tasks to queue
[2023-04-07 12:29:46,443] {logging_mixin.py:115} INFO - [2023-04-07 12:29:46,443] {dagbag.py:507} INFO - Filling up the DagBag from /home/airflow/.local/lib/python3.7/site-packages/airflow/example_dags/example_external_task_marker_dag.py
[2023-04-07 12:29:46,447] {processor.py:651} INFO - DAG(s) dict_keys(['example_external_task_marker_parent', 'example_external_task_marker_child']) retrieved from /home/airflow/.local/lib/python3.7/site-packages/airflow/example_dags/example_external_task_marker_dag.py
[2023-04-07 12:29:46,487] {logging_mixin.py:115} INFO - [2023-04-07 12:29:46,487] {dag.py:2371} INFO - Sync 2 DAGs
[2023-04-07 12:29:46,500] {logging_mixin.py:115} INFO - [2023-04-07 12:29:46,500] {dag.py:2919} INFO - Setting next_dagrun for example_external_task_marker_child to None, run_after=None
[2023-04-07 12:29:46,501] {logging_mixin.py:115} INFO - [2023-04-07 12:29:46,501] {dag.py:2919} INFO - Setting next_dagrun for example_external_task_marker_parent to None, run_after=None
[2023-04-07 12:29:46,507] {processor.py:161} INFO - Processing /home/airflow/.local/lib/python3.7/site-packages/airflow/example_dags/example_external_task_marker_dag.py took 0.070 seconds
[2023-04-07 13:38:13,893] {processor.py:153} INFO - Started process (PID=50003) to work on /home/airflow/.local/lib/python3.7/site-packages/airflow/example_dags/example_external_task_marker_dag.py
[2023-04-07 13:38:13,896] {processor.py:641} INFO - Processing file /home/airflow/.local/lib/python3.7/site-packages/airflow/example_dags/example_external_task_marker_dag.py for tasks to queue
[2023-04-07 13:38:13,897] {logging_mixin.py:115} INFO - [2023-04-07 13:38:13,897] {dagbag.py:507} INFO - Filling up the DagBag from /home/airflow/.local/lib/python3.7/site-packages/airflow/example_dags/example_external_task_marker_dag.py
[2023-04-07 13:38:13,900] {processor.py:651} INFO - DAG(s) dict_keys(['example_external_task_marker_parent', 'example_external_task_marker_child']) retrieved from /home/airflow/.local/lib/python3.7/site-packages/airflow/example_dags/example_external_task_marker_dag.py
[2023-04-07 13:38:13,941] {logging_mixin.py:115} INFO - [2023-04-07 13:38:13,941] {dag.py:2371} INFO - Sync 2 DAGs
[2023-04-07 13:38:13,953] {logging_mixin.py:115} INFO - [2023-04-07 13:38:13,953] {dag.py:2919} INFO - Setting next_dagrun for example_external_task_marker_child to None, run_after=None
[2023-04-07 13:38:13,953] {logging_mixin.py:115} INFO - [2023-04-07 13:38:13,953] {dag.py:2919} INFO - Setting next_dagrun for example_external_task_marker_parent to None, run_after=None
[2023-04-07 13:38:13,959] {processor.py:161} INFO - Processing /home/airflow/.local/lib/python3.7/site-packages/airflow/example_dags/example_external_task_marker_dag.py took 0.069 seconds
[2023-04-07 14:43:43,943] {processor.py:153} INFO - Started process (PID=50066) to work on /home/airflow/.local/lib/python3.7/site-packages/airflow/example_dags/example_external_task_marker_dag.py
[2023-04-07 14:43:43,943] {processor.py:641} INFO - Processing file /home/airflow/.local/lib/python3.7/site-packages/airflow/example_dags/example_external_task_marker_dag.py for tasks to queue
[2023-04-07 14:43:43,944] {logging_mixin.py:115} INFO - [2023-04-07 14:43:43,944] {dagbag.py:507} INFO - Filling up the DagBag from /home/airflow/.local/lib/python3.7/site-packages/airflow/example_dags/example_external_task_marker_dag.py
[2023-04-07 14:43:43,947] {processor.py:651} INFO - DAG(s) dict_keys(['example_external_task_marker_parent', 'example_external_task_marker_child']) retrieved from /home/airflow/.local/lib/python3.7/site-packages/airflow/example_dags/example_external_task_marker_dag.py
[2023-04-07 14:43:43,973] {logging_mixin.py:115} INFO - [2023-04-07 14:43:43,973] {dag.py:2371} INFO - Sync 2 DAGs
[2023-04-07 14:43:43,984] {logging_mixin.py:115} INFO - [2023-04-07 14:43:43,984] {dag.py:2919} INFO - Setting next_dagrun for example_external_task_marker_child to None, run_after=None
[2023-04-07 14:43:43,984] {logging_mixin.py:115} INFO - [2023-04-07 14:43:43,984] {dag.py:2919} INFO - Setting next_dagrun for example_external_task_marker_parent to None, run_after=None
[2023-04-07 14:43:43,990] {processor.py:161} INFO - Processing /home/airflow/.local/lib/python3.7/site-packages/airflow/example_dags/example_external_task_marker_dag.py took 0.050 seconds
[2023-04-07 16:07:13,510] {processor.py:153} INFO - Started process (PID=50127) to work on /home/airflow/.local/lib/python3.7/site-packages/airflow/example_dags/example_external_task_marker_dag.py
[2023-04-07 16:07:13,511] {processor.py:641} INFO - Processing file /home/airflow/.local/lib/python3.7/site-packages/airflow/example_dags/example_external_task_marker_dag.py for tasks to queue
[2023-04-07 16:07:13,512] {logging_mixin.py:115} INFO - [2023-04-07 16:07:13,512] {dagbag.py:507} INFO - Filling up the DagBag from /home/airflow/.local/lib/python3.7/site-packages/airflow/example_dags/example_external_task_marker_dag.py
[2023-04-07 16:07:13,516] {processor.py:651} INFO - DAG(s) dict_keys(['example_external_task_marker_parent', 'example_external_task_marker_child']) retrieved from /home/airflow/.local/lib/python3.7/site-packages/airflow/example_dags/example_external_task_marker_dag.py
[2023-04-07 16:07:13,543] {logging_mixin.py:115} INFO - [2023-04-07 16:07:13,543] {dag.py:2371} INFO - Sync 2 DAGs
[2023-04-07 16:07:13,554] {logging_mixin.py:115} INFO - [2023-04-07 16:07:13,554] {dag.py:2919} INFO - Setting next_dagrun for example_external_task_marker_child to None, run_after=None
[2023-04-07 16:07:13,554] {logging_mixin.py:115} INFO - [2023-04-07 16:07:13,554] {dag.py:2919} INFO - Setting next_dagrun for example_external_task_marker_parent to None, run_after=None
[2023-04-07 16:07:13,562] {processor.py:161} INFO - Processing /home/airflow/.local/lib/python3.7/site-packages/airflow/example_dags/example_external_task_marker_dag.py took 0.055 seconds
[2023-04-07 17:10:58,684] {processor.py:153} INFO - Started process (PID=50189) to work on /home/airflow/.local/lib/python3.7/site-packages/airflow/example_dags/example_external_task_marker_dag.py
[2023-04-07 17:10:58,686] {processor.py:641} INFO - Processing file /home/airflow/.local/lib/python3.7/site-packages/airflow/example_dags/example_external_task_marker_dag.py for tasks to queue
[2023-04-07 17:10:58,687] {logging_mixin.py:115} INFO - [2023-04-07 17:10:58,687] {dagbag.py:507} INFO - Filling up the DagBag from /home/airflow/.local/lib/python3.7/site-packages/airflow/example_dags/example_external_task_marker_dag.py
[2023-04-07 17:10:58,694] {processor.py:651} INFO - DAG(s) dict_keys(['example_external_task_marker_parent', 'example_external_task_marker_child']) retrieved from /home/airflow/.local/lib/python3.7/site-packages/airflow/example_dags/example_external_task_marker_dag.py
[2023-04-07 17:10:58,731] {logging_mixin.py:115} INFO - [2023-04-07 17:10:58,731] {dag.py:2371} INFO - Sync 2 DAGs
[2023-04-07 17:10:58,747] {logging_mixin.py:115} INFO - [2023-04-07 17:10:58,747] {dag.py:2919} INFO - Setting next_dagrun for example_external_task_marker_child to None, run_after=None
[2023-04-07 17:10:58,748] {logging_mixin.py:115} INFO - [2023-04-07 17:10:58,748] {dag.py:2919} INFO - Setting next_dagrun for example_external_task_marker_parent to None, run_after=None
[2023-04-07 17:10:58,756] {processor.py:161} INFO - Processing /home/airflow/.local/lib/python3.7/site-packages/airflow/example_dags/example_external_task_marker_dag.py took 0.076 seconds
[2023-04-07 18:18:12,092] {processor.py:153} INFO - Started process (PID=50248) to work on /home/airflow/.local/lib/python3.7/site-packages/airflow/example_dags/example_external_task_marker_dag.py
[2023-04-07 18:18:12,093] {processor.py:641} INFO - Processing file /home/airflow/.local/lib/python3.7/site-packages/airflow/example_dags/example_external_task_marker_dag.py for tasks to queue
[2023-04-07 18:18:12,099] {logging_mixin.py:115} INFO - [2023-04-07 18:18:12,099] {dagbag.py:507} INFO - Filling up the DagBag from /home/airflow/.local/lib/python3.7/site-packages/airflow/example_dags/example_external_task_marker_dag.py
[2023-04-07 18:18:12,104] {processor.py:651} INFO - DAG(s) dict_keys(['example_external_task_marker_parent', 'example_external_task_marker_child']) retrieved from /home/airflow/.local/lib/python3.7/site-packages/airflow/example_dags/example_external_task_marker_dag.py
[2023-04-07 18:18:12,154] {logging_mixin.py:115} INFO - [2023-04-07 18:18:12,154] {dag.py:2371} INFO - Sync 2 DAGs
[2023-04-07 18:18:12,168] {logging_mixin.py:115} INFO - [2023-04-07 18:18:12,168] {dag.py:2919} INFO - Setting next_dagrun for example_external_task_marker_child to None, run_after=None
[2023-04-07 18:18:12,169] {logging_mixin.py:115} INFO - [2023-04-07 18:18:12,169] {dag.py:2919} INFO - Setting next_dagrun for example_external_task_marker_parent to None, run_after=None
[2023-04-07 18:18:12,178] {processor.py:161} INFO - Processing /home/airflow/.local/lib/python3.7/site-packages/airflow/example_dags/example_external_task_marker_dag.py took 0.089 seconds
[2023-04-07 19:21:17,884] {processor.py:153} INFO - Started process (PID=50303) to work on /home/airflow/.local/lib/python3.7/site-packages/airflow/example_dags/example_external_task_marker_dag.py
[2023-04-07 19:21:17,885] {processor.py:641} INFO - Processing file /home/airflow/.local/lib/python3.7/site-packages/airflow/example_dags/example_external_task_marker_dag.py for tasks to queue
[2023-04-07 19:21:17,885] {logging_mixin.py:115} INFO - [2023-04-07 19:21:17,885] {dagbag.py:507} INFO - Filling up the DagBag from /home/airflow/.local/lib/python3.7/site-packages/airflow/example_dags/example_external_task_marker_dag.py
[2023-04-07 19:21:17,888] {processor.py:651} INFO - DAG(s) dict_keys(['example_external_task_marker_parent', 'example_external_task_marker_child']) retrieved from /home/airflow/.local/lib/python3.7/site-packages/airflow/example_dags/example_external_task_marker_dag.py
[2023-04-07 19:21:17,914] {logging_mixin.py:115} INFO - [2023-04-07 19:21:17,914] {dag.py:2371} INFO - Sync 2 DAGs
[2023-04-07 19:21:17,925] {logging_mixin.py:115} INFO - [2023-04-07 19:21:17,925] {dag.py:2919} INFO - Setting next_dagrun for example_external_task_marker_child to None, run_after=None
[2023-04-07 19:21:17,926] {logging_mixin.py:115} INFO - [2023-04-07 19:21:17,926] {dag.py:2919} INFO - Setting next_dagrun for example_external_task_marker_parent to None, run_after=None
[2023-04-07 19:21:17,932] {processor.py:161} INFO - Processing /home/airflow/.local/lib/python3.7/site-packages/airflow/example_dags/example_external_task_marker_dag.py took 0.050 seconds
[2023-04-07 19:21:48,209] {processor.py:153} INFO - Started process (PID=50365) to work on /home/airflow/.local/lib/python3.7/site-packages/airflow/example_dags/example_external_task_marker_dag.py
[2023-04-07 19:21:48,210] {processor.py:641} INFO - Processing file /home/airflow/.local/lib/python3.7/site-packages/airflow/example_dags/example_external_task_marker_dag.py for tasks to queue
[2023-04-07 19:21:48,210] {logging_mixin.py:115} INFO - [2023-04-07 19:21:48,210] {dagbag.py:507} INFO - Filling up the DagBag from /home/airflow/.local/lib/python3.7/site-packages/airflow/example_dags/example_external_task_marker_dag.py
[2023-04-07 19:21:48,214] {processor.py:651} INFO - DAG(s) dict_keys(['example_external_task_marker_parent', 'example_external_task_marker_child']) retrieved from /home/airflow/.local/lib/python3.7/site-packages/airflow/example_dags/example_external_task_marker_dag.py
[2023-04-07 19:21:48,239] {logging_mixin.py:115} INFO - [2023-04-07 19:21:48,239] {dag.py:2371} INFO - Sync 2 DAGs
[2023-04-07 19:21:48,250] {logging_mixin.py:115} INFO - [2023-04-07 19:21:48,250] {dag.py:2919} INFO - Setting next_dagrun for example_external_task_marker_child to None, run_after=None
[2023-04-07 19:21:48,250] {logging_mixin.py:115} INFO - [2023-04-07 19:21:48,250] {dag.py:2919} INFO - Setting next_dagrun for example_external_task_marker_parent to None, run_after=None
[2023-04-07 19:21:48,256] {processor.py:161} INFO - Processing /home/airflow/.local/lib/python3.7/site-packages/airflow/example_dags/example_external_task_marker_dag.py took 0.050 seconds
[2023-04-07 19:35:26,105] {processor.py:153} INFO - Started process (PID=50424) to work on /home/airflow/.local/lib/python3.7/site-packages/airflow/example_dags/example_external_task_marker_dag.py
[2023-04-07 19:35:26,106] {processor.py:641} INFO - Processing file /home/airflow/.local/lib/python3.7/site-packages/airflow/example_dags/example_external_task_marker_dag.py for tasks to queue
[2023-04-07 19:35:26,107] {logging_mixin.py:115} INFO - [2023-04-07 19:35:26,107] {dagbag.py:507} INFO - Filling up the DagBag from /home/airflow/.local/lib/python3.7/site-packages/airflow/example_dags/example_external_task_marker_dag.py
[2023-04-07 19:35:26,110] {processor.py:651} INFO - DAG(s) dict_keys(['example_external_task_marker_parent', 'example_external_task_marker_child']) retrieved from /home/airflow/.local/lib/python3.7/site-packages/airflow/example_dags/example_external_task_marker_dag.py
[2023-04-07 19:35:26,165] {logging_mixin.py:115} INFO - [2023-04-07 19:35:26,165] {dag.py:2371} INFO - Sync 2 DAGs
[2023-04-07 19:35:26,185] {logging_mixin.py:115} INFO - [2023-04-07 19:35:26,185] {dag.py:2919} INFO - Setting next_dagrun for example_external_task_marker_child to None, run_after=None
[2023-04-07 19:35:26,185] {logging_mixin.py:115} INFO - [2023-04-07 19:35:26,185] {dag.py:2919} INFO - Setting next_dagrun for example_external_task_marker_parent to None, run_after=None
[2023-04-07 19:35:26,193] {processor.py:161} INFO - Processing /home/airflow/.local/lib/python3.7/site-packages/airflow/example_dags/example_external_task_marker_dag.py took 0.092 seconds
[2023-04-07 19:35:56,632] {processor.py:153} INFO - Started process (PID=50487) to work on /home/airflow/.local/lib/python3.7/site-packages/airflow/example_dags/example_external_task_marker_dag.py
[2023-04-07 19:35:56,632] {processor.py:641} INFO - Processing file /home/airflow/.local/lib/python3.7/site-packages/airflow/example_dags/example_external_task_marker_dag.py for tasks to queue
[2023-04-07 19:35:56,633] {logging_mixin.py:115} INFO - [2023-04-07 19:35:56,633] {dagbag.py:507} INFO - Filling up the DagBag from /home/airflow/.local/lib/python3.7/site-packages/airflow/example_dags/example_external_task_marker_dag.py
[2023-04-07 19:35:56,636] {processor.py:651} INFO - DAG(s) dict_keys(['example_external_task_marker_parent', 'example_external_task_marker_child']) retrieved from /home/airflow/.local/lib/python3.7/site-packages/airflow/example_dags/example_external_task_marker_dag.py
[2023-04-07 19:35:56,662] {logging_mixin.py:115} INFO - [2023-04-07 19:35:56,662] {dag.py:2371} INFO - Sync 2 DAGs
[2023-04-07 19:35:56,673] {logging_mixin.py:115} INFO - [2023-04-07 19:35:56,673] {dag.py:2919} INFO - Setting next_dagrun for example_external_task_marker_child to None, run_after=None
[2023-04-07 19:35:56,674] {logging_mixin.py:115} INFO - [2023-04-07 19:35:56,674] {dag.py:2919} INFO - Setting next_dagrun for example_external_task_marker_parent to None, run_after=None
[2023-04-07 19:35:56,680] {processor.py:161} INFO - Processing /home/airflow/.local/lib/python3.7/site-packages/airflow/example_dags/example_external_task_marker_dag.py took 0.050 seconds
[2023-04-07 20:42:20,177] {processor.py:153} INFO - Started process (PID=50540) to work on /home/airflow/.local/lib/python3.7/site-packages/airflow/example_dags/example_external_task_marker_dag.py
[2023-04-07 20:42:20,177] {processor.py:641} INFO - Processing file /home/airflow/.local/lib/python3.7/site-packages/airflow/example_dags/example_external_task_marker_dag.py for tasks to queue
[2023-04-07 20:42:20,178] {logging_mixin.py:115} INFO - [2023-04-07 20:42:20,178] {dagbag.py:507} INFO - Filling up the DagBag from /home/airflow/.local/lib/python3.7/site-packages/airflow/example_dags/example_external_task_marker_dag.py
[2023-04-07 20:42:20,181] {processor.py:651} INFO - DAG(s) dict_keys(['example_external_task_marker_parent', 'example_external_task_marker_child']) retrieved from /home/airflow/.local/lib/python3.7/site-packages/airflow/example_dags/example_external_task_marker_dag.py
[2023-04-07 20:42:20,214] {logging_mixin.py:115} INFO - [2023-04-07 20:42:20,214] {dag.py:2371} INFO - Sync 2 DAGs
[2023-04-07 20:42:20,227] {logging_mixin.py:115} INFO - [2023-04-07 20:42:20,227] {dag.py:2919} INFO - Setting next_dagrun for example_external_task_marker_child to None, run_after=None
[2023-04-07 20:42:20,227] {logging_mixin.py:115} INFO - [2023-04-07 20:42:20,227] {dag.py:2919} INFO - Setting next_dagrun for example_external_task_marker_parent to None, run_after=None
[2023-04-07 20:42:20,236] {processor.py:161} INFO - Processing /home/airflow/.local/lib/python3.7/site-packages/airflow/example_dags/example_external_task_marker_dag.py took 0.061 seconds
[2023-04-07 21:32:24,605] {processor.py:153} INFO - Started process (PID=50602) to work on /home/airflow/.local/lib/python3.7/site-packages/airflow/example_dags/example_external_task_marker_dag.py
[2023-04-07 21:32:24,606] {processor.py:641} INFO - Processing file /home/airflow/.local/lib/python3.7/site-packages/airflow/example_dags/example_external_task_marker_dag.py for tasks to queue
[2023-04-07 21:32:24,606] {logging_mixin.py:115} INFO - [2023-04-07 21:32:24,606] {dagbag.py:507} INFO - Filling up the DagBag from /home/airflow/.local/lib/python3.7/site-packages/airflow/example_dags/example_external_task_marker_dag.py
[2023-04-07 21:32:24,609] {processor.py:651} INFO - DAG(s) dict_keys(['example_external_task_marker_parent', 'example_external_task_marker_child']) retrieved from /home/airflow/.local/lib/python3.7/site-packages/airflow/example_dags/example_external_task_marker_dag.py
[2023-04-07 21:32:24,637] {logging_mixin.py:115} INFO - [2023-04-07 21:32:24,637] {dag.py:2371} INFO - Sync 2 DAGs
[2023-04-07 21:32:24,648] {logging_mixin.py:115} INFO - [2023-04-07 21:32:24,648] {dag.py:2919} INFO - Setting next_dagrun for example_external_task_marker_child to None, run_after=None
[2023-04-07 21:32:24,649] {logging_mixin.py:115} INFO - [2023-04-07 21:32:24,649] {dag.py:2919} INFO - Setting next_dagrun for example_external_task_marker_parent to None, run_after=None
[2023-04-07 21:32:24,655] {processor.py:161} INFO - Processing /home/airflow/.local/lib/python3.7/site-packages/airflow/example_dags/example_external_task_marker_dag.py took 0.052 seconds
[2023-04-07 22:38:22,902] {processor.py:153} INFO - Started process (PID=50664) to work on /home/airflow/.local/lib/python3.7/site-packages/airflow/example_dags/example_external_task_marker_dag.py
[2023-04-07 22:38:22,906] {processor.py:641} INFO - Processing file /home/airflow/.local/lib/python3.7/site-packages/airflow/example_dags/example_external_task_marker_dag.py for tasks to queue
[2023-04-07 22:38:22,907] {logging_mixin.py:115} INFO - [2023-04-07 22:38:22,907] {dagbag.py:507} INFO - Filling up the DagBag from /home/airflow/.local/lib/python3.7/site-packages/airflow/example_dags/example_external_task_marker_dag.py
[2023-04-07 22:38:22,910] {processor.py:651} INFO - DAG(s) dict_keys(['example_external_task_marker_parent', 'example_external_task_marker_child']) retrieved from /home/airflow/.local/lib/python3.7/site-packages/airflow/example_dags/example_external_task_marker_dag.py
[2023-04-07 22:38:23,013] {logging_mixin.py:115} INFO - [2023-04-07 22:38:23,013] {dag.py:2371} INFO - Sync 2 DAGs
[2023-04-07 22:38:23,043] {logging_mixin.py:115} INFO - [2023-04-07 22:38:23,043] {dag.py:2919} INFO - Setting next_dagrun for example_external_task_marker_child to None, run_after=None
[2023-04-07 22:38:23,044] {logging_mixin.py:115} INFO - [2023-04-07 22:38:23,044] {dag.py:2919} INFO - Setting next_dagrun for example_external_task_marker_parent to None, run_after=None
[2023-04-07 22:38:23,075] {processor.py:161} INFO - Processing /home/airflow/.local/lib/python3.7/site-packages/airflow/example_dags/example_external_task_marker_dag.py took 0.175 seconds
