[2023-04-07 00:21:17,927] {processor.py:153} INFO - Started process (PID=49155) to work on /home/airflow/.local/lib/python3.7/site-packages/airflow/example_dags/example_sla_dag.py
[2023-04-07 00:21:17,930] {processor.py:641} INFO - Processing file /home/airflow/.local/lib/python3.7/site-packages/airflow/example_dags/example_sla_dag.py for tasks to queue
[2023-04-07 00:21:17,932] {logging_mixin.py:115} INFO - [2023-04-07 00:21:17,932] {dagbag.py:507} INFO - Filling up the DagBag from /home/airflow/.local/lib/python3.7/site-packages/airflow/example_dags/example_sla_dag.py
[2023-04-07 00:21:17,962] {processor.py:651} INFO - DAG(s) dict_keys(['example_sla_dag']) retrieved from /home/airflow/.local/lib/python3.7/site-packages/airflow/example_dags/example_sla_dag.py
[2023-04-07 00:21:18,016] {logging_mixin.py:115} INFO - [2023-04-07 00:21:18,016] {dag.py:2371} INFO - Sync 1 DAGs
[2023-04-07 00:21:18,060] {logging_mixin.py:115} INFO - [2023-04-07 00:21:18,060] {dag.py:2919} INFO - Setting next_dagrun for example_sla_dag to 2023-04-07T00:18:00+00:00, run_after=2023-04-07T00:20:00+00:00
[2023-04-07 00:21:18,073] {processor.py:161} INFO - Processing /home/airflow/.local/lib/python3.7/site-packages/airflow/example_dags/example_sla_dag.py took 0.152 seconds
[2023-04-07 01:26:27,255] {processor.py:153} INFO - Started process (PID=49217) to work on /home/airflow/.local/lib/python3.7/site-packages/airflow/example_dags/example_sla_dag.py
[2023-04-07 01:26:27,260] {processor.py:641} INFO - Processing file /home/airflow/.local/lib/python3.7/site-packages/airflow/example_dags/example_sla_dag.py for tasks to queue
[2023-04-07 01:26:27,261] {logging_mixin.py:115} INFO - [2023-04-07 01:26:27,261] {dagbag.py:507} INFO - Filling up the DagBag from /home/airflow/.local/lib/python3.7/site-packages/airflow/example_dags/example_sla_dag.py
[2023-04-07 01:26:27,290] {processor.py:651} INFO - DAG(s) dict_keys(['example_sla_dag']) retrieved from /home/airflow/.local/lib/python3.7/site-packages/airflow/example_dags/example_sla_dag.py
[2023-04-07 01:26:27,340] {logging_mixin.py:115} INFO - [2023-04-07 01:26:27,340] {dag.py:2371} INFO - Sync 1 DAGs
[2023-04-07 01:26:27,363] {logging_mixin.py:115} INFO - [2023-04-07 01:26:27,363] {dag.py:2919} INFO - Setting next_dagrun for example_sla_dag to 2023-04-07T01:24:00+00:00, run_after=2023-04-07T01:26:00+00:00
[2023-04-07 01:26:27,373] {processor.py:161} INFO - Processing /home/airflow/.local/lib/python3.7/site-packages/airflow/example_dags/example_sla_dag.py took 0.122 seconds
[2023-04-07 02:49:14,102] {processor.py:153} INFO - Started process (PID=49278) to work on /home/airflow/.local/lib/python3.7/site-packages/airflow/example_dags/example_sla_dag.py
[2023-04-07 02:49:14,104] {processor.py:641} INFO - Processing file /home/airflow/.local/lib/python3.7/site-packages/airflow/example_dags/example_sla_dag.py for tasks to queue
[2023-04-07 02:49:14,107] {logging_mixin.py:115} INFO - [2023-04-07 02:49:14,107] {dagbag.py:507} INFO - Filling up the DagBag from /home/airflow/.local/lib/python3.7/site-packages/airflow/example_dags/example_sla_dag.py
[2023-04-07 02:49:14,132] {processor.py:651} INFO - DAG(s) dict_keys(['example_sla_dag']) retrieved from /home/airflow/.local/lib/python3.7/site-packages/airflow/example_dags/example_sla_dag.py
[2023-04-07 02:49:14,173] {logging_mixin.py:115} INFO - [2023-04-07 02:49:14,173] {dag.py:2371} INFO - Sync 1 DAGs
[2023-04-07 02:49:14,214] {logging_mixin.py:115} INFO - [2023-04-07 02:49:14,214] {dag.py:2919} INFO - Setting next_dagrun for example_sla_dag to 2023-04-07T02:46:00+00:00, run_after=2023-04-07T02:48:00+00:00
[2023-04-07 02:49:14,232] {processor.py:161} INFO - Processing /home/airflow/.local/lib/python3.7/site-packages/airflow/example_dags/example_sla_dag.py took 0.135 seconds
[2023-04-07 02:55:41,445] {processor.py:153} INFO - Started process (PID=49340) to work on /home/airflow/.local/lib/python3.7/site-packages/airflow/example_dags/example_sla_dag.py
[2023-04-07 02:55:41,446] {processor.py:641} INFO - Processing file /home/airflow/.local/lib/python3.7/site-packages/airflow/example_dags/example_sla_dag.py for tasks to queue
[2023-04-07 02:55:41,447] {logging_mixin.py:115} INFO - [2023-04-07 02:55:41,447] {dagbag.py:507} INFO - Filling up the DagBag from /home/airflow/.local/lib/python3.7/site-packages/airflow/example_dags/example_sla_dag.py
[2023-04-07 02:55:41,459] {processor.py:651} INFO - DAG(s) dict_keys(['example_sla_dag']) retrieved from /home/airflow/.local/lib/python3.7/site-packages/airflow/example_dags/example_sla_dag.py
[2023-04-07 02:55:41,477] {logging_mixin.py:115} INFO - [2023-04-07 02:55:41,477] {dag.py:2371} INFO - Sync 1 DAGs
[2023-04-07 02:55:41,490] {logging_mixin.py:115} INFO - [2023-04-07 02:55:41,490] {dag.py:2919} INFO - Setting next_dagrun for example_sla_dag to 2023-04-07T02:52:00+00:00, run_after=2023-04-07T02:54:00+00:00
[2023-04-07 02:55:41,498] {processor.py:161} INFO - Processing /home/airflow/.local/lib/python3.7/site-packages/airflow/example_dags/example_sla_dag.py took 0.056 seconds
[2023-04-07 03:13:41,984] {processor.py:153} INFO - Started process (PID=49393) to work on /home/airflow/.local/lib/python3.7/site-packages/airflow/example_dags/example_sla_dag.py
[2023-04-07 03:13:41,989] {processor.py:641} INFO - Processing file /home/airflow/.local/lib/python3.7/site-packages/airflow/example_dags/example_sla_dag.py for tasks to queue
[2023-04-07 03:13:41,990] {logging_mixin.py:115} INFO - [2023-04-07 03:13:41,990] {dagbag.py:507} INFO - Filling up the DagBag from /home/airflow/.local/lib/python3.7/site-packages/airflow/example_dags/example_sla_dag.py
[2023-04-07 03:13:42,017] {processor.py:651} INFO - DAG(s) dict_keys(['example_sla_dag']) retrieved from /home/airflow/.local/lib/python3.7/site-packages/airflow/example_dags/example_sla_dag.py
[2023-04-07 03:13:42,062] {logging_mixin.py:115} INFO - [2023-04-07 03:13:42,062] {dag.py:2371} INFO - Sync 1 DAGs
[2023-04-07 03:13:42,093] {logging_mixin.py:115} INFO - [2023-04-07 03:13:42,093] {dag.py:2919} INFO - Setting next_dagrun for example_sla_dag to 2023-04-07T03:10:00+00:00, run_after=2023-04-07T03:12:00+00:00
[2023-04-07 03:13:42,111] {processor.py:161} INFO - Processing /home/airflow/.local/lib/python3.7/site-packages/airflow/example_dags/example_sla_dag.py took 0.132 seconds
[2023-04-07 04:35:07,332] {processor.py:153} INFO - Started process (PID=49455) to work on /home/airflow/.local/lib/python3.7/site-packages/airflow/example_dags/example_sla_dag.py
[2023-04-07 04:35:07,337] {processor.py:641} INFO - Processing file /home/airflow/.local/lib/python3.7/site-packages/airflow/example_dags/example_sla_dag.py for tasks to queue
[2023-04-07 04:35:07,338] {logging_mixin.py:115} INFO - [2023-04-07 04:35:07,338] {dagbag.py:507} INFO - Filling up the DagBag from /home/airflow/.local/lib/python3.7/site-packages/airflow/example_dags/example_sla_dag.py
[2023-04-07 04:35:07,376] {processor.py:651} INFO - DAG(s) dict_keys(['example_sla_dag']) retrieved from /home/airflow/.local/lib/python3.7/site-packages/airflow/example_dags/example_sla_dag.py
[2023-04-07 04:35:07,417] {logging_mixin.py:115} INFO - [2023-04-07 04:35:07,417] {dag.py:2371} INFO - Sync 1 DAGs
[2023-04-07 04:35:07,445] {logging_mixin.py:115} INFO - [2023-04-07 04:35:07,445] {dag.py:2919} INFO - Setting next_dagrun for example_sla_dag to 2023-04-07T04:32:00+00:00, run_after=2023-04-07T04:34:00+00:00
[2023-04-07 04:35:07,467] {processor.py:161} INFO - Processing /home/airflow/.local/lib/python3.7/site-packages/airflow/example_dags/example_sla_dag.py took 0.142 seconds
[2023-04-07 05:44:22,321] {processor.py:153} INFO - Started process (PID=49517) to work on /home/airflow/.local/lib/python3.7/site-packages/airflow/example_dags/example_sla_dag.py
[2023-04-07 05:44:22,325] {processor.py:641} INFO - Processing file /home/airflow/.local/lib/python3.7/site-packages/airflow/example_dags/example_sla_dag.py for tasks to queue
[2023-04-07 05:44:22,328] {logging_mixin.py:115} INFO - [2023-04-07 05:44:22,328] {dagbag.py:507} INFO - Filling up the DagBag from /home/airflow/.local/lib/python3.7/site-packages/airflow/example_dags/example_sla_dag.py
[2023-04-07 05:44:22,347] {processor.py:651} INFO - DAG(s) dict_keys(['example_sla_dag']) retrieved from /home/airflow/.local/lib/python3.7/site-packages/airflow/example_dags/example_sla_dag.py
[2023-04-07 05:44:22,391] {logging_mixin.py:115} INFO - [2023-04-07 05:44:22,391] {dag.py:2371} INFO - Sync 1 DAGs
[2023-04-07 05:44:22,421] {logging_mixin.py:115} INFO - [2023-04-07 05:44:22,421] {dag.py:2919} INFO - Setting next_dagrun for example_sla_dag to 2023-04-07T05:42:00+00:00, run_after=2023-04-07T05:44:00+00:00
[2023-04-07 05:44:22,433] {processor.py:161} INFO - Processing /home/airflow/.local/lib/python3.7/site-packages/airflow/example_dags/example_sla_dag.py took 0.115 seconds
[2023-04-07 06:47:43,649] {processor.py:153} INFO - Started process (PID=49579) to work on /home/airflow/.local/lib/python3.7/site-packages/airflow/example_dags/example_sla_dag.py
[2023-04-07 06:47:43,650] {processor.py:641} INFO - Processing file /home/airflow/.local/lib/python3.7/site-packages/airflow/example_dags/example_sla_dag.py for tasks to queue
[2023-04-07 06:47:43,650] {logging_mixin.py:115} INFO - [2023-04-07 06:47:43,650] {dagbag.py:507} INFO - Filling up the DagBag from /home/airflow/.local/lib/python3.7/site-packages/airflow/example_dags/example_sla_dag.py
[2023-04-07 06:47:43,659] {processor.py:651} INFO - DAG(s) dict_keys(['example_sla_dag']) retrieved from /home/airflow/.local/lib/python3.7/site-packages/airflow/example_dags/example_sla_dag.py
[2023-04-07 06:47:43,676] {logging_mixin.py:115} INFO - [2023-04-07 06:47:43,676] {dag.py:2371} INFO - Sync 1 DAGs
[2023-04-07 06:47:43,689] {logging_mixin.py:115} INFO - [2023-04-07 06:47:43,689] {dag.py:2919} INFO - Setting next_dagrun for example_sla_dag to 2023-04-07T06:44:00+00:00, run_after=2023-04-07T06:46:00+00:00
[2023-04-07 06:47:43,694] {processor.py:161} INFO - Processing /home/airflow/.local/lib/python3.7/site-packages/airflow/example_dags/example_sla_dag.py took 0.047 seconds
[2023-04-07 08:10:37,373] {processor.py:153} INFO - Started process (PID=49640) to work on /home/airflow/.local/lib/python3.7/site-packages/airflow/example_dags/example_sla_dag.py
[2023-04-07 08:10:37,374] {processor.py:641} INFO - Processing file /home/airflow/.local/lib/python3.7/site-packages/airflow/example_dags/example_sla_dag.py for tasks to queue
[2023-04-07 08:10:37,375] {logging_mixin.py:115} INFO - [2023-04-07 08:10:37,375] {dagbag.py:507} INFO - Filling up the DagBag from /home/airflow/.local/lib/python3.7/site-packages/airflow/example_dags/example_sla_dag.py
[2023-04-07 08:10:37,394] {processor.py:651} INFO - DAG(s) dict_keys(['example_sla_dag']) retrieved from /home/airflow/.local/lib/python3.7/site-packages/airflow/example_dags/example_sla_dag.py
[2023-04-07 08:10:37,449] {logging_mixin.py:115} INFO - [2023-04-07 08:10:37,449] {dag.py:2371} INFO - Sync 1 DAGs
[2023-04-07 08:10:37,486] {logging_mixin.py:115} INFO - [2023-04-07 08:10:37,485] {dag.py:2919} INFO - Setting next_dagrun for example_sla_dag to 2023-04-07T08:08:00+00:00, run_after=2023-04-07T08:10:00+00:00
[2023-04-07 08:10:37,506] {processor.py:161} INFO - Processing /home/airflow/.local/lib/python3.7/site-packages/airflow/example_dags/example_sla_dag.py took 0.138 seconds
[2023-04-07 09:16:46,674] {processor.py:153} INFO - Started process (PID=49693) to work on /home/airflow/.local/lib/python3.7/site-packages/airflow/example_dags/example_sla_dag.py
[2023-04-07 09:16:46,678] {processor.py:641} INFO - Processing file /home/airflow/.local/lib/python3.7/site-packages/airflow/example_dags/example_sla_dag.py for tasks to queue
[2023-04-07 09:16:46,688] {logging_mixin.py:115} INFO - [2023-04-07 09:16:46,688] {dagbag.py:507} INFO - Filling up the DagBag from /home/airflow/.local/lib/python3.7/site-packages/airflow/example_dags/example_sla_dag.py
[2023-04-07 09:16:46,710] {processor.py:651} INFO - DAG(s) dict_keys(['example_sla_dag']) retrieved from /home/airflow/.local/lib/python3.7/site-packages/airflow/example_dags/example_sla_dag.py
[2023-04-07 09:16:46,779] {logging_mixin.py:115} INFO - [2023-04-07 09:16:46,778] {dag.py:2371} INFO - Sync 1 DAGs
[2023-04-07 09:16:46,812] {logging_mixin.py:115} INFO - [2023-04-07 09:16:46,812] {dag.py:2919} INFO - Setting next_dagrun for example_sla_dag to 2023-04-07T09:14:00+00:00, run_after=2023-04-07T09:16:00+00:00
[2023-04-07 09:16:46,836] {processor.py:161} INFO - Processing /home/airflow/.local/lib/python3.7/site-packages/airflow/example_dags/example_sla_dag.py took 0.165 seconds
[2023-04-07 10:24:57,895] {processor.py:153} INFO - Started process (PID=49755) to work on /home/airflow/.local/lib/python3.7/site-packages/airflow/example_dags/example_sla_dag.py
[2023-04-07 10:24:57,895] {processor.py:641} INFO - Processing file /home/airflow/.local/lib/python3.7/site-packages/airflow/example_dags/example_sla_dag.py for tasks to queue
[2023-04-07 10:24:57,896] {logging_mixin.py:115} INFO - [2023-04-07 10:24:57,896] {dagbag.py:507} INFO - Filling up the DagBag from /home/airflow/.local/lib/python3.7/site-packages/airflow/example_dags/example_sla_dag.py
[2023-04-07 10:24:57,906] {processor.py:651} INFO - DAG(s) dict_keys(['example_sla_dag']) retrieved from /home/airflow/.local/lib/python3.7/site-packages/airflow/example_dags/example_sla_dag.py
[2023-04-07 10:24:57,923] {logging_mixin.py:115} INFO - [2023-04-07 10:24:57,923] {dag.py:2371} INFO - Sync 1 DAGs
[2023-04-07 10:24:57,935] {logging_mixin.py:115} INFO - [2023-04-07 10:24:57,935] {dag.py:2919} INFO - Setting next_dagrun for example_sla_dag to 2023-04-07T10:22:00+00:00, run_after=2023-04-07T10:24:00+00:00
[2023-04-07 10:24:57,941] {processor.py:161} INFO - Processing /home/airflow/.local/lib/python3.7/site-packages/airflow/example_dags/example_sla_dag.py took 0.048 seconds
[2023-04-07 11:08:32,725] {processor.py:153} INFO - Started process (PID=49817) to work on /home/airflow/.local/lib/python3.7/site-packages/airflow/example_dags/example_sla_dag.py
[2023-04-07 11:08:32,729] {processor.py:641} INFO - Processing file /home/airflow/.local/lib/python3.7/site-packages/airflow/example_dags/example_sla_dag.py for tasks to queue
[2023-04-07 11:08:32,730] {logging_mixin.py:115} INFO - [2023-04-07 11:08:32,730] {dagbag.py:507} INFO - Filling up the DagBag from /home/airflow/.local/lib/python3.7/site-packages/airflow/example_dags/example_sla_dag.py
[2023-04-07 11:08:32,744] {processor.py:651} INFO - DAG(s) dict_keys(['example_sla_dag']) retrieved from /home/airflow/.local/lib/python3.7/site-packages/airflow/example_dags/example_sla_dag.py
[2023-04-07 11:08:32,786] {logging_mixin.py:115} INFO - [2023-04-07 11:08:32,786] {dag.py:2371} INFO - Sync 1 DAGs
[2023-04-07 11:08:32,821] {logging_mixin.py:115} INFO - [2023-04-07 11:08:32,821] {dag.py:2919} INFO - Setting next_dagrun for example_sla_dag to 2023-04-07T11:06:00+00:00, run_after=2023-04-07T11:08:00+00:00
[2023-04-07 11:08:32,830] {processor.py:161} INFO - Processing /home/airflow/.local/lib/python3.7/site-packages/airflow/example_dags/example_sla_dag.py took 0.109 seconds
[2023-04-07 11:09:03,722] {processor.py:153} INFO - Started process (PID=49879) to work on /home/airflow/.local/lib/python3.7/site-packages/airflow/example_dags/example_sla_dag.py
[2023-04-07 11:09:03,723] {processor.py:641} INFO - Processing file /home/airflow/.local/lib/python3.7/site-packages/airflow/example_dags/example_sla_dag.py for tasks to queue
[2023-04-07 11:09:03,723] {logging_mixin.py:115} INFO - [2023-04-07 11:09:03,723] {dagbag.py:507} INFO - Filling up the DagBag from /home/airflow/.local/lib/python3.7/site-packages/airflow/example_dags/example_sla_dag.py
[2023-04-07 11:09:03,733] {processor.py:651} INFO - DAG(s) dict_keys(['example_sla_dag']) retrieved from /home/airflow/.local/lib/python3.7/site-packages/airflow/example_dags/example_sla_dag.py
[2023-04-07 11:09:03,750] {logging_mixin.py:115} INFO - [2023-04-07 11:09:03,750] {dag.py:2371} INFO - Sync 1 DAGs
[2023-04-07 11:09:03,762] {logging_mixin.py:115} INFO - [2023-04-07 11:09:03,762] {dag.py:2919} INFO - Setting next_dagrun for example_sla_dag to 2023-04-07T11:06:00+00:00, run_after=2023-04-07T11:08:00+00:00
[2023-04-07 11:09:03,767] {processor.py:161} INFO - Processing /home/airflow/.local/lib/python3.7/site-packages/airflow/example_dags/example_sla_dag.py took 0.047 seconds
[2023-04-07 12:29:45,588] {processor.py:153} INFO - Started process (PID=49933) to work on /home/airflow/.local/lib/python3.7/site-packages/airflow/example_dags/example_sla_dag.py
[2023-04-07 12:29:45,591] {processor.py:641} INFO - Processing file /home/airflow/.local/lib/python3.7/site-packages/airflow/example_dags/example_sla_dag.py for tasks to queue
[2023-04-07 12:29:45,592] {logging_mixin.py:115} INFO - [2023-04-07 12:29:45,592] {dagbag.py:507} INFO - Filling up the DagBag from /home/airflow/.local/lib/python3.7/site-packages/airflow/example_dags/example_sla_dag.py
[2023-04-07 12:29:45,615] {processor.py:651} INFO - DAG(s) dict_keys(['example_sla_dag']) retrieved from /home/airflow/.local/lib/python3.7/site-packages/airflow/example_dags/example_sla_dag.py
[2023-04-07 12:29:45,649] {logging_mixin.py:115} INFO - [2023-04-07 12:29:45,649] {dag.py:2371} INFO - Sync 1 DAGs
[2023-04-07 12:29:45,671] {logging_mixin.py:115} INFO - [2023-04-07 12:29:45,671] {dag.py:2919} INFO - Setting next_dagrun for example_sla_dag to 2023-04-07T12:26:00+00:00, run_after=2023-04-07T12:28:00+00:00
[2023-04-07 12:29:45,680] {processor.py:161} INFO - Processing /home/airflow/.local/lib/python3.7/site-packages/airflow/example_dags/example_sla_dag.py took 0.095 seconds
[2023-04-07 13:38:13,181] {processor.py:153} INFO - Started process (PID=49994) to work on /home/airflow/.local/lib/python3.7/site-packages/airflow/example_dags/example_sla_dag.py
[2023-04-07 13:38:13,182] {processor.py:641} INFO - Processing file /home/airflow/.local/lib/python3.7/site-packages/airflow/example_dags/example_sla_dag.py for tasks to queue
[2023-04-07 13:38:13,183] {logging_mixin.py:115} INFO - [2023-04-07 13:38:13,183] {dagbag.py:507} INFO - Filling up the DagBag from /home/airflow/.local/lib/python3.7/site-packages/airflow/example_dags/example_sla_dag.py
[2023-04-07 13:38:13,209] {processor.py:651} INFO - DAG(s) dict_keys(['example_sla_dag']) retrieved from /home/airflow/.local/lib/python3.7/site-packages/airflow/example_dags/example_sla_dag.py
[2023-04-07 13:38:13,247] {logging_mixin.py:115} INFO - [2023-04-07 13:38:13,247] {dag.py:2371} INFO - Sync 1 DAGs
[2023-04-07 13:38:13,270] {logging_mixin.py:115} INFO - [2023-04-07 13:38:13,270] {dag.py:2919} INFO - Setting next_dagrun for example_sla_dag to 2023-04-07T13:36:00+00:00, run_after=2023-04-07T13:38:00+00:00
[2023-04-07 13:38:13,283] {processor.py:161} INFO - Processing /home/airflow/.local/lib/python3.7/site-packages/airflow/example_dags/example_sla_dag.py took 0.109 seconds
[2023-04-07 14:43:43,437] {processor.py:153} INFO - Started process (PID=50057) to work on /home/airflow/.local/lib/python3.7/site-packages/airflow/example_dags/example_sla_dag.py
[2023-04-07 14:43:43,441] {processor.py:641} INFO - Processing file /home/airflow/.local/lib/python3.7/site-packages/airflow/example_dags/example_sla_dag.py for tasks to queue
[2023-04-07 14:43:43,444] {logging_mixin.py:115} INFO - [2023-04-07 14:43:43,444] {dagbag.py:507} INFO - Filling up the DagBag from /home/airflow/.local/lib/python3.7/site-packages/airflow/example_dags/example_sla_dag.py
[2023-04-07 14:43:43,468] {processor.py:651} INFO - DAG(s) dict_keys(['example_sla_dag']) retrieved from /home/airflow/.local/lib/python3.7/site-packages/airflow/example_dags/example_sla_dag.py
[2023-04-07 14:43:43,522] {logging_mixin.py:115} INFO - [2023-04-07 14:43:43,522] {dag.py:2371} INFO - Sync 1 DAGs
[2023-04-07 14:43:43,552] {logging_mixin.py:115} INFO - [2023-04-07 14:43:43,552] {dag.py:2919} INFO - Setting next_dagrun for example_sla_dag to 2023-04-07T14:40:00+00:00, run_after=2023-04-07T14:42:00+00:00
[2023-04-07 14:43:43,578] {processor.py:161} INFO - Processing /home/airflow/.local/lib/python3.7/site-packages/airflow/example_dags/example_sla_dag.py took 0.144 seconds
[2023-04-07 16:07:12,724] {processor.py:153} INFO - Started process (PID=50118) to work on /home/airflow/.local/lib/python3.7/site-packages/airflow/example_dags/example_sla_dag.py
[2023-04-07 16:07:12,726] {processor.py:641} INFO - Processing file /home/airflow/.local/lib/python3.7/site-packages/airflow/example_dags/example_sla_dag.py for tasks to queue
[2023-04-07 16:07:12,731] {logging_mixin.py:115} INFO - [2023-04-07 16:07:12,731] {dagbag.py:507} INFO - Filling up the DagBag from /home/airflow/.local/lib/python3.7/site-packages/airflow/example_dags/example_sla_dag.py
[2023-04-07 16:07:12,760] {processor.py:651} INFO - DAG(s) dict_keys(['example_sla_dag']) retrieved from /home/airflow/.local/lib/python3.7/site-packages/airflow/example_dags/example_sla_dag.py
[2023-04-07 16:07:12,808] {logging_mixin.py:115} INFO - [2023-04-07 16:07:12,808] {dag.py:2371} INFO - Sync 1 DAGs
[2023-04-07 16:07:12,832] {logging_mixin.py:115} INFO - [2023-04-07 16:07:12,831] {dag.py:2919} INFO - Setting next_dagrun for example_sla_dag to 2023-04-07T16:04:00+00:00, run_after=2023-04-07T16:06:00+00:00
[2023-04-07 16:07:12,845] {processor.py:161} INFO - Processing /home/airflow/.local/lib/python3.7/site-packages/airflow/example_dags/example_sla_dag.py took 0.127 seconds
[2023-04-07 17:10:58,018] {processor.py:153} INFO - Started process (PID=50180) to work on /home/airflow/.local/lib/python3.7/site-packages/airflow/example_dags/example_sla_dag.py
[2023-04-07 17:10:58,019] {processor.py:641} INFO - Processing file /home/airflow/.local/lib/python3.7/site-packages/airflow/example_dags/example_sla_dag.py for tasks to queue
[2023-04-07 17:10:58,022] {logging_mixin.py:115} INFO - [2023-04-07 17:10:58,021] {dagbag.py:507} INFO - Filling up the DagBag from /home/airflow/.local/lib/python3.7/site-packages/airflow/example_dags/example_sla_dag.py
[2023-04-07 17:10:58,048] {processor.py:651} INFO - DAG(s) dict_keys(['example_sla_dag']) retrieved from /home/airflow/.local/lib/python3.7/site-packages/airflow/example_dags/example_sla_dag.py
[2023-04-07 17:10:58,085] {logging_mixin.py:115} INFO - [2023-04-07 17:10:58,085] {dag.py:2371} INFO - Sync 1 DAGs
[2023-04-07 17:10:58,135] {logging_mixin.py:115} INFO - [2023-04-07 17:10:58,135] {dag.py:2919} INFO - Setting next_dagrun for example_sla_dag to 2023-04-07T17:08:00+00:00, run_after=2023-04-07T17:10:00+00:00
[2023-04-07 17:10:58,147] {processor.py:161} INFO - Processing /home/airflow/.local/lib/python3.7/site-packages/airflow/example_dags/example_sla_dag.py took 0.135 seconds
[2023-04-07 18:18:11,328] {processor.py:153} INFO - Started process (PID=50233) to work on /home/airflow/.local/lib/python3.7/site-packages/airflow/example_dags/example_sla_dag.py
[2023-04-07 18:18:11,331] {processor.py:641} INFO - Processing file /home/airflow/.local/lib/python3.7/site-packages/airflow/example_dags/example_sla_dag.py for tasks to queue
[2023-04-07 18:18:11,334] {logging_mixin.py:115} INFO - [2023-04-07 18:18:11,334] {dagbag.py:507} INFO - Filling up the DagBag from /home/airflow/.local/lib/python3.7/site-packages/airflow/example_dags/example_sla_dag.py
[2023-04-07 18:18:11,356] {processor.py:651} INFO - DAG(s) dict_keys(['example_sla_dag']) retrieved from /home/airflow/.local/lib/python3.7/site-packages/airflow/example_dags/example_sla_dag.py
[2023-04-07 18:18:11,385] {logging_mixin.py:115} INFO - [2023-04-07 18:18:11,385] {dag.py:2371} INFO - Sync 1 DAGs
[2023-04-07 18:18:11,404] {logging_mixin.py:115} INFO - [2023-04-07 18:18:11,404] {dag.py:2919} INFO - Setting next_dagrun for example_sla_dag to 2023-04-07T18:16:00+00:00, run_after=2023-04-07T18:18:00+00:00
[2023-04-07 18:18:11,413] {processor.py:161} INFO - Processing /home/airflow/.local/lib/python3.7/site-packages/airflow/example_dags/example_sla_dag.py took 0.088 seconds
[2023-04-07 19:21:17,267] {processor.py:153} INFO - Started process (PID=50294) to work on /home/airflow/.local/lib/python3.7/site-packages/airflow/example_dags/example_sla_dag.py
[2023-04-07 19:21:17,271] {processor.py:641} INFO - Processing file /home/airflow/.local/lib/python3.7/site-packages/airflow/example_dags/example_sla_dag.py for tasks to queue
[2023-04-07 19:21:17,272] {logging_mixin.py:115} INFO - [2023-04-07 19:21:17,272] {dagbag.py:507} INFO - Filling up the DagBag from /home/airflow/.local/lib/python3.7/site-packages/airflow/example_dags/example_sla_dag.py
[2023-04-07 19:21:17,293] {processor.py:651} INFO - DAG(s) dict_keys(['example_sla_dag']) retrieved from /home/airflow/.local/lib/python3.7/site-packages/airflow/example_dags/example_sla_dag.py
[2023-04-07 19:21:17,372] {logging_mixin.py:115} INFO - [2023-04-07 19:21:17,372] {dag.py:2371} INFO - Sync 1 DAGs
[2023-04-07 19:21:17,396] {logging_mixin.py:115} INFO - [2023-04-07 19:21:17,396] {dag.py:2919} INFO - Setting next_dagrun for example_sla_dag to 2023-04-07T19:18:00+00:00, run_after=2023-04-07T19:20:00+00:00
[2023-04-07 19:21:17,418] {processor.py:161} INFO - Processing /home/airflow/.local/lib/python3.7/site-packages/airflow/example_dags/example_sla_dag.py took 0.154 seconds
[2023-04-07 19:21:47,919] {processor.py:153} INFO - Started process (PID=50356) to work on /home/airflow/.local/lib/python3.7/site-packages/airflow/example_dags/example_sla_dag.py
[2023-04-07 19:21:47,919] {processor.py:641} INFO - Processing file /home/airflow/.local/lib/python3.7/site-packages/airflow/example_dags/example_sla_dag.py for tasks to queue
[2023-04-07 19:21:47,920] {logging_mixin.py:115} INFO - [2023-04-07 19:21:47,920] {dagbag.py:507} INFO - Filling up the DagBag from /home/airflow/.local/lib/python3.7/site-packages/airflow/example_dags/example_sla_dag.py
[2023-04-07 19:21:47,930] {processor.py:651} INFO - DAG(s) dict_keys(['example_sla_dag']) retrieved from /home/airflow/.local/lib/python3.7/site-packages/airflow/example_dags/example_sla_dag.py
[2023-04-07 19:21:47,947] {logging_mixin.py:115} INFO - [2023-04-07 19:21:47,947] {dag.py:2371} INFO - Sync 1 DAGs
[2023-04-07 19:21:47,959] {logging_mixin.py:115} INFO - [2023-04-07 19:21:47,959] {dag.py:2919} INFO - Setting next_dagrun for example_sla_dag to 2023-04-07T19:18:00+00:00, run_after=2023-04-07T19:20:00+00:00
[2023-04-07 19:21:47,965] {processor.py:161} INFO - Processing /home/airflow/.local/lib/python3.7/site-packages/airflow/example_dags/example_sla_dag.py took 0.048 seconds
[2023-04-07 19:35:25,453] {processor.py:153} INFO - Started process (PID=50415) to work on /home/airflow/.local/lib/python3.7/site-packages/airflow/example_dags/example_sla_dag.py
[2023-04-07 19:35:25,454] {processor.py:641} INFO - Processing file /home/airflow/.local/lib/python3.7/site-packages/airflow/example_dags/example_sla_dag.py for tasks to queue
[2023-04-07 19:35:25,455] {logging_mixin.py:115} INFO - [2023-04-07 19:35:25,455] {dagbag.py:507} INFO - Filling up the DagBag from /home/airflow/.local/lib/python3.7/site-packages/airflow/example_dags/example_sla_dag.py
[2023-04-07 19:35:25,482] {processor.py:651} INFO - DAG(s) dict_keys(['example_sla_dag']) retrieved from /home/airflow/.local/lib/python3.7/site-packages/airflow/example_dags/example_sla_dag.py
[2023-04-07 19:35:25,528] {logging_mixin.py:115} INFO - [2023-04-07 19:35:25,528] {dag.py:2371} INFO - Sync 1 DAGs
[2023-04-07 19:35:25,556] {logging_mixin.py:115} INFO - [2023-04-07 19:35:25,556] {dag.py:2919} INFO - Setting next_dagrun for example_sla_dag to 2023-04-07T19:32:00+00:00, run_after=2023-04-07T19:34:00+00:00
[2023-04-07 19:35:25,573] {processor.py:161} INFO - Processing /home/airflow/.local/lib/python3.7/site-packages/airflow/example_dags/example_sla_dag.py took 0.128 seconds
[2023-04-07 19:35:56,304] {processor.py:153} INFO - Started process (PID=50478) to work on /home/airflow/.local/lib/python3.7/site-packages/airflow/example_dags/example_sla_dag.py
[2023-04-07 19:35:56,305] {processor.py:641} INFO - Processing file /home/airflow/.local/lib/python3.7/site-packages/airflow/example_dags/example_sla_dag.py for tasks to queue
[2023-04-07 19:35:56,306] {logging_mixin.py:115} INFO - [2023-04-07 19:35:56,306] {dagbag.py:507} INFO - Filling up the DagBag from /home/airflow/.local/lib/python3.7/site-packages/airflow/example_dags/example_sla_dag.py
[2023-04-07 19:35:56,315] {processor.py:651} INFO - DAG(s) dict_keys(['example_sla_dag']) retrieved from /home/airflow/.local/lib/python3.7/site-packages/airflow/example_dags/example_sla_dag.py
[2023-04-07 19:35:56,330] {logging_mixin.py:115} INFO - [2023-04-07 19:35:56,330] {dag.py:2371} INFO - Sync 1 DAGs
[2023-04-07 19:35:56,345] {logging_mixin.py:115} INFO - [2023-04-07 19:35:56,345] {dag.py:2919} INFO - Setting next_dagrun for example_sla_dag to 2023-04-07T19:32:00+00:00, run_after=2023-04-07T19:34:00+00:00
[2023-04-07 19:35:56,350] {processor.py:161} INFO - Processing /home/airflow/.local/lib/python3.7/site-packages/airflow/example_dags/example_sla_dag.py took 0.048 seconds
[2023-04-07 20:42:19,340] {processor.py:153} INFO - Started process (PID=50531) to work on /home/airflow/.local/lib/python3.7/site-packages/airflow/example_dags/example_sla_dag.py
[2023-04-07 20:42:19,342] {processor.py:641} INFO - Processing file /home/airflow/.local/lib/python3.7/site-packages/airflow/example_dags/example_sla_dag.py for tasks to queue
[2023-04-07 20:42:19,343] {logging_mixin.py:115} INFO - [2023-04-07 20:42:19,343] {dagbag.py:507} INFO - Filling up the DagBag from /home/airflow/.local/lib/python3.7/site-packages/airflow/example_dags/example_sla_dag.py
[2023-04-07 20:42:19,689] {processor.py:651} INFO - DAG(s) dict_keys(['example_sla_dag']) retrieved from /home/airflow/.local/lib/python3.7/site-packages/airflow/example_dags/example_sla_dag.py
[2023-04-07 20:42:19,737] {logging_mixin.py:115} INFO - [2023-04-07 20:42:19,737] {dag.py:2371} INFO - Sync 1 DAGs
[2023-04-07 20:42:19,793] {logging_mixin.py:115} INFO - [2023-04-07 20:42:19,793] {dag.py:2919} INFO - Setting next_dagrun for example_sla_dag to 2023-04-07T20:40:00+00:00, run_after=2023-04-07T20:42:00+00:00
[2023-04-07 20:42:19,804] {processor.py:161} INFO - Processing /home/airflow/.local/lib/python3.7/site-packages/airflow/example_dags/example_sla_dag.py took 0.468 seconds
[2023-04-07 21:32:23,817] {processor.py:153} INFO - Started process (PID=50593) to work on /home/airflow/.local/lib/python3.7/site-packages/airflow/example_dags/example_sla_dag.py
[2023-04-07 21:32:23,822] {processor.py:641} INFO - Processing file /home/airflow/.local/lib/python3.7/site-packages/airflow/example_dags/example_sla_dag.py for tasks to queue
[2023-04-07 21:32:23,823] {logging_mixin.py:115} INFO - [2023-04-07 21:32:23,823] {dagbag.py:507} INFO - Filling up the DagBag from /home/airflow/.local/lib/python3.7/site-packages/airflow/example_dags/example_sla_dag.py
[2023-04-07 21:32:23,845] {processor.py:651} INFO - DAG(s) dict_keys(['example_sla_dag']) retrieved from /home/airflow/.local/lib/python3.7/site-packages/airflow/example_dags/example_sla_dag.py
[2023-04-07 21:32:23,904] {logging_mixin.py:115} INFO - [2023-04-07 21:32:23,904] {dag.py:2371} INFO - Sync 1 DAGs
[2023-04-07 21:32:23,933] {logging_mixin.py:115} INFO - [2023-04-07 21:32:23,933] {dag.py:2919} INFO - Setting next_dagrun for example_sla_dag to 2023-04-07T21:30:00+00:00, run_after=2023-04-07T21:32:00+00:00
[2023-04-07 21:32:23,945] {processor.py:161} INFO - Processing /home/airflow/.local/lib/python3.7/site-packages/airflow/example_dags/example_sla_dag.py took 0.131 seconds
[2023-04-07 22:38:22,074] {processor.py:153} INFO - Started process (PID=50655) to work on /home/airflow/.local/lib/python3.7/site-packages/airflow/example_dags/example_sla_dag.py
[2023-04-07 22:38:22,076] {processor.py:641} INFO - Processing file /home/airflow/.local/lib/python3.7/site-packages/airflow/example_dags/example_sla_dag.py for tasks to queue
[2023-04-07 22:38:22,077] {logging_mixin.py:115} INFO - [2023-04-07 22:38:22,077] {dagbag.py:507} INFO - Filling up the DagBag from /home/airflow/.local/lib/python3.7/site-packages/airflow/example_dags/example_sla_dag.py
[2023-04-07 22:38:22,107] {processor.py:651} INFO - DAG(s) dict_keys(['example_sla_dag']) retrieved from /home/airflow/.local/lib/python3.7/site-packages/airflow/example_dags/example_sla_dag.py
[2023-04-07 22:38:22,159] {logging_mixin.py:115} INFO - [2023-04-07 22:38:22,159] {dag.py:2371} INFO - Sync 1 DAGs
[2023-04-07 22:38:22,188] {logging_mixin.py:115} INFO - [2023-04-07 22:38:22,188] {dag.py:2919} INFO - Setting next_dagrun for example_sla_dag to 2023-04-07T22:36:00+00:00, run_after=2023-04-07T22:38:00+00:00
[2023-04-07 22:38:22,203] {processor.py:161} INFO - Processing /home/airflow/.local/lib/python3.7/site-packages/airflow/example_dags/example_sla_dag.py took 0.137 seconds
