[2023-04-07 00:21:19,702] {processor.py:153} INFO - Started process (PID=49181) to work on /home/airflow/.local/lib/python3.7/site-packages/airflow/example_dags/example_branch_operator_decorator.py
[2023-04-07 00:21:19,703] {processor.py:641} INFO - Processing file /home/airflow/.local/lib/python3.7/site-packages/airflow/example_dags/example_branch_operator_decorator.py for tasks to queue
[2023-04-07 00:21:19,703] {logging_mixin.py:115} INFO - [2023-04-07 00:21:19,703] {dagbag.py:507} INFO - Filling up the DagBag from /home/airflow/.local/lib/python3.7/site-packages/airflow/example_dags/example_branch_operator_decorator.py
[2023-04-07 00:21:19,714] {processor.py:651} INFO - DAG(s) dict_keys(['example_branch_python_operator_decorator']) retrieved from /home/airflow/.local/lib/python3.7/site-packages/airflow/example_dags/example_branch_operator_decorator.py
[2023-04-07 00:21:19,732] {logging_mixin.py:115} INFO - [2023-04-07 00:21:19,732] {dag.py:2371} INFO - Sync 1 DAGs
[2023-04-07 00:21:19,744] {logging_mixin.py:115} INFO - [2023-04-07 00:21:19,744] {dag.py:2919} INFO - Setting next_dagrun for example_branch_python_operator_decorator to 2023-04-06T00:00:00+00:00, run_after=2023-04-07T00:00:00+00:00
[2023-04-07 00:21:19,750] {processor.py:161} INFO - Processing /home/airflow/.local/lib/python3.7/site-packages/airflow/example_dags/example_branch_operator_decorator.py took 0.050 seconds
[2023-04-07 01:26:28,873] {processor.py:153} INFO - Started process (PID=49243) to work on /home/airflow/.local/lib/python3.7/site-packages/airflow/example_dags/example_branch_operator_decorator.py
[2023-04-07 01:26:28,874] {processor.py:641} INFO - Processing file /home/airflow/.local/lib/python3.7/site-packages/airflow/example_dags/example_branch_operator_decorator.py for tasks to queue
[2023-04-07 01:26:28,875] {logging_mixin.py:115} INFO - [2023-04-07 01:26:28,874] {dagbag.py:507} INFO - Filling up the DagBag from /home/airflow/.local/lib/python3.7/site-packages/airflow/example_dags/example_branch_operator_decorator.py
[2023-04-07 01:26:28,885] {processor.py:651} INFO - DAG(s) dict_keys(['example_branch_python_operator_decorator']) retrieved from /home/airflow/.local/lib/python3.7/site-packages/airflow/example_dags/example_branch_operator_decorator.py
[2023-04-07 01:26:28,903] {logging_mixin.py:115} INFO - [2023-04-07 01:26:28,903] {dag.py:2371} INFO - Sync 1 DAGs
[2023-04-07 01:26:28,915] {logging_mixin.py:115} INFO - [2023-04-07 01:26:28,915] {dag.py:2919} INFO - Setting next_dagrun for example_branch_python_operator_decorator to 2023-04-06T00:00:00+00:00, run_after=2023-04-07T00:00:00+00:00
[2023-04-07 01:26:28,924] {processor.py:161} INFO - Processing /home/airflow/.local/lib/python3.7/site-packages/airflow/example_dags/example_branch_operator_decorator.py took 0.053 seconds
[2023-04-07 02:49:15,675] {processor.py:153} INFO - Started process (PID=49304) to work on /home/airflow/.local/lib/python3.7/site-packages/airflow/example_dags/example_branch_operator_decorator.py
[2023-04-07 02:49:15,676] {processor.py:641} INFO - Processing file /home/airflow/.local/lib/python3.7/site-packages/airflow/example_dags/example_branch_operator_decorator.py for tasks to queue
[2023-04-07 02:49:15,676] {logging_mixin.py:115} INFO - [2023-04-07 02:49:15,676] {dagbag.py:507} INFO - Filling up the DagBag from /home/airflow/.local/lib/python3.7/site-packages/airflow/example_dags/example_branch_operator_decorator.py
[2023-04-07 02:49:15,686] {processor.py:651} INFO - DAG(s) dict_keys(['example_branch_python_operator_decorator']) retrieved from /home/airflow/.local/lib/python3.7/site-packages/airflow/example_dags/example_branch_operator_decorator.py
[2023-04-07 02:49:15,703] {logging_mixin.py:115} INFO - [2023-04-07 02:49:15,703] {dag.py:2371} INFO - Sync 1 DAGs
[2023-04-07 02:49:15,715] {logging_mixin.py:115} INFO - [2023-04-07 02:49:15,715] {dag.py:2919} INFO - Setting next_dagrun for example_branch_python_operator_decorator to 2023-04-06T00:00:00+00:00, run_after=2023-04-07T00:00:00+00:00
[2023-04-07 02:49:15,720] {processor.py:161} INFO - Processing /home/airflow/.local/lib/python3.7/site-packages/airflow/example_dags/example_branch_operator_decorator.py took 0.048 seconds
[2023-04-07 02:55:42,428] {processor.py:153} INFO - Started process (PID=49366) to work on /home/airflow/.local/lib/python3.7/site-packages/airflow/example_dags/example_branch_operator_decorator.py
[2023-04-07 02:55:42,429] {processor.py:641} INFO - Processing file /home/airflow/.local/lib/python3.7/site-packages/airflow/example_dags/example_branch_operator_decorator.py for tasks to queue
[2023-04-07 02:55:42,429] {logging_mixin.py:115} INFO - [2023-04-07 02:55:42,429] {dagbag.py:507} INFO - Filling up the DagBag from /home/airflow/.local/lib/python3.7/site-packages/airflow/example_dags/example_branch_operator_decorator.py
[2023-04-07 02:55:42,440] {processor.py:651} INFO - DAG(s) dict_keys(['example_branch_python_operator_decorator']) retrieved from /home/airflow/.local/lib/python3.7/site-packages/airflow/example_dags/example_branch_operator_decorator.py
[2023-04-07 02:55:42,457] {logging_mixin.py:115} INFO - [2023-04-07 02:55:42,457] {dag.py:2371} INFO - Sync 1 DAGs
[2023-04-07 02:55:42,468] {logging_mixin.py:115} INFO - [2023-04-07 02:55:42,468] {dag.py:2919} INFO - Setting next_dagrun for example_branch_python_operator_decorator to 2023-04-06T00:00:00+00:00, run_after=2023-04-07T00:00:00+00:00
[2023-04-07 02:55:42,473] {processor.py:161} INFO - Processing /home/airflow/.local/lib/python3.7/site-packages/airflow/example_dags/example_branch_operator_decorator.py took 0.048 seconds
[2023-04-07 03:13:43,401] {processor.py:153} INFO - Started process (PID=49419) to work on /home/airflow/.local/lib/python3.7/site-packages/airflow/example_dags/example_branch_operator_decorator.py
[2023-04-07 03:13:43,402] {processor.py:641} INFO - Processing file /home/airflow/.local/lib/python3.7/site-packages/airflow/example_dags/example_branch_operator_decorator.py for tasks to queue
[2023-04-07 03:13:43,403] {logging_mixin.py:115} INFO - [2023-04-07 03:13:43,403] {dagbag.py:507} INFO - Filling up the DagBag from /home/airflow/.local/lib/python3.7/site-packages/airflow/example_dags/example_branch_operator_decorator.py
[2023-04-07 03:13:43,413] {processor.py:651} INFO - DAG(s) dict_keys(['example_branch_python_operator_decorator']) retrieved from /home/airflow/.local/lib/python3.7/site-packages/airflow/example_dags/example_branch_operator_decorator.py
[2023-04-07 03:13:43,431] {logging_mixin.py:115} INFO - [2023-04-07 03:13:43,431] {dag.py:2371} INFO - Sync 1 DAGs
[2023-04-07 03:13:43,441] {logging_mixin.py:115} INFO - [2023-04-07 03:13:43,441] {dag.py:2919} INFO - Setting next_dagrun for example_branch_python_operator_decorator to 2023-04-06T00:00:00+00:00, run_after=2023-04-07T00:00:00+00:00
[2023-04-07 03:13:43,447] {processor.py:161} INFO - Processing /home/airflow/.local/lib/python3.7/site-packages/airflow/example_dags/example_branch_operator_decorator.py took 0.048 seconds
[2023-04-07 04:35:08,515] {processor.py:153} INFO - Started process (PID=49481) to work on /home/airflow/.local/lib/python3.7/site-packages/airflow/example_dags/example_branch_operator_decorator.py
[2023-04-07 04:35:08,515] {processor.py:641} INFO - Processing file /home/airflow/.local/lib/python3.7/site-packages/airflow/example_dags/example_branch_operator_decorator.py for tasks to queue
[2023-04-07 04:35:08,516] {logging_mixin.py:115} INFO - [2023-04-07 04:35:08,516] {dagbag.py:507} INFO - Filling up the DagBag from /home/airflow/.local/lib/python3.7/site-packages/airflow/example_dags/example_branch_operator_decorator.py
[2023-04-07 04:35:08,527] {processor.py:651} INFO - DAG(s) dict_keys(['example_branch_python_operator_decorator']) retrieved from /home/airflow/.local/lib/python3.7/site-packages/airflow/example_dags/example_branch_operator_decorator.py
[2023-04-07 04:35:08,545] {logging_mixin.py:115} INFO - [2023-04-07 04:35:08,545] {dag.py:2371} INFO - Sync 1 DAGs
[2023-04-07 04:35:08,557] {logging_mixin.py:115} INFO - [2023-04-07 04:35:08,557] {dag.py:2919} INFO - Setting next_dagrun for example_branch_python_operator_decorator to 2023-04-06T00:00:00+00:00, run_after=2023-04-07T00:00:00+00:00
[2023-04-07 04:35:08,563] {processor.py:161} INFO - Processing /home/airflow/.local/lib/python3.7/site-packages/airflow/example_dags/example_branch_operator_decorator.py took 0.051 seconds
[2023-04-07 05:44:23,727] {processor.py:153} INFO - Started process (PID=49543) to work on /home/airflow/.local/lib/python3.7/site-packages/airflow/example_dags/example_branch_operator_decorator.py
[2023-04-07 05:44:23,728] {processor.py:641} INFO - Processing file /home/airflow/.local/lib/python3.7/site-packages/airflow/example_dags/example_branch_operator_decorator.py for tasks to queue
[2023-04-07 05:44:23,729] {logging_mixin.py:115} INFO - [2023-04-07 05:44:23,729] {dagbag.py:507} INFO - Filling up the DagBag from /home/airflow/.local/lib/python3.7/site-packages/airflow/example_dags/example_branch_operator_decorator.py
[2023-04-07 05:44:23,743] {processor.py:651} INFO - DAG(s) dict_keys(['example_branch_python_operator_decorator']) retrieved from /home/airflow/.local/lib/python3.7/site-packages/airflow/example_dags/example_branch_operator_decorator.py
[2023-04-07 05:44:23,760] {logging_mixin.py:115} INFO - [2023-04-07 05:44:23,760] {dag.py:2371} INFO - Sync 1 DAGs
[2023-04-07 05:44:23,772] {logging_mixin.py:115} INFO - [2023-04-07 05:44:23,772] {dag.py:2919} INFO - Setting next_dagrun for example_branch_python_operator_decorator to 2023-04-06T00:00:00+00:00, run_after=2023-04-07T00:00:00+00:00
[2023-04-07 05:44:23,778] {processor.py:161} INFO - Processing /home/airflow/.local/lib/python3.7/site-packages/airflow/example_dags/example_branch_operator_decorator.py took 0.055 seconds
[2023-04-07 06:47:45,142] {processor.py:153} INFO - Started process (PID=49605) to work on /home/airflow/.local/lib/python3.7/site-packages/airflow/example_dags/example_branch_operator_decorator.py
[2023-04-07 06:47:45,143] {processor.py:641} INFO - Processing file /home/airflow/.local/lib/python3.7/site-packages/airflow/example_dags/example_branch_operator_decorator.py for tasks to queue
[2023-04-07 06:47:45,143] {logging_mixin.py:115} INFO - [2023-04-07 06:47:45,143] {dagbag.py:507} INFO - Filling up the DagBag from /home/airflow/.local/lib/python3.7/site-packages/airflow/example_dags/example_branch_operator_decorator.py
[2023-04-07 06:47:45,153] {processor.py:651} INFO - DAG(s) dict_keys(['example_branch_python_operator_decorator']) retrieved from /home/airflow/.local/lib/python3.7/site-packages/airflow/example_dags/example_branch_operator_decorator.py
[2023-04-07 06:47:45,171] {logging_mixin.py:115} INFO - [2023-04-07 06:47:45,171] {dag.py:2371} INFO - Sync 1 DAGs
[2023-04-07 06:47:45,184] {logging_mixin.py:115} INFO - [2023-04-07 06:47:45,184] {dag.py:2919} INFO - Setting next_dagrun for example_branch_python_operator_decorator to 2023-04-06T00:00:00+00:00, run_after=2023-04-07T00:00:00+00:00
[2023-04-07 06:47:45,189] {processor.py:161} INFO - Processing /home/airflow/.local/lib/python3.7/site-packages/airflow/example_dags/example_branch_operator_decorator.py took 0.050 seconds
[2023-04-07 08:10:38,618] {processor.py:153} INFO - Started process (PID=49666) to work on /home/airflow/.local/lib/python3.7/site-packages/airflow/example_dags/example_branch_operator_decorator.py
[2023-04-07 08:10:38,618] {processor.py:641} INFO - Processing file /home/airflow/.local/lib/python3.7/site-packages/airflow/example_dags/example_branch_operator_decorator.py for tasks to queue
[2023-04-07 08:10:38,619] {logging_mixin.py:115} INFO - [2023-04-07 08:10:38,619] {dagbag.py:507} INFO - Filling up the DagBag from /home/airflow/.local/lib/python3.7/site-packages/airflow/example_dags/example_branch_operator_decorator.py
[2023-04-07 08:10:38,629] {processor.py:651} INFO - DAG(s) dict_keys(['example_branch_python_operator_decorator']) retrieved from /home/airflow/.local/lib/python3.7/site-packages/airflow/example_dags/example_branch_operator_decorator.py
[2023-04-07 08:10:38,645] {logging_mixin.py:115} INFO - [2023-04-07 08:10:38,645] {dag.py:2371} INFO - Sync 1 DAGs
[2023-04-07 08:10:38,656] {logging_mixin.py:115} INFO - [2023-04-07 08:10:38,656] {dag.py:2919} INFO - Setting next_dagrun for example_branch_python_operator_decorator to 2023-04-06T00:00:00+00:00, run_after=2023-04-07T00:00:00+00:00
[2023-04-07 08:10:38,663] {processor.py:161} INFO - Processing /home/airflow/.local/lib/python3.7/site-packages/airflow/example_dags/example_branch_operator_decorator.py took 0.047 seconds
[2023-04-07 09:16:48,098] {processor.py:153} INFO - Started process (PID=49719) to work on /home/airflow/.local/lib/python3.7/site-packages/airflow/example_dags/example_branch_operator_decorator.py
[2023-04-07 09:16:48,099] {processor.py:641} INFO - Processing file /home/airflow/.local/lib/python3.7/site-packages/airflow/example_dags/example_branch_operator_decorator.py for tasks to queue
[2023-04-07 09:16:48,100] {logging_mixin.py:115} INFO - [2023-04-07 09:16:48,100] {dagbag.py:507} INFO - Filling up the DagBag from /home/airflow/.local/lib/python3.7/site-packages/airflow/example_dags/example_branch_operator_decorator.py
[2023-04-07 09:16:48,111] {processor.py:651} INFO - DAG(s) dict_keys(['example_branch_python_operator_decorator']) retrieved from /home/airflow/.local/lib/python3.7/site-packages/airflow/example_dags/example_branch_operator_decorator.py
[2023-04-07 09:16:48,130] {logging_mixin.py:115} INFO - [2023-04-07 09:16:48,130] {dag.py:2371} INFO - Sync 1 DAGs
[2023-04-07 09:16:48,141] {logging_mixin.py:115} INFO - [2023-04-07 09:16:48,141] {dag.py:2919} INFO - Setting next_dagrun for example_branch_python_operator_decorator to 2023-04-06T00:00:00+00:00, run_after=2023-04-07T00:00:00+00:00
[2023-04-07 09:16:48,147] {processor.py:161} INFO - Processing /home/airflow/.local/lib/python3.7/site-packages/airflow/example_dags/example_branch_operator_decorator.py took 0.051 seconds
[2023-04-07 10:24:58,818] {processor.py:153} INFO - Started process (PID=49781) to work on /home/airflow/.local/lib/python3.7/site-packages/airflow/example_dags/example_branch_operator_decorator.py
[2023-04-07 10:24:58,819] {processor.py:641} INFO - Processing file /home/airflow/.local/lib/python3.7/site-packages/airflow/example_dags/example_branch_operator_decorator.py for tasks to queue
[2023-04-07 10:24:58,819] {logging_mixin.py:115} INFO - [2023-04-07 10:24:58,819] {dagbag.py:507} INFO - Filling up the DagBag from /home/airflow/.local/lib/python3.7/site-packages/airflow/example_dags/example_branch_operator_decorator.py
[2023-04-07 10:24:58,829] {processor.py:651} INFO - DAG(s) dict_keys(['example_branch_python_operator_decorator']) retrieved from /home/airflow/.local/lib/python3.7/site-packages/airflow/example_dags/example_branch_operator_decorator.py
[2023-04-07 10:24:58,847] {logging_mixin.py:115} INFO - [2023-04-07 10:24:58,847] {dag.py:2371} INFO - Sync 1 DAGs
[2023-04-07 10:24:58,859] {logging_mixin.py:115} INFO - [2023-04-07 10:24:58,859] {dag.py:2919} INFO - Setting next_dagrun for example_branch_python_operator_decorator to 2023-04-06T00:00:00+00:00, run_after=2023-04-07T00:00:00+00:00
[2023-04-07 10:24:58,864] {processor.py:161} INFO - Processing /home/airflow/.local/lib/python3.7/site-packages/airflow/example_dags/example_branch_operator_decorator.py took 0.048 seconds
[2023-04-07 11:08:33,964] {processor.py:153} INFO - Started process (PID=49843) to work on /home/airflow/.local/lib/python3.7/site-packages/airflow/example_dags/example_branch_operator_decorator.py
[2023-04-07 11:08:33,965] {processor.py:641} INFO - Processing file /home/airflow/.local/lib/python3.7/site-packages/airflow/example_dags/example_branch_operator_decorator.py for tasks to queue
[2023-04-07 11:08:33,965] {logging_mixin.py:115} INFO - [2023-04-07 11:08:33,965] {dagbag.py:507} INFO - Filling up the DagBag from /home/airflow/.local/lib/python3.7/site-packages/airflow/example_dags/example_branch_operator_decorator.py
[2023-04-07 11:08:33,976] {processor.py:651} INFO - DAG(s) dict_keys(['example_branch_python_operator_decorator']) retrieved from /home/airflow/.local/lib/python3.7/site-packages/airflow/example_dags/example_branch_operator_decorator.py
[2023-04-07 11:08:33,994] {logging_mixin.py:115} INFO - [2023-04-07 11:08:33,994] {dag.py:2371} INFO - Sync 1 DAGs
[2023-04-07 11:08:34,006] {logging_mixin.py:115} INFO - [2023-04-07 11:08:34,006] {dag.py:2919} INFO - Setting next_dagrun for example_branch_python_operator_decorator to 2023-04-06T00:00:00+00:00, run_after=2023-04-07T00:00:00+00:00
[2023-04-07 11:08:34,011] {processor.py:161} INFO - Processing /home/airflow/.local/lib/python3.7/site-packages/airflow/example_dags/example_branch_operator_decorator.py took 0.049 seconds
[2023-04-07 11:09:04,625] {processor.py:153} INFO - Started process (PID=49905) to work on /home/airflow/.local/lib/python3.7/site-packages/airflow/example_dags/example_branch_operator_decorator.py
[2023-04-07 11:09:04,626] {processor.py:641} INFO - Processing file /home/airflow/.local/lib/python3.7/site-packages/airflow/example_dags/example_branch_operator_decorator.py for tasks to queue
[2023-04-07 11:09:04,626] {logging_mixin.py:115} INFO - [2023-04-07 11:09:04,626] {dagbag.py:507} INFO - Filling up the DagBag from /home/airflow/.local/lib/python3.7/site-packages/airflow/example_dags/example_branch_operator_decorator.py
[2023-04-07 11:09:04,637] {processor.py:651} INFO - DAG(s) dict_keys(['example_branch_python_operator_decorator']) retrieved from /home/airflow/.local/lib/python3.7/site-packages/airflow/example_dags/example_branch_operator_decorator.py
[2023-04-07 11:09:04,656] {logging_mixin.py:115} INFO - [2023-04-07 11:09:04,656] {dag.py:2371} INFO - Sync 1 DAGs
[2023-04-07 11:09:04,667] {logging_mixin.py:115} INFO - [2023-04-07 11:09:04,667] {dag.py:2919} INFO - Setting next_dagrun for example_branch_python_operator_decorator to 2023-04-06T00:00:00+00:00, run_after=2023-04-07T00:00:00+00:00
[2023-04-07 11:09:04,672] {processor.py:161} INFO - Processing /home/airflow/.local/lib/python3.7/site-packages/airflow/example_dags/example_branch_operator_decorator.py took 0.050 seconds
[2023-04-07 12:29:47,212] {processor.py:153} INFO - Started process (PID=49967) to work on /home/airflow/.local/lib/python3.7/site-packages/airflow/example_dags/example_branch_operator_decorator.py
[2023-04-07 12:29:47,213] {processor.py:641} INFO - Processing file /home/airflow/.local/lib/python3.7/site-packages/airflow/example_dags/example_branch_operator_decorator.py for tasks to queue
[2023-04-07 12:29:47,214] {logging_mixin.py:115} INFO - [2023-04-07 12:29:47,214] {dagbag.py:507} INFO - Filling up the DagBag from /home/airflow/.local/lib/python3.7/site-packages/airflow/example_dags/example_branch_operator_decorator.py
[2023-04-07 12:29:47,225] {processor.py:651} INFO - DAG(s) dict_keys(['example_branch_python_operator_decorator']) retrieved from /home/airflow/.local/lib/python3.7/site-packages/airflow/example_dags/example_branch_operator_decorator.py
[2023-04-07 12:29:47,244] {logging_mixin.py:115} INFO - [2023-04-07 12:29:47,244] {dag.py:2371} INFO - Sync 1 DAGs
[2023-04-07 12:29:47,255] {logging_mixin.py:115} INFO - [2023-04-07 12:29:47,255] {dag.py:2919} INFO - Setting next_dagrun for example_branch_python_operator_decorator to 2023-04-06T00:00:00+00:00, run_after=2023-04-07T00:00:00+00:00
[2023-04-07 12:29:47,261] {processor.py:161} INFO - Processing /home/airflow/.local/lib/python3.7/site-packages/airflow/example_dags/example_branch_operator_decorator.py took 0.051 seconds
[2023-04-07 13:38:14,565] {processor.py:153} INFO - Started process (PID=50020) to work on /home/airflow/.local/lib/python3.7/site-packages/airflow/example_dags/example_branch_operator_decorator.py
[2023-04-07 13:38:14,565] {processor.py:641} INFO - Processing file /home/airflow/.local/lib/python3.7/site-packages/airflow/example_dags/example_branch_operator_decorator.py for tasks to queue
[2023-04-07 13:38:14,566] {logging_mixin.py:115} INFO - [2023-04-07 13:38:14,566] {dagbag.py:507} INFO - Filling up the DagBag from /home/airflow/.local/lib/python3.7/site-packages/airflow/example_dags/example_branch_operator_decorator.py
[2023-04-07 13:38:14,576] {processor.py:651} INFO - DAG(s) dict_keys(['example_branch_python_operator_decorator']) retrieved from /home/airflow/.local/lib/python3.7/site-packages/airflow/example_dags/example_branch_operator_decorator.py
[2023-04-07 13:38:14,593] {logging_mixin.py:115} INFO - [2023-04-07 13:38:14,593] {dag.py:2371} INFO - Sync 1 DAGs
[2023-04-07 13:38:14,605] {logging_mixin.py:115} INFO - [2023-04-07 13:38:14,605] {dag.py:2919} INFO - Setting next_dagrun for example_branch_python_operator_decorator to 2023-04-06T00:00:00+00:00, run_after=2023-04-07T00:00:00+00:00
[2023-04-07 13:38:14,610] {processor.py:161} INFO - Processing /home/airflow/.local/lib/python3.7/site-packages/airflow/example_dags/example_branch_operator_decorator.py took 0.048 seconds
[2023-04-07 14:43:44,728] {processor.py:153} INFO - Started process (PID=50083) to work on /home/airflow/.local/lib/python3.7/site-packages/airflow/example_dags/example_branch_operator_decorator.py
[2023-04-07 14:43:44,729] {processor.py:641} INFO - Processing file /home/airflow/.local/lib/python3.7/site-packages/airflow/example_dags/example_branch_operator_decorator.py for tasks to queue
[2023-04-07 14:43:44,730] {logging_mixin.py:115} INFO - [2023-04-07 14:43:44,729] {dagbag.py:507} INFO - Filling up the DagBag from /home/airflow/.local/lib/python3.7/site-packages/airflow/example_dags/example_branch_operator_decorator.py
[2023-04-07 14:43:44,740] {processor.py:651} INFO - DAG(s) dict_keys(['example_branch_python_operator_decorator']) retrieved from /home/airflow/.local/lib/python3.7/site-packages/airflow/example_dags/example_branch_operator_decorator.py
[2023-04-07 14:43:44,756] {logging_mixin.py:115} INFO - [2023-04-07 14:43:44,756] {dag.py:2371} INFO - Sync 1 DAGs
[2023-04-07 14:43:44,768] {logging_mixin.py:115} INFO - [2023-04-07 14:43:44,768] {dag.py:2919} INFO - Setting next_dagrun for example_branch_python_operator_decorator to 2023-04-06T00:00:00+00:00, run_after=2023-04-07T00:00:00+00:00
[2023-04-07 14:43:44,774] {processor.py:161} INFO - Processing /home/airflow/.local/lib/python3.7/site-packages/airflow/example_dags/example_branch_operator_decorator.py took 0.048 seconds
[2023-04-07 16:07:14,081] {processor.py:153} INFO - Started process (PID=50144) to work on /home/airflow/.local/lib/python3.7/site-packages/airflow/example_dags/example_branch_operator_decorator.py
[2023-04-07 16:07:14,082] {processor.py:641} INFO - Processing file /home/airflow/.local/lib/python3.7/site-packages/airflow/example_dags/example_branch_operator_decorator.py for tasks to queue
[2023-04-07 16:07:14,082] {logging_mixin.py:115} INFO - [2023-04-07 16:07:14,082] {dagbag.py:507} INFO - Filling up the DagBag from /home/airflow/.local/lib/python3.7/site-packages/airflow/example_dags/example_branch_operator_decorator.py
[2023-04-07 16:07:14,094] {processor.py:651} INFO - DAG(s) dict_keys(['example_branch_python_operator_decorator']) retrieved from /home/airflow/.local/lib/python3.7/site-packages/airflow/example_dags/example_branch_operator_decorator.py
[2023-04-07 16:07:14,117] {logging_mixin.py:115} INFO - [2023-04-07 16:07:14,117] {dag.py:2371} INFO - Sync 1 DAGs
[2023-04-07 16:07:14,130] {logging_mixin.py:115} INFO - [2023-04-07 16:07:14,130] {dag.py:2919} INFO - Setting next_dagrun for example_branch_python_operator_decorator to 2023-04-06T00:00:00+00:00, run_after=2023-04-07T00:00:00+00:00
[2023-04-07 16:07:14,136] {processor.py:161} INFO - Processing /home/airflow/.local/lib/python3.7/site-packages/airflow/example_dags/example_branch_operator_decorator.py took 0.057 seconds
[2023-04-07 17:10:59,442] {processor.py:153} INFO - Started process (PID=50206) to work on /home/airflow/.local/lib/python3.7/site-packages/airflow/example_dags/example_branch_operator_decorator.py
[2023-04-07 17:10:59,443] {processor.py:641} INFO - Processing file /home/airflow/.local/lib/python3.7/site-packages/airflow/example_dags/example_branch_operator_decorator.py for tasks to queue
[2023-04-07 17:10:59,443] {logging_mixin.py:115} INFO - [2023-04-07 17:10:59,443] {dagbag.py:507} INFO - Filling up the DagBag from /home/airflow/.local/lib/python3.7/site-packages/airflow/example_dags/example_branch_operator_decorator.py
[2023-04-07 17:10:59,453] {processor.py:651} INFO - DAG(s) dict_keys(['example_branch_python_operator_decorator']) retrieved from /home/airflow/.local/lib/python3.7/site-packages/airflow/example_dags/example_branch_operator_decorator.py
[2023-04-07 17:10:59,469] {logging_mixin.py:115} INFO - [2023-04-07 17:10:59,469] {dag.py:2371} INFO - Sync 1 DAGs
[2023-04-07 17:10:59,481] {logging_mixin.py:115} INFO - [2023-04-07 17:10:59,481] {dag.py:2919} INFO - Setting next_dagrun for example_branch_python_operator_decorator to 2023-04-06T00:00:00+00:00, run_after=2023-04-07T00:00:00+00:00
[2023-04-07 17:10:59,487] {processor.py:161} INFO - Processing /home/airflow/.local/lib/python3.7/site-packages/airflow/example_dags/example_branch_operator_decorator.py took 0.047 seconds
[2023-04-07 18:18:13,163] {processor.py:153} INFO - Started process (PID=50267) to work on /home/airflow/.local/lib/python3.7/site-packages/airflow/example_dags/example_branch_operator_decorator.py
[2023-04-07 18:18:13,163] {processor.py:641} INFO - Processing file /home/airflow/.local/lib/python3.7/site-packages/airflow/example_dags/example_branch_operator_decorator.py for tasks to queue
[2023-04-07 18:18:13,164] {logging_mixin.py:115} INFO - [2023-04-07 18:18:13,164] {dagbag.py:507} INFO - Filling up the DagBag from /home/airflow/.local/lib/python3.7/site-packages/airflow/example_dags/example_branch_operator_decorator.py
[2023-04-07 18:18:13,173] {processor.py:651} INFO - DAG(s) dict_keys(['example_branch_python_operator_decorator']) retrieved from /home/airflow/.local/lib/python3.7/site-packages/airflow/example_dags/example_branch_operator_decorator.py
[2023-04-07 18:18:13,191] {logging_mixin.py:115} INFO - [2023-04-07 18:18:13,191] {dag.py:2371} INFO - Sync 1 DAGs
[2023-04-07 18:18:13,202] {logging_mixin.py:115} INFO - [2023-04-07 18:18:13,202] {dag.py:2919} INFO - Setting next_dagrun for example_branch_python_operator_decorator to 2023-04-06T00:00:00+00:00, run_after=2023-04-07T00:00:00+00:00
[2023-04-07 18:18:13,208] {processor.py:161} INFO - Processing /home/airflow/.local/lib/python3.7/site-packages/airflow/example_dags/example_branch_operator_decorator.py took 0.047 seconds
[2023-04-07 19:21:18,428] {processor.py:153} INFO - Started process (PID=50320) to work on /home/airflow/.local/lib/python3.7/site-packages/airflow/example_dags/example_branch_operator_decorator.py
[2023-04-07 19:21:18,429] {processor.py:641} INFO - Processing file /home/airflow/.local/lib/python3.7/site-packages/airflow/example_dags/example_branch_operator_decorator.py for tasks to queue
[2023-04-07 19:21:18,429] {logging_mixin.py:115} INFO - [2023-04-07 19:21:18,429] {dagbag.py:507} INFO - Filling up the DagBag from /home/airflow/.local/lib/python3.7/site-packages/airflow/example_dags/example_branch_operator_decorator.py
[2023-04-07 19:21:18,439] {processor.py:651} INFO - DAG(s) dict_keys(['example_branch_python_operator_decorator']) retrieved from /home/airflow/.local/lib/python3.7/site-packages/airflow/example_dags/example_branch_operator_decorator.py
[2023-04-07 19:21:18,455] {logging_mixin.py:115} INFO - [2023-04-07 19:21:18,455] {dag.py:2371} INFO - Sync 1 DAGs
[2023-04-07 19:21:18,467] {logging_mixin.py:115} INFO - [2023-04-07 19:21:18,467] {dag.py:2919} INFO - Setting next_dagrun for example_branch_python_operator_decorator to 2023-04-06T00:00:00+00:00, run_after=2023-04-07T00:00:00+00:00
[2023-04-07 19:21:18,475] {processor.py:161} INFO - Processing /home/airflow/.local/lib/python3.7/site-packages/airflow/example_dags/example_branch_operator_decorator.py took 0.049 seconds
[2023-04-07 19:21:48,817] {processor.py:153} INFO - Started process (PID=50382) to work on /home/airflow/.local/lib/python3.7/site-packages/airflow/example_dags/example_branch_operator_decorator.py
[2023-04-07 19:21:48,818] {processor.py:641} INFO - Processing file /home/airflow/.local/lib/python3.7/site-packages/airflow/example_dags/example_branch_operator_decorator.py for tasks to queue
[2023-04-07 19:21:48,818] {logging_mixin.py:115} INFO - [2023-04-07 19:21:48,818] {dagbag.py:507} INFO - Filling up the DagBag from /home/airflow/.local/lib/python3.7/site-packages/airflow/example_dags/example_branch_operator_decorator.py
[2023-04-07 19:21:48,829] {processor.py:651} INFO - DAG(s) dict_keys(['example_branch_python_operator_decorator']) retrieved from /home/airflow/.local/lib/python3.7/site-packages/airflow/example_dags/example_branch_operator_decorator.py
[2023-04-07 19:21:48,846] {logging_mixin.py:115} INFO - [2023-04-07 19:21:48,846] {dag.py:2371} INFO - Sync 1 DAGs
[2023-04-07 19:21:48,857] {logging_mixin.py:115} INFO - [2023-04-07 19:21:48,857] {dag.py:2919} INFO - Setting next_dagrun for example_branch_python_operator_decorator to 2023-04-06T00:00:00+00:00, run_after=2023-04-07T00:00:00+00:00
[2023-04-07 19:21:48,863] {processor.py:161} INFO - Processing /home/airflow/.local/lib/python3.7/site-packages/airflow/example_dags/example_branch_operator_decorator.py took 0.048 seconds
[2023-04-07 19:35:26,920] {processor.py:153} INFO - Started process (PID=50441) to work on /home/airflow/.local/lib/python3.7/site-packages/airflow/example_dags/example_branch_operator_decorator.py
[2023-04-07 19:35:26,921] {processor.py:641} INFO - Processing file /home/airflow/.local/lib/python3.7/site-packages/airflow/example_dags/example_branch_operator_decorator.py for tasks to queue
[2023-04-07 19:35:26,922] {logging_mixin.py:115} INFO - [2023-04-07 19:35:26,922] {dagbag.py:507} INFO - Filling up the DagBag from /home/airflow/.local/lib/python3.7/site-packages/airflow/example_dags/example_branch_operator_decorator.py
[2023-04-07 19:35:26,932] {processor.py:651} INFO - DAG(s) dict_keys(['example_branch_python_operator_decorator']) retrieved from /home/airflow/.local/lib/python3.7/site-packages/airflow/example_dags/example_branch_operator_decorator.py
[2023-04-07 19:35:26,950] {logging_mixin.py:115} INFO - [2023-04-07 19:35:26,950] {dag.py:2371} INFO - Sync 1 DAGs
[2023-04-07 19:35:26,962] {logging_mixin.py:115} INFO - [2023-04-07 19:35:26,962] {dag.py:2919} INFO - Setting next_dagrun for example_branch_python_operator_decorator to 2023-04-06T00:00:00+00:00, run_after=2023-04-07T00:00:00+00:00
[2023-04-07 19:35:26,970] {processor.py:161} INFO - Processing /home/airflow/.local/lib/python3.7/site-packages/airflow/example_dags/example_branch_operator_decorator.py took 0.052 seconds
[2023-04-07 19:35:57,219] {processor.py:153} INFO - Started process (PID=50504) to work on /home/airflow/.local/lib/python3.7/site-packages/airflow/example_dags/example_branch_operator_decorator.py
[2023-04-07 19:35:57,220] {processor.py:641} INFO - Processing file /home/airflow/.local/lib/python3.7/site-packages/airflow/example_dags/example_branch_operator_decorator.py for tasks to queue
[2023-04-07 19:35:57,221] {logging_mixin.py:115} INFO - [2023-04-07 19:35:57,221] {dagbag.py:507} INFO - Filling up the DagBag from /home/airflow/.local/lib/python3.7/site-packages/airflow/example_dags/example_branch_operator_decorator.py
[2023-04-07 19:35:57,233] {processor.py:651} INFO - DAG(s) dict_keys(['example_branch_python_operator_decorator']) retrieved from /home/airflow/.local/lib/python3.7/site-packages/airflow/example_dags/example_branch_operator_decorator.py
[2023-04-07 19:35:57,249] {logging_mixin.py:115} INFO - [2023-04-07 19:35:57,249] {dag.py:2371} INFO - Sync 1 DAGs
[2023-04-07 19:35:57,260] {logging_mixin.py:115} INFO - [2023-04-07 19:35:57,260] {dag.py:2919} INFO - Setting next_dagrun for example_branch_python_operator_decorator to 2023-04-06T00:00:00+00:00, run_after=2023-04-07T00:00:00+00:00
[2023-04-07 19:35:57,266] {processor.py:161} INFO - Processing /home/airflow/.local/lib/python3.7/site-packages/airflow/example_dags/example_branch_operator_decorator.py took 0.049 seconds
[2023-04-07 20:42:20,960] {processor.py:153} INFO - Started process (PID=50566) to work on /home/airflow/.local/lib/python3.7/site-packages/airflow/example_dags/example_branch_operator_decorator.py
[2023-04-07 20:42:20,961] {processor.py:641} INFO - Processing file /home/airflow/.local/lib/python3.7/site-packages/airflow/example_dags/example_branch_operator_decorator.py for tasks to queue
[2023-04-07 20:42:20,962] {logging_mixin.py:115} INFO - [2023-04-07 20:42:20,962] {dagbag.py:507} INFO - Filling up the DagBag from /home/airflow/.local/lib/python3.7/site-packages/airflow/example_dags/example_branch_operator_decorator.py
[2023-04-07 20:42:20,975] {processor.py:651} INFO - DAG(s) dict_keys(['example_branch_python_operator_decorator']) retrieved from /home/airflow/.local/lib/python3.7/site-packages/airflow/example_dags/example_branch_operator_decorator.py
[2023-04-07 20:42:20,996] {logging_mixin.py:115} INFO - [2023-04-07 20:42:20,996] {dag.py:2371} INFO - Sync 1 DAGs
[2023-04-07 20:42:21,009] {logging_mixin.py:115} INFO - [2023-04-07 20:42:21,009] {dag.py:2919} INFO - Setting next_dagrun for example_branch_python_operator_decorator to 2023-04-06T00:00:00+00:00, run_after=2023-04-07T00:00:00+00:00
[2023-04-07 20:42:21,015] {processor.py:161} INFO - Processing /home/airflow/.local/lib/python3.7/site-packages/airflow/example_dags/example_branch_operator_decorator.py took 0.059 seconds
[2023-04-07 21:32:25,210] {processor.py:153} INFO - Started process (PID=50619) to work on /home/airflow/.local/lib/python3.7/site-packages/airflow/example_dags/example_branch_operator_decorator.py
[2023-04-07 21:32:25,211] {processor.py:641} INFO - Processing file /home/airflow/.local/lib/python3.7/site-packages/airflow/example_dags/example_branch_operator_decorator.py for tasks to queue
[2023-04-07 21:32:25,211] {logging_mixin.py:115} INFO - [2023-04-07 21:32:25,211] {dagbag.py:507} INFO - Filling up the DagBag from /home/airflow/.local/lib/python3.7/site-packages/airflow/example_dags/example_branch_operator_decorator.py
[2023-04-07 21:32:25,221] {processor.py:651} INFO - DAG(s) dict_keys(['example_branch_python_operator_decorator']) retrieved from /home/airflow/.local/lib/python3.7/site-packages/airflow/example_dags/example_branch_operator_decorator.py
[2023-04-07 21:32:25,237] {logging_mixin.py:115} INFO - [2023-04-07 21:32:25,237] {dag.py:2371} INFO - Sync 1 DAGs
[2023-04-07 21:32:25,249] {logging_mixin.py:115} INFO - [2023-04-07 21:32:25,249] {dag.py:2919} INFO - Setting next_dagrun for example_branch_python_operator_decorator to 2023-04-06T00:00:00+00:00, run_after=2023-04-07T00:00:00+00:00
[2023-04-07 21:32:25,255] {processor.py:161} INFO - Processing /home/airflow/.local/lib/python3.7/site-packages/airflow/example_dags/example_branch_operator_decorator.py took 0.047 seconds
[2023-04-07 22:38:23,975] {processor.py:153} INFO - Started process (PID=50681) to work on /home/airflow/.local/lib/python3.7/site-packages/airflow/example_dags/example_branch_operator_decorator.py
[2023-04-07 22:38:23,976] {processor.py:641} INFO - Processing file /home/airflow/.local/lib/python3.7/site-packages/airflow/example_dags/example_branch_operator_decorator.py for tasks to queue
[2023-04-07 22:38:23,976] {logging_mixin.py:115} INFO - [2023-04-07 22:38:23,976] {dagbag.py:507} INFO - Filling up the DagBag from /home/airflow/.local/lib/python3.7/site-packages/airflow/example_dags/example_branch_operator_decorator.py
[2023-04-07 22:38:23,987] {processor.py:651} INFO - DAG(s) dict_keys(['example_branch_python_operator_decorator']) retrieved from /home/airflow/.local/lib/python3.7/site-packages/airflow/example_dags/example_branch_operator_decorator.py
[2023-04-07 22:38:24,006] {logging_mixin.py:115} INFO - [2023-04-07 22:38:24,006] {dag.py:2371} INFO - Sync 1 DAGs
[2023-04-07 22:38:24,018] {logging_mixin.py:115} INFO - [2023-04-07 22:38:24,018] {dag.py:2919} INFO - Setting next_dagrun for example_branch_python_operator_decorator to 2023-04-06T00:00:00+00:00, run_after=2023-04-07T00:00:00+00:00
[2023-04-07 22:38:24,024] {processor.py:161} INFO - Processing /home/airflow/.local/lib/python3.7/site-packages/airflow/example_dags/example_branch_operator_decorator.py took 0.051 seconds
