[2023-04-07 00:21:17,971] {processor.py:153} INFO - Started process (PID=49156) to work on /home/airflow/.local/lib/python3.7/site-packages/airflow/example_dags/example_skip_dag.py
[2023-04-07 00:21:17,973] {processor.py:641} INFO - Processing file /home/airflow/.local/lib/python3.7/site-packages/airflow/example_dags/example_skip_dag.py for tasks to queue
[2023-04-07 00:21:17,976] {logging_mixin.py:115} INFO - [2023-04-07 00:21:17,976] {dagbag.py:507} INFO - Filling up the DagBag from /home/airflow/.local/lib/python3.7/site-packages/airflow/example_dags/example_skip_dag.py
[2023-04-07 00:21:17,983] {processor.py:651} INFO - DAG(s) dict_keys(['example_skip_dag']) retrieved from /home/airflow/.local/lib/python3.7/site-packages/airflow/example_dags/example_skip_dag.py
[2023-04-07 00:21:18,041] {logging_mixin.py:115} INFO - [2023-04-07 00:21:18,040] {dag.py:2371} INFO - Sync 1 DAGs
[2023-04-07 00:21:18,076] {logging_mixin.py:115} INFO - [2023-04-07 00:21:18,076] {dag.py:2919} INFO - Setting next_dagrun for example_skip_dag to 2023-04-06T00:21:18.075798+00:00, run_after=2023-04-07T00:21:18.075798+00:00
[2023-04-07 00:21:18,089] {processor.py:161} INFO - Processing /home/airflow/.local/lib/python3.7/site-packages/airflow/example_dags/example_skip_dag.py took 0.122 seconds
[2023-04-07 01:26:27,293] {processor.py:153} INFO - Started process (PID=49218) to work on /home/airflow/.local/lib/python3.7/site-packages/airflow/example_dags/example_skip_dag.py
[2023-04-07 01:26:27,297] {processor.py:641} INFO - Processing file /home/airflow/.local/lib/python3.7/site-packages/airflow/example_dags/example_skip_dag.py for tasks to queue
[2023-04-07 01:26:27,298] {logging_mixin.py:115} INFO - [2023-04-07 01:26:27,298] {dagbag.py:507} INFO - Filling up the DagBag from /home/airflow/.local/lib/python3.7/site-packages/airflow/example_dags/example_skip_dag.py
[2023-04-07 01:26:27,304] {processor.py:651} INFO - DAG(s) dict_keys(['example_skip_dag']) retrieved from /home/airflow/.local/lib/python3.7/site-packages/airflow/example_dags/example_skip_dag.py
[2023-04-07 01:26:27,341] {logging_mixin.py:115} INFO - [2023-04-07 01:26:27,341] {dag.py:2371} INFO - Sync 1 DAGs
[2023-04-07 01:26:27,368] {logging_mixin.py:115} INFO - [2023-04-07 01:26:27,368] {dag.py:2919} INFO - Setting next_dagrun for example_skip_dag to 2023-04-06T01:26:27.368542+00:00, run_after=2023-04-07T01:26:27.368542+00:00
[2023-04-07 01:26:27,381] {processor.py:161} INFO - Processing /home/airflow/.local/lib/python3.7/site-packages/airflow/example_dags/example_skip_dag.py took 0.092 seconds
[2023-04-07 02:49:14,264] {processor.py:153} INFO - Started process (PID=49279) to work on /home/airflow/.local/lib/python3.7/site-packages/airflow/example_dags/example_skip_dag.py
[2023-04-07 02:49:14,265] {processor.py:641} INFO - Processing file /home/airflow/.local/lib/python3.7/site-packages/airflow/example_dags/example_skip_dag.py for tasks to queue
[2023-04-07 02:49:14,266] {logging_mixin.py:115} INFO - [2023-04-07 02:49:14,266] {dagbag.py:507} INFO - Filling up the DagBag from /home/airflow/.local/lib/python3.7/site-packages/airflow/example_dags/example_skip_dag.py
[2023-04-07 02:49:14,275] {processor.py:651} INFO - DAG(s) dict_keys(['example_skip_dag']) retrieved from /home/airflow/.local/lib/python3.7/site-packages/airflow/example_dags/example_skip_dag.py
[2023-04-07 02:49:14,313] {logging_mixin.py:115} INFO - [2023-04-07 02:49:14,313] {dag.py:2371} INFO - Sync 1 DAGs
[2023-04-07 02:49:14,332] {logging_mixin.py:115} INFO - [2023-04-07 02:49:14,331] {dag.py:2919} INFO - Setting next_dagrun for example_skip_dag to 2023-04-06T02:49:14.331768+00:00, run_after=2023-04-07T02:49:14.331768+00:00
[2023-04-07 02:49:14,341] {processor.py:161} INFO - Processing /home/airflow/.local/lib/python3.7/site-packages/airflow/example_dags/example_skip_dag.py took 0.080 seconds
[2023-04-07 02:55:41,471] {processor.py:153} INFO - Started process (PID=49341) to work on /home/airflow/.local/lib/python3.7/site-packages/airflow/example_dags/example_skip_dag.py
[2023-04-07 02:55:41,472] {processor.py:641} INFO - Processing file /home/airflow/.local/lib/python3.7/site-packages/airflow/example_dags/example_skip_dag.py for tasks to queue
[2023-04-07 02:55:41,472] {logging_mixin.py:115} INFO - [2023-04-07 02:55:41,472] {dagbag.py:507} INFO - Filling up the DagBag from /home/airflow/.local/lib/python3.7/site-packages/airflow/example_dags/example_skip_dag.py
[2023-04-07 02:55:41,476] {processor.py:651} INFO - DAG(s) dict_keys(['example_skip_dag']) retrieved from /home/airflow/.local/lib/python3.7/site-packages/airflow/example_dags/example_skip_dag.py
[2023-04-07 02:55:41,513] {logging_mixin.py:115} INFO - [2023-04-07 02:55:41,513] {dag.py:2371} INFO - Sync 1 DAGs
[2023-04-07 02:55:41,539] {logging_mixin.py:115} INFO - [2023-04-07 02:55:41,539] {dag.py:2919} INFO - Setting next_dagrun for example_skip_dag to 2023-04-06T02:55:41.539658+00:00, run_after=2023-04-07T02:55:41.539658+00:00
[2023-04-07 02:55:41,551] {processor.py:161} INFO - Processing /home/airflow/.local/lib/python3.7/site-packages/airflow/example_dags/example_skip_dag.py took 0.083 seconds
[2023-04-07 03:13:42,155] {processor.py:153} INFO - Started process (PID=49394) to work on /home/airflow/.local/lib/python3.7/site-packages/airflow/example_dags/example_skip_dag.py
[2023-04-07 03:13:42,159] {processor.py:641} INFO - Processing file /home/airflow/.local/lib/python3.7/site-packages/airflow/example_dags/example_skip_dag.py for tasks to queue
[2023-04-07 03:13:42,162] {logging_mixin.py:115} INFO - [2023-04-07 03:13:42,162] {dagbag.py:507} INFO - Filling up the DagBag from /home/airflow/.local/lib/python3.7/site-packages/airflow/example_dags/example_skip_dag.py
[2023-04-07 03:13:42,170] {processor.py:651} INFO - DAG(s) dict_keys(['example_skip_dag']) retrieved from /home/airflow/.local/lib/python3.7/site-packages/airflow/example_dags/example_skip_dag.py
[2023-04-07 03:13:42,204] {logging_mixin.py:115} INFO - [2023-04-07 03:13:42,204] {dag.py:2371} INFO - Sync 1 DAGs
[2023-04-07 03:13:42,219] {logging_mixin.py:115} INFO - [2023-04-07 03:13:42,219] {dag.py:2919} INFO - Setting next_dagrun for example_skip_dag to 2023-04-06T03:13:42.219178+00:00, run_after=2023-04-07T03:13:42.219178+00:00
[2023-04-07 03:13:42,229] {processor.py:161} INFO - Processing /home/airflow/.local/lib/python3.7/site-packages/airflow/example_dags/example_skip_dag.py took 0.080 seconds
[2023-04-07 04:35:07,455] {processor.py:153} INFO - Started process (PID=49456) to work on /home/airflow/.local/lib/python3.7/site-packages/airflow/example_dags/example_skip_dag.py
[2023-04-07 04:35:07,459] {processor.py:641} INFO - Processing file /home/airflow/.local/lib/python3.7/site-packages/airflow/example_dags/example_skip_dag.py for tasks to queue
[2023-04-07 04:35:07,460] {logging_mixin.py:115} INFO - [2023-04-07 04:35:07,460] {dagbag.py:507} INFO - Filling up the DagBag from /home/airflow/.local/lib/python3.7/site-packages/airflow/example_dags/example_skip_dag.py
[2023-04-07 04:35:07,464] {processor.py:651} INFO - DAG(s) dict_keys(['example_skip_dag']) retrieved from /home/airflow/.local/lib/python3.7/site-packages/airflow/example_dags/example_skip_dag.py
[2023-04-07 04:35:07,534] {logging_mixin.py:115} INFO - [2023-04-07 04:35:07,534] {dag.py:2371} INFO - Sync 1 DAGs
[2023-04-07 04:35:07,554] {logging_mixin.py:115} INFO - [2023-04-07 04:35:07,554] {dag.py:2919} INFO - Setting next_dagrun for example_skip_dag to 2023-04-06T04:35:07.554452+00:00, run_after=2023-04-07T04:35:07.554452+00:00
[2023-04-07 04:35:07,580] {processor.py:161} INFO - Processing /home/airflow/.local/lib/python3.7/site-packages/airflow/example_dags/example_skip_dag.py took 0.129 seconds
[2023-04-07 05:44:22,447] {processor.py:153} INFO - Started process (PID=49518) to work on /home/airflow/.local/lib/python3.7/site-packages/airflow/example_dags/example_skip_dag.py
[2023-04-07 05:44:22,448] {processor.py:641} INFO - Processing file /home/airflow/.local/lib/python3.7/site-packages/airflow/example_dags/example_skip_dag.py for tasks to queue
[2023-04-07 05:44:22,448] {logging_mixin.py:115} INFO - [2023-04-07 05:44:22,448] {dagbag.py:507} INFO - Filling up the DagBag from /home/airflow/.local/lib/python3.7/site-packages/airflow/example_dags/example_skip_dag.py
[2023-04-07 05:44:22,453] {processor.py:651} INFO - DAG(s) dict_keys(['example_skip_dag']) retrieved from /home/airflow/.local/lib/python3.7/site-packages/airflow/example_dags/example_skip_dag.py
[2023-04-07 05:44:22,478] {logging_mixin.py:115} INFO - [2023-04-07 05:44:22,477] {dag.py:2371} INFO - Sync 1 DAGs
[2023-04-07 05:44:22,492] {logging_mixin.py:115} INFO - [2023-04-07 05:44:22,491] {dag.py:2919} INFO - Setting next_dagrun for example_skip_dag to 2023-04-06T05:44:22.491759+00:00, run_after=2023-04-07T05:44:22.491759+00:00
[2023-04-07 05:44:22,500] {processor.py:161} INFO - Processing /home/airflow/.local/lib/python3.7/site-packages/airflow/example_dags/example_skip_dag.py took 0.056 seconds
[2023-04-07 06:47:43,710] {processor.py:153} INFO - Started process (PID=49580) to work on /home/airflow/.local/lib/python3.7/site-packages/airflow/example_dags/example_skip_dag.py
[2023-04-07 06:47:43,711] {processor.py:641} INFO - Processing file /home/airflow/.local/lib/python3.7/site-packages/airflow/example_dags/example_skip_dag.py for tasks to queue
[2023-04-07 06:47:43,711] {logging_mixin.py:115} INFO - [2023-04-07 06:47:43,711] {dagbag.py:507} INFO - Filling up the DagBag from /home/airflow/.local/lib/python3.7/site-packages/airflow/example_dags/example_skip_dag.py
[2023-04-07 06:47:43,714] {processor.py:651} INFO - DAG(s) dict_keys(['example_skip_dag']) retrieved from /home/airflow/.local/lib/python3.7/site-packages/airflow/example_dags/example_skip_dag.py
[2023-04-07 06:47:43,732] {logging_mixin.py:115} INFO - [2023-04-07 06:47:43,732] {dag.py:2371} INFO - Sync 1 DAGs
[2023-04-07 06:47:43,743] {logging_mixin.py:115} INFO - [2023-04-07 06:47:43,743] {dag.py:2919} INFO - Setting next_dagrun for example_skip_dag to 2023-04-06T06:47:43.742986+00:00, run_after=2023-04-07T06:47:43.742986+00:00
[2023-04-07 06:47:43,748] {processor.py:161} INFO - Processing /home/airflow/.local/lib/python3.7/site-packages/airflow/example_dags/example_skip_dag.py took 0.040 seconds
[2023-04-07 08:10:37,397] {processor.py:153} INFO - Started process (PID=49641) to work on /home/airflow/.local/lib/python3.7/site-packages/airflow/example_dags/example_skip_dag.py
[2023-04-07 08:10:37,398] {processor.py:641} INFO - Processing file /home/airflow/.local/lib/python3.7/site-packages/airflow/example_dags/example_skip_dag.py for tasks to queue
[2023-04-07 08:10:37,398] {logging_mixin.py:115} INFO - [2023-04-07 08:10:37,398] {dagbag.py:507} INFO - Filling up the DagBag from /home/airflow/.local/lib/python3.7/site-packages/airflow/example_dags/example_skip_dag.py
[2023-04-07 08:10:37,403] {processor.py:651} INFO - DAG(s) dict_keys(['example_skip_dag']) retrieved from /home/airflow/.local/lib/python3.7/site-packages/airflow/example_dags/example_skip_dag.py
[2023-04-07 08:10:37,451] {logging_mixin.py:115} INFO - [2023-04-07 08:10:37,451] {dag.py:2371} INFO - Sync 1 DAGs
[2023-04-07 08:10:37,488] {logging_mixin.py:115} INFO - [2023-04-07 08:10:37,488] {dag.py:2919} INFO - Setting next_dagrun for example_skip_dag to 2023-04-06T08:10:37.488470+00:00, run_after=2023-04-07T08:10:37.488470+00:00
[2023-04-07 08:10:37,506] {processor.py:161} INFO - Processing /home/airflow/.local/lib/python3.7/site-packages/airflow/example_dags/example_skip_dag.py took 0.112 seconds
[2023-04-07 09:16:46,730] {processor.py:153} INFO - Started process (PID=49694) to work on /home/airflow/.local/lib/python3.7/site-packages/airflow/example_dags/example_skip_dag.py
[2023-04-07 09:16:46,732] {processor.py:641} INFO - Processing file /home/airflow/.local/lib/python3.7/site-packages/airflow/example_dags/example_skip_dag.py for tasks to queue
[2023-04-07 09:16:46,734] {logging_mixin.py:115} INFO - [2023-04-07 09:16:46,734] {dagbag.py:507} INFO - Filling up the DagBag from /home/airflow/.local/lib/python3.7/site-packages/airflow/example_dags/example_skip_dag.py
[2023-04-07 09:16:46,755] {processor.py:651} INFO - DAG(s) dict_keys(['example_skip_dag']) retrieved from /home/airflow/.local/lib/python3.7/site-packages/airflow/example_dags/example_skip_dag.py
[2023-04-07 09:16:46,808] {logging_mixin.py:115} INFO - [2023-04-07 09:16:46,808] {dag.py:2371} INFO - Sync 1 DAGs
[2023-04-07 09:16:46,847] {logging_mixin.py:115} INFO - [2023-04-07 09:16:46,847] {dag.py:2919} INFO - Setting next_dagrun for example_skip_dag to 2023-04-06T09:16:46.837377+00:00, run_after=2023-04-07T09:16:46.837377+00:00
[2023-04-07 09:16:46,866] {processor.py:161} INFO - Processing /home/airflow/.local/lib/python3.7/site-packages/airflow/example_dags/example_skip_dag.py took 0.140 seconds
[2023-04-07 10:24:57,957] {processor.py:153} INFO - Started process (PID=49756) to work on /home/airflow/.local/lib/python3.7/site-packages/airflow/example_dags/example_skip_dag.py
[2023-04-07 10:24:57,958] {processor.py:641} INFO - Processing file /home/airflow/.local/lib/python3.7/site-packages/airflow/example_dags/example_skip_dag.py for tasks to queue
[2023-04-07 10:24:57,958] {logging_mixin.py:115} INFO - [2023-04-07 10:24:57,958] {dagbag.py:507} INFO - Filling up the DagBag from /home/airflow/.local/lib/python3.7/site-packages/airflow/example_dags/example_skip_dag.py
[2023-04-07 10:24:57,962] {processor.py:651} INFO - DAG(s) dict_keys(['example_skip_dag']) retrieved from /home/airflow/.local/lib/python3.7/site-packages/airflow/example_dags/example_skip_dag.py
[2023-04-07 10:24:57,982] {logging_mixin.py:115} INFO - [2023-04-07 10:24:57,982] {dag.py:2371} INFO - Sync 1 DAGs
[2023-04-07 10:24:57,994] {logging_mixin.py:115} INFO - [2023-04-07 10:24:57,994] {dag.py:2919} INFO - Setting next_dagrun for example_skip_dag to 2023-04-06T10:24:57.994004+00:00, run_after=2023-04-07T10:24:57.994004+00:00
[2023-04-07 10:24:57,999] {processor.py:161} INFO - Processing /home/airflow/.local/lib/python3.7/site-packages/airflow/example_dags/example_skip_dag.py took 0.045 seconds
[2023-04-07 11:08:32,729] {processor.py:153} INFO - Started process (PID=49818) to work on /home/airflow/.local/lib/python3.7/site-packages/airflow/example_dags/example_skip_dag.py
[2023-04-07 11:08:32,733] {processor.py:641} INFO - Processing file /home/airflow/.local/lib/python3.7/site-packages/airflow/example_dags/example_skip_dag.py for tasks to queue
[2023-04-07 11:08:32,733] {logging_mixin.py:115} INFO - [2023-04-07 11:08:32,733] {dagbag.py:507} INFO - Filling up the DagBag from /home/airflow/.local/lib/python3.7/site-packages/airflow/example_dags/example_skip_dag.py
[2023-04-07 11:08:32,737] {processor.py:651} INFO - DAG(s) dict_keys(['example_skip_dag']) retrieved from /home/airflow/.local/lib/python3.7/site-packages/airflow/example_dags/example_skip_dag.py
[2023-04-07 11:08:32,768] {logging_mixin.py:115} INFO - [2023-04-07 11:08:32,768] {dag.py:2371} INFO - Sync 1 DAGs
[2023-04-07 11:08:32,786] {logging_mixin.py:115} INFO - [2023-04-07 11:08:32,786] {dag.py:2919} INFO - Setting next_dagrun for example_skip_dag to 2023-04-06T11:08:32.785690+00:00, run_after=2023-04-07T11:08:32.785690+00:00
[2023-04-07 11:08:32,804] {processor.py:161} INFO - Processing /home/airflow/.local/lib/python3.7/site-packages/airflow/example_dags/example_skip_dag.py took 0.078 seconds
[2023-04-07 11:09:03,783] {processor.py:153} INFO - Started process (PID=49880) to work on /home/airflow/.local/lib/python3.7/site-packages/airflow/example_dags/example_skip_dag.py
[2023-04-07 11:09:03,784] {processor.py:641} INFO - Processing file /home/airflow/.local/lib/python3.7/site-packages/airflow/example_dags/example_skip_dag.py for tasks to queue
[2023-04-07 11:09:03,785] {logging_mixin.py:115} INFO - [2023-04-07 11:09:03,784] {dagbag.py:507} INFO - Filling up the DagBag from /home/airflow/.local/lib/python3.7/site-packages/airflow/example_dags/example_skip_dag.py
[2023-04-07 11:09:03,788] {processor.py:651} INFO - DAG(s) dict_keys(['example_skip_dag']) retrieved from /home/airflow/.local/lib/python3.7/site-packages/airflow/example_dags/example_skip_dag.py
[2023-04-07 11:09:03,805] {logging_mixin.py:115} INFO - [2023-04-07 11:09:03,805] {dag.py:2371} INFO - Sync 1 DAGs
[2023-04-07 11:09:03,816] {logging_mixin.py:115} INFO - [2023-04-07 11:09:03,816] {dag.py:2919} INFO - Setting next_dagrun for example_skip_dag to 2023-04-06T11:09:03.816039+00:00, run_after=2023-04-07T11:09:03.816039+00:00
[2023-04-07 11:09:03,821] {processor.py:161} INFO - Processing /home/airflow/.local/lib/python3.7/site-packages/airflow/example_dags/example_skip_dag.py took 0.040 seconds
[2023-04-07 12:29:45,721] {processor.py:153} INFO - Started process (PID=49934) to work on /home/airflow/.local/lib/python3.7/site-packages/airflow/example_dags/example_skip_dag.py
[2023-04-07 12:29:45,724] {processor.py:641} INFO - Processing file /home/airflow/.local/lib/python3.7/site-packages/airflow/example_dags/example_skip_dag.py for tasks to queue
[2023-04-07 12:29:45,725] {logging_mixin.py:115} INFO - [2023-04-07 12:29:45,725] {dagbag.py:507} INFO - Filling up the DagBag from /home/airflow/.local/lib/python3.7/site-packages/airflow/example_dags/example_skip_dag.py
[2023-04-07 12:29:45,730] {processor.py:651} INFO - DAG(s) dict_keys(['example_skip_dag']) retrieved from /home/airflow/.local/lib/python3.7/site-packages/airflow/example_dags/example_skip_dag.py
[2023-04-07 12:29:45,778] {logging_mixin.py:115} INFO - [2023-04-07 12:29:45,778] {dag.py:2371} INFO - Sync 1 DAGs
[2023-04-07 12:29:45,800] {logging_mixin.py:115} INFO - [2023-04-07 12:29:45,800] {dag.py:2919} INFO - Setting next_dagrun for example_skip_dag to 2023-04-06T12:29:45.800176+00:00, run_after=2023-04-07T12:29:45.800176+00:00
[2023-04-07 12:29:45,811] {processor.py:161} INFO - Processing /home/airflow/.local/lib/python3.7/site-packages/airflow/example_dags/example_skip_dag.py took 0.093 seconds
[2023-04-07 13:38:13,291] {processor.py:153} INFO - Started process (PID=49995) to work on /home/airflow/.local/lib/python3.7/site-packages/airflow/example_dags/example_skip_dag.py
[2023-04-07 13:38:13,294] {processor.py:641} INFO - Processing file /home/airflow/.local/lib/python3.7/site-packages/airflow/example_dags/example_skip_dag.py for tasks to queue
[2023-04-07 13:38:13,295] {logging_mixin.py:115} INFO - [2023-04-07 13:38:13,295] {dagbag.py:507} INFO - Filling up the DagBag from /home/airflow/.local/lib/python3.7/site-packages/airflow/example_dags/example_skip_dag.py
[2023-04-07 13:38:13,303] {processor.py:651} INFO - DAG(s) dict_keys(['example_skip_dag']) retrieved from /home/airflow/.local/lib/python3.7/site-packages/airflow/example_dags/example_skip_dag.py
[2023-04-07 13:38:13,368] {logging_mixin.py:115} INFO - [2023-04-07 13:38:13,368] {dag.py:2371} INFO - Sync 1 DAGs
[2023-04-07 13:38:13,391] {logging_mixin.py:115} INFO - [2023-04-07 13:38:13,391] {dag.py:2919} INFO - Setting next_dagrun for example_skip_dag to 2023-04-06T13:38:13.391182+00:00, run_after=2023-04-07T13:38:13.391182+00:00
[2023-04-07 13:38:13,407] {processor.py:161} INFO - Processing /home/airflow/.local/lib/python3.7/site-packages/airflow/example_dags/example_skip_dag.py took 0.119 seconds
[2023-04-07 14:43:43,584] {processor.py:153} INFO - Started process (PID=50058) to work on /home/airflow/.local/lib/python3.7/site-packages/airflow/example_dags/example_skip_dag.py
[2023-04-07 14:43:43,588] {processor.py:641} INFO - Processing file /home/airflow/.local/lib/python3.7/site-packages/airflow/example_dags/example_skip_dag.py for tasks to queue
[2023-04-07 14:43:43,589] {logging_mixin.py:115} INFO - [2023-04-07 14:43:43,589] {dagbag.py:507} INFO - Filling up the DagBag from /home/airflow/.local/lib/python3.7/site-packages/airflow/example_dags/example_skip_dag.py
[2023-04-07 14:43:43,602] {processor.py:651} INFO - DAG(s) dict_keys(['example_skip_dag']) retrieved from /home/airflow/.local/lib/python3.7/site-packages/airflow/example_dags/example_skip_dag.py
[2023-04-07 14:43:43,648] {logging_mixin.py:115} INFO - [2023-04-07 14:43:43,648] {dag.py:2371} INFO - Sync 1 DAGs
[2023-04-07 14:43:43,666] {logging_mixin.py:115} INFO - [2023-04-07 14:43:43,666] {dag.py:2919} INFO - Setting next_dagrun for example_skip_dag to 2023-04-06T14:43:43.666063+00:00, run_after=2023-04-07T14:43:43.666063+00:00
[2023-04-07 14:43:43,676] {processor.py:161} INFO - Processing /home/airflow/.local/lib/python3.7/site-packages/airflow/example_dags/example_skip_dag.py took 0.095 seconds
[2023-04-07 16:07:12,755] {processor.py:153} INFO - Started process (PID=50119) to work on /home/airflow/.local/lib/python3.7/site-packages/airflow/example_dags/example_skip_dag.py
[2023-04-07 16:07:12,757] {processor.py:641} INFO - Processing file /home/airflow/.local/lib/python3.7/site-packages/airflow/example_dags/example_skip_dag.py for tasks to queue
[2023-04-07 16:07:12,757] {logging_mixin.py:115} INFO - [2023-04-07 16:07:12,757] {dagbag.py:507} INFO - Filling up the DagBag from /home/airflow/.local/lib/python3.7/site-packages/airflow/example_dags/example_skip_dag.py
[2023-04-07 16:07:12,768] {processor.py:651} INFO - DAG(s) dict_keys(['example_skip_dag']) retrieved from /home/airflow/.local/lib/python3.7/site-packages/airflow/example_dags/example_skip_dag.py
[2023-04-07 16:07:12,809] {logging_mixin.py:115} INFO - [2023-04-07 16:07:12,809] {dag.py:2371} INFO - Sync 1 DAGs
[2023-04-07 16:07:12,831] {logging_mixin.py:115} INFO - [2023-04-07 16:07:12,830] {dag.py:2919} INFO - Setting next_dagrun for example_skip_dag to 2023-04-06T16:07:12.830664+00:00, run_after=2023-04-07T16:07:12.830664+00:00
[2023-04-07 16:07:12,842] {processor.py:161} INFO - Processing /home/airflow/.local/lib/python3.7/site-packages/airflow/example_dags/example_skip_dag.py took 0.090 seconds
[2023-04-07 17:10:58,144] {processor.py:153} INFO - Started process (PID=50181) to work on /home/airflow/.local/lib/python3.7/site-packages/airflow/example_dags/example_skip_dag.py
[2023-04-07 17:10:58,147] {processor.py:641} INFO - Processing file /home/airflow/.local/lib/python3.7/site-packages/airflow/example_dags/example_skip_dag.py for tasks to queue
[2023-04-07 17:10:58,148] {logging_mixin.py:115} INFO - [2023-04-07 17:10:58,148] {dagbag.py:507} INFO - Filling up the DagBag from /home/airflow/.local/lib/python3.7/site-packages/airflow/example_dags/example_skip_dag.py
[2023-04-07 17:10:58,153] {processor.py:651} INFO - DAG(s) dict_keys(['example_skip_dag']) retrieved from /home/airflow/.local/lib/python3.7/site-packages/airflow/example_dags/example_skip_dag.py
[2023-04-07 17:10:58,199] {logging_mixin.py:115} INFO - [2023-04-07 17:10:58,199] {dag.py:2371} INFO - Sync 1 DAGs
[2023-04-07 17:10:58,226] {logging_mixin.py:115} INFO - [2023-04-07 17:10:58,226] {dag.py:2919} INFO - Setting next_dagrun for example_skip_dag to 2023-04-06T17:10:58.226553+00:00, run_after=2023-04-07T17:10:58.226553+00:00
[2023-04-07 17:10:58,250] {processor.py:161} INFO - Processing /home/airflow/.local/lib/python3.7/site-packages/airflow/example_dags/example_skip_dag.py took 0.110 seconds
[2023-04-07 18:18:11,446] {processor.py:153} INFO - Started process (PID=50234) to work on /home/airflow/.local/lib/python3.7/site-packages/airflow/example_dags/example_skip_dag.py
[2023-04-07 18:18:11,450] {processor.py:641} INFO - Processing file /home/airflow/.local/lib/python3.7/site-packages/airflow/example_dags/example_skip_dag.py for tasks to queue
[2023-04-07 18:18:11,455] {logging_mixin.py:115} INFO - [2023-04-07 18:18:11,455] {dagbag.py:507} INFO - Filling up the DagBag from /home/airflow/.local/lib/python3.7/site-packages/airflow/example_dags/example_skip_dag.py
[2023-04-07 18:18:11,463] {processor.py:651} INFO - DAG(s) dict_keys(['example_skip_dag']) retrieved from /home/airflow/.local/lib/python3.7/site-packages/airflow/example_dags/example_skip_dag.py
[2023-04-07 18:18:11,505] {logging_mixin.py:115} INFO - [2023-04-07 18:18:11,504] {dag.py:2371} INFO - Sync 1 DAGs
[2023-04-07 18:18:11,534] {logging_mixin.py:115} INFO - [2023-04-07 18:18:11,534] {dag.py:2919} INFO - Setting next_dagrun for example_skip_dag to 2023-04-06T18:18:11.534600+00:00, run_after=2023-04-07T18:18:11.534600+00:00
[2023-04-07 18:18:11,545] {processor.py:161} INFO - Processing /home/airflow/.local/lib/python3.7/site-packages/airflow/example_dags/example_skip_dag.py took 0.108 seconds
[2023-04-07 19:21:17,391] {processor.py:153} INFO - Started process (PID=50295) to work on /home/airflow/.local/lib/python3.7/site-packages/airflow/example_dags/example_skip_dag.py
[2023-04-07 19:21:17,393] {processor.py:641} INFO - Processing file /home/airflow/.local/lib/python3.7/site-packages/airflow/example_dags/example_skip_dag.py for tasks to queue
[2023-04-07 19:21:17,396] {logging_mixin.py:115} INFO - [2023-04-07 19:21:17,396] {dagbag.py:507} INFO - Filling up the DagBag from /home/airflow/.local/lib/python3.7/site-packages/airflow/example_dags/example_skip_dag.py
[2023-04-07 19:21:17,404] {processor.py:651} INFO - DAG(s) dict_keys(['example_skip_dag']) retrieved from /home/airflow/.local/lib/python3.7/site-packages/airflow/example_dags/example_skip_dag.py
[2023-04-07 19:21:17,462] {logging_mixin.py:115} INFO - [2023-04-07 19:21:17,462] {dag.py:2371} INFO - Sync 1 DAGs
[2023-04-07 19:21:17,482] {logging_mixin.py:115} INFO - [2023-04-07 19:21:17,482] {dag.py:2919} INFO - Setting next_dagrun for example_skip_dag to 2023-04-06T19:21:17.481761+00:00, run_after=2023-04-07T19:21:17.481761+00:00
[2023-04-07 19:21:17,497] {processor.py:161} INFO - Processing /home/airflow/.local/lib/python3.7/site-packages/airflow/example_dags/example_skip_dag.py took 0.111 seconds
[2023-04-07 19:21:47,925] {processor.py:153} INFO - Started process (PID=50357) to work on /home/airflow/.local/lib/python3.7/site-packages/airflow/example_dags/example_skip_dag.py
[2023-04-07 19:21:47,926] {processor.py:641} INFO - Processing file /home/airflow/.local/lib/python3.7/site-packages/airflow/example_dags/example_skip_dag.py for tasks to queue
[2023-04-07 19:21:47,926] {logging_mixin.py:115} INFO - [2023-04-07 19:21:47,926] {dagbag.py:507} INFO - Filling up the DagBag from /home/airflow/.local/lib/python3.7/site-packages/airflow/example_dags/example_skip_dag.py
[2023-04-07 19:21:47,930] {processor.py:651} INFO - DAG(s) dict_keys(['example_skip_dag']) retrieved from /home/airflow/.local/lib/python3.7/site-packages/airflow/example_dags/example_skip_dag.py
[2023-04-07 19:21:47,947] {logging_mixin.py:115} INFO - [2023-04-07 19:21:47,947] {dag.py:2371} INFO - Sync 1 DAGs
[2023-04-07 19:21:47,958] {logging_mixin.py:115} INFO - [2023-04-07 19:21:47,958] {dag.py:2919} INFO - Setting next_dagrun for example_skip_dag to 2023-04-06T19:21:47.958421+00:00, run_after=2023-04-07T19:21:47.958421+00:00
[2023-04-07 19:21:47,965] {processor.py:161} INFO - Processing /home/airflow/.local/lib/python3.7/site-packages/airflow/example_dags/example_skip_dag.py took 0.043 seconds
[2023-04-07 19:35:25,516] {processor.py:153} INFO - Started process (PID=50416) to work on /home/airflow/.local/lib/python3.7/site-packages/airflow/example_dags/example_skip_dag.py
[2023-04-07 19:35:25,521] {processor.py:641} INFO - Processing file /home/airflow/.local/lib/python3.7/site-packages/airflow/example_dags/example_skip_dag.py for tasks to queue
[2023-04-07 19:35:25,522] {logging_mixin.py:115} INFO - [2023-04-07 19:35:25,522] {dagbag.py:507} INFO - Filling up the DagBag from /home/airflow/.local/lib/python3.7/site-packages/airflow/example_dags/example_skip_dag.py
[2023-04-07 19:35:25,527] {processor.py:651} INFO - DAG(s) dict_keys(['example_skip_dag']) retrieved from /home/airflow/.local/lib/python3.7/site-packages/airflow/example_dags/example_skip_dag.py
[2023-04-07 19:35:25,582] {logging_mixin.py:115} INFO - [2023-04-07 19:35:25,582] {dag.py:2371} INFO - Sync 1 DAGs
[2023-04-07 19:35:25,611] {logging_mixin.py:115} INFO - [2023-04-07 19:35:25,610] {dag.py:2919} INFO - Setting next_dagrun for example_skip_dag to 2023-04-06T19:35:25.610667+00:00, run_after=2023-04-07T19:35:25.610667+00:00
[2023-04-07 19:35:25,626] {processor.py:161} INFO - Processing /home/airflow/.local/lib/python3.7/site-packages/airflow/example_dags/example_skip_dag.py took 0.115 seconds
[2023-04-07 19:35:56,368] {processor.py:153} INFO - Started process (PID=50479) to work on /home/airflow/.local/lib/python3.7/site-packages/airflow/example_dags/example_skip_dag.py
[2023-04-07 19:35:56,369] {processor.py:641} INFO - Processing file /home/airflow/.local/lib/python3.7/site-packages/airflow/example_dags/example_skip_dag.py for tasks to queue
[2023-04-07 19:35:56,369] {logging_mixin.py:115} INFO - [2023-04-07 19:35:56,369] {dagbag.py:507} INFO - Filling up the DagBag from /home/airflow/.local/lib/python3.7/site-packages/airflow/example_dags/example_skip_dag.py
[2023-04-07 19:35:56,373] {processor.py:651} INFO - DAG(s) dict_keys(['example_skip_dag']) retrieved from /home/airflow/.local/lib/python3.7/site-packages/airflow/example_dags/example_skip_dag.py
[2023-04-07 19:35:56,398] {logging_mixin.py:115} INFO - [2023-04-07 19:35:56,398] {dag.py:2371} INFO - Sync 1 DAGs
[2023-04-07 19:35:56,410] {logging_mixin.py:115} INFO - [2023-04-07 19:35:56,410] {dag.py:2919} INFO - Setting next_dagrun for example_skip_dag to 2023-04-06T19:35:56.410321+00:00, run_after=2023-04-07T19:35:56.410321+00:00
[2023-04-07 19:35:56,417] {processor.py:161} INFO - Processing /home/airflow/.local/lib/python3.7/site-packages/airflow/example_dags/example_skip_dag.py took 0.051 seconds
[2023-04-07 20:42:19,801] {processor.py:153} INFO - Started process (PID=50532) to work on /home/airflow/.local/lib/python3.7/site-packages/airflow/example_dags/example_skip_dag.py
[2023-04-07 20:42:19,805] {processor.py:641} INFO - Processing file /home/airflow/.local/lib/python3.7/site-packages/airflow/example_dags/example_skip_dag.py for tasks to queue
[2023-04-07 20:42:19,806] {logging_mixin.py:115} INFO - [2023-04-07 20:42:19,806] {dagbag.py:507} INFO - Filling up the DagBag from /home/airflow/.local/lib/python3.7/site-packages/airflow/example_dags/example_skip_dag.py
[2023-04-07 20:42:19,810] {processor.py:651} INFO - DAG(s) dict_keys(['example_skip_dag']) retrieved from /home/airflow/.local/lib/python3.7/site-packages/airflow/example_dags/example_skip_dag.py
[2023-04-07 20:42:19,852] {logging_mixin.py:115} INFO - [2023-04-07 20:42:19,852] {dag.py:2371} INFO - Sync 1 DAGs
[2023-04-07 20:42:19,875] {logging_mixin.py:115} INFO - [2023-04-07 20:42:19,875] {dag.py:2919} INFO - Setting next_dagrun for example_skip_dag to 2023-04-06T20:42:19.875449+00:00, run_after=2023-04-07T20:42:19.875449+00:00
[2023-04-07 20:42:19,888] {processor.py:161} INFO - Processing /home/airflow/.local/lib/python3.7/site-packages/airflow/example_dags/example_skip_dag.py took 0.090 seconds
[2023-04-07 21:32:23,860] {processor.py:153} INFO - Started process (PID=50594) to work on /home/airflow/.local/lib/python3.7/site-packages/airflow/example_dags/example_skip_dag.py
[2023-04-07 21:32:23,864] {processor.py:641} INFO - Processing file /home/airflow/.local/lib/python3.7/site-packages/airflow/example_dags/example_skip_dag.py for tasks to queue
[2023-04-07 21:32:23,867] {logging_mixin.py:115} INFO - [2023-04-07 21:32:23,867] {dagbag.py:507} INFO - Filling up the DagBag from /home/airflow/.local/lib/python3.7/site-packages/airflow/example_dags/example_skip_dag.py
[2023-04-07 21:32:23,877] {processor.py:651} INFO - DAG(s) dict_keys(['example_skip_dag']) retrieved from /home/airflow/.local/lib/python3.7/site-packages/airflow/example_dags/example_skip_dag.py
[2023-04-07 21:32:23,943] {logging_mixin.py:115} INFO - [2023-04-07 21:32:23,943] {dag.py:2371} INFO - Sync 1 DAGs
[2023-04-07 21:32:23,964] {logging_mixin.py:115} INFO - [2023-04-07 21:32:23,964] {dag.py:2919} INFO - Setting next_dagrun for example_skip_dag to 2023-04-06T21:32:23.964078+00:00, run_after=2023-04-07T21:32:23.964078+00:00
[2023-04-07 21:32:23,978] {processor.py:161} INFO - Processing /home/airflow/.local/lib/python3.7/site-packages/airflow/example_dags/example_skip_dag.py took 0.120 seconds
[2023-04-07 22:38:22,223] {processor.py:153} INFO - Started process (PID=50656) to work on /home/airflow/.local/lib/python3.7/site-packages/airflow/example_dags/example_skip_dag.py
[2023-04-07 22:38:22,227] {processor.py:641} INFO - Processing file /home/airflow/.local/lib/python3.7/site-packages/airflow/example_dags/example_skip_dag.py for tasks to queue
[2023-04-07 22:38:22,228] {logging_mixin.py:115} INFO - [2023-04-07 22:38:22,228] {dagbag.py:507} INFO - Filling up the DagBag from /home/airflow/.local/lib/python3.7/site-packages/airflow/example_dags/example_skip_dag.py
[2023-04-07 22:38:22,236] {processor.py:651} INFO - DAG(s) dict_keys(['example_skip_dag']) retrieved from /home/airflow/.local/lib/python3.7/site-packages/airflow/example_dags/example_skip_dag.py
[2023-04-07 22:38:22,296] {logging_mixin.py:115} INFO - [2023-04-07 22:38:22,296] {dag.py:2371} INFO - Sync 1 DAGs
[2023-04-07 22:38:22,321] {logging_mixin.py:115} INFO - [2023-04-07 22:38:22,321] {dag.py:2919} INFO - Setting next_dagrun for example_skip_dag to 2023-04-06T22:38:22.320700+00:00, run_after=2023-04-07T22:38:22.320700+00:00
[2023-04-07 22:38:22,333] {processor.py:161} INFO - Processing /home/airflow/.local/lib/python3.7/site-packages/airflow/example_dags/example_skip_dag.py took 0.113 seconds
