[2023-04-07 00:21:18,635] {processor.py:153} INFO - Started process (PID=49162) to work on /home/airflow/.local/lib/python3.7/site-packages/airflow/example_dags/example_xcom.py
[2023-04-07 00:21:18,637] {processor.py:641} INFO - Processing file /home/airflow/.local/lib/python3.7/site-packages/airflow/example_dags/example_xcom.py for tasks to queue
[2023-04-07 00:21:18,638] {logging_mixin.py:115} INFO - [2023-04-07 00:21:18,638] {dagbag.py:507} INFO - Filling up the DagBag from /home/airflow/.local/lib/python3.7/site-packages/airflow/example_dags/example_xcom.py
[2023-04-07 00:21:18,673] {processor.py:651} INFO - DAG(s) dict_keys(['example_xcom']) retrieved from /home/airflow/.local/lib/python3.7/site-packages/airflow/example_dags/example_xcom.py
[2023-04-07 00:21:18,763] {logging_mixin.py:115} INFO - [2023-04-07 00:21:18,763] {dag.py:2371} INFO - Sync 1 DAGs
[2023-04-07 00:21:18,793] {logging_mixin.py:115} INFO - [2023-04-07 00:21:18,793] {dag.py:2919} INFO - Setting next_dagrun for example_xcom to 2021-01-01T00:00:00+00:00, run_after=2021-01-01T00:00:00+00:00
[2023-04-07 00:21:18,810] {processor.py:161} INFO - Processing /home/airflow/.local/lib/python3.7/site-packages/airflow/example_dags/example_xcom.py took 0.186 seconds
[2023-04-07 01:26:27,876] {processor.py:153} INFO - Started process (PID=49224) to work on /home/airflow/.local/lib/python3.7/site-packages/airflow/example_dags/example_xcom.py
[2023-04-07 01:26:27,877] {processor.py:641} INFO - Processing file /home/airflow/.local/lib/python3.7/site-packages/airflow/example_dags/example_xcom.py for tasks to queue
[2023-04-07 01:26:27,877] {logging_mixin.py:115} INFO - [2023-04-07 01:26:27,877] {dagbag.py:507} INFO - Filling up the DagBag from /home/airflow/.local/lib/python3.7/site-packages/airflow/example_dags/example_xcom.py
[2023-04-07 01:26:27,900] {processor.py:651} INFO - DAG(s) dict_keys(['example_xcom']) retrieved from /home/airflow/.local/lib/python3.7/site-packages/airflow/example_dags/example_xcom.py
[2023-04-07 01:26:27,957] {logging_mixin.py:115} INFO - [2023-04-07 01:26:27,957] {dag.py:2371} INFO - Sync 1 DAGs
[2023-04-07 01:26:27,971] {logging_mixin.py:115} INFO - [2023-04-07 01:26:27,971] {dag.py:2919} INFO - Setting next_dagrun for example_xcom to 2021-01-01T00:00:00+00:00, run_after=2021-01-01T00:00:00+00:00
[2023-04-07 01:26:27,980] {processor.py:161} INFO - Processing /home/airflow/.local/lib/python3.7/site-packages/airflow/example_dags/example_xcom.py took 0.109 seconds
[2023-04-07 02:49:14,678] {processor.py:153} INFO - Started process (PID=49285) to work on /home/airflow/.local/lib/python3.7/site-packages/airflow/example_dags/example_xcom.py
[2023-04-07 02:49:14,679] {processor.py:641} INFO - Processing file /home/airflow/.local/lib/python3.7/site-packages/airflow/example_dags/example_xcom.py for tasks to queue
[2023-04-07 02:49:14,680] {logging_mixin.py:115} INFO - [2023-04-07 02:49:14,680] {dagbag.py:507} INFO - Filling up the DagBag from /home/airflow/.local/lib/python3.7/site-packages/airflow/example_dags/example_xcom.py
[2023-04-07 02:49:14,711] {processor.py:651} INFO - DAG(s) dict_keys(['example_xcom']) retrieved from /home/airflow/.local/lib/python3.7/site-packages/airflow/example_dags/example_xcom.py
[2023-04-07 02:49:14,843] {logging_mixin.py:115} INFO - [2023-04-07 02:49:14,843] {dag.py:2371} INFO - Sync 1 DAGs
[2023-04-07 02:49:14,867] {logging_mixin.py:115} INFO - [2023-04-07 02:49:14,867] {dag.py:2919} INFO - Setting next_dagrun for example_xcom to 2021-01-01T00:00:00+00:00, run_after=2021-01-01T00:00:00+00:00
[2023-04-07 02:49:14,903] {processor.py:161} INFO - Processing /home/airflow/.local/lib/python3.7/site-packages/airflow/example_dags/example_xcom.py took 0.230 seconds
[2023-04-07 02:55:41,702] {processor.py:153} INFO - Started process (PID=49347) to work on /home/airflow/.local/lib/python3.7/site-packages/airflow/example_dags/example_xcom.py
[2023-04-07 02:55:41,702] {processor.py:641} INFO - Processing file /home/airflow/.local/lib/python3.7/site-packages/airflow/example_dags/example_xcom.py for tasks to queue
[2023-04-07 02:55:41,703] {logging_mixin.py:115} INFO - [2023-04-07 02:55:41,703] {dagbag.py:507} INFO - Filling up the DagBag from /home/airflow/.local/lib/python3.7/site-packages/airflow/example_dags/example_xcom.py
[2023-04-07 02:55:41,713] {processor.py:651} INFO - DAG(s) dict_keys(['example_xcom']) retrieved from /home/airflow/.local/lib/python3.7/site-packages/airflow/example_dags/example_xcom.py
[2023-04-07 02:55:41,751] {logging_mixin.py:115} INFO - [2023-04-07 02:55:41,751] {dag.py:2371} INFO - Sync 1 DAGs
[2023-04-07 02:55:41,763] {logging_mixin.py:115} INFO - [2023-04-07 02:55:41,762] {dag.py:2919} INFO - Setting next_dagrun for example_xcom to 2021-01-01T00:00:00+00:00, run_after=2021-01-01T00:00:00+00:00
[2023-04-07 02:55:41,769] {processor.py:161} INFO - Processing /home/airflow/.local/lib/python3.7/site-packages/airflow/example_dags/example_xcom.py took 0.069 seconds
[2023-04-07 03:13:42,610] {processor.py:153} INFO - Started process (PID=49400) to work on /home/airflow/.local/lib/python3.7/site-packages/airflow/example_dags/example_xcom.py
[2023-04-07 03:13:42,611] {processor.py:641} INFO - Processing file /home/airflow/.local/lib/python3.7/site-packages/airflow/example_dags/example_xcom.py for tasks to queue
[2023-04-07 03:13:42,611] {logging_mixin.py:115} INFO - [2023-04-07 03:13:42,611] {dagbag.py:507} INFO - Filling up the DagBag from /home/airflow/.local/lib/python3.7/site-packages/airflow/example_dags/example_xcom.py
[2023-04-07 03:13:42,628] {processor.py:651} INFO - DAG(s) dict_keys(['example_xcom']) retrieved from /home/airflow/.local/lib/python3.7/site-packages/airflow/example_dags/example_xcom.py
[2023-04-07 03:13:42,701] {logging_mixin.py:115} INFO - [2023-04-07 03:13:42,701] {dag.py:2371} INFO - Sync 1 DAGs
[2023-04-07 03:13:42,720] {logging_mixin.py:115} INFO - [2023-04-07 03:13:42,719] {dag.py:2919} INFO - Setting next_dagrun for example_xcom to 2021-01-01T00:00:00+00:00, run_after=2021-01-01T00:00:00+00:00
[2023-04-07 03:13:42,739] {processor.py:161} INFO - Processing /home/airflow/.local/lib/python3.7/site-packages/airflow/example_dags/example_xcom.py took 0.132 seconds
[2023-04-07 04:35:07,796] {processor.py:153} INFO - Started process (PID=49462) to work on /home/airflow/.local/lib/python3.7/site-packages/airflow/example_dags/example_xcom.py
[2023-04-07 04:35:07,797] {processor.py:641} INFO - Processing file /home/airflow/.local/lib/python3.7/site-packages/airflow/example_dags/example_xcom.py for tasks to queue
[2023-04-07 04:35:07,798] {logging_mixin.py:115} INFO - [2023-04-07 04:35:07,798] {dagbag.py:507} INFO - Filling up the DagBag from /home/airflow/.local/lib/python3.7/site-packages/airflow/example_dags/example_xcom.py
[2023-04-07 04:35:07,809] {processor.py:651} INFO - DAG(s) dict_keys(['example_xcom']) retrieved from /home/airflow/.local/lib/python3.7/site-packages/airflow/example_dags/example_xcom.py
[2023-04-07 04:35:07,848] {logging_mixin.py:115} INFO - [2023-04-07 04:35:07,848] {dag.py:2371} INFO - Sync 1 DAGs
[2023-04-07 04:35:07,858] {logging_mixin.py:115} INFO - [2023-04-07 04:35:07,858] {dag.py:2919} INFO - Setting next_dagrun for example_xcom to 2021-01-01T00:00:00+00:00, run_after=2021-01-01T00:00:00+00:00
[2023-04-07 04:35:07,865] {processor.py:161} INFO - Processing /home/airflow/.local/lib/python3.7/site-packages/airflow/example_dags/example_xcom.py took 0.071 seconds
[2023-04-07 05:44:22,829] {processor.py:153} INFO - Started process (PID=49524) to work on /home/airflow/.local/lib/python3.7/site-packages/airflow/example_dags/example_xcom.py
[2023-04-07 05:44:22,832] {processor.py:641} INFO - Processing file /home/airflow/.local/lib/python3.7/site-packages/airflow/example_dags/example_xcom.py for tasks to queue
[2023-04-07 05:44:22,833] {logging_mixin.py:115} INFO - [2023-04-07 05:44:22,833] {dagbag.py:507} INFO - Filling up the DagBag from /home/airflow/.local/lib/python3.7/site-packages/airflow/example_dags/example_xcom.py
[2023-04-07 05:44:22,854] {processor.py:651} INFO - DAG(s) dict_keys(['example_xcom']) retrieved from /home/airflow/.local/lib/python3.7/site-packages/airflow/example_dags/example_xcom.py
[2023-04-07 05:44:22,908] {logging_mixin.py:115} INFO - [2023-04-07 05:44:22,908] {dag.py:2371} INFO - Sync 1 DAGs
[2023-04-07 05:44:22,924] {logging_mixin.py:115} INFO - [2023-04-07 05:44:22,924] {dag.py:2919} INFO - Setting next_dagrun for example_xcom to 2021-01-01T00:00:00+00:00, run_after=2021-01-01T00:00:00+00:00
[2023-04-07 05:44:22,935] {processor.py:161} INFO - Processing /home/airflow/.local/lib/python3.7/site-packages/airflow/example_dags/example_xcom.py took 0.109 seconds
[2023-04-07 06:47:43,920] {processor.py:153} INFO - Started process (PID=49586) to work on /home/airflow/.local/lib/python3.7/site-packages/airflow/example_dags/example_xcom.py
[2023-04-07 06:47:43,923] {processor.py:641} INFO - Processing file /home/airflow/.local/lib/python3.7/site-packages/airflow/example_dags/example_xcom.py for tasks to queue
[2023-04-07 06:47:43,924] {logging_mixin.py:115} INFO - [2023-04-07 06:47:43,924] {dagbag.py:507} INFO - Filling up the DagBag from /home/airflow/.local/lib/python3.7/site-packages/airflow/example_dags/example_xcom.py
[2023-04-07 06:47:43,936] {processor.py:651} INFO - DAG(s) dict_keys(['example_xcom']) retrieved from /home/airflow/.local/lib/python3.7/site-packages/airflow/example_dags/example_xcom.py
[2023-04-07 06:47:44,000] {logging_mixin.py:115} INFO - [2023-04-07 06:47:44,000] {dag.py:2371} INFO - Sync 1 DAGs
[2023-04-07 06:47:44,020] {logging_mixin.py:115} INFO - [2023-04-07 06:47:44,020] {dag.py:2919} INFO - Setting next_dagrun for example_xcom to 2021-01-01T00:00:00+00:00, run_after=2021-01-01T00:00:00+00:00
[2023-04-07 06:47:44,037] {processor.py:161} INFO - Processing /home/airflow/.local/lib/python3.7/site-packages/airflow/example_dags/example_xcom.py took 0.120 seconds
[2023-04-07 08:10:37,920] {processor.py:153} INFO - Started process (PID=49647) to work on /home/airflow/.local/lib/python3.7/site-packages/airflow/example_dags/example_xcom.py
[2023-04-07 08:10:37,921] {processor.py:641} INFO - Processing file /home/airflow/.local/lib/python3.7/site-packages/airflow/example_dags/example_xcom.py for tasks to queue
[2023-04-07 08:10:37,921] {logging_mixin.py:115} INFO - [2023-04-07 08:10:37,921] {dagbag.py:507} INFO - Filling up the DagBag from /home/airflow/.local/lib/python3.7/site-packages/airflow/example_dags/example_xcom.py
[2023-04-07 08:10:37,932] {processor.py:651} INFO - DAG(s) dict_keys(['example_xcom']) retrieved from /home/airflow/.local/lib/python3.7/site-packages/airflow/example_dags/example_xcom.py
[2023-04-07 08:10:37,972] {logging_mixin.py:115} INFO - [2023-04-07 08:10:37,972] {dag.py:2371} INFO - Sync 1 DAGs
[2023-04-07 08:10:37,982] {logging_mixin.py:115} INFO - [2023-04-07 08:10:37,982] {dag.py:2919} INFO - Setting next_dagrun for example_xcom to 2021-01-01T00:00:00+00:00, run_after=2021-01-01T00:00:00+00:00
[2023-04-07 08:10:37,988] {processor.py:161} INFO - Processing /home/airflow/.local/lib/python3.7/site-packages/airflow/example_dags/example_xcom.py took 0.071 seconds
[2023-04-07 09:16:47,413] {processor.py:153} INFO - Started process (PID=49700) to work on /home/airflow/.local/lib/python3.7/site-packages/airflow/example_dags/example_xcom.py
[2023-04-07 09:16:47,414] {processor.py:641} INFO - Processing file /home/airflow/.local/lib/python3.7/site-packages/airflow/example_dags/example_xcom.py for tasks to queue
[2023-04-07 09:16:47,415] {logging_mixin.py:115} INFO - [2023-04-07 09:16:47,414] {dagbag.py:507} INFO - Filling up the DagBag from /home/airflow/.local/lib/python3.7/site-packages/airflow/example_dags/example_xcom.py
[2023-04-07 09:16:47,426] {processor.py:651} INFO - DAG(s) dict_keys(['example_xcom']) retrieved from /home/airflow/.local/lib/python3.7/site-packages/airflow/example_dags/example_xcom.py
[2023-04-07 09:16:47,463] {logging_mixin.py:115} INFO - [2023-04-07 09:16:47,463] {dag.py:2371} INFO - Sync 1 DAGs
[2023-04-07 09:16:47,473] {logging_mixin.py:115} INFO - [2023-04-07 09:16:47,473] {dag.py:2919} INFO - Setting next_dagrun for example_xcom to 2021-01-01T00:00:00+00:00, run_after=2021-01-01T00:00:00+00:00
[2023-04-07 09:16:47,479] {processor.py:161} INFO - Processing /home/airflow/.local/lib/python3.7/site-packages/airflow/example_dags/example_xcom.py took 0.069 seconds
[2023-04-07 10:24:58,160] {processor.py:153} INFO - Started process (PID=49762) to work on /home/airflow/.local/lib/python3.7/site-packages/airflow/example_dags/example_xcom.py
[2023-04-07 10:24:58,161] {processor.py:641} INFO - Processing file /home/airflow/.local/lib/python3.7/site-packages/airflow/example_dags/example_xcom.py for tasks to queue
[2023-04-07 10:24:58,162] {logging_mixin.py:115} INFO - [2023-04-07 10:24:58,161] {dagbag.py:507} INFO - Filling up the DagBag from /home/airflow/.local/lib/python3.7/site-packages/airflow/example_dags/example_xcom.py
[2023-04-07 10:24:58,171] {processor.py:651} INFO - DAG(s) dict_keys(['example_xcom']) retrieved from /home/airflow/.local/lib/python3.7/site-packages/airflow/example_dags/example_xcom.py
[2023-04-07 10:24:58,208] {logging_mixin.py:115} INFO - [2023-04-07 10:24:58,208] {dag.py:2371} INFO - Sync 1 DAGs
[2023-04-07 10:24:58,217] {logging_mixin.py:115} INFO - [2023-04-07 10:24:58,217] {dag.py:2919} INFO - Setting next_dagrun for example_xcom to 2021-01-01T00:00:00+00:00, run_after=2021-01-01T00:00:00+00:00
[2023-04-07 10:24:58,223] {processor.py:161} INFO - Processing /home/airflow/.local/lib/python3.7/site-packages/airflow/example_dags/example_xcom.py took 0.065 seconds
[2023-04-07 11:08:33,107] {processor.py:153} INFO - Started process (PID=49824) to work on /home/airflow/.local/lib/python3.7/site-packages/airflow/example_dags/example_xcom.py
[2023-04-07 11:08:33,108] {processor.py:641} INFO - Processing file /home/airflow/.local/lib/python3.7/site-packages/airflow/example_dags/example_xcom.py for tasks to queue
[2023-04-07 11:08:33,109] {logging_mixin.py:115} INFO - [2023-04-07 11:08:33,109] {dagbag.py:507} INFO - Filling up the DagBag from /home/airflow/.local/lib/python3.7/site-packages/airflow/example_dags/example_xcom.py
[2023-04-07 11:08:33,124] {processor.py:651} INFO - DAG(s) dict_keys(['example_xcom']) retrieved from /home/airflow/.local/lib/python3.7/site-packages/airflow/example_dags/example_xcom.py
[2023-04-07 11:08:33,197] {logging_mixin.py:115} INFO - [2023-04-07 11:08:33,197] {dag.py:2371} INFO - Sync 1 DAGs
[2023-04-07 11:08:33,211] {logging_mixin.py:115} INFO - [2023-04-07 11:08:33,211] {dag.py:2919} INFO - Setting next_dagrun for example_xcom to 2021-01-01T00:00:00+00:00, run_after=2021-01-01T00:00:00+00:00
[2023-04-07 11:08:33,219] {processor.py:161} INFO - Processing /home/airflow/.local/lib/python3.7/site-packages/airflow/example_dags/example_xcom.py took 0.115 seconds
[2023-04-07 11:09:03,969] {processor.py:153} INFO - Started process (PID=49886) to work on /home/airflow/.local/lib/python3.7/site-packages/airflow/example_dags/example_xcom.py
[2023-04-07 11:09:03,970] {processor.py:641} INFO - Processing file /home/airflow/.local/lib/python3.7/site-packages/airflow/example_dags/example_xcom.py for tasks to queue
[2023-04-07 11:09:03,970] {logging_mixin.py:115} INFO - [2023-04-07 11:09:03,970] {dagbag.py:507} INFO - Filling up the DagBag from /home/airflow/.local/lib/python3.7/site-packages/airflow/example_dags/example_xcom.py
[2023-04-07 11:09:03,980] {processor.py:651} INFO - DAG(s) dict_keys(['example_xcom']) retrieved from /home/airflow/.local/lib/python3.7/site-packages/airflow/example_dags/example_xcom.py
[2023-04-07 11:09:03,997] {logging_mixin.py:115} INFO - [2023-04-07 11:09:03,997] {dag.py:2371} INFO - Sync 1 DAGs
[2023-04-07 11:09:04,008] {logging_mixin.py:115} INFO - [2023-04-07 11:09:04,008] {dag.py:2919} INFO - Setting next_dagrun for example_xcom to 2021-01-01T00:00:00+00:00, run_after=2021-01-01T00:00:00+00:00
[2023-04-07 11:09:04,013] {processor.py:161} INFO - Processing /home/airflow/.local/lib/python3.7/site-packages/airflow/example_dags/example_xcom.py took 0.047 seconds
[2023-04-07 12:29:46,243] {processor.py:153} INFO - Started process (PID=49946) to work on /home/airflow/.local/lib/python3.7/site-packages/airflow/example_dags/example_xcom.py
[2023-04-07 12:29:46,244] {processor.py:641} INFO - Processing file /home/airflow/.local/lib/python3.7/site-packages/airflow/example_dags/example_xcom.py for tasks to queue
[2023-04-07 12:29:46,245] {logging_mixin.py:115} INFO - [2023-04-07 12:29:46,245] {dagbag.py:507} INFO - Filling up the DagBag from /home/airflow/.local/lib/python3.7/site-packages/airflow/example_dags/example_xcom.py
[2023-04-07 12:29:46,268] {processor.py:651} INFO - DAG(s) dict_keys(['example_xcom']) retrieved from /home/airflow/.local/lib/python3.7/site-packages/airflow/example_dags/example_xcom.py
[2023-04-07 12:29:46,317] {logging_mixin.py:115} INFO - [2023-04-07 12:29:46,316] {dag.py:2371} INFO - Sync 1 DAGs
[2023-04-07 12:29:46,332] {logging_mixin.py:115} INFO - [2023-04-07 12:29:46,332] {dag.py:2919} INFO - Setting next_dagrun for example_xcom to 2021-01-01T00:00:00+00:00, run_after=2021-01-01T00:00:00+00:00
[2023-04-07 12:29:46,347] {processor.py:161} INFO - Processing /home/airflow/.local/lib/python3.7/site-packages/airflow/example_dags/example_xcom.py took 0.107 seconds
[2023-04-07 13:38:13,705] {processor.py:153} INFO - Started process (PID=50001) to work on /home/airflow/.local/lib/python3.7/site-packages/airflow/example_dags/example_xcom.py
[2023-04-07 13:38:13,708] {processor.py:641} INFO - Processing file /home/airflow/.local/lib/python3.7/site-packages/airflow/example_dags/example_xcom.py for tasks to queue
[2023-04-07 13:38:13,709] {logging_mixin.py:115} INFO - [2023-04-07 13:38:13,709] {dagbag.py:507} INFO - Filling up the DagBag from /home/airflow/.local/lib/python3.7/site-packages/airflow/example_dags/example_xcom.py
[2023-04-07 13:38:13,729] {processor.py:651} INFO - DAG(s) dict_keys(['example_xcom']) retrieved from /home/airflow/.local/lib/python3.7/site-packages/airflow/example_dags/example_xcom.py
[2023-04-07 13:38:13,812] {logging_mixin.py:115} INFO - [2023-04-07 13:38:13,812] {dag.py:2371} INFO - Sync 1 DAGs
[2023-04-07 13:38:13,838] {logging_mixin.py:115} INFO - [2023-04-07 13:38:13,838] {dag.py:2919} INFO - Setting next_dagrun for example_xcom to 2021-01-01T00:00:00+00:00, run_after=2021-01-01T00:00:00+00:00
[2023-04-07 13:38:13,864] {processor.py:161} INFO - Processing /home/airflow/.local/lib/python3.7/site-packages/airflow/example_dags/example_xcom.py took 0.163 seconds
[2023-04-07 14:43:43,863] {processor.py:153} INFO - Started process (PID=50064) to work on /home/airflow/.local/lib/python3.7/site-packages/airflow/example_dags/example_xcom.py
[2023-04-07 14:43:43,864] {processor.py:641} INFO - Processing file /home/airflow/.local/lib/python3.7/site-packages/airflow/example_dags/example_xcom.py for tasks to queue
[2023-04-07 14:43:43,864] {logging_mixin.py:115} INFO - [2023-04-07 14:43:43,864] {dagbag.py:507} INFO - Filling up the DagBag from /home/airflow/.local/lib/python3.7/site-packages/airflow/example_dags/example_xcom.py
[2023-04-07 14:43:43,874] {processor.py:651} INFO - DAG(s) dict_keys(['example_xcom']) retrieved from /home/airflow/.local/lib/python3.7/site-packages/airflow/example_dags/example_xcom.py
[2023-04-07 14:43:43,911] {logging_mixin.py:115} INFO - [2023-04-07 14:43:43,911] {dag.py:2371} INFO - Sync 1 DAGs
[2023-04-07 14:43:43,921] {logging_mixin.py:115} INFO - [2023-04-07 14:43:43,920] {dag.py:2919} INFO - Setting next_dagrun for example_xcom to 2021-01-01T00:00:00+00:00, run_after=2021-01-01T00:00:00+00:00
[2023-04-07 14:43:43,929] {processor.py:161} INFO - Processing /home/airflow/.local/lib/python3.7/site-packages/airflow/example_dags/example_xcom.py took 0.068 seconds
[2023-04-07 16:07:13,286] {processor.py:153} INFO - Started process (PID=50125) to work on /home/airflow/.local/lib/python3.7/site-packages/airflow/example_dags/example_xcom.py
[2023-04-07 16:07:13,288] {processor.py:641} INFO - Processing file /home/airflow/.local/lib/python3.7/site-packages/airflow/example_dags/example_xcom.py for tasks to queue
[2023-04-07 16:07:13,289] {logging_mixin.py:115} INFO - [2023-04-07 16:07:13,289] {dagbag.py:507} INFO - Filling up the DagBag from /home/airflow/.local/lib/python3.7/site-packages/airflow/example_dags/example_xcom.py
[2023-04-07 16:07:13,322] {processor.py:651} INFO - DAG(s) dict_keys(['example_xcom']) retrieved from /home/airflow/.local/lib/python3.7/site-packages/airflow/example_dags/example_xcom.py
[2023-04-07 16:07:13,444] {logging_mixin.py:115} INFO - [2023-04-07 16:07:13,444] {dag.py:2371} INFO - Sync 1 DAGs
[2023-04-07 16:07:13,476] {logging_mixin.py:115} INFO - [2023-04-07 16:07:13,476] {dag.py:2919} INFO - Setting next_dagrun for example_xcom to 2021-01-01T00:00:00+00:00, run_after=2021-01-01T00:00:00+00:00
[2023-04-07 16:07:13,484] {processor.py:161} INFO - Processing /home/airflow/.local/lib/python3.7/site-packages/airflow/example_dags/example_xcom.py took 0.207 seconds
[2023-04-07 17:10:58,568] {processor.py:153} INFO - Started process (PID=50187) to work on /home/airflow/.local/lib/python3.7/site-packages/airflow/example_dags/example_xcom.py
[2023-04-07 17:10:58,571] {processor.py:641} INFO - Processing file /home/airflow/.local/lib/python3.7/site-packages/airflow/example_dags/example_xcom.py for tasks to queue
[2023-04-07 17:10:58,574] {logging_mixin.py:115} INFO - [2023-04-07 17:10:58,574] {dagbag.py:507} INFO - Filling up the DagBag from /home/airflow/.local/lib/python3.7/site-packages/airflow/example_dags/example_xcom.py
[2023-04-07 17:10:58,586] {processor.py:651} INFO - DAG(s) dict_keys(['example_xcom']) retrieved from /home/airflow/.local/lib/python3.7/site-packages/airflow/example_dags/example_xcom.py
[2023-04-07 17:10:58,628] {logging_mixin.py:115} INFO - [2023-04-07 17:10:58,628] {dag.py:2371} INFO - Sync 1 DAGs
[2023-04-07 17:10:58,647] {logging_mixin.py:115} INFO - [2023-04-07 17:10:58,647] {dag.py:2919} INFO - Setting next_dagrun for example_xcom to 2021-01-01T00:00:00+00:00, run_after=2021-01-01T00:00:00+00:00
[2023-04-07 17:10:58,659] {processor.py:161} INFO - Processing /home/airflow/.local/lib/python3.7/site-packages/airflow/example_dags/example_xcom.py took 0.094 seconds
[2023-04-07 18:18:11,911] {processor.py:153} INFO - Started process (PID=50246) to work on /home/airflow/.local/lib/python3.7/site-packages/airflow/example_dags/example_xcom.py
[2023-04-07 18:18:11,912] {processor.py:641} INFO - Processing file /home/airflow/.local/lib/python3.7/site-packages/airflow/example_dags/example_xcom.py for tasks to queue
[2023-04-07 18:18:11,913] {logging_mixin.py:115} INFO - [2023-04-07 18:18:11,913] {dagbag.py:507} INFO - Filling up the DagBag from /home/airflow/.local/lib/python3.7/site-packages/airflow/example_dags/example_xcom.py
[2023-04-07 18:18:11,937] {processor.py:651} INFO - DAG(s) dict_keys(['example_xcom']) retrieved from /home/airflow/.local/lib/python3.7/site-packages/airflow/example_dags/example_xcom.py
[2023-04-07 18:18:12,012] {logging_mixin.py:115} INFO - [2023-04-07 18:18:12,012] {dag.py:2371} INFO - Sync 1 DAGs
[2023-04-07 18:18:12,039] {logging_mixin.py:115} INFO - [2023-04-07 18:18:12,039] {dag.py:2919} INFO - Setting next_dagrun for example_xcom to 2021-01-01T00:00:00+00:00, run_after=2021-01-01T00:00:00+00:00
[2023-04-07 18:18:12,052] {processor.py:161} INFO - Processing /home/airflow/.local/lib/python3.7/site-packages/airflow/example_dags/example_xcom.py took 0.144 seconds
[2023-04-07 19:21:17,821] {processor.py:153} INFO - Started process (PID=50301) to work on /home/airflow/.local/lib/python3.7/site-packages/airflow/example_dags/example_xcom.py
[2023-04-07 19:21:17,822] {processor.py:641} INFO - Processing file /home/airflow/.local/lib/python3.7/site-packages/airflow/example_dags/example_xcom.py for tasks to queue
[2023-04-07 19:21:17,822] {logging_mixin.py:115} INFO - [2023-04-07 19:21:17,822] {dagbag.py:507} INFO - Filling up the DagBag from /home/airflow/.local/lib/python3.7/site-packages/airflow/example_dags/example_xcom.py
[2023-04-07 19:21:17,833] {processor.py:651} INFO - DAG(s) dict_keys(['example_xcom']) retrieved from /home/airflow/.local/lib/python3.7/site-packages/airflow/example_dags/example_xcom.py
[2023-04-07 19:21:17,869] {logging_mixin.py:115} INFO - [2023-04-07 19:21:17,869] {dag.py:2371} INFO - Sync 1 DAGs
[2023-04-07 19:21:17,879] {logging_mixin.py:115} INFO - [2023-04-07 19:21:17,879] {dag.py:2919} INFO - Setting next_dagrun for example_xcom to 2021-01-01T00:00:00+00:00, run_after=2021-01-01T00:00:00+00:00
[2023-04-07 19:21:17,885] {processor.py:161} INFO - Processing /home/airflow/.local/lib/python3.7/site-packages/airflow/example_dags/example_xcom.py took 0.067 seconds
[2023-04-07 19:21:48,121] {processor.py:153} INFO - Started process (PID=50363) to work on /home/airflow/.local/lib/python3.7/site-packages/airflow/example_dags/example_xcom.py
[2023-04-07 19:21:48,121] {processor.py:641} INFO - Processing file /home/airflow/.local/lib/python3.7/site-packages/airflow/example_dags/example_xcom.py for tasks to queue
[2023-04-07 19:21:48,122] {logging_mixin.py:115} INFO - [2023-04-07 19:21:48,122] {dagbag.py:507} INFO - Filling up the DagBag from /home/airflow/.local/lib/python3.7/site-packages/airflow/example_dags/example_xcom.py
[2023-04-07 19:21:48,133] {processor.py:651} INFO - DAG(s) dict_keys(['example_xcom']) retrieved from /home/airflow/.local/lib/python3.7/site-packages/airflow/example_dags/example_xcom.py
[2023-04-07 19:21:48,170] {logging_mixin.py:115} INFO - [2023-04-07 19:21:48,170] {dag.py:2371} INFO - Sync 1 DAGs
[2023-04-07 19:21:48,180] {logging_mixin.py:115} INFO - [2023-04-07 19:21:48,180] {dag.py:2919} INFO - Setting next_dagrun for example_xcom to 2021-01-01T00:00:00+00:00, run_after=2021-01-01T00:00:00+00:00
[2023-04-07 19:21:48,187] {processor.py:161} INFO - Processing /home/airflow/.local/lib/python3.7/site-packages/airflow/example_dags/example_xcom.py took 0.069 seconds
[2023-04-07 19:35:25,968] {processor.py:153} INFO - Started process (PID=50422) to work on /home/airflow/.local/lib/python3.7/site-packages/airflow/example_dags/example_xcom.py
[2023-04-07 19:35:25,970] {processor.py:641} INFO - Processing file /home/airflow/.local/lib/python3.7/site-packages/airflow/example_dags/example_xcom.py for tasks to queue
[2023-04-07 19:35:25,971] {logging_mixin.py:115} INFO - [2023-04-07 19:35:25,971] {dagbag.py:507} INFO - Filling up the DagBag from /home/airflow/.local/lib/python3.7/site-packages/airflow/example_dags/example_xcom.py
[2023-04-07 19:35:25,985] {processor.py:651} INFO - DAG(s) dict_keys(['example_xcom']) retrieved from /home/airflow/.local/lib/python3.7/site-packages/airflow/example_dags/example_xcom.py
[2023-04-07 19:35:26,038] {logging_mixin.py:115} INFO - [2023-04-07 19:35:26,038] {dag.py:2371} INFO - Sync 1 DAGs
[2023-04-07 19:35:26,056] {logging_mixin.py:115} INFO - [2023-04-07 19:35:26,056] {dag.py:2919} INFO - Setting next_dagrun for example_xcom to 2021-01-01T00:00:00+00:00, run_after=2021-01-01T00:00:00+00:00
[2023-04-07 19:35:26,073] {processor.py:161} INFO - Processing /home/airflow/.local/lib/python3.7/site-packages/airflow/example_dags/example_xcom.py took 0.115 seconds
[2023-04-07 19:35:56,561] {processor.py:153} INFO - Started process (PID=50485) to work on /home/airflow/.local/lib/python3.7/site-packages/airflow/example_dags/example_xcom.py
[2023-04-07 19:35:56,562] {processor.py:641} INFO - Processing file /home/airflow/.local/lib/python3.7/site-packages/airflow/example_dags/example_xcom.py for tasks to queue
[2023-04-07 19:35:56,562] {logging_mixin.py:115} INFO - [2023-04-07 19:35:56,562] {dagbag.py:507} INFO - Filling up the DagBag from /home/airflow/.local/lib/python3.7/site-packages/airflow/example_dags/example_xcom.py
[2023-04-07 19:35:56,572] {processor.py:651} INFO - DAG(s) dict_keys(['example_xcom']) retrieved from /home/airflow/.local/lib/python3.7/site-packages/airflow/example_dags/example_xcom.py
[2023-04-07 19:35:56,609] {logging_mixin.py:115} INFO - [2023-04-07 19:35:56,609] {dag.py:2371} INFO - Sync 1 DAGs
[2023-04-07 19:35:56,618] {logging_mixin.py:115} INFO - [2023-04-07 19:35:56,618] {dag.py:2919} INFO - Setting next_dagrun for example_xcom to 2021-01-01T00:00:00+00:00, run_after=2021-01-01T00:00:00+00:00
[2023-04-07 19:35:56,624] {processor.py:161} INFO - Processing /home/airflow/.local/lib/python3.7/site-packages/airflow/example_dags/example_xcom.py took 0.066 seconds
[2023-04-07 20:42:20,090] {processor.py:153} INFO - Started process (PID=50538) to work on /home/airflow/.local/lib/python3.7/site-packages/airflow/example_dags/example_xcom.py
[2023-04-07 20:42:20,091] {processor.py:641} INFO - Processing file /home/airflow/.local/lib/python3.7/site-packages/airflow/example_dags/example_xcom.py for tasks to queue
[2023-04-07 20:42:20,091] {logging_mixin.py:115} INFO - [2023-04-07 20:42:20,091] {dagbag.py:507} INFO - Filling up the DagBag from /home/airflow/.local/lib/python3.7/site-packages/airflow/example_dags/example_xcom.py
[2023-04-07 20:42:20,101] {processor.py:651} INFO - DAG(s) dict_keys(['example_xcom']) retrieved from /home/airflow/.local/lib/python3.7/site-packages/airflow/example_dags/example_xcom.py
[2023-04-07 20:42:20,141] {logging_mixin.py:115} INFO - [2023-04-07 20:42:20,141] {dag.py:2371} INFO - Sync 1 DAGs
[2023-04-07 20:42:20,151] {logging_mixin.py:115} INFO - [2023-04-07 20:42:20,151] {dag.py:2919} INFO - Setting next_dagrun for example_xcom to 2021-01-01T00:00:00+00:00, run_after=2021-01-01T00:00:00+00:00
[2023-04-07 20:42:20,158] {processor.py:161} INFO - Processing /home/airflow/.local/lib/python3.7/site-packages/airflow/example_dags/example_xcom.py took 0.071 seconds
[2023-04-07 21:32:24,410] {processor.py:153} INFO - Started process (PID=50600) to work on /home/airflow/.local/lib/python3.7/site-packages/airflow/example_dags/example_xcom.py
[2023-04-07 21:32:24,412] {processor.py:641} INFO - Processing file /home/airflow/.local/lib/python3.7/site-packages/airflow/example_dags/example_xcom.py for tasks to queue
[2023-04-07 21:32:24,412] {logging_mixin.py:115} INFO - [2023-04-07 21:32:24,412] {dagbag.py:507} INFO - Filling up the DagBag from /home/airflow/.local/lib/python3.7/site-packages/airflow/example_dags/example_xcom.py
[2023-04-07 21:32:24,441] {processor.py:651} INFO - DAG(s) dict_keys(['example_xcom']) retrieved from /home/airflow/.local/lib/python3.7/site-packages/airflow/example_dags/example_xcom.py
[2023-04-07 21:32:24,545] {logging_mixin.py:115} INFO - [2023-04-07 21:32:24,545] {dag.py:2371} INFO - Sync 1 DAGs
[2023-04-07 21:32:24,563] {logging_mixin.py:115} INFO - [2023-04-07 21:32:24,562] {dag.py:2919} INFO - Setting next_dagrun for example_xcom to 2021-01-01T00:00:00+00:00, run_after=2021-01-01T00:00:00+00:00
[2023-04-07 21:32:24,579] {processor.py:161} INFO - Processing /home/airflow/.local/lib/python3.7/site-packages/airflow/example_dags/example_xcom.py took 0.173 seconds
[2023-04-07 22:38:22,711] {processor.py:153} INFO - Started process (PID=50662) to work on /home/airflow/.local/lib/python3.7/site-packages/airflow/example_dags/example_xcom.py
[2023-04-07 22:38:22,712] {processor.py:641} INFO - Processing file /home/airflow/.local/lib/python3.7/site-packages/airflow/example_dags/example_xcom.py for tasks to queue
[2023-04-07 22:38:22,713] {logging_mixin.py:115} INFO - [2023-04-07 22:38:22,713] {dagbag.py:507} INFO - Filling up the DagBag from /home/airflow/.local/lib/python3.7/site-packages/airflow/example_dags/example_xcom.py
[2023-04-07 22:38:22,734] {processor.py:651} INFO - DAG(s) dict_keys(['example_xcom']) retrieved from /home/airflow/.local/lib/python3.7/site-packages/airflow/example_dags/example_xcom.py
[2023-04-07 22:38:22,837] {logging_mixin.py:115} INFO - [2023-04-07 22:38:22,837] {dag.py:2371} INFO - Sync 1 DAGs
[2023-04-07 22:38:22,857] {logging_mixin.py:115} INFO - [2023-04-07 22:38:22,857] {dag.py:2919} INFO - Setting next_dagrun for example_xcom to 2021-01-01T00:00:00+00:00, run_after=2021-01-01T00:00:00+00:00
[2023-04-07 22:38:22,872] {processor.py:161} INFO - Processing /home/airflow/.local/lib/python3.7/site-packages/airflow/example_dags/example_xcom.py took 0.164 seconds
