[2023-04-07 00:21:18,942] {processor.py:153} INFO - Started process (PID=49166) to work on /home/airflow/.local/lib/python3.7/site-packages/airflow/example_dags/example_time_delta_sensor_async.py
[2023-04-07 00:21:18,943] {processor.py:641} INFO - Processing file /home/airflow/.local/lib/python3.7/site-packages/airflow/example_dags/example_time_delta_sensor_async.py for tasks to queue
[2023-04-07 00:21:18,945] {logging_mixin.py:115} INFO - [2023-04-07 00:21:18,944] {dagbag.py:507} INFO - Filling up the DagBag from /home/airflow/.local/lib/python3.7/site-packages/airflow/example_dags/example_time_delta_sensor_async.py
[2023-04-07 00:21:18,952] {processor.py:651} INFO - DAG(s) dict_keys(['example_time_delta_sensor_async']) retrieved from /home/airflow/.local/lib/python3.7/site-packages/airflow/example_dags/example_time_delta_sensor_async.py
[2023-04-07 00:21:18,990] {logging_mixin.py:115} INFO - [2023-04-07 00:21:18,990] {dag.py:2371} INFO - Sync 1 DAGs
[2023-04-07 00:21:19,013] {logging_mixin.py:115} INFO - [2023-04-07 00:21:19,013] {dag.py:2919} INFO - Setting next_dagrun for example_time_delta_sensor_async to None, run_after=None
[2023-04-07 00:21:19,025] {processor.py:161} INFO - Processing /home/airflow/.local/lib/python3.7/site-packages/airflow/example_dags/example_time_delta_sensor_async.py took 0.086 seconds
[2023-04-07 01:26:28,077] {processor.py:153} INFO - Started process (PID=49228) to work on /home/airflow/.local/lib/python3.7/site-packages/airflow/example_dags/example_time_delta_sensor_async.py
[2023-04-07 01:26:28,077] {processor.py:641} INFO - Processing file /home/airflow/.local/lib/python3.7/site-packages/airflow/example_dags/example_time_delta_sensor_async.py for tasks to queue
[2023-04-07 01:26:28,078] {logging_mixin.py:115} INFO - [2023-04-07 01:26:28,078] {dagbag.py:507} INFO - Filling up the DagBag from /home/airflow/.local/lib/python3.7/site-packages/airflow/example_dags/example_time_delta_sensor_async.py
[2023-04-07 01:26:28,082] {processor.py:651} INFO - DAG(s) dict_keys(['example_time_delta_sensor_async']) retrieved from /home/airflow/.local/lib/python3.7/site-packages/airflow/example_dags/example_time_delta_sensor_async.py
[2023-04-07 01:26:28,105] {logging_mixin.py:115} INFO - [2023-04-07 01:26:28,105] {dag.py:2371} INFO - Sync 1 DAGs
[2023-04-07 01:26:28,116] {logging_mixin.py:115} INFO - [2023-04-07 01:26:28,116] {dag.py:2919} INFO - Setting next_dagrun for example_time_delta_sensor_async to None, run_after=None
[2023-04-07 01:26:28,122] {processor.py:161} INFO - Processing /home/airflow/.local/lib/python3.7/site-packages/airflow/example_dags/example_time_delta_sensor_async.py took 0.047 seconds
[2023-04-07 02:49:15,069] {processor.py:153} INFO - Started process (PID=49289) to work on /home/airflow/.local/lib/python3.7/site-packages/airflow/example_dags/example_time_delta_sensor_async.py
[2023-04-07 02:49:15,070] {processor.py:641} INFO - Processing file /home/airflow/.local/lib/python3.7/site-packages/airflow/example_dags/example_time_delta_sensor_async.py for tasks to queue
[2023-04-07 02:49:15,071] {logging_mixin.py:115} INFO - [2023-04-07 02:49:15,071] {dagbag.py:507} INFO - Filling up the DagBag from /home/airflow/.local/lib/python3.7/site-packages/airflow/example_dags/example_time_delta_sensor_async.py
[2023-04-07 02:49:15,076] {processor.py:651} INFO - DAG(s) dict_keys(['example_time_delta_sensor_async']) retrieved from /home/airflow/.local/lib/python3.7/site-packages/airflow/example_dags/example_time_delta_sensor_async.py
[2023-04-07 02:49:15,119] {logging_mixin.py:115} INFO - [2023-04-07 02:49:15,119] {dag.py:2371} INFO - Sync 1 DAGs
[2023-04-07 02:49:15,135] {logging_mixin.py:115} INFO - [2023-04-07 02:49:15,135] {dag.py:2919} INFO - Setting next_dagrun for example_time_delta_sensor_async to None, run_after=None
[2023-04-07 02:49:15,146] {processor.py:161} INFO - Processing /home/airflow/.local/lib/python3.7/site-packages/airflow/example_dags/example_time_delta_sensor_async.py took 0.080 seconds
[2023-04-07 02:55:41,864] {processor.py:153} INFO - Started process (PID=49351) to work on /home/airflow/.local/lib/python3.7/site-packages/airflow/example_dags/example_time_delta_sensor_async.py
[2023-04-07 02:55:41,865] {processor.py:641} INFO - Processing file /home/airflow/.local/lib/python3.7/site-packages/airflow/example_dags/example_time_delta_sensor_async.py for tasks to queue
[2023-04-07 02:55:41,866] {logging_mixin.py:115} INFO - [2023-04-07 02:55:41,866] {dagbag.py:507} INFO - Filling up the DagBag from /home/airflow/.local/lib/python3.7/site-packages/airflow/example_dags/example_time_delta_sensor_async.py
[2023-04-07 02:55:41,869] {processor.py:651} INFO - DAG(s) dict_keys(['example_time_delta_sensor_async']) retrieved from /home/airflow/.local/lib/python3.7/site-packages/airflow/example_dags/example_time_delta_sensor_async.py
[2023-04-07 02:55:41,897] {logging_mixin.py:115} INFO - [2023-04-07 02:55:41,897] {dag.py:2371} INFO - Sync 1 DAGs
[2023-04-07 02:55:41,908] {logging_mixin.py:115} INFO - [2023-04-07 02:55:41,908] {dag.py:2919} INFO - Setting next_dagrun for example_time_delta_sensor_async to None, run_after=None
[2023-04-07 02:55:41,914] {processor.py:161} INFO - Processing /home/airflow/.local/lib/python3.7/site-packages/airflow/example_dags/example_time_delta_sensor_async.py took 0.052 seconds
[2023-04-07 03:13:42,864] {processor.py:153} INFO - Started process (PID=49404) to work on /home/airflow/.local/lib/python3.7/site-packages/airflow/example_dags/example_time_delta_sensor_async.py
[2023-04-07 03:13:42,864] {processor.py:641} INFO - Processing file /home/airflow/.local/lib/python3.7/site-packages/airflow/example_dags/example_time_delta_sensor_async.py for tasks to queue
[2023-04-07 03:13:42,865] {logging_mixin.py:115} INFO - [2023-04-07 03:13:42,865] {dagbag.py:507} INFO - Filling up the DagBag from /home/airflow/.local/lib/python3.7/site-packages/airflow/example_dags/example_time_delta_sensor_async.py
[2023-04-07 03:13:42,869] {processor.py:651} INFO - DAG(s) dict_keys(['example_time_delta_sensor_async']) retrieved from /home/airflow/.local/lib/python3.7/site-packages/airflow/example_dags/example_time_delta_sensor_async.py
[2023-04-07 03:13:42,899] {logging_mixin.py:115} INFO - [2023-04-07 03:13:42,899] {dag.py:2371} INFO - Sync 1 DAGs
[2023-04-07 03:13:42,911] {logging_mixin.py:115} INFO - [2023-04-07 03:13:42,911] {dag.py:2919} INFO - Setting next_dagrun for example_time_delta_sensor_async to None, run_after=None
[2023-04-07 03:13:42,918] {processor.py:161} INFO - Processing /home/airflow/.local/lib/python3.7/site-packages/airflow/example_dags/example_time_delta_sensor_async.py took 0.056 seconds
[2023-04-07 04:35:07,949] {processor.py:153} INFO - Started process (PID=49466) to work on /home/airflow/.local/lib/python3.7/site-packages/airflow/example_dags/example_time_delta_sensor_async.py
[2023-04-07 04:35:07,950] {processor.py:641} INFO - Processing file /home/airflow/.local/lib/python3.7/site-packages/airflow/example_dags/example_time_delta_sensor_async.py for tasks to queue
[2023-04-07 04:35:07,950] {logging_mixin.py:115} INFO - [2023-04-07 04:35:07,950] {dagbag.py:507} INFO - Filling up the DagBag from /home/airflow/.local/lib/python3.7/site-packages/airflow/example_dags/example_time_delta_sensor_async.py
[2023-04-07 04:35:07,954] {processor.py:651} INFO - DAG(s) dict_keys(['example_time_delta_sensor_async']) retrieved from /home/airflow/.local/lib/python3.7/site-packages/airflow/example_dags/example_time_delta_sensor_async.py
[2023-04-07 04:35:07,977] {logging_mixin.py:115} INFO - [2023-04-07 04:35:07,977] {dag.py:2371} INFO - Sync 1 DAGs
[2023-04-07 04:35:07,988] {logging_mixin.py:115} INFO - [2023-04-07 04:35:07,988] {dag.py:2919} INFO - Setting next_dagrun for example_time_delta_sensor_async to None, run_after=None
[2023-04-07 04:35:07,994] {processor.py:161} INFO - Processing /home/airflow/.local/lib/python3.7/site-packages/airflow/example_dags/example_time_delta_sensor_async.py took 0.047 seconds
[2023-04-07 05:44:23,092] {processor.py:153} INFO - Started process (PID=49528) to work on /home/airflow/.local/lib/python3.7/site-packages/airflow/example_dags/example_time_delta_sensor_async.py
[2023-04-07 05:44:23,095] {processor.py:641} INFO - Processing file /home/airflow/.local/lib/python3.7/site-packages/airflow/example_dags/example_time_delta_sensor_async.py for tasks to queue
[2023-04-07 05:44:23,101] {logging_mixin.py:115} INFO - [2023-04-07 05:44:23,101] {dagbag.py:507} INFO - Filling up the DagBag from /home/airflow/.local/lib/python3.7/site-packages/airflow/example_dags/example_time_delta_sensor_async.py
[2023-04-07 05:44:23,108] {processor.py:651} INFO - DAG(s) dict_keys(['example_time_delta_sensor_async']) retrieved from /home/airflow/.local/lib/python3.7/site-packages/airflow/example_dags/example_time_delta_sensor_async.py
[2023-04-07 05:44:23,151] {logging_mixin.py:115} INFO - [2023-04-07 05:44:23,151] {dag.py:2371} INFO - Sync 1 DAGs
[2023-04-07 05:44:23,168] {logging_mixin.py:115} INFO - [2023-04-07 05:44:23,167] {dag.py:2919} INFO - Setting next_dagrun for example_time_delta_sensor_async to None, run_after=None
[2023-04-07 05:44:23,177] {processor.py:161} INFO - Processing /home/airflow/.local/lib/python3.7/site-packages/airflow/example_dags/example_time_delta_sensor_async.py took 0.091 seconds
[2023-04-07 06:47:44,158] {processor.py:153} INFO - Started process (PID=49590) to work on /home/airflow/.local/lib/python3.7/site-packages/airflow/example_dags/example_time_delta_sensor_async.py
[2023-04-07 06:47:44,162] {processor.py:641} INFO - Processing file /home/airflow/.local/lib/python3.7/site-packages/airflow/example_dags/example_time_delta_sensor_async.py for tasks to queue
[2023-04-07 06:47:44,163] {logging_mixin.py:115} INFO - [2023-04-07 06:47:44,163] {dagbag.py:507} INFO - Filling up the DagBag from /home/airflow/.local/lib/python3.7/site-packages/airflow/example_dags/example_time_delta_sensor_async.py
[2023-04-07 06:47:44,170] {processor.py:651} INFO - DAG(s) dict_keys(['example_time_delta_sensor_async']) retrieved from /home/airflow/.local/lib/python3.7/site-packages/airflow/example_dags/example_time_delta_sensor_async.py
[2023-04-07 06:47:44,209] {logging_mixin.py:115} INFO - [2023-04-07 06:47:44,208] {dag.py:2371} INFO - Sync 1 DAGs
[2023-04-07 06:47:44,223] {logging_mixin.py:115} INFO - [2023-04-07 06:47:44,223] {dag.py:2919} INFO - Setting next_dagrun for example_time_delta_sensor_async to None, run_after=None
[2023-04-07 06:47:44,235] {processor.py:161} INFO - Processing /home/airflow/.local/lib/python3.7/site-packages/airflow/example_dags/example_time_delta_sensor_async.py took 0.081 seconds
[2023-04-07 08:10:38,072] {processor.py:153} INFO - Started process (PID=49651) to work on /home/airflow/.local/lib/python3.7/site-packages/airflow/example_dags/example_time_delta_sensor_async.py
[2023-04-07 08:10:38,073] {processor.py:641} INFO - Processing file /home/airflow/.local/lib/python3.7/site-packages/airflow/example_dags/example_time_delta_sensor_async.py for tasks to queue
[2023-04-07 08:10:38,074] {logging_mixin.py:115} INFO - [2023-04-07 08:10:38,074] {dagbag.py:507} INFO - Filling up the DagBag from /home/airflow/.local/lib/python3.7/site-packages/airflow/example_dags/example_time_delta_sensor_async.py
[2023-04-07 08:10:38,078] {processor.py:651} INFO - DAG(s) dict_keys(['example_time_delta_sensor_async']) retrieved from /home/airflow/.local/lib/python3.7/site-packages/airflow/example_dags/example_time_delta_sensor_async.py
[2023-04-07 08:10:38,104] {logging_mixin.py:115} INFO - [2023-04-07 08:10:38,104] {dag.py:2371} INFO - Sync 1 DAGs
[2023-04-07 08:10:38,115] {logging_mixin.py:115} INFO - [2023-04-07 08:10:38,115] {dag.py:2919} INFO - Setting next_dagrun for example_time_delta_sensor_async to None, run_after=None
[2023-04-07 08:10:38,122] {processor.py:161} INFO - Processing /home/airflow/.local/lib/python3.7/site-packages/airflow/example_dags/example_time_delta_sensor_async.py took 0.052 seconds
[2023-04-07 09:16:47,550] {processor.py:153} INFO - Started process (PID=49704) to work on /home/airflow/.local/lib/python3.7/site-packages/airflow/example_dags/example_time_delta_sensor_async.py
[2023-04-07 09:16:47,551] {processor.py:641} INFO - Processing file /home/airflow/.local/lib/python3.7/site-packages/airflow/example_dags/example_time_delta_sensor_async.py for tasks to queue
[2023-04-07 09:16:47,552] {logging_mixin.py:115} INFO - [2023-04-07 09:16:47,552] {dagbag.py:507} INFO - Filling up the DagBag from /home/airflow/.local/lib/python3.7/site-packages/airflow/example_dags/example_time_delta_sensor_async.py
[2023-04-07 09:16:47,556] {processor.py:651} INFO - DAG(s) dict_keys(['example_time_delta_sensor_async']) retrieved from /home/airflow/.local/lib/python3.7/site-packages/airflow/example_dags/example_time_delta_sensor_async.py
[2023-04-07 09:16:47,583] {logging_mixin.py:115} INFO - [2023-04-07 09:16:47,583] {dag.py:2371} INFO - Sync 1 DAGs
[2023-04-07 09:16:47,595] {logging_mixin.py:115} INFO - [2023-04-07 09:16:47,595] {dag.py:2919} INFO - Setting next_dagrun for example_time_delta_sensor_async to None, run_after=None
[2023-04-07 09:16:47,601] {processor.py:161} INFO - Processing /home/airflow/.local/lib/python3.7/site-packages/airflow/example_dags/example_time_delta_sensor_async.py took 0.054 seconds
[2023-04-07 10:24:58,306] {processor.py:153} INFO - Started process (PID=49766) to work on /home/airflow/.local/lib/python3.7/site-packages/airflow/example_dags/example_time_delta_sensor_async.py
[2023-04-07 10:24:58,307] {processor.py:641} INFO - Processing file /home/airflow/.local/lib/python3.7/site-packages/airflow/example_dags/example_time_delta_sensor_async.py for tasks to queue
[2023-04-07 10:24:58,308] {logging_mixin.py:115} INFO - [2023-04-07 10:24:58,308] {dagbag.py:507} INFO - Filling up the DagBag from /home/airflow/.local/lib/python3.7/site-packages/airflow/example_dags/example_time_delta_sensor_async.py
[2023-04-07 10:24:58,311] {processor.py:651} INFO - DAG(s) dict_keys(['example_time_delta_sensor_async']) retrieved from /home/airflow/.local/lib/python3.7/site-packages/airflow/example_dags/example_time_delta_sensor_async.py
[2023-04-07 10:24:58,335] {logging_mixin.py:115} INFO - [2023-04-07 10:24:58,335] {dag.py:2371} INFO - Sync 1 DAGs
[2023-04-07 10:24:58,345] {logging_mixin.py:115} INFO - [2023-04-07 10:24:58,345] {dag.py:2919} INFO - Setting next_dagrun for example_time_delta_sensor_async to None, run_after=None
[2023-04-07 10:24:58,351] {processor.py:161} INFO - Processing /home/airflow/.local/lib/python3.7/site-packages/airflow/example_dags/example_time_delta_sensor_async.py took 0.047 seconds
[2023-04-07 11:08:33,369] {processor.py:153} INFO - Started process (PID=49828) to work on /home/airflow/.local/lib/python3.7/site-packages/airflow/example_dags/example_time_delta_sensor_async.py
[2023-04-07 11:08:33,373] {processor.py:641} INFO - Processing file /home/airflow/.local/lib/python3.7/site-packages/airflow/example_dags/example_time_delta_sensor_async.py for tasks to queue
[2023-04-07 11:08:33,374] {logging_mixin.py:115} INFO - [2023-04-07 11:08:33,374] {dagbag.py:507} INFO - Filling up the DagBag from /home/airflow/.local/lib/python3.7/site-packages/airflow/example_dags/example_time_delta_sensor_async.py
[2023-04-07 11:08:33,383] {processor.py:651} INFO - DAG(s) dict_keys(['example_time_delta_sensor_async']) retrieved from /home/airflow/.local/lib/python3.7/site-packages/airflow/example_dags/example_time_delta_sensor_async.py
[2023-04-07 11:08:33,422] {logging_mixin.py:115} INFO - [2023-04-07 11:08:33,422] {dag.py:2371} INFO - Sync 1 DAGs
[2023-04-07 11:08:33,437] {logging_mixin.py:115} INFO - [2023-04-07 11:08:33,437] {dag.py:2919} INFO - Setting next_dagrun for example_time_delta_sensor_async to None, run_after=None
[2023-04-07 11:08:33,454] {processor.py:161} INFO - Processing /home/airflow/.local/lib/python3.7/site-packages/airflow/example_dags/example_time_delta_sensor_async.py took 0.089 seconds
[2023-04-07 11:09:04,092] {processor.py:153} INFO - Started process (PID=49890) to work on /home/airflow/.local/lib/python3.7/site-packages/airflow/example_dags/example_time_delta_sensor_async.py
[2023-04-07 11:09:04,092] {processor.py:641} INFO - Processing file /home/airflow/.local/lib/python3.7/site-packages/airflow/example_dags/example_time_delta_sensor_async.py for tasks to queue
[2023-04-07 11:09:04,093] {logging_mixin.py:115} INFO - [2023-04-07 11:09:04,093] {dagbag.py:507} INFO - Filling up the DagBag from /home/airflow/.local/lib/python3.7/site-packages/airflow/example_dags/example_time_delta_sensor_async.py
[2023-04-07 11:09:04,096] {processor.py:651} INFO - DAG(s) dict_keys(['example_time_delta_sensor_async']) retrieved from /home/airflow/.local/lib/python3.7/site-packages/airflow/example_dags/example_time_delta_sensor_async.py
[2023-04-07 11:09:04,119] {logging_mixin.py:115} INFO - [2023-04-07 11:09:04,119] {dag.py:2371} INFO - Sync 1 DAGs
[2023-04-07 11:09:04,130] {logging_mixin.py:115} INFO - [2023-04-07 11:09:04,130] {dag.py:2919} INFO - Setting next_dagrun for example_time_delta_sensor_async to None, run_after=None
[2023-04-07 11:09:04,136] {processor.py:161} INFO - Processing /home/airflow/.local/lib/python3.7/site-packages/airflow/example_dags/example_time_delta_sensor_async.py took 0.046 seconds
[2023-04-07 12:29:46,527] {processor.py:153} INFO - Started process (PID=49952) to work on /home/airflow/.local/lib/python3.7/site-packages/airflow/example_dags/example_time_delta_sensor_async.py
[2023-04-07 12:29:46,528] {processor.py:641} INFO - Processing file /home/airflow/.local/lib/python3.7/site-packages/airflow/example_dags/example_time_delta_sensor_async.py for tasks to queue
[2023-04-07 12:29:46,528] {logging_mixin.py:115} INFO - [2023-04-07 12:29:46,528] {dagbag.py:507} INFO - Filling up the DagBag from /home/airflow/.local/lib/python3.7/site-packages/airflow/example_dags/example_time_delta_sensor_async.py
[2023-04-07 12:29:46,532] {processor.py:651} INFO - DAG(s) dict_keys(['example_time_delta_sensor_async']) retrieved from /home/airflow/.local/lib/python3.7/site-packages/airflow/example_dags/example_time_delta_sensor_async.py
[2023-04-07 12:29:46,563] {logging_mixin.py:115} INFO - [2023-04-07 12:29:46,563] {dag.py:2371} INFO - Sync 1 DAGs
[2023-04-07 12:29:46,576] {logging_mixin.py:115} INFO - [2023-04-07 12:29:46,576] {dag.py:2919} INFO - Setting next_dagrun for example_time_delta_sensor_async to None, run_after=None
[2023-04-07 12:29:46,583] {processor.py:161} INFO - Processing /home/airflow/.local/lib/python3.7/site-packages/airflow/example_dags/example_time_delta_sensor_async.py took 0.058 seconds
[2023-04-07 13:38:13,977] {processor.py:153} INFO - Started process (PID=50005) to work on /home/airflow/.local/lib/python3.7/site-packages/airflow/example_dags/example_time_delta_sensor_async.py
[2023-04-07 13:38:13,978] {processor.py:641} INFO - Processing file /home/airflow/.local/lib/python3.7/site-packages/airflow/example_dags/example_time_delta_sensor_async.py for tasks to queue
[2023-04-07 13:38:13,978] {logging_mixin.py:115} INFO - [2023-04-07 13:38:13,978] {dagbag.py:507} INFO - Filling up the DagBag from /home/airflow/.local/lib/python3.7/site-packages/airflow/example_dags/example_time_delta_sensor_async.py
[2023-04-07 13:38:13,982] {processor.py:651} INFO - DAG(s) dict_keys(['example_time_delta_sensor_async']) retrieved from /home/airflow/.local/lib/python3.7/site-packages/airflow/example_dags/example_time_delta_sensor_async.py
[2023-04-07 13:38:14,005] {logging_mixin.py:115} INFO - [2023-04-07 13:38:14,005] {dag.py:2371} INFO - Sync 1 DAGs
[2023-04-07 13:38:14,016] {logging_mixin.py:115} INFO - [2023-04-07 13:38:14,016] {dag.py:2919} INFO - Setting next_dagrun for example_time_delta_sensor_async to None, run_after=None
[2023-04-07 13:38:14,023] {processor.py:161} INFO - Processing /home/airflow/.local/lib/python3.7/site-packages/airflow/example_dags/example_time_delta_sensor_async.py took 0.048 seconds
[2023-04-07 14:43:44,003] {processor.py:153} INFO - Started process (PID=50068) to work on /home/airflow/.local/lib/python3.7/site-packages/airflow/example_dags/example_time_delta_sensor_async.py
[2023-04-07 14:43:44,004] {processor.py:641} INFO - Processing file /home/airflow/.local/lib/python3.7/site-packages/airflow/example_dags/example_time_delta_sensor_async.py for tasks to queue
[2023-04-07 14:43:44,005] {logging_mixin.py:115} INFO - [2023-04-07 14:43:44,005] {dagbag.py:507} INFO - Filling up the DagBag from /home/airflow/.local/lib/python3.7/site-packages/airflow/example_dags/example_time_delta_sensor_async.py
[2023-04-07 14:43:44,008] {processor.py:651} INFO - DAG(s) dict_keys(['example_time_delta_sensor_async']) retrieved from /home/airflow/.local/lib/python3.7/site-packages/airflow/example_dags/example_time_delta_sensor_async.py
[2023-04-07 14:43:44,030] {logging_mixin.py:115} INFO - [2023-04-07 14:43:44,030] {dag.py:2371} INFO - Sync 1 DAGs
[2023-04-07 14:43:44,040] {logging_mixin.py:115} INFO - [2023-04-07 14:43:44,040] {dag.py:2919} INFO - Setting next_dagrun for example_time_delta_sensor_async to None, run_after=None
[2023-04-07 14:43:44,045] {processor.py:161} INFO - Processing /home/airflow/.local/lib/python3.7/site-packages/airflow/example_dags/example_time_delta_sensor_async.py took 0.044 seconds
[2023-04-07 16:07:13,581] {processor.py:153} INFO - Started process (PID=50129) to work on /home/airflow/.local/lib/python3.7/site-packages/airflow/example_dags/example_time_delta_sensor_async.py
[2023-04-07 16:07:13,583] {processor.py:641} INFO - Processing file /home/airflow/.local/lib/python3.7/site-packages/airflow/example_dags/example_time_delta_sensor_async.py for tasks to queue
[2023-04-07 16:07:13,583] {logging_mixin.py:115} INFO - [2023-04-07 16:07:13,583] {dagbag.py:507} INFO - Filling up the DagBag from /home/airflow/.local/lib/python3.7/site-packages/airflow/example_dags/example_time_delta_sensor_async.py
[2023-04-07 16:07:13,588] {processor.py:651} INFO - DAG(s) dict_keys(['example_time_delta_sensor_async']) retrieved from /home/airflow/.local/lib/python3.7/site-packages/airflow/example_dags/example_time_delta_sensor_async.py
[2023-04-07 16:07:13,630] {logging_mixin.py:115} INFO - [2023-04-07 16:07:13,629] {dag.py:2371} INFO - Sync 1 DAGs
[2023-04-07 16:07:13,645] {logging_mixin.py:115} INFO - [2023-04-07 16:07:13,645] {dag.py:2919} INFO - Setting next_dagrun for example_time_delta_sensor_async to None, run_after=None
[2023-04-07 16:07:13,652] {processor.py:161} INFO - Processing /home/airflow/.local/lib/python3.7/site-packages/airflow/example_dags/example_time_delta_sensor_async.py took 0.073 seconds
[2023-04-07 17:10:58,795] {processor.py:153} INFO - Started process (PID=50191) to work on /home/airflow/.local/lib/python3.7/site-packages/airflow/example_dags/example_time_delta_sensor_async.py
[2023-04-07 17:10:58,796] {processor.py:641} INFO - Processing file /home/airflow/.local/lib/python3.7/site-packages/airflow/example_dags/example_time_delta_sensor_async.py for tasks to queue
[2023-04-07 17:10:58,797] {logging_mixin.py:115} INFO - [2023-04-07 17:10:58,797] {dagbag.py:507} INFO - Filling up the DagBag from /home/airflow/.local/lib/python3.7/site-packages/airflow/example_dags/example_time_delta_sensor_async.py
[2023-04-07 17:10:58,803] {processor.py:651} INFO - DAG(s) dict_keys(['example_time_delta_sensor_async']) retrieved from /home/airflow/.local/lib/python3.7/site-packages/airflow/example_dags/example_time_delta_sensor_async.py
[2023-04-07 17:10:58,848] {logging_mixin.py:115} INFO - [2023-04-07 17:10:58,848] {dag.py:2371} INFO - Sync 1 DAGs
[2023-04-07 17:10:58,867] {logging_mixin.py:115} INFO - [2023-04-07 17:10:58,867] {dag.py:2919} INFO - Setting next_dagrun for example_time_delta_sensor_async to None, run_after=None
[2023-04-07 17:10:58,875] {processor.py:161} INFO - Processing /home/airflow/.local/lib/python3.7/site-packages/airflow/example_dags/example_time_delta_sensor_async.py took 0.085 seconds
[2023-04-07 18:18:12,223] {processor.py:153} INFO - Started process (PID=50252) to work on /home/airflow/.local/lib/python3.7/site-packages/airflow/example_dags/example_time_delta_sensor_async.py
[2023-04-07 18:18:12,224] {processor.py:641} INFO - Processing file /home/airflow/.local/lib/python3.7/site-packages/airflow/example_dags/example_time_delta_sensor_async.py for tasks to queue
[2023-04-07 18:18:12,225] {logging_mixin.py:115} INFO - [2023-04-07 18:18:12,224] {dagbag.py:507} INFO - Filling up the DagBag from /home/airflow/.local/lib/python3.7/site-packages/airflow/example_dags/example_time_delta_sensor_async.py
[2023-04-07 18:18:12,229] {processor.py:651} INFO - DAG(s) dict_keys(['example_time_delta_sensor_async']) retrieved from /home/airflow/.local/lib/python3.7/site-packages/airflow/example_dags/example_time_delta_sensor_async.py
[2023-04-07 18:18:12,267] {logging_mixin.py:115} INFO - [2023-04-07 18:18:12,267] {dag.py:2371} INFO - Sync 1 DAGs
[2023-04-07 18:18:12,282] {logging_mixin.py:115} INFO - [2023-04-07 18:18:12,282] {dag.py:2919} INFO - Setting next_dagrun for example_time_delta_sensor_async to None, run_after=None
[2023-04-07 18:18:12,288] {processor.py:161} INFO - Processing /home/airflow/.local/lib/python3.7/site-packages/airflow/example_dags/example_time_delta_sensor_async.py took 0.068 seconds
[2023-04-07 19:21:17,950] {processor.py:153} INFO - Started process (PID=50305) to work on /home/airflow/.local/lib/python3.7/site-packages/airflow/example_dags/example_time_delta_sensor_async.py
[2023-04-07 19:21:17,951] {processor.py:641} INFO - Processing file /home/airflow/.local/lib/python3.7/site-packages/airflow/example_dags/example_time_delta_sensor_async.py for tasks to queue
[2023-04-07 19:21:17,952] {logging_mixin.py:115} INFO - [2023-04-07 19:21:17,952] {dagbag.py:507} INFO - Filling up the DagBag from /home/airflow/.local/lib/python3.7/site-packages/airflow/example_dags/example_time_delta_sensor_async.py
[2023-04-07 19:21:17,955] {processor.py:651} INFO - DAG(s) dict_keys(['example_time_delta_sensor_async']) retrieved from /home/airflow/.local/lib/python3.7/site-packages/airflow/example_dags/example_time_delta_sensor_async.py
[2023-04-07 19:21:17,979] {logging_mixin.py:115} INFO - [2023-04-07 19:21:17,979] {dag.py:2371} INFO - Sync 1 DAGs
[2023-04-07 19:21:17,990] {logging_mixin.py:115} INFO - [2023-04-07 19:21:17,990] {dag.py:2919} INFO - Setting next_dagrun for example_time_delta_sensor_async to None, run_after=None
[2023-04-07 19:21:17,995] {processor.py:161} INFO - Processing /home/airflow/.local/lib/python3.7/site-packages/airflow/example_dags/example_time_delta_sensor_async.py took 0.047 seconds
[2023-04-07 19:21:48,275] {processor.py:153} INFO - Started process (PID=50367) to work on /home/airflow/.local/lib/python3.7/site-packages/airflow/example_dags/example_time_delta_sensor_async.py
[2023-04-07 19:21:48,276] {processor.py:641} INFO - Processing file /home/airflow/.local/lib/python3.7/site-packages/airflow/example_dags/example_time_delta_sensor_async.py for tasks to queue
[2023-04-07 19:21:48,277] {logging_mixin.py:115} INFO - [2023-04-07 19:21:48,277] {dagbag.py:507} INFO - Filling up the DagBag from /home/airflow/.local/lib/python3.7/site-packages/airflow/example_dags/example_time_delta_sensor_async.py
[2023-04-07 19:21:48,280] {processor.py:651} INFO - DAG(s) dict_keys(['example_time_delta_sensor_async']) retrieved from /home/airflow/.local/lib/python3.7/site-packages/airflow/example_dags/example_time_delta_sensor_async.py
[2023-04-07 19:21:48,305] {logging_mixin.py:115} INFO - [2023-04-07 19:21:48,305] {dag.py:2371} INFO - Sync 1 DAGs
[2023-04-07 19:21:48,316] {logging_mixin.py:115} INFO - [2023-04-07 19:21:48,316] {dag.py:2919} INFO - Setting next_dagrun for example_time_delta_sensor_async to None, run_after=None
[2023-04-07 19:21:48,321] {processor.py:161} INFO - Processing /home/airflow/.local/lib/python3.7/site-packages/airflow/example_dags/example_time_delta_sensor_async.py took 0.049 seconds
[2023-04-07 19:35:26,224] {processor.py:153} INFO - Started process (PID=50426) to work on /home/airflow/.local/lib/python3.7/site-packages/airflow/example_dags/example_time_delta_sensor_async.py
[2023-04-07 19:35:26,225] {processor.py:641} INFO - Processing file /home/airflow/.local/lib/python3.7/site-packages/airflow/example_dags/example_time_delta_sensor_async.py for tasks to queue
[2023-04-07 19:35:26,226] {logging_mixin.py:115} INFO - [2023-04-07 19:35:26,226] {dagbag.py:507} INFO - Filling up the DagBag from /home/airflow/.local/lib/python3.7/site-packages/airflow/example_dags/example_time_delta_sensor_async.py
[2023-04-07 19:35:26,233] {processor.py:651} INFO - DAG(s) dict_keys(['example_time_delta_sensor_async']) retrieved from /home/airflow/.local/lib/python3.7/site-packages/airflow/example_dags/example_time_delta_sensor_async.py
[2023-04-07 19:35:26,308] {logging_mixin.py:115} INFO - [2023-04-07 19:35:26,308] {dag.py:2371} INFO - Sync 1 DAGs
[2023-04-07 19:35:26,338] {logging_mixin.py:115} INFO - [2023-04-07 19:35:26,338] {dag.py:2919} INFO - Setting next_dagrun for example_time_delta_sensor_async to None, run_after=None
[2023-04-07 19:35:26,345] {processor.py:161} INFO - Processing /home/airflow/.local/lib/python3.7/site-packages/airflow/example_dags/example_time_delta_sensor_async.py took 0.126 seconds
[2023-04-07 19:35:56,697] {processor.py:153} INFO - Started process (PID=50489) to work on /home/airflow/.local/lib/python3.7/site-packages/airflow/example_dags/example_time_delta_sensor_async.py
[2023-04-07 19:35:56,698] {processor.py:641} INFO - Processing file /home/airflow/.local/lib/python3.7/site-packages/airflow/example_dags/example_time_delta_sensor_async.py for tasks to queue
[2023-04-07 19:35:56,698] {logging_mixin.py:115} INFO - [2023-04-07 19:35:56,698] {dagbag.py:507} INFO - Filling up the DagBag from /home/airflow/.local/lib/python3.7/site-packages/airflow/example_dags/example_time_delta_sensor_async.py
[2023-04-07 19:35:56,701] {processor.py:651} INFO - DAG(s) dict_keys(['example_time_delta_sensor_async']) retrieved from /home/airflow/.local/lib/python3.7/site-packages/airflow/example_dags/example_time_delta_sensor_async.py
[2023-04-07 19:35:56,724] {logging_mixin.py:115} INFO - [2023-04-07 19:35:56,724] {dag.py:2371} INFO - Sync 1 DAGs
[2023-04-07 19:35:56,734] {logging_mixin.py:115} INFO - [2023-04-07 19:35:56,734] {dag.py:2919} INFO - Setting next_dagrun for example_time_delta_sensor_async to None, run_after=None
[2023-04-07 19:35:56,739] {processor.py:161} INFO - Processing /home/airflow/.local/lib/python3.7/site-packages/airflow/example_dags/example_time_delta_sensor_async.py took 0.044 seconds
[2023-04-07 20:42:20,258] {processor.py:153} INFO - Started process (PID=50549) to work on /home/airflow/.local/lib/python3.7/site-packages/airflow/example_dags/example_time_delta_sensor_async.py
[2023-04-07 20:42:20,259] {processor.py:641} INFO - Processing file /home/airflow/.local/lib/python3.7/site-packages/airflow/example_dags/example_time_delta_sensor_async.py for tasks to queue
[2023-04-07 20:42:20,259] {logging_mixin.py:115} INFO - [2023-04-07 20:42:20,259] {dagbag.py:507} INFO - Filling up the DagBag from /home/airflow/.local/lib/python3.7/site-packages/airflow/example_dags/example_time_delta_sensor_async.py
[2023-04-07 20:42:20,263] {processor.py:651} INFO - DAG(s) dict_keys(['example_time_delta_sensor_async']) retrieved from /home/airflow/.local/lib/python3.7/site-packages/airflow/example_dags/example_time_delta_sensor_async.py
[2023-04-07 20:42:20,287] {logging_mixin.py:115} INFO - [2023-04-07 20:42:20,287] {dag.py:2371} INFO - Sync 1 DAGs
[2023-04-07 20:42:20,298] {logging_mixin.py:115} INFO - [2023-04-07 20:42:20,298] {dag.py:2919} INFO - Setting next_dagrun for example_time_delta_sensor_async to None, run_after=None
[2023-04-07 20:42:20,304] {processor.py:161} INFO - Processing /home/airflow/.local/lib/python3.7/site-packages/airflow/example_dags/example_time_delta_sensor_async.py took 0.048 seconds
[2023-04-07 21:32:24,671] {processor.py:153} INFO - Started process (PID=50604) to work on /home/airflow/.local/lib/python3.7/site-packages/airflow/example_dags/example_time_delta_sensor_async.py
[2023-04-07 21:32:24,672] {processor.py:641} INFO - Processing file /home/airflow/.local/lib/python3.7/site-packages/airflow/example_dags/example_time_delta_sensor_async.py for tasks to queue
[2023-04-07 21:32:24,673] {logging_mixin.py:115} INFO - [2023-04-07 21:32:24,673] {dagbag.py:507} INFO - Filling up the DagBag from /home/airflow/.local/lib/python3.7/site-packages/airflow/example_dags/example_time_delta_sensor_async.py
[2023-04-07 21:32:24,676] {processor.py:651} INFO - DAG(s) dict_keys(['example_time_delta_sensor_async']) retrieved from /home/airflow/.local/lib/python3.7/site-packages/airflow/example_dags/example_time_delta_sensor_async.py
[2023-04-07 21:32:24,699] {logging_mixin.py:115} INFO - [2023-04-07 21:32:24,699] {dag.py:2371} INFO - Sync 1 DAGs
[2023-04-07 21:32:24,710] {logging_mixin.py:115} INFO - [2023-04-07 21:32:24,710] {dag.py:2919} INFO - Setting next_dagrun for example_time_delta_sensor_async to None, run_after=None
[2023-04-07 21:32:24,716] {processor.py:161} INFO - Processing /home/airflow/.local/lib/python3.7/site-packages/airflow/example_dags/example_time_delta_sensor_async.py took 0.046 seconds
[2023-04-07 22:38:23,120] {processor.py:153} INFO - Started process (PID=50666) to work on /home/airflow/.local/lib/python3.7/site-packages/airflow/example_dags/example_time_delta_sensor_async.py
[2023-04-07 22:38:23,121] {processor.py:641} INFO - Processing file /home/airflow/.local/lib/python3.7/site-packages/airflow/example_dags/example_time_delta_sensor_async.py for tasks to queue
[2023-04-07 22:38:23,122] {logging_mixin.py:115} INFO - [2023-04-07 22:38:23,122] {dagbag.py:507} INFO - Filling up the DagBag from /home/airflow/.local/lib/python3.7/site-packages/airflow/example_dags/example_time_delta_sensor_async.py
[2023-04-07 22:38:23,126] {processor.py:651} INFO - DAG(s) dict_keys(['example_time_delta_sensor_async']) retrieved from /home/airflow/.local/lib/python3.7/site-packages/airflow/example_dags/example_time_delta_sensor_async.py
[2023-04-07 22:38:23,150] {logging_mixin.py:115} INFO - [2023-04-07 22:38:23,150] {dag.py:2371} INFO - Sync 1 DAGs
[2023-04-07 22:38:23,164] {logging_mixin.py:115} INFO - [2023-04-07 22:38:23,164] {dag.py:2919} INFO - Setting next_dagrun for example_time_delta_sensor_async to None, run_after=None
[2023-04-07 22:38:23,170] {processor.py:161} INFO - Processing /home/airflow/.local/lib/python3.7/site-packages/airflow/example_dags/example_time_delta_sensor_async.py took 0.052 seconds
