[2023-04-07 00:21:18,847] {processor.py:153} INFO - Started process (PID=49165) to work on /home/airflow/.local/lib/python3.7/site-packages/airflow/example_dags/example_short_circuit_operator.py
[2023-04-07 00:21:18,848] {processor.py:641} INFO - Processing file /home/airflow/.local/lib/python3.7/site-packages/airflow/example_dags/example_short_circuit_operator.py for tasks to queue
[2023-04-07 00:21:18,849] {logging_mixin.py:115} INFO - [2023-04-07 00:21:18,849] {dagbag.py:507} INFO - Filling up the DagBag from /home/airflow/.local/lib/python3.7/site-packages/airflow/example_dags/example_short_circuit_operator.py
[2023-04-07 00:21:18,858] {processor.py:651} INFO - DAG(s) dict_keys(['example_short_circuit_operator']) retrieved from /home/airflow/.local/lib/python3.7/site-packages/airflow/example_dags/example_short_circuit_operator.py
[2023-04-07 00:21:18,888] {logging_mixin.py:115} INFO - [2023-04-07 00:21:18,888] {dag.py:2371} INFO - Sync 1 DAGs
[2023-04-07 00:21:18,911] {logging_mixin.py:115} INFO - [2023-04-07 00:21:18,911] {dag.py:2919} INFO - Setting next_dagrun for example_short_circuit_operator to 2023-04-06T00:21:18.910744+00:00, run_after=2023-04-07T00:21:18.910744+00:00
[2023-04-07 00:21:18,921] {processor.py:161} INFO - Processing /home/airflow/.local/lib/python3.7/site-packages/airflow/example_dags/example_short_circuit_operator.py took 0.078 seconds
[2023-04-07 01:26:28,002] {processor.py:153} INFO - Started process (PID=49227) to work on /home/airflow/.local/lib/python3.7/site-packages/airflow/example_dags/example_short_circuit_operator.py
[2023-04-07 01:26:28,003] {processor.py:641} INFO - Processing file /home/airflow/.local/lib/python3.7/site-packages/airflow/example_dags/example_short_circuit_operator.py for tasks to queue
[2023-04-07 01:26:28,004] {logging_mixin.py:115} INFO - [2023-04-07 01:26:28,004] {dagbag.py:507} INFO - Filling up the DagBag from /home/airflow/.local/lib/python3.7/site-packages/airflow/example_dags/example_short_circuit_operator.py
[2023-04-07 01:26:28,012] {processor.py:651} INFO - DAG(s) dict_keys(['example_short_circuit_operator']) retrieved from /home/airflow/.local/lib/python3.7/site-packages/airflow/example_dags/example_short_circuit_operator.py
[2023-04-07 01:26:28,045] {logging_mixin.py:115} INFO - [2023-04-07 01:26:28,045] {dag.py:2371} INFO - Sync 1 DAGs
[2023-04-07 01:26:28,058] {logging_mixin.py:115} INFO - [2023-04-07 01:26:28,058] {dag.py:2919} INFO - Setting next_dagrun for example_short_circuit_operator to 2023-04-06T01:26:28.058524+00:00, run_after=2023-04-07T01:26:28.058524+00:00
[2023-04-07 01:26:28,066] {processor.py:161} INFO - Processing /home/airflow/.local/lib/python3.7/site-packages/airflow/example_dags/example_short_circuit_operator.py took 0.066 seconds
[2023-04-07 02:49:14,970] {processor.py:153} INFO - Started process (PID=49288) to work on /home/airflow/.local/lib/python3.7/site-packages/airflow/example_dags/example_short_circuit_operator.py
[2023-04-07 02:49:14,971] {processor.py:641} INFO - Processing file /home/airflow/.local/lib/python3.7/site-packages/airflow/example_dags/example_short_circuit_operator.py for tasks to queue
[2023-04-07 02:49:14,972] {logging_mixin.py:115} INFO - [2023-04-07 02:49:14,972] {dagbag.py:507} INFO - Filling up the DagBag from /home/airflow/.local/lib/python3.7/site-packages/airflow/example_dags/example_short_circuit_operator.py
[2023-04-07 02:49:14,981] {processor.py:651} INFO - DAG(s) dict_keys(['example_short_circuit_operator']) retrieved from /home/airflow/.local/lib/python3.7/site-packages/airflow/example_dags/example_short_circuit_operator.py
[2023-04-07 02:49:15,007] {logging_mixin.py:115} INFO - [2023-04-07 02:49:15,007] {dag.py:2371} INFO - Sync 1 DAGs
[2023-04-07 02:49:15,029] {logging_mixin.py:115} INFO - [2023-04-07 02:49:15,029] {dag.py:2919} INFO - Setting next_dagrun for example_short_circuit_operator to 2023-04-06T02:49:15.028969+00:00, run_after=2023-04-07T02:49:15.028969+00:00
[2023-04-07 02:49:15,042] {processor.py:161} INFO - Processing /home/airflow/.local/lib/python3.7/site-packages/airflow/example_dags/example_short_circuit_operator.py took 0.076 seconds
[2023-04-07 02:55:41,823] {processor.py:153} INFO - Started process (PID=49350) to work on /home/airflow/.local/lib/python3.7/site-packages/airflow/example_dags/example_short_circuit_operator.py
[2023-04-07 02:55:41,824] {processor.py:641} INFO - Processing file /home/airflow/.local/lib/python3.7/site-packages/airflow/example_dags/example_short_circuit_operator.py for tasks to queue
[2023-04-07 02:55:41,824] {logging_mixin.py:115} INFO - [2023-04-07 02:55:41,824] {dagbag.py:507} INFO - Filling up the DagBag from /home/airflow/.local/lib/python3.7/site-packages/airflow/example_dags/example_short_circuit_operator.py
[2023-04-07 02:55:41,831] {processor.py:651} INFO - DAG(s) dict_keys(['example_short_circuit_operator']) retrieved from /home/airflow/.local/lib/python3.7/site-packages/airflow/example_dags/example_short_circuit_operator.py
[2023-04-07 02:55:41,851] {logging_mixin.py:115} INFO - [2023-04-07 02:55:41,851] {dag.py:2371} INFO - Sync 1 DAGs
[2023-04-07 02:55:41,863] {logging_mixin.py:115} INFO - [2023-04-07 02:55:41,863] {dag.py:2919} INFO - Setting next_dagrun for example_short_circuit_operator to 2023-04-06T02:55:41.863581+00:00, run_after=2023-04-07T02:55:41.863581+00:00
[2023-04-07 02:55:41,869] {processor.py:161} INFO - Processing /home/airflow/.local/lib/python3.7/site-packages/airflow/example_dags/example_short_circuit_operator.py took 0.049 seconds
[2023-04-07 03:13:42,801] {processor.py:153} INFO - Started process (PID=49403) to work on /home/airflow/.local/lib/python3.7/site-packages/airflow/example_dags/example_short_circuit_operator.py
[2023-04-07 03:13:42,802] {processor.py:641} INFO - Processing file /home/airflow/.local/lib/python3.7/site-packages/airflow/example_dags/example_short_circuit_operator.py for tasks to queue
[2023-04-07 03:13:42,803] {logging_mixin.py:115} INFO - [2023-04-07 03:13:42,803] {dagbag.py:507} INFO - Filling up the DagBag from /home/airflow/.local/lib/python3.7/site-packages/airflow/example_dags/example_short_circuit_operator.py
[2023-04-07 03:13:42,809] {processor.py:651} INFO - DAG(s) dict_keys(['example_short_circuit_operator']) retrieved from /home/airflow/.local/lib/python3.7/site-packages/airflow/example_dags/example_short_circuit_operator.py
[2023-04-07 03:13:42,831] {logging_mixin.py:115} INFO - [2023-04-07 03:13:42,831] {dag.py:2371} INFO - Sync 1 DAGs
[2023-04-07 03:13:42,844] {logging_mixin.py:115} INFO - [2023-04-07 03:13:42,844] {dag.py:2919} INFO - Setting next_dagrun for example_short_circuit_operator to 2023-04-06T03:13:42.843808+00:00, run_after=2023-04-07T03:13:42.843808+00:00
[2023-04-07 03:13:42,850] {processor.py:161} INFO - Processing /home/airflow/.local/lib/python3.7/site-packages/airflow/example_dags/example_short_circuit_operator.py took 0.051 seconds
[2023-04-07 04:35:07,905] {processor.py:153} INFO - Started process (PID=49465) to work on /home/airflow/.local/lib/python3.7/site-packages/airflow/example_dags/example_short_circuit_operator.py
[2023-04-07 04:35:07,906] {processor.py:641} INFO - Processing file /home/airflow/.local/lib/python3.7/site-packages/airflow/example_dags/example_short_circuit_operator.py for tasks to queue
[2023-04-07 04:35:07,906] {logging_mixin.py:115} INFO - [2023-04-07 04:35:07,906] {dagbag.py:507} INFO - Filling up the DagBag from /home/airflow/.local/lib/python3.7/site-packages/airflow/example_dags/example_short_circuit_operator.py
[2023-04-07 04:35:07,912] {processor.py:651} INFO - DAG(s) dict_keys(['example_short_circuit_operator']) retrieved from /home/airflow/.local/lib/python3.7/site-packages/airflow/example_dags/example_short_circuit_operator.py
[2023-04-07 04:35:07,930] {logging_mixin.py:115} INFO - [2023-04-07 04:35:07,929] {dag.py:2371} INFO - Sync 1 DAGs
[2023-04-07 04:35:07,941] {logging_mixin.py:115} INFO - [2023-04-07 04:35:07,941] {dag.py:2919} INFO - Setting next_dagrun for example_short_circuit_operator to 2023-04-06T04:35:07.940860+00:00, run_after=2023-04-07T04:35:07.940860+00:00
[2023-04-07 04:35:07,946] {processor.py:161} INFO - Processing /home/airflow/.local/lib/python3.7/site-packages/airflow/example_dags/example_short_circuit_operator.py took 0.043 seconds
[2023-04-07 05:44:22,993] {processor.py:153} INFO - Started process (PID=49527) to work on /home/airflow/.local/lib/python3.7/site-packages/airflow/example_dags/example_short_circuit_operator.py
[2023-04-07 05:44:22,994] {processor.py:641} INFO - Processing file /home/airflow/.local/lib/python3.7/site-packages/airflow/example_dags/example_short_circuit_operator.py for tasks to queue
[2023-04-07 05:44:22,995] {logging_mixin.py:115} INFO - [2023-04-07 05:44:22,995] {dagbag.py:507} INFO - Filling up the DagBag from /home/airflow/.local/lib/python3.7/site-packages/airflow/example_dags/example_short_circuit_operator.py
[2023-04-07 05:44:23,009] {processor.py:651} INFO - DAG(s) dict_keys(['example_short_circuit_operator']) retrieved from /home/airflow/.local/lib/python3.7/site-packages/airflow/example_dags/example_short_circuit_operator.py
[2023-04-07 05:44:23,061] {logging_mixin.py:115} INFO - [2023-04-07 05:44:23,061] {dag.py:2371} INFO - Sync 1 DAGs
[2023-04-07 05:44:23,080] {logging_mixin.py:115} INFO - [2023-04-07 05:44:23,080] {dag.py:2919} INFO - Setting next_dagrun for example_short_circuit_operator to 2023-04-06T05:44:23.080347+00:00, run_after=2023-04-07T05:44:23.080347+00:00
[2023-04-07 05:44:23,096] {processor.py:161} INFO - Processing /home/airflow/.local/lib/python3.7/site-packages/airflow/example_dags/example_short_circuit_operator.py took 0.106 seconds
[2023-04-07 06:47:44,129] {processor.py:153} INFO - Started process (PID=49589) to work on /home/airflow/.local/lib/python3.7/site-packages/airflow/example_dags/example_short_circuit_operator.py
[2023-04-07 06:47:44,132] {processor.py:641} INFO - Processing file /home/airflow/.local/lib/python3.7/site-packages/airflow/example_dags/example_short_circuit_operator.py for tasks to queue
[2023-04-07 06:47:44,133] {logging_mixin.py:115} INFO - [2023-04-07 06:47:44,133] {dagbag.py:507} INFO - Filling up the DagBag from /home/airflow/.local/lib/python3.7/site-packages/airflow/example_dags/example_short_circuit_operator.py
[2023-04-07 06:47:44,139] {processor.py:651} INFO - DAG(s) dict_keys(['example_short_circuit_operator']) retrieved from /home/airflow/.local/lib/python3.7/site-packages/airflow/example_dags/example_short_circuit_operator.py
[2023-04-07 06:47:44,173] {logging_mixin.py:115} INFO - [2023-04-07 06:47:44,173] {dag.py:2371} INFO - Sync 1 DAGs
[2023-04-07 06:47:44,205] {logging_mixin.py:115} INFO - [2023-04-07 06:47:44,205] {dag.py:2919} INFO - Setting next_dagrun for example_short_circuit_operator to 2023-04-06T06:47:44.205342+00:00, run_after=2023-04-07T06:47:44.205342+00:00
[2023-04-07 06:47:44,218] {processor.py:161} INFO - Processing /home/airflow/.local/lib/python3.7/site-packages/airflow/example_dags/example_short_circuit_operator.py took 0.092 seconds
[2023-04-07 08:10:38,009] {processor.py:153} INFO - Started process (PID=49650) to work on /home/airflow/.local/lib/python3.7/site-packages/airflow/example_dags/example_short_circuit_operator.py
[2023-04-07 08:10:38,010] {processor.py:641} INFO - Processing file /home/airflow/.local/lib/python3.7/site-packages/airflow/example_dags/example_short_circuit_operator.py for tasks to queue
[2023-04-07 08:10:38,010] {logging_mixin.py:115} INFO - [2023-04-07 08:10:38,010] {dagbag.py:507} INFO - Filling up the DagBag from /home/airflow/.local/lib/python3.7/site-packages/airflow/example_dags/example_short_circuit_operator.py
[2023-04-07 08:10:38,016] {processor.py:651} INFO - DAG(s) dict_keys(['example_short_circuit_operator']) retrieved from /home/airflow/.local/lib/python3.7/site-packages/airflow/example_dags/example_short_circuit_operator.py
[2023-04-07 08:10:38,033] {logging_mixin.py:115} INFO - [2023-04-07 08:10:38,033] {dag.py:2371} INFO - Sync 1 DAGs
[2023-04-07 08:10:38,044] {logging_mixin.py:115} INFO - [2023-04-07 08:10:38,044] {dag.py:2919} INFO - Setting next_dagrun for example_short_circuit_operator to 2023-04-06T08:10:38.044126+00:00, run_after=2023-04-07T08:10:38.044126+00:00
[2023-04-07 08:10:38,054] {processor.py:161} INFO - Processing /home/airflow/.local/lib/python3.7/site-packages/airflow/example_dags/example_short_circuit_operator.py took 0.048 seconds
[2023-04-07 09:16:47,498] {processor.py:153} INFO - Started process (PID=49703) to work on /home/airflow/.local/lib/python3.7/site-packages/airflow/example_dags/example_short_circuit_operator.py
[2023-04-07 09:16:47,499] {processor.py:641} INFO - Processing file /home/airflow/.local/lib/python3.7/site-packages/airflow/example_dags/example_short_circuit_operator.py for tasks to queue
[2023-04-07 09:16:47,499] {logging_mixin.py:115} INFO - [2023-04-07 09:16:47,499] {dagbag.py:507} INFO - Filling up the DagBag from /home/airflow/.local/lib/python3.7/site-packages/airflow/example_dags/example_short_circuit_operator.py
[2023-04-07 09:16:47,505] {processor.py:651} INFO - DAG(s) dict_keys(['example_short_circuit_operator']) retrieved from /home/airflow/.local/lib/python3.7/site-packages/airflow/example_dags/example_short_circuit_operator.py
[2023-04-07 09:16:47,523] {logging_mixin.py:115} INFO - [2023-04-07 09:16:47,523] {dag.py:2371} INFO - Sync 1 DAGs
[2023-04-07 09:16:47,534] {logging_mixin.py:115} INFO - [2023-04-07 09:16:47,534] {dag.py:2919} INFO - Setting next_dagrun for example_short_circuit_operator to 2023-04-06T09:16:47.534511+00:00, run_after=2023-04-07T09:16:47.534511+00:00
[2023-04-07 09:16:47,540] {processor.py:161} INFO - Processing /home/airflow/.local/lib/python3.7/site-packages/airflow/example_dags/example_short_circuit_operator.py took 0.045 seconds
[2023-04-07 10:24:58,272] {processor.py:153} INFO - Started process (PID=49765) to work on /home/airflow/.local/lib/python3.7/site-packages/airflow/example_dags/example_short_circuit_operator.py
[2023-04-07 10:24:58,273] {processor.py:641} INFO - Processing file /home/airflow/.local/lib/python3.7/site-packages/airflow/example_dags/example_short_circuit_operator.py for tasks to queue
[2023-04-07 10:24:58,273] {logging_mixin.py:115} INFO - [2023-04-07 10:24:58,273] {dagbag.py:507} INFO - Filling up the DagBag from /home/airflow/.local/lib/python3.7/site-packages/airflow/example_dags/example_short_circuit_operator.py
[2023-04-07 10:24:58,279] {processor.py:651} INFO - DAG(s) dict_keys(['example_short_circuit_operator']) retrieved from /home/airflow/.local/lib/python3.7/site-packages/airflow/example_dags/example_short_circuit_operator.py
[2023-04-07 10:24:58,297] {logging_mixin.py:115} INFO - [2023-04-07 10:24:58,297] {dag.py:2371} INFO - Sync 1 DAGs
[2023-04-07 10:24:58,309] {logging_mixin.py:115} INFO - [2023-04-07 10:24:58,309] {dag.py:2919} INFO - Setting next_dagrun for example_short_circuit_operator to 2023-04-06T10:24:58.309086+00:00, run_after=2023-04-07T10:24:58.309086+00:00
[2023-04-07 10:24:58,314] {processor.py:161} INFO - Processing /home/airflow/.local/lib/python3.7/site-packages/airflow/example_dags/example_short_circuit_operator.py took 0.044 seconds
[2023-04-07 11:08:33,290] {processor.py:153} INFO - Started process (PID=49827) to work on /home/airflow/.local/lib/python3.7/site-packages/airflow/example_dags/example_short_circuit_operator.py
[2023-04-07 11:08:33,292] {processor.py:641} INFO - Processing file /home/airflow/.local/lib/python3.7/site-packages/airflow/example_dags/example_short_circuit_operator.py for tasks to queue
[2023-04-07 11:08:33,293] {logging_mixin.py:115} INFO - [2023-04-07 11:08:33,293] {dagbag.py:507} INFO - Filling up the DagBag from /home/airflow/.local/lib/python3.7/site-packages/airflow/example_dags/example_short_circuit_operator.py
[2023-04-07 11:08:33,308] {processor.py:651} INFO - DAG(s) dict_keys(['example_short_circuit_operator']) retrieved from /home/airflow/.local/lib/python3.7/site-packages/airflow/example_dags/example_short_circuit_operator.py
[2023-04-07 11:08:33,342] {logging_mixin.py:115} INFO - [2023-04-07 11:08:33,342] {dag.py:2371} INFO - Sync 1 DAGs
[2023-04-07 11:08:33,364] {logging_mixin.py:115} INFO - [2023-04-07 11:08:33,364] {dag.py:2919} INFO - Setting next_dagrun for example_short_circuit_operator to 2023-04-06T11:08:33.364107+00:00, run_after=2023-04-07T11:08:33.364107+00:00
[2023-04-07 11:08:33,372] {processor.py:161} INFO - Processing /home/airflow/.local/lib/python3.7/site-packages/airflow/example_dags/example_short_circuit_operator.py took 0.089 seconds
[2023-04-07 11:09:04,082] {processor.py:153} INFO - Started process (PID=49889) to work on /home/airflow/.local/lib/python3.7/site-packages/airflow/example_dags/example_short_circuit_operator.py
[2023-04-07 11:09:04,082] {processor.py:641} INFO - Processing file /home/airflow/.local/lib/python3.7/site-packages/airflow/example_dags/example_short_circuit_operator.py for tasks to queue
[2023-04-07 11:09:04,083] {logging_mixin.py:115} INFO - [2023-04-07 11:09:04,083] {dagbag.py:507} INFO - Filling up the DagBag from /home/airflow/.local/lib/python3.7/site-packages/airflow/example_dags/example_short_circuit_operator.py
[2023-04-07 11:09:04,088] {processor.py:651} INFO - DAG(s) dict_keys(['example_short_circuit_operator']) retrieved from /home/airflow/.local/lib/python3.7/site-packages/airflow/example_dags/example_short_circuit_operator.py
[2023-04-07 11:09:04,106] {logging_mixin.py:115} INFO - [2023-04-07 11:09:04,106] {dag.py:2371} INFO - Sync 1 DAGs
[2023-04-07 11:09:04,118] {logging_mixin.py:115} INFO - [2023-04-07 11:09:04,118] {dag.py:2919} INFO - Setting next_dagrun for example_short_circuit_operator to 2023-04-06T11:09:04.118034+00:00, run_after=2023-04-07T11:09:04.118034+00:00
[2023-04-07 11:09:04,124] {processor.py:161} INFO - Processing /home/airflow/.local/lib/python3.7/site-packages/airflow/example_dags/example_short_circuit_operator.py took 0.044 seconds
[2023-04-07 12:29:46,444] {processor.py:153} INFO - Started process (PID=49951) to work on /home/airflow/.local/lib/python3.7/site-packages/airflow/example_dags/example_short_circuit_operator.py
[2023-04-07 12:29:46,445] {processor.py:641} INFO - Processing file /home/airflow/.local/lib/python3.7/site-packages/airflow/example_dags/example_short_circuit_operator.py for tasks to queue
[2023-04-07 12:29:46,445] {logging_mixin.py:115} INFO - [2023-04-07 12:29:46,445] {dagbag.py:507} INFO - Filling up the DagBag from /home/airflow/.local/lib/python3.7/site-packages/airflow/example_dags/example_short_circuit_operator.py
[2023-04-07 12:29:46,452] {processor.py:651} INFO - DAG(s) dict_keys(['example_short_circuit_operator']) retrieved from /home/airflow/.local/lib/python3.7/site-packages/airflow/example_dags/example_short_circuit_operator.py
[2023-04-07 12:29:46,478] {logging_mixin.py:115} INFO - [2023-04-07 12:29:46,478] {dag.py:2371} INFO - Sync 1 DAGs
[2023-04-07 12:29:46,492] {logging_mixin.py:115} INFO - [2023-04-07 12:29:46,491] {dag.py:2919} INFO - Setting next_dagrun for example_short_circuit_operator to 2023-04-06T12:29:46.491631+00:00, run_after=2023-04-07T12:29:46.491631+00:00
[2023-04-07 12:29:46,497] {processor.py:161} INFO - Processing /home/airflow/.local/lib/python3.7/site-packages/airflow/example_dags/example_short_circuit_operator.py took 0.056 seconds
[2023-04-07 13:38:13,976] {processor.py:153} INFO - Started process (PID=50004) to work on /home/airflow/.local/lib/python3.7/site-packages/airflow/example_dags/example_short_circuit_operator.py
[2023-04-07 13:38:13,976] {processor.py:641} INFO - Processing file /home/airflow/.local/lib/python3.7/site-packages/airflow/example_dags/example_short_circuit_operator.py for tasks to queue
[2023-04-07 13:38:13,977] {logging_mixin.py:115} INFO - [2023-04-07 13:38:13,977] {dagbag.py:507} INFO - Filling up the DagBag from /home/airflow/.local/lib/python3.7/site-packages/airflow/example_dags/example_short_circuit_operator.py
[2023-04-07 13:38:13,983] {processor.py:651} INFO - DAG(s) dict_keys(['example_short_circuit_operator']) retrieved from /home/airflow/.local/lib/python3.7/site-packages/airflow/example_dags/example_short_circuit_operator.py
[2023-04-07 13:38:14,000] {logging_mixin.py:115} INFO - [2023-04-07 13:38:14,000] {dag.py:2371} INFO - Sync 1 DAGs
[2023-04-07 13:38:14,012] {logging_mixin.py:115} INFO - [2023-04-07 13:38:14,011] {dag.py:2919} INFO - Setting next_dagrun for example_short_circuit_operator to 2023-04-06T13:38:14.011777+00:00, run_after=2023-04-07T13:38:14.011777+00:00
[2023-04-07 13:38:14,018] {processor.py:161} INFO - Processing /home/airflow/.local/lib/python3.7/site-packages/airflow/example_dags/example_short_circuit_operator.py took 0.044 seconds
[2023-04-07 14:43:43,946] {processor.py:153} INFO - Started process (PID=50067) to work on /home/airflow/.local/lib/python3.7/site-packages/airflow/example_dags/example_short_circuit_operator.py
[2023-04-07 14:43:43,946] {processor.py:641} INFO - Processing file /home/airflow/.local/lib/python3.7/site-packages/airflow/example_dags/example_short_circuit_operator.py for tasks to queue
[2023-04-07 14:43:43,947] {logging_mixin.py:115} INFO - [2023-04-07 14:43:43,947] {dagbag.py:507} INFO - Filling up the DagBag from /home/airflow/.local/lib/python3.7/site-packages/airflow/example_dags/example_short_circuit_operator.py
[2023-04-07 14:43:43,952] {processor.py:651} INFO - DAG(s) dict_keys(['example_short_circuit_operator']) retrieved from /home/airflow/.local/lib/python3.7/site-packages/airflow/example_dags/example_short_circuit_operator.py
[2023-04-07 14:43:43,969] {logging_mixin.py:115} INFO - [2023-04-07 14:43:43,969] {dag.py:2371} INFO - Sync 1 DAGs
[2023-04-07 14:43:43,981] {logging_mixin.py:115} INFO - [2023-04-07 14:43:43,981] {dag.py:2919} INFO - Setting next_dagrun for example_short_circuit_operator to 2023-04-06T14:43:43.980850+00:00, run_after=2023-04-07T14:43:43.980850+00:00
[2023-04-07 14:43:43,986] {processor.py:161} INFO - Processing /home/airflow/.local/lib/python3.7/site-packages/airflow/example_dags/example_short_circuit_operator.py took 0.043 seconds
[2023-04-07 16:07:13,535] {processor.py:153} INFO - Started process (PID=50128) to work on /home/airflow/.local/lib/python3.7/site-packages/airflow/example_dags/example_short_circuit_operator.py
[2023-04-07 16:07:13,536] {processor.py:641} INFO - Processing file /home/airflow/.local/lib/python3.7/site-packages/airflow/example_dags/example_short_circuit_operator.py for tasks to queue
[2023-04-07 16:07:13,536] {logging_mixin.py:115} INFO - [2023-04-07 16:07:13,536] {dagbag.py:507} INFO - Filling up the DagBag from /home/airflow/.local/lib/python3.7/site-packages/airflow/example_dags/example_short_circuit_operator.py
[2023-04-07 16:07:13,542] {processor.py:651} INFO - DAG(s) dict_keys(['example_short_circuit_operator']) retrieved from /home/airflow/.local/lib/python3.7/site-packages/airflow/example_dags/example_short_circuit_operator.py
[2023-04-07 16:07:13,560] {logging_mixin.py:115} INFO - [2023-04-07 16:07:13,560] {dag.py:2371} INFO - Sync 1 DAGs
[2023-04-07 16:07:13,572] {logging_mixin.py:115} INFO - [2023-04-07 16:07:13,572] {dag.py:2919} INFO - Setting next_dagrun for example_short_circuit_operator to 2023-04-06T16:07:13.572211+00:00, run_after=2023-04-07T16:07:13.572211+00:00
[2023-04-07 16:07:13,578] {processor.py:161} INFO - Processing /home/airflow/.local/lib/python3.7/site-packages/airflow/example_dags/example_short_circuit_operator.py took 0.045 seconds
[2023-04-07 17:10:58,790] {processor.py:153} INFO - Started process (PID=50190) to work on /home/airflow/.local/lib/python3.7/site-packages/airflow/example_dags/example_short_circuit_operator.py
[2023-04-07 17:10:58,793] {processor.py:641} INFO - Processing file /home/airflow/.local/lib/python3.7/site-packages/airflow/example_dags/example_short_circuit_operator.py for tasks to queue
[2023-04-07 17:10:58,794] {logging_mixin.py:115} INFO - [2023-04-07 17:10:58,794] {dagbag.py:507} INFO - Filling up the DagBag from /home/airflow/.local/lib/python3.7/site-packages/airflow/example_dags/example_short_circuit_operator.py
[2023-04-07 17:10:58,803] {processor.py:651} INFO - DAG(s) dict_keys(['example_short_circuit_operator']) retrieved from /home/airflow/.local/lib/python3.7/site-packages/airflow/example_dags/example_short_circuit_operator.py
[2023-04-07 17:10:58,856] {logging_mixin.py:115} INFO - [2023-04-07 17:10:58,856] {dag.py:2371} INFO - Sync 1 DAGs
[2023-04-07 17:10:58,879] {logging_mixin.py:115} INFO - [2023-04-07 17:10:58,879] {dag.py:2919} INFO - Setting next_dagrun for example_short_circuit_operator to 2023-04-06T17:10:58.879357+00:00, run_after=2023-04-07T17:10:58.879357+00:00
[2023-04-07 17:10:58,890] {processor.py:161} INFO - Processing /home/airflow/.local/lib/python3.7/site-packages/airflow/example_dags/example_short_circuit_operator.py took 0.105 seconds
[2023-04-07 18:18:12,152] {processor.py:153} INFO - Started process (PID=50251) to work on /home/airflow/.local/lib/python3.7/site-packages/airflow/example_dags/example_short_circuit_operator.py
[2023-04-07 18:18:12,155] {processor.py:641} INFO - Processing file /home/airflow/.local/lib/python3.7/site-packages/airflow/example_dags/example_short_circuit_operator.py for tasks to queue
[2023-04-07 18:18:12,156] {logging_mixin.py:115} INFO - [2023-04-07 18:18:12,156] {dagbag.py:507} INFO - Filling up the DagBag from /home/airflow/.local/lib/python3.7/site-packages/airflow/example_dags/example_short_circuit_operator.py
[2023-04-07 18:18:12,168] {processor.py:651} INFO - DAG(s) dict_keys(['example_short_circuit_operator']) retrieved from /home/airflow/.local/lib/python3.7/site-packages/airflow/example_dags/example_short_circuit_operator.py
[2023-04-07 18:18:12,202] {logging_mixin.py:115} INFO - [2023-04-07 18:18:12,202] {dag.py:2371} INFO - Sync 1 DAGs
[2023-04-07 18:18:12,220] {logging_mixin.py:115} INFO - [2023-04-07 18:18:12,220] {dag.py:2919} INFO - Setting next_dagrun for example_short_circuit_operator to 2023-04-06T18:18:12.220676+00:00, run_after=2023-04-07T18:18:12.220676+00:00
[2023-04-07 18:18:12,235] {processor.py:161} INFO - Processing /home/airflow/.local/lib/python3.7/site-packages/airflow/example_dags/example_short_circuit_operator.py took 0.089 seconds
[2023-04-07 19:21:17,904] {processor.py:153} INFO - Started process (PID=50304) to work on /home/airflow/.local/lib/python3.7/site-packages/airflow/example_dags/example_short_circuit_operator.py
[2023-04-07 19:21:17,904] {processor.py:641} INFO - Processing file /home/airflow/.local/lib/python3.7/site-packages/airflow/example_dags/example_short_circuit_operator.py for tasks to queue
[2023-04-07 19:21:17,905] {logging_mixin.py:115} INFO - [2023-04-07 19:21:17,905] {dagbag.py:507} INFO - Filling up the DagBag from /home/airflow/.local/lib/python3.7/site-packages/airflow/example_dags/example_short_circuit_operator.py
[2023-04-07 19:21:17,911] {processor.py:651} INFO - DAG(s) dict_keys(['example_short_circuit_operator']) retrieved from /home/airflow/.local/lib/python3.7/site-packages/airflow/example_dags/example_short_circuit_operator.py
[2023-04-07 19:21:17,929] {logging_mixin.py:115} INFO - [2023-04-07 19:21:17,929] {dag.py:2371} INFO - Sync 1 DAGs
[2023-04-07 19:21:17,941] {logging_mixin.py:115} INFO - [2023-04-07 19:21:17,941] {dag.py:2919} INFO - Setting next_dagrun for example_short_circuit_operator to 2023-04-06T19:21:17.941331+00:00, run_after=2023-04-07T19:21:17.941331+00:00
[2023-04-07 19:21:17,947] {processor.py:161} INFO - Processing /home/airflow/.local/lib/python3.7/site-packages/airflow/example_dags/example_short_circuit_operator.py took 0.046 seconds
[2023-04-07 19:21:48,229] {processor.py:153} INFO - Started process (PID=50366) to work on /home/airflow/.local/lib/python3.7/site-packages/airflow/example_dags/example_short_circuit_operator.py
[2023-04-07 19:21:48,230] {processor.py:641} INFO - Processing file /home/airflow/.local/lib/python3.7/site-packages/airflow/example_dags/example_short_circuit_operator.py for tasks to queue
[2023-04-07 19:21:48,231] {logging_mixin.py:115} INFO - [2023-04-07 19:21:48,231] {dagbag.py:507} INFO - Filling up the DagBag from /home/airflow/.local/lib/python3.7/site-packages/airflow/example_dags/example_short_circuit_operator.py
[2023-04-07 19:21:48,236] {processor.py:651} INFO - DAG(s) dict_keys(['example_short_circuit_operator']) retrieved from /home/airflow/.local/lib/python3.7/site-packages/airflow/example_dags/example_short_circuit_operator.py
[2023-04-07 19:21:48,254] {logging_mixin.py:115} INFO - [2023-04-07 19:21:48,254] {dag.py:2371} INFO - Sync 1 DAGs
[2023-04-07 19:21:48,266] {logging_mixin.py:115} INFO - [2023-04-07 19:21:48,265] {dag.py:2919} INFO - Setting next_dagrun for example_short_circuit_operator to 2023-04-06T19:21:48.265671+00:00, run_after=2023-04-07T19:21:48.265671+00:00
[2023-04-07 19:21:48,272] {processor.py:161} INFO - Processing /home/airflow/.local/lib/python3.7/site-packages/airflow/example_dags/example_short_circuit_operator.py took 0.045 seconds
[2023-04-07 19:35:26,161] {processor.py:153} INFO - Started process (PID=50425) to work on /home/airflow/.local/lib/python3.7/site-packages/airflow/example_dags/example_short_circuit_operator.py
[2023-04-07 19:35:26,162] {processor.py:641} INFO - Processing file /home/airflow/.local/lib/python3.7/site-packages/airflow/example_dags/example_short_circuit_operator.py for tasks to queue
[2023-04-07 19:35:26,163] {logging_mixin.py:115} INFO - [2023-04-07 19:35:26,163] {dagbag.py:507} INFO - Filling up the DagBag from /home/airflow/.local/lib/python3.7/site-packages/airflow/example_dags/example_short_circuit_operator.py
[2023-04-07 19:35:26,180] {processor.py:651} INFO - DAG(s) dict_keys(['example_short_circuit_operator']) retrieved from /home/airflow/.local/lib/python3.7/site-packages/airflow/example_dags/example_short_circuit_operator.py
[2023-04-07 19:35:26,236] {logging_mixin.py:115} INFO - [2023-04-07 19:35:26,236] {dag.py:2371} INFO - Sync 1 DAGs
[2023-04-07 19:35:26,278] {logging_mixin.py:115} INFO - [2023-04-07 19:35:26,278] {dag.py:2919} INFO - Setting next_dagrun for example_short_circuit_operator to 2023-04-06T19:35:26.278445+00:00, run_after=2023-04-07T19:35:26.278445+00:00
[2023-04-07 19:35:26,295] {processor.py:161} INFO - Processing /home/airflow/.local/lib/python3.7/site-packages/airflow/example_dags/example_short_circuit_operator.py took 0.140 seconds
[2023-04-07 19:35:56,641] {processor.py:153} INFO - Started process (PID=50488) to work on /home/airflow/.local/lib/python3.7/site-packages/airflow/example_dags/example_short_circuit_operator.py
[2023-04-07 19:35:56,642] {processor.py:641} INFO - Processing file /home/airflow/.local/lib/python3.7/site-packages/airflow/example_dags/example_short_circuit_operator.py for tasks to queue
[2023-04-07 19:35:56,643] {logging_mixin.py:115} INFO - [2023-04-07 19:35:56,642] {dagbag.py:507} INFO - Filling up the DagBag from /home/airflow/.local/lib/python3.7/site-packages/airflow/example_dags/example_short_circuit_operator.py
[2023-04-07 19:35:56,648] {processor.py:651} INFO - DAG(s) dict_keys(['example_short_circuit_operator']) retrieved from /home/airflow/.local/lib/python3.7/site-packages/airflow/example_dags/example_short_circuit_operator.py
[2023-04-07 19:35:56,666] {logging_mixin.py:115} INFO - [2023-04-07 19:35:56,666] {dag.py:2371} INFO - Sync 1 DAGs
[2023-04-07 19:35:56,676] {logging_mixin.py:115} INFO - [2023-04-07 19:35:56,676] {dag.py:2919} INFO - Setting next_dagrun for example_short_circuit_operator to 2023-04-06T19:35:56.676633+00:00, run_after=2023-04-07T19:35:56.676633+00:00
[2023-04-07 19:35:56,682] {processor.py:161} INFO - Processing /home/airflow/.local/lib/python3.7/site-packages/airflow/example_dags/example_short_circuit_operator.py took 0.042 seconds
[2023-04-07 20:42:20,188] {processor.py:153} INFO - Started process (PID=50541) to work on /home/airflow/.local/lib/python3.7/site-packages/airflow/example_dags/example_short_circuit_operator.py
[2023-04-07 20:42:20,189] {processor.py:641} INFO - Processing file /home/airflow/.local/lib/python3.7/site-packages/airflow/example_dags/example_short_circuit_operator.py for tasks to queue
[2023-04-07 20:42:20,189] {logging_mixin.py:115} INFO - [2023-04-07 20:42:20,189] {dagbag.py:507} INFO - Filling up the DagBag from /home/airflow/.local/lib/python3.7/site-packages/airflow/example_dags/example_short_circuit_operator.py
[2023-04-07 20:42:20,195] {processor.py:651} INFO - DAG(s) dict_keys(['example_short_circuit_operator']) retrieved from /home/airflow/.local/lib/python3.7/site-packages/airflow/example_dags/example_short_circuit_operator.py
[2023-04-07 20:42:20,215] {logging_mixin.py:115} INFO - [2023-04-07 20:42:20,215] {dag.py:2371} INFO - Sync 1 DAGs
[2023-04-07 20:42:20,234] {logging_mixin.py:115} INFO - [2023-04-07 20:42:20,234] {dag.py:2919} INFO - Setting next_dagrun for example_short_circuit_operator to 2023-04-06T20:42:20.234196+00:00, run_after=2023-04-07T20:42:20.234196+00:00
[2023-04-07 20:42:20,241] {processor.py:161} INFO - Processing /home/airflow/.local/lib/python3.7/site-packages/airflow/example_dags/example_short_circuit_operator.py took 0.056 seconds
[2023-04-07 21:32:24,609] {processor.py:153} INFO - Started process (PID=50603) to work on /home/airflow/.local/lib/python3.7/site-packages/airflow/example_dags/example_short_circuit_operator.py
[2023-04-07 21:32:24,609] {processor.py:641} INFO - Processing file /home/airflow/.local/lib/python3.7/site-packages/airflow/example_dags/example_short_circuit_operator.py for tasks to queue
[2023-04-07 21:32:24,610] {logging_mixin.py:115} INFO - [2023-04-07 21:32:24,610] {dagbag.py:507} INFO - Filling up the DagBag from /home/airflow/.local/lib/python3.7/site-packages/airflow/example_dags/example_short_circuit_operator.py
[2023-04-07 21:32:24,615] {processor.py:651} INFO - DAG(s) dict_keys(['example_short_circuit_operator']) retrieved from /home/airflow/.local/lib/python3.7/site-packages/airflow/example_dags/example_short_circuit_operator.py
[2023-04-07 21:32:24,633] {logging_mixin.py:115} INFO - [2023-04-07 21:32:24,633] {dag.py:2371} INFO - Sync 1 DAGs
[2023-04-07 21:32:24,651] {logging_mixin.py:115} INFO - [2023-04-07 21:32:24,651] {dag.py:2919} INFO - Setting next_dagrun for example_short_circuit_operator to 2023-04-06T21:32:24.650863+00:00, run_after=2023-04-07T21:32:24.650863+00:00
[2023-04-07 21:32:24,656] {processor.py:161} INFO - Processing /home/airflow/.local/lib/python3.7/site-packages/airflow/example_dags/example_short_circuit_operator.py took 0.049 seconds
[2023-04-07 22:38:22,992] {processor.py:153} INFO - Started process (PID=50665) to work on /home/airflow/.local/lib/python3.7/site-packages/airflow/example_dags/example_short_circuit_operator.py
[2023-04-07 22:38:23,009] {processor.py:641} INFO - Processing file /home/airflow/.local/lib/python3.7/site-packages/airflow/example_dags/example_short_circuit_operator.py for tasks to queue
[2023-04-07 22:38:23,015] {logging_mixin.py:115} INFO - [2023-04-07 22:38:23,015] {dagbag.py:507} INFO - Filling up the DagBag from /home/airflow/.local/lib/python3.7/site-packages/airflow/example_dags/example_short_circuit_operator.py
[2023-04-07 22:38:23,071] {processor.py:651} INFO - DAG(s) dict_keys(['example_short_circuit_operator']) retrieved from /home/airflow/.local/lib/python3.7/site-packages/airflow/example_dags/example_short_circuit_operator.py
[2023-04-07 22:38:23,113] {logging_mixin.py:115} INFO - [2023-04-07 22:38:23,113] {dag.py:2371} INFO - Sync 1 DAGs
[2023-04-07 22:38:23,127] {logging_mixin.py:115} INFO - [2023-04-07 22:38:23,127] {dag.py:2919} INFO - Setting next_dagrun for example_short_circuit_operator to 2023-04-06T22:38:23.127195+00:00, run_after=2023-04-07T22:38:23.127195+00:00
[2023-04-07 22:38:23,133] {processor.py:161} INFO - Processing /home/airflow/.local/lib/python3.7/site-packages/airflow/example_dags/example_short_circuit_operator.py took 0.156 seconds
