[2023-04-07 00:21:18,300] {processor.py:153} INFO - Started process (PID=49159) to work on /home/airflow/.local/lib/python3.7/site-packages/airflow/example_dags/example_complex.py
[2023-04-07 00:21:18,300] {processor.py:641} INFO - Processing file /home/airflow/.local/lib/python3.7/site-packages/airflow/example_dags/example_complex.py for tasks to queue
[2023-04-07 00:21:18,301] {logging_mixin.py:115} INFO - [2023-04-07 00:21:18,301] {dagbag.py:507} INFO - Filling up the DagBag from /home/airflow/.local/lib/python3.7/site-packages/airflow/example_dags/example_complex.py
[2023-04-07 00:21:18,322] {processor.py:651} INFO - DAG(s) dict_keys(['example_complex']) retrieved from /home/airflow/.local/lib/python3.7/site-packages/airflow/example_dags/example_complex.py
[2023-04-07 00:21:18,392] {logging_mixin.py:115} INFO - [2023-04-07 00:21:18,392] {dag.py:2371} INFO - Sync 1 DAGs
[2023-04-07 00:21:18,442] {logging_mixin.py:115} INFO - [2023-04-07 00:21:18,442] {dag.py:2919} INFO - Setting next_dagrun for example_complex to None, run_after=None
[2023-04-07 00:21:18,462] {processor.py:161} INFO - Processing /home/airflow/.local/lib/python3.7/site-packages/airflow/example_dags/example_complex.py took 0.166 seconds
[2023-04-07 01:26:27,575] {processor.py:153} INFO - Started process (PID=49221) to work on /home/airflow/.local/lib/python3.7/site-packages/airflow/example_dags/example_complex.py
[2023-04-07 01:26:27,579] {processor.py:641} INFO - Processing file /home/airflow/.local/lib/python3.7/site-packages/airflow/example_dags/example_complex.py for tasks to queue
[2023-04-07 01:26:27,580] {logging_mixin.py:115} INFO - [2023-04-07 01:26:27,580] {dagbag.py:507} INFO - Filling up the DagBag from /home/airflow/.local/lib/python3.7/site-packages/airflow/example_dags/example_complex.py
[2023-04-07 01:26:27,589] {processor.py:651} INFO - DAG(s) dict_keys(['example_complex']) retrieved from /home/airflow/.local/lib/python3.7/site-packages/airflow/example_dags/example_complex.py
[2023-04-07 01:26:27,644] {logging_mixin.py:115} INFO - [2023-04-07 01:26:27,644] {dag.py:2371} INFO - Sync 1 DAGs
[2023-04-07 01:26:27,666] {logging_mixin.py:115} INFO - [2023-04-07 01:26:27,666] {dag.py:2919} INFO - Setting next_dagrun for example_complex to None, run_after=None
[2023-04-07 01:26:27,680] {processor.py:161} INFO - Processing /home/airflow/.local/lib/python3.7/site-packages/airflow/example_dags/example_complex.py took 0.108 seconds
[2023-04-07 02:49:14,494] {processor.py:153} INFO - Started process (PID=49282) to work on /home/airflow/.local/lib/python3.7/site-packages/airflow/example_dags/example_complex.py
[2023-04-07 02:49:14,495] {processor.py:641} INFO - Processing file /home/airflow/.local/lib/python3.7/site-packages/airflow/example_dags/example_complex.py for tasks to queue
[2023-04-07 02:49:14,496] {logging_mixin.py:115} INFO - [2023-04-07 02:49:14,496] {dagbag.py:507} INFO - Filling up the DagBag from /home/airflow/.local/lib/python3.7/site-packages/airflow/example_dags/example_complex.py
[2023-04-07 02:49:14,513] {processor.py:651} INFO - DAG(s) dict_keys(['example_complex']) retrieved from /home/airflow/.local/lib/python3.7/site-packages/airflow/example_dags/example_complex.py
[2023-04-07 02:49:14,558] {logging_mixin.py:115} INFO - [2023-04-07 02:49:14,558] {dag.py:2371} INFO - Sync 1 DAGs
[2023-04-07 02:49:14,583] {logging_mixin.py:115} INFO - [2023-04-07 02:49:14,583] {dag.py:2919} INFO - Setting next_dagrun for example_complex to None, run_after=None
[2023-04-07 02:49:14,594] {processor.py:161} INFO - Processing /home/airflow/.local/lib/python3.7/site-packages/airflow/example_dags/example_complex.py took 0.104 seconds
[2023-04-07 02:55:41,629] {processor.py:153} INFO - Started process (PID=49344) to work on /home/airflow/.local/lib/python3.7/site-packages/airflow/example_dags/example_complex.py
[2023-04-07 02:55:41,630] {processor.py:641} INFO - Processing file /home/airflow/.local/lib/python3.7/site-packages/airflow/example_dags/example_complex.py for tasks to queue
[2023-04-07 02:55:41,630] {logging_mixin.py:115} INFO - [2023-04-07 02:55:41,630] {dagbag.py:507} INFO - Filling up the DagBag from /home/airflow/.local/lib/python3.7/site-packages/airflow/example_dags/example_complex.py
[2023-04-07 02:55:41,638] {processor.py:651} INFO - DAG(s) dict_keys(['example_complex']) retrieved from /home/airflow/.local/lib/python3.7/site-packages/airflow/example_dags/example_complex.py
[2023-04-07 02:55:41,658] {logging_mixin.py:115} INFO - [2023-04-07 02:55:41,658] {dag.py:2371} INFO - Sync 1 DAGs
[2023-04-07 02:55:41,670] {logging_mixin.py:115} INFO - [2023-04-07 02:55:41,670] {dag.py:2919} INFO - Setting next_dagrun for example_complex to None, run_after=None
[2023-04-07 02:55:41,675] {processor.py:161} INFO - Processing /home/airflow/.local/lib/python3.7/site-packages/airflow/example_dags/example_complex.py took 0.049 seconds
[2023-04-07 03:13:42,400] {processor.py:153} INFO - Started process (PID=49397) to work on /home/airflow/.local/lib/python3.7/site-packages/airflow/example_dags/example_complex.py
[2023-04-07 03:13:42,401] {processor.py:641} INFO - Processing file /home/airflow/.local/lib/python3.7/site-packages/airflow/example_dags/example_complex.py for tasks to queue
[2023-04-07 03:13:42,401] {logging_mixin.py:115} INFO - [2023-04-07 03:13:42,401] {dagbag.py:507} INFO - Filling up the DagBag from /home/airflow/.local/lib/python3.7/site-packages/airflow/example_dags/example_complex.py
[2023-04-07 03:13:42,414] {processor.py:651} INFO - DAG(s) dict_keys(['example_complex']) retrieved from /home/airflow/.local/lib/python3.7/site-packages/airflow/example_dags/example_complex.py
[2023-04-07 03:13:42,465] {logging_mixin.py:115} INFO - [2023-04-07 03:13:42,465] {dag.py:2371} INFO - Sync 1 DAGs
[2023-04-07 03:13:42,509] {logging_mixin.py:115} INFO - [2023-04-07 03:13:42,509] {dag.py:2919} INFO - Setting next_dagrun for example_complex to None, run_after=None
[2023-04-07 03:13:42,532] {processor.py:161} INFO - Processing /home/airflow/.local/lib/python3.7/site-packages/airflow/example_dags/example_complex.py took 0.136 seconds
[2023-04-07 04:35:07,688] {processor.py:153} INFO - Started process (PID=49459) to work on /home/airflow/.local/lib/python3.7/site-packages/airflow/example_dags/example_complex.py
[2023-04-07 04:35:07,689] {processor.py:641} INFO - Processing file /home/airflow/.local/lib/python3.7/site-packages/airflow/example_dags/example_complex.py for tasks to queue
[2023-04-07 04:35:07,690] {logging_mixin.py:115} INFO - [2023-04-07 04:35:07,690] {dagbag.py:507} INFO - Filling up the DagBag from /home/airflow/.local/lib/python3.7/site-packages/airflow/example_dags/example_complex.py
[2023-04-07 04:35:07,698] {processor.py:651} INFO - DAG(s) dict_keys(['example_complex']) retrieved from /home/airflow/.local/lib/python3.7/site-packages/airflow/example_dags/example_complex.py
[2023-04-07 04:35:07,724] {logging_mixin.py:115} INFO - [2023-04-07 04:35:07,724] {dag.py:2371} INFO - Sync 1 DAGs
[2023-04-07 04:35:07,735] {logging_mixin.py:115} INFO - [2023-04-07 04:35:07,735] {dag.py:2919} INFO - Setting next_dagrun for example_complex to None, run_after=None
[2023-04-07 04:35:07,746] {processor.py:161} INFO - Processing /home/airflow/.local/lib/python3.7/site-packages/airflow/example_dags/example_complex.py took 0.060 seconds
[2023-04-07 05:44:22,622] {processor.py:153} INFO - Started process (PID=49521) to work on /home/airflow/.local/lib/python3.7/site-packages/airflow/example_dags/example_complex.py
[2023-04-07 05:44:22,625] {processor.py:641} INFO - Processing file /home/airflow/.local/lib/python3.7/site-packages/airflow/example_dags/example_complex.py for tasks to queue
[2023-04-07 05:44:22,626] {logging_mixin.py:115} INFO - [2023-04-07 05:44:22,626] {dagbag.py:507} INFO - Filling up the DagBag from /home/airflow/.local/lib/python3.7/site-packages/airflow/example_dags/example_complex.py
[2023-04-07 05:44:22,640] {processor.py:651} INFO - DAG(s) dict_keys(['example_complex']) retrieved from /home/airflow/.local/lib/python3.7/site-packages/airflow/example_dags/example_complex.py
[2023-04-07 05:44:22,693] {logging_mixin.py:115} INFO - [2023-04-07 05:44:22,693] {dag.py:2371} INFO - Sync 1 DAGs
[2023-04-07 05:44:22,720] {logging_mixin.py:115} INFO - [2023-04-07 05:44:22,720] {dag.py:2919} INFO - Setting next_dagrun for example_complex to None, run_after=None
[2023-04-07 05:44:22,736] {processor.py:161} INFO - Processing /home/airflow/.local/lib/python3.7/site-packages/airflow/example_dags/example_complex.py took 0.117 seconds
[2023-04-07 06:47:43,824] {processor.py:153} INFO - Started process (PID=49583) to work on /home/airflow/.local/lib/python3.7/site-packages/airflow/example_dags/example_complex.py
[2023-04-07 06:47:43,825] {processor.py:641} INFO - Processing file /home/airflow/.local/lib/python3.7/site-packages/airflow/example_dags/example_complex.py for tasks to queue
[2023-04-07 06:47:43,825] {logging_mixin.py:115} INFO - [2023-04-07 06:47:43,825] {dagbag.py:507} INFO - Filling up the DagBag from /home/airflow/.local/lib/python3.7/site-packages/airflow/example_dags/example_complex.py
[2023-04-07 06:47:43,833] {processor.py:651} INFO - DAG(s) dict_keys(['example_complex']) retrieved from /home/airflow/.local/lib/python3.7/site-packages/airflow/example_dags/example_complex.py
[2023-04-07 06:47:43,858] {logging_mixin.py:115} INFO - [2023-04-07 06:47:43,858] {dag.py:2371} INFO - Sync 1 DAGs
[2023-04-07 06:47:43,873] {logging_mixin.py:115} INFO - [2023-04-07 06:47:43,873] {dag.py:2919} INFO - Setting next_dagrun for example_complex to None, run_after=None
[2023-04-07 06:47:43,880] {processor.py:161} INFO - Processing /home/airflow/.local/lib/python3.7/site-packages/airflow/example_dags/example_complex.py took 0.059 seconds
[2023-04-07 08:10:37,739] {processor.py:153} INFO - Started process (PID=49644) to work on /home/airflow/.local/lib/python3.7/site-packages/airflow/example_dags/example_complex.py
[2023-04-07 08:10:37,750] {processor.py:641} INFO - Processing file /home/airflow/.local/lib/python3.7/site-packages/airflow/example_dags/example_complex.py for tasks to queue
[2023-04-07 08:10:37,751] {logging_mixin.py:115} INFO - [2023-04-07 08:10:37,751] {dagbag.py:507} INFO - Filling up the DagBag from /home/airflow/.local/lib/python3.7/site-packages/airflow/example_dags/example_complex.py
[2023-04-07 08:10:37,772] {processor.py:651} INFO - DAG(s) dict_keys(['example_complex']) retrieved from /home/airflow/.local/lib/python3.7/site-packages/airflow/example_dags/example_complex.py
[2023-04-07 08:10:37,828] {logging_mixin.py:115} INFO - [2023-04-07 08:10:37,827] {dag.py:2371} INFO - Sync 1 DAGs
[2023-04-07 08:10:37,844] {logging_mixin.py:115} INFO - [2023-04-07 08:10:37,844] {dag.py:2919} INFO - Setting next_dagrun for example_complex to None, run_after=None
[2023-04-07 08:10:37,851] {processor.py:161} INFO - Processing /home/airflow/.local/lib/python3.7/site-packages/airflow/example_dags/example_complex.py took 0.115 seconds
[2023-04-07 09:16:47,087] {processor.py:153} INFO - Started process (PID=49697) to work on /home/airflow/.local/lib/python3.7/site-packages/airflow/example_dags/example_complex.py
[2023-04-07 09:16:47,088] {processor.py:641} INFO - Processing file /home/airflow/.local/lib/python3.7/site-packages/airflow/example_dags/example_complex.py for tasks to queue
[2023-04-07 09:16:47,092] {logging_mixin.py:115} INFO - [2023-04-07 09:16:47,092] {dagbag.py:507} INFO - Filling up the DagBag from /home/airflow/.local/lib/python3.7/site-packages/airflow/example_dags/example_complex.py
[2023-04-07 09:16:47,118] {processor.py:651} INFO - DAG(s) dict_keys(['example_complex']) retrieved from /home/airflow/.local/lib/python3.7/site-packages/airflow/example_dags/example_complex.py
[2023-04-07 09:16:47,176] {logging_mixin.py:115} INFO - [2023-04-07 09:16:47,176] {dag.py:2371} INFO - Sync 1 DAGs
[2023-04-07 09:16:47,231] {logging_mixin.py:115} INFO - [2023-04-07 09:16:47,231] {dag.py:2919} INFO - Setting next_dagrun for example_complex to None, run_after=None
[2023-04-07 09:16:47,257] {processor.py:161} INFO - Processing /home/airflow/.local/lib/python3.7/site-packages/airflow/example_dags/example_complex.py took 0.175 seconds
[2023-04-07 10:24:58,090] {processor.py:153} INFO - Started process (PID=49759) to work on /home/airflow/.local/lib/python3.7/site-packages/airflow/example_dags/example_complex.py
[2023-04-07 10:24:58,091] {processor.py:641} INFO - Processing file /home/airflow/.local/lib/python3.7/site-packages/airflow/example_dags/example_complex.py for tasks to queue
[2023-04-07 10:24:58,092] {logging_mixin.py:115} INFO - [2023-04-07 10:24:58,092] {dagbag.py:507} INFO - Filling up the DagBag from /home/airflow/.local/lib/python3.7/site-packages/airflow/example_dags/example_complex.py
[2023-04-07 10:24:58,099] {processor.py:651} INFO - DAG(s) dict_keys(['example_complex']) retrieved from /home/airflow/.local/lib/python3.7/site-packages/airflow/example_dags/example_complex.py
[2023-04-07 10:24:58,119] {logging_mixin.py:115} INFO - [2023-04-07 10:24:58,119] {dag.py:2371} INFO - Sync 1 DAGs
[2023-04-07 10:24:58,130] {logging_mixin.py:115} INFO - [2023-04-07 10:24:58,130] {dag.py:2919} INFO - Setting next_dagrun for example_complex to None, run_after=None
[2023-04-07 10:24:58,135] {processor.py:161} INFO - Processing /home/airflow/.local/lib/python3.7/site-packages/airflow/example_dags/example_complex.py took 0.047 seconds
[2023-04-07 11:08:32,961] {processor.py:153} INFO - Started process (PID=49821) to work on /home/airflow/.local/lib/python3.7/site-packages/airflow/example_dags/example_complex.py
[2023-04-07 11:08:32,965] {processor.py:641} INFO - Processing file /home/airflow/.local/lib/python3.7/site-packages/airflow/example_dags/example_complex.py for tasks to queue
[2023-04-07 11:08:32,966] {logging_mixin.py:115} INFO - [2023-04-07 11:08:32,966] {dagbag.py:507} INFO - Filling up the DagBag from /home/airflow/.local/lib/python3.7/site-packages/airflow/example_dags/example_complex.py
[2023-04-07 11:08:32,977] {processor.py:651} INFO - DAG(s) dict_keys(['example_complex']) retrieved from /home/airflow/.local/lib/python3.7/site-packages/airflow/example_dags/example_complex.py
[2023-04-07 11:08:33,009] {logging_mixin.py:115} INFO - [2023-04-07 11:08:33,009] {dag.py:2371} INFO - Sync 1 DAGs
[2023-04-07 11:08:33,025] {logging_mixin.py:115} INFO - [2023-04-07 11:08:33,025] {dag.py:2919} INFO - Setting next_dagrun for example_complex to None, run_after=None
[2023-04-07 11:08:33,034] {processor.py:161} INFO - Processing /home/airflow/.local/lib/python3.7/site-packages/airflow/example_dags/example_complex.py took 0.076 seconds
[2023-04-07 11:09:03,900] {processor.py:153} INFO - Started process (PID=49883) to work on /home/airflow/.local/lib/python3.7/site-packages/airflow/example_dags/example_complex.py
[2023-04-07 11:09:03,901] {processor.py:641} INFO - Processing file /home/airflow/.local/lib/python3.7/site-packages/airflow/example_dags/example_complex.py for tasks to queue
[2023-04-07 11:09:03,901] {logging_mixin.py:115} INFO - [2023-04-07 11:09:03,901] {dagbag.py:507} INFO - Filling up the DagBag from /home/airflow/.local/lib/python3.7/site-packages/airflow/example_dags/example_complex.py
[2023-04-07 11:09:03,908] {processor.py:651} INFO - DAG(s) dict_keys(['example_complex']) retrieved from /home/airflow/.local/lib/python3.7/site-packages/airflow/example_dags/example_complex.py
[2023-04-07 11:09:03,928] {logging_mixin.py:115} INFO - [2023-04-07 11:09:03,928] {dag.py:2371} INFO - Sync 1 DAGs
[2023-04-07 11:09:03,939] {logging_mixin.py:115} INFO - [2023-04-07 11:09:03,939] {dag.py:2919} INFO - Setting next_dagrun for example_complex to None, run_after=None
[2023-04-07 11:09:03,945] {processor.py:161} INFO - Processing /home/airflow/.local/lib/python3.7/site-packages/airflow/example_dags/example_complex.py took 0.047 seconds
[2023-04-07 12:29:45,884] {processor.py:153} INFO - Started process (PID=49937) to work on /home/airflow/.local/lib/python3.7/site-packages/airflow/example_dags/example_complex.py
[2023-04-07 12:29:45,885] {processor.py:641} INFO - Processing file /home/airflow/.local/lib/python3.7/site-packages/airflow/example_dags/example_complex.py for tasks to queue
[2023-04-07 12:29:45,886] {logging_mixin.py:115} INFO - [2023-04-07 12:29:45,886] {dagbag.py:507} INFO - Filling up the DagBag from /home/airflow/.local/lib/python3.7/site-packages/airflow/example_dags/example_complex.py
[2023-04-07 12:29:45,899] {processor.py:651} INFO - DAG(s) dict_keys(['example_complex']) retrieved from /home/airflow/.local/lib/python3.7/site-packages/airflow/example_dags/example_complex.py
[2023-04-07 12:29:45,970] {logging_mixin.py:115} INFO - [2023-04-07 12:29:45,970] {dag.py:2371} INFO - Sync 1 DAGs
[2023-04-07 12:29:45,991] {logging_mixin.py:115} INFO - [2023-04-07 12:29:45,991] {dag.py:2919} INFO - Setting next_dagrun for example_complex to None, run_after=None
[2023-04-07 12:29:46,000] {processor.py:161} INFO - Processing /home/airflow/.local/lib/python3.7/site-packages/airflow/example_dags/example_complex.py took 0.121 seconds
[2023-04-07 13:38:13,493] {processor.py:153} INFO - Started process (PID=49998) to work on /home/airflow/.local/lib/python3.7/site-packages/airflow/example_dags/example_complex.py
[2023-04-07 13:38:13,494] {processor.py:641} INFO - Processing file /home/airflow/.local/lib/python3.7/site-packages/airflow/example_dags/example_complex.py for tasks to queue
[2023-04-07 13:38:13,495] {logging_mixin.py:115} INFO - [2023-04-07 13:38:13,495] {dagbag.py:507} INFO - Filling up the DagBag from /home/airflow/.local/lib/python3.7/site-packages/airflow/example_dags/example_complex.py
[2023-04-07 13:38:13,510] {processor.py:651} INFO - DAG(s) dict_keys(['example_complex']) retrieved from /home/airflow/.local/lib/python3.7/site-packages/airflow/example_dags/example_complex.py
[2023-04-07 13:38:13,553] {logging_mixin.py:115} INFO - [2023-04-07 13:38:13,553] {dag.py:2371} INFO - Sync 1 DAGs
[2023-04-07 13:38:13,583] {logging_mixin.py:115} INFO - [2023-04-07 13:38:13,583] {dag.py:2919} INFO - Setting next_dagrun for example_complex to None, run_after=None
[2023-04-07 13:38:13,591] {processor.py:161} INFO - Processing /home/airflow/.local/lib/python3.7/site-packages/airflow/example_dags/example_complex.py took 0.101 seconds
[2023-04-07 14:43:43,750] {processor.py:153} INFO - Started process (PID=50061) to work on /home/airflow/.local/lib/python3.7/site-packages/airflow/example_dags/example_complex.py
[2023-04-07 14:43:43,751] {processor.py:641} INFO - Processing file /home/airflow/.local/lib/python3.7/site-packages/airflow/example_dags/example_complex.py for tasks to queue
[2023-04-07 14:43:43,752] {logging_mixin.py:115} INFO - [2023-04-07 14:43:43,752] {dagbag.py:507} INFO - Filling up the DagBag from /home/airflow/.local/lib/python3.7/site-packages/airflow/example_dags/example_complex.py
[2023-04-07 14:43:43,760] {processor.py:651} INFO - DAG(s) dict_keys(['example_complex']) retrieved from /home/airflow/.local/lib/python3.7/site-packages/airflow/example_dags/example_complex.py
[2023-04-07 14:43:43,781] {logging_mixin.py:115} INFO - [2023-04-07 14:43:43,781] {dag.py:2371} INFO - Sync 1 DAGs
[2023-04-07 14:43:43,792] {logging_mixin.py:115} INFO - [2023-04-07 14:43:43,792] {dag.py:2919} INFO - Setting next_dagrun for example_complex to None, run_after=None
[2023-04-07 14:43:43,797] {processor.py:161} INFO - Processing /home/airflow/.local/lib/python3.7/site-packages/airflow/example_dags/example_complex.py took 0.050 seconds
[2023-04-07 16:07:13,008] {processor.py:153} INFO - Started process (PID=50122) to work on /home/airflow/.local/lib/python3.7/site-packages/airflow/example_dags/example_complex.py
[2023-04-07 16:07:13,009] {processor.py:641} INFO - Processing file /home/airflow/.local/lib/python3.7/site-packages/airflow/example_dags/example_complex.py for tasks to queue
[2023-04-07 16:07:13,010] {logging_mixin.py:115} INFO - [2023-04-07 16:07:13,010] {dagbag.py:507} INFO - Filling up the DagBag from /home/airflow/.local/lib/python3.7/site-packages/airflow/example_dags/example_complex.py
[2023-04-07 16:07:13,023] {processor.py:651} INFO - DAG(s) dict_keys(['example_complex']) retrieved from /home/airflow/.local/lib/python3.7/site-packages/airflow/example_dags/example_complex.py
[2023-04-07 16:07:13,066] {logging_mixin.py:115} INFO - [2023-04-07 16:07:13,066] {dag.py:2371} INFO - Sync 1 DAGs
[2023-04-07 16:07:13,091] {logging_mixin.py:115} INFO - [2023-04-07 16:07:13,091] {dag.py:2919} INFO - Setting next_dagrun for example_complex to None, run_after=None
[2023-04-07 16:07:13,104] {processor.py:161} INFO - Processing /home/airflow/.local/lib/python3.7/site-packages/airflow/example_dags/example_complex.py took 0.101 seconds
[2023-04-07 17:10:58,345] {processor.py:153} INFO - Started process (PID=50184) to work on /home/airflow/.local/lib/python3.7/site-packages/airflow/example_dags/example_complex.py
[2023-04-07 17:10:58,346] {processor.py:641} INFO - Processing file /home/airflow/.local/lib/python3.7/site-packages/airflow/example_dags/example_complex.py for tasks to queue
[2023-04-07 17:10:58,347] {logging_mixin.py:115} INFO - [2023-04-07 17:10:58,347] {dagbag.py:507} INFO - Filling up the DagBag from /home/airflow/.local/lib/python3.7/site-packages/airflow/example_dags/example_complex.py
[2023-04-07 17:10:58,357] {processor.py:651} INFO - DAG(s) dict_keys(['example_complex']) retrieved from /home/airflow/.local/lib/python3.7/site-packages/airflow/example_dags/example_complex.py
[2023-04-07 17:10:58,386] {logging_mixin.py:115} INFO - [2023-04-07 17:10:58,386] {dag.py:2371} INFO - Sync 1 DAGs
[2023-04-07 17:10:58,403] {logging_mixin.py:115} INFO - [2023-04-07 17:10:58,403] {dag.py:2919} INFO - Setting next_dagrun for example_complex to None, run_after=None
[2023-04-07 17:10:58,427] {processor.py:161} INFO - Processing /home/airflow/.local/lib/python3.7/site-packages/airflow/example_dags/example_complex.py took 0.085 seconds
[2023-04-07 18:18:11,670] {processor.py:153} INFO - Started process (PID=50237) to work on /home/airflow/.local/lib/python3.7/site-packages/airflow/example_dags/example_complex.py
[2023-04-07 18:18:11,671] {processor.py:641} INFO - Processing file /home/airflow/.local/lib/python3.7/site-packages/airflow/example_dags/example_complex.py for tasks to queue
[2023-04-07 18:18:11,672] {logging_mixin.py:115} INFO - [2023-04-07 18:18:11,672] {dagbag.py:507} INFO - Filling up the DagBag from /home/airflow/.local/lib/python3.7/site-packages/airflow/example_dags/example_complex.py
[2023-04-07 18:18:11,684] {processor.py:651} INFO - DAG(s) dict_keys(['example_complex']) retrieved from /home/airflow/.local/lib/python3.7/site-packages/airflow/example_dags/example_complex.py
[2023-04-07 18:18:11,731] {logging_mixin.py:115} INFO - [2023-04-07 18:18:11,731] {dag.py:2371} INFO - Sync 1 DAGs
[2023-04-07 18:18:11,750] {logging_mixin.py:115} INFO - [2023-04-07 18:18:11,750] {dag.py:2919} INFO - Setting next_dagrun for example_complex to None, run_after=None
[2023-04-07 18:18:11,760] {processor.py:161} INFO - Processing /home/airflow/.local/lib/python3.7/site-packages/airflow/example_dags/example_complex.py took 0.093 seconds
[2023-04-07 19:21:17,633] {processor.py:153} INFO - Started process (PID=50298) to work on /home/airflow/.local/lib/python3.7/site-packages/airflow/example_dags/example_complex.py
[2023-04-07 19:21:17,639] {processor.py:641} INFO - Processing file /home/airflow/.local/lib/python3.7/site-packages/airflow/example_dags/example_complex.py for tasks to queue
[2023-04-07 19:21:17,639] {logging_mixin.py:115} INFO - [2023-04-07 19:21:17,639] {dagbag.py:507} INFO - Filling up the DagBag from /home/airflow/.local/lib/python3.7/site-packages/airflow/example_dags/example_complex.py
[2023-04-07 19:21:17,653] {processor.py:651} INFO - DAG(s) dict_keys(['example_complex']) retrieved from /home/airflow/.local/lib/python3.7/site-packages/airflow/example_dags/example_complex.py
[2023-04-07 19:21:17,687] {logging_mixin.py:115} INFO - [2023-04-07 19:21:17,686] {dag.py:2371} INFO - Sync 1 DAGs
[2023-04-07 19:21:17,713] {logging_mixin.py:115} INFO - [2023-04-07 19:21:17,713] {dag.py:2919} INFO - Setting next_dagrun for example_complex to None, run_after=None
[2023-04-07 19:21:17,722] {processor.py:161} INFO - Processing /home/airflow/.local/lib/python3.7/site-packages/airflow/example_dags/example_complex.py took 0.096 seconds
[2023-04-07 19:21:48,046] {processor.py:153} INFO - Started process (PID=50360) to work on /home/airflow/.local/lib/python3.7/site-packages/airflow/example_dags/example_complex.py
[2023-04-07 19:21:48,047] {processor.py:641} INFO - Processing file /home/airflow/.local/lib/python3.7/site-packages/airflow/example_dags/example_complex.py for tasks to queue
[2023-04-07 19:21:48,048] {logging_mixin.py:115} INFO - [2023-04-07 19:21:48,048] {dagbag.py:507} INFO - Filling up the DagBag from /home/airflow/.local/lib/python3.7/site-packages/airflow/example_dags/example_complex.py
[2023-04-07 19:21:48,055] {processor.py:651} INFO - DAG(s) dict_keys(['example_complex']) retrieved from /home/airflow/.local/lib/python3.7/site-packages/airflow/example_dags/example_complex.py
[2023-04-07 19:21:48,074] {logging_mixin.py:115} INFO - [2023-04-07 19:21:48,074] {dag.py:2371} INFO - Sync 1 DAGs
[2023-04-07 19:21:48,085] {logging_mixin.py:115} INFO - [2023-04-07 19:21:48,085] {dag.py:2919} INFO - Setting next_dagrun for example_complex to None, run_after=None
[2023-04-07 19:21:48,091] {processor.py:161} INFO - Processing /home/airflow/.local/lib/python3.7/site-packages/airflow/example_dags/example_complex.py took 0.047 seconds
[2023-04-07 19:35:25,807] {processor.py:153} INFO - Started process (PID=50419) to work on /home/airflow/.local/lib/python3.7/site-packages/airflow/example_dags/example_complex.py
[2023-04-07 19:35:25,817] {processor.py:641} INFO - Processing file /home/airflow/.local/lib/python3.7/site-packages/airflow/example_dags/example_complex.py for tasks to queue
[2023-04-07 19:35:25,819] {logging_mixin.py:115} INFO - [2023-04-07 19:35:25,818] {dagbag.py:507} INFO - Filling up the DagBag from /home/airflow/.local/lib/python3.7/site-packages/airflow/example_dags/example_complex.py
[2023-04-07 19:35:25,843] {processor.py:651} INFO - DAG(s) dict_keys(['example_complex']) retrieved from /home/airflow/.local/lib/python3.7/site-packages/airflow/example_dags/example_complex.py
[2023-04-07 19:35:25,873] {logging_mixin.py:115} INFO - [2023-04-07 19:35:25,873] {dag.py:2371} INFO - Sync 1 DAGs
[2023-04-07 19:35:25,887] {logging_mixin.py:115} INFO - [2023-04-07 19:35:25,887] {dag.py:2919} INFO - Setting next_dagrun for example_complex to None, run_after=None
[2023-04-07 19:35:25,895] {processor.py:161} INFO - Processing /home/airflow/.local/lib/python3.7/site-packages/airflow/example_dags/example_complex.py took 0.092 seconds
[2023-04-07 19:35:56,455] {processor.py:153} INFO - Started process (PID=50482) to work on /home/airflow/.local/lib/python3.7/site-packages/airflow/example_dags/example_complex.py
[2023-04-07 19:35:56,456] {processor.py:641} INFO - Processing file /home/airflow/.local/lib/python3.7/site-packages/airflow/example_dags/example_complex.py for tasks to queue
[2023-04-07 19:35:56,456] {logging_mixin.py:115} INFO - [2023-04-07 19:35:56,456] {dagbag.py:507} INFO - Filling up the DagBag from /home/airflow/.local/lib/python3.7/site-packages/airflow/example_dags/example_complex.py
[2023-04-07 19:35:56,463] {processor.py:651} INFO - DAG(s) dict_keys(['example_complex']) retrieved from /home/airflow/.local/lib/python3.7/site-packages/airflow/example_dags/example_complex.py
[2023-04-07 19:35:56,483] {logging_mixin.py:115} INFO - [2023-04-07 19:35:56,483] {dag.py:2371} INFO - Sync 1 DAGs
[2023-04-07 19:35:56,493] {logging_mixin.py:115} INFO - [2023-04-07 19:35:56,493] {dag.py:2919} INFO - Setting next_dagrun for example_complex to None, run_after=None
[2023-04-07 19:35:56,499] {processor.py:161} INFO - Processing /home/airflow/.local/lib/python3.7/site-packages/airflow/example_dags/example_complex.py took 0.047 seconds
[2023-04-07 20:42:19,991] {processor.py:153} INFO - Started process (PID=50535) to work on /home/airflow/.local/lib/python3.7/site-packages/airflow/example_dags/example_complex.py
[2023-04-07 20:42:19,992] {processor.py:641} INFO - Processing file /home/airflow/.local/lib/python3.7/site-packages/airflow/example_dags/example_complex.py for tasks to queue
[2023-04-07 20:42:19,993] {logging_mixin.py:115} INFO - [2023-04-07 20:42:19,993] {dagbag.py:507} INFO - Filling up the DagBag from /home/airflow/.local/lib/python3.7/site-packages/airflow/example_dags/example_complex.py
[2023-04-07 20:42:20,005] {processor.py:651} INFO - DAG(s) dict_keys(['example_complex']) retrieved from /home/airflow/.local/lib/python3.7/site-packages/airflow/example_dags/example_complex.py
[2023-04-07 20:42:20,026] {logging_mixin.py:115} INFO - [2023-04-07 20:42:20,026] {dag.py:2371} INFO - Sync 1 DAGs
[2023-04-07 20:42:20,037] {logging_mixin.py:115} INFO - [2023-04-07 20:42:20,036] {dag.py:2919} INFO - Setting next_dagrun for example_complex to None, run_after=None
[2023-04-07 20:42:20,043] {processor.py:161} INFO - Processing /home/airflow/.local/lib/python3.7/site-packages/airflow/example_dags/example_complex.py took 0.055 seconds
[2023-04-07 21:32:24,145] {processor.py:153} INFO - Started process (PID=50597) to work on /home/airflow/.local/lib/python3.7/site-packages/airflow/example_dags/example_complex.py
[2023-04-07 21:32:24,149] {processor.py:641} INFO - Processing file /home/airflow/.local/lib/python3.7/site-packages/airflow/example_dags/example_complex.py for tasks to queue
[2023-04-07 21:32:24,150] {logging_mixin.py:115} INFO - [2023-04-07 21:32:24,150] {dagbag.py:507} INFO - Filling up the DagBag from /home/airflow/.local/lib/python3.7/site-packages/airflow/example_dags/example_complex.py
[2023-04-07 21:32:24,161] {processor.py:651} INFO - DAG(s) dict_keys(['example_complex']) retrieved from /home/airflow/.local/lib/python3.7/site-packages/airflow/example_dags/example_complex.py
[2023-04-07 21:32:24,267] {logging_mixin.py:115} INFO - [2023-04-07 21:32:24,267] {dag.py:2371} INFO - Sync 1 DAGs
[2023-04-07 21:32:24,331] {logging_mixin.py:115} INFO - [2023-04-07 21:32:24,331] {dag.py:2919} INFO - Setting next_dagrun for example_complex to None, run_after=None
[2023-04-07 21:32:24,360] {processor.py:161} INFO - Processing /home/airflow/.local/lib/python3.7/site-packages/airflow/example_dags/example_complex.py took 0.218 seconds
[2023-04-07 22:38:22,512] {processor.py:153} INFO - Started process (PID=50659) to work on /home/airflow/.local/lib/python3.7/site-packages/airflow/example_dags/example_complex.py
[2023-04-07 22:38:22,517] {processor.py:641} INFO - Processing file /home/airflow/.local/lib/python3.7/site-packages/airflow/example_dags/example_complex.py for tasks to queue
[2023-04-07 22:38:22,519] {logging_mixin.py:115} INFO - [2023-04-07 22:38:22,519] {dagbag.py:507} INFO - Filling up the DagBag from /home/airflow/.local/lib/python3.7/site-packages/airflow/example_dags/example_complex.py
[2023-04-07 22:38:22,551] {processor.py:651} INFO - DAG(s) dict_keys(['example_complex']) retrieved from /home/airflow/.local/lib/python3.7/site-packages/airflow/example_dags/example_complex.py
[2023-04-07 22:38:22,599] {logging_mixin.py:115} INFO - [2023-04-07 22:38:22,599] {dag.py:2371} INFO - Sync 1 DAGs
[2023-04-07 22:38:22,627] {logging_mixin.py:115} INFO - [2023-04-07 22:38:22,627] {dag.py:2919} INFO - Setting next_dagrun for example_complex to None, run_after=None
[2023-04-07 22:38:22,643] {processor.py:161} INFO - Processing /home/airflow/.local/lib/python3.7/site-packages/airflow/example_dags/example_complex.py took 0.142 seconds
