[2023-04-07 00:21:19,566] {processor.py:153} INFO - Started process (PID=49178) to work on /home/airflow/.local/lib/python3.7/site-packages/airflow/example_dags/example_branch_operator.py
[2023-04-07 00:21:19,566] {processor.py:641} INFO - Processing file /home/airflow/.local/lib/python3.7/site-packages/airflow/example_dags/example_branch_operator.py for tasks to queue
[2023-04-07 00:21:19,567] {logging_mixin.py:115} INFO - [2023-04-07 00:21:19,567] {dagbag.py:507} INFO - Filling up the DagBag from /home/airflow/.local/lib/python3.7/site-packages/airflow/example_dags/example_branch_operator.py
[2023-04-07 00:21:19,577] {processor.py:651} INFO - DAG(s) dict_keys(['example_branch_operator']) retrieved from /home/airflow/.local/lib/python3.7/site-packages/airflow/example_dags/example_branch_operator.py
[2023-04-07 00:21:19,612] {logging_mixin.py:115} INFO - [2023-04-07 00:21:19,612] {dag.py:2371} INFO - Sync 1 DAGs
[2023-04-07 00:21:19,628] {logging_mixin.py:115} INFO - [2023-04-07 00:21:19,627] {dag.py:2919} INFO - Setting next_dagrun for example_branch_operator to 2023-04-06T00:00:00+00:00, run_after=2023-04-07T00:00:00+00:00
[2023-04-07 00:21:19,635] {processor.py:161} INFO - Processing /home/airflow/.local/lib/python3.7/site-packages/airflow/example_dags/example_branch_operator.py took 0.072 seconds
[2023-04-07 01:26:28,767] {processor.py:153} INFO - Started process (PID=49240) to work on /home/airflow/.local/lib/python3.7/site-packages/airflow/example_dags/example_branch_operator.py
[2023-04-07 01:26:28,767] {processor.py:641} INFO - Processing file /home/airflow/.local/lib/python3.7/site-packages/airflow/example_dags/example_branch_operator.py for tasks to queue
[2023-04-07 01:26:28,773] {logging_mixin.py:115} INFO - [2023-04-07 01:26:28,773] {dagbag.py:507} INFO - Filling up the DagBag from /home/airflow/.local/lib/python3.7/site-packages/airflow/example_dags/example_branch_operator.py
[2023-04-07 01:26:28,780] {processor.py:651} INFO - DAG(s) dict_keys(['example_branch_operator']) retrieved from /home/airflow/.local/lib/python3.7/site-packages/airflow/example_dags/example_branch_operator.py
[2023-04-07 01:26:28,798] {logging_mixin.py:115} INFO - [2023-04-07 01:26:28,798] {dag.py:2371} INFO - Sync 1 DAGs
[2023-04-07 01:26:28,811] {logging_mixin.py:115} INFO - [2023-04-07 01:26:28,811] {dag.py:2919} INFO - Setting next_dagrun for example_branch_operator to 2023-04-06T00:00:00+00:00, run_after=2023-04-07T00:00:00+00:00
[2023-04-07 01:26:28,816] {processor.py:161} INFO - Processing /home/airflow/.local/lib/python3.7/site-packages/airflow/example_dags/example_branch_operator.py took 0.052 seconds
[2023-04-07 02:49:15,612] {processor.py:153} INFO - Started process (PID=49301) to work on /home/airflow/.local/lib/python3.7/site-packages/airflow/example_dags/example_branch_operator.py
[2023-04-07 02:49:15,612] {processor.py:641} INFO - Processing file /home/airflow/.local/lib/python3.7/site-packages/airflow/example_dags/example_branch_operator.py for tasks to queue
[2023-04-07 02:49:15,613] {logging_mixin.py:115} INFO - [2023-04-07 02:49:15,613] {dagbag.py:507} INFO - Filling up the DagBag from /home/airflow/.local/lib/python3.7/site-packages/airflow/example_dags/example_branch_operator.py
[2023-04-07 02:49:15,620] {processor.py:651} INFO - DAG(s) dict_keys(['example_branch_operator']) retrieved from /home/airflow/.local/lib/python3.7/site-packages/airflow/example_dags/example_branch_operator.py
[2023-04-07 02:49:15,638] {logging_mixin.py:115} INFO - [2023-04-07 02:49:15,638] {dag.py:2371} INFO - Sync 1 DAGs
[2023-04-07 02:49:15,650] {logging_mixin.py:115} INFO - [2023-04-07 02:49:15,650] {dag.py:2919} INFO - Setting next_dagrun for example_branch_operator to 2023-04-06T00:00:00+00:00, run_after=2023-04-07T00:00:00+00:00
[2023-04-07 02:49:15,656] {processor.py:161} INFO - Processing /home/airflow/.local/lib/python3.7/site-packages/airflow/example_dags/example_branch_operator.py took 0.046 seconds
[2023-04-07 02:55:42,288] {processor.py:153} INFO - Started process (PID=49363) to work on /home/airflow/.local/lib/python3.7/site-packages/airflow/example_dags/example_branch_operator.py
[2023-04-07 02:55:42,289] {processor.py:641} INFO - Processing file /home/airflow/.local/lib/python3.7/site-packages/airflow/example_dags/example_branch_operator.py for tasks to queue
[2023-04-07 02:55:42,290] {logging_mixin.py:115} INFO - [2023-04-07 02:55:42,290] {dagbag.py:507} INFO - Filling up the DagBag from /home/airflow/.local/lib/python3.7/site-packages/airflow/example_dags/example_branch_operator.py
[2023-04-07 02:55:42,297] {processor.py:651} INFO - DAG(s) dict_keys(['example_branch_operator']) retrieved from /home/airflow/.local/lib/python3.7/site-packages/airflow/example_dags/example_branch_operator.py
[2023-04-07 02:55:42,314] {logging_mixin.py:115} INFO - [2023-04-07 02:55:42,314] {dag.py:2371} INFO - Sync 1 DAGs
[2023-04-07 02:55:42,325] {logging_mixin.py:115} INFO - [2023-04-07 02:55:42,325] {dag.py:2919} INFO - Setting next_dagrun for example_branch_operator to 2023-04-06T00:00:00+00:00, run_after=2023-04-07T00:00:00+00:00
[2023-04-07 02:55:42,330] {processor.py:161} INFO - Processing /home/airflow/.local/lib/python3.7/site-packages/airflow/example_dags/example_branch_operator.py took 0.044 seconds
[2023-04-07 03:13:43,286] {processor.py:153} INFO - Started process (PID=49416) to work on /home/airflow/.local/lib/python3.7/site-packages/airflow/example_dags/example_branch_operator.py
[2023-04-07 03:13:43,287] {processor.py:641} INFO - Processing file /home/airflow/.local/lib/python3.7/site-packages/airflow/example_dags/example_branch_operator.py for tasks to queue
[2023-04-07 03:13:43,287] {logging_mixin.py:115} INFO - [2023-04-07 03:13:43,287] {dagbag.py:507} INFO - Filling up the DagBag from /home/airflow/.local/lib/python3.7/site-packages/airflow/example_dags/example_branch_operator.py
[2023-04-07 03:13:43,293] {processor.py:651} INFO - DAG(s) dict_keys(['example_branch_operator']) retrieved from /home/airflow/.local/lib/python3.7/site-packages/airflow/example_dags/example_branch_operator.py
[2023-04-07 03:13:43,310] {logging_mixin.py:115} INFO - [2023-04-07 03:13:43,310] {dag.py:2371} INFO - Sync 1 DAGs
[2023-04-07 03:13:43,321] {logging_mixin.py:115} INFO - [2023-04-07 03:13:43,321] {dag.py:2919} INFO - Setting next_dagrun for example_branch_operator to 2023-04-06T00:00:00+00:00, run_after=2023-04-07T00:00:00+00:00
[2023-04-07 03:13:43,327] {processor.py:161} INFO - Processing /home/airflow/.local/lib/python3.7/site-packages/airflow/example_dags/example_branch_operator.py took 0.043 seconds
[2023-04-07 04:35:08,354] {processor.py:153} INFO - Started process (PID=49478) to work on /home/airflow/.local/lib/python3.7/site-packages/airflow/example_dags/example_branch_operator.py
[2023-04-07 04:35:08,355] {processor.py:641} INFO - Processing file /home/airflow/.local/lib/python3.7/site-packages/airflow/example_dags/example_branch_operator.py for tasks to queue
[2023-04-07 04:35:08,356] {logging_mixin.py:115} INFO - [2023-04-07 04:35:08,356] {dagbag.py:507} INFO - Filling up the DagBag from /home/airflow/.local/lib/python3.7/site-packages/airflow/example_dags/example_branch_operator.py
[2023-04-07 04:35:08,363] {processor.py:651} INFO - DAG(s) dict_keys(['example_branch_operator']) retrieved from /home/airflow/.local/lib/python3.7/site-packages/airflow/example_dags/example_branch_operator.py
[2023-04-07 04:35:08,383] {logging_mixin.py:115} INFO - [2023-04-07 04:35:08,383] {dag.py:2371} INFO - Sync 1 DAGs
[2023-04-07 04:35:08,400] {logging_mixin.py:115} INFO - [2023-04-07 04:35:08,400] {dag.py:2919} INFO - Setting next_dagrun for example_branch_operator to 2023-04-06T00:00:00+00:00, run_after=2023-04-07T00:00:00+00:00
[2023-04-07 04:35:08,405] {processor.py:161} INFO - Processing /home/airflow/.local/lib/python3.7/site-packages/airflow/example_dags/example_branch_operator.py took 0.053 seconds
[2023-04-07 05:44:23,654] {processor.py:153} INFO - Started process (PID=49540) to work on /home/airflow/.local/lib/python3.7/site-packages/airflow/example_dags/example_branch_operator.py
[2023-04-07 05:44:23,654] {processor.py:641} INFO - Processing file /home/airflow/.local/lib/python3.7/site-packages/airflow/example_dags/example_branch_operator.py for tasks to queue
[2023-04-07 05:44:23,655] {logging_mixin.py:115} INFO - [2023-04-07 05:44:23,655] {dagbag.py:507} INFO - Filling up the DagBag from /home/airflow/.local/lib/python3.7/site-packages/airflow/example_dags/example_branch_operator.py
[2023-04-07 05:44:23,662] {processor.py:651} INFO - DAG(s) dict_keys(['example_branch_operator']) retrieved from /home/airflow/.local/lib/python3.7/site-packages/airflow/example_dags/example_branch_operator.py
[2023-04-07 05:44:23,680] {logging_mixin.py:115} INFO - [2023-04-07 05:44:23,680] {dag.py:2371} INFO - Sync 1 DAGs
[2023-04-07 05:44:23,692] {logging_mixin.py:115} INFO - [2023-04-07 05:44:23,692] {dag.py:2919} INFO - Setting next_dagrun for example_branch_operator to 2023-04-06T00:00:00+00:00, run_after=2023-04-07T00:00:00+00:00
[2023-04-07 05:44:23,699] {processor.py:161} INFO - Processing /home/airflow/.local/lib/python3.7/site-packages/airflow/example_dags/example_branch_operator.py took 0.048 seconds
[2023-04-07 06:47:45,032] {processor.py:153} INFO - Started process (PID=49602) to work on /home/airflow/.local/lib/python3.7/site-packages/airflow/example_dags/example_branch_operator.py
[2023-04-07 06:47:45,033] {processor.py:641} INFO - Processing file /home/airflow/.local/lib/python3.7/site-packages/airflow/example_dags/example_branch_operator.py for tasks to queue
[2023-04-07 06:47:45,034] {logging_mixin.py:115} INFO - [2023-04-07 06:47:45,034] {dagbag.py:507} INFO - Filling up the DagBag from /home/airflow/.local/lib/python3.7/site-packages/airflow/example_dags/example_branch_operator.py
[2023-04-07 06:47:45,043] {processor.py:651} INFO - DAG(s) dict_keys(['example_branch_operator']) retrieved from /home/airflow/.local/lib/python3.7/site-packages/airflow/example_dags/example_branch_operator.py
[2023-04-07 06:47:45,066] {logging_mixin.py:115} INFO - [2023-04-07 06:47:45,066] {dag.py:2371} INFO - Sync 1 DAGs
[2023-04-07 06:47:45,078] {logging_mixin.py:115} INFO - [2023-04-07 06:47:45,078] {dag.py:2919} INFO - Setting next_dagrun for example_branch_operator to 2023-04-06T00:00:00+00:00, run_after=2023-04-07T00:00:00+00:00
[2023-04-07 06:47:45,084] {processor.py:161} INFO - Processing /home/airflow/.local/lib/python3.7/site-packages/airflow/example_dags/example_branch_operator.py took 0.055 seconds
[2023-04-07 08:10:38,544] {processor.py:153} INFO - Started process (PID=49663) to work on /home/airflow/.local/lib/python3.7/site-packages/airflow/example_dags/example_branch_operator.py
[2023-04-07 08:10:38,545] {processor.py:641} INFO - Processing file /home/airflow/.local/lib/python3.7/site-packages/airflow/example_dags/example_branch_operator.py for tasks to queue
[2023-04-07 08:10:38,545] {logging_mixin.py:115} INFO - [2023-04-07 08:10:38,545] {dagbag.py:507} INFO - Filling up the DagBag from /home/airflow/.local/lib/python3.7/site-packages/airflow/example_dags/example_branch_operator.py
[2023-04-07 08:10:38,552] {processor.py:651} INFO - DAG(s) dict_keys(['example_branch_operator']) retrieved from /home/airflow/.local/lib/python3.7/site-packages/airflow/example_dags/example_branch_operator.py
[2023-04-07 08:10:38,570] {logging_mixin.py:115} INFO - [2023-04-07 08:10:38,570] {dag.py:2371} INFO - Sync 1 DAGs
[2023-04-07 08:10:38,583] {logging_mixin.py:115} INFO - [2023-04-07 08:10:38,583] {dag.py:2919} INFO - Setting next_dagrun for example_branch_operator to 2023-04-06T00:00:00+00:00, run_after=2023-04-07T00:00:00+00:00
[2023-04-07 08:10:38,590] {processor.py:161} INFO - Processing /home/airflow/.local/lib/python3.7/site-packages/airflow/example_dags/example_branch_operator.py took 0.048 seconds
[2023-04-07 09:16:47,973] {processor.py:153} INFO - Started process (PID=49716) to work on /home/airflow/.local/lib/python3.7/site-packages/airflow/example_dags/example_branch_operator.py
[2023-04-07 09:16:47,974] {processor.py:641} INFO - Processing file /home/airflow/.local/lib/python3.7/site-packages/airflow/example_dags/example_branch_operator.py for tasks to queue
[2023-04-07 09:16:47,974] {logging_mixin.py:115} INFO - [2023-04-07 09:16:47,974] {dagbag.py:507} INFO - Filling up the DagBag from /home/airflow/.local/lib/python3.7/site-packages/airflow/example_dags/example_branch_operator.py
[2023-04-07 09:16:47,981] {processor.py:651} INFO - DAG(s) dict_keys(['example_branch_operator']) retrieved from /home/airflow/.local/lib/python3.7/site-packages/airflow/example_dags/example_branch_operator.py
[2023-04-07 09:16:47,999] {logging_mixin.py:115} INFO - [2023-04-07 09:16:47,998] {dag.py:2371} INFO - Sync 1 DAGs
[2023-04-07 09:16:48,011] {logging_mixin.py:115} INFO - [2023-04-07 09:16:48,011] {dag.py:2919} INFO - Setting next_dagrun for example_branch_operator to 2023-04-06T00:00:00+00:00, run_after=2023-04-07T00:00:00+00:00
[2023-04-07 09:16:48,017] {processor.py:161} INFO - Processing /home/airflow/.local/lib/python3.7/site-packages/airflow/example_dags/example_branch_operator.py took 0.046 seconds
[2023-04-07 10:24:58,712] {processor.py:153} INFO - Started process (PID=49778) to work on /home/airflow/.local/lib/python3.7/site-packages/airflow/example_dags/example_branch_operator.py
[2023-04-07 10:24:58,713] {processor.py:641} INFO - Processing file /home/airflow/.local/lib/python3.7/site-packages/airflow/example_dags/example_branch_operator.py for tasks to queue
[2023-04-07 10:24:58,714] {logging_mixin.py:115} INFO - [2023-04-07 10:24:58,714] {dagbag.py:507} INFO - Filling up the DagBag from /home/airflow/.local/lib/python3.7/site-packages/airflow/example_dags/example_branch_operator.py
[2023-04-07 10:24:58,720] {processor.py:651} INFO - DAG(s) dict_keys(['example_branch_operator']) retrieved from /home/airflow/.local/lib/python3.7/site-packages/airflow/example_dags/example_branch_operator.py
[2023-04-07 10:24:58,738] {logging_mixin.py:115} INFO - [2023-04-07 10:24:58,738] {dag.py:2371} INFO - Sync 1 DAGs
[2023-04-07 10:24:58,749] {logging_mixin.py:115} INFO - [2023-04-07 10:24:58,749] {dag.py:2919} INFO - Setting next_dagrun for example_branch_operator to 2023-04-06T00:00:00+00:00, run_after=2023-04-07T00:00:00+00:00
[2023-04-07 10:24:58,755] {processor.py:161} INFO - Processing /home/airflow/.local/lib/python3.7/site-packages/airflow/example_dags/example_branch_operator.py took 0.044 seconds
[2023-04-07 11:08:33,855] {processor.py:153} INFO - Started process (PID=49840) to work on /home/airflow/.local/lib/python3.7/site-packages/airflow/example_dags/example_branch_operator.py
[2023-04-07 11:08:33,855] {processor.py:641} INFO - Processing file /home/airflow/.local/lib/python3.7/site-packages/airflow/example_dags/example_branch_operator.py for tasks to queue
[2023-04-07 11:08:33,856] {logging_mixin.py:115} INFO - [2023-04-07 11:08:33,856] {dagbag.py:507} INFO - Filling up the DagBag from /home/airflow/.local/lib/python3.7/site-packages/airflow/example_dags/example_branch_operator.py
[2023-04-07 11:08:33,862] {processor.py:651} INFO - DAG(s) dict_keys(['example_branch_operator']) retrieved from /home/airflow/.local/lib/python3.7/site-packages/airflow/example_dags/example_branch_operator.py
[2023-04-07 11:08:33,879] {logging_mixin.py:115} INFO - [2023-04-07 11:08:33,879] {dag.py:2371} INFO - Sync 1 DAGs
[2023-04-07 11:08:33,894] {logging_mixin.py:115} INFO - [2023-04-07 11:08:33,894] {dag.py:2919} INFO - Setting next_dagrun for example_branch_operator to 2023-04-06T00:00:00+00:00, run_after=2023-04-07T00:00:00+00:00
[2023-04-07 11:08:33,901] {processor.py:161} INFO - Processing /home/airflow/.local/lib/python3.7/site-packages/airflow/example_dags/example_branch_operator.py took 0.048 seconds
[2023-04-07 11:09:04,506] {processor.py:153} INFO - Started process (PID=49902) to work on /home/airflow/.local/lib/python3.7/site-packages/airflow/example_dags/example_branch_operator.py
[2023-04-07 11:09:04,507] {processor.py:641} INFO - Processing file /home/airflow/.local/lib/python3.7/site-packages/airflow/example_dags/example_branch_operator.py for tasks to queue
[2023-04-07 11:09:04,507] {logging_mixin.py:115} INFO - [2023-04-07 11:09:04,507] {dagbag.py:507} INFO - Filling up the DagBag from /home/airflow/.local/lib/python3.7/site-packages/airflow/example_dags/example_branch_operator.py
[2023-04-07 11:09:04,514] {processor.py:651} INFO - DAG(s) dict_keys(['example_branch_operator']) retrieved from /home/airflow/.local/lib/python3.7/site-packages/airflow/example_dags/example_branch_operator.py
[2023-04-07 11:09:04,531] {logging_mixin.py:115} INFO - [2023-04-07 11:09:04,531] {dag.py:2371} INFO - Sync 1 DAGs
[2023-04-07 11:09:04,542] {logging_mixin.py:115} INFO - [2023-04-07 11:09:04,542] {dag.py:2919} INFO - Setting next_dagrun for example_branch_operator to 2023-04-06T00:00:00+00:00, run_after=2023-04-07T00:00:00+00:00
[2023-04-07 11:09:04,547] {processor.py:161} INFO - Processing /home/airflow/.local/lib/python3.7/site-packages/airflow/example_dags/example_branch_operator.py took 0.043 seconds
[2023-04-07 12:29:47,083] {processor.py:153} INFO - Started process (PID=49964) to work on /home/airflow/.local/lib/python3.7/site-packages/airflow/example_dags/example_branch_operator.py
[2023-04-07 12:29:47,083] {processor.py:641} INFO - Processing file /home/airflow/.local/lib/python3.7/site-packages/airflow/example_dags/example_branch_operator.py for tasks to queue
[2023-04-07 12:29:47,084] {logging_mixin.py:115} INFO - [2023-04-07 12:29:47,084] {dagbag.py:507} INFO - Filling up the DagBag from /home/airflow/.local/lib/python3.7/site-packages/airflow/example_dags/example_branch_operator.py
[2023-04-07 12:29:47,091] {processor.py:651} INFO - DAG(s) dict_keys(['example_branch_operator']) retrieved from /home/airflow/.local/lib/python3.7/site-packages/airflow/example_dags/example_branch_operator.py
[2023-04-07 12:29:47,110] {logging_mixin.py:115} INFO - [2023-04-07 12:29:47,110] {dag.py:2371} INFO - Sync 1 DAGs
[2023-04-07 12:29:47,126] {logging_mixin.py:115} INFO - [2023-04-07 12:29:47,126] {dag.py:2919} INFO - Setting next_dagrun for example_branch_operator to 2023-04-06T00:00:00+00:00, run_after=2023-04-07T00:00:00+00:00
[2023-04-07 12:29:47,132] {processor.py:161} INFO - Processing /home/airflow/.local/lib/python3.7/site-packages/airflow/example_dags/example_branch_operator.py took 0.052 seconds
[2023-04-07 13:38:14,424] {processor.py:153} INFO - Started process (PID=50017) to work on /home/airflow/.local/lib/python3.7/site-packages/airflow/example_dags/example_branch_operator.py
[2023-04-07 13:38:14,425] {processor.py:641} INFO - Processing file /home/airflow/.local/lib/python3.7/site-packages/airflow/example_dags/example_branch_operator.py for tasks to queue
[2023-04-07 13:38:14,425] {logging_mixin.py:115} INFO - [2023-04-07 13:38:14,425] {dagbag.py:507} INFO - Filling up the DagBag from /home/airflow/.local/lib/python3.7/site-packages/airflow/example_dags/example_branch_operator.py
[2023-04-07 13:38:14,433] {processor.py:651} INFO - DAG(s) dict_keys(['example_branch_operator']) retrieved from /home/airflow/.local/lib/python3.7/site-packages/airflow/example_dags/example_branch_operator.py
[2023-04-07 13:38:14,450] {logging_mixin.py:115} INFO - [2023-04-07 13:38:14,450] {dag.py:2371} INFO - Sync 1 DAGs
[2023-04-07 13:38:14,462] {logging_mixin.py:115} INFO - [2023-04-07 13:38:14,462] {dag.py:2919} INFO - Setting next_dagrun for example_branch_operator to 2023-04-06T00:00:00+00:00, run_after=2023-04-07T00:00:00+00:00
[2023-04-07 13:38:14,467] {processor.py:161} INFO - Processing /home/airflow/.local/lib/python3.7/site-packages/airflow/example_dags/example_branch_operator.py took 0.046 seconds
[2023-04-07 14:43:44,659] {processor.py:153} INFO - Started process (PID=50080) to work on /home/airflow/.local/lib/python3.7/site-packages/airflow/example_dags/example_branch_operator.py
[2023-04-07 14:43:44,659] {processor.py:641} INFO - Processing file /home/airflow/.local/lib/python3.7/site-packages/airflow/example_dags/example_branch_operator.py for tasks to queue
[2023-04-07 14:43:44,660] {logging_mixin.py:115} INFO - [2023-04-07 14:43:44,660] {dagbag.py:507} INFO - Filling up the DagBag from /home/airflow/.local/lib/python3.7/site-packages/airflow/example_dags/example_branch_operator.py
[2023-04-07 14:43:44,667] {processor.py:651} INFO - DAG(s) dict_keys(['example_branch_operator']) retrieved from /home/airflow/.local/lib/python3.7/site-packages/airflow/example_dags/example_branch_operator.py
[2023-04-07 14:43:44,686] {logging_mixin.py:115} INFO - [2023-04-07 14:43:44,686] {dag.py:2371} INFO - Sync 1 DAGs
[2023-04-07 14:43:44,698] {logging_mixin.py:115} INFO - [2023-04-07 14:43:44,698] {dag.py:2919} INFO - Setting next_dagrun for example_branch_operator to 2023-04-06T00:00:00+00:00, run_after=2023-04-07T00:00:00+00:00
[2023-04-07 14:43:44,703] {processor.py:161} INFO - Processing /home/airflow/.local/lib/python3.7/site-packages/airflow/example_dags/example_branch_operator.py took 0.047 seconds
[2023-04-07 16:07:14,011] {processor.py:153} INFO - Started process (PID=50141) to work on /home/airflow/.local/lib/python3.7/site-packages/airflow/example_dags/example_branch_operator.py
[2023-04-07 16:07:14,012] {processor.py:641} INFO - Processing file /home/airflow/.local/lib/python3.7/site-packages/airflow/example_dags/example_branch_operator.py for tasks to queue
[2023-04-07 16:07:14,012] {logging_mixin.py:115} INFO - [2023-04-07 16:07:14,012] {dagbag.py:507} INFO - Filling up the DagBag from /home/airflow/.local/lib/python3.7/site-packages/airflow/example_dags/example_branch_operator.py
[2023-04-07 16:07:14,019] {processor.py:651} INFO - DAG(s) dict_keys(['example_branch_operator']) retrieved from /home/airflow/.local/lib/python3.7/site-packages/airflow/example_dags/example_branch_operator.py
[2023-04-07 16:07:14,037] {logging_mixin.py:115} INFO - [2023-04-07 16:07:14,037] {dag.py:2371} INFO - Sync 1 DAGs
[2023-04-07 16:07:14,050] {logging_mixin.py:115} INFO - [2023-04-07 16:07:14,050] {dag.py:2919} INFO - Setting next_dagrun for example_branch_operator to 2023-04-06T00:00:00+00:00, run_after=2023-04-07T00:00:00+00:00
[2023-04-07 16:07:14,056] {processor.py:161} INFO - Processing /home/airflow/.local/lib/python3.7/site-packages/airflow/example_dags/example_branch_operator.py took 0.048 seconds
[2023-04-07 17:10:59,373] {processor.py:153} INFO - Started process (PID=50203) to work on /home/airflow/.local/lib/python3.7/site-packages/airflow/example_dags/example_branch_operator.py
[2023-04-07 17:10:59,373] {processor.py:641} INFO - Processing file /home/airflow/.local/lib/python3.7/site-packages/airflow/example_dags/example_branch_operator.py for tasks to queue
[2023-04-07 17:10:59,374] {logging_mixin.py:115} INFO - [2023-04-07 17:10:59,374] {dagbag.py:507} INFO - Filling up the DagBag from /home/airflow/.local/lib/python3.7/site-packages/airflow/example_dags/example_branch_operator.py
[2023-04-07 17:10:59,381] {processor.py:651} INFO - DAG(s) dict_keys(['example_branch_operator']) retrieved from /home/airflow/.local/lib/python3.7/site-packages/airflow/example_dags/example_branch_operator.py
[2023-04-07 17:10:59,401] {logging_mixin.py:115} INFO - [2023-04-07 17:10:59,401] {dag.py:2371} INFO - Sync 1 DAGs
[2023-04-07 17:10:59,414] {logging_mixin.py:115} INFO - [2023-04-07 17:10:59,414] {dag.py:2919} INFO - Setting next_dagrun for example_branch_operator to 2023-04-06T00:00:00+00:00, run_after=2023-04-07T00:00:00+00:00
[2023-04-07 17:10:59,420] {processor.py:161} INFO - Processing /home/airflow/.local/lib/python3.7/site-packages/airflow/example_dags/example_branch_operator.py took 0.050 seconds
[2023-04-07 18:18:13,094] {processor.py:153} INFO - Started process (PID=50264) to work on /home/airflow/.local/lib/python3.7/site-packages/airflow/example_dags/example_branch_operator.py
[2023-04-07 18:18:13,095] {processor.py:641} INFO - Processing file /home/airflow/.local/lib/python3.7/site-packages/airflow/example_dags/example_branch_operator.py for tasks to queue
[2023-04-07 18:18:13,096] {logging_mixin.py:115} INFO - [2023-04-07 18:18:13,096] {dagbag.py:507} INFO - Filling up the DagBag from /home/airflow/.local/lib/python3.7/site-packages/airflow/example_dags/example_branch_operator.py
[2023-04-07 18:18:13,103] {processor.py:651} INFO - DAG(s) dict_keys(['example_branch_operator']) retrieved from /home/airflow/.local/lib/python3.7/site-packages/airflow/example_dags/example_branch_operator.py
[2023-04-07 18:18:13,123] {logging_mixin.py:115} INFO - [2023-04-07 18:18:13,123] {dag.py:2371} INFO - Sync 1 DAGs
[2023-04-07 18:18:13,135] {logging_mixin.py:115} INFO - [2023-04-07 18:18:13,135] {dag.py:2919} INFO - Setting next_dagrun for example_branch_operator to 2023-04-06T00:00:00+00:00, run_after=2023-04-07T00:00:00+00:00
[2023-04-07 18:18:13,140] {processor.py:161} INFO - Processing /home/airflow/.local/lib/python3.7/site-packages/airflow/example_dags/example_branch_operator.py took 0.049 seconds
[2023-04-07 19:21:18,357] {processor.py:153} INFO - Started process (PID=50317) to work on /home/airflow/.local/lib/python3.7/site-packages/airflow/example_dags/example_branch_operator.py
[2023-04-07 19:21:18,358] {processor.py:641} INFO - Processing file /home/airflow/.local/lib/python3.7/site-packages/airflow/example_dags/example_branch_operator.py for tasks to queue
[2023-04-07 19:21:18,358] {logging_mixin.py:115} INFO - [2023-04-07 19:21:18,358] {dagbag.py:507} INFO - Filling up the DagBag from /home/airflow/.local/lib/python3.7/site-packages/airflow/example_dags/example_branch_operator.py
[2023-04-07 19:21:18,365] {processor.py:651} INFO - DAG(s) dict_keys(['example_branch_operator']) retrieved from /home/airflow/.local/lib/python3.7/site-packages/airflow/example_dags/example_branch_operator.py
[2023-04-07 19:21:18,383] {logging_mixin.py:115} INFO - [2023-04-07 19:21:18,383] {dag.py:2371} INFO - Sync 1 DAGs
[2023-04-07 19:21:18,394] {logging_mixin.py:115} INFO - [2023-04-07 19:21:18,394] {dag.py:2919} INFO - Setting next_dagrun for example_branch_operator to 2023-04-06T00:00:00+00:00, run_after=2023-04-07T00:00:00+00:00
[2023-04-07 19:21:18,400] {processor.py:161} INFO - Processing /home/airflow/.local/lib/python3.7/site-packages/airflow/example_dags/example_branch_operator.py took 0.045 seconds
[2023-04-07 19:21:48,679] {processor.py:153} INFO - Started process (PID=50379) to work on /home/airflow/.local/lib/python3.7/site-packages/airflow/example_dags/example_branch_operator.py
[2023-04-07 19:21:48,680] {processor.py:641} INFO - Processing file /home/airflow/.local/lib/python3.7/site-packages/airflow/example_dags/example_branch_operator.py for tasks to queue
[2023-04-07 19:21:48,680] {logging_mixin.py:115} INFO - [2023-04-07 19:21:48,680] {dagbag.py:507} INFO - Filling up the DagBag from /home/airflow/.local/lib/python3.7/site-packages/airflow/example_dags/example_branch_operator.py
[2023-04-07 19:21:48,687] {processor.py:651} INFO - DAG(s) dict_keys(['example_branch_operator']) retrieved from /home/airflow/.local/lib/python3.7/site-packages/airflow/example_dags/example_branch_operator.py
[2023-04-07 19:21:48,705] {logging_mixin.py:115} INFO - [2023-04-07 19:21:48,704] {dag.py:2371} INFO - Sync 1 DAGs
[2023-04-07 19:21:48,716] {logging_mixin.py:115} INFO - [2023-04-07 19:21:48,716] {dag.py:2919} INFO - Setting next_dagrun for example_branch_operator to 2023-04-06T00:00:00+00:00, run_after=2023-04-07T00:00:00+00:00
[2023-04-07 19:21:48,721] {processor.py:161} INFO - Processing /home/airflow/.local/lib/python3.7/site-packages/airflow/example_dags/example_branch_operator.py took 0.045 seconds
[2023-04-07 19:35:26,771] {processor.py:153} INFO - Started process (PID=50438) to work on /home/airflow/.local/lib/python3.7/site-packages/airflow/example_dags/example_branch_operator.py
[2023-04-07 19:35:26,772] {processor.py:641} INFO - Processing file /home/airflow/.local/lib/python3.7/site-packages/airflow/example_dags/example_branch_operator.py for tasks to queue
[2023-04-07 19:35:26,773] {logging_mixin.py:115} INFO - [2023-04-07 19:35:26,773] {dagbag.py:507} INFO - Filling up the DagBag from /home/airflow/.local/lib/python3.7/site-packages/airflow/example_dags/example_branch_operator.py
[2023-04-07 19:35:26,779] {processor.py:651} INFO - DAG(s) dict_keys(['example_branch_operator']) retrieved from /home/airflow/.local/lib/python3.7/site-packages/airflow/example_dags/example_branch_operator.py
[2023-04-07 19:35:26,797] {logging_mixin.py:115} INFO - [2023-04-07 19:35:26,797] {dag.py:2371} INFO - Sync 1 DAGs
[2023-04-07 19:35:26,809] {logging_mixin.py:115} INFO - [2023-04-07 19:35:26,809] {dag.py:2919} INFO - Setting next_dagrun for example_branch_operator to 2023-04-06T00:00:00+00:00, run_after=2023-04-07T00:00:00+00:00
[2023-04-07 19:35:26,814] {processor.py:161} INFO - Processing /home/airflow/.local/lib/python3.7/site-packages/airflow/example_dags/example_branch_operator.py took 0.045 seconds
[2023-04-07 19:35:57,138] {processor.py:153} INFO - Started process (PID=50501) to work on /home/airflow/.local/lib/python3.7/site-packages/airflow/example_dags/example_branch_operator.py
[2023-04-07 19:35:57,139] {processor.py:641} INFO - Processing file /home/airflow/.local/lib/python3.7/site-packages/airflow/example_dags/example_branch_operator.py for tasks to queue
[2023-04-07 19:35:57,139] {logging_mixin.py:115} INFO - [2023-04-07 19:35:57,139] {dagbag.py:507} INFO - Filling up the DagBag from /home/airflow/.local/lib/python3.7/site-packages/airflow/example_dags/example_branch_operator.py
[2023-04-07 19:35:57,146] {processor.py:651} INFO - DAG(s) dict_keys(['example_branch_operator']) retrieved from /home/airflow/.local/lib/python3.7/site-packages/airflow/example_dags/example_branch_operator.py
[2023-04-07 19:35:57,164] {logging_mixin.py:115} INFO - [2023-04-07 19:35:57,164] {dag.py:2371} INFO - Sync 1 DAGs
[2023-04-07 19:35:57,176] {logging_mixin.py:115} INFO - [2023-04-07 19:35:57,176] {dag.py:2919} INFO - Setting next_dagrun for example_branch_operator to 2023-04-06T00:00:00+00:00, run_after=2023-04-07T00:00:00+00:00
[2023-04-07 19:35:57,183] {processor.py:161} INFO - Processing /home/airflow/.local/lib/python3.7/site-packages/airflow/example_dags/example_branch_operator.py took 0.048 seconds
[2023-04-07 20:42:20,813] {processor.py:153} INFO - Started process (PID=50563) to work on /home/airflow/.local/lib/python3.7/site-packages/airflow/example_dags/example_branch_operator.py
[2023-04-07 20:42:20,814] {processor.py:641} INFO - Processing file /home/airflow/.local/lib/python3.7/site-packages/airflow/example_dags/example_branch_operator.py for tasks to queue
[2023-04-07 20:42:20,815] {logging_mixin.py:115} INFO - [2023-04-07 20:42:20,815] {dagbag.py:507} INFO - Filling up the DagBag from /home/airflow/.local/lib/python3.7/site-packages/airflow/example_dags/example_branch_operator.py
[2023-04-07 20:42:20,823] {processor.py:651} INFO - DAG(s) dict_keys(['example_branch_operator']) retrieved from /home/airflow/.local/lib/python3.7/site-packages/airflow/example_dags/example_branch_operator.py
[2023-04-07 20:42:20,849] {logging_mixin.py:115} INFO - [2023-04-07 20:42:20,849] {dag.py:2371} INFO - Sync 1 DAGs
[2023-04-07 20:42:20,869] {logging_mixin.py:115} INFO - [2023-04-07 20:42:20,869] {dag.py:2919} INFO - Setting next_dagrun for example_branch_operator to 2023-04-06T00:00:00+00:00, run_after=2023-04-07T00:00:00+00:00
[2023-04-07 20:42:20,881] {processor.py:161} INFO - Processing /home/airflow/.local/lib/python3.7/site-packages/airflow/example_dags/example_branch_operator.py took 0.071 seconds
[2023-04-07 21:32:25,142] {processor.py:153} INFO - Started process (PID=50616) to work on /home/airflow/.local/lib/python3.7/site-packages/airflow/example_dags/example_branch_operator.py
[2023-04-07 21:32:25,143] {processor.py:641} INFO - Processing file /home/airflow/.local/lib/python3.7/site-packages/airflow/example_dags/example_branch_operator.py for tasks to queue
[2023-04-07 21:32:25,143] {logging_mixin.py:115} INFO - [2023-04-07 21:32:25,143] {dagbag.py:507} INFO - Filling up the DagBag from /home/airflow/.local/lib/python3.7/site-packages/airflow/example_dags/example_branch_operator.py
[2023-04-07 21:32:25,150] {processor.py:651} INFO - DAG(s) dict_keys(['example_branch_operator']) retrieved from /home/airflow/.local/lib/python3.7/site-packages/airflow/example_dags/example_branch_operator.py
[2023-04-07 21:32:25,168] {logging_mixin.py:115} INFO - [2023-04-07 21:32:25,168] {dag.py:2371} INFO - Sync 1 DAGs
[2023-04-07 21:32:25,180] {logging_mixin.py:115} INFO - [2023-04-07 21:32:25,180] {dag.py:2919} INFO - Setting next_dagrun for example_branch_operator to 2023-04-06T00:00:00+00:00, run_after=2023-04-07T00:00:00+00:00
[2023-04-07 21:32:25,186] {processor.py:161} INFO - Processing /home/airflow/.local/lib/python3.7/site-packages/airflow/example_dags/example_branch_operator.py took 0.046 seconds
[2023-04-07 22:38:23,833] {processor.py:153} INFO - Started process (PID=50678) to work on /home/airflow/.local/lib/python3.7/site-packages/airflow/example_dags/example_branch_operator.py
[2023-04-07 22:38:23,833] {processor.py:641} INFO - Processing file /home/airflow/.local/lib/python3.7/site-packages/airflow/example_dags/example_branch_operator.py for tasks to queue
[2023-04-07 22:38:23,834] {logging_mixin.py:115} INFO - [2023-04-07 22:38:23,834] {dagbag.py:507} INFO - Filling up the DagBag from /home/airflow/.local/lib/python3.7/site-packages/airflow/example_dags/example_branch_operator.py
[2023-04-07 22:38:23,841] {processor.py:651} INFO - DAG(s) dict_keys(['example_branch_operator']) retrieved from /home/airflow/.local/lib/python3.7/site-packages/airflow/example_dags/example_branch_operator.py
[2023-04-07 22:38:23,859] {logging_mixin.py:115} INFO - [2023-04-07 22:38:23,859] {dag.py:2371} INFO - Sync 1 DAGs
[2023-04-07 22:38:23,871] {logging_mixin.py:115} INFO - [2023-04-07 22:38:23,871] {dag.py:2919} INFO - Setting next_dagrun for example_branch_operator to 2023-04-06T00:00:00+00:00, run_after=2023-04-07T00:00:00+00:00
[2023-04-07 22:38:23,877] {processor.py:161} INFO - Processing /home/airflow/.local/lib/python3.7/site-packages/airflow/example_dags/example_branch_operator.py took 0.047 seconds
