[2023-04-07 00:21:19,174] {processor.py:153} INFO - Started process (PID=49171) to work on /home/airflow/.local/lib/python3.7/site-packages/airflow/example_dags/example_branch_day_of_week_operator.py
[2023-04-07 00:21:19,175] {processor.py:641} INFO - Processing file /home/airflow/.local/lib/python3.7/site-packages/airflow/example_dags/example_branch_day_of_week_operator.py for tasks to queue
[2023-04-07 00:21:19,176] {logging_mixin.py:115} INFO - [2023-04-07 00:21:19,176] {dagbag.py:507} INFO - Filling up the DagBag from /home/airflow/.local/lib/python3.7/site-packages/airflow/example_dags/example_branch_day_of_week_operator.py
[2023-04-07 00:21:19,181] {processor.py:651} INFO - DAG(s) dict_keys(['example_weekday_branch_operator']) retrieved from /home/airflow/.local/lib/python3.7/site-packages/airflow/example_dags/example_branch_day_of_week_operator.py
[2023-04-07 00:21:19,205] {logging_mixin.py:115} INFO - [2023-04-07 00:21:19,205] {dag.py:2371} INFO - Sync 1 DAGs
[2023-04-07 00:21:19,219] {logging_mixin.py:115} INFO - [2023-04-07 00:21:19,219] {dag.py:2919} INFO - Setting next_dagrun for example_weekday_branch_operator to 2023-04-06T00:00:00+00:00, run_after=2023-04-07T00:00:00+00:00
[2023-04-07 00:21:19,227] {processor.py:161} INFO - Processing /home/airflow/.local/lib/python3.7/site-packages/airflow/example_dags/example_branch_day_of_week_operator.py took 0.055 seconds
[2023-04-07 01:26:28,535] {processor.py:153} INFO - Started process (PID=49233) to work on /home/airflow/.local/lib/python3.7/site-packages/airflow/example_dags/example_branch_day_of_week_operator.py
[2023-04-07 01:26:28,536] {processor.py:641} INFO - Processing file /home/airflow/.local/lib/python3.7/site-packages/airflow/example_dags/example_branch_day_of_week_operator.py for tasks to queue
[2023-04-07 01:26:28,536] {logging_mixin.py:115} INFO - [2023-04-07 01:26:28,536] {dagbag.py:507} INFO - Filling up the DagBag from /home/airflow/.local/lib/python3.7/site-packages/airflow/example_dags/example_branch_day_of_week_operator.py
[2023-04-07 01:26:28,542] {processor.py:651} INFO - DAG(s) dict_keys(['example_weekday_branch_operator']) retrieved from /home/airflow/.local/lib/python3.7/site-packages/airflow/example_dags/example_branch_day_of_week_operator.py
[2023-04-07 01:26:28,562] {logging_mixin.py:115} INFO - [2023-04-07 01:26:28,562] {dag.py:2371} INFO - Sync 1 DAGs
[2023-04-07 01:26:28,577] {logging_mixin.py:115} INFO - [2023-04-07 01:26:28,577] {dag.py:2919} INFO - Setting next_dagrun for example_weekday_branch_operator to 2023-04-06T00:00:00+00:00, run_after=2023-04-07T00:00:00+00:00
[2023-04-07 01:26:28,583] {processor.py:161} INFO - Processing /home/airflow/.local/lib/python3.7/site-packages/airflow/example_dags/example_branch_day_of_week_operator.py took 0.051 seconds
[2023-04-07 02:49:15,308] {processor.py:153} INFO - Started process (PID=49294) to work on /home/airflow/.local/lib/python3.7/site-packages/airflow/example_dags/example_branch_day_of_week_operator.py
[2023-04-07 02:49:15,310] {processor.py:641} INFO - Processing file /home/airflow/.local/lib/python3.7/site-packages/airflow/example_dags/example_branch_day_of_week_operator.py for tasks to queue
[2023-04-07 02:49:15,310] {logging_mixin.py:115} INFO - [2023-04-07 02:49:15,310] {dagbag.py:507} INFO - Filling up the DagBag from /home/airflow/.local/lib/python3.7/site-packages/airflow/example_dags/example_branch_day_of_week_operator.py
[2023-04-07 02:49:15,317] {processor.py:651} INFO - DAG(s) dict_keys(['example_weekday_branch_operator']) retrieved from /home/airflow/.local/lib/python3.7/site-packages/airflow/example_dags/example_branch_day_of_week_operator.py
[2023-04-07 02:49:15,339] {logging_mixin.py:115} INFO - [2023-04-07 02:49:15,339] {dag.py:2371} INFO - Sync 1 DAGs
[2023-04-07 02:49:15,356] {logging_mixin.py:115} INFO - [2023-04-07 02:49:15,355] {dag.py:2919} INFO - Setting next_dagrun for example_weekday_branch_operator to 2023-04-06T00:00:00+00:00, run_after=2023-04-07T00:00:00+00:00
[2023-04-07 02:49:15,364] {processor.py:161} INFO - Processing /home/airflow/.local/lib/python3.7/site-packages/airflow/example_dags/example_branch_day_of_week_operator.py took 0.059 seconds
[2023-04-07 02:55:42,034] {processor.py:153} INFO - Started process (PID=49356) to work on /home/airflow/.local/lib/python3.7/site-packages/airflow/example_dags/example_branch_day_of_week_operator.py
[2023-04-07 02:55:42,035] {processor.py:641} INFO - Processing file /home/airflow/.local/lib/python3.7/site-packages/airflow/example_dags/example_branch_day_of_week_operator.py for tasks to queue
[2023-04-07 02:55:42,035] {logging_mixin.py:115} INFO - [2023-04-07 02:55:42,035] {dagbag.py:507} INFO - Filling up the DagBag from /home/airflow/.local/lib/python3.7/site-packages/airflow/example_dags/example_branch_day_of_week_operator.py
[2023-04-07 02:55:42,040] {processor.py:651} INFO - DAG(s) dict_keys(['example_weekday_branch_operator']) retrieved from /home/airflow/.local/lib/python3.7/site-packages/airflow/example_dags/example_branch_day_of_week_operator.py
[2023-04-07 02:55:42,057] {logging_mixin.py:115} INFO - [2023-04-07 02:55:42,057] {dag.py:2371} INFO - Sync 1 DAGs
[2023-04-07 02:55:42,069] {logging_mixin.py:115} INFO - [2023-04-07 02:55:42,069] {dag.py:2919} INFO - Setting next_dagrun for example_weekday_branch_operator to 2023-04-06T00:00:00+00:00, run_after=2023-04-07T00:00:00+00:00
[2023-04-07 02:55:42,075] {processor.py:161} INFO - Processing /home/airflow/.local/lib/python3.7/site-packages/airflow/example_dags/example_branch_day_of_week_operator.py took 0.043 seconds
[2023-04-07 03:13:43,029] {processor.py:153} INFO - Started process (PID=49409) to work on /home/airflow/.local/lib/python3.7/site-packages/airflow/example_dags/example_branch_day_of_week_operator.py
[2023-04-07 03:13:43,029] {processor.py:641} INFO - Processing file /home/airflow/.local/lib/python3.7/site-packages/airflow/example_dags/example_branch_day_of_week_operator.py for tasks to queue
[2023-04-07 03:13:43,030] {logging_mixin.py:115} INFO - [2023-04-07 03:13:43,030] {dagbag.py:507} INFO - Filling up the DagBag from /home/airflow/.local/lib/python3.7/site-packages/airflow/example_dags/example_branch_day_of_week_operator.py
[2023-04-07 03:13:43,035] {processor.py:651} INFO - DAG(s) dict_keys(['example_weekday_branch_operator']) retrieved from /home/airflow/.local/lib/python3.7/site-packages/airflow/example_dags/example_branch_day_of_week_operator.py
[2023-04-07 03:13:43,054] {logging_mixin.py:115} INFO - [2023-04-07 03:13:43,054] {dag.py:2371} INFO - Sync 1 DAGs
[2023-04-07 03:13:43,067] {logging_mixin.py:115} INFO - [2023-04-07 03:13:43,067] {dag.py:2919} INFO - Setting next_dagrun for example_weekday_branch_operator to 2023-04-06T00:00:00+00:00, run_after=2023-04-07T00:00:00+00:00
[2023-04-07 03:13:43,074] {processor.py:161} INFO - Processing /home/airflow/.local/lib/python3.7/site-packages/airflow/example_dags/example_branch_day_of_week_operator.py took 0.047 seconds
[2023-04-07 04:35:08,097] {processor.py:153} INFO - Started process (PID=49471) to work on /home/airflow/.local/lib/python3.7/site-packages/airflow/example_dags/example_branch_day_of_week_operator.py
[2023-04-07 04:35:08,098] {processor.py:641} INFO - Processing file /home/airflow/.local/lib/python3.7/site-packages/airflow/example_dags/example_branch_day_of_week_operator.py for tasks to queue
[2023-04-07 04:35:08,098] {logging_mixin.py:115} INFO - [2023-04-07 04:35:08,098] {dagbag.py:507} INFO - Filling up the DagBag from /home/airflow/.local/lib/python3.7/site-packages/airflow/example_dags/example_branch_day_of_week_operator.py
[2023-04-07 04:35:08,103] {processor.py:651} INFO - DAG(s) dict_keys(['example_weekday_branch_operator']) retrieved from /home/airflow/.local/lib/python3.7/site-packages/airflow/example_dags/example_branch_day_of_week_operator.py
[2023-04-07 04:35:08,121] {logging_mixin.py:115} INFO - [2023-04-07 04:35:08,121] {dag.py:2371} INFO - Sync 1 DAGs
[2023-04-07 04:35:08,133] {logging_mixin.py:115} INFO - [2023-04-07 04:35:08,133] {dag.py:2919} INFO - Setting next_dagrun for example_weekday_branch_operator to 2023-04-06T00:00:00+00:00, run_after=2023-04-07T00:00:00+00:00
[2023-04-07 04:35:08,139] {processor.py:161} INFO - Processing /home/airflow/.local/lib/python3.7/site-packages/airflow/example_dags/example_branch_day_of_week_operator.py took 0.044 seconds
[2023-04-07 05:44:23,351] {processor.py:153} INFO - Started process (PID=49533) to work on /home/airflow/.local/lib/python3.7/site-packages/airflow/example_dags/example_branch_day_of_week_operator.py
[2023-04-07 05:44:23,352] {processor.py:641} INFO - Processing file /home/airflow/.local/lib/python3.7/site-packages/airflow/example_dags/example_branch_day_of_week_operator.py for tasks to queue
[2023-04-07 05:44:23,353] {logging_mixin.py:115} INFO - [2023-04-07 05:44:23,353] {dagbag.py:507} INFO - Filling up the DagBag from /home/airflow/.local/lib/python3.7/site-packages/airflow/example_dags/example_branch_day_of_week_operator.py
[2023-04-07 05:44:23,358] {processor.py:651} INFO - DAG(s) dict_keys(['example_weekday_branch_operator']) retrieved from /home/airflow/.local/lib/python3.7/site-packages/airflow/example_dags/example_branch_day_of_week_operator.py
[2023-04-07 05:44:23,375] {logging_mixin.py:115} INFO - [2023-04-07 05:44:23,375] {dag.py:2371} INFO - Sync 1 DAGs
[2023-04-07 05:44:23,387] {logging_mixin.py:115} INFO - [2023-04-07 05:44:23,387] {dag.py:2919} INFO - Setting next_dagrun for example_weekday_branch_operator to 2023-04-06T00:00:00+00:00, run_after=2023-04-07T00:00:00+00:00
[2023-04-07 05:44:23,393] {processor.py:161} INFO - Processing /home/airflow/.local/lib/python3.7/site-packages/airflow/example_dags/example_branch_day_of_week_operator.py took 0.044 seconds
[2023-04-07 06:47:44,592] {processor.py:153} INFO - Started process (PID=49595) to work on /home/airflow/.local/lib/python3.7/site-packages/airflow/example_dags/example_branch_day_of_week_operator.py
[2023-04-07 06:47:44,607] {processor.py:641} INFO - Processing file /home/airflow/.local/lib/python3.7/site-packages/airflow/example_dags/example_branch_day_of_week_operator.py for tasks to queue
[2023-04-07 06:47:44,608] {logging_mixin.py:115} INFO - [2023-04-07 06:47:44,608] {dagbag.py:507} INFO - Filling up the DagBag from /home/airflow/.local/lib/python3.7/site-packages/airflow/example_dags/example_branch_day_of_week_operator.py
[2023-04-07 06:47:44,635] {processor.py:651} INFO - DAG(s) dict_keys(['example_weekday_branch_operator']) retrieved from /home/airflow/.local/lib/python3.7/site-packages/airflow/example_dags/example_branch_day_of_week_operator.py
[2023-04-07 06:47:44,716] {logging_mixin.py:115} INFO - [2023-04-07 06:47:44,716] {dag.py:2371} INFO - Sync 1 DAGs
[2023-04-07 06:47:44,765] {logging_mixin.py:115} INFO - [2023-04-07 06:47:44,765] {dag.py:2919} INFO - Setting next_dagrun for example_weekday_branch_operator to 2023-04-06T00:00:00+00:00, run_after=2023-04-07T00:00:00+00:00
[2023-04-07 06:47:44,783] {processor.py:161} INFO - Processing /home/airflow/.local/lib/python3.7/site-packages/airflow/example_dags/example_branch_day_of_week_operator.py took 0.197 seconds
[2023-04-07 08:10:38,281] {processor.py:153} INFO - Started process (PID=49656) to work on /home/airflow/.local/lib/python3.7/site-packages/airflow/example_dags/example_branch_day_of_week_operator.py
[2023-04-07 08:10:38,282] {processor.py:641} INFO - Processing file /home/airflow/.local/lib/python3.7/site-packages/airflow/example_dags/example_branch_day_of_week_operator.py for tasks to queue
[2023-04-07 08:10:38,283] {logging_mixin.py:115} INFO - [2023-04-07 08:10:38,282] {dagbag.py:507} INFO - Filling up the DagBag from /home/airflow/.local/lib/python3.7/site-packages/airflow/example_dags/example_branch_day_of_week_operator.py
[2023-04-07 08:10:38,288] {processor.py:651} INFO - DAG(s) dict_keys(['example_weekday_branch_operator']) retrieved from /home/airflow/.local/lib/python3.7/site-packages/airflow/example_dags/example_branch_day_of_week_operator.py
[2023-04-07 08:10:38,307] {logging_mixin.py:115} INFO - [2023-04-07 08:10:38,307] {dag.py:2371} INFO - Sync 1 DAGs
[2023-04-07 08:10:38,321] {logging_mixin.py:115} INFO - [2023-04-07 08:10:38,321] {dag.py:2919} INFO - Setting next_dagrun for example_weekday_branch_operator to 2023-04-06T00:00:00+00:00, run_after=2023-04-07T00:00:00+00:00
[2023-04-07 08:10:38,328] {processor.py:161} INFO - Processing /home/airflow/.local/lib/python3.7/site-packages/airflow/example_dags/example_branch_day_of_week_operator.py took 0.049 seconds
[2023-04-07 09:16:47,703] {processor.py:153} INFO - Started process (PID=49709) to work on /home/airflow/.local/lib/python3.7/site-packages/airflow/example_dags/example_branch_day_of_week_operator.py
[2023-04-07 09:16:47,703] {processor.py:641} INFO - Processing file /home/airflow/.local/lib/python3.7/site-packages/airflow/example_dags/example_branch_day_of_week_operator.py for tasks to queue
[2023-04-07 09:16:47,704] {logging_mixin.py:115} INFO - [2023-04-07 09:16:47,704] {dagbag.py:507} INFO - Filling up the DagBag from /home/airflow/.local/lib/python3.7/site-packages/airflow/example_dags/example_branch_day_of_week_operator.py
[2023-04-07 09:16:47,709] {processor.py:651} INFO - DAG(s) dict_keys(['example_weekday_branch_operator']) retrieved from /home/airflow/.local/lib/python3.7/site-packages/airflow/example_dags/example_branch_day_of_week_operator.py
[2023-04-07 09:16:47,727] {logging_mixin.py:115} INFO - [2023-04-07 09:16:47,727] {dag.py:2371} INFO - Sync 1 DAGs
[2023-04-07 09:16:47,739] {logging_mixin.py:115} INFO - [2023-04-07 09:16:47,739] {dag.py:2919} INFO - Setting next_dagrun for example_weekday_branch_operator to 2023-04-06T00:00:00+00:00, run_after=2023-04-07T00:00:00+00:00
[2023-04-07 09:16:47,744] {processor.py:161} INFO - Processing /home/airflow/.local/lib/python3.7/site-packages/airflow/example_dags/example_branch_day_of_week_operator.py took 0.044 seconds
[2023-04-07 10:24:58,467] {processor.py:153} INFO - Started process (PID=49771) to work on /home/airflow/.local/lib/python3.7/site-packages/airflow/example_dags/example_branch_day_of_week_operator.py
[2023-04-07 10:24:58,468] {processor.py:641} INFO - Processing file /home/airflow/.local/lib/python3.7/site-packages/airflow/example_dags/example_branch_day_of_week_operator.py for tasks to queue
[2023-04-07 10:24:58,468] {logging_mixin.py:115} INFO - [2023-04-07 10:24:58,468] {dagbag.py:507} INFO - Filling up the DagBag from /home/airflow/.local/lib/python3.7/site-packages/airflow/example_dags/example_branch_day_of_week_operator.py
[2023-04-07 10:24:58,473] {processor.py:651} INFO - DAG(s) dict_keys(['example_weekday_branch_operator']) retrieved from /home/airflow/.local/lib/python3.7/site-packages/airflow/example_dags/example_branch_day_of_week_operator.py
[2023-04-07 10:24:58,490] {logging_mixin.py:115} INFO - [2023-04-07 10:24:58,490] {dag.py:2371} INFO - Sync 1 DAGs
[2023-04-07 10:24:58,502] {logging_mixin.py:115} INFO - [2023-04-07 10:24:58,502] {dag.py:2919} INFO - Setting next_dagrun for example_weekday_branch_operator to 2023-04-06T00:00:00+00:00, run_after=2023-04-07T00:00:00+00:00
[2023-04-07 10:24:58,508] {processor.py:161} INFO - Processing /home/airflow/.local/lib/python3.7/site-packages/airflow/example_dags/example_branch_day_of_week_operator.py took 0.043 seconds
[2023-04-07 11:08:33,609] {processor.py:153} INFO - Started process (PID=49833) to work on /home/airflow/.local/lib/python3.7/site-packages/airflow/example_dags/example_branch_day_of_week_operator.py
[2023-04-07 11:08:33,610] {processor.py:641} INFO - Processing file /home/airflow/.local/lib/python3.7/site-packages/airflow/example_dags/example_branch_day_of_week_operator.py for tasks to queue
[2023-04-07 11:08:33,610] {logging_mixin.py:115} INFO - [2023-04-07 11:08:33,610] {dagbag.py:507} INFO - Filling up the DagBag from /home/airflow/.local/lib/python3.7/site-packages/airflow/example_dags/example_branch_day_of_week_operator.py
[2023-04-07 11:08:33,615] {processor.py:651} INFO - DAG(s) dict_keys(['example_weekday_branch_operator']) retrieved from /home/airflow/.local/lib/python3.7/site-packages/airflow/example_dags/example_branch_day_of_week_operator.py
[2023-04-07 11:08:33,632] {logging_mixin.py:115} INFO - [2023-04-07 11:08:33,632] {dag.py:2371} INFO - Sync 1 DAGs
[2023-04-07 11:08:33,644] {logging_mixin.py:115} INFO - [2023-04-07 11:08:33,644] {dag.py:2919} INFO - Setting next_dagrun for example_weekday_branch_operator to 2023-04-06T00:00:00+00:00, run_after=2023-04-07T00:00:00+00:00
[2023-04-07 11:08:33,651] {processor.py:161} INFO - Processing /home/airflow/.local/lib/python3.7/site-packages/airflow/example_dags/example_branch_day_of_week_operator.py took 0.044 seconds
[2023-04-07 11:09:04,272] {processor.py:153} INFO - Started process (PID=49895) to work on /home/airflow/.local/lib/python3.7/site-packages/airflow/example_dags/example_branch_day_of_week_operator.py
[2023-04-07 11:09:04,273] {processor.py:641} INFO - Processing file /home/airflow/.local/lib/python3.7/site-packages/airflow/example_dags/example_branch_day_of_week_operator.py for tasks to queue
[2023-04-07 11:09:04,273] {logging_mixin.py:115} INFO - [2023-04-07 11:09:04,273] {dagbag.py:507} INFO - Filling up the DagBag from /home/airflow/.local/lib/python3.7/site-packages/airflow/example_dags/example_branch_day_of_week_operator.py
[2023-04-07 11:09:04,278] {processor.py:651} INFO - DAG(s) dict_keys(['example_weekday_branch_operator']) retrieved from /home/airflow/.local/lib/python3.7/site-packages/airflow/example_dags/example_branch_day_of_week_operator.py
[2023-04-07 11:09:04,297] {logging_mixin.py:115} INFO - [2023-04-07 11:09:04,297] {dag.py:2371} INFO - Sync 1 DAGs
[2023-04-07 11:09:04,309] {logging_mixin.py:115} INFO - [2023-04-07 11:09:04,309] {dag.py:2919} INFO - Setting next_dagrun for example_weekday_branch_operator to 2023-04-06T00:00:00+00:00, run_after=2023-04-07T00:00:00+00:00
[2023-04-07 11:09:04,314] {processor.py:161} INFO - Processing /home/airflow/.local/lib/python3.7/site-packages/airflow/example_dags/example_branch_day_of_week_operator.py took 0.044 seconds
[2023-04-07 12:29:46,793] {processor.py:153} INFO - Started process (PID=49957) to work on /home/airflow/.local/lib/python3.7/site-packages/airflow/example_dags/example_branch_day_of_week_operator.py
[2023-04-07 12:29:46,794] {processor.py:641} INFO - Processing file /home/airflow/.local/lib/python3.7/site-packages/airflow/example_dags/example_branch_day_of_week_operator.py for tasks to queue
[2023-04-07 12:29:46,795] {logging_mixin.py:115} INFO - [2023-04-07 12:29:46,795] {dagbag.py:507} INFO - Filling up the DagBag from /home/airflow/.local/lib/python3.7/site-packages/airflow/example_dags/example_branch_day_of_week_operator.py
[2023-04-07 12:29:46,801] {processor.py:651} INFO - DAG(s) dict_keys(['example_weekday_branch_operator']) retrieved from /home/airflow/.local/lib/python3.7/site-packages/airflow/example_dags/example_branch_day_of_week_operator.py
[2023-04-07 12:29:46,830] {logging_mixin.py:115} INFO - [2023-04-07 12:29:46,830] {dag.py:2371} INFO - Sync 1 DAGs
[2023-04-07 12:29:46,844] {logging_mixin.py:115} INFO - [2023-04-07 12:29:46,844] {dag.py:2919} INFO - Setting next_dagrun for example_weekday_branch_operator to 2023-04-06T00:00:00+00:00, run_after=2023-04-07T00:00:00+00:00
[2023-04-07 12:29:46,851] {processor.py:161} INFO - Processing /home/airflow/.local/lib/python3.7/site-packages/airflow/example_dags/example_branch_day_of_week_operator.py took 0.064 seconds
[2023-04-07 13:38:14,170] {processor.py:153} INFO - Started process (PID=50010) to work on /home/airflow/.local/lib/python3.7/site-packages/airflow/example_dags/example_branch_day_of_week_operator.py
[2023-04-07 13:38:14,172] {processor.py:641} INFO - Processing file /home/airflow/.local/lib/python3.7/site-packages/airflow/example_dags/example_branch_day_of_week_operator.py for tasks to queue
[2023-04-07 13:38:14,172] {logging_mixin.py:115} INFO - [2023-04-07 13:38:14,172] {dagbag.py:507} INFO - Filling up the DagBag from /home/airflow/.local/lib/python3.7/site-packages/airflow/example_dags/example_branch_day_of_week_operator.py
[2023-04-07 13:38:14,177] {processor.py:651} INFO - DAG(s) dict_keys(['example_weekday_branch_operator']) retrieved from /home/airflow/.local/lib/python3.7/site-packages/airflow/example_dags/example_branch_day_of_week_operator.py
[2023-04-07 13:38:14,196] {logging_mixin.py:115} INFO - [2023-04-07 13:38:14,196] {dag.py:2371} INFO - Sync 1 DAGs
[2023-04-07 13:38:14,208] {logging_mixin.py:115} INFO - [2023-04-07 13:38:14,208] {dag.py:2919} INFO - Setting next_dagrun for example_weekday_branch_operator to 2023-04-06T00:00:00+00:00, run_after=2023-04-07T00:00:00+00:00
[2023-04-07 13:38:14,213] {processor.py:161} INFO - Processing /home/airflow/.local/lib/python3.7/site-packages/airflow/example_dags/example_branch_day_of_week_operator.py took 0.045 seconds
[2023-04-07 14:43:44,198] {processor.py:153} INFO - Started process (PID=50073) to work on /home/airflow/.local/lib/python3.7/site-packages/airflow/example_dags/example_branch_day_of_week_operator.py
[2023-04-07 14:43:44,199] {processor.py:641} INFO - Processing file /home/airflow/.local/lib/python3.7/site-packages/airflow/example_dags/example_branch_day_of_week_operator.py for tasks to queue
[2023-04-07 14:43:44,199] {logging_mixin.py:115} INFO - [2023-04-07 14:43:44,199] {dagbag.py:507} INFO - Filling up the DagBag from /home/airflow/.local/lib/python3.7/site-packages/airflow/example_dags/example_branch_day_of_week_operator.py
[2023-04-07 14:43:44,204] {processor.py:651} INFO - DAG(s) dict_keys(['example_weekday_branch_operator']) retrieved from /home/airflow/.local/lib/python3.7/site-packages/airflow/example_dags/example_branch_day_of_week_operator.py
[2023-04-07 14:43:44,222] {logging_mixin.py:115} INFO - [2023-04-07 14:43:44,221] {dag.py:2371} INFO - Sync 1 DAGs
[2023-04-07 14:43:44,233] {logging_mixin.py:115} INFO - [2023-04-07 14:43:44,233] {dag.py:2919} INFO - Setting next_dagrun for example_weekday_branch_operator to 2023-04-06T00:00:00+00:00, run_after=2023-04-07T00:00:00+00:00
[2023-04-07 14:43:44,240] {processor.py:161} INFO - Processing /home/airflow/.local/lib/python3.7/site-packages/airflow/example_dags/example_branch_day_of_week_operator.py took 0.044 seconds
[2023-04-07 16:07:13,757] {processor.py:153} INFO - Started process (PID=50134) to work on /home/airflow/.local/lib/python3.7/site-packages/airflow/example_dags/example_branch_day_of_week_operator.py
[2023-04-07 16:07:13,758] {processor.py:641} INFO - Processing file /home/airflow/.local/lib/python3.7/site-packages/airflow/example_dags/example_branch_day_of_week_operator.py for tasks to queue
[2023-04-07 16:07:13,758] {logging_mixin.py:115} INFO - [2023-04-07 16:07:13,758] {dagbag.py:507} INFO - Filling up the DagBag from /home/airflow/.local/lib/python3.7/site-packages/airflow/example_dags/example_branch_day_of_week_operator.py
[2023-04-07 16:07:13,763] {processor.py:651} INFO - DAG(s) dict_keys(['example_weekday_branch_operator']) retrieved from /home/airflow/.local/lib/python3.7/site-packages/airflow/example_dags/example_branch_day_of_week_operator.py
[2023-04-07 16:07:13,783] {logging_mixin.py:115} INFO - [2023-04-07 16:07:13,783] {dag.py:2371} INFO - Sync 1 DAGs
[2023-04-07 16:07:13,795] {logging_mixin.py:115} INFO - [2023-04-07 16:07:13,794] {dag.py:2919} INFO - Setting next_dagrun for example_weekday_branch_operator to 2023-04-06T00:00:00+00:00, run_after=2023-04-07T00:00:00+00:00
[2023-04-07 16:07:13,801] {processor.py:161} INFO - Processing /home/airflow/.local/lib/python3.7/site-packages/airflow/example_dags/example_branch_day_of_week_operator.py took 0.045 seconds
[2023-04-07 17:10:59,097] {processor.py:153} INFO - Started process (PID=50196) to work on /home/airflow/.local/lib/python3.7/site-packages/airflow/example_dags/example_branch_day_of_week_operator.py
[2023-04-07 17:10:59,098] {processor.py:641} INFO - Processing file /home/airflow/.local/lib/python3.7/site-packages/airflow/example_dags/example_branch_day_of_week_operator.py for tasks to queue
[2023-04-07 17:10:59,098] {logging_mixin.py:115} INFO - [2023-04-07 17:10:59,098] {dagbag.py:507} INFO - Filling up the DagBag from /home/airflow/.local/lib/python3.7/site-packages/airflow/example_dags/example_branch_day_of_week_operator.py
[2023-04-07 17:10:59,103] {processor.py:651} INFO - DAG(s) dict_keys(['example_weekday_branch_operator']) retrieved from /home/airflow/.local/lib/python3.7/site-packages/airflow/example_dags/example_branch_day_of_week_operator.py
[2023-04-07 17:10:59,122] {logging_mixin.py:115} INFO - [2023-04-07 17:10:59,122] {dag.py:2371} INFO - Sync 1 DAGs
[2023-04-07 17:10:59,138] {logging_mixin.py:115} INFO - [2023-04-07 17:10:59,138] {dag.py:2919} INFO - Setting next_dagrun for example_weekday_branch_operator to 2023-04-06T00:00:00+00:00, run_after=2023-04-07T00:00:00+00:00
[2023-04-07 17:10:59,152] {processor.py:161} INFO - Processing /home/airflow/.local/lib/python3.7/site-packages/airflow/example_dags/example_branch_day_of_week_operator.py took 0.057 seconds
[2023-04-07 18:18:12,799] {processor.py:153} INFO - Started process (PID=50257) to work on /home/airflow/.local/lib/python3.7/site-packages/airflow/example_dags/example_branch_day_of_week_operator.py
[2023-04-07 18:18:12,800] {processor.py:641} INFO - Processing file /home/airflow/.local/lib/python3.7/site-packages/airflow/example_dags/example_branch_day_of_week_operator.py for tasks to queue
[2023-04-07 18:18:12,801] {logging_mixin.py:115} INFO - [2023-04-07 18:18:12,801] {dagbag.py:507} INFO - Filling up the DagBag from /home/airflow/.local/lib/python3.7/site-packages/airflow/example_dags/example_branch_day_of_week_operator.py
[2023-04-07 18:18:12,808] {processor.py:651} INFO - DAG(s) dict_keys(['example_weekday_branch_operator']) retrieved from /home/airflow/.local/lib/python3.7/site-packages/airflow/example_dags/example_branch_day_of_week_operator.py
[2023-04-07 18:18:12,829] {logging_mixin.py:115} INFO - [2023-04-07 18:18:12,829] {dag.py:2371} INFO - Sync 1 DAGs
[2023-04-07 18:18:12,846] {logging_mixin.py:115} INFO - [2023-04-07 18:18:12,846] {dag.py:2919} INFO - Setting next_dagrun for example_weekday_branch_operator to 2023-04-06T00:00:00+00:00, run_after=2023-04-07T00:00:00+00:00
[2023-04-07 18:18:12,855] {processor.py:161} INFO - Processing /home/airflow/.local/lib/python3.7/site-packages/airflow/example_dags/example_branch_day_of_week_operator.py took 0.059 seconds
[2023-04-07 19:21:18,097] {processor.py:153} INFO - Started process (PID=50310) to work on /home/airflow/.local/lib/python3.7/site-packages/airflow/example_dags/example_branch_day_of_week_operator.py
[2023-04-07 19:21:18,097] {processor.py:641} INFO - Processing file /home/airflow/.local/lib/python3.7/site-packages/airflow/example_dags/example_branch_day_of_week_operator.py for tasks to queue
[2023-04-07 19:21:18,098] {logging_mixin.py:115} INFO - [2023-04-07 19:21:18,098] {dagbag.py:507} INFO - Filling up the DagBag from /home/airflow/.local/lib/python3.7/site-packages/airflow/example_dags/example_branch_day_of_week_operator.py
[2023-04-07 19:21:18,102] {processor.py:651} INFO - DAG(s) dict_keys(['example_weekday_branch_operator']) retrieved from /home/airflow/.local/lib/python3.7/site-packages/airflow/example_dags/example_branch_day_of_week_operator.py
[2023-04-07 19:21:18,120] {logging_mixin.py:115} INFO - [2023-04-07 19:21:18,120] {dag.py:2371} INFO - Sync 1 DAGs
[2023-04-07 19:21:18,132] {logging_mixin.py:115} INFO - [2023-04-07 19:21:18,132] {dag.py:2919} INFO - Setting next_dagrun for example_weekday_branch_operator to 2023-04-06T00:00:00+00:00, run_after=2023-04-07T00:00:00+00:00
[2023-04-07 19:21:18,137] {processor.py:161} INFO - Processing /home/airflow/.local/lib/python3.7/site-packages/airflow/example_dags/example_branch_day_of_week_operator.py took 0.043 seconds
[2023-04-07 19:21:48,424] {processor.py:153} INFO - Started process (PID=50372) to work on /home/airflow/.local/lib/python3.7/site-packages/airflow/example_dags/example_branch_day_of_week_operator.py
[2023-04-07 19:21:48,424] {processor.py:641} INFO - Processing file /home/airflow/.local/lib/python3.7/site-packages/airflow/example_dags/example_branch_day_of_week_operator.py for tasks to queue
[2023-04-07 19:21:48,425] {logging_mixin.py:115} INFO - [2023-04-07 19:21:48,425] {dagbag.py:507} INFO - Filling up the DagBag from /home/airflow/.local/lib/python3.7/site-packages/airflow/example_dags/example_branch_day_of_week_operator.py
[2023-04-07 19:21:48,429] {processor.py:651} INFO - DAG(s) dict_keys(['example_weekday_branch_operator']) retrieved from /home/airflow/.local/lib/python3.7/site-packages/airflow/example_dags/example_branch_day_of_week_operator.py
[2023-04-07 19:21:48,447] {logging_mixin.py:115} INFO - [2023-04-07 19:21:48,447] {dag.py:2371} INFO - Sync 1 DAGs
[2023-04-07 19:21:48,458] {logging_mixin.py:115} INFO - [2023-04-07 19:21:48,458] {dag.py:2919} INFO - Setting next_dagrun for example_weekday_branch_operator to 2023-04-06T00:00:00+00:00, run_after=2023-04-07T00:00:00+00:00
[2023-04-07 19:21:48,464] {processor.py:161} INFO - Processing /home/airflow/.local/lib/python3.7/site-packages/airflow/example_dags/example_branch_day_of_week_operator.py took 0.042 seconds
[2023-04-07 19:35:26,478] {processor.py:153} INFO - Started process (PID=50431) to work on /home/airflow/.local/lib/python3.7/site-packages/airflow/example_dags/example_branch_day_of_week_operator.py
[2023-04-07 19:35:26,478] {processor.py:641} INFO - Processing file /home/airflow/.local/lib/python3.7/site-packages/airflow/example_dags/example_branch_day_of_week_operator.py for tasks to queue
[2023-04-07 19:35:26,479] {logging_mixin.py:115} INFO - [2023-04-07 19:35:26,479] {dagbag.py:507} INFO - Filling up the DagBag from /home/airflow/.local/lib/python3.7/site-packages/airflow/example_dags/example_branch_day_of_week_operator.py
[2023-04-07 19:35:26,484] {processor.py:651} INFO - DAG(s) dict_keys(['example_weekday_branch_operator']) retrieved from /home/airflow/.local/lib/python3.7/site-packages/airflow/example_dags/example_branch_day_of_week_operator.py
[2023-04-07 19:35:26,501] {logging_mixin.py:115} INFO - [2023-04-07 19:35:26,501] {dag.py:2371} INFO - Sync 1 DAGs
[2023-04-07 19:35:26,513] {logging_mixin.py:115} INFO - [2023-04-07 19:35:26,513] {dag.py:2919} INFO - Setting next_dagrun for example_weekday_branch_operator to 2023-04-06T00:00:00+00:00, run_after=2023-04-07T00:00:00+00:00
[2023-04-07 19:35:26,518] {processor.py:161} INFO - Processing /home/airflow/.local/lib/python3.7/site-packages/airflow/example_dags/example_branch_day_of_week_operator.py took 0.043 seconds
[2023-04-07 19:35:56,890] {processor.py:153} INFO - Started process (PID=50494) to work on /home/airflow/.local/lib/python3.7/site-packages/airflow/example_dags/example_branch_day_of_week_operator.py
[2023-04-07 19:35:56,891] {processor.py:641} INFO - Processing file /home/airflow/.local/lib/python3.7/site-packages/airflow/example_dags/example_branch_day_of_week_operator.py for tasks to queue
[2023-04-07 19:35:56,891] {logging_mixin.py:115} INFO - [2023-04-07 19:35:56,891] {dagbag.py:507} INFO - Filling up the DagBag from /home/airflow/.local/lib/python3.7/site-packages/airflow/example_dags/example_branch_day_of_week_operator.py
[2023-04-07 19:35:56,896] {processor.py:651} INFO - DAG(s) dict_keys(['example_weekday_branch_operator']) retrieved from /home/airflow/.local/lib/python3.7/site-packages/airflow/example_dags/example_branch_day_of_week_operator.py
[2023-04-07 19:35:56,914] {logging_mixin.py:115} INFO - [2023-04-07 19:35:56,914] {dag.py:2371} INFO - Sync 1 DAGs
[2023-04-07 19:35:56,926] {logging_mixin.py:115} INFO - [2023-04-07 19:35:56,926] {dag.py:2919} INFO - Setting next_dagrun for example_weekday_branch_operator to 2023-04-06T00:00:00+00:00, run_after=2023-04-07T00:00:00+00:00
[2023-04-07 19:35:56,932] {processor.py:161} INFO - Processing /home/airflow/.local/lib/python3.7/site-packages/airflow/example_dags/example_branch_day_of_week_operator.py took 0.043 seconds
[2023-04-07 20:42:20,483] {processor.py:153} INFO - Started process (PID=50556) to work on /home/airflow/.local/lib/python3.7/site-packages/airflow/example_dags/example_branch_day_of_week_operator.py
[2023-04-07 20:42:20,484] {processor.py:641} INFO - Processing file /home/airflow/.local/lib/python3.7/site-packages/airflow/example_dags/example_branch_day_of_week_operator.py for tasks to queue
[2023-04-07 20:42:20,485] {logging_mixin.py:115} INFO - [2023-04-07 20:42:20,485] {dagbag.py:507} INFO - Filling up the DagBag from /home/airflow/.local/lib/python3.7/site-packages/airflow/example_dags/example_branch_day_of_week_operator.py
[2023-04-07 20:42:20,491] {processor.py:651} INFO - DAG(s) dict_keys(['example_weekday_branch_operator']) retrieved from /home/airflow/.local/lib/python3.7/site-packages/airflow/example_dags/example_branch_day_of_week_operator.py
[2023-04-07 20:42:20,510] {logging_mixin.py:115} INFO - [2023-04-07 20:42:20,510] {dag.py:2371} INFO - Sync 1 DAGs
[2023-04-07 20:42:20,526] {logging_mixin.py:115} INFO - [2023-04-07 20:42:20,526] {dag.py:2919} INFO - Setting next_dagrun for example_weekday_branch_operator to 2023-04-06T00:00:00+00:00, run_after=2023-04-07T00:00:00+00:00
[2023-04-07 20:42:20,544] {processor.py:161} INFO - Processing /home/airflow/.local/lib/python3.7/site-packages/airflow/example_dags/example_branch_day_of_week_operator.py took 0.064 seconds
[2023-04-07 21:32:24,878] {processor.py:153} INFO - Started process (PID=50609) to work on /home/airflow/.local/lib/python3.7/site-packages/airflow/example_dags/example_branch_day_of_week_operator.py
[2023-04-07 21:32:24,878] {processor.py:641} INFO - Processing file /home/airflow/.local/lib/python3.7/site-packages/airflow/example_dags/example_branch_day_of_week_operator.py for tasks to queue
[2023-04-07 21:32:24,879] {logging_mixin.py:115} INFO - [2023-04-07 21:32:24,879] {dagbag.py:507} INFO - Filling up the DagBag from /home/airflow/.local/lib/python3.7/site-packages/airflow/example_dags/example_branch_day_of_week_operator.py
[2023-04-07 21:32:24,885] {processor.py:651} INFO - DAG(s) dict_keys(['example_weekday_branch_operator']) retrieved from /home/airflow/.local/lib/python3.7/site-packages/airflow/example_dags/example_branch_day_of_week_operator.py
[2023-04-07 21:32:24,906] {logging_mixin.py:115} INFO - [2023-04-07 21:32:24,906] {dag.py:2371} INFO - Sync 1 DAGs
[2023-04-07 21:32:24,921] {logging_mixin.py:115} INFO - [2023-04-07 21:32:24,920] {dag.py:2919} INFO - Setting next_dagrun for example_weekday_branch_operator to 2023-04-06T00:00:00+00:00, run_after=2023-04-07T00:00:00+00:00
[2023-04-07 21:32:24,927] {processor.py:161} INFO - Processing /home/airflow/.local/lib/python3.7/site-packages/airflow/example_dags/example_branch_day_of_week_operator.py took 0.052 seconds
[2023-04-07 22:38:23,338] {processor.py:153} INFO - Started process (PID=50671) to work on /home/airflow/.local/lib/python3.7/site-packages/airflow/example_dags/example_branch_day_of_week_operator.py
[2023-04-07 22:38:23,338] {processor.py:641} INFO - Processing file /home/airflow/.local/lib/python3.7/site-packages/airflow/example_dags/example_branch_day_of_week_operator.py for tasks to queue
[2023-04-07 22:38:23,339] {logging_mixin.py:115} INFO - [2023-04-07 22:38:23,339] {dagbag.py:507} INFO - Filling up the DagBag from /home/airflow/.local/lib/python3.7/site-packages/airflow/example_dags/example_branch_day_of_week_operator.py
[2023-04-07 22:38:23,344] {processor.py:651} INFO - DAG(s) dict_keys(['example_weekday_branch_operator']) retrieved from /home/airflow/.local/lib/python3.7/site-packages/airflow/example_dags/example_branch_day_of_week_operator.py
[2023-04-07 22:38:23,362] {logging_mixin.py:115} INFO - [2023-04-07 22:38:23,362] {dag.py:2371} INFO - Sync 1 DAGs
[2023-04-07 22:38:23,567] {logging_mixin.py:115} INFO - [2023-04-07 22:38:23,566] {dag.py:2919} INFO - Setting next_dagrun for example_weekday_branch_operator to 2023-04-06T00:00:00+00:00, run_after=2023-04-07T00:00:00+00:00
[2023-04-07 22:38:23,619] {processor.py:161} INFO - Processing /home/airflow/.local/lib/python3.7/site-packages/airflow/example_dags/example_branch_day_of_week_operator.py took 0.284 seconds
