[2023-04-07 00:21:18,362] {processor.py:153} INFO - Started process (PID=49160) to work on /home/airflow/.local/lib/python3.7/site-packages/airflow/example_dags/example_trigger_target_dag.py
[2023-04-07 00:21:18,365] {processor.py:641} INFO - Processing file /home/airflow/.local/lib/python3.7/site-packages/airflow/example_dags/example_trigger_target_dag.py for tasks to queue
[2023-04-07 00:21:18,368] {logging_mixin.py:115} INFO - [2023-04-07 00:21:18,368] {dagbag.py:507} INFO - Filling up the DagBag from /home/airflow/.local/lib/python3.7/site-packages/airflow/example_dags/example_trigger_target_dag.py
[2023-04-07 00:21:18,396] {processor.py:651} INFO - DAG(s) dict_keys(['example_trigger_target_dag']) retrieved from /home/airflow/.local/lib/python3.7/site-packages/airflow/example_dags/example_trigger_target_dag.py
[2023-04-07 00:21:18,485] {logging_mixin.py:115} INFO - [2023-04-07 00:21:18,485] {dag.py:2371} INFO - Sync 1 DAGs
[2023-04-07 00:21:18,529] {logging_mixin.py:115} INFO - [2023-04-07 00:21:18,529] {dag.py:2919} INFO - Setting next_dagrun for example_trigger_target_dag to None, run_after=None
[2023-04-07 00:21:18,567] {processor.py:161} INFO - Processing /home/airflow/.local/lib/python3.7/site-packages/airflow/example_dags/example_trigger_target_dag.py took 0.213 seconds
[2023-04-07 01:26:27,692] {processor.py:153} INFO - Started process (PID=49222) to work on /home/airflow/.local/lib/python3.7/site-packages/airflow/example_dags/example_trigger_target_dag.py
[2023-04-07 01:26:27,693] {processor.py:641} INFO - Processing file /home/airflow/.local/lib/python3.7/site-packages/airflow/example_dags/example_trigger_target_dag.py for tasks to queue
[2023-04-07 01:26:27,694] {logging_mixin.py:115} INFO - [2023-04-07 01:26:27,694] {dagbag.py:507} INFO - Filling up the DagBag from /home/airflow/.local/lib/python3.7/site-packages/airflow/example_dags/example_trigger_target_dag.py
[2023-04-07 01:26:27,718] {processor.py:651} INFO - DAG(s) dict_keys(['example_trigger_target_dag']) retrieved from /home/airflow/.local/lib/python3.7/site-packages/airflow/example_dags/example_trigger_target_dag.py
[2023-04-07 01:26:27,766] {logging_mixin.py:115} INFO - [2023-04-07 01:26:27,766] {dag.py:2371} INFO - Sync 1 DAGs
[2023-04-07 01:26:27,799] {logging_mixin.py:115} INFO - [2023-04-07 01:26:27,799] {dag.py:2919} INFO - Setting next_dagrun for example_trigger_target_dag to None, run_after=None
[2023-04-07 01:26:27,813] {processor.py:161} INFO - Processing /home/airflow/.local/lib/python3.7/site-packages/airflow/example_dags/example_trigger_target_dag.py took 0.125 seconds
[2023-04-07 02:49:14,524] {processor.py:153} INFO - Started process (PID=49283) to work on /home/airflow/.local/lib/python3.7/site-packages/airflow/example_dags/example_trigger_target_dag.py
[2023-04-07 02:49:14,525] {processor.py:641} INFO - Processing file /home/airflow/.local/lib/python3.7/site-packages/airflow/example_dags/example_trigger_target_dag.py for tasks to queue
[2023-04-07 02:49:14,528] {logging_mixin.py:115} INFO - [2023-04-07 02:49:14,528] {dagbag.py:507} INFO - Filling up the DagBag from /home/airflow/.local/lib/python3.7/site-packages/airflow/example_dags/example_trigger_target_dag.py
[2023-04-07 02:49:14,558] {processor.py:651} INFO - DAG(s) dict_keys(['example_trigger_target_dag']) retrieved from /home/airflow/.local/lib/python3.7/site-packages/airflow/example_dags/example_trigger_target_dag.py
[2023-04-07 02:49:14,598] {logging_mixin.py:115} INFO - [2023-04-07 02:49:14,598] {dag.py:2371} INFO - Sync 1 DAGs
[2023-04-07 02:49:14,618] {logging_mixin.py:115} INFO - [2023-04-07 02:49:14,618] {dag.py:2919} INFO - Setting next_dagrun for example_trigger_target_dag to None, run_after=None
[2023-04-07 02:49:14,630] {processor.py:161} INFO - Processing /home/airflow/.local/lib/python3.7/site-packages/airflow/example_dags/example_trigger_target_dag.py took 0.111 seconds
[2023-04-07 02:55:41,638] {processor.py:153} INFO - Started process (PID=49345) to work on /home/airflow/.local/lib/python3.7/site-packages/airflow/example_dags/example_trigger_target_dag.py
[2023-04-07 02:55:41,638] {processor.py:641} INFO - Processing file /home/airflow/.local/lib/python3.7/site-packages/airflow/example_dags/example_trigger_target_dag.py for tasks to queue
[2023-04-07 02:55:41,639] {logging_mixin.py:115} INFO - [2023-04-07 02:55:41,639] {dagbag.py:507} INFO - Filling up the DagBag from /home/airflow/.local/lib/python3.7/site-packages/airflow/example_dags/example_trigger_target_dag.py
[2023-04-07 02:55:41,649] {processor.py:651} INFO - DAG(s) dict_keys(['example_trigger_target_dag']) retrieved from /home/airflow/.local/lib/python3.7/site-packages/airflow/example_dags/example_trigger_target_dag.py
[2023-04-07 02:55:41,665] {logging_mixin.py:115} INFO - [2023-04-07 02:55:41,665] {dag.py:2371} INFO - Sync 1 DAGs
[2023-04-07 02:55:41,679] {logging_mixin.py:115} INFO - [2023-04-07 02:55:41,679] {dag.py:2919} INFO - Setting next_dagrun for example_trigger_target_dag to None, run_after=None
[2023-04-07 02:55:41,684] {processor.py:161} INFO - Processing /home/airflow/.local/lib/python3.7/site-packages/airflow/example_dags/example_trigger_target_dag.py took 0.049 seconds
[2023-04-07 03:13:42,438] {processor.py:153} INFO - Started process (PID=49398) to work on /home/airflow/.local/lib/python3.7/site-packages/airflow/example_dags/example_trigger_target_dag.py
[2023-04-07 03:13:42,439] {processor.py:641} INFO - Processing file /home/airflow/.local/lib/python3.7/site-packages/airflow/example_dags/example_trigger_target_dag.py for tasks to queue
[2023-04-07 03:13:42,440] {logging_mixin.py:115} INFO - [2023-04-07 03:13:42,440] {dagbag.py:507} INFO - Filling up the DagBag from /home/airflow/.local/lib/python3.7/site-packages/airflow/example_dags/example_trigger_target_dag.py
[2023-04-07 03:13:42,464] {processor.py:651} INFO - DAG(s) dict_keys(['example_trigger_target_dag']) retrieved from /home/airflow/.local/lib/python3.7/site-packages/airflow/example_dags/example_trigger_target_dag.py
[2023-04-07 03:13:42,520] {logging_mixin.py:115} INFO - [2023-04-07 03:13:42,519] {dag.py:2371} INFO - Sync 1 DAGs
[2023-04-07 03:13:42,542] {logging_mixin.py:115} INFO - [2023-04-07 03:13:42,542] {dag.py:2919} INFO - Setting next_dagrun for example_trigger_target_dag to None, run_after=None
[2023-04-07 03:13:42,576] {processor.py:161} INFO - Processing /home/airflow/.local/lib/python3.7/site-packages/airflow/example_dags/example_trigger_target_dag.py took 0.143 seconds
[2023-04-07 04:35:07,715] {processor.py:153} INFO - Started process (PID=49460) to work on /home/airflow/.local/lib/python3.7/site-packages/airflow/example_dags/example_trigger_target_dag.py
[2023-04-07 04:35:07,716] {processor.py:641} INFO - Processing file /home/airflow/.local/lib/python3.7/site-packages/airflow/example_dags/example_trigger_target_dag.py for tasks to queue
[2023-04-07 04:35:07,717] {logging_mixin.py:115} INFO - [2023-04-07 04:35:07,717] {dagbag.py:507} INFO - Filling up the DagBag from /home/airflow/.local/lib/python3.7/site-packages/airflow/example_dags/example_trigger_target_dag.py
[2023-04-07 04:35:07,726] {processor.py:651} INFO - DAG(s) dict_keys(['example_trigger_target_dag']) retrieved from /home/airflow/.local/lib/python3.7/site-packages/airflow/example_dags/example_trigger_target_dag.py
[2023-04-07 04:35:07,744] {logging_mixin.py:115} INFO - [2023-04-07 04:35:07,744] {dag.py:2371} INFO - Sync 1 DAGs
[2023-04-07 04:35:07,758] {logging_mixin.py:115} INFO - [2023-04-07 04:35:07,758] {dag.py:2919} INFO - Setting next_dagrun for example_trigger_target_dag to None, run_after=None
[2023-04-07 04:35:07,765] {processor.py:161} INFO - Processing /home/airflow/.local/lib/python3.7/site-packages/airflow/example_dags/example_trigger_target_dag.py took 0.052 seconds
[2023-04-07 05:44:22,691] {processor.py:153} INFO - Started process (PID=49522) to work on /home/airflow/.local/lib/python3.7/site-packages/airflow/example_dags/example_trigger_target_dag.py
[2023-04-07 05:44:22,692] {processor.py:641} INFO - Processing file /home/airflow/.local/lib/python3.7/site-packages/airflow/example_dags/example_trigger_target_dag.py for tasks to queue
[2023-04-07 05:44:22,693] {logging_mixin.py:115} INFO - [2023-04-07 05:44:22,693] {dagbag.py:507} INFO - Filling up the DagBag from /home/airflow/.local/lib/python3.7/site-packages/airflow/example_dags/example_trigger_target_dag.py
[2023-04-07 05:44:22,710] {processor.py:651} INFO - DAG(s) dict_keys(['example_trigger_target_dag']) retrieved from /home/airflow/.local/lib/python3.7/site-packages/airflow/example_dags/example_trigger_target_dag.py
[2023-04-07 05:44:22,758] {logging_mixin.py:115} INFO - [2023-04-07 05:44:22,758] {dag.py:2371} INFO - Sync 1 DAGs
[2023-04-07 05:44:22,777] {logging_mixin.py:115} INFO - [2023-04-07 05:44:22,777] {dag.py:2919} INFO - Setting next_dagrun for example_trigger_target_dag to None, run_after=None
[2023-04-07 05:44:22,790] {processor.py:161} INFO - Processing /home/airflow/.local/lib/python3.7/site-packages/airflow/example_dags/example_trigger_target_dag.py took 0.104 seconds
[2023-04-07 06:47:43,839] {processor.py:153} INFO - Started process (PID=49584) to work on /home/airflow/.local/lib/python3.7/site-packages/airflow/example_dags/example_trigger_target_dag.py
[2023-04-07 06:47:43,840] {processor.py:641} INFO - Processing file /home/airflow/.local/lib/python3.7/site-packages/airflow/example_dags/example_trigger_target_dag.py for tasks to queue
[2023-04-07 06:47:43,841] {logging_mixin.py:115} INFO - [2023-04-07 06:47:43,841] {dagbag.py:507} INFO - Filling up the DagBag from /home/airflow/.local/lib/python3.7/site-packages/airflow/example_dags/example_trigger_target_dag.py
[2023-04-07 06:47:43,852] {processor.py:651} INFO - DAG(s) dict_keys(['example_trigger_target_dag']) retrieved from /home/airflow/.local/lib/python3.7/site-packages/airflow/example_dags/example_trigger_target_dag.py
[2023-04-07 06:47:43,871] {logging_mixin.py:115} INFO - [2023-04-07 06:47:43,871] {dag.py:2371} INFO - Sync 1 DAGs
[2023-04-07 06:47:43,885] {logging_mixin.py:115} INFO - [2023-04-07 06:47:43,885] {dag.py:2919} INFO - Setting next_dagrun for example_trigger_target_dag to None, run_after=None
[2023-04-07 06:47:43,891] {processor.py:161} INFO - Processing /home/airflow/.local/lib/python3.7/site-packages/airflow/example_dags/example_trigger_target_dag.py took 0.055 seconds
[2023-04-07 08:10:37,852] {processor.py:153} INFO - Started process (PID=49645) to work on /home/airflow/.local/lib/python3.7/site-packages/airflow/example_dags/example_trigger_target_dag.py
[2023-04-07 08:10:37,853] {processor.py:641} INFO - Processing file /home/airflow/.local/lib/python3.7/site-packages/airflow/example_dags/example_trigger_target_dag.py for tasks to queue
[2023-04-07 08:10:37,853] {logging_mixin.py:115} INFO - [2023-04-07 08:10:37,853] {dagbag.py:507} INFO - Filling up the DagBag from /home/airflow/.local/lib/python3.7/site-packages/airflow/example_dags/example_trigger_target_dag.py
[2023-04-07 08:10:37,863] {processor.py:651} INFO - DAG(s) dict_keys(['example_trigger_target_dag']) retrieved from /home/airflow/.local/lib/python3.7/site-packages/airflow/example_dags/example_trigger_target_dag.py
[2023-04-07 08:10:37,884] {logging_mixin.py:115} INFO - [2023-04-07 08:10:37,884] {dag.py:2371} INFO - Sync 1 DAGs
[2023-04-07 08:10:37,896] {logging_mixin.py:115} INFO - [2023-04-07 08:10:37,895] {dag.py:2919} INFO - Setting next_dagrun for example_trigger_target_dag to None, run_after=None
[2023-04-07 08:10:37,901] {processor.py:161} INFO - Processing /home/airflow/.local/lib/python3.7/site-packages/airflow/example_dags/example_trigger_target_dag.py took 0.051 seconds
[2023-04-07 09:16:47,107] {processor.py:153} INFO - Started process (PID=49698) to work on /home/airflow/.local/lib/python3.7/site-packages/airflow/example_dags/example_trigger_target_dag.py
[2023-04-07 09:16:47,108] {processor.py:641} INFO - Processing file /home/airflow/.local/lib/python3.7/site-packages/airflow/example_dags/example_trigger_target_dag.py for tasks to queue
[2023-04-07 09:16:47,109] {logging_mixin.py:115} INFO - [2023-04-07 09:16:47,109] {dagbag.py:507} INFO - Filling up the DagBag from /home/airflow/.local/lib/python3.7/site-packages/airflow/example_dags/example_trigger_target_dag.py
[2023-04-07 09:16:47,135] {processor.py:651} INFO - DAG(s) dict_keys(['example_trigger_target_dag']) retrieved from /home/airflow/.local/lib/python3.7/site-packages/airflow/example_dags/example_trigger_target_dag.py
[2023-04-07 09:16:47,174] {logging_mixin.py:115} INFO - [2023-04-07 09:16:47,174] {dag.py:2371} INFO - Sync 1 DAGs
[2023-04-07 09:16:47,206] {logging_mixin.py:115} INFO - [2023-04-07 09:16:47,206] {dag.py:2919} INFO - Setting next_dagrun for example_trigger_target_dag to None, run_after=None
[2023-04-07 09:16:47,245] {processor.py:161} INFO - Processing /home/airflow/.local/lib/python3.7/site-packages/airflow/example_dags/example_trigger_target_dag.py took 0.141 seconds
[2023-04-07 10:24:58,099] {processor.py:153} INFO - Started process (PID=49760) to work on /home/airflow/.local/lib/python3.7/site-packages/airflow/example_dags/example_trigger_target_dag.py
[2023-04-07 10:24:58,100] {processor.py:641} INFO - Processing file /home/airflow/.local/lib/python3.7/site-packages/airflow/example_dags/example_trigger_target_dag.py for tasks to queue
[2023-04-07 10:24:58,101] {logging_mixin.py:115} INFO - [2023-04-07 10:24:58,101] {dagbag.py:507} INFO - Filling up the DagBag from /home/airflow/.local/lib/python3.7/site-packages/airflow/example_dags/example_trigger_target_dag.py
[2023-04-07 10:24:58,109] {processor.py:651} INFO - DAG(s) dict_keys(['example_trigger_target_dag']) retrieved from /home/airflow/.local/lib/python3.7/site-packages/airflow/example_dags/example_trigger_target_dag.py
[2023-04-07 10:24:58,126] {logging_mixin.py:115} INFO - [2023-04-07 10:24:58,126] {dag.py:2371} INFO - Sync 1 DAGs
[2023-04-07 10:24:58,137] {logging_mixin.py:115} INFO - [2023-04-07 10:24:58,137] {dag.py:2919} INFO - Setting next_dagrun for example_trigger_target_dag to None, run_after=None
[2023-04-07 10:24:58,142] {processor.py:161} INFO - Processing /home/airflow/.local/lib/python3.7/site-packages/airflow/example_dags/example_trigger_target_dag.py took 0.044 seconds
[2023-04-07 11:08:32,993] {processor.py:153} INFO - Started process (PID=49822) to work on /home/airflow/.local/lib/python3.7/site-packages/airflow/example_dags/example_trigger_target_dag.py
[2023-04-07 11:08:32,994] {processor.py:641} INFO - Processing file /home/airflow/.local/lib/python3.7/site-packages/airflow/example_dags/example_trigger_target_dag.py for tasks to queue
[2023-04-07 11:08:32,995] {logging_mixin.py:115} INFO - [2023-04-07 11:08:32,995] {dagbag.py:507} INFO - Filling up the DagBag from /home/airflow/.local/lib/python3.7/site-packages/airflow/example_dags/example_trigger_target_dag.py
[2023-04-07 11:08:33,014] {processor.py:651} INFO - DAG(s) dict_keys(['example_trigger_target_dag']) retrieved from /home/airflow/.local/lib/python3.7/site-packages/airflow/example_dags/example_trigger_target_dag.py
[2023-04-07 11:08:33,043] {logging_mixin.py:115} INFO - [2023-04-07 11:08:33,043] {dag.py:2371} INFO - Sync 1 DAGs
[2023-04-07 11:08:33,063] {logging_mixin.py:115} INFO - [2023-04-07 11:08:33,063] {dag.py:2919} INFO - Setting next_dagrun for example_trigger_target_dag to None, run_after=None
[2023-04-07 11:08:33,071] {processor.py:161} INFO - Processing /home/airflow/.local/lib/python3.7/site-packages/airflow/example_dags/example_trigger_target_dag.py took 0.081 seconds
[2023-04-07 11:09:03,909] {processor.py:153} INFO - Started process (PID=49884) to work on /home/airflow/.local/lib/python3.7/site-packages/airflow/example_dags/example_trigger_target_dag.py
[2023-04-07 11:09:03,910] {processor.py:641} INFO - Processing file /home/airflow/.local/lib/python3.7/site-packages/airflow/example_dags/example_trigger_target_dag.py for tasks to queue
[2023-04-07 11:09:03,910] {logging_mixin.py:115} INFO - [2023-04-07 11:09:03,910] {dagbag.py:507} INFO - Filling up the DagBag from /home/airflow/.local/lib/python3.7/site-packages/airflow/example_dags/example_trigger_target_dag.py
[2023-04-07 11:09:03,919] {processor.py:651} INFO - DAG(s) dict_keys(['example_trigger_target_dag']) retrieved from /home/airflow/.local/lib/python3.7/site-packages/airflow/example_dags/example_trigger_target_dag.py
[2023-04-07 11:09:03,936] {logging_mixin.py:115} INFO - [2023-04-07 11:09:03,936] {dag.py:2371} INFO - Sync 1 DAGs
[2023-04-07 11:09:03,947] {logging_mixin.py:115} INFO - [2023-04-07 11:09:03,947] {dag.py:2919} INFO - Setting next_dagrun for example_trigger_target_dag to None, run_after=None
[2023-04-07 11:09:03,952] {processor.py:161} INFO - Processing /home/airflow/.local/lib/python3.7/site-packages/airflow/example_dags/example_trigger_target_dag.py took 0.046 seconds
[2023-04-07 12:29:46,022] {processor.py:153} INFO - Started process (PID=49938) to work on /home/airflow/.local/lib/python3.7/site-packages/airflow/example_dags/example_trigger_target_dag.py
[2023-04-07 12:29:46,025] {processor.py:641} INFO - Processing file /home/airflow/.local/lib/python3.7/site-packages/airflow/example_dags/example_trigger_target_dag.py for tasks to queue
[2023-04-07 12:29:46,026] {logging_mixin.py:115} INFO - [2023-04-07 12:29:46,026] {dagbag.py:507} INFO - Filling up the DagBag from /home/airflow/.local/lib/python3.7/site-packages/airflow/example_dags/example_trigger_target_dag.py
[2023-04-07 12:29:46,049] {processor.py:651} INFO - DAG(s) dict_keys(['example_trigger_target_dag']) retrieved from /home/airflow/.local/lib/python3.7/site-packages/airflow/example_dags/example_trigger_target_dag.py
[2023-04-07 12:29:46,141] {logging_mixin.py:115} INFO - [2023-04-07 12:29:46,141] {dag.py:2371} INFO - Sync 1 DAGs
[2023-04-07 12:29:46,175] {logging_mixin.py:115} INFO - [2023-04-07 12:29:46,175] {dag.py:2919} INFO - Setting next_dagrun for example_trigger_target_dag to None, run_after=None
[2023-04-07 12:29:46,190] {processor.py:161} INFO - Processing /home/airflow/.local/lib/python3.7/site-packages/airflow/example_dags/example_trigger_target_dag.py took 0.173 seconds
[2023-04-07 13:38:13,575] {processor.py:153} INFO - Started process (PID=49999) to work on /home/airflow/.local/lib/python3.7/site-packages/airflow/example_dags/example_trigger_target_dag.py
[2023-04-07 13:38:13,576] {processor.py:641} INFO - Processing file /home/airflow/.local/lib/python3.7/site-packages/airflow/example_dags/example_trigger_target_dag.py for tasks to queue
[2023-04-07 13:38:13,577] {logging_mixin.py:115} INFO - [2023-04-07 13:38:13,577] {dagbag.py:507} INFO - Filling up the DagBag from /home/airflow/.local/lib/python3.7/site-packages/airflow/example_dags/example_trigger_target_dag.py
[2023-04-07 13:38:13,594] {processor.py:651} INFO - DAG(s) dict_keys(['example_trigger_target_dag']) retrieved from /home/airflow/.local/lib/python3.7/site-packages/airflow/example_dags/example_trigger_target_dag.py
[2023-04-07 13:38:13,635] {logging_mixin.py:115} INFO - [2023-04-07 13:38:13,635] {dag.py:2371} INFO - Sync 1 DAGs
[2023-04-07 13:38:13,659] {logging_mixin.py:115} INFO - [2023-04-07 13:38:13,659] {dag.py:2919} INFO - Setting next_dagrun for example_trigger_target_dag to None, run_after=None
[2023-04-07 13:38:13,672] {processor.py:161} INFO - Processing /home/airflow/.local/lib/python3.7/site-packages/airflow/example_dags/example_trigger_target_dag.py took 0.100 seconds
[2023-04-07 14:43:43,794] {processor.py:153} INFO - Started process (PID=50062) to work on /home/airflow/.local/lib/python3.7/site-packages/airflow/example_dags/example_trigger_target_dag.py
[2023-04-07 14:43:43,794] {processor.py:641} INFO - Processing file /home/airflow/.local/lib/python3.7/site-packages/airflow/example_dags/example_trigger_target_dag.py for tasks to queue
[2023-04-07 14:43:43,795] {logging_mixin.py:115} INFO - [2023-04-07 14:43:43,795] {dagbag.py:507} INFO - Filling up the DagBag from /home/airflow/.local/lib/python3.7/site-packages/airflow/example_dags/example_trigger_target_dag.py
[2023-04-07 14:43:43,804] {processor.py:651} INFO - DAG(s) dict_keys(['example_trigger_target_dag']) retrieved from /home/airflow/.local/lib/python3.7/site-packages/airflow/example_dags/example_trigger_target_dag.py
[2023-04-07 14:43:43,826] {logging_mixin.py:115} INFO - [2023-04-07 14:43:43,826] {dag.py:2371} INFO - Sync 1 DAGs
[2023-04-07 14:43:43,839] {logging_mixin.py:115} INFO - [2023-04-07 14:43:43,839] {dag.py:2919} INFO - Setting next_dagrun for example_trigger_target_dag to None, run_after=None
[2023-04-07 14:43:43,845] {processor.py:161} INFO - Processing /home/airflow/.local/lib/python3.7/site-packages/airflow/example_dags/example_trigger_target_dag.py took 0.053 seconds
[2023-04-07 16:07:13,141] {processor.py:153} INFO - Started process (PID=50123) to work on /home/airflow/.local/lib/python3.7/site-packages/airflow/example_dags/example_trigger_target_dag.py
[2023-04-07 16:07:13,146] {processor.py:641} INFO - Processing file /home/airflow/.local/lib/python3.7/site-packages/airflow/example_dags/example_trigger_target_dag.py for tasks to queue
[2023-04-07 16:07:13,148] {logging_mixin.py:115} INFO - [2023-04-07 16:07:13,147] {dagbag.py:507} INFO - Filling up the DagBag from /home/airflow/.local/lib/python3.7/site-packages/airflow/example_dags/example_trigger_target_dag.py
[2023-04-07 16:07:13,168] {processor.py:651} INFO - DAG(s) dict_keys(['example_trigger_target_dag']) retrieved from /home/airflow/.local/lib/python3.7/site-packages/airflow/example_dags/example_trigger_target_dag.py
[2023-04-07 16:07:13,209] {logging_mixin.py:115} INFO - [2023-04-07 16:07:13,209] {dag.py:2371} INFO - Sync 1 DAGs
[2023-04-07 16:07:13,234] {logging_mixin.py:115} INFO - [2023-04-07 16:07:13,234] {dag.py:2919} INFO - Setting next_dagrun for example_trigger_target_dag to None, run_after=None
[2023-04-07 16:07:13,243] {processor.py:161} INFO - Processing /home/airflow/.local/lib/python3.7/site-packages/airflow/example_dags/example_trigger_target_dag.py took 0.108 seconds
[2023-04-07 17:10:58,424] {processor.py:153} INFO - Started process (PID=50185) to work on /home/airflow/.local/lib/python3.7/site-packages/airflow/example_dags/example_trigger_target_dag.py
[2023-04-07 17:10:58,425] {processor.py:641} INFO - Processing file /home/airflow/.local/lib/python3.7/site-packages/airflow/example_dags/example_trigger_target_dag.py for tasks to queue
[2023-04-07 17:10:58,426] {logging_mixin.py:115} INFO - [2023-04-07 17:10:58,426] {dagbag.py:507} INFO - Filling up the DagBag from /home/airflow/.local/lib/python3.7/site-packages/airflow/example_dags/example_trigger_target_dag.py
[2023-04-07 17:10:58,450] {processor.py:651} INFO - DAG(s) dict_keys(['example_trigger_target_dag']) retrieved from /home/airflow/.local/lib/python3.7/site-packages/airflow/example_dags/example_trigger_target_dag.py
[2023-04-07 17:10:58,485] {logging_mixin.py:115} INFO - [2023-04-07 17:10:58,485] {dag.py:2371} INFO - Sync 1 DAGs
[2023-04-07 17:10:58,526] {logging_mixin.py:115} INFO - [2023-04-07 17:10:58,525] {dag.py:2919} INFO - Setting next_dagrun for example_trigger_target_dag to None, run_after=None
[2023-04-07 17:10:58,536] {processor.py:161} INFO - Processing /home/airflow/.local/lib/python3.7/site-packages/airflow/example_dags/example_trigger_target_dag.py took 0.117 seconds
[2023-04-07 18:18:11,730] {processor.py:153} INFO - Started process (PID=50238) to work on /home/airflow/.local/lib/python3.7/site-packages/airflow/example_dags/example_trigger_target_dag.py
[2023-04-07 18:18:11,731] {processor.py:641} INFO - Processing file /home/airflow/.local/lib/python3.7/site-packages/airflow/example_dags/example_trigger_target_dag.py for tasks to queue
[2023-04-07 18:18:11,732] {logging_mixin.py:115} INFO - [2023-04-07 18:18:11,732] {dagbag.py:507} INFO - Filling up the DagBag from /home/airflow/.local/lib/python3.7/site-packages/airflow/example_dags/example_trigger_target_dag.py
[2023-04-07 18:18:11,753] {processor.py:651} INFO - DAG(s) dict_keys(['example_trigger_target_dag']) retrieved from /home/airflow/.local/lib/python3.7/site-packages/airflow/example_dags/example_trigger_target_dag.py
[2023-04-07 18:18:11,792] {logging_mixin.py:115} INFO - [2023-04-07 18:18:11,788] {dag.py:2371} INFO - Sync 1 DAGs
[2023-04-07 18:18:11,838] {logging_mixin.py:115} INFO - [2023-04-07 18:18:11,838] {dag.py:2919} INFO - Setting next_dagrun for example_trigger_target_dag to None, run_after=None
[2023-04-07 18:18:11,864] {processor.py:161} INFO - Processing /home/airflow/.local/lib/python3.7/site-packages/airflow/example_dags/example_trigger_target_dag.py took 0.137 seconds
[2023-04-07 19:21:17,705] {processor.py:153} INFO - Started process (PID=50299) to work on /home/airflow/.local/lib/python3.7/site-packages/airflow/example_dags/example_trigger_target_dag.py
[2023-04-07 19:21:17,707] {processor.py:641} INFO - Processing file /home/airflow/.local/lib/python3.7/site-packages/airflow/example_dags/example_trigger_target_dag.py for tasks to queue
[2023-04-07 19:21:17,708] {logging_mixin.py:115} INFO - [2023-04-07 19:21:17,708] {dagbag.py:507} INFO - Filling up the DagBag from /home/airflow/.local/lib/python3.7/site-packages/airflow/example_dags/example_trigger_target_dag.py
[2023-04-07 19:21:17,722] {processor.py:651} INFO - DAG(s) dict_keys(['example_trigger_target_dag']) retrieved from /home/airflow/.local/lib/python3.7/site-packages/airflow/example_dags/example_trigger_target_dag.py
[2023-04-07 19:21:17,769] {logging_mixin.py:115} INFO - [2023-04-07 19:21:17,768] {dag.py:2371} INFO - Sync 1 DAGs
[2023-04-07 19:21:17,788] {logging_mixin.py:115} INFO - [2023-04-07 19:21:17,788] {dag.py:2919} INFO - Setting next_dagrun for example_trigger_target_dag to None, run_after=None
[2023-04-07 19:21:17,795] {processor.py:161} INFO - Processing /home/airflow/.local/lib/python3.7/site-packages/airflow/example_dags/example_trigger_target_dag.py took 0.098 seconds
[2023-04-07 19:21:48,059] {processor.py:153} INFO - Started process (PID=50361) to work on /home/airflow/.local/lib/python3.7/site-packages/airflow/example_dags/example_trigger_target_dag.py
[2023-04-07 19:21:48,059] {processor.py:641} INFO - Processing file /home/airflow/.local/lib/python3.7/site-packages/airflow/example_dags/example_trigger_target_dag.py for tasks to queue
[2023-04-07 19:21:48,060] {logging_mixin.py:115} INFO - [2023-04-07 19:21:48,060] {dagbag.py:507} INFO - Filling up the DagBag from /home/airflow/.local/lib/python3.7/site-packages/airflow/example_dags/example_trigger_target_dag.py
[2023-04-07 19:21:48,069] {processor.py:651} INFO - DAG(s) dict_keys(['example_trigger_target_dag']) retrieved from /home/airflow/.local/lib/python3.7/site-packages/airflow/example_dags/example_trigger_target_dag.py
[2023-04-07 19:21:48,085] {logging_mixin.py:115} INFO - [2023-04-07 19:21:48,085] {dag.py:2371} INFO - Sync 1 DAGs
[2023-04-07 19:21:48,096] {logging_mixin.py:115} INFO - [2023-04-07 19:21:48,096] {dag.py:2919} INFO - Setting next_dagrun for example_trigger_target_dag to None, run_after=None
[2023-04-07 19:21:48,102] {processor.py:161} INFO - Processing /home/airflow/.local/lib/python3.7/site-packages/airflow/example_dags/example_trigger_target_dag.py took 0.045 seconds
[2023-04-07 19:35:25,832] {processor.py:153} INFO - Started process (PID=50420) to work on /home/airflow/.local/lib/python3.7/site-packages/airflow/example_dags/example_trigger_target_dag.py
[2023-04-07 19:35:25,836] {processor.py:641} INFO - Processing file /home/airflow/.local/lib/python3.7/site-packages/airflow/example_dags/example_trigger_target_dag.py for tasks to queue
[2023-04-07 19:35:25,837] {logging_mixin.py:115} INFO - [2023-04-07 19:35:25,837] {dagbag.py:507} INFO - Filling up the DagBag from /home/airflow/.local/lib/python3.7/site-packages/airflow/example_dags/example_trigger_target_dag.py
[2023-04-07 19:35:25,855] {processor.py:651} INFO - DAG(s) dict_keys(['example_trigger_target_dag']) retrieved from /home/airflow/.local/lib/python3.7/site-packages/airflow/example_dags/example_trigger_target_dag.py
[2023-04-07 19:35:25,886] {logging_mixin.py:115} INFO - [2023-04-07 19:35:25,886] {dag.py:2371} INFO - Sync 1 DAGs
[2023-04-07 19:35:25,905] {logging_mixin.py:115} INFO - [2023-04-07 19:35:25,905] {dag.py:2919} INFO - Setting next_dagrun for example_trigger_target_dag to None, run_after=None
[2023-04-07 19:35:25,919] {processor.py:161} INFO - Processing /home/airflow/.local/lib/python3.7/site-packages/airflow/example_dags/example_trigger_target_dag.py took 0.089 seconds
[2023-04-07 19:35:56,498] {processor.py:153} INFO - Started process (PID=50483) to work on /home/airflow/.local/lib/python3.7/site-packages/airflow/example_dags/example_trigger_target_dag.py
[2023-04-07 19:35:56,499] {processor.py:641} INFO - Processing file /home/airflow/.local/lib/python3.7/site-packages/airflow/example_dags/example_trigger_target_dag.py for tasks to queue
[2023-04-07 19:35:56,499] {logging_mixin.py:115} INFO - [2023-04-07 19:35:56,499] {dagbag.py:507} INFO - Filling up the DagBag from /home/airflow/.local/lib/python3.7/site-packages/airflow/example_dags/example_trigger_target_dag.py
[2023-04-07 19:35:56,509] {processor.py:651} INFO - DAG(s) dict_keys(['example_trigger_target_dag']) retrieved from /home/airflow/.local/lib/python3.7/site-packages/airflow/example_dags/example_trigger_target_dag.py
[2023-04-07 19:35:56,526] {logging_mixin.py:115} INFO - [2023-04-07 19:35:56,526] {dag.py:2371} INFO - Sync 1 DAGs
[2023-04-07 19:35:56,537] {logging_mixin.py:115} INFO - [2023-04-07 19:35:56,537] {dag.py:2919} INFO - Setting next_dagrun for example_trigger_target_dag to None, run_after=None
[2023-04-07 19:35:56,543] {processor.py:161} INFO - Processing /home/airflow/.local/lib/python3.7/site-packages/airflow/example_dags/example_trigger_target_dag.py took 0.047 seconds
[2023-04-07 20:42:20,025] {processor.py:153} INFO - Started process (PID=50536) to work on /home/airflow/.local/lib/python3.7/site-packages/airflow/example_dags/example_trigger_target_dag.py
[2023-04-07 20:42:20,025] {processor.py:641} INFO - Processing file /home/airflow/.local/lib/python3.7/site-packages/airflow/example_dags/example_trigger_target_dag.py for tasks to queue
[2023-04-07 20:42:20,026] {logging_mixin.py:115} INFO - [2023-04-07 20:42:20,026] {dagbag.py:507} INFO - Filling up the DagBag from /home/airflow/.local/lib/python3.7/site-packages/airflow/example_dags/example_trigger_target_dag.py
[2023-04-07 20:42:20,035] {processor.py:651} INFO - DAG(s) dict_keys(['example_trigger_target_dag']) retrieved from /home/airflow/.local/lib/python3.7/site-packages/airflow/example_dags/example_trigger_target_dag.py
[2023-04-07 20:42:20,052] {logging_mixin.py:115} INFO - [2023-04-07 20:42:20,052] {dag.py:2371} INFO - Sync 1 DAGs
[2023-04-07 20:42:20,064] {logging_mixin.py:115} INFO - [2023-04-07 20:42:20,064] {dag.py:2919} INFO - Setting next_dagrun for example_trigger_target_dag to None, run_after=None
[2023-04-07 20:42:20,069] {processor.py:161} INFO - Processing /home/airflow/.local/lib/python3.7/site-packages/airflow/example_dags/example_trigger_target_dag.py took 0.046 seconds
[2023-04-07 21:32:24,189] {processor.py:153} INFO - Started process (PID=50598) to work on /home/airflow/.local/lib/python3.7/site-packages/airflow/example_dags/example_trigger_target_dag.py
[2023-04-07 21:32:24,195] {processor.py:641} INFO - Processing file /home/airflow/.local/lib/python3.7/site-packages/airflow/example_dags/example_trigger_target_dag.py for tasks to queue
[2023-04-07 21:32:24,197] {logging_mixin.py:115} INFO - [2023-04-07 21:32:24,196] {dagbag.py:507} INFO - Filling up the DagBag from /home/airflow/.local/lib/python3.7/site-packages/airflow/example_dags/example_trigger_target_dag.py
[2023-04-07 21:32:24,222] {processor.py:651} INFO - DAG(s) dict_keys(['example_trigger_target_dag']) retrieved from /home/airflow/.local/lib/python3.7/site-packages/airflow/example_dags/example_trigger_target_dag.py
[2023-04-07 21:32:24,264] {logging_mixin.py:115} INFO - [2023-04-07 21:32:24,264] {dag.py:2371} INFO - Sync 1 DAGs
[2023-04-07 21:32:24,296] {logging_mixin.py:115} INFO - [2023-04-07 21:32:24,296] {dag.py:2919} INFO - Setting next_dagrun for example_trigger_target_dag to None, run_after=None
[2023-04-07 21:32:24,312] {processor.py:161} INFO - Processing /home/airflow/.local/lib/python3.7/site-packages/airflow/example_dags/example_trigger_target_dag.py took 0.129 seconds
[2023-04-07 22:38:22,553] {processor.py:153} INFO - Started process (PID=50660) to work on /home/airflow/.local/lib/python3.7/site-packages/airflow/example_dags/example_trigger_target_dag.py
[2023-04-07 22:38:22,555] {processor.py:641} INFO - Processing file /home/airflow/.local/lib/python3.7/site-packages/airflow/example_dags/example_trigger_target_dag.py for tasks to queue
[2023-04-07 22:38:22,564] {logging_mixin.py:115} INFO - [2023-04-07 22:38:22,564] {dagbag.py:507} INFO - Filling up the DagBag from /home/airflow/.local/lib/python3.7/site-packages/airflow/example_dags/example_trigger_target_dag.py
[2023-04-07 22:38:22,589] {processor.py:651} INFO - DAG(s) dict_keys(['example_trigger_target_dag']) retrieved from /home/airflow/.local/lib/python3.7/site-packages/airflow/example_dags/example_trigger_target_dag.py
[2023-04-07 22:38:22,628] {logging_mixin.py:115} INFO - [2023-04-07 22:38:22,628] {dag.py:2371} INFO - Sync 1 DAGs
[2023-04-07 22:38:22,658] {logging_mixin.py:115} INFO - [2023-04-07 22:38:22,658] {dag.py:2919} INFO - Setting next_dagrun for example_trigger_target_dag to None, run_after=None
[2023-04-07 22:38:22,677] {processor.py:161} INFO - Processing /home/airflow/.local/lib/python3.7/site-packages/airflow/example_dags/example_trigger_target_dag.py took 0.135 seconds
