[2023-04-07 00:21:18,528] {processor.py:153} INFO - Started process (PID=49161) to work on /home/airflow/.local/lib/python3.7/site-packages/airflow/example_dags/tutorial.py
[2023-04-07 00:21:18,529] {processor.py:641} INFO - Processing file /home/airflow/.local/lib/python3.7/site-packages/airflow/example_dags/tutorial.py for tasks to queue
[2023-04-07 00:21:18,531] {logging_mixin.py:115} INFO - [2023-04-07 00:21:18,531] {dagbag.py:507} INFO - Filling up the DagBag from /home/airflow/.local/lib/python3.7/site-packages/airflow/example_dags/tutorial.py
[2023-04-07 00:21:18,552] {processor.py:651} INFO - DAG(s) dict_keys(['tutorial']) retrieved from /home/airflow/.local/lib/python3.7/site-packages/airflow/example_dags/tutorial.py
[2023-04-07 00:21:18,606] {logging_mixin.py:115} INFO - [2023-04-07 00:21:18,606] {dag.py:2371} INFO - Sync 1 DAGs
[2023-04-07 00:21:18,644] {logging_mixin.py:115} INFO - [2023-04-07 00:21:18,644] {dag.py:2919} INFO - Setting next_dagrun for tutorial to 2023-04-06T00:21:18.644366+00:00, run_after=2023-04-07T00:21:18.644366+00:00
[2023-04-07 00:21:18,659] {processor.py:161} INFO - Processing /home/airflow/.local/lib/python3.7/site-packages/airflow/example_dags/tutorial.py took 0.134 seconds
[2023-04-07 01:26:27,728] {processor.py:153} INFO - Started process (PID=49223) to work on /home/airflow/.local/lib/python3.7/site-packages/airflow/example_dags/tutorial.py
[2023-04-07 01:26:27,731] {processor.py:641} INFO - Processing file /home/airflow/.local/lib/python3.7/site-packages/airflow/example_dags/tutorial.py for tasks to queue
[2023-04-07 01:26:27,732] {logging_mixin.py:115} INFO - [2023-04-07 01:26:27,732] {dagbag.py:507} INFO - Filling up the DagBag from /home/airflow/.local/lib/python3.7/site-packages/airflow/example_dags/tutorial.py
[2023-04-07 01:26:27,738] {processor.py:651} INFO - DAG(s) dict_keys(['tutorial']) retrieved from /home/airflow/.local/lib/python3.7/site-packages/airflow/example_dags/tutorial.py
[2023-04-07 01:26:27,787] {logging_mixin.py:115} INFO - [2023-04-07 01:26:27,787] {dag.py:2371} INFO - Sync 1 DAGs
[2023-04-07 01:26:27,822] {logging_mixin.py:115} INFO - [2023-04-07 01:26:27,822] {dag.py:2919} INFO - Setting next_dagrun for tutorial to 2023-04-06T01:26:27.821790+00:00, run_after=2023-04-07T01:26:27.821790+00:00
[2023-04-07 01:26:27,837] {processor.py:161} INFO - Processing /home/airflow/.local/lib/python3.7/site-packages/airflow/example_dags/tutorial.py took 0.113 seconds
[2023-04-07 02:49:14,625] {processor.py:153} INFO - Started process (PID=49284) to work on /home/airflow/.local/lib/python3.7/site-packages/airflow/example_dags/tutorial.py
[2023-04-07 02:49:14,629] {processor.py:641} INFO - Processing file /home/airflow/.local/lib/python3.7/site-packages/airflow/example_dags/tutorial.py for tasks to queue
[2023-04-07 02:49:14,630] {logging_mixin.py:115} INFO - [2023-04-07 02:49:14,630] {dagbag.py:507} INFO - Filling up the DagBag from /home/airflow/.local/lib/python3.7/site-packages/airflow/example_dags/tutorial.py
[2023-04-07 02:49:14,637] {processor.py:651} INFO - DAG(s) dict_keys(['tutorial']) retrieved from /home/airflow/.local/lib/python3.7/site-packages/airflow/example_dags/tutorial.py
[2023-04-07 02:49:14,701] {logging_mixin.py:115} INFO - [2023-04-07 02:49:14,701] {dag.py:2371} INFO - Sync 1 DAGs
[2023-04-07 02:49:14,752] {logging_mixin.py:115} INFO - [2023-04-07 02:49:14,752] {dag.py:2919} INFO - Setting next_dagrun for tutorial to 2023-04-06T02:49:14.751761+00:00, run_after=2023-04-07T02:49:14.751761+00:00
[2023-04-07 02:49:14,768] {processor.py:161} INFO - Processing /home/airflow/.local/lib/python3.7/site-packages/airflow/example_dags/tutorial.py took 0.147 seconds
[2023-04-07 02:55:41,699] {processor.py:153} INFO - Started process (PID=49346) to work on /home/airflow/.local/lib/python3.7/site-packages/airflow/example_dags/tutorial.py
[2023-04-07 02:55:41,700] {processor.py:641} INFO - Processing file /home/airflow/.local/lib/python3.7/site-packages/airflow/example_dags/tutorial.py for tasks to queue
[2023-04-07 02:55:41,701] {logging_mixin.py:115} INFO - [2023-04-07 02:55:41,701] {dagbag.py:507} INFO - Filling up the DagBag from /home/airflow/.local/lib/python3.7/site-packages/airflow/example_dags/tutorial.py
[2023-04-07 02:55:41,705] {processor.py:651} INFO - DAG(s) dict_keys(['tutorial']) retrieved from /home/airflow/.local/lib/python3.7/site-packages/airflow/example_dags/tutorial.py
[2023-04-07 02:55:41,723] {logging_mixin.py:115} INFO - [2023-04-07 02:55:41,723] {dag.py:2371} INFO - Sync 1 DAGs
[2023-04-07 02:55:41,735] {logging_mixin.py:115} INFO - [2023-04-07 02:55:41,735] {dag.py:2919} INFO - Setting next_dagrun for tutorial to 2023-04-06T02:55:41.735030+00:00, run_after=2023-04-07T02:55:41.735030+00:00
[2023-04-07 02:55:41,741] {processor.py:161} INFO - Processing /home/airflow/.local/lib/python3.7/site-packages/airflow/example_dags/tutorial.py took 0.044 seconds
[2023-04-07 03:13:42,572] {processor.py:153} INFO - Started process (PID=49399) to work on /home/airflow/.local/lib/python3.7/site-packages/airflow/example_dags/tutorial.py
[2023-04-07 03:13:42,574] {processor.py:641} INFO - Processing file /home/airflow/.local/lib/python3.7/site-packages/airflow/example_dags/tutorial.py for tasks to queue
[2023-04-07 03:13:42,575] {logging_mixin.py:115} INFO - [2023-04-07 03:13:42,575] {dagbag.py:507} INFO - Filling up the DagBag from /home/airflow/.local/lib/python3.7/site-packages/airflow/example_dags/tutorial.py
[2023-04-07 03:13:42,584] {processor.py:651} INFO - DAG(s) dict_keys(['tutorial']) retrieved from /home/airflow/.local/lib/python3.7/site-packages/airflow/example_dags/tutorial.py
[2023-04-07 03:13:42,623] {logging_mixin.py:115} INFO - [2023-04-07 03:13:42,623] {dag.py:2371} INFO - Sync 1 DAGs
[2023-04-07 03:13:42,639] {logging_mixin.py:115} INFO - [2023-04-07 03:13:42,639] {dag.py:2919} INFO - Setting next_dagrun for tutorial to 2023-04-06T03:13:42.639519+00:00, run_after=2023-04-07T03:13:42.639519+00:00
[2023-04-07 03:13:42,663] {processor.py:161} INFO - Processing /home/airflow/.local/lib/python3.7/site-packages/airflow/example_dags/tutorial.py took 0.095 seconds
[2023-04-07 04:35:07,767] {processor.py:153} INFO - Started process (PID=49461) to work on /home/airflow/.local/lib/python3.7/site-packages/airflow/example_dags/tutorial.py
[2023-04-07 04:35:07,771] {processor.py:641} INFO - Processing file /home/airflow/.local/lib/python3.7/site-packages/airflow/example_dags/tutorial.py for tasks to queue
[2023-04-07 04:35:07,771] {logging_mixin.py:115} INFO - [2023-04-07 04:35:07,771] {dagbag.py:507} INFO - Filling up the DagBag from /home/airflow/.local/lib/python3.7/site-packages/airflow/example_dags/tutorial.py
[2023-04-07 04:35:07,784] {processor.py:651} INFO - DAG(s) dict_keys(['tutorial']) retrieved from /home/airflow/.local/lib/python3.7/site-packages/airflow/example_dags/tutorial.py
[2023-04-07 04:35:07,805] {logging_mixin.py:115} INFO - [2023-04-07 04:35:07,804] {dag.py:2371} INFO - Sync 1 DAGs
[2023-04-07 04:35:07,818] {logging_mixin.py:115} INFO - [2023-04-07 04:35:07,818] {dag.py:2919} INFO - Setting next_dagrun for tutorial to 2023-04-06T04:35:07.818534+00:00, run_after=2023-04-07T04:35:07.818534+00:00
[2023-04-07 04:35:07,824] {processor.py:161} INFO - Processing /home/airflow/.local/lib/python3.7/site-packages/airflow/example_dags/tutorial.py took 0.060 seconds
[2023-04-07 05:44:22,771] {processor.py:153} INFO - Started process (PID=49523) to work on /home/airflow/.local/lib/python3.7/site-packages/airflow/example_dags/tutorial.py
[2023-04-07 05:44:22,772] {processor.py:641} INFO - Processing file /home/airflow/.local/lib/python3.7/site-packages/airflow/example_dags/tutorial.py for tasks to queue
[2023-04-07 05:44:22,773] {logging_mixin.py:115} INFO - [2023-04-07 05:44:22,773] {dagbag.py:507} INFO - Filling up the DagBag from /home/airflow/.local/lib/python3.7/site-packages/airflow/example_dags/tutorial.py
[2023-04-07 05:44:22,784] {processor.py:651} INFO - DAG(s) dict_keys(['tutorial']) retrieved from /home/airflow/.local/lib/python3.7/site-packages/airflow/example_dags/tutorial.py
[2023-04-07 05:44:22,813] {logging_mixin.py:115} INFO - [2023-04-07 05:44:22,813] {dag.py:2371} INFO - Sync 1 DAGs
[2023-04-07 05:44:22,834] {logging_mixin.py:115} INFO - [2023-04-07 05:44:22,834] {dag.py:2919} INFO - Setting next_dagrun for tutorial to 2023-04-06T05:44:22.833483+00:00, run_after=2023-04-07T05:44:22.833483+00:00
[2023-04-07 05:44:22,842] {processor.py:161} INFO - Processing /home/airflow/.local/lib/python3.7/site-packages/airflow/example_dags/tutorial.py took 0.074 seconds
[2023-04-07 06:47:43,910] {processor.py:153} INFO - Started process (PID=49585) to work on /home/airflow/.local/lib/python3.7/site-packages/airflow/example_dags/tutorial.py
[2023-04-07 06:47:43,911] {processor.py:641} INFO - Processing file /home/airflow/.local/lib/python3.7/site-packages/airflow/example_dags/tutorial.py for tasks to queue
[2023-04-07 06:47:43,911] {logging_mixin.py:115} INFO - [2023-04-07 06:47:43,911] {dagbag.py:507} INFO - Filling up the DagBag from /home/airflow/.local/lib/python3.7/site-packages/airflow/example_dags/tutorial.py
[2023-04-07 06:47:43,918] {processor.py:651} INFO - DAG(s) dict_keys(['tutorial']) retrieved from /home/airflow/.local/lib/python3.7/site-packages/airflow/example_dags/tutorial.py
[2023-04-07 06:47:43,948] {logging_mixin.py:115} INFO - [2023-04-07 06:47:43,948] {dag.py:2371} INFO - Sync 1 DAGs
[2023-04-07 06:47:43,967] {logging_mixin.py:115} INFO - [2023-04-07 06:47:43,967] {dag.py:2919} INFO - Setting next_dagrun for tutorial to 2023-04-06T06:47:43.967547+00:00, run_after=2023-04-07T06:47:43.967547+00:00
[2023-04-07 06:47:43,976] {processor.py:161} INFO - Processing /home/airflow/.local/lib/python3.7/site-packages/airflow/example_dags/tutorial.py took 0.069 seconds
[2023-04-07 08:10:37,871] {processor.py:153} INFO - Started process (PID=49646) to work on /home/airflow/.local/lib/python3.7/site-packages/airflow/example_dags/tutorial.py
[2023-04-07 08:10:37,872] {processor.py:641} INFO - Processing file /home/airflow/.local/lib/python3.7/site-packages/airflow/example_dags/tutorial.py for tasks to queue
[2023-04-07 08:10:37,873] {logging_mixin.py:115} INFO - [2023-04-07 08:10:37,873] {dagbag.py:507} INFO - Filling up the DagBag from /home/airflow/.local/lib/python3.7/site-packages/airflow/example_dags/tutorial.py
[2023-04-07 08:10:37,877] {processor.py:651} INFO - DAG(s) dict_keys(['tutorial']) retrieved from /home/airflow/.local/lib/python3.7/site-packages/airflow/example_dags/tutorial.py
[2023-04-07 08:10:37,894] {logging_mixin.py:115} INFO - [2023-04-07 08:10:37,894] {dag.py:2371} INFO - Sync 1 DAGs
[2023-04-07 08:10:37,906] {logging_mixin.py:115} INFO - [2023-04-07 08:10:37,906] {dag.py:2919} INFO - Setting next_dagrun for tutorial to 2023-04-06T08:10:37.906288+00:00, run_after=2023-04-07T08:10:37.906288+00:00
[2023-04-07 08:10:37,913] {processor.py:161} INFO - Processing /home/airflow/.local/lib/python3.7/site-packages/airflow/example_dags/tutorial.py took 0.044 seconds
[2023-04-07 09:16:47,306] {processor.py:153} INFO - Started process (PID=49699) to work on /home/airflow/.local/lib/python3.7/site-packages/airflow/example_dags/tutorial.py
[2023-04-07 09:16:47,308] {processor.py:641} INFO - Processing file /home/airflow/.local/lib/python3.7/site-packages/airflow/example_dags/tutorial.py for tasks to queue
[2023-04-07 09:16:47,309] {logging_mixin.py:115} INFO - [2023-04-07 09:16:47,309] {dagbag.py:507} INFO - Filling up the DagBag from /home/airflow/.local/lib/python3.7/site-packages/airflow/example_dags/tutorial.py
[2023-04-07 09:16:47,317] {processor.py:651} INFO - DAG(s) dict_keys(['tutorial']) retrieved from /home/airflow/.local/lib/python3.7/site-packages/airflow/example_dags/tutorial.py
[2023-04-07 09:16:47,361] {logging_mixin.py:115} INFO - [2023-04-07 09:16:47,360] {dag.py:2371} INFO - Sync 1 DAGs
[2023-04-07 09:16:47,378] {logging_mixin.py:115} INFO - [2023-04-07 09:16:47,378] {dag.py:2919} INFO - Setting next_dagrun for tutorial to 2023-04-06T09:16:47.378281+00:00, run_after=2023-04-07T09:16:47.378281+00:00
[2023-04-07 09:16:47,385] {processor.py:161} INFO - Processing /home/airflow/.local/lib/python3.7/site-packages/airflow/example_dags/tutorial.py took 0.093 seconds
[2023-04-07 10:24:58,154] {processor.py:153} INFO - Started process (PID=49761) to work on /home/airflow/.local/lib/python3.7/site-packages/airflow/example_dags/tutorial.py
[2023-04-07 10:24:58,155] {processor.py:641} INFO - Processing file /home/airflow/.local/lib/python3.7/site-packages/airflow/example_dags/tutorial.py for tasks to queue
[2023-04-07 10:24:58,155] {logging_mixin.py:115} INFO - [2023-04-07 10:24:58,155] {dagbag.py:507} INFO - Filling up the DagBag from /home/airflow/.local/lib/python3.7/site-packages/airflow/example_dags/tutorial.py
[2023-04-07 10:24:58,159] {processor.py:651} INFO - DAG(s) dict_keys(['tutorial']) retrieved from /home/airflow/.local/lib/python3.7/site-packages/airflow/example_dags/tutorial.py
[2023-04-07 10:24:58,176] {logging_mixin.py:115} INFO - [2023-04-07 10:24:58,176] {dag.py:2371} INFO - Sync 1 DAGs
[2023-04-07 10:24:58,187] {logging_mixin.py:115} INFO - [2023-04-07 10:24:58,187] {dag.py:2919} INFO - Setting next_dagrun for tutorial to 2023-04-06T10:24:58.187708+00:00, run_after=2023-04-07T10:24:58.187708+00:00
[2023-04-07 10:24:58,194] {processor.py:161} INFO - Processing /home/airflow/.local/lib/python3.7/site-packages/airflow/example_dags/tutorial.py took 0.042 seconds
[2023-04-07 11:08:33,065] {processor.py:153} INFO - Started process (PID=49823) to work on /home/airflow/.local/lib/python3.7/site-packages/airflow/example_dags/tutorial.py
[2023-04-07 11:08:33,067] {processor.py:641} INFO - Processing file /home/airflow/.local/lib/python3.7/site-packages/airflow/example_dags/tutorial.py for tasks to queue
[2023-04-07 11:08:33,068] {logging_mixin.py:115} INFO - [2023-04-07 11:08:33,067] {dagbag.py:507} INFO - Filling up the DagBag from /home/airflow/.local/lib/python3.7/site-packages/airflow/example_dags/tutorial.py
[2023-04-07 11:08:33,080] {processor.py:651} INFO - DAG(s) dict_keys(['tutorial']) retrieved from /home/airflow/.local/lib/python3.7/site-packages/airflow/example_dags/tutorial.py
[2023-04-07 11:08:33,113] {logging_mixin.py:115} INFO - [2023-04-07 11:08:33,113] {dag.py:2371} INFO - Sync 1 DAGs
[2023-04-07 11:08:33,127] {logging_mixin.py:115} INFO - [2023-04-07 11:08:33,127] {dag.py:2919} INFO - Setting next_dagrun for tutorial to 2023-04-06T11:08:33.127062+00:00, run_after=2023-04-07T11:08:33.127062+00:00
[2023-04-07 11:08:33,139] {processor.py:161} INFO - Processing /home/airflow/.local/lib/python3.7/site-packages/airflow/example_dags/tutorial.py took 0.079 seconds
[2023-04-07 11:09:03,962] {processor.py:153} INFO - Started process (PID=49885) to work on /home/airflow/.local/lib/python3.7/site-packages/airflow/example_dags/tutorial.py
[2023-04-07 11:09:03,963] {processor.py:641} INFO - Processing file /home/airflow/.local/lib/python3.7/site-packages/airflow/example_dags/tutorial.py for tasks to queue
[2023-04-07 11:09:03,963] {logging_mixin.py:115} INFO - [2023-04-07 11:09:03,963] {dagbag.py:507} INFO - Filling up the DagBag from /home/airflow/.local/lib/python3.7/site-packages/airflow/example_dags/tutorial.py
[2023-04-07 11:09:03,967] {processor.py:651} INFO - DAG(s) dict_keys(['tutorial']) retrieved from /home/airflow/.local/lib/python3.7/site-packages/airflow/example_dags/tutorial.py
[2023-04-07 11:09:03,985] {logging_mixin.py:115} INFO - [2023-04-07 11:09:03,984] {dag.py:2371} INFO - Sync 1 DAGs
[2023-04-07 11:09:03,996] {logging_mixin.py:115} INFO - [2023-04-07 11:09:03,996] {dag.py:2919} INFO - Setting next_dagrun for tutorial to 2023-04-06T11:09:03.996053+00:00, run_after=2023-04-07T11:09:03.996053+00:00
[2023-04-07 11:09:04,003] {processor.py:161} INFO - Processing /home/airflow/.local/lib/python3.7/site-packages/airflow/example_dags/tutorial.py took 0.044 seconds
[2023-04-07 12:29:46,229] {processor.py:153} INFO - Started process (PID=49945) to work on /home/airflow/.local/lib/python3.7/site-packages/airflow/example_dags/tutorial.py
[2023-04-07 12:29:46,233] {processor.py:641} INFO - Processing file /home/airflow/.local/lib/python3.7/site-packages/airflow/example_dags/tutorial.py for tasks to queue
[2023-04-07 12:29:46,234] {logging_mixin.py:115} INFO - [2023-04-07 12:29:46,234] {dagbag.py:507} INFO - Filling up the DagBag from /home/airflow/.local/lib/python3.7/site-packages/airflow/example_dags/tutorial.py
[2023-04-07 12:29:46,250] {processor.py:651} INFO - DAG(s) dict_keys(['tutorial']) retrieved from /home/airflow/.local/lib/python3.7/site-packages/airflow/example_dags/tutorial.py
[2023-04-07 12:29:46,301] {logging_mixin.py:115} INFO - [2023-04-07 12:29:46,301] {dag.py:2371} INFO - Sync 1 DAGs
[2023-04-07 12:29:46,323] {logging_mixin.py:115} INFO - [2023-04-07 12:29:46,323] {dag.py:2919} INFO - Setting next_dagrun for tutorial to 2023-04-06T12:29:46.322902+00:00, run_after=2023-04-07T12:29:46.322902+00:00
[2023-04-07 12:29:46,332] {processor.py:161} INFO - Processing /home/airflow/.local/lib/python3.7/site-packages/airflow/example_dags/tutorial.py took 0.106 seconds
[2023-04-07 13:38:13,628] {processor.py:153} INFO - Started process (PID=50000) to work on /home/airflow/.local/lib/python3.7/site-packages/airflow/example_dags/tutorial.py
[2023-04-07 13:38:13,632] {processor.py:641} INFO - Processing file /home/airflow/.local/lib/python3.7/site-packages/airflow/example_dags/tutorial.py for tasks to queue
[2023-04-07 13:38:13,633] {logging_mixin.py:115} INFO - [2023-04-07 13:38:13,633] {dagbag.py:507} INFO - Filling up the DagBag from /home/airflow/.local/lib/python3.7/site-packages/airflow/example_dags/tutorial.py
[2023-04-07 13:38:13,645] {processor.py:651} INFO - DAG(s) dict_keys(['tutorial']) retrieved from /home/airflow/.local/lib/python3.7/site-packages/airflow/example_dags/tutorial.py
[2023-04-07 13:38:13,685] {logging_mixin.py:115} INFO - [2023-04-07 13:38:13,685] {dag.py:2371} INFO - Sync 1 DAGs
[2023-04-07 13:38:13,706] {logging_mixin.py:115} INFO - [2023-04-07 13:38:13,706] {dag.py:2919} INFO - Setting next_dagrun for tutorial to 2023-04-06T13:38:13.705941+00:00, run_after=2023-04-07T13:38:13.705941+00:00
[2023-04-07 13:38:13,719] {processor.py:161} INFO - Processing /home/airflow/.local/lib/python3.7/site-packages/airflow/example_dags/tutorial.py took 0.097 seconds
[2023-04-07 14:43:43,817] {processor.py:153} INFO - Started process (PID=50063) to work on /home/airflow/.local/lib/python3.7/site-packages/airflow/example_dags/tutorial.py
[2023-04-07 14:43:43,818] {processor.py:641} INFO - Processing file /home/airflow/.local/lib/python3.7/site-packages/airflow/example_dags/tutorial.py for tasks to queue
[2023-04-07 14:43:43,818] {logging_mixin.py:115} INFO - [2023-04-07 14:43:43,818] {dagbag.py:507} INFO - Filling up the DagBag from /home/airflow/.local/lib/python3.7/site-packages/airflow/example_dags/tutorial.py
[2023-04-07 14:43:43,822] {processor.py:651} INFO - DAG(s) dict_keys(['tutorial']) retrieved from /home/airflow/.local/lib/python3.7/site-packages/airflow/example_dags/tutorial.py
[2023-04-07 14:43:43,850] {logging_mixin.py:115} INFO - [2023-04-07 14:43:43,850] {dag.py:2371} INFO - Sync 1 DAGs
[2023-04-07 14:43:43,861] {logging_mixin.py:115} INFO - [2023-04-07 14:43:43,861] {dag.py:2919} INFO - Setting next_dagrun for tutorial to 2023-04-06T14:43:43.861071+00:00, run_after=2023-04-07T14:43:43.861071+00:00
[2023-04-07 14:43:43,867] {processor.py:161} INFO - Processing /home/airflow/.local/lib/python3.7/site-packages/airflow/example_dags/tutorial.py took 0.052 seconds
[2023-04-07 16:07:13,290] {processor.py:153} INFO - Started process (PID=50124) to work on /home/airflow/.local/lib/python3.7/site-packages/airflow/example_dags/tutorial.py
[2023-04-07 16:07:13,293] {processor.py:641} INFO - Processing file /home/airflow/.local/lib/python3.7/site-packages/airflow/example_dags/tutorial.py for tasks to queue
[2023-04-07 16:07:13,297] {logging_mixin.py:115} INFO - [2023-04-07 16:07:13,297] {dagbag.py:507} INFO - Filling up the DagBag from /home/airflow/.local/lib/python3.7/site-packages/airflow/example_dags/tutorial.py
[2023-04-07 16:07:13,307] {processor.py:651} INFO - DAG(s) dict_keys(['tutorial']) retrieved from /home/airflow/.local/lib/python3.7/site-packages/airflow/example_dags/tutorial.py
[2023-04-07 16:07:13,339] {logging_mixin.py:115} INFO - [2023-04-07 16:07:13,339] {dag.py:2371} INFO - Sync 1 DAGs
[2023-04-07 16:07:13,377] {logging_mixin.py:115} INFO - [2023-04-07 16:07:13,377] {dag.py:2919} INFO - Setting next_dagrun for tutorial to 2023-04-06T16:07:13.377384+00:00, run_after=2023-04-07T16:07:13.377384+00:00
[2023-04-07 16:07:13,395] {processor.py:161} INFO - Processing /home/airflow/.local/lib/python3.7/site-packages/airflow/example_dags/tutorial.py took 0.111 seconds
[2023-04-07 17:10:58,468] {processor.py:153} INFO - Started process (PID=50186) to work on /home/airflow/.local/lib/python3.7/site-packages/airflow/example_dags/tutorial.py
[2023-04-07 17:10:58,475] {processor.py:641} INFO - Processing file /home/airflow/.local/lib/python3.7/site-packages/airflow/example_dags/tutorial.py for tasks to queue
[2023-04-07 17:10:58,476] {logging_mixin.py:115} INFO - [2023-04-07 17:10:58,476] {dagbag.py:507} INFO - Filling up the DagBag from /home/airflow/.local/lib/python3.7/site-packages/airflow/example_dags/tutorial.py
[2023-04-07 17:10:58,490] {processor.py:651} INFO - DAG(s) dict_keys(['tutorial']) retrieved from /home/airflow/.local/lib/python3.7/site-packages/airflow/example_dags/tutorial.py
[2023-04-07 17:10:58,526] {logging_mixin.py:115} INFO - [2023-04-07 17:10:58,526] {dag.py:2371} INFO - Sync 1 DAGs
[2023-04-07 17:10:58,541] {logging_mixin.py:115} INFO - [2023-04-07 17:10:58,541] {dag.py:2919} INFO - Setting next_dagrun for tutorial to 2023-04-06T17:10:58.541476+00:00, run_after=2023-04-07T17:10:58.541476+00:00
[2023-04-07 17:10:58,554] {processor.py:161} INFO - Processing /home/airflow/.local/lib/python3.7/site-packages/airflow/example_dags/tutorial.py took 0.092 seconds
[2023-04-07 18:18:11,798] {processor.py:153} INFO - Started process (PID=50239) to work on /home/airflow/.local/lib/python3.7/site-packages/airflow/example_dags/tutorial.py
[2023-04-07 18:18:11,804] {processor.py:641} INFO - Processing file /home/airflow/.local/lib/python3.7/site-packages/airflow/example_dags/tutorial.py for tasks to queue
[2023-04-07 18:18:11,805] {logging_mixin.py:115} INFO - [2023-04-07 18:18:11,805] {dagbag.py:507} INFO - Filling up the DagBag from /home/airflow/.local/lib/python3.7/site-packages/airflow/example_dags/tutorial.py
[2023-04-07 18:18:11,826] {processor.py:651} INFO - DAG(s) dict_keys(['tutorial']) retrieved from /home/airflow/.local/lib/python3.7/site-packages/airflow/example_dags/tutorial.py
[2023-04-07 18:18:11,880] {logging_mixin.py:115} INFO - [2023-04-07 18:18:11,880] {dag.py:2371} INFO - Sync 1 DAGs
[2023-04-07 18:18:11,930] {logging_mixin.py:115} INFO - [2023-04-07 18:18:11,930] {dag.py:2919} INFO - Setting next_dagrun for tutorial to 2023-04-06T18:18:11.930329+00:00, run_after=2023-04-07T18:18:11.930329+00:00
[2023-04-07 18:18:11,944] {processor.py:161} INFO - Processing /home/airflow/.local/lib/python3.7/site-packages/airflow/example_dags/tutorial.py took 0.155 seconds
[2023-04-07 19:21:17,755] {processor.py:153} INFO - Started process (PID=50300) to work on /home/airflow/.local/lib/python3.7/site-packages/airflow/example_dags/tutorial.py
[2023-04-07 19:21:17,757] {processor.py:641} INFO - Processing file /home/airflow/.local/lib/python3.7/site-packages/airflow/example_dags/tutorial.py for tasks to queue
[2023-04-07 19:21:17,757] {logging_mixin.py:115} INFO - [2023-04-07 19:21:17,757] {dagbag.py:507} INFO - Filling up the DagBag from /home/airflow/.local/lib/python3.7/site-packages/airflow/example_dags/tutorial.py
[2023-04-07 19:21:17,762] {processor.py:651} INFO - DAG(s) dict_keys(['tutorial']) retrieved from /home/airflow/.local/lib/python3.7/site-packages/airflow/example_dags/tutorial.py
[2023-04-07 19:21:17,785] {logging_mixin.py:115} INFO - [2023-04-07 19:21:17,785] {dag.py:2371} INFO - Sync 1 DAGs
[2023-04-07 19:21:17,799] {logging_mixin.py:115} INFO - [2023-04-07 19:21:17,799] {dag.py:2919} INFO - Setting next_dagrun for tutorial to 2023-04-06T19:21:17.798853+00:00, run_after=2023-04-07T19:21:17.798853+00:00
[2023-04-07 19:21:17,805] {processor.py:161} INFO - Processing /home/airflow/.local/lib/python3.7/site-packages/airflow/example_dags/tutorial.py took 0.052 seconds
[2023-04-07 19:21:48,109] {processor.py:153} INFO - Started process (PID=50362) to work on /home/airflow/.local/lib/python3.7/site-packages/airflow/example_dags/tutorial.py
[2023-04-07 19:21:48,110] {processor.py:641} INFO - Processing file /home/airflow/.local/lib/python3.7/site-packages/airflow/example_dags/tutorial.py for tasks to queue
[2023-04-07 19:21:48,110] {logging_mixin.py:115} INFO - [2023-04-07 19:21:48,110] {dagbag.py:507} INFO - Filling up the DagBag from /home/airflow/.local/lib/python3.7/site-packages/airflow/example_dags/tutorial.py
[2023-04-07 19:21:48,114] {processor.py:651} INFO - DAG(s) dict_keys(['tutorial']) retrieved from /home/airflow/.local/lib/python3.7/site-packages/airflow/example_dags/tutorial.py
[2023-04-07 19:21:48,134] {logging_mixin.py:115} INFO - [2023-04-07 19:21:48,134] {dag.py:2371} INFO - Sync 1 DAGs
[2023-04-07 19:21:48,145] {logging_mixin.py:115} INFO - [2023-04-07 19:21:48,145] {dag.py:2919} INFO - Setting next_dagrun for tutorial to 2023-04-06T19:21:48.145480+00:00, run_after=2023-04-07T19:21:48.145480+00:00
[2023-04-07 19:21:48,151] {processor.py:161} INFO - Processing /home/airflow/.local/lib/python3.7/site-packages/airflow/example_dags/tutorial.py took 0.044 seconds
[2023-04-07 19:35:25,927] {processor.py:153} INFO - Started process (PID=50421) to work on /home/airflow/.local/lib/python3.7/site-packages/airflow/example_dags/tutorial.py
[2023-04-07 19:35:25,930] {processor.py:641} INFO - Processing file /home/airflow/.local/lib/python3.7/site-packages/airflow/example_dags/tutorial.py for tasks to queue
[2023-04-07 19:35:25,930] {logging_mixin.py:115} INFO - [2023-04-07 19:35:25,930] {dagbag.py:507} INFO - Filling up the DagBag from /home/airflow/.local/lib/python3.7/site-packages/airflow/example_dags/tutorial.py
[2023-04-07 19:35:25,935] {processor.py:651} INFO - DAG(s) dict_keys(['tutorial']) retrieved from /home/airflow/.local/lib/python3.7/site-packages/airflow/example_dags/tutorial.py
[2023-04-07 19:35:25,983] {logging_mixin.py:115} INFO - [2023-04-07 19:35:25,983] {dag.py:2371} INFO - Sync 1 DAGs
[2023-04-07 19:35:26,004] {logging_mixin.py:115} INFO - [2023-04-07 19:35:26,003] {dag.py:2919} INFO - Setting next_dagrun for tutorial to 2023-04-06T19:35:26.003701+00:00, run_after=2023-04-07T19:35:26.003701+00:00
[2023-04-07 19:35:26,014] {processor.py:161} INFO - Processing /home/airflow/.local/lib/python3.7/site-packages/airflow/example_dags/tutorial.py took 0.090 seconds
[2023-04-07 19:35:56,517] {processor.py:153} INFO - Started process (PID=50484) to work on /home/airflow/.local/lib/python3.7/site-packages/airflow/example_dags/tutorial.py
[2023-04-07 19:35:56,518] {processor.py:641} INFO - Processing file /home/airflow/.local/lib/python3.7/site-packages/airflow/example_dags/tutorial.py for tasks to queue
[2023-04-07 19:35:56,518] {logging_mixin.py:115} INFO - [2023-04-07 19:35:56,518] {dagbag.py:507} INFO - Filling up the DagBag from /home/airflow/.local/lib/python3.7/site-packages/airflow/example_dags/tutorial.py
[2023-04-07 19:35:56,522] {processor.py:651} INFO - DAG(s) dict_keys(['tutorial']) retrieved from /home/airflow/.local/lib/python3.7/site-packages/airflow/example_dags/tutorial.py
[2023-04-07 19:35:56,539] {logging_mixin.py:115} INFO - [2023-04-07 19:35:56,539] {dag.py:2371} INFO - Sync 1 DAGs
[2023-04-07 19:35:56,550] {logging_mixin.py:115} INFO - [2023-04-07 19:35:56,550] {dag.py:2919} INFO - Setting next_dagrun for tutorial to 2023-04-06T19:35:56.550411+00:00, run_after=2023-04-07T19:35:56.550411+00:00
[2023-04-07 19:35:56,556] {processor.py:161} INFO - Processing /home/airflow/.local/lib/python3.7/site-packages/airflow/example_dags/tutorial.py took 0.041 seconds
[2023-04-07 20:42:20,061] {processor.py:153} INFO - Started process (PID=50537) to work on /home/airflow/.local/lib/python3.7/site-packages/airflow/example_dags/tutorial.py
[2023-04-07 20:42:20,061] {processor.py:641} INFO - Processing file /home/airflow/.local/lib/python3.7/site-packages/airflow/example_dags/tutorial.py for tasks to queue
[2023-04-07 20:42:20,062] {logging_mixin.py:115} INFO - [2023-04-07 20:42:20,062] {dagbag.py:507} INFO - Filling up the DagBag from /home/airflow/.local/lib/python3.7/site-packages/airflow/example_dags/tutorial.py
[2023-04-07 20:42:20,066] {processor.py:651} INFO - DAG(s) dict_keys(['tutorial']) retrieved from /home/airflow/.local/lib/python3.7/site-packages/airflow/example_dags/tutorial.py
[2023-04-07 20:42:20,087] {logging_mixin.py:115} INFO - [2023-04-07 20:42:20,087] {dag.py:2371} INFO - Sync 1 DAGs
[2023-04-07 20:42:20,098] {logging_mixin.py:115} INFO - [2023-04-07 20:42:20,098] {dag.py:2919} INFO - Setting next_dagrun for tutorial to 2023-04-06T20:42:20.098599+00:00, run_after=2023-04-07T20:42:20.098599+00:00
[2023-04-07 20:42:20,104] {processor.py:161} INFO - Processing /home/airflow/.local/lib/python3.7/site-packages/airflow/example_dags/tutorial.py took 0.045 seconds
[2023-04-07 21:32:24,366] {processor.py:153} INFO - Started process (PID=50599) to work on /home/airflow/.local/lib/python3.7/site-packages/airflow/example_dags/tutorial.py
[2023-04-07 21:32:24,370] {processor.py:641} INFO - Processing file /home/airflow/.local/lib/python3.7/site-packages/airflow/example_dags/tutorial.py for tasks to queue
[2023-04-07 21:32:24,371] {logging_mixin.py:115} INFO - [2023-04-07 21:32:24,371] {dagbag.py:507} INFO - Filling up the DagBag from /home/airflow/.local/lib/python3.7/site-packages/airflow/example_dags/tutorial.py
[2023-04-07 21:32:24,379] {processor.py:651} INFO - DAG(s) dict_keys(['tutorial']) retrieved from /home/airflow/.local/lib/python3.7/site-packages/airflow/example_dags/tutorial.py
[2023-04-07 21:32:24,424] {logging_mixin.py:115} INFO - [2023-04-07 21:32:24,424] {dag.py:2371} INFO - Sync 1 DAGs
[2023-04-07 21:32:24,452] {logging_mixin.py:115} INFO - [2023-04-07 21:32:24,452] {dag.py:2919} INFO - Setting next_dagrun for tutorial to 2023-04-06T21:32:24.452449+00:00, run_after=2023-04-07T21:32:24.452449+00:00
[2023-04-07 21:32:24,467] {processor.py:161} INFO - Processing /home/airflow/.local/lib/python3.7/site-packages/airflow/example_dags/tutorial.py took 0.110 seconds
[2023-04-07 22:38:22,686] {processor.py:153} INFO - Started process (PID=50661) to work on /home/airflow/.local/lib/python3.7/site-packages/airflow/example_dags/tutorial.py
[2023-04-07 22:38:22,689] {processor.py:641} INFO - Processing file /home/airflow/.local/lib/python3.7/site-packages/airflow/example_dags/tutorial.py for tasks to queue
[2023-04-07 22:38:22,690] {logging_mixin.py:115} INFO - [2023-04-07 22:38:22,690] {dagbag.py:507} INFO - Filling up the DagBag from /home/airflow/.local/lib/python3.7/site-packages/airflow/example_dags/tutorial.py
[2023-04-07 22:38:22,695] {processor.py:651} INFO - DAG(s) dict_keys(['tutorial']) retrieved from /home/airflow/.local/lib/python3.7/site-packages/airflow/example_dags/tutorial.py
[2023-04-07 22:38:22,733] {logging_mixin.py:115} INFO - [2023-04-07 22:38:22,733] {dag.py:2371} INFO - Sync 1 DAGs
[2023-04-07 22:38:22,759] {logging_mixin.py:115} INFO - [2023-04-07 22:38:22,759] {dag.py:2919} INFO - Setting next_dagrun for tutorial to 2023-04-06T22:38:22.759076+00:00, run_after=2023-04-07T22:38:22.759076+00:00
[2023-04-07 22:38:22,785] {processor.py:161} INFO - Processing /home/airflow/.local/lib/python3.7/site-packages/airflow/example_dags/tutorial.py took 0.102 seconds
