[2023-04-16T00:33:35.879+0000] {processor.py:153} INFO - Started process (PID=34871) to work on /home/airflow/.local/lib/python3.7/site-packages/airflow/example_dags/example_nested_branch_dag.py
[2023-04-16T00:33:35.880+0000] {processor.py:743} INFO - Processing file /home/airflow/.local/lib/python3.7/site-packages/airflow/example_dags/example_nested_branch_dag.py for tasks to queue
[2023-04-16T00:33:35.881+0000] {logging_mixin.py:137} INFO - [2023-04-16T00:33:35.881+0000] {dagbag.py:532} INFO - Filling up the DagBag from /home/airflow/.local/lib/python3.7/site-packages/airflow/example_dags/example_nested_branch_dag.py
[2023-04-16T00:33:35.907+0000] {processor.py:753} INFO - DAG(s) dict_keys(['example_nested_branch_dag']) retrieved from /home/airflow/.local/lib/python3.7/site-packages/airflow/example_dags/example_nested_branch_dag.py
[2023-04-16T00:33:35.927+0000] {logging_mixin.py:137} INFO - [2023-04-16T00:33:35.926+0000] {dag.py:2705} INFO - Sync 1 DAGs
[2023-04-16T00:33:35.943+0000] {logging_mixin.py:137} INFO - [2023-04-16T00:33:35.943+0000] {dag.py:3456} INFO - Setting next_dagrun for example_nested_branch_dag to 2023-04-15T00:00:00+00:00, run_after=2023-04-16T00:00:00+00:00
[2023-04-16T00:33:35.953+0000] {processor.py:175} INFO - Processing /home/airflow/.local/lib/python3.7/site-packages/airflow/example_dags/example_nested_branch_dag.py took 0.076 seconds
[2023-04-16T01:42:55.671+0000] {processor.py:153} INFO - Started process (PID=34924) to work on /home/airflow/.local/lib/python3.7/site-packages/airflow/example_dags/example_nested_branch_dag.py
[2023-04-16T01:42:55.673+0000] {processor.py:743} INFO - Processing file /home/airflow/.local/lib/python3.7/site-packages/airflow/example_dags/example_nested_branch_dag.py for tasks to queue
[2023-04-16T01:42:55.673+0000] {logging_mixin.py:137} INFO - [2023-04-16T01:42:55.673+0000] {dagbag.py:532} INFO - Filling up the DagBag from /home/airflow/.local/lib/python3.7/site-packages/airflow/example_dags/example_nested_branch_dag.py
[2023-04-16T01:42:55.708+0000] {processor.py:753} INFO - DAG(s) dict_keys(['example_nested_branch_dag']) retrieved from /home/airflow/.local/lib/python3.7/site-packages/airflow/example_dags/example_nested_branch_dag.py
[2023-04-16T01:42:55.795+0000] {logging_mixin.py:137} INFO - [2023-04-16T01:42:55.795+0000] {dag.py:2705} INFO - Sync 1 DAGs
[2023-04-16T01:42:55.818+0000] {logging_mixin.py:137} INFO - [2023-04-16T01:42:55.818+0000] {dag.py:3456} INFO - Setting next_dagrun for example_nested_branch_dag to 2023-04-15T00:00:00+00:00, run_after=2023-04-16T00:00:00+00:00
[2023-04-16T01:42:55.830+0000] {processor.py:175} INFO - Processing /home/airflow/.local/lib/python3.7/site-packages/airflow/example_dags/example_nested_branch_dag.py took 0.163 seconds
[2023-04-16T02:49:24.283+0000] {processor.py:153} INFO - Started process (PID=34977) to work on /home/airflow/.local/lib/python3.7/site-packages/airflow/example_dags/example_nested_branch_dag.py
[2023-04-16T02:49:24.287+0000] {processor.py:743} INFO - Processing file /home/airflow/.local/lib/python3.7/site-packages/airflow/example_dags/example_nested_branch_dag.py for tasks to queue
[2023-04-16T02:49:24.289+0000] {logging_mixin.py:137} INFO - [2023-04-16T02:49:24.289+0000] {dagbag.py:532} INFO - Filling up the DagBag from /home/airflow/.local/lib/python3.7/site-packages/airflow/example_dags/example_nested_branch_dag.py
[2023-04-16T02:49:24.321+0000] {processor.py:753} INFO - DAG(s) dict_keys(['example_nested_branch_dag']) retrieved from /home/airflow/.local/lib/python3.7/site-packages/airflow/example_dags/example_nested_branch_dag.py
[2023-04-16T02:49:24.350+0000] {logging_mixin.py:137} INFO - [2023-04-16T02:49:24.350+0000] {dag.py:2705} INFO - Sync 1 DAGs
[2023-04-16T02:49:24.374+0000] {logging_mixin.py:137} INFO - [2023-04-16T02:49:24.374+0000] {dag.py:3456} INFO - Setting next_dagrun for example_nested_branch_dag to 2023-04-15T00:00:00+00:00, run_after=2023-04-16T00:00:00+00:00
[2023-04-16T02:49:24.387+0000] {processor.py:175} INFO - Processing /home/airflow/.local/lib/python3.7/site-packages/airflow/example_dags/example_nested_branch_dag.py took 0.117 seconds
[2023-04-16T03:56:29.653+0000] {processor.py:153} INFO - Started process (PID=35031) to work on /home/airflow/.local/lib/python3.7/site-packages/airflow/example_dags/example_nested_branch_dag.py
[2023-04-16T03:56:29.654+0000] {processor.py:743} INFO - Processing file /home/airflow/.local/lib/python3.7/site-packages/airflow/example_dags/example_nested_branch_dag.py for tasks to queue
[2023-04-16T03:56:29.655+0000] {logging_mixin.py:137} INFO - [2023-04-16T03:56:29.655+0000] {dagbag.py:532} INFO - Filling up the DagBag from /home/airflow/.local/lib/python3.7/site-packages/airflow/example_dags/example_nested_branch_dag.py
[2023-04-16T03:56:29.673+0000] {processor.py:753} INFO - DAG(s) dict_keys(['example_nested_branch_dag']) retrieved from /home/airflow/.local/lib/python3.7/site-packages/airflow/example_dags/example_nested_branch_dag.py
[2023-04-16T03:56:29.696+0000] {logging_mixin.py:137} INFO - [2023-04-16T03:56:29.696+0000] {dag.py:2705} INFO - Sync 1 DAGs
[2023-04-16T03:56:29.723+0000] {logging_mixin.py:137} INFO - [2023-04-16T03:56:29.722+0000] {dag.py:3456} INFO - Setting next_dagrun for example_nested_branch_dag to 2023-04-15T00:00:00+00:00, run_after=2023-04-16T00:00:00+00:00
[2023-04-16T03:56:29.750+0000] {processor.py:175} INFO - Processing /home/airflow/.local/lib/python3.7/site-packages/airflow/example_dags/example_nested_branch_dag.py took 0.099 seconds
[2023-04-16T04:57:13.794+0000] {processor.py:153} INFO - Started process (PID=35084) to work on /home/airflow/.local/lib/python3.7/site-packages/airflow/example_dags/example_nested_branch_dag.py
[2023-04-16T04:57:13.796+0000] {processor.py:743} INFO - Processing file /home/airflow/.local/lib/python3.7/site-packages/airflow/example_dags/example_nested_branch_dag.py for tasks to queue
[2023-04-16T04:57:13.796+0000] {logging_mixin.py:137} INFO - [2023-04-16T04:57:13.796+0000] {dagbag.py:532} INFO - Filling up the DagBag from /home/airflow/.local/lib/python3.7/site-packages/airflow/example_dags/example_nested_branch_dag.py
[2023-04-16T04:57:13.821+0000] {processor.py:753} INFO - DAG(s) dict_keys(['example_nested_branch_dag']) retrieved from /home/airflow/.local/lib/python3.7/site-packages/airflow/example_dags/example_nested_branch_dag.py
[2023-04-16T04:57:13.844+0000] {logging_mixin.py:137} INFO - [2023-04-16T04:57:13.844+0000] {dag.py:2705} INFO - Sync 1 DAGs
[2023-04-16T04:57:13.863+0000] {logging_mixin.py:137} INFO - [2023-04-16T04:57:13.863+0000] {dag.py:3456} INFO - Setting next_dagrun for example_nested_branch_dag to 2023-04-15T00:00:00+00:00, run_after=2023-04-16T00:00:00+00:00
[2023-04-16T04:57:13.878+0000] {processor.py:175} INFO - Processing /home/airflow/.local/lib/python3.7/site-packages/airflow/example_dags/example_nested_branch_dag.py took 0.087 seconds
[2023-04-16T04:57:44.453+0000] {processor.py:153} INFO - Started process (PID=35136) to work on /home/airflow/.local/lib/python3.7/site-packages/airflow/example_dags/example_nested_branch_dag.py
[2023-04-16T04:57:44.454+0000] {processor.py:743} INFO - Processing file /home/airflow/.local/lib/python3.7/site-packages/airflow/example_dags/example_nested_branch_dag.py for tasks to queue
[2023-04-16T04:57:44.454+0000] {logging_mixin.py:137} INFO - [2023-04-16T04:57:44.454+0000] {dagbag.py:532} INFO - Filling up the DagBag from /home/airflow/.local/lib/python3.7/site-packages/airflow/example_dags/example_nested_branch_dag.py
[2023-04-16T04:57:44.471+0000] {processor.py:753} INFO - DAG(s) dict_keys(['example_nested_branch_dag']) retrieved from /home/airflow/.local/lib/python3.7/site-packages/airflow/example_dags/example_nested_branch_dag.py
[2023-04-16T04:57:44.490+0000] {logging_mixin.py:137} INFO - [2023-04-16T04:57:44.490+0000] {dag.py:2705} INFO - Sync 1 DAGs
[2023-04-16T04:57:44.505+0000] {logging_mixin.py:137} INFO - [2023-04-16T04:57:44.505+0000] {dag.py:3456} INFO - Setting next_dagrun for example_nested_branch_dag to 2023-04-15T00:00:00+00:00, run_after=2023-04-16T00:00:00+00:00
[2023-04-16T04:57:44.514+0000] {processor.py:175} INFO - Processing /home/airflow/.local/lib/python3.7/site-packages/airflow/example_dags/example_nested_branch_dag.py took 0.064 seconds
[2023-04-16T06:01:52.022+0000] {processor.py:153} INFO - Started process (PID=35189) to work on /home/airflow/.local/lib/python3.7/site-packages/airflow/example_dags/example_nested_branch_dag.py
[2023-04-16T06:01:52.023+0000] {processor.py:743} INFO - Processing file /home/airflow/.local/lib/python3.7/site-packages/airflow/example_dags/example_nested_branch_dag.py for tasks to queue
[2023-04-16T06:01:52.024+0000] {logging_mixin.py:137} INFO - [2023-04-16T06:01:52.024+0000] {dagbag.py:532} INFO - Filling up the DagBag from /home/airflow/.local/lib/python3.7/site-packages/airflow/example_dags/example_nested_branch_dag.py
[2023-04-16T06:01:52.040+0000] {processor.py:753} INFO - DAG(s) dict_keys(['example_nested_branch_dag']) retrieved from /home/airflow/.local/lib/python3.7/site-packages/airflow/example_dags/example_nested_branch_dag.py
[2023-04-16T06:01:52.059+0000] {logging_mixin.py:137} INFO - [2023-04-16T06:01:52.059+0000] {dag.py:2705} INFO - Sync 1 DAGs
[2023-04-16T06:01:52.075+0000] {logging_mixin.py:137} INFO - [2023-04-16T06:01:52.075+0000] {dag.py:3456} INFO - Setting next_dagrun for example_nested_branch_dag to 2023-04-15T00:00:00+00:00, run_after=2023-04-16T00:00:00+00:00
[2023-04-16T06:01:52.085+0000] {processor.py:175} INFO - Processing /home/airflow/.local/lib/python3.7/site-packages/airflow/example_dags/example_nested_branch_dag.py took 0.066 seconds
[2023-04-16T06:13:24.716+0000] {processor.py:153} INFO - Started process (PID=35242) to work on /home/airflow/.local/lib/python3.7/site-packages/airflow/example_dags/example_nested_branch_dag.py
[2023-04-16T06:13:24.717+0000] {processor.py:743} INFO - Processing file /home/airflow/.local/lib/python3.7/site-packages/airflow/example_dags/example_nested_branch_dag.py for tasks to queue
[2023-04-16T06:13:24.718+0000] {logging_mixin.py:137} INFO - [2023-04-16T06:13:24.718+0000] {dagbag.py:532} INFO - Filling up the DagBag from /home/airflow/.local/lib/python3.7/site-packages/airflow/example_dags/example_nested_branch_dag.py
[2023-04-16T06:13:24.738+0000] {processor.py:753} INFO - DAG(s) dict_keys(['example_nested_branch_dag']) retrieved from /home/airflow/.local/lib/python3.7/site-packages/airflow/example_dags/example_nested_branch_dag.py
[2023-04-16T06:13:24.759+0000] {logging_mixin.py:137} INFO - [2023-04-16T06:13:24.759+0000] {dag.py:2705} INFO - Sync 1 DAGs
[2023-04-16T06:13:24.791+0000] {logging_mixin.py:137} INFO - [2023-04-16T06:13:24.791+0000] {dag.py:3456} INFO - Setting next_dagrun for example_nested_branch_dag to 2023-04-15T00:00:00+00:00, run_after=2023-04-16T00:00:00+00:00
[2023-04-16T06:13:24.804+0000] {processor.py:175} INFO - Processing /home/airflow/.local/lib/python3.7/site-packages/airflow/example_dags/example_nested_branch_dag.py took 0.091 seconds
[2023-04-16T06:29:18.313+0000] {processor.py:153} INFO - Started process (PID=35295) to work on /home/airflow/.local/lib/python3.7/site-packages/airflow/example_dags/example_nested_branch_dag.py
[2023-04-16T06:29:18.315+0000] {processor.py:743} INFO - Processing file /home/airflow/.local/lib/python3.7/site-packages/airflow/example_dags/example_nested_branch_dag.py for tasks to queue
[2023-04-16T06:29:18.316+0000] {logging_mixin.py:137} INFO - [2023-04-16T06:29:18.316+0000] {dagbag.py:532} INFO - Filling up the DagBag from /home/airflow/.local/lib/python3.7/site-packages/airflow/example_dags/example_nested_branch_dag.py
[2023-04-16T06:29:18.335+0000] {processor.py:753} INFO - DAG(s) dict_keys(['example_nested_branch_dag']) retrieved from /home/airflow/.local/lib/python3.7/site-packages/airflow/example_dags/example_nested_branch_dag.py
[2023-04-16T06:29:18.368+0000] {logging_mixin.py:137} INFO - [2023-04-16T06:29:18.368+0000] {dag.py:2705} INFO - Sync 1 DAGs
[2023-04-16T06:29:18.387+0000] {logging_mixin.py:137} INFO - [2023-04-16T06:29:18.387+0000] {dag.py:3456} INFO - Setting next_dagrun for example_nested_branch_dag to 2023-04-15T00:00:00+00:00, run_after=2023-04-16T00:00:00+00:00
[2023-04-16T06:29:18.399+0000] {processor.py:175} INFO - Processing /home/airflow/.local/lib/python3.7/site-packages/airflow/example_dags/example_nested_branch_dag.py took 0.089 seconds
[2023-04-16T07:31:24.523+0000] {processor.py:153} INFO - Started process (PID=35348) to work on /home/airflow/.local/lib/python3.7/site-packages/airflow/example_dags/example_nested_branch_dag.py
[2023-04-16T07:31:24.523+0000] {processor.py:743} INFO - Processing file /home/airflow/.local/lib/python3.7/site-packages/airflow/example_dags/example_nested_branch_dag.py for tasks to queue
[2023-04-16T07:31:24.524+0000] {logging_mixin.py:137} INFO - [2023-04-16T07:31:24.524+0000] {dagbag.py:532} INFO - Filling up the DagBag from /home/airflow/.local/lib/python3.7/site-packages/airflow/example_dags/example_nested_branch_dag.py
[2023-04-16T07:31:24.543+0000] {processor.py:753} INFO - DAG(s) dict_keys(['example_nested_branch_dag']) retrieved from /home/airflow/.local/lib/python3.7/site-packages/airflow/example_dags/example_nested_branch_dag.py
[2023-04-16T07:31:24.570+0000] {logging_mixin.py:137} INFO - [2023-04-16T07:31:24.570+0000] {dag.py:2705} INFO - Sync 1 DAGs
[2023-04-16T07:31:24.588+0000] {logging_mixin.py:137} INFO - [2023-04-16T07:31:24.588+0000] {dag.py:3456} INFO - Setting next_dagrun for example_nested_branch_dag to 2023-04-15T00:00:00+00:00, run_after=2023-04-16T00:00:00+00:00
[2023-04-16T07:31:24.616+0000] {processor.py:175} INFO - Processing /home/airflow/.local/lib/python3.7/site-packages/airflow/example_dags/example_nested_branch_dag.py took 0.095 seconds
[2023-04-16T08:50:10.731+0000] {processor.py:153} INFO - Started process (PID=35401) to work on /home/airflow/.local/lib/python3.7/site-packages/airflow/example_dags/example_nested_branch_dag.py
[2023-04-16T08:50:10.734+0000] {processor.py:743} INFO - Processing file /home/airflow/.local/lib/python3.7/site-packages/airflow/example_dags/example_nested_branch_dag.py for tasks to queue
[2023-04-16T08:50:10.736+0000] {logging_mixin.py:137} INFO - [2023-04-16T08:50:10.736+0000] {dagbag.py:532} INFO - Filling up the DagBag from /home/airflow/.local/lib/python3.7/site-packages/airflow/example_dags/example_nested_branch_dag.py
[2023-04-16T08:50:10.788+0000] {processor.py:753} INFO - DAG(s) dict_keys(['example_nested_branch_dag']) retrieved from /home/airflow/.local/lib/python3.7/site-packages/airflow/example_dags/example_nested_branch_dag.py
[2023-04-16T08:50:10.842+0000] {logging_mixin.py:137} INFO - [2023-04-16T08:50:10.842+0000] {dag.py:2705} INFO - Sync 1 DAGs
[2023-04-16T08:50:10.891+0000] {logging_mixin.py:137} INFO - [2023-04-16T08:50:10.891+0000] {dag.py:3456} INFO - Setting next_dagrun for example_nested_branch_dag to 2023-04-15T00:00:00+00:00, run_after=2023-04-16T00:00:00+00:00
[2023-04-16T08:50:10.940+0000] {processor.py:175} INFO - Processing /home/airflow/.local/lib/python3.7/site-packages/airflow/example_dags/example_nested_branch_dag.py took 0.222 seconds
[2023-04-16T09:55:47.647+0000] {processor.py:153} INFO - Started process (PID=35454) to work on /home/airflow/.local/lib/python3.7/site-packages/airflow/example_dags/example_nested_branch_dag.py
[2023-04-16T09:55:47.654+0000] {processor.py:743} INFO - Processing file /home/airflow/.local/lib/python3.7/site-packages/airflow/example_dags/example_nested_branch_dag.py for tasks to queue
[2023-04-16T09:55:47.655+0000] {logging_mixin.py:137} INFO - [2023-04-16T09:55:47.655+0000] {dagbag.py:532} INFO - Filling up the DagBag from /home/airflow/.local/lib/python3.7/site-packages/airflow/example_dags/example_nested_branch_dag.py
[2023-04-16T09:55:47.695+0000] {processor.py:753} INFO - DAG(s) dict_keys(['example_nested_branch_dag']) retrieved from /home/airflow/.local/lib/python3.7/site-packages/airflow/example_dags/example_nested_branch_dag.py
[2023-04-16T09:55:47.793+0000] {logging_mixin.py:137} INFO - [2023-04-16T09:55:47.793+0000] {dag.py:2705} INFO - Sync 1 DAGs
[2023-04-16T09:55:47.858+0000] {logging_mixin.py:137} INFO - [2023-04-16T09:55:47.858+0000] {dag.py:3456} INFO - Setting next_dagrun for example_nested_branch_dag to 2023-04-15T00:00:00+00:00, run_after=2023-04-16T00:00:00+00:00
[2023-04-16T09:55:47.891+0000] {processor.py:175} INFO - Processing /home/airflow/.local/lib/python3.7/site-packages/airflow/example_dags/example_nested_branch_dag.py took 0.250 seconds
[2023-04-16T11:01:48.719+0000] {processor.py:153} INFO - Started process (PID=35508) to work on /home/airflow/.local/lib/python3.7/site-packages/airflow/example_dags/example_nested_branch_dag.py
[2023-04-16T11:01:48.720+0000] {processor.py:743} INFO - Processing file /home/airflow/.local/lib/python3.7/site-packages/airflow/example_dags/example_nested_branch_dag.py for tasks to queue
[2023-04-16T11:01:48.721+0000] {logging_mixin.py:137} INFO - [2023-04-16T11:01:48.721+0000] {dagbag.py:532} INFO - Filling up the DagBag from /home/airflow/.local/lib/python3.7/site-packages/airflow/example_dags/example_nested_branch_dag.py
[2023-04-16T11:01:49.007+0000] {processor.py:753} INFO - DAG(s) dict_keys(['example_nested_branch_dag']) retrieved from /home/airflow/.local/lib/python3.7/site-packages/airflow/example_dags/example_nested_branch_dag.py
[2023-04-16T11:01:49.075+0000] {logging_mixin.py:137} INFO - [2023-04-16T11:01:49.075+0000] {dag.py:2705} INFO - Sync 1 DAGs
[2023-04-16T11:01:49.104+0000] {logging_mixin.py:137} INFO - [2023-04-16T11:01:49.104+0000] {dag.py:3456} INFO - Setting next_dagrun for example_nested_branch_dag to 2023-04-15T00:00:00+00:00, run_after=2023-04-16T00:00:00+00:00
[2023-04-16T11:01:49.135+0000] {processor.py:175} INFO - Processing /home/airflow/.local/lib/python3.7/site-packages/airflow/example_dags/example_nested_branch_dag.py took 0.420 seconds
[2023-04-16T12:25:13.003+0000] {processor.py:153} INFO - Started process (PID=35561) to work on /home/airflow/.local/lib/python3.7/site-packages/airflow/example_dags/example_nested_branch_dag.py
[2023-04-16T12:25:13.006+0000] {processor.py:743} INFO - Processing file /home/airflow/.local/lib/python3.7/site-packages/airflow/example_dags/example_nested_branch_dag.py for tasks to queue
[2023-04-16T12:25:13.007+0000] {logging_mixin.py:137} INFO - [2023-04-16T12:25:13.007+0000] {dagbag.py:532} INFO - Filling up the DagBag from /home/airflow/.local/lib/python3.7/site-packages/airflow/example_dags/example_nested_branch_dag.py
[2023-04-16T12:25:13.072+0000] {processor.py:753} INFO - DAG(s) dict_keys(['example_nested_branch_dag']) retrieved from /home/airflow/.local/lib/python3.7/site-packages/airflow/example_dags/example_nested_branch_dag.py
[2023-04-16T12:25:13.142+0000] {logging_mixin.py:137} INFO - [2023-04-16T12:25:13.142+0000] {dag.py:2705} INFO - Sync 1 DAGs
[2023-04-16T12:25:13.185+0000] {logging_mixin.py:137} INFO - [2023-04-16T12:25:13.185+0000] {dag.py:3456} INFO - Setting next_dagrun for example_nested_branch_dag to 2023-04-15T00:00:00+00:00, run_after=2023-04-16T00:00:00+00:00
[2023-04-16T12:25:13.206+0000] {processor.py:175} INFO - Processing /home/airflow/.local/lib/python3.7/site-packages/airflow/example_dags/example_nested_branch_dag.py took 0.221 seconds
[2023-04-16T13:32:25.019+0000] {processor.py:153} INFO - Started process (PID=35614) to work on /home/airflow/.local/lib/python3.7/site-packages/airflow/example_dags/example_nested_branch_dag.py
[2023-04-16T13:32:25.031+0000] {processor.py:743} INFO - Processing file /home/airflow/.local/lib/python3.7/site-packages/airflow/example_dags/example_nested_branch_dag.py for tasks to queue
[2023-04-16T13:32:25.034+0000] {logging_mixin.py:137} INFO - [2023-04-16T13:32:25.034+0000] {dagbag.py:532} INFO - Filling up the DagBag from /home/airflow/.local/lib/python3.7/site-packages/airflow/example_dags/example_nested_branch_dag.py
[2023-04-16T13:32:25.062+0000] {processor.py:753} INFO - DAG(s) dict_keys(['example_nested_branch_dag']) retrieved from /home/airflow/.local/lib/python3.7/site-packages/airflow/example_dags/example_nested_branch_dag.py
[2023-04-16T13:32:25.087+0000] {logging_mixin.py:137} INFO - [2023-04-16T13:32:25.087+0000] {dag.py:2705} INFO - Sync 1 DAGs
[2023-04-16T13:32:25.104+0000] {logging_mixin.py:137} INFO - [2023-04-16T13:32:25.104+0000] {dag.py:3456} INFO - Setting next_dagrun for example_nested_branch_dag to 2023-04-15T00:00:00+00:00, run_after=2023-04-16T00:00:00+00:00
[2023-04-16T13:32:25.125+0000] {processor.py:175} INFO - Processing /home/airflow/.local/lib/python3.7/site-packages/airflow/example_dags/example_nested_branch_dag.py took 0.110 seconds
[2023-04-16T14:26:06.685+0000] {processor.py:153} INFO - Started process (PID=35667) to work on /home/airflow/.local/lib/python3.7/site-packages/airflow/example_dags/example_nested_branch_dag.py
[2023-04-16T14:26:06.687+0000] {processor.py:743} INFO - Processing file /home/airflow/.local/lib/python3.7/site-packages/airflow/example_dags/example_nested_branch_dag.py for tasks to queue
[2023-04-16T14:26:06.688+0000] {logging_mixin.py:137} INFO - [2023-04-16T14:26:06.687+0000] {dagbag.py:532} INFO - Filling up the DagBag from /home/airflow/.local/lib/python3.7/site-packages/airflow/example_dags/example_nested_branch_dag.py
[2023-04-16T14:26:06.709+0000] {processor.py:753} INFO - DAG(s) dict_keys(['example_nested_branch_dag']) retrieved from /home/airflow/.local/lib/python3.7/site-packages/airflow/example_dags/example_nested_branch_dag.py
[2023-04-16T14:26:06.732+0000] {logging_mixin.py:137} INFO - [2023-04-16T14:26:06.731+0000] {dag.py:2705} INFO - Sync 1 DAGs
[2023-04-16T14:26:06.754+0000] {logging_mixin.py:137} INFO - [2023-04-16T14:26:06.754+0000] {dag.py:3456} INFO - Setting next_dagrun for example_nested_branch_dag to 2023-04-15T00:00:00+00:00, run_after=2023-04-16T00:00:00+00:00
[2023-04-16T14:26:06.766+0000] {processor.py:175} INFO - Processing /home/airflow/.local/lib/python3.7/site-packages/airflow/example_dags/example_nested_branch_dag.py took 0.084 seconds
[2023-04-16T14:26:37.678+0000] {processor.py:153} INFO - Started process (PID=35720) to work on /home/airflow/.local/lib/python3.7/site-packages/airflow/example_dags/example_nested_branch_dag.py
[2023-04-16T14:26:37.680+0000] {processor.py:743} INFO - Processing file /home/airflow/.local/lib/python3.7/site-packages/airflow/example_dags/example_nested_branch_dag.py for tasks to queue
[2023-04-16T14:26:37.681+0000] {logging_mixin.py:137} INFO - [2023-04-16T14:26:37.681+0000] {dagbag.py:532} INFO - Filling up the DagBag from /home/airflow/.local/lib/python3.7/site-packages/airflow/example_dags/example_nested_branch_dag.py
[2023-04-16T14:26:37.712+0000] {processor.py:753} INFO - DAG(s) dict_keys(['example_nested_branch_dag']) retrieved from /home/airflow/.local/lib/python3.7/site-packages/airflow/example_dags/example_nested_branch_dag.py
[2023-04-16T14:26:37.742+0000] {logging_mixin.py:137} INFO - [2023-04-16T14:26:37.742+0000] {dag.py:2705} INFO - Sync 1 DAGs
[2023-04-16T14:26:37.767+0000] {logging_mixin.py:137} INFO - [2023-04-16T14:26:37.766+0000] {dag.py:3456} INFO - Setting next_dagrun for example_nested_branch_dag to 2023-04-15T00:00:00+00:00, run_after=2023-04-16T00:00:00+00:00
[2023-04-16T14:26:37.784+0000] {processor.py:175} INFO - Processing /home/airflow/.local/lib/python3.7/site-packages/airflow/example_dags/example_nested_branch_dag.py took 0.110 seconds
[2023-04-16T15:14:32.826+0000] {processor.py:153} INFO - Started process (PID=35773) to work on /home/airflow/.local/lib/python3.7/site-packages/airflow/example_dags/example_nested_branch_dag.py
[2023-04-16T15:14:32.827+0000] {processor.py:743} INFO - Processing file /home/airflow/.local/lib/python3.7/site-packages/airflow/example_dags/example_nested_branch_dag.py for tasks to queue
[2023-04-16T15:14:32.828+0000] {logging_mixin.py:137} INFO - [2023-04-16T15:14:32.828+0000] {dagbag.py:532} INFO - Filling up the DagBag from /home/airflow/.local/lib/python3.7/site-packages/airflow/example_dags/example_nested_branch_dag.py
[2023-04-16T15:14:32.851+0000] {processor.py:753} INFO - DAG(s) dict_keys(['example_nested_branch_dag']) retrieved from /home/airflow/.local/lib/python3.7/site-packages/airflow/example_dags/example_nested_branch_dag.py
[2023-04-16T15:14:32.889+0000] {logging_mixin.py:137} INFO - [2023-04-16T15:14:32.889+0000] {dag.py:2705} INFO - Sync 1 DAGs
[2023-04-16T15:14:32.915+0000] {logging_mixin.py:137} INFO - [2023-04-16T15:14:32.915+0000] {dag.py:3456} INFO - Setting next_dagrun for example_nested_branch_dag to 2023-04-15T00:00:00+00:00, run_after=2023-04-16T00:00:00+00:00
[2023-04-16T15:14:32.931+0000] {processor.py:175} INFO - Processing /home/airflow/.local/lib/python3.7/site-packages/airflow/example_dags/example_nested_branch_dag.py took 0.109 seconds
[2023-04-16T15:15:03.725+0000] {processor.py:153} INFO - Started process (PID=35826) to work on /home/airflow/.local/lib/python3.7/site-packages/airflow/example_dags/example_nested_branch_dag.py
[2023-04-16T15:15:03.726+0000] {processor.py:743} INFO - Processing file /home/airflow/.local/lib/python3.7/site-packages/airflow/example_dags/example_nested_branch_dag.py for tasks to queue
[2023-04-16T15:15:03.727+0000] {logging_mixin.py:137} INFO - [2023-04-16T15:15:03.727+0000] {dagbag.py:532} INFO - Filling up the DagBag from /home/airflow/.local/lib/python3.7/site-packages/airflow/example_dags/example_nested_branch_dag.py
[2023-04-16T15:15:03.744+0000] {processor.py:753} INFO - DAG(s) dict_keys(['example_nested_branch_dag']) retrieved from /home/airflow/.local/lib/python3.7/site-packages/airflow/example_dags/example_nested_branch_dag.py
[2023-04-16T15:15:03.763+0000] {logging_mixin.py:137} INFO - [2023-04-16T15:15:03.763+0000] {dag.py:2705} INFO - Sync 1 DAGs
[2023-04-16T15:15:03.779+0000] {logging_mixin.py:137} INFO - [2023-04-16T15:15:03.779+0000] {dag.py:3456} INFO - Setting next_dagrun for example_nested_branch_dag to 2023-04-15T00:00:00+00:00, run_after=2023-04-16T00:00:00+00:00
[2023-04-16T15:15:03.789+0000] {processor.py:175} INFO - Processing /home/airflow/.local/lib/python3.7/site-packages/airflow/example_dags/example_nested_branch_dag.py took 0.066 seconds
[2023-04-16T16:03:31.809+0000] {processor.py:153} INFO - Started process (PID=35879) to work on /home/airflow/.local/lib/python3.7/site-packages/airflow/example_dags/example_nested_branch_dag.py
[2023-04-16T16:03:31.813+0000] {processor.py:743} INFO - Processing file /home/airflow/.local/lib/python3.7/site-packages/airflow/example_dags/example_nested_branch_dag.py for tasks to queue
[2023-04-16T16:03:31.815+0000] {logging_mixin.py:137} INFO - [2023-04-16T16:03:31.815+0000] {dagbag.py:532} INFO - Filling up the DagBag from /home/airflow/.local/lib/python3.7/site-packages/airflow/example_dags/example_nested_branch_dag.py
[2023-04-16T16:03:31.838+0000] {processor.py:753} INFO - DAG(s) dict_keys(['example_nested_branch_dag']) retrieved from /home/airflow/.local/lib/python3.7/site-packages/airflow/example_dags/example_nested_branch_dag.py
[2023-04-16T16:03:31.859+0000] {logging_mixin.py:137} INFO - [2023-04-16T16:03:31.859+0000] {dag.py:2705} INFO - Sync 1 DAGs
[2023-04-16T16:03:31.877+0000] {logging_mixin.py:137} INFO - [2023-04-16T16:03:31.877+0000] {dag.py:3456} INFO - Setting next_dagrun for example_nested_branch_dag to 2023-04-15T00:00:00+00:00, run_after=2023-04-16T00:00:00+00:00
[2023-04-16T16:03:31.891+0000] {processor.py:175} INFO - Processing /home/airflow/.local/lib/python3.7/site-packages/airflow/example_dags/example_nested_branch_dag.py took 0.087 seconds
[2023-04-16T17:09:32.080+0000] {processor.py:153} INFO - Started process (PID=35932) to work on /home/airflow/.local/lib/python3.7/site-packages/airflow/example_dags/example_nested_branch_dag.py
[2023-04-16T17:09:32.083+0000] {processor.py:743} INFO - Processing file /home/airflow/.local/lib/python3.7/site-packages/airflow/example_dags/example_nested_branch_dag.py for tasks to queue
[2023-04-16T17:09:32.084+0000] {logging_mixin.py:137} INFO - [2023-04-16T17:09:32.084+0000] {dagbag.py:532} INFO - Filling up the DagBag from /home/airflow/.local/lib/python3.7/site-packages/airflow/example_dags/example_nested_branch_dag.py
[2023-04-16T17:09:32.107+0000] {processor.py:753} INFO - DAG(s) dict_keys(['example_nested_branch_dag']) retrieved from /home/airflow/.local/lib/python3.7/site-packages/airflow/example_dags/example_nested_branch_dag.py
[2023-04-16T17:09:32.169+0000] {logging_mixin.py:137} INFO - [2023-04-16T17:09:32.169+0000] {dag.py:2705} INFO - Sync 1 DAGs
[2023-04-16T17:09:32.214+0000] {logging_mixin.py:137} INFO - [2023-04-16T17:09:32.214+0000] {dag.py:3456} INFO - Setting next_dagrun for example_nested_branch_dag to 2023-04-15T00:00:00+00:00, run_after=2023-04-16T00:00:00+00:00
[2023-04-16T17:09:32.243+0000] {processor.py:175} INFO - Processing /home/airflow/.local/lib/python3.7/site-packages/airflow/example_dags/example_nested_branch_dag.py took 0.166 seconds
[2023-04-16T18:32:23.314+0000] {processor.py:153} INFO - Started process (PID=35985) to work on /home/airflow/.local/lib/python3.7/site-packages/airflow/example_dags/example_nested_branch_dag.py
[2023-04-16T18:32:23.316+0000] {processor.py:743} INFO - Processing file /home/airflow/.local/lib/python3.7/site-packages/airflow/example_dags/example_nested_branch_dag.py for tasks to queue
[2023-04-16T18:32:23.318+0000] {logging_mixin.py:137} INFO - [2023-04-16T18:32:23.318+0000] {dagbag.py:532} INFO - Filling up the DagBag from /home/airflow/.local/lib/python3.7/site-packages/airflow/example_dags/example_nested_branch_dag.py
[2023-04-16T18:32:23.382+0000] {processor.py:753} INFO - DAG(s) dict_keys(['example_nested_branch_dag']) retrieved from /home/airflow/.local/lib/python3.7/site-packages/airflow/example_dags/example_nested_branch_dag.py
[2023-04-16T18:32:23.463+0000] {logging_mixin.py:137} INFO - [2023-04-16T18:32:23.463+0000] {dag.py:2705} INFO - Sync 1 DAGs
[2023-04-16T18:32:23.494+0000] {logging_mixin.py:137} INFO - [2023-04-16T18:32:23.494+0000] {dag.py:3456} INFO - Setting next_dagrun for example_nested_branch_dag to 2023-04-15T00:00:00+00:00, run_after=2023-04-16T00:00:00+00:00
[2023-04-16T18:32:23.533+0000] {processor.py:175} INFO - Processing /home/airflow/.local/lib/python3.7/site-packages/airflow/example_dags/example_nested_branch_dag.py took 0.224 seconds
[2023-04-16T19:39:48.349+0000] {processor.py:153} INFO - Started process (PID=36038) to work on /home/airflow/.local/lib/python3.7/site-packages/airflow/example_dags/example_nested_branch_dag.py
[2023-04-16T19:39:48.359+0000] {processor.py:743} INFO - Processing file /home/airflow/.local/lib/python3.7/site-packages/airflow/example_dags/example_nested_branch_dag.py for tasks to queue
[2023-04-16T19:39:48.361+0000] {logging_mixin.py:137} INFO - [2023-04-16T19:39:48.361+0000] {dagbag.py:532} INFO - Filling up the DagBag from /home/airflow/.local/lib/python3.7/site-packages/airflow/example_dags/example_nested_branch_dag.py
[2023-04-16T19:39:48.446+0000] {processor.py:753} INFO - DAG(s) dict_keys(['example_nested_branch_dag']) retrieved from /home/airflow/.local/lib/python3.7/site-packages/airflow/example_dags/example_nested_branch_dag.py
[2023-04-16T19:39:48.500+0000] {logging_mixin.py:137} INFO - [2023-04-16T19:39:48.500+0000] {dag.py:2705} INFO - Sync 1 DAGs
[2023-04-16T19:39:48.542+0000] {logging_mixin.py:137} INFO - [2023-04-16T19:39:48.542+0000] {dag.py:3456} INFO - Setting next_dagrun for example_nested_branch_dag to 2023-04-15T00:00:00+00:00, run_after=2023-04-16T00:00:00+00:00
[2023-04-16T19:39:48.584+0000] {processor.py:175} INFO - Processing /home/airflow/.local/lib/python3.7/site-packages/airflow/example_dags/example_nested_branch_dag.py took 0.252 seconds
[2023-04-16T20:44:58.088+0000] {processor.py:153} INFO - Started process (PID=36091) to work on /home/airflow/.local/lib/python3.7/site-packages/airflow/example_dags/example_nested_branch_dag.py
[2023-04-16T20:44:58.090+0000] {processor.py:743} INFO - Processing file /home/airflow/.local/lib/python3.7/site-packages/airflow/example_dags/example_nested_branch_dag.py for tasks to queue
[2023-04-16T20:44:58.092+0000] {logging_mixin.py:137} INFO - [2023-04-16T20:44:58.092+0000] {dagbag.py:532} INFO - Filling up the DagBag from /home/airflow/.local/lib/python3.7/site-packages/airflow/example_dags/example_nested_branch_dag.py
[2023-04-16T20:44:58.201+0000] {processor.py:753} INFO - DAG(s) dict_keys(['example_nested_branch_dag']) retrieved from /home/airflow/.local/lib/python3.7/site-packages/airflow/example_dags/example_nested_branch_dag.py
[2023-04-16T20:44:58.267+0000] {logging_mixin.py:137} INFO - [2023-04-16T20:44:58.267+0000] {dag.py:2705} INFO - Sync 1 DAGs
[2023-04-16T20:44:58.320+0000] {logging_mixin.py:137} INFO - [2023-04-16T20:44:58.320+0000] {dag.py:3456} INFO - Setting next_dagrun for example_nested_branch_dag to 2023-04-15T00:00:00+00:00, run_after=2023-04-16T00:00:00+00:00
[2023-04-16T20:44:58.356+0000] {processor.py:175} INFO - Processing /home/airflow/.local/lib/python3.7/site-packages/airflow/example_dags/example_nested_branch_dag.py took 0.274 seconds
[2023-04-16T21:52:24.443+0000] {processor.py:153} INFO - Started process (PID=36144) to work on /home/airflow/.local/lib/python3.7/site-packages/airflow/example_dags/example_nested_branch_dag.py
[2023-04-16T21:52:24.448+0000] {processor.py:743} INFO - Processing file /home/airflow/.local/lib/python3.7/site-packages/airflow/example_dags/example_nested_branch_dag.py for tasks to queue
[2023-04-16T21:52:24.450+0000] {logging_mixin.py:137} INFO - [2023-04-16T21:52:24.450+0000] {dagbag.py:532} INFO - Filling up the DagBag from /home/airflow/.local/lib/python3.7/site-packages/airflow/example_dags/example_nested_branch_dag.py
[2023-04-16T21:52:24.471+0000] {processor.py:753} INFO - DAG(s) dict_keys(['example_nested_branch_dag']) retrieved from /home/airflow/.local/lib/python3.7/site-packages/airflow/example_dags/example_nested_branch_dag.py
[2023-04-16T21:52:24.494+0000] {logging_mixin.py:137} INFO - [2023-04-16T21:52:24.494+0000] {dag.py:2705} INFO - Sync 1 DAGs
[2023-04-16T21:52:24.517+0000] {logging_mixin.py:137} INFO - [2023-04-16T21:52:24.517+0000] {dag.py:3456} INFO - Setting next_dagrun for example_nested_branch_dag to 2023-04-15T00:00:00+00:00, run_after=2023-04-16T00:00:00+00:00
[2023-04-16T21:52:24.533+0000] {processor.py:175} INFO - Processing /home/airflow/.local/lib/python3.7/site-packages/airflow/example_dags/example_nested_branch_dag.py took 0.096 seconds
[2023-04-16T22:18:54.107+0000] {processor.py:153} INFO - Started process (PID=36197) to work on /home/airflow/.local/lib/python3.7/site-packages/airflow/example_dags/example_nested_branch_dag.py
[2023-04-16T22:18:54.112+0000] {processor.py:743} INFO - Processing file /home/airflow/.local/lib/python3.7/site-packages/airflow/example_dags/example_nested_branch_dag.py for tasks to queue
[2023-04-16T22:18:54.115+0000] {logging_mixin.py:137} INFO - [2023-04-16T22:18:54.115+0000] {dagbag.py:532} INFO - Filling up the DagBag from /home/airflow/.local/lib/python3.7/site-packages/airflow/example_dags/example_nested_branch_dag.py
[2023-04-16T22:18:54.167+0000] {processor.py:753} INFO - DAG(s) dict_keys(['example_nested_branch_dag']) retrieved from /home/airflow/.local/lib/python3.7/site-packages/airflow/example_dags/example_nested_branch_dag.py
[2023-04-16T22:18:54.231+0000] {logging_mixin.py:137} INFO - [2023-04-16T22:18:54.231+0000] {dag.py:2705} INFO - Sync 1 DAGs
[2023-04-16T22:18:54.274+0000] {logging_mixin.py:137} INFO - [2023-04-16T22:18:54.274+0000] {dag.py:3456} INFO - Setting next_dagrun for example_nested_branch_dag to 2023-04-15T00:00:00+00:00, run_after=2023-04-16T00:00:00+00:00
[2023-04-16T22:18:54.306+0000] {processor.py:175} INFO - Processing /home/airflow/.local/lib/python3.7/site-packages/airflow/example_dags/example_nested_branch_dag.py took 0.204 seconds
[2023-04-16T22:19:24.832+0000] {processor.py:153} INFO - Started process (PID=36250) to work on /home/airflow/.local/lib/python3.7/site-packages/airflow/example_dags/example_nested_branch_dag.py
[2023-04-16T22:19:24.833+0000] {processor.py:743} INFO - Processing file /home/airflow/.local/lib/python3.7/site-packages/airflow/example_dags/example_nested_branch_dag.py for tasks to queue
[2023-04-16T22:19:24.834+0000] {logging_mixin.py:137} INFO - [2023-04-16T22:19:24.834+0000] {dagbag.py:532} INFO - Filling up the DagBag from /home/airflow/.local/lib/python3.7/site-packages/airflow/example_dags/example_nested_branch_dag.py
[2023-04-16T22:19:24.854+0000] {processor.py:753} INFO - DAG(s) dict_keys(['example_nested_branch_dag']) retrieved from /home/airflow/.local/lib/python3.7/site-packages/airflow/example_dags/example_nested_branch_dag.py
[2023-04-16T22:19:24.879+0000] {logging_mixin.py:137} INFO - [2023-04-16T22:19:24.879+0000] {dag.py:2705} INFO - Sync 1 DAGs
[2023-04-16T22:19:24.897+0000] {logging_mixin.py:137} INFO - [2023-04-16T22:19:24.897+0000] {dag.py:3456} INFO - Setting next_dagrun for example_nested_branch_dag to 2023-04-15T00:00:00+00:00, run_after=2023-04-16T00:00:00+00:00
[2023-04-16T22:19:24.909+0000] {processor.py:175} INFO - Processing /home/airflow/.local/lib/python3.7/site-packages/airflow/example_dags/example_nested_branch_dag.py took 0.079 seconds
[2023-04-16T22:39:19.001+0000] {processor.py:153} INFO - Started process (PID=36303) to work on /home/airflow/.local/lib/python3.7/site-packages/airflow/example_dags/example_nested_branch_dag.py
[2023-04-16T22:39:19.003+0000] {processor.py:743} INFO - Processing file /home/airflow/.local/lib/python3.7/site-packages/airflow/example_dags/example_nested_branch_dag.py for tasks to queue
[2023-04-16T22:39:19.004+0000] {logging_mixin.py:137} INFO - [2023-04-16T22:39:19.003+0000] {dagbag.py:532} INFO - Filling up the DagBag from /home/airflow/.local/lib/python3.7/site-packages/airflow/example_dags/example_nested_branch_dag.py
[2023-04-16T22:39:19.028+0000] {processor.py:753} INFO - DAG(s) dict_keys(['example_nested_branch_dag']) retrieved from /home/airflow/.local/lib/python3.7/site-packages/airflow/example_dags/example_nested_branch_dag.py
[2023-04-16T22:39:19.053+0000] {logging_mixin.py:137} INFO - [2023-04-16T22:39:19.053+0000] {dag.py:2705} INFO - Sync 1 DAGs
[2023-04-16T22:39:19.070+0000] {logging_mixin.py:137} INFO - [2023-04-16T22:39:19.070+0000] {dag.py:3456} INFO - Setting next_dagrun for example_nested_branch_dag to 2023-04-15T00:00:00+00:00, run_after=2023-04-16T00:00:00+00:00
[2023-04-16T22:39:19.082+0000] {processor.py:175} INFO - Processing /home/airflow/.local/lib/python3.7/site-packages/airflow/example_dags/example_nested_branch_dag.py took 0.084 seconds
[2023-04-16T22:39:49.551+0000] {processor.py:153} INFO - Started process (PID=36356) to work on /home/airflow/.local/lib/python3.7/site-packages/airflow/example_dags/example_nested_branch_dag.py
[2023-04-16T22:39:49.552+0000] {processor.py:743} INFO - Processing file /home/airflow/.local/lib/python3.7/site-packages/airflow/example_dags/example_nested_branch_dag.py for tasks to queue
[2023-04-16T22:39:49.553+0000] {logging_mixin.py:137} INFO - [2023-04-16T22:39:49.553+0000] {dagbag.py:532} INFO - Filling up the DagBag from /home/airflow/.local/lib/python3.7/site-packages/airflow/example_dags/example_nested_branch_dag.py
[2023-04-16T22:39:49.573+0000] {processor.py:753} INFO - DAG(s) dict_keys(['example_nested_branch_dag']) retrieved from /home/airflow/.local/lib/python3.7/site-packages/airflow/example_dags/example_nested_branch_dag.py
[2023-04-16T22:39:49.595+0000] {logging_mixin.py:137} INFO - [2023-04-16T22:39:49.595+0000] {dag.py:2705} INFO - Sync 1 DAGs
[2023-04-16T22:39:49.610+0000] {logging_mixin.py:137} INFO - [2023-04-16T22:39:49.610+0000] {dag.py:3456} INFO - Setting next_dagrun for example_nested_branch_dag to 2023-04-15T00:00:00+00:00, run_after=2023-04-16T00:00:00+00:00
[2023-04-16T22:39:49.620+0000] {processor.py:175} INFO - Processing /home/airflow/.local/lib/python3.7/site-packages/airflow/example_dags/example_nested_branch_dag.py took 0.071 seconds
