[2023-04-16T00:33:35.892+0000] {processor.py:153} INFO - Started process (PID=34872) to work on /home/airflow/.local/lib/python3.7/site-packages/airflow/example_dags/example_local_kubernetes_executor.py
[2023-04-16T00:33:35.893+0000] {processor.py:743} INFO - Processing file /home/airflow/.local/lib/python3.7/site-packages/airflow/example_dags/example_local_kubernetes_executor.py for tasks to queue
[2023-04-16T00:33:35.895+0000] {logging_mixin.py:137} INFO - [2023-04-16T00:33:35.894+0000] {dagbag.py:532} INFO - Filling up the DagBag from /home/airflow/.local/lib/python3.7/site-packages/airflow/example_dags/example_local_kubernetes_executor.py
[2023-04-16T00:33:35.917+0000] {processor.py:753} INFO - DAG(s) dict_keys(['example_local_kubernetes_executor']) retrieved from /home/airflow/.local/lib/python3.7/site-packages/airflow/example_dags/example_local_kubernetes_executor.py
[2023-04-16T00:33:35.939+0000] {logging_mixin.py:137} INFO - [2023-04-16T00:33:35.939+0000] {dag.py:2705} INFO - Sync 1 DAGs
[2023-04-16T00:33:35.953+0000] {logging_mixin.py:137} INFO - [2023-04-16T00:33:35.953+0000] {dag.py:3456} INFO - Setting next_dagrun for example_local_kubernetes_executor to None, run_after=None
[2023-04-16T00:33:35.963+0000] {processor.py:175} INFO - Processing /home/airflow/.local/lib/python3.7/site-packages/airflow/example_dags/example_local_kubernetes_executor.py took 0.074 seconds
[2023-04-16T01:42:55.853+0000] {processor.py:153} INFO - Started process (PID=34925) to work on /home/airflow/.local/lib/python3.7/site-packages/airflow/example_dags/example_local_kubernetes_executor.py
[2023-04-16T01:42:55.855+0000] {processor.py:743} INFO - Processing file /home/airflow/.local/lib/python3.7/site-packages/airflow/example_dags/example_local_kubernetes_executor.py for tasks to queue
[2023-04-16T01:42:55.856+0000] {logging_mixin.py:137} INFO - [2023-04-16T01:42:55.856+0000] {dagbag.py:532} INFO - Filling up the DagBag from /home/airflow/.local/lib/python3.7/site-packages/airflow/example_dags/example_local_kubernetes_executor.py
[2023-04-16T01:42:55.872+0000] {processor.py:753} INFO - DAG(s) dict_keys(['example_local_kubernetes_executor']) retrieved from /home/airflow/.local/lib/python3.7/site-packages/airflow/example_dags/example_local_kubernetes_executor.py
[2023-04-16T01:42:55.894+0000] {logging_mixin.py:137} INFO - [2023-04-16T01:42:55.894+0000] {dag.py:2705} INFO - Sync 1 DAGs
[2023-04-16T01:42:55.908+0000] {logging_mixin.py:137} INFO - [2023-04-16T01:42:55.908+0000] {dag.py:3456} INFO - Setting next_dagrun for example_local_kubernetes_executor to None, run_after=None
[2023-04-16T01:42:55.919+0000] {processor.py:175} INFO - Processing /home/airflow/.local/lib/python3.7/site-packages/airflow/example_dags/example_local_kubernetes_executor.py took 0.068 seconds
[2023-04-16T02:49:24.314+0000] {processor.py:153} INFO - Started process (PID=34978) to work on /home/airflow/.local/lib/python3.7/site-packages/airflow/example_dags/example_local_kubernetes_executor.py
[2023-04-16T02:49:24.315+0000] {processor.py:743} INFO - Processing file /home/airflow/.local/lib/python3.7/site-packages/airflow/example_dags/example_local_kubernetes_executor.py for tasks to queue
[2023-04-16T02:49:24.316+0000] {logging_mixin.py:137} INFO - [2023-04-16T02:49:24.316+0000] {dagbag.py:532} INFO - Filling up the DagBag from /home/airflow/.local/lib/python3.7/site-packages/airflow/example_dags/example_local_kubernetes_executor.py
[2023-04-16T02:49:24.341+0000] {processor.py:753} INFO - DAG(s) dict_keys(['example_local_kubernetes_executor']) retrieved from /home/airflow/.local/lib/python3.7/site-packages/airflow/example_dags/example_local_kubernetes_executor.py
[2023-04-16T02:49:24.370+0000] {logging_mixin.py:137} INFO - [2023-04-16T02:49:24.370+0000] {dag.py:2705} INFO - Sync 1 DAGs
[2023-04-16T02:49:24.396+0000] {logging_mixin.py:137} INFO - [2023-04-16T02:49:24.396+0000] {dag.py:3456} INFO - Setting next_dagrun for example_local_kubernetes_executor to None, run_after=None
[2023-04-16T02:49:24.411+0000] {processor.py:175} INFO - Processing /home/airflow/.local/lib/python3.7/site-packages/airflow/example_dags/example_local_kubernetes_executor.py took 0.101 seconds
[2023-04-16T03:56:29.708+0000] {processor.py:153} INFO - Started process (PID=35032) to work on /home/airflow/.local/lib/python3.7/site-packages/airflow/example_dags/example_local_kubernetes_executor.py
[2023-04-16T03:56:29.710+0000] {processor.py:743} INFO - Processing file /home/airflow/.local/lib/python3.7/site-packages/airflow/example_dags/example_local_kubernetes_executor.py for tasks to queue
[2023-04-16T03:56:29.711+0000] {logging_mixin.py:137} INFO - [2023-04-16T03:56:29.711+0000] {dagbag.py:532} INFO - Filling up the DagBag from /home/airflow/.local/lib/python3.7/site-packages/airflow/example_dags/example_local_kubernetes_executor.py
[2023-04-16T03:56:29.739+0000] {processor.py:753} INFO - DAG(s) dict_keys(['example_local_kubernetes_executor']) retrieved from /home/airflow/.local/lib/python3.7/site-packages/airflow/example_dags/example_local_kubernetes_executor.py
[2023-04-16T03:56:29.785+0000] {logging_mixin.py:137} INFO - [2023-04-16T03:56:29.785+0000] {dag.py:2705} INFO - Sync 1 DAGs
[2023-04-16T03:56:29.816+0000] {logging_mixin.py:137} INFO - [2023-04-16T03:56:29.816+0000] {dag.py:3456} INFO - Setting next_dagrun for example_local_kubernetes_executor to None, run_after=None
[2023-04-16T03:56:29.834+0000] {processor.py:175} INFO - Processing /home/airflow/.local/lib/python3.7/site-packages/airflow/example_dags/example_local_kubernetes_executor.py took 0.129 seconds
[2023-04-16T04:57:13.912+0000] {processor.py:153} INFO - Started process (PID=35085) to work on /home/airflow/.local/lib/python3.7/site-packages/airflow/example_dags/example_local_kubernetes_executor.py
[2023-04-16T04:57:13.913+0000] {processor.py:743} INFO - Processing file /home/airflow/.local/lib/python3.7/site-packages/airflow/example_dags/example_local_kubernetes_executor.py for tasks to queue
[2023-04-16T04:57:13.914+0000] {logging_mixin.py:137} INFO - [2023-04-16T04:57:13.914+0000] {dagbag.py:532} INFO - Filling up the DagBag from /home/airflow/.local/lib/python3.7/site-packages/airflow/example_dags/example_local_kubernetes_executor.py
[2023-04-16T04:57:13.931+0000] {processor.py:753} INFO - DAG(s) dict_keys(['example_local_kubernetes_executor']) retrieved from /home/airflow/.local/lib/python3.7/site-packages/airflow/example_dags/example_local_kubernetes_executor.py
[2023-04-16T04:57:13.954+0000] {logging_mixin.py:137} INFO - [2023-04-16T04:57:13.954+0000] {dag.py:2705} INFO - Sync 1 DAGs
[2023-04-16T04:57:13.970+0000] {logging_mixin.py:137} INFO - [2023-04-16T04:57:13.970+0000] {dag.py:3456} INFO - Setting next_dagrun for example_local_kubernetes_executor to None, run_after=None
[2023-04-16T04:57:13.979+0000] {processor.py:175} INFO - Processing /home/airflow/.local/lib/python3.7/site-packages/airflow/example_dags/example_local_kubernetes_executor.py took 0.070 seconds
[2023-04-16T04:57:44.497+0000] {processor.py:153} INFO - Started process (PID=35137) to work on /home/airflow/.local/lib/python3.7/site-packages/airflow/example_dags/example_local_kubernetes_executor.py
[2023-04-16T04:57:44.498+0000] {processor.py:743} INFO - Processing file /home/airflow/.local/lib/python3.7/site-packages/airflow/example_dags/example_local_kubernetes_executor.py for tasks to queue
[2023-04-16T04:57:44.499+0000] {logging_mixin.py:137} INFO - [2023-04-16T04:57:44.499+0000] {dagbag.py:532} INFO - Filling up the DagBag from /home/airflow/.local/lib/python3.7/site-packages/airflow/example_dags/example_local_kubernetes_executor.py
[2023-04-16T04:57:44.515+0000] {processor.py:753} INFO - DAG(s) dict_keys(['example_local_kubernetes_executor']) retrieved from /home/airflow/.local/lib/python3.7/site-packages/airflow/example_dags/example_local_kubernetes_executor.py
[2023-04-16T04:57:44.536+0000] {logging_mixin.py:137} INFO - [2023-04-16T04:57:44.536+0000] {dag.py:2705} INFO - Sync 1 DAGs
[2023-04-16T04:57:44.550+0000] {logging_mixin.py:137} INFO - [2023-04-16T04:57:44.550+0000] {dag.py:3456} INFO - Setting next_dagrun for example_local_kubernetes_executor to None, run_after=None
[2023-04-16T04:57:44.560+0000] {processor.py:175} INFO - Processing /home/airflow/.local/lib/python3.7/site-packages/airflow/example_dags/example_local_kubernetes_executor.py took 0.065 seconds
[2023-04-16T06:01:52.085+0000] {processor.py:153} INFO - Started process (PID=35190) to work on /home/airflow/.local/lib/python3.7/site-packages/airflow/example_dags/example_local_kubernetes_executor.py
[2023-04-16T06:01:52.086+0000] {processor.py:743} INFO - Processing file /home/airflow/.local/lib/python3.7/site-packages/airflow/example_dags/example_local_kubernetes_executor.py for tasks to queue
[2023-04-16T06:01:52.087+0000] {logging_mixin.py:137} INFO - [2023-04-16T06:01:52.086+0000] {dagbag.py:532} INFO - Filling up the DagBag from /home/airflow/.local/lib/python3.7/site-packages/airflow/example_dags/example_local_kubernetes_executor.py
[2023-04-16T06:01:52.103+0000] {processor.py:753} INFO - DAG(s) dict_keys(['example_local_kubernetes_executor']) retrieved from /home/airflow/.local/lib/python3.7/site-packages/airflow/example_dags/example_local_kubernetes_executor.py
[2023-04-16T06:01:52.122+0000] {logging_mixin.py:137} INFO - [2023-04-16T06:01:52.122+0000] {dag.py:2705} INFO - Sync 1 DAGs
[2023-04-16T06:01:52.137+0000] {logging_mixin.py:137} INFO - [2023-04-16T06:01:52.137+0000] {dag.py:3456} INFO - Setting next_dagrun for example_local_kubernetes_executor to None, run_after=None
[2023-04-16T06:01:52.146+0000] {processor.py:175} INFO - Processing /home/airflow/.local/lib/python3.7/site-packages/airflow/example_dags/example_local_kubernetes_executor.py took 0.064 seconds
[2023-04-16T06:13:24.833+0000] {processor.py:153} INFO - Started process (PID=35243) to work on /home/airflow/.local/lib/python3.7/site-packages/airflow/example_dags/example_local_kubernetes_executor.py
[2023-04-16T06:13:24.834+0000] {processor.py:743} INFO - Processing file /home/airflow/.local/lib/python3.7/site-packages/airflow/example_dags/example_local_kubernetes_executor.py for tasks to queue
[2023-04-16T06:13:24.835+0000] {logging_mixin.py:137} INFO - [2023-04-16T06:13:24.835+0000] {dagbag.py:532} INFO - Filling up the DagBag from /home/airflow/.local/lib/python3.7/site-packages/airflow/example_dags/example_local_kubernetes_executor.py
[2023-04-16T06:13:24.866+0000] {processor.py:753} INFO - DAG(s) dict_keys(['example_local_kubernetes_executor']) retrieved from /home/airflow/.local/lib/python3.7/site-packages/airflow/example_dags/example_local_kubernetes_executor.py
[2023-04-16T06:13:24.899+0000] {logging_mixin.py:137} INFO - [2023-04-16T06:13:24.898+0000] {dag.py:2705} INFO - Sync 1 DAGs
[2023-04-16T06:13:24.941+0000] {logging_mixin.py:137} INFO - [2023-04-16T06:13:24.941+0000] {dag.py:3456} INFO - Setting next_dagrun for example_local_kubernetes_executor to None, run_after=None
[2023-04-16T06:13:24.960+0000] {processor.py:175} INFO - Processing /home/airflow/.local/lib/python3.7/site-packages/airflow/example_dags/example_local_kubernetes_executor.py took 0.131 seconds
[2023-04-16T06:29:18.438+0000] {processor.py:153} INFO - Started process (PID=35296) to work on /home/airflow/.local/lib/python3.7/site-packages/airflow/example_dags/example_local_kubernetes_executor.py
[2023-04-16T06:29:18.442+0000] {processor.py:743} INFO - Processing file /home/airflow/.local/lib/python3.7/site-packages/airflow/example_dags/example_local_kubernetes_executor.py for tasks to queue
[2023-04-16T06:29:18.443+0000] {logging_mixin.py:137} INFO - [2023-04-16T06:29:18.442+0000] {dagbag.py:532} INFO - Filling up the DagBag from /home/airflow/.local/lib/python3.7/site-packages/airflow/example_dags/example_local_kubernetes_executor.py
[2023-04-16T06:29:18.464+0000] {processor.py:753} INFO - DAG(s) dict_keys(['example_local_kubernetes_executor']) retrieved from /home/airflow/.local/lib/python3.7/site-packages/airflow/example_dags/example_local_kubernetes_executor.py
[2023-04-16T06:29:18.491+0000] {logging_mixin.py:137} INFO - [2023-04-16T06:29:18.491+0000] {dag.py:2705} INFO - Sync 1 DAGs
[2023-04-16T06:29:18.505+0000] {logging_mixin.py:137} INFO - [2023-04-16T06:29:18.505+0000] {dag.py:3456} INFO - Setting next_dagrun for example_local_kubernetes_executor to None, run_after=None
[2023-04-16T06:29:18.516+0000] {processor.py:175} INFO - Processing /home/airflow/.local/lib/python3.7/site-packages/airflow/example_dags/example_local_kubernetes_executor.py took 0.086 seconds
[2023-04-16T07:31:24.532+0000] {processor.py:153} INFO - Started process (PID=35349) to work on /home/airflow/.local/lib/python3.7/site-packages/airflow/example_dags/example_local_kubernetes_executor.py
[2023-04-16T07:31:24.533+0000] {processor.py:743} INFO - Processing file /home/airflow/.local/lib/python3.7/site-packages/airflow/example_dags/example_local_kubernetes_executor.py for tasks to queue
[2023-04-16T07:31:24.533+0000] {logging_mixin.py:137} INFO - [2023-04-16T07:31:24.533+0000] {dagbag.py:532} INFO - Filling up the DagBag from /home/airflow/.local/lib/python3.7/site-packages/airflow/example_dags/example_local_kubernetes_executor.py
[2023-04-16T07:31:24.557+0000] {processor.py:753} INFO - DAG(s) dict_keys(['example_local_kubernetes_executor']) retrieved from /home/airflow/.local/lib/python3.7/site-packages/airflow/example_dags/example_local_kubernetes_executor.py
[2023-04-16T07:31:24.582+0000] {logging_mixin.py:137} INFO - [2023-04-16T07:31:24.582+0000] {dag.py:2705} INFO - Sync 1 DAGs
[2023-04-16T07:31:24.599+0000] {logging_mixin.py:137} INFO - [2023-04-16T07:31:24.599+0000] {dag.py:3456} INFO - Setting next_dagrun for example_local_kubernetes_executor to None, run_after=None
[2023-04-16T07:31:24.621+0000] {processor.py:175} INFO - Processing /home/airflow/.local/lib/python3.7/site-packages/airflow/example_dags/example_local_kubernetes_executor.py took 0.092 seconds
[2023-04-16T08:50:11.004+0000] {processor.py:153} INFO - Started process (PID=35402) to work on /home/airflow/.local/lib/python3.7/site-packages/airflow/example_dags/example_local_kubernetes_executor.py
[2023-04-16T08:50:11.009+0000] {processor.py:743} INFO - Processing file /home/airflow/.local/lib/python3.7/site-packages/airflow/example_dags/example_local_kubernetes_executor.py for tasks to queue
[2023-04-16T08:50:11.011+0000] {logging_mixin.py:137} INFO - [2023-04-16T08:50:11.011+0000] {dagbag.py:532} INFO - Filling up the DagBag from /home/airflow/.local/lib/python3.7/site-packages/airflow/example_dags/example_local_kubernetes_executor.py
[2023-04-16T08:50:11.047+0000] {processor.py:753} INFO - DAG(s) dict_keys(['example_local_kubernetes_executor']) retrieved from /home/airflow/.local/lib/python3.7/site-packages/airflow/example_dags/example_local_kubernetes_executor.py
[2023-04-16T08:50:11.104+0000] {logging_mixin.py:137} INFO - [2023-04-16T08:50:11.104+0000] {dag.py:2705} INFO - Sync 1 DAGs
[2023-04-16T08:50:11.128+0000] {logging_mixin.py:137} INFO - [2023-04-16T08:50:11.127+0000] {dag.py:3456} INFO - Setting next_dagrun for example_local_kubernetes_executor to None, run_after=None
[2023-04-16T08:50:11.141+0000] {processor.py:175} INFO - Processing /home/airflow/.local/lib/python3.7/site-packages/airflow/example_dags/example_local_kubernetes_executor.py took 0.156 seconds
[2023-04-16T09:55:47.937+0000] {processor.py:153} INFO - Started process (PID=35455) to work on /home/airflow/.local/lib/python3.7/site-packages/airflow/example_dags/example_local_kubernetes_executor.py
[2023-04-16T09:55:47.939+0000] {processor.py:743} INFO - Processing file /home/airflow/.local/lib/python3.7/site-packages/airflow/example_dags/example_local_kubernetes_executor.py for tasks to queue
[2023-04-16T09:55:47.941+0000] {logging_mixin.py:137} INFO - [2023-04-16T09:55:47.941+0000] {dagbag.py:532} INFO - Filling up the DagBag from /home/airflow/.local/lib/python3.7/site-packages/airflow/example_dags/example_local_kubernetes_executor.py
[2023-04-16T09:55:47.980+0000] {processor.py:753} INFO - DAG(s) dict_keys(['example_local_kubernetes_executor']) retrieved from /home/airflow/.local/lib/python3.7/site-packages/airflow/example_dags/example_local_kubernetes_executor.py
[2023-04-16T09:55:48.020+0000] {logging_mixin.py:137} INFO - [2023-04-16T09:55:48.019+0000] {dag.py:2705} INFO - Sync 1 DAGs
[2023-04-16T09:55:48.052+0000] {logging_mixin.py:137} INFO - [2023-04-16T09:55:48.051+0000] {dag.py:3456} INFO - Setting next_dagrun for example_local_kubernetes_executor to None, run_after=None
[2023-04-16T09:55:48.064+0000] {processor.py:175} INFO - Processing /home/airflow/.local/lib/python3.7/site-packages/airflow/example_dags/example_local_kubernetes_executor.py took 0.131 seconds
[2023-04-16T11:01:49.097+0000] {processor.py:153} INFO - Started process (PID=35509) to work on /home/airflow/.local/lib/python3.7/site-packages/airflow/example_dags/example_local_kubernetes_executor.py
[2023-04-16T11:01:49.110+0000] {processor.py:743} INFO - Processing file /home/airflow/.local/lib/python3.7/site-packages/airflow/example_dags/example_local_kubernetes_executor.py for tasks to queue
[2023-04-16T11:01:49.114+0000] {logging_mixin.py:137} INFO - [2023-04-16T11:01:49.114+0000] {dagbag.py:532} INFO - Filling up the DagBag from /home/airflow/.local/lib/python3.7/site-packages/airflow/example_dags/example_local_kubernetes_executor.py
[2023-04-16T11:01:49.173+0000] {processor.py:753} INFO - DAG(s) dict_keys(['example_local_kubernetes_executor']) retrieved from /home/airflow/.local/lib/python3.7/site-packages/airflow/example_dags/example_local_kubernetes_executor.py
[2023-04-16T11:01:49.217+0000] {logging_mixin.py:137} INFO - [2023-04-16T11:01:49.217+0000] {dag.py:2705} INFO - Sync 1 DAGs
[2023-04-16T11:01:49.234+0000] {logging_mixin.py:137} INFO - [2023-04-16T11:01:49.234+0000] {dag.py:3456} INFO - Setting next_dagrun for example_local_kubernetes_executor to None, run_after=None
[2023-04-16T11:01:49.249+0000] {processor.py:175} INFO - Processing /home/airflow/.local/lib/python3.7/site-packages/airflow/example_dags/example_local_kubernetes_executor.py took 0.155 seconds
[2023-04-16T12:25:13.253+0000] {processor.py:153} INFO - Started process (PID=35562) to work on /home/airflow/.local/lib/python3.7/site-packages/airflow/example_dags/example_local_kubernetes_executor.py
[2023-04-16T12:25:13.256+0000] {processor.py:743} INFO - Processing file /home/airflow/.local/lib/python3.7/site-packages/airflow/example_dags/example_local_kubernetes_executor.py for tasks to queue
[2023-04-16T12:25:13.258+0000] {logging_mixin.py:137} INFO - [2023-04-16T12:25:13.257+0000] {dagbag.py:532} INFO - Filling up the DagBag from /home/airflow/.local/lib/python3.7/site-packages/airflow/example_dags/example_local_kubernetes_executor.py
[2023-04-16T12:25:13.294+0000] {processor.py:753} INFO - DAG(s) dict_keys(['example_local_kubernetes_executor']) retrieved from /home/airflow/.local/lib/python3.7/site-packages/airflow/example_dags/example_local_kubernetes_executor.py
[2023-04-16T12:25:13.355+0000] {logging_mixin.py:137} INFO - [2023-04-16T12:25:13.355+0000] {dag.py:2705} INFO - Sync 1 DAGs
[2023-04-16T12:25:13.380+0000] {logging_mixin.py:137} INFO - [2023-04-16T12:25:13.380+0000] {dag.py:3456} INFO - Setting next_dagrun for example_local_kubernetes_executor to None, run_after=None
[2023-04-16T12:25:13.391+0000] {processor.py:175} INFO - Processing /home/airflow/.local/lib/python3.7/site-packages/airflow/example_dags/example_local_kubernetes_executor.py took 0.142 seconds
[2023-04-16T13:32:25.155+0000] {processor.py:153} INFO - Started process (PID=35615) to work on /home/airflow/.local/lib/python3.7/site-packages/airflow/example_dags/example_local_kubernetes_executor.py
[2023-04-16T13:32:25.156+0000] {processor.py:743} INFO - Processing file /home/airflow/.local/lib/python3.7/site-packages/airflow/example_dags/example_local_kubernetes_executor.py for tasks to queue
[2023-04-16T13:32:25.160+0000] {logging_mixin.py:137} INFO - [2023-04-16T13:32:25.160+0000] {dagbag.py:532} INFO - Filling up the DagBag from /home/airflow/.local/lib/python3.7/site-packages/airflow/example_dags/example_local_kubernetes_executor.py
[2023-04-16T13:32:25.179+0000] {processor.py:753} INFO - DAG(s) dict_keys(['example_local_kubernetes_executor']) retrieved from /home/airflow/.local/lib/python3.7/site-packages/airflow/example_dags/example_local_kubernetes_executor.py
[2023-04-16T13:32:25.209+0000] {logging_mixin.py:137} INFO - [2023-04-16T13:32:25.209+0000] {dag.py:2705} INFO - Sync 1 DAGs
[2023-04-16T13:32:25.223+0000] {logging_mixin.py:137} INFO - [2023-04-16T13:32:25.223+0000] {dag.py:3456} INFO - Setting next_dagrun for example_local_kubernetes_executor to None, run_after=None
[2023-04-16T13:32:25.239+0000] {processor.py:175} INFO - Processing /home/airflow/.local/lib/python3.7/site-packages/airflow/example_dags/example_local_kubernetes_executor.py took 0.087 seconds
[2023-04-16T14:26:06.803+0000] {processor.py:153} INFO - Started process (PID=35668) to work on /home/airflow/.local/lib/python3.7/site-packages/airflow/example_dags/example_local_kubernetes_executor.py
[2023-04-16T14:26:06.804+0000] {processor.py:743} INFO - Processing file /home/airflow/.local/lib/python3.7/site-packages/airflow/example_dags/example_local_kubernetes_executor.py for tasks to queue
[2023-04-16T14:26:06.805+0000] {logging_mixin.py:137} INFO - [2023-04-16T14:26:06.805+0000] {dagbag.py:532} INFO - Filling up the DagBag from /home/airflow/.local/lib/python3.7/site-packages/airflow/example_dags/example_local_kubernetes_executor.py
[2023-04-16T14:26:06.866+0000] {processor.py:753} INFO - DAG(s) dict_keys(['example_local_kubernetes_executor']) retrieved from /home/airflow/.local/lib/python3.7/site-packages/airflow/example_dags/example_local_kubernetes_executor.py
[2023-04-16T14:26:06.924+0000] {logging_mixin.py:137} INFO - [2023-04-16T14:26:06.924+0000] {dag.py:2705} INFO - Sync 1 DAGs
[2023-04-16T14:26:06.946+0000] {logging_mixin.py:137} INFO - [2023-04-16T14:26:06.945+0000] {dag.py:3456} INFO - Setting next_dagrun for example_local_kubernetes_executor to None, run_after=None
[2023-04-16T14:26:06.967+0000] {processor.py:175} INFO - Processing /home/airflow/.local/lib/python3.7/site-packages/airflow/example_dags/example_local_kubernetes_executor.py took 0.167 seconds
[2023-04-16T14:26:37.837+0000] {processor.py:153} INFO - Started process (PID=35721) to work on /home/airflow/.local/lib/python3.7/site-packages/airflow/example_dags/example_local_kubernetes_executor.py
[2023-04-16T14:26:37.839+0000] {processor.py:743} INFO - Processing file /home/airflow/.local/lib/python3.7/site-packages/airflow/example_dags/example_local_kubernetes_executor.py for tasks to queue
[2023-04-16T14:26:37.841+0000] {logging_mixin.py:137} INFO - [2023-04-16T14:26:37.841+0000] {dagbag.py:532} INFO - Filling up the DagBag from /home/airflow/.local/lib/python3.7/site-packages/airflow/example_dags/example_local_kubernetes_executor.py
[2023-04-16T14:26:37.870+0000] {processor.py:753} INFO - DAG(s) dict_keys(['example_local_kubernetes_executor']) retrieved from /home/airflow/.local/lib/python3.7/site-packages/airflow/example_dags/example_local_kubernetes_executor.py
[2023-04-16T14:26:37.905+0000] {logging_mixin.py:137} INFO - [2023-04-16T14:26:37.905+0000] {dag.py:2705} INFO - Sync 1 DAGs
[2023-04-16T14:26:37.934+0000] {logging_mixin.py:137} INFO - [2023-04-16T14:26:37.934+0000] {dag.py:3456} INFO - Setting next_dagrun for example_local_kubernetes_executor to None, run_after=None
[2023-04-16T14:26:37.961+0000] {processor.py:175} INFO - Processing /home/airflow/.local/lib/python3.7/site-packages/airflow/example_dags/example_local_kubernetes_executor.py took 0.129 seconds
[2023-04-16T15:14:32.965+0000] {processor.py:153} INFO - Started process (PID=35774) to work on /home/airflow/.local/lib/python3.7/site-packages/airflow/example_dags/example_local_kubernetes_executor.py
[2023-04-16T15:14:32.967+0000] {processor.py:743} INFO - Processing file /home/airflow/.local/lib/python3.7/site-packages/airflow/example_dags/example_local_kubernetes_executor.py for tasks to queue
[2023-04-16T15:14:32.968+0000] {logging_mixin.py:137} INFO - [2023-04-16T15:14:32.968+0000] {dagbag.py:532} INFO - Filling up the DagBag from /home/airflow/.local/lib/python3.7/site-packages/airflow/example_dags/example_local_kubernetes_executor.py
[2023-04-16T15:14:32.988+0000] {processor.py:753} INFO - DAG(s) dict_keys(['example_local_kubernetes_executor']) retrieved from /home/airflow/.local/lib/python3.7/site-packages/airflow/example_dags/example_local_kubernetes_executor.py
[2023-04-16T15:14:33.014+0000] {logging_mixin.py:137} INFO - [2023-04-16T15:14:33.013+0000] {dag.py:2705} INFO - Sync 1 DAGs
[2023-04-16T15:14:33.033+0000] {logging_mixin.py:137} INFO - [2023-04-16T15:14:33.033+0000] {dag.py:3456} INFO - Setting next_dagrun for example_local_kubernetes_executor to None, run_after=None
[2023-04-16T15:14:33.047+0000] {processor.py:175} INFO - Processing /home/airflow/.local/lib/python3.7/site-packages/airflow/example_dags/example_local_kubernetes_executor.py took 0.085 seconds
[2023-04-16T15:15:03.740+0000] {processor.py:153} INFO - Started process (PID=35827) to work on /home/airflow/.local/lib/python3.7/site-packages/airflow/example_dags/example_local_kubernetes_executor.py
[2023-04-16T15:15:03.741+0000] {processor.py:743} INFO - Processing file /home/airflow/.local/lib/python3.7/site-packages/airflow/example_dags/example_local_kubernetes_executor.py for tasks to queue
[2023-04-16T15:15:03.742+0000] {logging_mixin.py:137} INFO - [2023-04-16T15:15:03.742+0000] {dagbag.py:532} INFO - Filling up the DagBag from /home/airflow/.local/lib/python3.7/site-packages/airflow/example_dags/example_local_kubernetes_executor.py
[2023-04-16T15:15:03.758+0000] {processor.py:753} INFO - DAG(s) dict_keys(['example_local_kubernetes_executor']) retrieved from /home/airflow/.local/lib/python3.7/site-packages/airflow/example_dags/example_local_kubernetes_executor.py
[2023-04-16T15:15:03.780+0000] {logging_mixin.py:137} INFO - [2023-04-16T15:15:03.779+0000] {dag.py:2705} INFO - Sync 1 DAGs
[2023-04-16T15:15:03.793+0000] {logging_mixin.py:137} INFO - [2023-04-16T15:15:03.793+0000] {dag.py:3456} INFO - Setting next_dagrun for example_local_kubernetes_executor to None, run_after=None
[2023-04-16T15:15:03.803+0000] {processor.py:175} INFO - Processing /home/airflow/.local/lib/python3.7/site-packages/airflow/example_dags/example_local_kubernetes_executor.py took 0.065 seconds
[2023-04-16T16:03:31.917+0000] {processor.py:153} INFO - Started process (PID=35880) to work on /home/airflow/.local/lib/python3.7/site-packages/airflow/example_dags/example_local_kubernetes_executor.py
[2023-04-16T16:03:31.918+0000] {processor.py:743} INFO - Processing file /home/airflow/.local/lib/python3.7/site-packages/airflow/example_dags/example_local_kubernetes_executor.py for tasks to queue
[2023-04-16T16:03:31.919+0000] {logging_mixin.py:137} INFO - [2023-04-16T16:03:31.919+0000] {dagbag.py:532} INFO - Filling up the DagBag from /home/airflow/.local/lib/python3.7/site-packages/airflow/example_dags/example_local_kubernetes_executor.py
[2023-04-16T16:03:31.947+0000] {processor.py:753} INFO - DAG(s) dict_keys(['example_local_kubernetes_executor']) retrieved from /home/airflow/.local/lib/python3.7/site-packages/airflow/example_dags/example_local_kubernetes_executor.py
[2023-04-16T16:03:31.970+0000] {logging_mixin.py:137} INFO - [2023-04-16T16:03:31.970+0000] {dag.py:2705} INFO - Sync 1 DAGs
[2023-04-16T16:03:31.983+0000] {logging_mixin.py:137} INFO - [2023-04-16T16:03:31.983+0000] {dag.py:3456} INFO - Setting next_dagrun for example_local_kubernetes_executor to None, run_after=None
[2023-04-16T16:03:31.994+0000] {processor.py:175} INFO - Processing /home/airflow/.local/lib/python3.7/site-packages/airflow/example_dags/example_local_kubernetes_executor.py took 0.080 seconds
[2023-04-16T17:09:32.299+0000] {processor.py:153} INFO - Started process (PID=35933) to work on /home/airflow/.local/lib/python3.7/site-packages/airflow/example_dags/example_local_kubernetes_executor.py
[2023-04-16T17:09:32.302+0000] {processor.py:743} INFO - Processing file /home/airflow/.local/lib/python3.7/site-packages/airflow/example_dags/example_local_kubernetes_executor.py for tasks to queue
[2023-04-16T17:09:32.303+0000] {logging_mixin.py:137} INFO - [2023-04-16T17:09:32.303+0000] {dagbag.py:532} INFO - Filling up the DagBag from /home/airflow/.local/lib/python3.7/site-packages/airflow/example_dags/example_local_kubernetes_executor.py
[2023-04-16T17:09:32.334+0000] {processor.py:753} INFO - DAG(s) dict_keys(['example_local_kubernetes_executor']) retrieved from /home/airflow/.local/lib/python3.7/site-packages/airflow/example_dags/example_local_kubernetes_executor.py
[2023-04-16T17:09:32.370+0000] {logging_mixin.py:137} INFO - [2023-04-16T17:09:32.370+0000] {dag.py:2705} INFO - Sync 1 DAGs
[2023-04-16T17:09:32.397+0000] {logging_mixin.py:137} INFO - [2023-04-16T17:09:32.397+0000] {dag.py:3456} INFO - Setting next_dagrun for example_local_kubernetes_executor to None, run_after=None
[2023-04-16T17:09:32.418+0000] {processor.py:175} INFO - Processing /home/airflow/.local/lib/python3.7/site-packages/airflow/example_dags/example_local_kubernetes_executor.py took 0.123 seconds
[2023-04-16T18:32:23.391+0000] {processor.py:153} INFO - Started process (PID=35986) to work on /home/airflow/.local/lib/python3.7/site-packages/airflow/example_dags/example_local_kubernetes_executor.py
[2023-04-16T18:32:23.402+0000] {processor.py:743} INFO - Processing file /home/airflow/.local/lib/python3.7/site-packages/airflow/example_dags/example_local_kubernetes_executor.py for tasks to queue
[2023-04-16T18:32:23.407+0000] {logging_mixin.py:137} INFO - [2023-04-16T18:32:23.407+0000] {dagbag.py:532} INFO - Filling up the DagBag from /home/airflow/.local/lib/python3.7/site-packages/airflow/example_dags/example_local_kubernetes_executor.py
[2023-04-16T18:32:23.471+0000] {processor.py:753} INFO - DAG(s) dict_keys(['example_local_kubernetes_executor']) retrieved from /home/airflow/.local/lib/python3.7/site-packages/airflow/example_dags/example_local_kubernetes_executor.py
[2023-04-16T18:32:23.557+0000] {logging_mixin.py:137} INFO - [2023-04-16T18:32:23.556+0000] {dag.py:2705} INFO - Sync 1 DAGs
[2023-04-16T18:32:23.598+0000] {logging_mixin.py:137} INFO - [2023-04-16T18:32:23.597+0000] {dag.py:3456} INFO - Setting next_dagrun for example_local_kubernetes_executor to None, run_after=None
[2023-04-16T18:32:23.627+0000] {processor.py:175} INFO - Processing /home/airflow/.local/lib/python3.7/site-packages/airflow/example_dags/example_local_kubernetes_executor.py took 0.245 seconds
[2023-04-16T19:39:48.659+0000] {processor.py:153} INFO - Started process (PID=36039) to work on /home/airflow/.local/lib/python3.7/site-packages/airflow/example_dags/example_local_kubernetes_executor.py
[2023-04-16T19:39:48.661+0000] {processor.py:743} INFO - Processing file /home/airflow/.local/lib/python3.7/site-packages/airflow/example_dags/example_local_kubernetes_executor.py for tasks to queue
[2023-04-16T19:39:48.662+0000] {logging_mixin.py:137} INFO - [2023-04-16T19:39:48.662+0000] {dagbag.py:532} INFO - Filling up the DagBag from /home/airflow/.local/lib/python3.7/site-packages/airflow/example_dags/example_local_kubernetes_executor.py
[2023-04-16T19:39:48.701+0000] {processor.py:753} INFO - DAG(s) dict_keys(['example_local_kubernetes_executor']) retrieved from /home/airflow/.local/lib/python3.7/site-packages/airflow/example_dags/example_local_kubernetes_executor.py
[2023-04-16T19:39:48.753+0000] {logging_mixin.py:137} INFO - [2023-04-16T19:39:48.753+0000] {dag.py:2705} INFO - Sync 1 DAGs
[2023-04-16T19:39:48.783+0000] {logging_mixin.py:137} INFO - [2023-04-16T19:39:48.783+0000] {dag.py:3456} INFO - Setting next_dagrun for example_local_kubernetes_executor to None, run_after=None
[2023-04-16T19:39:48.803+0000] {processor.py:175} INFO - Processing /home/airflow/.local/lib/python3.7/site-packages/airflow/example_dags/example_local_kubernetes_executor.py took 0.151 seconds
[2023-04-16T20:44:58.436+0000] {processor.py:153} INFO - Started process (PID=36092) to work on /home/airflow/.local/lib/python3.7/site-packages/airflow/example_dags/example_local_kubernetes_executor.py
[2023-04-16T20:44:58.440+0000] {processor.py:743} INFO - Processing file /home/airflow/.local/lib/python3.7/site-packages/airflow/example_dags/example_local_kubernetes_executor.py for tasks to queue
[2023-04-16T20:44:58.442+0000] {logging_mixin.py:137} INFO - [2023-04-16T20:44:58.442+0000] {dagbag.py:532} INFO - Filling up the DagBag from /home/airflow/.local/lib/python3.7/site-packages/airflow/example_dags/example_local_kubernetes_executor.py
[2023-04-16T20:44:58.523+0000] {processor.py:753} INFO - DAG(s) dict_keys(['example_local_kubernetes_executor']) retrieved from /home/airflow/.local/lib/python3.7/site-packages/airflow/example_dags/example_local_kubernetes_executor.py
[2023-04-16T20:44:58.588+0000] {logging_mixin.py:137} INFO - [2023-04-16T20:44:58.588+0000] {dag.py:2705} INFO - Sync 1 DAGs
[2023-04-16T20:44:58.613+0000] {logging_mixin.py:137} INFO - [2023-04-16T20:44:58.613+0000] {dag.py:3456} INFO - Setting next_dagrun for example_local_kubernetes_executor to None, run_after=None
[2023-04-16T20:44:58.626+0000] {processor.py:175} INFO - Processing /home/airflow/.local/lib/python3.7/site-packages/airflow/example_dags/example_local_kubernetes_executor.py took 0.204 seconds
[2023-04-16T21:52:24.555+0000] {processor.py:153} INFO - Started process (PID=36145) to work on /home/airflow/.local/lib/python3.7/site-packages/airflow/example_dags/example_local_kubernetes_executor.py
[2023-04-16T21:52:24.557+0000] {processor.py:743} INFO - Processing file /home/airflow/.local/lib/python3.7/site-packages/airflow/example_dags/example_local_kubernetes_executor.py for tasks to queue
[2023-04-16T21:52:24.557+0000] {logging_mixin.py:137} INFO - [2023-04-16T21:52:24.557+0000] {dagbag.py:532} INFO - Filling up the DagBag from /home/airflow/.local/lib/python3.7/site-packages/airflow/example_dags/example_local_kubernetes_executor.py
[2023-04-16T21:52:24.574+0000] {processor.py:753} INFO - DAG(s) dict_keys(['example_local_kubernetes_executor']) retrieved from /home/airflow/.local/lib/python3.7/site-packages/airflow/example_dags/example_local_kubernetes_executor.py
[2023-04-16T21:52:24.600+0000] {logging_mixin.py:137} INFO - [2023-04-16T21:52:24.600+0000] {dag.py:2705} INFO - Sync 1 DAGs
[2023-04-16T21:52:24.626+0000] {logging_mixin.py:137} INFO - [2023-04-16T21:52:24.626+0000] {dag.py:3456} INFO - Setting next_dagrun for example_local_kubernetes_executor to None, run_after=None
[2023-04-16T21:52:24.638+0000] {processor.py:175} INFO - Processing /home/airflow/.local/lib/python3.7/site-packages/airflow/example_dags/example_local_kubernetes_executor.py took 0.085 seconds
[2023-04-16T22:18:54.350+0000] {processor.py:153} INFO - Started process (PID=36198) to work on /home/airflow/.local/lib/python3.7/site-packages/airflow/example_dags/example_local_kubernetes_executor.py
[2023-04-16T22:18:54.352+0000] {processor.py:743} INFO - Processing file /home/airflow/.local/lib/python3.7/site-packages/airflow/example_dags/example_local_kubernetes_executor.py for tasks to queue
[2023-04-16T22:18:54.353+0000] {logging_mixin.py:137} INFO - [2023-04-16T22:18:54.353+0000] {dagbag.py:532} INFO - Filling up the DagBag from /home/airflow/.local/lib/python3.7/site-packages/airflow/example_dags/example_local_kubernetes_executor.py
[2023-04-16T22:18:54.372+0000] {processor.py:753} INFO - DAG(s) dict_keys(['example_local_kubernetes_executor']) retrieved from /home/airflow/.local/lib/python3.7/site-packages/airflow/example_dags/example_local_kubernetes_executor.py
[2023-04-16T22:18:54.399+0000] {logging_mixin.py:137} INFO - [2023-04-16T22:18:54.399+0000] {dag.py:2705} INFO - Sync 1 DAGs
[2023-04-16T22:18:54.421+0000] {logging_mixin.py:137} INFO - [2023-04-16T22:18:54.420+0000] {dag.py:3456} INFO - Setting next_dagrun for example_local_kubernetes_executor to None, run_after=None
[2023-04-16T22:18:54.435+0000] {processor.py:175} INFO - Processing /home/airflow/.local/lib/python3.7/site-packages/airflow/example_dags/example_local_kubernetes_executor.py took 0.088 seconds
[2023-04-16T22:19:24.934+0000] {processor.py:153} INFO - Started process (PID=36251) to work on /home/airflow/.local/lib/python3.7/site-packages/airflow/example_dags/example_local_kubernetes_executor.py
[2023-04-16T22:19:24.935+0000] {processor.py:743} INFO - Processing file /home/airflow/.local/lib/python3.7/site-packages/airflow/example_dags/example_local_kubernetes_executor.py for tasks to queue
[2023-04-16T22:19:24.935+0000] {logging_mixin.py:137} INFO - [2023-04-16T22:19:24.935+0000] {dagbag.py:532} INFO - Filling up the DagBag from /home/airflow/.local/lib/python3.7/site-packages/airflow/example_dags/example_local_kubernetes_executor.py
[2023-04-16T22:19:24.953+0000] {processor.py:753} INFO - DAG(s) dict_keys(['example_local_kubernetes_executor']) retrieved from /home/airflow/.local/lib/python3.7/site-packages/airflow/example_dags/example_local_kubernetes_executor.py
[2023-04-16T22:19:24.975+0000] {logging_mixin.py:137} INFO - [2023-04-16T22:19:24.975+0000] {dag.py:2705} INFO - Sync 1 DAGs
[2023-04-16T22:19:25.006+0000] {logging_mixin.py:137} INFO - [2023-04-16T22:19:25.005+0000] {dag.py:3456} INFO - Setting next_dagrun for example_local_kubernetes_executor to None, run_after=None
[2023-04-16T22:19:25.019+0000] {processor.py:175} INFO - Processing /home/airflow/.local/lib/python3.7/site-packages/airflow/example_dags/example_local_kubernetes_executor.py took 0.089 seconds
[2023-04-16T22:39:19.104+0000] {processor.py:153} INFO - Started process (PID=36304) to work on /home/airflow/.local/lib/python3.7/site-packages/airflow/example_dags/example_local_kubernetes_executor.py
[2023-04-16T22:39:19.105+0000] {processor.py:743} INFO - Processing file /home/airflow/.local/lib/python3.7/site-packages/airflow/example_dags/example_local_kubernetes_executor.py for tasks to queue
[2023-04-16T22:39:19.105+0000] {logging_mixin.py:137} INFO - [2023-04-16T22:39:19.105+0000] {dagbag.py:532} INFO - Filling up the DagBag from /home/airflow/.local/lib/python3.7/site-packages/airflow/example_dags/example_local_kubernetes_executor.py
[2023-04-16T22:39:19.121+0000] {processor.py:753} INFO - DAG(s) dict_keys(['example_local_kubernetes_executor']) retrieved from /home/airflow/.local/lib/python3.7/site-packages/airflow/example_dags/example_local_kubernetes_executor.py
[2023-04-16T22:39:19.144+0000] {logging_mixin.py:137} INFO - [2023-04-16T22:39:19.144+0000] {dag.py:2705} INFO - Sync 1 DAGs
[2023-04-16T22:39:19.158+0000] {logging_mixin.py:137} INFO - [2023-04-16T22:39:19.158+0000] {dag.py:3456} INFO - Setting next_dagrun for example_local_kubernetes_executor to None, run_after=None
[2023-04-16T22:39:19.168+0000] {processor.py:175} INFO - Processing /home/airflow/.local/lib/python3.7/site-packages/airflow/example_dags/example_local_kubernetes_executor.py took 0.067 seconds
[2023-04-16T22:39:49.605+0000] {processor.py:153} INFO - Started process (PID=36357) to work on /home/airflow/.local/lib/python3.7/site-packages/airflow/example_dags/example_local_kubernetes_executor.py
[2023-04-16T22:39:49.606+0000] {processor.py:743} INFO - Processing file /home/airflow/.local/lib/python3.7/site-packages/airflow/example_dags/example_local_kubernetes_executor.py for tasks to queue
[2023-04-16T22:39:49.608+0000] {logging_mixin.py:137} INFO - [2023-04-16T22:39:49.608+0000] {dagbag.py:532} INFO - Filling up the DagBag from /home/airflow/.local/lib/python3.7/site-packages/airflow/example_dags/example_local_kubernetes_executor.py
[2023-04-16T22:39:49.624+0000] {processor.py:753} INFO - DAG(s) dict_keys(['example_local_kubernetes_executor']) retrieved from /home/airflow/.local/lib/python3.7/site-packages/airflow/example_dags/example_local_kubernetes_executor.py
[2023-04-16T22:39:49.647+0000] {logging_mixin.py:137} INFO - [2023-04-16T22:39:49.647+0000] {dag.py:2705} INFO - Sync 1 DAGs
[2023-04-16T22:39:49.661+0000] {logging_mixin.py:137} INFO - [2023-04-16T22:39:49.661+0000] {dag.py:3456} INFO - Setting next_dagrun for example_local_kubernetes_executor to None, run_after=None
[2023-04-16T22:39:49.671+0000] {processor.py:175} INFO - Processing /home/airflow/.local/lib/python3.7/site-packages/airflow/example_dags/example_local_kubernetes_executor.py took 0.068 seconds
