[2023-04-16T00:33:37.246+0000] {processor.py:153} INFO - Started process (PID=34897) to work on /home/airflow/.local/lib/python3.7/site-packages/airflow/example_dags/example_latest_only_with_trigger.py
[2023-04-16T00:33:37.247+0000] {processor.py:743} INFO - Processing file /home/airflow/.local/lib/python3.7/site-packages/airflow/example_dags/example_latest_only_with_trigger.py for tasks to queue
[2023-04-16T00:33:37.248+0000] {logging_mixin.py:137} INFO - [2023-04-16T00:33:37.248+0000] {dagbag.py:532} INFO - Filling up the DagBag from /home/airflow/.local/lib/python3.7/site-packages/airflow/example_dags/example_latest_only_with_trigger.py
[2023-04-16T00:33:37.258+0000] {processor.py:753} INFO - DAG(s) dict_keys(['latest_only_with_trigger']) retrieved from /home/airflow/.local/lib/python3.7/site-packages/airflow/example_dags/example_latest_only_with_trigger.py
[2023-04-16T00:33:37.276+0000] {logging_mixin.py:137} INFO - [2023-04-16T00:33:37.276+0000] {dag.py:2705} INFO - Sync 1 DAGs
[2023-04-16T00:33:37.290+0000] {logging_mixin.py:137} INFO - [2023-04-16T00:33:37.290+0000] {dag.py:3456} INFO - Setting next_dagrun for latest_only_with_trigger to 2023-04-15T20:33:37.290107+00:00, run_after=2023-04-16T00:33:37.290107+00:00
[2023-04-16T00:33:37.299+0000] {processor.py:175} INFO - Processing /home/airflow/.local/lib/python3.7/site-packages/airflow/example_dags/example_latest_only_with_trigger.py took 0.056 seconds
[2023-04-16T01:42:57.011+0000] {processor.py:153} INFO - Started process (PID=34950) to work on /home/airflow/.local/lib/python3.7/site-packages/airflow/example_dags/example_latest_only_with_trigger.py
[2023-04-16T01:42:57.012+0000] {processor.py:743} INFO - Processing file /home/airflow/.local/lib/python3.7/site-packages/airflow/example_dags/example_latest_only_with_trigger.py for tasks to queue
[2023-04-16T01:42:57.012+0000] {logging_mixin.py:137} INFO - [2023-04-16T01:42:57.012+0000] {dagbag.py:532} INFO - Filling up the DagBag from /home/airflow/.local/lib/python3.7/site-packages/airflow/example_dags/example_latest_only_with_trigger.py
[2023-04-16T01:42:57.023+0000] {processor.py:753} INFO - DAG(s) dict_keys(['latest_only_with_trigger']) retrieved from /home/airflow/.local/lib/python3.7/site-packages/airflow/example_dags/example_latest_only_with_trigger.py
[2023-04-16T01:42:57.041+0000] {logging_mixin.py:137} INFO - [2023-04-16T01:42:57.041+0000] {dag.py:2705} INFO - Sync 1 DAGs
[2023-04-16T01:42:57.056+0000] {logging_mixin.py:137} INFO - [2023-04-16T01:42:57.056+0000] {dag.py:3456} INFO - Setting next_dagrun for latest_only_with_trigger to 2023-04-15T21:42:57.056154+00:00, run_after=2023-04-16T01:42:57.056154+00:00
[2023-04-16T01:42:57.066+0000] {processor.py:175} INFO - Processing /home/airflow/.local/lib/python3.7/site-packages/airflow/example_dags/example_latest_only_with_trigger.py took 0.058 seconds
[2023-04-16T02:49:25.924+0000] {processor.py:153} INFO - Started process (PID=35003) to work on /home/airflow/.local/lib/python3.7/site-packages/airflow/example_dags/example_latest_only_with_trigger.py
[2023-04-16T02:49:25.925+0000] {processor.py:743} INFO - Processing file /home/airflow/.local/lib/python3.7/site-packages/airflow/example_dags/example_latest_only_with_trigger.py for tasks to queue
[2023-04-16T02:49:25.925+0000] {logging_mixin.py:137} INFO - [2023-04-16T02:49:25.925+0000] {dagbag.py:532} INFO - Filling up the DagBag from /home/airflow/.local/lib/python3.7/site-packages/airflow/example_dags/example_latest_only_with_trigger.py
[2023-04-16T02:49:25.935+0000] {processor.py:753} INFO - DAG(s) dict_keys(['latest_only_with_trigger']) retrieved from /home/airflow/.local/lib/python3.7/site-packages/airflow/example_dags/example_latest_only_with_trigger.py
[2023-04-16T02:49:25.953+0000] {logging_mixin.py:137} INFO - [2023-04-16T02:49:25.953+0000] {dag.py:2705} INFO - Sync 1 DAGs
[2023-04-16T02:49:25.967+0000] {logging_mixin.py:137} INFO - [2023-04-16T02:49:25.967+0000] {dag.py:3456} INFO - Setting next_dagrun for latest_only_with_trigger to 2023-04-15T22:49:25.966995+00:00, run_after=2023-04-16T02:49:25.966995+00:00
[2023-04-16T02:49:25.977+0000] {processor.py:175} INFO - Processing /home/airflow/.local/lib/python3.7/site-packages/airflow/example_dags/example_latest_only_with_trigger.py took 0.056 seconds
[2023-04-16T03:56:31.811+0000] {processor.py:153} INFO - Started process (PID=35057) to work on /home/airflow/.local/lib/python3.7/site-packages/airflow/example_dags/example_latest_only_with_trigger.py
[2023-04-16T03:56:31.811+0000] {processor.py:743} INFO - Processing file /home/airflow/.local/lib/python3.7/site-packages/airflow/example_dags/example_latest_only_with_trigger.py for tasks to queue
[2023-04-16T03:56:31.812+0000] {logging_mixin.py:137} INFO - [2023-04-16T03:56:31.812+0000] {dagbag.py:532} INFO - Filling up the DagBag from /home/airflow/.local/lib/python3.7/site-packages/airflow/example_dags/example_latest_only_with_trigger.py
[2023-04-16T03:56:31.824+0000] {processor.py:753} INFO - DAG(s) dict_keys(['latest_only_with_trigger']) retrieved from /home/airflow/.local/lib/python3.7/site-packages/airflow/example_dags/example_latest_only_with_trigger.py
[2023-04-16T03:56:31.844+0000] {logging_mixin.py:137} INFO - [2023-04-16T03:56:31.844+0000] {dag.py:2705} INFO - Sync 1 DAGs
[2023-04-16T03:56:31.859+0000] {logging_mixin.py:137} INFO - [2023-04-16T03:56:31.859+0000] {dag.py:3456} INFO - Setting next_dagrun for latest_only_with_trigger to 2023-04-15T23:56:31.859649+00:00, run_after=2023-04-16T03:56:31.859649+00:00
[2023-04-16T03:56:31.871+0000] {processor.py:175} INFO - Processing /home/airflow/.local/lib/python3.7/site-packages/airflow/example_dags/example_latest_only_with_trigger.py took 0.062 seconds
[2023-04-16T04:57:15.203+0000] {processor.py:153} INFO - Started process (PID=35110) to work on /home/airflow/.local/lib/python3.7/site-packages/airflow/example_dags/example_latest_only_with_trigger.py
[2023-04-16T04:57:15.204+0000] {processor.py:743} INFO - Processing file /home/airflow/.local/lib/python3.7/site-packages/airflow/example_dags/example_latest_only_with_trigger.py for tasks to queue
[2023-04-16T04:57:15.204+0000] {logging_mixin.py:137} INFO - [2023-04-16T04:57:15.204+0000] {dagbag.py:532} INFO - Filling up the DagBag from /home/airflow/.local/lib/python3.7/site-packages/airflow/example_dags/example_latest_only_with_trigger.py
[2023-04-16T04:57:15.214+0000] {processor.py:753} INFO - DAG(s) dict_keys(['latest_only_with_trigger']) retrieved from /home/airflow/.local/lib/python3.7/site-packages/airflow/example_dags/example_latest_only_with_trigger.py
[2023-04-16T04:57:15.238+0000] {logging_mixin.py:137} INFO - [2023-04-16T04:57:15.238+0000] {dag.py:2705} INFO - Sync 1 DAGs
[2023-04-16T04:57:15.253+0000] {logging_mixin.py:137} INFO - [2023-04-16T04:57:15.253+0000] {dag.py:3456} INFO - Setting next_dagrun for latest_only_with_trigger to 2023-04-16T00:57:15.253498+00:00, run_after=2023-04-16T04:57:15.253498+00:00
[2023-04-16T04:57:15.266+0000] {processor.py:175} INFO - Processing /home/airflow/.local/lib/python3.7/site-packages/airflow/example_dags/example_latest_only_with_trigger.py took 0.066 seconds
[2023-04-16T04:57:45.677+0000] {processor.py:153} INFO - Started process (PID=35162) to work on /home/airflow/.local/lib/python3.7/site-packages/airflow/example_dags/example_latest_only_with_trigger.py
[2023-04-16T04:57:45.678+0000] {processor.py:743} INFO - Processing file /home/airflow/.local/lib/python3.7/site-packages/airflow/example_dags/example_latest_only_with_trigger.py for tasks to queue
[2023-04-16T04:57:45.679+0000] {logging_mixin.py:137} INFO - [2023-04-16T04:57:45.679+0000] {dagbag.py:532} INFO - Filling up the DagBag from /home/airflow/.local/lib/python3.7/site-packages/airflow/example_dags/example_latest_only_with_trigger.py
[2023-04-16T04:57:45.689+0000] {processor.py:753} INFO - DAG(s) dict_keys(['latest_only_with_trigger']) retrieved from /home/airflow/.local/lib/python3.7/site-packages/airflow/example_dags/example_latest_only_with_trigger.py
[2023-04-16T04:57:45.707+0000] {logging_mixin.py:137} INFO - [2023-04-16T04:57:45.707+0000] {dag.py:2705} INFO - Sync 1 DAGs
[2023-04-16T04:57:45.725+0000] {logging_mixin.py:137} INFO - [2023-04-16T04:57:45.725+0000] {dag.py:3456} INFO - Setting next_dagrun for latest_only_with_trigger to 2023-04-16T00:57:45.725515+00:00, run_after=2023-04-16T04:57:45.725515+00:00
[2023-04-16T04:57:45.737+0000] {processor.py:175} INFO - Processing /home/airflow/.local/lib/python3.7/site-packages/airflow/example_dags/example_latest_only_with_trigger.py took 0.062 seconds
[2023-04-16T06:01:54.266+0000] {processor.py:153} INFO - Started process (PID=35215) to work on /home/airflow/.local/lib/python3.7/site-packages/airflow/example_dags/example_latest_only_with_trigger.py
[2023-04-16T06:01:54.267+0000] {processor.py:743} INFO - Processing file /home/airflow/.local/lib/python3.7/site-packages/airflow/example_dags/example_latest_only_with_trigger.py for tasks to queue
[2023-04-16T06:01:54.268+0000] {logging_mixin.py:137} INFO - [2023-04-16T06:01:54.268+0000] {dagbag.py:532} INFO - Filling up the DagBag from /home/airflow/.local/lib/python3.7/site-packages/airflow/example_dags/example_latest_only_with_trigger.py
[2023-04-16T06:01:54.278+0000] {processor.py:753} INFO - DAG(s) dict_keys(['latest_only_with_trigger']) retrieved from /home/airflow/.local/lib/python3.7/site-packages/airflow/example_dags/example_latest_only_with_trigger.py
[2023-04-16T06:01:54.298+0000] {logging_mixin.py:137} INFO - [2023-04-16T06:01:54.297+0000] {dag.py:2705} INFO - Sync 1 DAGs
[2023-04-16T06:01:54.317+0000] {logging_mixin.py:137} INFO - [2023-04-16T06:01:54.317+0000] {dag.py:3456} INFO - Setting next_dagrun for latest_only_with_trigger to 2023-04-16T02:01:54.316823+00:00, run_after=2023-04-16T06:01:54.316823+00:00
[2023-04-16T06:01:54.326+0000] {processor.py:175} INFO - Processing /home/airflow/.local/lib/python3.7/site-packages/airflow/example_dags/example_latest_only_with_trigger.py took 0.063 seconds
[2023-04-16T06:13:26.057+0000] {processor.py:153} INFO - Started process (PID=35268) to work on /home/airflow/.local/lib/python3.7/site-packages/airflow/example_dags/example_latest_only_with_trigger.py
[2023-04-16T06:13:26.058+0000] {processor.py:743} INFO - Processing file /home/airflow/.local/lib/python3.7/site-packages/airflow/example_dags/example_latest_only_with_trigger.py for tasks to queue
[2023-04-16T06:13:26.058+0000] {logging_mixin.py:137} INFO - [2023-04-16T06:13:26.058+0000] {dagbag.py:532} INFO - Filling up the DagBag from /home/airflow/.local/lib/python3.7/site-packages/airflow/example_dags/example_latest_only_with_trigger.py
[2023-04-16T06:13:26.072+0000] {processor.py:753} INFO - DAG(s) dict_keys(['latest_only_with_trigger']) retrieved from /home/airflow/.local/lib/python3.7/site-packages/airflow/example_dags/example_latest_only_with_trigger.py
[2023-04-16T06:13:26.090+0000] {logging_mixin.py:137} INFO - [2023-04-16T06:13:26.090+0000] {dag.py:2705} INFO - Sync 1 DAGs
[2023-04-16T06:13:26.105+0000] {logging_mixin.py:137} INFO - [2023-04-16T06:13:26.105+0000] {dag.py:3456} INFO - Setting next_dagrun for latest_only_with_trigger to 2023-04-16T02:13:26.105722+00:00, run_after=2023-04-16T06:13:26.105722+00:00
[2023-04-16T06:13:26.115+0000] {processor.py:175} INFO - Processing /home/airflow/.local/lib/python3.7/site-packages/airflow/example_dags/example_latest_only_with_trigger.py took 0.061 seconds
[2023-04-16T06:29:19.675+0000] {processor.py:153} INFO - Started process (PID=35321) to work on /home/airflow/.local/lib/python3.7/site-packages/airflow/example_dags/example_latest_only_with_trigger.py
[2023-04-16T06:29:19.676+0000] {processor.py:743} INFO - Processing file /home/airflow/.local/lib/python3.7/site-packages/airflow/example_dags/example_latest_only_with_trigger.py for tasks to queue
[2023-04-16T06:29:19.676+0000] {logging_mixin.py:137} INFO - [2023-04-16T06:29:19.676+0000] {dagbag.py:532} INFO - Filling up the DagBag from /home/airflow/.local/lib/python3.7/site-packages/airflow/example_dags/example_latest_only_with_trigger.py
[2023-04-16T06:29:19.686+0000] {processor.py:753} INFO - DAG(s) dict_keys(['latest_only_with_trigger']) retrieved from /home/airflow/.local/lib/python3.7/site-packages/airflow/example_dags/example_latest_only_with_trigger.py
[2023-04-16T06:29:19.707+0000] {logging_mixin.py:137} INFO - [2023-04-16T06:29:19.706+0000] {dag.py:2705} INFO - Sync 1 DAGs
[2023-04-16T06:29:19.721+0000] {logging_mixin.py:137} INFO - [2023-04-16T06:29:19.721+0000] {dag.py:3456} INFO - Setting next_dagrun for latest_only_with_trigger to 2023-04-16T02:29:19.720997+00:00, run_after=2023-04-16T06:29:19.720997+00:00
[2023-04-16T06:29:19.730+0000] {processor.py:175} INFO - Processing /home/airflow/.local/lib/python3.7/site-packages/airflow/example_dags/example_latest_only_with_trigger.py took 0.058 seconds
[2023-04-16T07:31:25.746+0000] {processor.py:153} INFO - Started process (PID=35374) to work on /home/airflow/.local/lib/python3.7/site-packages/airflow/example_dags/example_latest_only_with_trigger.py
[2023-04-16T07:31:25.747+0000] {processor.py:743} INFO - Processing file /home/airflow/.local/lib/python3.7/site-packages/airflow/example_dags/example_latest_only_with_trigger.py for tasks to queue
[2023-04-16T07:31:25.748+0000] {logging_mixin.py:137} INFO - [2023-04-16T07:31:25.748+0000] {dagbag.py:532} INFO - Filling up the DagBag from /home/airflow/.local/lib/python3.7/site-packages/airflow/example_dags/example_latest_only_with_trigger.py
[2023-04-16T07:31:25.758+0000] {processor.py:753} INFO - DAG(s) dict_keys(['latest_only_with_trigger']) retrieved from /home/airflow/.local/lib/python3.7/site-packages/airflow/example_dags/example_latest_only_with_trigger.py
[2023-04-16T07:31:25.778+0000] {logging_mixin.py:137} INFO - [2023-04-16T07:31:25.778+0000] {dag.py:2705} INFO - Sync 1 DAGs
[2023-04-16T07:31:25.799+0000] {logging_mixin.py:137} INFO - [2023-04-16T07:31:25.799+0000] {dag.py:3456} INFO - Setting next_dagrun for latest_only_with_trigger to 2023-04-16T03:31:25.798757+00:00, run_after=2023-04-16T07:31:25.798757+00:00
[2023-04-16T07:31:25.815+0000] {processor.py:175} INFO - Processing /home/airflow/.local/lib/python3.7/site-packages/airflow/example_dags/example_latest_only_with_trigger.py took 0.071 seconds
[2023-04-16T08:50:12.321+0000] {processor.py:153} INFO - Started process (PID=35427) to work on /home/airflow/.local/lib/python3.7/site-packages/airflow/example_dags/example_latest_only_with_trigger.py
[2023-04-16T08:50:12.322+0000] {processor.py:743} INFO - Processing file /home/airflow/.local/lib/python3.7/site-packages/airflow/example_dags/example_latest_only_with_trigger.py for tasks to queue
[2023-04-16T08:50:12.322+0000] {logging_mixin.py:137} INFO - [2023-04-16T08:50:12.322+0000] {dagbag.py:532} INFO - Filling up the DagBag from /home/airflow/.local/lib/python3.7/site-packages/airflow/example_dags/example_latest_only_with_trigger.py
[2023-04-16T08:50:12.333+0000] {processor.py:753} INFO - DAG(s) dict_keys(['latest_only_with_trigger']) retrieved from /home/airflow/.local/lib/python3.7/site-packages/airflow/example_dags/example_latest_only_with_trigger.py
[2023-04-16T08:50:12.351+0000] {logging_mixin.py:137} INFO - [2023-04-16T08:50:12.351+0000] {dag.py:2705} INFO - Sync 1 DAGs
[2023-04-16T08:50:12.364+0000] {logging_mixin.py:137} INFO - [2023-04-16T08:50:12.364+0000] {dag.py:3456} INFO - Setting next_dagrun for latest_only_with_trigger to 2023-04-16T04:50:12.364695+00:00, run_after=2023-04-16T08:50:12.364695+00:00
[2023-04-16T08:50:12.375+0000] {processor.py:175} INFO - Processing /home/airflow/.local/lib/python3.7/site-packages/airflow/example_dags/example_latest_only_with_trigger.py took 0.057 seconds
[2023-04-16T09:55:50.096+0000] {processor.py:153} INFO - Started process (PID=35480) to work on /home/airflow/.local/lib/python3.7/site-packages/airflow/example_dags/example_latest_only_with_trigger.py
[2023-04-16T09:55:50.098+0000] {processor.py:743} INFO - Processing file /home/airflow/.local/lib/python3.7/site-packages/airflow/example_dags/example_latest_only_with_trigger.py for tasks to queue
[2023-04-16T09:55:50.100+0000] {logging_mixin.py:137} INFO - [2023-04-16T09:55:50.100+0000] {dagbag.py:532} INFO - Filling up the DagBag from /home/airflow/.local/lib/python3.7/site-packages/airflow/example_dags/example_latest_only_with_trigger.py
[2023-04-16T09:55:50.114+0000] {processor.py:753} INFO - DAG(s) dict_keys(['latest_only_with_trigger']) retrieved from /home/airflow/.local/lib/python3.7/site-packages/airflow/example_dags/example_latest_only_with_trigger.py
[2023-04-16T09:55:50.137+0000] {logging_mixin.py:137} INFO - [2023-04-16T09:55:50.137+0000] {dag.py:2705} INFO - Sync 1 DAGs
[2023-04-16T09:55:50.157+0000] {logging_mixin.py:137} INFO - [2023-04-16T09:55:50.156+0000] {dag.py:3456} INFO - Setting next_dagrun for latest_only_with_trigger to 2023-04-16T05:55:50.156675+00:00, run_after=2023-04-16T09:55:50.156675+00:00
[2023-04-16T09:55:50.170+0000] {processor.py:175} INFO - Processing /home/airflow/.local/lib/python3.7/site-packages/airflow/example_dags/example_latest_only_with_trigger.py took 0.079 seconds
[2023-04-16T11:01:50.465+0000] {processor.py:153} INFO - Started process (PID=35534) to work on /home/airflow/.local/lib/python3.7/site-packages/airflow/example_dags/example_latest_only_with_trigger.py
[2023-04-16T11:01:50.466+0000] {processor.py:743} INFO - Processing file /home/airflow/.local/lib/python3.7/site-packages/airflow/example_dags/example_latest_only_with_trigger.py for tasks to queue
[2023-04-16T11:01:50.467+0000] {logging_mixin.py:137} INFO - [2023-04-16T11:01:50.467+0000] {dagbag.py:532} INFO - Filling up the DagBag from /home/airflow/.local/lib/python3.7/site-packages/airflow/example_dags/example_latest_only_with_trigger.py
[2023-04-16T11:01:50.481+0000] {processor.py:753} INFO - DAG(s) dict_keys(['latest_only_with_trigger']) retrieved from /home/airflow/.local/lib/python3.7/site-packages/airflow/example_dags/example_latest_only_with_trigger.py
[2023-04-16T11:01:50.502+0000] {logging_mixin.py:137} INFO - [2023-04-16T11:01:50.502+0000] {dag.py:2705} INFO - Sync 1 DAGs
[2023-04-16T11:01:50.518+0000] {logging_mixin.py:137} INFO - [2023-04-16T11:01:50.518+0000] {dag.py:3456} INFO - Setting next_dagrun for latest_only_with_trigger to 2023-04-16T07:01:50.518664+00:00, run_after=2023-04-16T11:01:50.518664+00:00
[2023-04-16T11:01:50.528+0000] {processor.py:175} INFO - Processing /home/airflow/.local/lib/python3.7/site-packages/airflow/example_dags/example_latest_only_with_trigger.py took 0.067 seconds
[2023-04-16T12:25:14.643+0000] {processor.py:153} INFO - Started process (PID=35587) to work on /home/airflow/.local/lib/python3.7/site-packages/airflow/example_dags/example_latest_only_with_trigger.py
[2023-04-16T12:25:14.644+0000] {processor.py:743} INFO - Processing file /home/airflow/.local/lib/python3.7/site-packages/airflow/example_dags/example_latest_only_with_trigger.py for tasks to queue
[2023-04-16T12:25:14.647+0000] {logging_mixin.py:137} INFO - [2023-04-16T12:25:14.647+0000] {dagbag.py:532} INFO - Filling up the DagBag from /home/airflow/.local/lib/python3.7/site-packages/airflow/example_dags/example_latest_only_with_trigger.py
[2023-04-16T12:25:14.658+0000] {processor.py:753} INFO - DAG(s) dict_keys(['latest_only_with_trigger']) retrieved from /home/airflow/.local/lib/python3.7/site-packages/airflow/example_dags/example_latest_only_with_trigger.py
[2023-04-16T12:25:14.683+0000] {logging_mixin.py:137} INFO - [2023-04-16T12:25:14.683+0000] {dag.py:2705} INFO - Sync 1 DAGs
[2023-04-16T12:25:14.698+0000] {logging_mixin.py:137} INFO - [2023-04-16T12:25:14.698+0000] {dag.py:3456} INFO - Setting next_dagrun for latest_only_with_trigger to 2023-04-16T08:25:14.697851+00:00, run_after=2023-04-16T12:25:14.697851+00:00
[2023-04-16T12:25:14.709+0000] {processor.py:175} INFO - Processing /home/airflow/.local/lib/python3.7/site-packages/airflow/example_dags/example_latest_only_with_trigger.py took 0.068 seconds
[2023-04-16T13:32:26.571+0000] {processor.py:153} INFO - Started process (PID=35640) to work on /home/airflow/.local/lib/python3.7/site-packages/airflow/example_dags/example_latest_only_with_trigger.py
[2023-04-16T13:32:26.572+0000] {processor.py:743} INFO - Processing file /home/airflow/.local/lib/python3.7/site-packages/airflow/example_dags/example_latest_only_with_trigger.py for tasks to queue
[2023-04-16T13:32:26.573+0000] {logging_mixin.py:137} INFO - [2023-04-16T13:32:26.572+0000] {dagbag.py:532} INFO - Filling up the DagBag from /home/airflow/.local/lib/python3.7/site-packages/airflow/example_dags/example_latest_only_with_trigger.py
[2023-04-16T13:32:26.583+0000] {processor.py:753} INFO - DAG(s) dict_keys(['latest_only_with_trigger']) retrieved from /home/airflow/.local/lib/python3.7/site-packages/airflow/example_dags/example_latest_only_with_trigger.py
[2023-04-16T13:32:26.603+0000] {logging_mixin.py:137} INFO - [2023-04-16T13:32:26.603+0000] {dag.py:2705} INFO - Sync 1 DAGs
[2023-04-16T13:32:26.624+0000] {logging_mixin.py:137} INFO - [2023-04-16T13:32:26.624+0000] {dag.py:3456} INFO - Setting next_dagrun for latest_only_with_trigger to 2023-04-16T09:32:26.623989+00:00, run_after=2023-04-16T13:32:26.623989+00:00
[2023-04-16T13:32:26.643+0000] {processor.py:175} INFO - Processing /home/airflow/.local/lib/python3.7/site-packages/airflow/example_dags/example_latest_only_with_trigger.py took 0.075 seconds
[2023-04-16T14:26:08.439+0000] {processor.py:153} INFO - Started process (PID=35693) to work on /home/airflow/.local/lib/python3.7/site-packages/airflow/example_dags/example_latest_only_with_trigger.py
[2023-04-16T14:26:08.440+0000] {processor.py:743} INFO - Processing file /home/airflow/.local/lib/python3.7/site-packages/airflow/example_dags/example_latest_only_with_trigger.py for tasks to queue
[2023-04-16T14:26:08.441+0000] {logging_mixin.py:137} INFO - [2023-04-16T14:26:08.440+0000] {dagbag.py:532} INFO - Filling up the DagBag from /home/airflow/.local/lib/python3.7/site-packages/airflow/example_dags/example_latest_only_with_trigger.py
[2023-04-16T14:26:08.451+0000] {processor.py:753} INFO - DAG(s) dict_keys(['latest_only_with_trigger']) retrieved from /home/airflow/.local/lib/python3.7/site-packages/airflow/example_dags/example_latest_only_with_trigger.py
[2023-04-16T14:26:08.472+0000] {logging_mixin.py:137} INFO - [2023-04-16T14:26:08.472+0000] {dag.py:2705} INFO - Sync 1 DAGs
[2023-04-16T14:26:08.486+0000] {logging_mixin.py:137} INFO - [2023-04-16T14:26:08.486+0000] {dag.py:3456} INFO - Setting next_dagrun for latest_only_with_trigger to 2023-04-16T10:26:08.486640+00:00, run_after=2023-04-16T14:26:08.486640+00:00
[2023-04-16T14:26:08.496+0000] {processor.py:175} INFO - Processing /home/airflow/.local/lib/python3.7/site-packages/airflow/example_dags/example_latest_only_with_trigger.py took 0.060 seconds
[2023-04-16T14:26:39.355+0000] {processor.py:153} INFO - Started process (PID=35746) to work on /home/airflow/.local/lib/python3.7/site-packages/airflow/example_dags/example_latest_only_with_trigger.py
[2023-04-16T14:26:39.356+0000] {processor.py:743} INFO - Processing file /home/airflow/.local/lib/python3.7/site-packages/airflow/example_dags/example_latest_only_with_trigger.py for tasks to queue
[2023-04-16T14:26:39.356+0000] {logging_mixin.py:137} INFO - [2023-04-16T14:26:39.356+0000] {dagbag.py:532} INFO - Filling up the DagBag from /home/airflow/.local/lib/python3.7/site-packages/airflow/example_dags/example_latest_only_with_trigger.py
[2023-04-16T14:26:39.367+0000] {processor.py:753} INFO - DAG(s) dict_keys(['latest_only_with_trigger']) retrieved from /home/airflow/.local/lib/python3.7/site-packages/airflow/example_dags/example_latest_only_with_trigger.py
[2023-04-16T14:26:39.384+0000] {logging_mixin.py:137} INFO - [2023-04-16T14:26:39.384+0000] {dag.py:2705} INFO - Sync 1 DAGs
[2023-04-16T14:26:39.397+0000] {logging_mixin.py:137} INFO - [2023-04-16T14:26:39.397+0000] {dag.py:3456} INFO - Setting next_dagrun for latest_only_with_trigger to 2023-04-16T10:26:39.397467+00:00, run_after=2023-04-16T14:26:39.397467+00:00
[2023-04-16T14:26:39.407+0000] {processor.py:175} INFO - Processing /home/airflow/.local/lib/python3.7/site-packages/airflow/example_dags/example_latest_only_with_trigger.py took 0.055 seconds
[2023-04-16T15:14:35.359+0000] {processor.py:153} INFO - Started process (PID=35799) to work on /home/airflow/.local/lib/python3.7/site-packages/airflow/example_dags/example_latest_only_with_trigger.py
[2023-04-16T15:14:35.361+0000] {processor.py:743} INFO - Processing file /home/airflow/.local/lib/python3.7/site-packages/airflow/example_dags/example_latest_only_with_trigger.py for tasks to queue
[2023-04-16T15:14:35.362+0000] {logging_mixin.py:137} INFO - [2023-04-16T15:14:35.362+0000] {dagbag.py:532} INFO - Filling up the DagBag from /home/airflow/.local/lib/python3.7/site-packages/airflow/example_dags/example_latest_only_with_trigger.py
[2023-04-16T15:14:35.375+0000] {processor.py:753} INFO - DAG(s) dict_keys(['latest_only_with_trigger']) retrieved from /home/airflow/.local/lib/python3.7/site-packages/airflow/example_dags/example_latest_only_with_trigger.py
[2023-04-16T15:14:35.395+0000] {logging_mixin.py:137} INFO - [2023-04-16T15:14:35.395+0000] {dag.py:2705} INFO - Sync 1 DAGs
[2023-04-16T15:14:35.412+0000] {logging_mixin.py:137} INFO - [2023-04-16T15:14:35.412+0000] {dag.py:3456} INFO - Setting next_dagrun for latest_only_with_trigger to 2023-04-16T11:14:35.412297+00:00, run_after=2023-04-16T15:14:35.412297+00:00
[2023-04-16T15:14:35.423+0000] {processor.py:175} INFO - Processing /home/airflow/.local/lib/python3.7/site-packages/airflow/example_dags/example_latest_only_with_trigger.py took 0.069 seconds
[2023-04-16T15:15:05.940+0000] {processor.py:153} INFO - Started process (PID=35852) to work on /home/airflow/.local/lib/python3.7/site-packages/airflow/example_dags/example_latest_only_with_trigger.py
[2023-04-16T15:15:05.941+0000] {processor.py:743} INFO - Processing file /home/airflow/.local/lib/python3.7/site-packages/airflow/example_dags/example_latest_only_with_trigger.py for tasks to queue
[2023-04-16T15:15:05.941+0000] {logging_mixin.py:137} INFO - [2023-04-16T15:15:05.941+0000] {dagbag.py:532} INFO - Filling up the DagBag from /home/airflow/.local/lib/python3.7/site-packages/airflow/example_dags/example_latest_only_with_trigger.py
[2023-04-16T15:15:05.951+0000] {processor.py:753} INFO - DAG(s) dict_keys(['latest_only_with_trigger']) retrieved from /home/airflow/.local/lib/python3.7/site-packages/airflow/example_dags/example_latest_only_with_trigger.py
[2023-04-16T15:15:05.968+0000] {logging_mixin.py:137} INFO - [2023-04-16T15:15:05.968+0000] {dag.py:2705} INFO - Sync 1 DAGs
[2023-04-16T15:15:05.981+0000] {logging_mixin.py:137} INFO - [2023-04-16T15:15:05.981+0000] {dag.py:3456} INFO - Setting next_dagrun for latest_only_with_trigger to 2023-04-16T11:15:05.981287+00:00, run_after=2023-04-16T15:15:05.981287+00:00
[2023-04-16T15:15:05.990+0000] {processor.py:175} INFO - Processing /home/airflow/.local/lib/python3.7/site-packages/airflow/example_dags/example_latest_only_with_trigger.py took 0.053 seconds
[2023-04-16T16:03:33.073+0000] {processor.py:153} INFO - Started process (PID=35905) to work on /home/airflow/.local/lib/python3.7/site-packages/airflow/example_dags/example_latest_only_with_trigger.py
[2023-04-16T16:03:33.073+0000] {processor.py:743} INFO - Processing file /home/airflow/.local/lib/python3.7/site-packages/airflow/example_dags/example_latest_only_with_trigger.py for tasks to queue
[2023-04-16T16:03:33.074+0000] {logging_mixin.py:137} INFO - [2023-04-16T16:03:33.074+0000] {dagbag.py:532} INFO - Filling up the DagBag from /home/airflow/.local/lib/python3.7/site-packages/airflow/example_dags/example_latest_only_with_trigger.py
[2023-04-16T16:03:33.084+0000] {processor.py:753} INFO - DAG(s) dict_keys(['latest_only_with_trigger']) retrieved from /home/airflow/.local/lib/python3.7/site-packages/airflow/example_dags/example_latest_only_with_trigger.py
[2023-04-16T16:03:33.101+0000] {logging_mixin.py:137} INFO - [2023-04-16T16:03:33.101+0000] {dag.py:2705} INFO - Sync 1 DAGs
[2023-04-16T16:03:33.115+0000] {logging_mixin.py:137} INFO - [2023-04-16T16:03:33.115+0000] {dag.py:3456} INFO - Setting next_dagrun for latest_only_with_trigger to 2023-04-16T12:03:33.115144+00:00, run_after=2023-04-16T16:03:33.115144+00:00
[2023-04-16T16:03:33.124+0000] {processor.py:175} INFO - Processing /home/airflow/.local/lib/python3.7/site-packages/airflow/example_dags/example_latest_only_with_trigger.py took 0.054 seconds
[2023-04-16T17:09:33.981+0000] {processor.py:153} INFO - Started process (PID=35958) to work on /home/airflow/.local/lib/python3.7/site-packages/airflow/example_dags/example_latest_only_with_trigger.py
[2023-04-16T17:09:33.983+0000] {processor.py:743} INFO - Processing file /home/airflow/.local/lib/python3.7/site-packages/airflow/example_dags/example_latest_only_with_trigger.py for tasks to queue
[2023-04-16T17:09:33.983+0000] {logging_mixin.py:137} INFO - [2023-04-16T17:09:33.983+0000] {dagbag.py:532} INFO - Filling up the DagBag from /home/airflow/.local/lib/python3.7/site-packages/airflow/example_dags/example_latest_only_with_trigger.py
[2023-04-16T17:09:33.994+0000] {processor.py:753} INFO - DAG(s) dict_keys(['latest_only_with_trigger']) retrieved from /home/airflow/.local/lib/python3.7/site-packages/airflow/example_dags/example_latest_only_with_trigger.py
[2023-04-16T17:09:34.011+0000] {logging_mixin.py:137} INFO - [2023-04-16T17:09:34.011+0000] {dag.py:2705} INFO - Sync 1 DAGs
[2023-04-16T17:09:34.026+0000] {logging_mixin.py:137} INFO - [2023-04-16T17:09:34.026+0000] {dag.py:3456} INFO - Setting next_dagrun for latest_only_with_trigger to 2023-04-16T13:09:34.025953+00:00, run_after=2023-04-16T17:09:34.025953+00:00
[2023-04-16T17:09:34.035+0000] {processor.py:175} INFO - Processing /home/airflow/.local/lib/python3.7/site-packages/airflow/example_dags/example_latest_only_with_trigger.py took 0.057 seconds
[2023-04-16T18:32:25.396+0000] {processor.py:153} INFO - Started process (PID=36011) to work on /home/airflow/.local/lib/python3.7/site-packages/airflow/example_dags/example_latest_only_with_trigger.py
[2023-04-16T18:32:25.397+0000] {processor.py:743} INFO - Processing file /home/airflow/.local/lib/python3.7/site-packages/airflow/example_dags/example_latest_only_with_trigger.py for tasks to queue
[2023-04-16T18:32:25.397+0000] {logging_mixin.py:137} INFO - [2023-04-16T18:32:25.397+0000] {dagbag.py:532} INFO - Filling up the DagBag from /home/airflow/.local/lib/python3.7/site-packages/airflow/example_dags/example_latest_only_with_trigger.py
[2023-04-16T18:32:25.407+0000] {processor.py:753} INFO - DAG(s) dict_keys(['latest_only_with_trigger']) retrieved from /home/airflow/.local/lib/python3.7/site-packages/airflow/example_dags/example_latest_only_with_trigger.py
[2023-04-16T18:32:25.426+0000] {logging_mixin.py:137} INFO - [2023-04-16T18:32:25.426+0000] {dag.py:2705} INFO - Sync 1 DAGs
[2023-04-16T18:32:25.440+0000] {logging_mixin.py:137} INFO - [2023-04-16T18:32:25.440+0000] {dag.py:3456} INFO - Setting next_dagrun for latest_only_with_trigger to 2023-04-16T14:32:25.440067+00:00, run_after=2023-04-16T18:32:25.440067+00:00
[2023-04-16T18:32:25.450+0000] {processor.py:175} INFO - Processing /home/airflow/.local/lib/python3.7/site-packages/airflow/example_dags/example_latest_only_with_trigger.py took 0.057 seconds
[2023-04-16T19:39:50.180+0000] {processor.py:153} INFO - Started process (PID=36064) to work on /home/airflow/.local/lib/python3.7/site-packages/airflow/example_dags/example_latest_only_with_trigger.py
[2023-04-16T19:39:50.181+0000] {processor.py:743} INFO - Processing file /home/airflow/.local/lib/python3.7/site-packages/airflow/example_dags/example_latest_only_with_trigger.py for tasks to queue
[2023-04-16T19:39:50.182+0000] {logging_mixin.py:137} INFO - [2023-04-16T19:39:50.182+0000] {dagbag.py:532} INFO - Filling up the DagBag from /home/airflow/.local/lib/python3.7/site-packages/airflow/example_dags/example_latest_only_with_trigger.py
[2023-04-16T19:39:50.193+0000] {processor.py:753} INFO - DAG(s) dict_keys(['latest_only_with_trigger']) retrieved from /home/airflow/.local/lib/python3.7/site-packages/airflow/example_dags/example_latest_only_with_trigger.py
[2023-04-16T19:39:50.220+0000] {logging_mixin.py:137} INFO - [2023-04-16T19:39:50.220+0000] {dag.py:2705} INFO - Sync 1 DAGs
[2023-04-16T19:39:50.235+0000] {logging_mixin.py:137} INFO - [2023-04-16T19:39:50.235+0000] {dag.py:3456} INFO - Setting next_dagrun for latest_only_with_trigger to 2023-04-16T15:39:50.235308+00:00, run_after=2023-04-16T19:39:50.235308+00:00
[2023-04-16T19:39:50.246+0000] {processor.py:175} INFO - Processing /home/airflow/.local/lib/python3.7/site-packages/airflow/example_dags/example_latest_only_with_trigger.py took 0.069 seconds
[2023-04-16T20:45:00.126+0000] {processor.py:153} INFO - Started process (PID=36117) to work on /home/airflow/.local/lib/python3.7/site-packages/airflow/example_dags/example_latest_only_with_trigger.py
[2023-04-16T20:45:00.127+0000] {processor.py:743} INFO - Processing file /home/airflow/.local/lib/python3.7/site-packages/airflow/example_dags/example_latest_only_with_trigger.py for tasks to queue
[2023-04-16T20:45:00.128+0000] {logging_mixin.py:137} INFO - [2023-04-16T20:45:00.128+0000] {dagbag.py:532} INFO - Filling up the DagBag from /home/airflow/.local/lib/python3.7/site-packages/airflow/example_dags/example_latest_only_with_trigger.py
[2023-04-16T20:45:00.138+0000] {processor.py:753} INFO - DAG(s) dict_keys(['latest_only_with_trigger']) retrieved from /home/airflow/.local/lib/python3.7/site-packages/airflow/example_dags/example_latest_only_with_trigger.py
[2023-04-16T20:45:00.157+0000] {logging_mixin.py:137} INFO - [2023-04-16T20:45:00.157+0000] {dag.py:2705} INFO - Sync 1 DAGs
[2023-04-16T20:45:00.172+0000] {logging_mixin.py:137} INFO - [2023-04-16T20:45:00.172+0000] {dag.py:3456} INFO - Setting next_dagrun for latest_only_with_trigger to 2023-04-16T16:45:00.172376+00:00, run_after=2023-04-16T20:45:00.172376+00:00
[2023-04-16T20:45:00.182+0000] {processor.py:175} INFO - Processing /home/airflow/.local/lib/python3.7/site-packages/airflow/example_dags/example_latest_only_with_trigger.py took 0.059 seconds
[2023-04-16T21:52:25.814+0000] {processor.py:153} INFO - Started process (PID=36170) to work on /home/airflow/.local/lib/python3.7/site-packages/airflow/example_dags/example_latest_only_with_trigger.py
[2023-04-16T21:52:25.815+0000] {processor.py:743} INFO - Processing file /home/airflow/.local/lib/python3.7/site-packages/airflow/example_dags/example_latest_only_with_trigger.py for tasks to queue
[2023-04-16T21:52:25.816+0000] {logging_mixin.py:137} INFO - [2023-04-16T21:52:25.816+0000] {dagbag.py:532} INFO - Filling up the DagBag from /home/airflow/.local/lib/python3.7/site-packages/airflow/example_dags/example_latest_only_with_trigger.py
[2023-04-16T21:52:25.826+0000] {processor.py:753} INFO - DAG(s) dict_keys(['latest_only_with_trigger']) retrieved from /home/airflow/.local/lib/python3.7/site-packages/airflow/example_dags/example_latest_only_with_trigger.py
[2023-04-16T21:52:25.844+0000] {logging_mixin.py:137} INFO - [2023-04-16T21:52:25.843+0000] {dag.py:2705} INFO - Sync 1 DAGs
[2023-04-16T21:52:25.858+0000] {logging_mixin.py:137} INFO - [2023-04-16T21:52:25.858+0000] {dag.py:3456} INFO - Setting next_dagrun for latest_only_with_trigger to 2023-04-16T17:52:25.858171+00:00, run_after=2023-04-16T21:52:25.858171+00:00
[2023-04-16T21:52:25.868+0000] {processor.py:175} INFO - Processing /home/airflow/.local/lib/python3.7/site-packages/airflow/example_dags/example_latest_only_with_trigger.py took 0.056 seconds
[2023-04-16T22:18:55.648+0000] {processor.py:153} INFO - Started process (PID=36223) to work on /home/airflow/.local/lib/python3.7/site-packages/airflow/example_dags/example_latest_only_with_trigger.py
[2023-04-16T22:18:55.649+0000] {processor.py:743} INFO - Processing file /home/airflow/.local/lib/python3.7/site-packages/airflow/example_dags/example_latest_only_with_trigger.py for tasks to queue
[2023-04-16T22:18:55.650+0000] {logging_mixin.py:137} INFO - [2023-04-16T22:18:55.650+0000] {dagbag.py:532} INFO - Filling up the DagBag from /home/airflow/.local/lib/python3.7/site-packages/airflow/example_dags/example_latest_only_with_trigger.py
[2023-04-16T22:18:55.661+0000] {processor.py:753} INFO - DAG(s) dict_keys(['latest_only_with_trigger']) retrieved from /home/airflow/.local/lib/python3.7/site-packages/airflow/example_dags/example_latest_only_with_trigger.py
[2023-04-16T22:18:55.678+0000] {logging_mixin.py:137} INFO - [2023-04-16T22:18:55.678+0000] {dag.py:2705} INFO - Sync 1 DAGs
[2023-04-16T22:18:55.692+0000] {logging_mixin.py:137} INFO - [2023-04-16T22:18:55.692+0000] {dag.py:3456} INFO - Setting next_dagrun for latest_only_with_trigger to 2023-04-16T18:18:55.692623+00:00, run_after=2023-04-16T22:18:55.692623+00:00
[2023-04-16T22:18:55.703+0000] {processor.py:175} INFO - Processing /home/airflow/.local/lib/python3.7/site-packages/airflow/example_dags/example_latest_only_with_trigger.py took 0.057 seconds
[2023-04-16T22:19:26.040+0000] {processor.py:153} INFO - Started process (PID=36276) to work on /home/airflow/.local/lib/python3.7/site-packages/airflow/example_dags/example_latest_only_with_trigger.py
[2023-04-16T22:19:26.041+0000] {processor.py:743} INFO - Processing file /home/airflow/.local/lib/python3.7/site-packages/airflow/example_dags/example_latest_only_with_trigger.py for tasks to queue
[2023-04-16T22:19:26.041+0000] {logging_mixin.py:137} INFO - [2023-04-16T22:19:26.041+0000] {dagbag.py:532} INFO - Filling up the DagBag from /home/airflow/.local/lib/python3.7/site-packages/airflow/example_dags/example_latest_only_with_trigger.py
[2023-04-16T22:19:26.051+0000] {processor.py:753} INFO - DAG(s) dict_keys(['latest_only_with_trigger']) retrieved from /home/airflow/.local/lib/python3.7/site-packages/airflow/example_dags/example_latest_only_with_trigger.py
[2023-04-16T22:19:26.069+0000] {logging_mixin.py:137} INFO - [2023-04-16T22:19:26.069+0000] {dag.py:2705} INFO - Sync 1 DAGs
[2023-04-16T22:19:26.084+0000] {logging_mixin.py:137} INFO - [2023-04-16T22:19:26.084+0000] {dag.py:3456} INFO - Setting next_dagrun for latest_only_with_trigger to 2023-04-16T18:19:26.084165+00:00, run_after=2023-04-16T22:19:26.084165+00:00
[2023-04-16T22:19:26.094+0000] {processor.py:175} INFO - Processing /home/airflow/.local/lib/python3.7/site-packages/airflow/example_dags/example_latest_only_with_trigger.py took 0.056 seconds
[2023-04-16T22:39:20.340+0000] {processor.py:153} INFO - Started process (PID=36329) to work on /home/airflow/.local/lib/python3.7/site-packages/airflow/example_dags/example_latest_only_with_trigger.py
[2023-04-16T22:39:20.341+0000] {processor.py:743} INFO - Processing file /home/airflow/.local/lib/python3.7/site-packages/airflow/example_dags/example_latest_only_with_trigger.py for tasks to queue
[2023-04-16T22:39:20.342+0000] {logging_mixin.py:137} INFO - [2023-04-16T22:39:20.341+0000] {dagbag.py:532} INFO - Filling up the DagBag from /home/airflow/.local/lib/python3.7/site-packages/airflow/example_dags/example_latest_only_with_trigger.py
[2023-04-16T22:39:20.352+0000] {processor.py:753} INFO - DAG(s) dict_keys(['latest_only_with_trigger']) retrieved from /home/airflow/.local/lib/python3.7/site-packages/airflow/example_dags/example_latest_only_with_trigger.py
[2023-04-16T22:39:20.371+0000] {logging_mixin.py:137} INFO - [2023-04-16T22:39:20.371+0000] {dag.py:2705} INFO - Sync 1 DAGs
[2023-04-16T22:39:20.385+0000] {logging_mixin.py:137} INFO - [2023-04-16T22:39:20.385+0000] {dag.py:3456} INFO - Setting next_dagrun for latest_only_with_trigger to 2023-04-16T18:39:20.385667+00:00, run_after=2023-04-16T22:39:20.385667+00:00
[2023-04-16T22:39:20.396+0000] {processor.py:175} INFO - Processing /home/airflow/.local/lib/python3.7/site-packages/airflow/example_dags/example_latest_only_with_trigger.py took 0.059 seconds
[2023-04-16T22:39:50.811+0000] {processor.py:153} INFO - Started process (PID=36382) to work on /home/airflow/.local/lib/python3.7/site-packages/airflow/example_dags/example_latest_only_with_trigger.py
[2023-04-16T22:39:50.812+0000] {processor.py:743} INFO - Processing file /home/airflow/.local/lib/python3.7/site-packages/airflow/example_dags/example_latest_only_with_trigger.py for tasks to queue
[2023-04-16T22:39:50.813+0000] {logging_mixin.py:137} INFO - [2023-04-16T22:39:50.813+0000] {dagbag.py:532} INFO - Filling up the DagBag from /home/airflow/.local/lib/python3.7/site-packages/airflow/example_dags/example_latest_only_with_trigger.py
[2023-04-16T22:39:50.824+0000] {processor.py:753} INFO - DAG(s) dict_keys(['latest_only_with_trigger']) retrieved from /home/airflow/.local/lib/python3.7/site-packages/airflow/example_dags/example_latest_only_with_trigger.py
[2023-04-16T22:39:50.850+0000] {logging_mixin.py:137} INFO - [2023-04-16T22:39:50.850+0000] {dag.py:2705} INFO - Sync 1 DAGs
[2023-04-16T22:39:50.866+0000] {logging_mixin.py:137} INFO - [2023-04-16T22:39:50.866+0000] {dag.py:3456} INFO - Setting next_dagrun for latest_only_with_trigger to 2023-04-16T18:39:50.866143+00:00, run_after=2023-04-16T22:39:50.866143+00:00
[2023-04-16T22:39:50.878+0000] {processor.py:175} INFO - Processing /home/airflow/.local/lib/python3.7/site-packages/airflow/example_dags/example_latest_only_with_trigger.py took 0.070 seconds
