[2023-04-16T00:33:36.826+0000] {processor.py:153} INFO - Started process (PID=34888) to work on /home/airflow/.local/lib/python3.7/site-packages/airflow/example_dags/example_time_delta_sensor_async.py
[2023-04-16T00:33:36.827+0000] {processor.py:743} INFO - Processing file /home/airflow/.local/lib/python3.7/site-packages/airflow/example_dags/example_time_delta_sensor_async.py for tasks to queue
[2023-04-16T00:33:36.828+0000] {logging_mixin.py:137} INFO - [2023-04-16T00:33:36.828+0000] {dagbag.py:532} INFO - Filling up the DagBag from /home/airflow/.local/lib/python3.7/site-packages/airflow/example_dags/example_time_delta_sensor_async.py
[2023-04-16T00:33:36.838+0000] {processor.py:753} INFO - DAG(s) dict_keys(['example_time_delta_sensor_async']) retrieved from /home/airflow/.local/lib/python3.7/site-packages/airflow/example_dags/example_time_delta_sensor_async.py
[2023-04-16T00:33:36.867+0000] {logging_mixin.py:137} INFO - [2023-04-16T00:33:36.867+0000] {dag.py:2705} INFO - Sync 1 DAGs
[2023-04-16T00:33:36.885+0000] {logging_mixin.py:137} INFO - [2023-04-16T00:33:36.885+0000] {dag.py:3456} INFO - Setting next_dagrun for example_time_delta_sensor_async to None, run_after=None
[2023-04-16T00:33:36.897+0000] {processor.py:175} INFO - Processing /home/airflow/.local/lib/python3.7/site-packages/airflow/example_dags/example_time_delta_sensor_async.py took 0.074 seconds
[2023-04-16T01:42:56.639+0000] {processor.py:153} INFO - Started process (PID=34941) to work on /home/airflow/.local/lib/python3.7/site-packages/airflow/example_dags/example_time_delta_sensor_async.py
[2023-04-16T01:42:56.640+0000] {processor.py:743} INFO - Processing file /home/airflow/.local/lib/python3.7/site-packages/airflow/example_dags/example_time_delta_sensor_async.py for tasks to queue
[2023-04-16T01:42:56.642+0000] {logging_mixin.py:137} INFO - [2023-04-16T01:42:56.641+0000] {dagbag.py:532} INFO - Filling up the DagBag from /home/airflow/.local/lib/python3.7/site-packages/airflow/example_dags/example_time_delta_sensor_async.py
[2023-04-16T01:42:56.653+0000] {processor.py:753} INFO - DAG(s) dict_keys(['example_time_delta_sensor_async']) retrieved from /home/airflow/.local/lib/python3.7/site-packages/airflow/example_dags/example_time_delta_sensor_async.py
[2023-04-16T01:42:56.671+0000] {logging_mixin.py:137} INFO - [2023-04-16T01:42:56.671+0000] {dag.py:2705} INFO - Sync 1 DAGs
[2023-04-16T01:42:56.685+0000] {logging_mixin.py:137} INFO - [2023-04-16T01:42:56.685+0000] {dag.py:3456} INFO - Setting next_dagrun for example_time_delta_sensor_async to None, run_after=None
[2023-04-16T01:42:56.696+0000] {processor.py:175} INFO - Processing /home/airflow/.local/lib/python3.7/site-packages/airflow/example_dags/example_time_delta_sensor_async.py took 0.061 seconds
[2023-04-16T02:49:25.459+0000] {processor.py:153} INFO - Started process (PID=34994) to work on /home/airflow/.local/lib/python3.7/site-packages/airflow/example_dags/example_time_delta_sensor_async.py
[2023-04-16T02:49:25.459+0000] {processor.py:743} INFO - Processing file /home/airflow/.local/lib/python3.7/site-packages/airflow/example_dags/example_time_delta_sensor_async.py for tasks to queue
[2023-04-16T02:49:25.460+0000] {logging_mixin.py:137} INFO - [2023-04-16T02:49:25.460+0000] {dagbag.py:532} INFO - Filling up the DagBag from /home/airflow/.local/lib/python3.7/site-packages/airflow/example_dags/example_time_delta_sensor_async.py
[2023-04-16T02:49:25.475+0000] {processor.py:753} INFO - DAG(s) dict_keys(['example_time_delta_sensor_async']) retrieved from /home/airflow/.local/lib/python3.7/site-packages/airflow/example_dags/example_time_delta_sensor_async.py
[2023-04-16T02:49:25.495+0000] {logging_mixin.py:137} INFO - [2023-04-16T02:49:25.495+0000] {dag.py:2705} INFO - Sync 1 DAGs
[2023-04-16T02:49:25.511+0000] {logging_mixin.py:137} INFO - [2023-04-16T02:49:25.511+0000] {dag.py:3456} INFO - Setting next_dagrun for example_time_delta_sensor_async to None, run_after=None
[2023-04-16T02:49:25.521+0000] {processor.py:175} INFO - Processing /home/airflow/.local/lib/python3.7/site-packages/airflow/example_dags/example_time_delta_sensor_async.py took 0.065 seconds
[2023-04-16T03:56:31.226+0000] {processor.py:153} INFO - Started process (PID=35048) to work on /home/airflow/.local/lib/python3.7/site-packages/airflow/example_dags/example_time_delta_sensor_async.py
[2023-04-16T03:56:31.227+0000] {processor.py:743} INFO - Processing file /home/airflow/.local/lib/python3.7/site-packages/airflow/example_dags/example_time_delta_sensor_async.py for tasks to queue
[2023-04-16T03:56:31.227+0000] {logging_mixin.py:137} INFO - [2023-04-16T03:56:31.227+0000] {dagbag.py:532} INFO - Filling up the DagBag from /home/airflow/.local/lib/python3.7/site-packages/airflow/example_dags/example_time_delta_sensor_async.py
[2023-04-16T03:56:31.235+0000] {processor.py:753} INFO - DAG(s) dict_keys(['example_time_delta_sensor_async']) retrieved from /home/airflow/.local/lib/python3.7/site-packages/airflow/example_dags/example_time_delta_sensor_async.py
[2023-04-16T03:56:31.254+0000] {logging_mixin.py:137} INFO - [2023-04-16T03:56:31.254+0000] {dag.py:2705} INFO - Sync 1 DAGs
[2023-04-16T03:56:31.269+0000] {logging_mixin.py:137} INFO - [2023-04-16T03:56:31.269+0000] {dag.py:3456} INFO - Setting next_dagrun for example_time_delta_sensor_async to None, run_after=None
[2023-04-16T03:56:31.280+0000] {processor.py:175} INFO - Processing /home/airflow/.local/lib/python3.7/site-packages/airflow/example_dags/example_time_delta_sensor_async.py took 0.057 seconds
[2023-04-16T04:57:14.758+0000] {processor.py:153} INFO - Started process (PID=35101) to work on /home/airflow/.local/lib/python3.7/site-packages/airflow/example_dags/example_time_delta_sensor_async.py
[2023-04-16T04:57:14.759+0000] {processor.py:743} INFO - Processing file /home/airflow/.local/lib/python3.7/site-packages/airflow/example_dags/example_time_delta_sensor_async.py for tasks to queue
[2023-04-16T04:57:14.760+0000] {logging_mixin.py:137} INFO - [2023-04-16T04:57:14.759+0000] {dagbag.py:532} INFO - Filling up the DagBag from /home/airflow/.local/lib/python3.7/site-packages/airflow/example_dags/example_time_delta_sensor_async.py
[2023-04-16T04:57:14.768+0000] {processor.py:753} INFO - DAG(s) dict_keys(['example_time_delta_sensor_async']) retrieved from /home/airflow/.local/lib/python3.7/site-packages/airflow/example_dags/example_time_delta_sensor_async.py
[2023-04-16T04:57:14.786+0000] {logging_mixin.py:137} INFO - [2023-04-16T04:57:14.786+0000] {dag.py:2705} INFO - Sync 1 DAGs
[2023-04-16T04:57:14.800+0000] {logging_mixin.py:137} INFO - [2023-04-16T04:57:14.800+0000] {dag.py:3456} INFO - Setting next_dagrun for example_time_delta_sensor_async to None, run_after=None
[2023-04-16T04:57:14.810+0000] {processor.py:175} INFO - Processing /home/airflow/.local/lib/python3.7/site-packages/airflow/example_dags/example_time_delta_sensor_async.py took 0.055 seconds
[2023-04-16T04:57:45.281+0000] {processor.py:153} INFO - Started process (PID=35153) to work on /home/airflow/.local/lib/python3.7/site-packages/airflow/example_dags/example_time_delta_sensor_async.py
[2023-04-16T04:57:45.282+0000] {processor.py:743} INFO - Processing file /home/airflow/.local/lib/python3.7/site-packages/airflow/example_dags/example_time_delta_sensor_async.py for tasks to queue
[2023-04-16T04:57:45.282+0000] {logging_mixin.py:137} INFO - [2023-04-16T04:57:45.282+0000] {dagbag.py:532} INFO - Filling up the DagBag from /home/airflow/.local/lib/python3.7/site-packages/airflow/example_dags/example_time_delta_sensor_async.py
[2023-04-16T04:57:45.291+0000] {processor.py:753} INFO - DAG(s) dict_keys(['example_time_delta_sensor_async']) retrieved from /home/airflow/.local/lib/python3.7/site-packages/airflow/example_dags/example_time_delta_sensor_async.py
[2023-04-16T04:57:45.308+0000] {logging_mixin.py:137} INFO - [2023-04-16T04:57:45.308+0000] {dag.py:2705} INFO - Sync 1 DAGs
[2023-04-16T04:57:45.321+0000] {logging_mixin.py:137} INFO - [2023-04-16T04:57:45.321+0000] {dag.py:3456} INFO - Setting next_dagrun for example_time_delta_sensor_async to None, run_after=None
[2023-04-16T04:57:45.331+0000] {processor.py:175} INFO - Processing /home/airflow/.local/lib/python3.7/site-packages/airflow/example_dags/example_time_delta_sensor_async.py took 0.052 seconds
[2023-04-16T06:01:53.824+0000] {processor.py:153} INFO - Started process (PID=35206) to work on /home/airflow/.local/lib/python3.7/site-packages/airflow/example_dags/example_time_delta_sensor_async.py
[2023-04-16T06:01:53.825+0000] {processor.py:743} INFO - Processing file /home/airflow/.local/lib/python3.7/site-packages/airflow/example_dags/example_time_delta_sensor_async.py for tasks to queue
[2023-04-16T06:01:53.826+0000] {logging_mixin.py:137} INFO - [2023-04-16T06:01:53.826+0000] {dagbag.py:532} INFO - Filling up the DagBag from /home/airflow/.local/lib/python3.7/site-packages/airflow/example_dags/example_time_delta_sensor_async.py
[2023-04-16T06:01:53.834+0000] {processor.py:753} INFO - DAG(s) dict_keys(['example_time_delta_sensor_async']) retrieved from /home/airflow/.local/lib/python3.7/site-packages/airflow/example_dags/example_time_delta_sensor_async.py
[2023-04-16T06:01:53.855+0000] {logging_mixin.py:137} INFO - [2023-04-16T06:01:53.855+0000] {dag.py:2705} INFO - Sync 1 DAGs
[2023-04-16T06:01:53.869+0000] {logging_mixin.py:137} INFO - [2023-04-16T06:01:53.869+0000] {dag.py:3456} INFO - Setting next_dagrun for example_time_delta_sensor_async to None, run_after=None
[2023-04-16T06:01:53.880+0000] {processor.py:175} INFO - Processing /home/airflow/.local/lib/python3.7/site-packages/airflow/example_dags/example_time_delta_sensor_async.py took 0.059 seconds
[2023-04-16T06:13:25.653+0000] {processor.py:153} INFO - Started process (PID=35259) to work on /home/airflow/.local/lib/python3.7/site-packages/airflow/example_dags/example_time_delta_sensor_async.py
[2023-04-16T06:13:25.655+0000] {processor.py:743} INFO - Processing file /home/airflow/.local/lib/python3.7/site-packages/airflow/example_dags/example_time_delta_sensor_async.py for tasks to queue
[2023-04-16T06:13:25.656+0000] {logging_mixin.py:137} INFO - [2023-04-16T06:13:25.655+0000] {dagbag.py:532} INFO - Filling up the DagBag from /home/airflow/.local/lib/python3.7/site-packages/airflow/example_dags/example_time_delta_sensor_async.py
[2023-04-16T06:13:25.664+0000] {processor.py:753} INFO - DAG(s) dict_keys(['example_time_delta_sensor_async']) retrieved from /home/airflow/.local/lib/python3.7/site-packages/airflow/example_dags/example_time_delta_sensor_async.py
[2023-04-16T06:13:25.683+0000] {logging_mixin.py:137} INFO - [2023-04-16T06:13:25.683+0000] {dag.py:2705} INFO - Sync 1 DAGs
[2023-04-16T06:13:25.698+0000] {logging_mixin.py:137} INFO - [2023-04-16T06:13:25.698+0000] {dag.py:3456} INFO - Setting next_dagrun for example_time_delta_sensor_async to None, run_after=None
[2023-04-16T06:13:25.708+0000] {processor.py:175} INFO - Processing /home/airflow/.local/lib/python3.7/site-packages/airflow/example_dags/example_time_delta_sensor_async.py took 0.058 seconds
[2023-04-16T06:29:19.286+0000] {processor.py:153} INFO - Started process (PID=35312) to work on /home/airflow/.local/lib/python3.7/site-packages/airflow/example_dags/example_time_delta_sensor_async.py
[2023-04-16T06:29:19.287+0000] {processor.py:743} INFO - Processing file /home/airflow/.local/lib/python3.7/site-packages/airflow/example_dags/example_time_delta_sensor_async.py for tasks to queue
[2023-04-16T06:29:19.287+0000] {logging_mixin.py:137} INFO - [2023-04-16T06:29:19.287+0000] {dagbag.py:532} INFO - Filling up the DagBag from /home/airflow/.local/lib/python3.7/site-packages/airflow/example_dags/example_time_delta_sensor_async.py
[2023-04-16T06:29:19.296+0000] {processor.py:753} INFO - DAG(s) dict_keys(['example_time_delta_sensor_async']) retrieved from /home/airflow/.local/lib/python3.7/site-packages/airflow/example_dags/example_time_delta_sensor_async.py
[2023-04-16T06:29:19.314+0000] {logging_mixin.py:137} INFO - [2023-04-16T06:29:19.314+0000] {dag.py:2705} INFO - Sync 1 DAGs
[2023-04-16T06:29:19.328+0000] {logging_mixin.py:137} INFO - [2023-04-16T06:29:19.328+0000] {dag.py:3456} INFO - Setting next_dagrun for example_time_delta_sensor_async to None, run_after=None
[2023-04-16T06:29:19.337+0000] {processor.py:175} INFO - Processing /home/airflow/.local/lib/python3.7/site-packages/airflow/example_dags/example_time_delta_sensor_async.py took 0.055 seconds
[2023-04-16T07:31:25.325+0000] {processor.py:153} INFO - Started process (PID=35365) to work on /home/airflow/.local/lib/python3.7/site-packages/airflow/example_dags/example_time_delta_sensor_async.py
[2023-04-16T07:31:25.326+0000] {processor.py:743} INFO - Processing file /home/airflow/.local/lib/python3.7/site-packages/airflow/example_dags/example_time_delta_sensor_async.py for tasks to queue
[2023-04-16T07:31:25.327+0000] {logging_mixin.py:137} INFO - [2023-04-16T07:31:25.327+0000] {dagbag.py:532} INFO - Filling up the DagBag from /home/airflow/.local/lib/python3.7/site-packages/airflow/example_dags/example_time_delta_sensor_async.py
[2023-04-16T07:31:25.338+0000] {processor.py:753} INFO - DAG(s) dict_keys(['example_time_delta_sensor_async']) retrieved from /home/airflow/.local/lib/python3.7/site-packages/airflow/example_dags/example_time_delta_sensor_async.py
[2023-04-16T07:31:25.358+0000] {logging_mixin.py:137} INFO - [2023-04-16T07:31:25.357+0000] {dag.py:2705} INFO - Sync 1 DAGs
[2023-04-16T07:31:25.372+0000] {logging_mixin.py:137} INFO - [2023-04-16T07:31:25.372+0000] {dag.py:3456} INFO - Setting next_dagrun for example_time_delta_sensor_async to None, run_after=None
[2023-04-16T07:31:25.382+0000] {processor.py:175} INFO - Processing /home/airflow/.local/lib/python3.7/site-packages/airflow/example_dags/example_time_delta_sensor_async.py took 0.061 seconds
[2023-04-16T08:50:11.883+0000] {processor.py:153} INFO - Started process (PID=35418) to work on /home/airflow/.local/lib/python3.7/site-packages/airflow/example_dags/example_time_delta_sensor_async.py
[2023-04-16T08:50:11.883+0000] {processor.py:743} INFO - Processing file /home/airflow/.local/lib/python3.7/site-packages/airflow/example_dags/example_time_delta_sensor_async.py for tasks to queue
[2023-04-16T08:50:11.884+0000] {logging_mixin.py:137} INFO - [2023-04-16T08:50:11.884+0000] {dagbag.py:532} INFO - Filling up the DagBag from /home/airflow/.local/lib/python3.7/site-packages/airflow/example_dags/example_time_delta_sensor_async.py
[2023-04-16T08:50:11.893+0000] {processor.py:753} INFO - DAG(s) dict_keys(['example_time_delta_sensor_async']) retrieved from /home/airflow/.local/lib/python3.7/site-packages/airflow/example_dags/example_time_delta_sensor_async.py
[2023-04-16T08:50:11.912+0000] {logging_mixin.py:137} INFO - [2023-04-16T08:50:11.911+0000] {dag.py:2705} INFO - Sync 1 DAGs
[2023-04-16T08:50:11.926+0000] {logging_mixin.py:137} INFO - [2023-04-16T08:50:11.925+0000] {dag.py:3456} INFO - Setting next_dagrun for example_time_delta_sensor_async to None, run_after=None
[2023-04-16T08:50:11.936+0000] {processor.py:175} INFO - Processing /home/airflow/.local/lib/python3.7/site-packages/airflow/example_dags/example_time_delta_sensor_async.py took 0.056 seconds
[2023-04-16T09:55:49.181+0000] {processor.py:153} INFO - Started process (PID=35471) to work on /home/airflow/.local/lib/python3.7/site-packages/airflow/example_dags/example_time_delta_sensor_async.py
[2023-04-16T09:55:49.183+0000] {processor.py:743} INFO - Processing file /home/airflow/.local/lib/python3.7/site-packages/airflow/example_dags/example_time_delta_sensor_async.py for tasks to queue
[2023-04-16T09:55:49.184+0000] {logging_mixin.py:137} INFO - [2023-04-16T09:55:49.184+0000] {dagbag.py:532} INFO - Filling up the DagBag from /home/airflow/.local/lib/python3.7/site-packages/airflow/example_dags/example_time_delta_sensor_async.py
[2023-04-16T09:55:49.202+0000] {processor.py:753} INFO - DAG(s) dict_keys(['example_time_delta_sensor_async']) retrieved from /home/airflow/.local/lib/python3.7/site-packages/airflow/example_dags/example_time_delta_sensor_async.py
[2023-04-16T09:55:49.243+0000] {logging_mixin.py:137} INFO - [2023-04-16T09:55:49.243+0000] {dag.py:2705} INFO - Sync 1 DAGs
[2023-04-16T09:55:49.264+0000] {logging_mixin.py:137} INFO - [2023-04-16T09:55:49.264+0000] {dag.py:3456} INFO - Setting next_dagrun for example_time_delta_sensor_async to None, run_after=None
[2023-04-16T09:55:49.292+0000] {processor.py:175} INFO - Processing /home/airflow/.local/lib/python3.7/site-packages/airflow/example_dags/example_time_delta_sensor_async.py took 0.114 seconds
[2023-04-16T11:01:50.011+0000] {processor.py:153} INFO - Started process (PID=35525) to work on /home/airflow/.local/lib/python3.7/site-packages/airflow/example_dags/example_time_delta_sensor_async.py
[2023-04-16T11:01:50.012+0000] {processor.py:743} INFO - Processing file /home/airflow/.local/lib/python3.7/site-packages/airflow/example_dags/example_time_delta_sensor_async.py for tasks to queue
[2023-04-16T11:01:50.013+0000] {logging_mixin.py:137} INFO - [2023-04-16T11:01:50.013+0000] {dagbag.py:532} INFO - Filling up the DagBag from /home/airflow/.local/lib/python3.7/site-packages/airflow/example_dags/example_time_delta_sensor_async.py
[2023-04-16T11:01:50.022+0000] {processor.py:753} INFO - DAG(s) dict_keys(['example_time_delta_sensor_async']) retrieved from /home/airflow/.local/lib/python3.7/site-packages/airflow/example_dags/example_time_delta_sensor_async.py
[2023-04-16T11:01:50.042+0000] {logging_mixin.py:137} INFO - [2023-04-16T11:01:50.042+0000] {dag.py:2705} INFO - Sync 1 DAGs
[2023-04-16T11:01:50.056+0000] {logging_mixin.py:137} INFO - [2023-04-16T11:01:50.056+0000] {dag.py:3456} INFO - Setting next_dagrun for example_time_delta_sensor_async to None, run_after=None
[2023-04-16T11:01:50.068+0000] {processor.py:175} INFO - Processing /home/airflow/.local/lib/python3.7/site-packages/airflow/example_dags/example_time_delta_sensor_async.py took 0.061 seconds
[2023-04-16T12:25:14.240+0000] {processor.py:153} INFO - Started process (PID=35578) to work on /home/airflow/.local/lib/python3.7/site-packages/airflow/example_dags/example_time_delta_sensor_async.py
[2023-04-16T12:25:14.241+0000] {processor.py:743} INFO - Processing file /home/airflow/.local/lib/python3.7/site-packages/airflow/example_dags/example_time_delta_sensor_async.py for tasks to queue
[2023-04-16T12:25:14.242+0000] {logging_mixin.py:137} INFO - [2023-04-16T12:25:14.241+0000] {dagbag.py:532} INFO - Filling up the DagBag from /home/airflow/.local/lib/python3.7/site-packages/airflow/example_dags/example_time_delta_sensor_async.py
[2023-04-16T12:25:14.251+0000] {processor.py:753} INFO - DAG(s) dict_keys(['example_time_delta_sensor_async']) retrieved from /home/airflow/.local/lib/python3.7/site-packages/airflow/example_dags/example_time_delta_sensor_async.py
[2023-04-16T12:25:14.271+0000] {logging_mixin.py:137} INFO - [2023-04-16T12:25:14.270+0000] {dag.py:2705} INFO - Sync 1 DAGs
[2023-04-16T12:25:14.286+0000] {logging_mixin.py:137} INFO - [2023-04-16T12:25:14.286+0000] {dag.py:3456} INFO - Setting next_dagrun for example_time_delta_sensor_async to None, run_after=None
[2023-04-16T12:25:14.297+0000] {processor.py:175} INFO - Processing /home/airflow/.local/lib/python3.7/site-packages/airflow/example_dags/example_time_delta_sensor_async.py took 0.061 seconds
[2023-04-16T13:32:26.091+0000] {processor.py:153} INFO - Started process (PID=35631) to work on /home/airflow/.local/lib/python3.7/site-packages/airflow/example_dags/example_time_delta_sensor_async.py
[2023-04-16T13:32:26.093+0000] {processor.py:743} INFO - Processing file /home/airflow/.local/lib/python3.7/site-packages/airflow/example_dags/example_time_delta_sensor_async.py for tasks to queue
[2023-04-16T13:32:26.093+0000] {logging_mixin.py:137} INFO - [2023-04-16T13:32:26.093+0000] {dagbag.py:532} INFO - Filling up the DagBag from /home/airflow/.local/lib/python3.7/site-packages/airflow/example_dags/example_time_delta_sensor_async.py
[2023-04-16T13:32:26.106+0000] {processor.py:753} INFO - DAG(s) dict_keys(['example_time_delta_sensor_async']) retrieved from /home/airflow/.local/lib/python3.7/site-packages/airflow/example_dags/example_time_delta_sensor_async.py
[2023-04-16T13:32:26.129+0000] {logging_mixin.py:137} INFO - [2023-04-16T13:32:26.129+0000] {dag.py:2705} INFO - Sync 1 DAGs
[2023-04-16T13:32:26.144+0000] {logging_mixin.py:137} INFO - [2023-04-16T13:32:26.144+0000] {dag.py:3456} INFO - Setting next_dagrun for example_time_delta_sensor_async to None, run_after=None
[2023-04-16T13:32:26.155+0000] {processor.py:175} INFO - Processing /home/airflow/.local/lib/python3.7/site-packages/airflow/example_dags/example_time_delta_sensor_async.py took 0.067 seconds
[2023-04-16T14:26:07.954+0000] {processor.py:153} INFO - Started process (PID=35684) to work on /home/airflow/.local/lib/python3.7/site-packages/airflow/example_dags/example_time_delta_sensor_async.py
[2023-04-16T14:26:07.955+0000] {processor.py:743} INFO - Processing file /home/airflow/.local/lib/python3.7/site-packages/airflow/example_dags/example_time_delta_sensor_async.py for tasks to queue
[2023-04-16T14:26:07.956+0000] {logging_mixin.py:137} INFO - [2023-04-16T14:26:07.956+0000] {dagbag.py:532} INFO - Filling up the DagBag from /home/airflow/.local/lib/python3.7/site-packages/airflow/example_dags/example_time_delta_sensor_async.py
[2023-04-16T14:26:07.966+0000] {processor.py:753} INFO - DAG(s) dict_keys(['example_time_delta_sensor_async']) retrieved from /home/airflow/.local/lib/python3.7/site-packages/airflow/example_dags/example_time_delta_sensor_async.py
[2023-04-16T14:26:07.993+0000] {logging_mixin.py:137} INFO - [2023-04-16T14:26:07.993+0000] {dag.py:2705} INFO - Sync 1 DAGs
[2023-04-16T14:26:08.027+0000] {logging_mixin.py:137} INFO - [2023-04-16T14:26:08.026+0000] {dag.py:3456} INFO - Setting next_dagrun for example_time_delta_sensor_async to None, run_after=None
[2023-04-16T14:26:08.048+0000] {processor.py:175} INFO - Processing /home/airflow/.local/lib/python3.7/site-packages/airflow/example_dags/example_time_delta_sensor_async.py took 0.096 seconds
[2023-04-16T14:26:38.841+0000] {processor.py:153} INFO - Started process (PID=35737) to work on /home/airflow/.local/lib/python3.7/site-packages/airflow/example_dags/example_time_delta_sensor_async.py
[2023-04-16T14:26:38.842+0000] {processor.py:743} INFO - Processing file /home/airflow/.local/lib/python3.7/site-packages/airflow/example_dags/example_time_delta_sensor_async.py for tasks to queue
[2023-04-16T14:26:38.843+0000] {logging_mixin.py:137} INFO - [2023-04-16T14:26:38.843+0000] {dagbag.py:532} INFO - Filling up the DagBag from /home/airflow/.local/lib/python3.7/site-packages/airflow/example_dags/example_time_delta_sensor_async.py
[2023-04-16T14:26:38.856+0000] {processor.py:753} INFO - DAG(s) dict_keys(['example_time_delta_sensor_async']) retrieved from /home/airflow/.local/lib/python3.7/site-packages/airflow/example_dags/example_time_delta_sensor_async.py
[2023-04-16T14:26:38.874+0000] {logging_mixin.py:137} INFO - [2023-04-16T14:26:38.874+0000] {dag.py:2705} INFO - Sync 1 DAGs
[2023-04-16T14:26:38.888+0000] {logging_mixin.py:137} INFO - [2023-04-16T14:26:38.888+0000] {dag.py:3456} INFO - Setting next_dagrun for example_time_delta_sensor_async to None, run_after=None
[2023-04-16T14:26:38.899+0000] {processor.py:175} INFO - Processing /home/airflow/.local/lib/python3.7/site-packages/airflow/example_dags/example_time_delta_sensor_async.py took 0.062 seconds
[2023-04-16T15:14:34.668+0000] {processor.py:153} INFO - Started process (PID=35790) to work on /home/airflow/.local/lib/python3.7/site-packages/airflow/example_dags/example_time_delta_sensor_async.py
[2023-04-16T15:14:34.669+0000] {processor.py:743} INFO - Processing file /home/airflow/.local/lib/python3.7/site-packages/airflow/example_dags/example_time_delta_sensor_async.py for tasks to queue
[2023-04-16T15:14:34.670+0000] {logging_mixin.py:137} INFO - [2023-04-16T15:14:34.670+0000] {dagbag.py:532} INFO - Filling up the DagBag from /home/airflow/.local/lib/python3.7/site-packages/airflow/example_dags/example_time_delta_sensor_async.py
[2023-04-16T15:14:34.684+0000] {processor.py:753} INFO - DAG(s) dict_keys(['example_time_delta_sensor_async']) retrieved from /home/airflow/.local/lib/python3.7/site-packages/airflow/example_dags/example_time_delta_sensor_async.py
[2023-04-16T15:14:34.714+0000] {logging_mixin.py:137} INFO - [2023-04-16T15:14:34.714+0000] {dag.py:2705} INFO - Sync 1 DAGs
[2023-04-16T15:14:34.733+0000] {logging_mixin.py:137} INFO - [2023-04-16T15:14:34.733+0000] {dag.py:3456} INFO - Setting next_dagrun for example_time_delta_sensor_async to None, run_after=None
[2023-04-16T15:14:34.745+0000] {processor.py:175} INFO - Processing /home/airflow/.local/lib/python3.7/site-packages/airflow/example_dags/example_time_delta_sensor_async.py took 0.081 seconds
[2023-04-16T15:15:05.530+0000] {processor.py:153} INFO - Started process (PID=35843) to work on /home/airflow/.local/lib/python3.7/site-packages/airflow/example_dags/example_time_delta_sensor_async.py
[2023-04-16T15:15:05.531+0000] {processor.py:743} INFO - Processing file /home/airflow/.local/lib/python3.7/site-packages/airflow/example_dags/example_time_delta_sensor_async.py for tasks to queue
[2023-04-16T15:15:05.532+0000] {logging_mixin.py:137} INFO - [2023-04-16T15:15:05.532+0000] {dagbag.py:532} INFO - Filling up the DagBag from /home/airflow/.local/lib/python3.7/site-packages/airflow/example_dags/example_time_delta_sensor_async.py
[2023-04-16T15:15:05.540+0000] {processor.py:753} INFO - DAG(s) dict_keys(['example_time_delta_sensor_async']) retrieved from /home/airflow/.local/lib/python3.7/site-packages/airflow/example_dags/example_time_delta_sensor_async.py
[2023-04-16T15:15:05.558+0000] {logging_mixin.py:137} INFO - [2023-04-16T15:15:05.558+0000] {dag.py:2705} INFO - Sync 1 DAGs
[2023-04-16T15:15:05.572+0000] {logging_mixin.py:137} INFO - [2023-04-16T15:15:05.572+0000] {dag.py:3456} INFO - Setting next_dagrun for example_time_delta_sensor_async to None, run_after=None
[2023-04-16T15:15:05.581+0000] {processor.py:175} INFO - Processing /home/airflow/.local/lib/python3.7/site-packages/airflow/example_dags/example_time_delta_sensor_async.py took 0.053 seconds
[2023-04-16T16:03:32.693+0000] {processor.py:153} INFO - Started process (PID=35896) to work on /home/airflow/.local/lib/python3.7/site-packages/airflow/example_dags/example_time_delta_sensor_async.py
[2023-04-16T16:03:32.694+0000] {processor.py:743} INFO - Processing file /home/airflow/.local/lib/python3.7/site-packages/airflow/example_dags/example_time_delta_sensor_async.py for tasks to queue
[2023-04-16T16:03:32.694+0000] {logging_mixin.py:137} INFO - [2023-04-16T16:03:32.694+0000] {dagbag.py:532} INFO - Filling up the DagBag from /home/airflow/.local/lib/python3.7/site-packages/airflow/example_dags/example_time_delta_sensor_async.py
[2023-04-16T16:03:32.703+0000] {processor.py:753} INFO - DAG(s) dict_keys(['example_time_delta_sensor_async']) retrieved from /home/airflow/.local/lib/python3.7/site-packages/airflow/example_dags/example_time_delta_sensor_async.py
[2023-04-16T16:03:32.721+0000] {logging_mixin.py:137} INFO - [2023-04-16T16:03:32.721+0000] {dag.py:2705} INFO - Sync 1 DAGs
[2023-04-16T16:03:32.735+0000] {logging_mixin.py:137} INFO - [2023-04-16T16:03:32.735+0000] {dag.py:3456} INFO - Setting next_dagrun for example_time_delta_sensor_async to None, run_after=None
[2023-04-16T16:03:32.746+0000] {processor.py:175} INFO - Processing /home/airflow/.local/lib/python3.7/site-packages/airflow/example_dags/example_time_delta_sensor_async.py took 0.057 seconds
[2023-04-16T17:09:33.537+0000] {processor.py:153} INFO - Started process (PID=35949) to work on /home/airflow/.local/lib/python3.7/site-packages/airflow/example_dags/example_time_delta_sensor_async.py
[2023-04-16T17:09:33.538+0000] {processor.py:743} INFO - Processing file /home/airflow/.local/lib/python3.7/site-packages/airflow/example_dags/example_time_delta_sensor_async.py for tasks to queue
[2023-04-16T17:09:33.539+0000] {logging_mixin.py:137} INFO - [2023-04-16T17:09:33.539+0000] {dagbag.py:532} INFO - Filling up the DagBag from /home/airflow/.local/lib/python3.7/site-packages/airflow/example_dags/example_time_delta_sensor_async.py
[2023-04-16T17:09:33.549+0000] {processor.py:753} INFO - DAG(s) dict_keys(['example_time_delta_sensor_async']) retrieved from /home/airflow/.local/lib/python3.7/site-packages/airflow/example_dags/example_time_delta_sensor_async.py
[2023-04-16T17:09:33.569+0000] {logging_mixin.py:137} INFO - [2023-04-16T17:09:33.569+0000] {dag.py:2705} INFO - Sync 1 DAGs
[2023-04-16T17:09:33.584+0000] {logging_mixin.py:137} INFO - [2023-04-16T17:09:33.584+0000] {dag.py:3456} INFO - Setting next_dagrun for example_time_delta_sensor_async to None, run_after=None
[2023-04-16T17:09:33.595+0000] {processor.py:175} INFO - Processing /home/airflow/.local/lib/python3.7/site-packages/airflow/example_dags/example_time_delta_sensor_async.py took 0.061 seconds
[2023-04-16T18:32:24.969+0000] {processor.py:153} INFO - Started process (PID=36002) to work on /home/airflow/.local/lib/python3.7/site-packages/airflow/example_dags/example_time_delta_sensor_async.py
[2023-04-16T18:32:24.970+0000] {processor.py:743} INFO - Processing file /home/airflow/.local/lib/python3.7/site-packages/airflow/example_dags/example_time_delta_sensor_async.py for tasks to queue
[2023-04-16T18:32:24.971+0000] {logging_mixin.py:137} INFO - [2023-04-16T18:32:24.971+0000] {dagbag.py:532} INFO - Filling up the DagBag from /home/airflow/.local/lib/python3.7/site-packages/airflow/example_dags/example_time_delta_sensor_async.py
[2023-04-16T18:32:24.982+0000] {processor.py:753} INFO - DAG(s) dict_keys(['example_time_delta_sensor_async']) retrieved from /home/airflow/.local/lib/python3.7/site-packages/airflow/example_dags/example_time_delta_sensor_async.py
[2023-04-16T18:32:25.009+0000] {logging_mixin.py:137} INFO - [2023-04-16T18:32:25.009+0000] {dag.py:2705} INFO - Sync 1 DAGs
[2023-04-16T18:32:25.027+0000] {logging_mixin.py:137} INFO - [2023-04-16T18:32:25.027+0000] {dag.py:3456} INFO - Setting next_dagrun for example_time_delta_sensor_async to None, run_after=None
[2023-04-16T18:32:25.039+0000] {processor.py:175} INFO - Processing /home/airflow/.local/lib/python3.7/site-packages/airflow/example_dags/example_time_delta_sensor_async.py took 0.076 seconds
[2023-04-16T19:39:49.752+0000] {processor.py:153} INFO - Started process (PID=36055) to work on /home/airflow/.local/lib/python3.7/site-packages/airflow/example_dags/example_time_delta_sensor_async.py
[2023-04-16T19:39:49.753+0000] {processor.py:743} INFO - Processing file /home/airflow/.local/lib/python3.7/site-packages/airflow/example_dags/example_time_delta_sensor_async.py for tasks to queue
[2023-04-16T19:39:49.754+0000] {logging_mixin.py:137} INFO - [2023-04-16T19:39:49.754+0000] {dagbag.py:532} INFO - Filling up the DagBag from /home/airflow/.local/lib/python3.7/site-packages/airflow/example_dags/example_time_delta_sensor_async.py
[2023-04-16T19:39:49.763+0000] {processor.py:753} INFO - DAG(s) dict_keys(['example_time_delta_sensor_async']) retrieved from /home/airflow/.local/lib/python3.7/site-packages/airflow/example_dags/example_time_delta_sensor_async.py
[2023-04-16T19:39:49.783+0000] {logging_mixin.py:137} INFO - [2023-04-16T19:39:49.782+0000] {dag.py:2705} INFO - Sync 1 DAGs
[2023-04-16T19:39:49.806+0000] {logging_mixin.py:137} INFO - [2023-04-16T19:39:49.806+0000] {dag.py:3456} INFO - Setting next_dagrun for example_time_delta_sensor_async to None, run_after=None
[2023-04-16T19:39:49.822+0000] {processor.py:175} INFO - Processing /home/airflow/.local/lib/python3.7/site-packages/airflow/example_dags/example_time_delta_sensor_async.py took 0.074 seconds
[2023-04-16T20:44:59.397+0000] {processor.py:153} INFO - Started process (PID=36108) to work on /home/airflow/.local/lib/python3.7/site-packages/airflow/example_dags/example_time_delta_sensor_async.py
[2023-04-16T20:44:59.398+0000] {processor.py:743} INFO - Processing file /home/airflow/.local/lib/python3.7/site-packages/airflow/example_dags/example_time_delta_sensor_async.py for tasks to queue
[2023-04-16T20:44:59.399+0000] {logging_mixin.py:137} INFO - [2023-04-16T20:44:59.398+0000] {dagbag.py:532} INFO - Filling up the DagBag from /home/airflow/.local/lib/python3.7/site-packages/airflow/example_dags/example_time_delta_sensor_async.py
[2023-04-16T20:44:59.585+0000] {processor.py:753} INFO - DAG(s) dict_keys(['example_time_delta_sensor_async']) retrieved from /home/airflow/.local/lib/python3.7/site-packages/airflow/example_dags/example_time_delta_sensor_async.py
[2023-04-16T20:44:59.627+0000] {logging_mixin.py:137} INFO - [2023-04-16T20:44:59.627+0000] {dag.py:2705} INFO - Sync 1 DAGs
[2023-04-16T20:44:59.651+0000] {logging_mixin.py:137} INFO - [2023-04-16T20:44:59.651+0000] {dag.py:3456} INFO - Setting next_dagrun for example_time_delta_sensor_async to None, run_after=None
[2023-04-16T20:44:59.663+0000] {processor.py:175} INFO - Processing /home/airflow/.local/lib/python3.7/site-packages/airflow/example_dags/example_time_delta_sensor_async.py took 0.269 seconds
[2023-04-16T21:52:25.406+0000] {processor.py:153} INFO - Started process (PID=36161) to work on /home/airflow/.local/lib/python3.7/site-packages/airflow/example_dags/example_time_delta_sensor_async.py
[2023-04-16T21:52:25.407+0000] {processor.py:743} INFO - Processing file /home/airflow/.local/lib/python3.7/site-packages/airflow/example_dags/example_time_delta_sensor_async.py for tasks to queue
[2023-04-16T21:52:25.408+0000] {logging_mixin.py:137} INFO - [2023-04-16T21:52:25.408+0000] {dagbag.py:532} INFO - Filling up the DagBag from /home/airflow/.local/lib/python3.7/site-packages/airflow/example_dags/example_time_delta_sensor_async.py
[2023-04-16T21:52:25.417+0000] {processor.py:753} INFO - DAG(s) dict_keys(['example_time_delta_sensor_async']) retrieved from /home/airflow/.local/lib/python3.7/site-packages/airflow/example_dags/example_time_delta_sensor_async.py
[2023-04-16T21:52:25.435+0000] {logging_mixin.py:137} INFO - [2023-04-16T21:52:25.435+0000] {dag.py:2705} INFO - Sync 1 DAGs
[2023-04-16T21:52:25.449+0000] {logging_mixin.py:137} INFO - [2023-04-16T21:52:25.449+0000] {dag.py:3456} INFO - Setting next_dagrun for example_time_delta_sensor_async to None, run_after=None
[2023-04-16T21:52:25.459+0000] {processor.py:175} INFO - Processing /home/airflow/.local/lib/python3.7/site-packages/airflow/example_dags/example_time_delta_sensor_async.py took 0.055 seconds
[2023-04-16T22:18:55.224+0000] {processor.py:153} INFO - Started process (PID=36214) to work on /home/airflow/.local/lib/python3.7/site-packages/airflow/example_dags/example_time_delta_sensor_async.py
[2023-04-16T22:18:55.225+0000] {processor.py:743} INFO - Processing file /home/airflow/.local/lib/python3.7/site-packages/airflow/example_dags/example_time_delta_sensor_async.py for tasks to queue
[2023-04-16T22:18:55.226+0000] {logging_mixin.py:137} INFO - [2023-04-16T22:18:55.226+0000] {dagbag.py:532} INFO - Filling up the DagBag from /home/airflow/.local/lib/python3.7/site-packages/airflow/example_dags/example_time_delta_sensor_async.py
[2023-04-16T22:18:55.237+0000] {processor.py:753} INFO - DAG(s) dict_keys(['example_time_delta_sensor_async']) retrieved from /home/airflow/.local/lib/python3.7/site-packages/airflow/example_dags/example_time_delta_sensor_async.py
[2023-04-16T22:18:55.262+0000] {logging_mixin.py:137} INFO - [2023-04-16T22:18:55.262+0000] {dag.py:2705} INFO - Sync 1 DAGs
[2023-04-16T22:18:55.276+0000] {logging_mixin.py:137} INFO - [2023-04-16T22:18:55.276+0000] {dag.py:3456} INFO - Setting next_dagrun for example_time_delta_sensor_async to None, run_after=None
[2023-04-16T22:18:55.286+0000] {processor.py:175} INFO - Processing /home/airflow/.local/lib/python3.7/site-packages/airflow/example_dags/example_time_delta_sensor_async.py took 0.065 seconds
[2023-04-16T22:19:25.639+0000] {processor.py:153} INFO - Started process (PID=36267) to work on /home/airflow/.local/lib/python3.7/site-packages/airflow/example_dags/example_time_delta_sensor_async.py
[2023-04-16T22:19:25.640+0000] {processor.py:743} INFO - Processing file /home/airflow/.local/lib/python3.7/site-packages/airflow/example_dags/example_time_delta_sensor_async.py for tasks to queue
[2023-04-16T22:19:25.641+0000] {logging_mixin.py:137} INFO - [2023-04-16T22:19:25.641+0000] {dagbag.py:532} INFO - Filling up the DagBag from /home/airflow/.local/lib/python3.7/site-packages/airflow/example_dags/example_time_delta_sensor_async.py
[2023-04-16T22:19:25.649+0000] {processor.py:753} INFO - DAG(s) dict_keys(['example_time_delta_sensor_async']) retrieved from /home/airflow/.local/lib/python3.7/site-packages/airflow/example_dags/example_time_delta_sensor_async.py
[2023-04-16T22:19:25.667+0000] {logging_mixin.py:137} INFO - [2023-04-16T22:19:25.667+0000] {dag.py:2705} INFO - Sync 1 DAGs
[2023-04-16T22:19:25.682+0000] {logging_mixin.py:137} INFO - [2023-04-16T22:19:25.682+0000] {dag.py:3456} INFO - Setting next_dagrun for example_time_delta_sensor_async to None, run_after=None
[2023-04-16T22:19:25.691+0000] {processor.py:175} INFO - Processing /home/airflow/.local/lib/python3.7/site-packages/airflow/example_dags/example_time_delta_sensor_async.py took 0.054 seconds
[2023-04-16T22:39:19.898+0000] {processor.py:153} INFO - Started process (PID=36320) to work on /home/airflow/.local/lib/python3.7/site-packages/airflow/example_dags/example_time_delta_sensor_async.py
[2023-04-16T22:39:19.899+0000] {processor.py:743} INFO - Processing file /home/airflow/.local/lib/python3.7/site-packages/airflow/example_dags/example_time_delta_sensor_async.py for tasks to queue
[2023-04-16T22:39:19.899+0000] {logging_mixin.py:137} INFO - [2023-04-16T22:39:19.899+0000] {dagbag.py:532} INFO - Filling up the DagBag from /home/airflow/.local/lib/python3.7/site-packages/airflow/example_dags/example_time_delta_sensor_async.py
[2023-04-16T22:39:19.907+0000] {processor.py:753} INFO - DAG(s) dict_keys(['example_time_delta_sensor_async']) retrieved from /home/airflow/.local/lib/python3.7/site-packages/airflow/example_dags/example_time_delta_sensor_async.py
[2023-04-16T22:39:19.925+0000] {logging_mixin.py:137} INFO - [2023-04-16T22:39:19.925+0000] {dag.py:2705} INFO - Sync 1 DAGs
[2023-04-16T22:39:19.940+0000] {logging_mixin.py:137} INFO - [2023-04-16T22:39:19.939+0000] {dag.py:3456} INFO - Setting next_dagrun for example_time_delta_sensor_async to None, run_after=None
[2023-04-16T22:39:19.949+0000] {processor.py:175} INFO - Processing /home/airflow/.local/lib/python3.7/site-packages/airflow/example_dags/example_time_delta_sensor_async.py took 0.054 seconds
[2023-04-16T22:39:50.383+0000] {processor.py:153} INFO - Started process (PID=36373) to work on /home/airflow/.local/lib/python3.7/site-packages/airflow/example_dags/example_time_delta_sensor_async.py
[2023-04-16T22:39:50.384+0000] {processor.py:743} INFO - Processing file /home/airflow/.local/lib/python3.7/site-packages/airflow/example_dags/example_time_delta_sensor_async.py for tasks to queue
[2023-04-16T22:39:50.384+0000] {logging_mixin.py:137} INFO - [2023-04-16T22:39:50.384+0000] {dagbag.py:532} INFO - Filling up the DagBag from /home/airflow/.local/lib/python3.7/site-packages/airflow/example_dags/example_time_delta_sensor_async.py
[2023-04-16T22:39:50.394+0000] {processor.py:753} INFO - DAG(s) dict_keys(['example_time_delta_sensor_async']) retrieved from /home/airflow/.local/lib/python3.7/site-packages/airflow/example_dags/example_time_delta_sensor_async.py
[2023-04-16T22:39:50.413+0000] {logging_mixin.py:137} INFO - [2023-04-16T22:39:50.412+0000] {dag.py:2705} INFO - Sync 1 DAGs
[2023-04-16T22:39:50.426+0000] {logging_mixin.py:137} INFO - [2023-04-16T22:39:50.426+0000] {dag.py:3456} INFO - Setting next_dagrun for example_time_delta_sensor_async to None, run_after=None
[2023-04-16T22:39:50.436+0000] {processor.py:175} INFO - Processing /home/airflow/.local/lib/python3.7/site-packages/airflow/example_dags/example_time_delta_sensor_async.py took 0.056 seconds
