[2023-04-16T00:33:37.158+0000] {processor.py:153} INFO - Started process (PID=34895) to work on /home/airflow/.local/lib/python3.7/site-packages/airflow/example_dags/example_python_operator.py
[2023-04-16T00:33:37.159+0000] {processor.py:743} INFO - Processing file /home/airflow/.local/lib/python3.7/site-packages/airflow/example_dags/example_python_operator.py for tasks to queue
[2023-04-16T00:33:37.160+0000] {logging_mixin.py:137} INFO - [2023-04-16T00:33:37.160+0000] {dagbag.py:532} INFO - Filling up the DagBag from /home/airflow/.local/lib/python3.7/site-packages/airflow/example_dags/example_python_operator.py
[2023-04-16T00:33:37.172+0000] {logging_mixin.py:137} INFO - [2023-04-16T00:33:37.172+0000] {taskmixin.py:211} WARNING - Dependency <Task(_PythonDecoratedOperator): print_the_context>, log_sql_query already registered for DAG: example_python_operator
[2023-04-16T00:33:37.172+0000] {logging_mixin.py:137} INFO - [2023-04-16T00:33:37.172+0000] {taskmixin.py:211} WARNING - Dependency <Task(_PythonDecoratedOperator): log_sql_query>, print_the_context already registered for DAG: example_python_operator
[2023-04-16T00:33:37.173+0000] {logging_mixin.py:137} INFO - [2023-04-16T00:33:37.173+0000] {taskmixin.py:211} WARNING - Dependency <Task(_PythonDecoratedOperator): print_the_context>, log_sql_query already registered for DAG: example_python_operator
[2023-04-16T00:33:37.173+0000] {logging_mixin.py:137} INFO - [2023-04-16T00:33:37.173+0000] {taskmixin.py:211} WARNING - Dependency <Task(_PythonDecoratedOperator): log_sql_query>, print_the_context already registered for DAG: example_python_operator
[2023-04-16T00:33:37.174+0000] {logging_mixin.py:137} INFO - [2023-04-16T00:33:37.174+0000] {taskmixin.py:211} WARNING - Dependency <Task(_PythonDecoratedOperator): print_the_context>, log_sql_query already registered for DAG: example_python_operator
[2023-04-16T00:33:37.174+0000] {logging_mixin.py:137} INFO - [2023-04-16T00:33:37.174+0000] {taskmixin.py:211} WARNING - Dependency <Task(_PythonDecoratedOperator): log_sql_query>, print_the_context already registered for DAG: example_python_operator
[2023-04-16T00:33:37.175+0000] {logging_mixin.py:137} INFO - [2023-04-16T00:33:37.175+0000] {taskmixin.py:211} WARNING - Dependency <Task(_PythonDecoratedOperator): print_the_context>, log_sql_query already registered for DAG: example_python_operator
[2023-04-16T00:33:37.175+0000] {logging_mixin.py:137} INFO - [2023-04-16T00:33:37.175+0000] {taskmixin.py:211} WARNING - Dependency <Task(_PythonDecoratedOperator): log_sql_query>, print_the_context already registered for DAG: example_python_operator
[2023-04-16T00:33:37.180+0000] {processor.py:753} INFO - DAG(s) dict_keys(['example_python_operator']) retrieved from /home/airflow/.local/lib/python3.7/site-packages/airflow/example_dags/example_python_operator.py
[2023-04-16T00:33:37.199+0000] {logging_mixin.py:137} INFO - [2023-04-16T00:33:37.199+0000] {dag.py:2705} INFO - Sync 1 DAGs
[2023-04-16T00:33:37.213+0000] {logging_mixin.py:137} INFO - [2023-04-16T00:33:37.213+0000] {dag.py:3456} INFO - Setting next_dagrun for example_python_operator to None, run_after=None
[2023-04-16T00:33:37.223+0000] {processor.py:175} INFO - Processing /home/airflow/.local/lib/python3.7/site-packages/airflow/example_dags/example_python_operator.py took 0.068 seconds
[2023-04-16T01:42:56.918+0000] {processor.py:153} INFO - Started process (PID=34948) to work on /home/airflow/.local/lib/python3.7/site-packages/airflow/example_dags/example_python_operator.py
[2023-04-16T01:42:56.919+0000] {processor.py:743} INFO - Processing file /home/airflow/.local/lib/python3.7/site-packages/airflow/example_dags/example_python_operator.py for tasks to queue
[2023-04-16T01:42:56.919+0000] {logging_mixin.py:137} INFO - [2023-04-16T01:42:56.919+0000] {dagbag.py:532} INFO - Filling up the DagBag from /home/airflow/.local/lib/python3.7/site-packages/airflow/example_dags/example_python_operator.py
[2023-04-16T01:42:56.931+0000] {logging_mixin.py:137} INFO - [2023-04-16T01:42:56.931+0000] {taskmixin.py:211} WARNING - Dependency <Task(_PythonDecoratedOperator): print_the_context>, log_sql_query already registered for DAG: example_python_operator
[2023-04-16T01:42:56.932+0000] {logging_mixin.py:137} INFO - [2023-04-16T01:42:56.932+0000] {taskmixin.py:211} WARNING - Dependency <Task(_PythonDecoratedOperator): log_sql_query>, print_the_context already registered for DAG: example_python_operator
[2023-04-16T01:42:56.933+0000] {logging_mixin.py:137} INFO - [2023-04-16T01:42:56.933+0000] {taskmixin.py:211} WARNING - Dependency <Task(_PythonDecoratedOperator): print_the_context>, log_sql_query already registered for DAG: example_python_operator
[2023-04-16T01:42:56.933+0000] {logging_mixin.py:137} INFO - [2023-04-16T01:42:56.933+0000] {taskmixin.py:211} WARNING - Dependency <Task(_PythonDecoratedOperator): log_sql_query>, print_the_context already registered for DAG: example_python_operator
[2023-04-16T01:42:56.934+0000] {logging_mixin.py:137} INFO - [2023-04-16T01:42:56.934+0000] {taskmixin.py:211} WARNING - Dependency <Task(_PythonDecoratedOperator): print_the_context>, log_sql_query already registered for DAG: example_python_operator
[2023-04-16T01:42:56.934+0000] {logging_mixin.py:137} INFO - [2023-04-16T01:42:56.934+0000] {taskmixin.py:211} WARNING - Dependency <Task(_PythonDecoratedOperator): log_sql_query>, print_the_context already registered for DAG: example_python_operator
[2023-04-16T01:42:56.935+0000] {logging_mixin.py:137} INFO - [2023-04-16T01:42:56.935+0000] {taskmixin.py:211} WARNING - Dependency <Task(_PythonDecoratedOperator): print_the_context>, log_sql_query already registered for DAG: example_python_operator
[2023-04-16T01:42:56.935+0000] {logging_mixin.py:137} INFO - [2023-04-16T01:42:56.935+0000] {taskmixin.py:211} WARNING - Dependency <Task(_PythonDecoratedOperator): log_sql_query>, print_the_context already registered for DAG: example_python_operator
[2023-04-16T01:42:56.939+0000] {processor.py:753} INFO - DAG(s) dict_keys(['example_python_operator']) retrieved from /home/airflow/.local/lib/python3.7/site-packages/airflow/example_dags/example_python_operator.py
[2023-04-16T01:42:56.959+0000] {logging_mixin.py:137} INFO - [2023-04-16T01:42:56.959+0000] {dag.py:2705} INFO - Sync 1 DAGs
[2023-04-16T01:42:56.973+0000] {logging_mixin.py:137} INFO - [2023-04-16T01:42:56.973+0000] {dag.py:3456} INFO - Setting next_dagrun for example_python_operator to None, run_after=None
[2023-04-16T01:42:56.984+0000] {processor.py:175} INFO - Processing /home/airflow/.local/lib/python3.7/site-packages/airflow/example_dags/example_python_operator.py took 0.069 seconds
[2023-04-16T02:49:25.838+0000] {processor.py:153} INFO - Started process (PID=35001) to work on /home/airflow/.local/lib/python3.7/site-packages/airflow/example_dags/example_python_operator.py
[2023-04-16T02:49:25.840+0000] {processor.py:743} INFO - Processing file /home/airflow/.local/lib/python3.7/site-packages/airflow/example_dags/example_python_operator.py for tasks to queue
[2023-04-16T02:49:25.840+0000] {logging_mixin.py:137} INFO - [2023-04-16T02:49:25.840+0000] {dagbag.py:532} INFO - Filling up the DagBag from /home/airflow/.local/lib/python3.7/site-packages/airflow/example_dags/example_python_operator.py
[2023-04-16T02:49:25.857+0000] {logging_mixin.py:137} INFO - [2023-04-16T02:49:25.857+0000] {taskmixin.py:211} WARNING - Dependency <Task(_PythonDecoratedOperator): print_the_context>, log_sql_query already registered for DAG: example_python_operator
[2023-04-16T02:49:25.858+0000] {logging_mixin.py:137} INFO - [2023-04-16T02:49:25.857+0000] {taskmixin.py:211} WARNING - Dependency <Task(_PythonDecoratedOperator): log_sql_query>, print_the_context already registered for DAG: example_python_operator
[2023-04-16T02:49:25.859+0000] {logging_mixin.py:137} INFO - [2023-04-16T02:49:25.859+0000] {taskmixin.py:211} WARNING - Dependency <Task(_PythonDecoratedOperator): print_the_context>, log_sql_query already registered for DAG: example_python_operator
[2023-04-16T02:49:25.860+0000] {logging_mixin.py:137} INFO - [2023-04-16T02:49:25.860+0000] {taskmixin.py:211} WARNING - Dependency <Task(_PythonDecoratedOperator): log_sql_query>, print_the_context already registered for DAG: example_python_operator
[2023-04-16T02:49:25.861+0000] {logging_mixin.py:137} INFO - [2023-04-16T02:49:25.861+0000] {taskmixin.py:211} WARNING - Dependency <Task(_PythonDecoratedOperator): print_the_context>, log_sql_query already registered for DAG: example_python_operator
[2023-04-16T02:49:25.861+0000] {logging_mixin.py:137} INFO - [2023-04-16T02:49:25.861+0000] {taskmixin.py:211} WARNING - Dependency <Task(_PythonDecoratedOperator): log_sql_query>, print_the_context already registered for DAG: example_python_operator
[2023-04-16T02:49:25.862+0000] {logging_mixin.py:137} INFO - [2023-04-16T02:49:25.862+0000] {taskmixin.py:211} WARNING - Dependency <Task(_PythonDecoratedOperator): print_the_context>, log_sql_query already registered for DAG: example_python_operator
[2023-04-16T02:49:25.862+0000] {logging_mixin.py:137} INFO - [2023-04-16T02:49:25.862+0000] {taskmixin.py:211} WARNING - Dependency <Task(_PythonDecoratedOperator): log_sql_query>, print_the_context already registered for DAG: example_python_operator
[2023-04-16T02:49:25.867+0000] {processor.py:753} INFO - DAG(s) dict_keys(['example_python_operator']) retrieved from /home/airflow/.local/lib/python3.7/site-packages/airflow/example_dags/example_python_operator.py
[2023-04-16T02:49:25.888+0000] {logging_mixin.py:137} INFO - [2023-04-16T02:49:25.888+0000] {dag.py:2705} INFO - Sync 1 DAGs
[2023-04-16T02:49:25.903+0000] {logging_mixin.py:137} INFO - [2023-04-16T02:49:25.903+0000] {dag.py:3456} INFO - Setting next_dagrun for example_python_operator to None, run_after=None
[2023-04-16T02:49:25.913+0000] {processor.py:175} INFO - Processing /home/airflow/.local/lib/python3.7/site-packages/airflow/example_dags/example_python_operator.py took 0.077 seconds
[2023-04-16T03:56:31.722+0000] {processor.py:153} INFO - Started process (PID=35055) to work on /home/airflow/.local/lib/python3.7/site-packages/airflow/example_dags/example_python_operator.py
[2023-04-16T03:56:31.723+0000] {processor.py:743} INFO - Processing file /home/airflow/.local/lib/python3.7/site-packages/airflow/example_dags/example_python_operator.py for tasks to queue
[2023-04-16T03:56:31.724+0000] {logging_mixin.py:137} INFO - [2023-04-16T03:56:31.724+0000] {dagbag.py:532} INFO - Filling up the DagBag from /home/airflow/.local/lib/python3.7/site-packages/airflow/example_dags/example_python_operator.py
[2023-04-16T03:56:31.737+0000] {logging_mixin.py:137} INFO - [2023-04-16T03:56:31.737+0000] {taskmixin.py:211} WARNING - Dependency <Task(_PythonDecoratedOperator): print_the_context>, log_sql_query already registered for DAG: example_python_operator
[2023-04-16T03:56:31.737+0000] {logging_mixin.py:137} INFO - [2023-04-16T03:56:31.737+0000] {taskmixin.py:211} WARNING - Dependency <Task(_PythonDecoratedOperator): log_sql_query>, print_the_context already registered for DAG: example_python_operator
[2023-04-16T03:56:31.738+0000] {logging_mixin.py:137} INFO - [2023-04-16T03:56:31.738+0000] {taskmixin.py:211} WARNING - Dependency <Task(_PythonDecoratedOperator): print_the_context>, log_sql_query already registered for DAG: example_python_operator
[2023-04-16T03:56:31.739+0000] {logging_mixin.py:137} INFO - [2023-04-16T03:56:31.738+0000] {taskmixin.py:211} WARNING - Dependency <Task(_PythonDecoratedOperator): log_sql_query>, print_the_context already registered for DAG: example_python_operator
[2023-04-16T03:56:31.739+0000] {logging_mixin.py:137} INFO - [2023-04-16T03:56:31.739+0000] {taskmixin.py:211} WARNING - Dependency <Task(_PythonDecoratedOperator): print_the_context>, log_sql_query already registered for DAG: example_python_operator
[2023-04-16T03:56:31.739+0000] {logging_mixin.py:137} INFO - [2023-04-16T03:56:31.739+0000] {taskmixin.py:211} WARNING - Dependency <Task(_PythonDecoratedOperator): log_sql_query>, print_the_context already registered for DAG: example_python_operator
[2023-04-16T03:56:31.740+0000] {logging_mixin.py:137} INFO - [2023-04-16T03:56:31.740+0000] {taskmixin.py:211} WARNING - Dependency <Task(_PythonDecoratedOperator): print_the_context>, log_sql_query already registered for DAG: example_python_operator
[2023-04-16T03:56:31.741+0000] {logging_mixin.py:137} INFO - [2023-04-16T03:56:31.741+0000] {taskmixin.py:211} WARNING - Dependency <Task(_PythonDecoratedOperator): log_sql_query>, print_the_context already registered for DAG: example_python_operator
[2023-04-16T03:56:31.746+0000] {processor.py:753} INFO - DAG(s) dict_keys(['example_python_operator']) retrieved from /home/airflow/.local/lib/python3.7/site-packages/airflow/example_dags/example_python_operator.py
[2023-04-16T03:56:31.766+0000] {logging_mixin.py:137} INFO - [2023-04-16T03:56:31.766+0000] {dag.py:2705} INFO - Sync 1 DAGs
[2023-04-16T03:56:31.784+0000] {logging_mixin.py:137} INFO - [2023-04-16T03:56:31.784+0000] {dag.py:3456} INFO - Setting next_dagrun for example_python_operator to None, run_after=None
[2023-04-16T03:56:31.795+0000] {processor.py:175} INFO - Processing /home/airflow/.local/lib/python3.7/site-packages/airflow/example_dags/example_python_operator.py took 0.076 seconds
[2023-04-16T04:57:15.109+0000] {processor.py:153} INFO - Started process (PID=35108) to work on /home/airflow/.local/lib/python3.7/site-packages/airflow/example_dags/example_python_operator.py
[2023-04-16T04:57:15.110+0000] {processor.py:743} INFO - Processing file /home/airflow/.local/lib/python3.7/site-packages/airflow/example_dags/example_python_operator.py for tasks to queue
[2023-04-16T04:57:15.111+0000] {logging_mixin.py:137} INFO - [2023-04-16T04:57:15.111+0000] {dagbag.py:532} INFO - Filling up the DagBag from /home/airflow/.local/lib/python3.7/site-packages/airflow/example_dags/example_python_operator.py
[2023-04-16T04:57:15.123+0000] {logging_mixin.py:137} INFO - [2023-04-16T04:57:15.123+0000] {taskmixin.py:211} WARNING - Dependency <Task(_PythonDecoratedOperator): print_the_context>, log_sql_query already registered for DAG: example_python_operator
[2023-04-16T04:57:15.124+0000] {logging_mixin.py:137} INFO - [2023-04-16T04:57:15.124+0000] {taskmixin.py:211} WARNING - Dependency <Task(_PythonDecoratedOperator): log_sql_query>, print_the_context already registered for DAG: example_python_operator
[2023-04-16T04:57:15.124+0000] {logging_mixin.py:137} INFO - [2023-04-16T04:57:15.124+0000] {taskmixin.py:211} WARNING - Dependency <Task(_PythonDecoratedOperator): print_the_context>, log_sql_query already registered for DAG: example_python_operator
[2023-04-16T04:57:15.125+0000] {logging_mixin.py:137} INFO - [2023-04-16T04:57:15.125+0000] {taskmixin.py:211} WARNING - Dependency <Task(_PythonDecoratedOperator): log_sql_query>, print_the_context already registered for DAG: example_python_operator
[2023-04-16T04:57:15.125+0000] {logging_mixin.py:137} INFO - [2023-04-16T04:57:15.125+0000] {taskmixin.py:211} WARNING - Dependency <Task(_PythonDecoratedOperator): print_the_context>, log_sql_query already registered for DAG: example_python_operator
[2023-04-16T04:57:15.126+0000] {logging_mixin.py:137} INFO - [2023-04-16T04:57:15.126+0000] {taskmixin.py:211} WARNING - Dependency <Task(_PythonDecoratedOperator): log_sql_query>, print_the_context already registered for DAG: example_python_operator
[2023-04-16T04:57:15.126+0000] {logging_mixin.py:137} INFO - [2023-04-16T04:57:15.126+0000] {taskmixin.py:211} WARNING - Dependency <Task(_PythonDecoratedOperator): print_the_context>, log_sql_query already registered for DAG: example_python_operator
[2023-04-16T04:57:15.127+0000] {logging_mixin.py:137} INFO - [2023-04-16T04:57:15.127+0000] {taskmixin.py:211} WARNING - Dependency <Task(_PythonDecoratedOperator): log_sql_query>, print_the_context already registered for DAG: example_python_operator
[2023-04-16T04:57:15.133+0000] {processor.py:753} INFO - DAG(s) dict_keys(['example_python_operator']) retrieved from /home/airflow/.local/lib/python3.7/site-packages/airflow/example_dags/example_python_operator.py
[2023-04-16T04:57:15.156+0000] {logging_mixin.py:137} INFO - [2023-04-16T04:57:15.156+0000] {dag.py:2705} INFO - Sync 1 DAGs
[2023-04-16T04:57:15.171+0000] {logging_mixin.py:137} INFO - [2023-04-16T04:57:15.171+0000] {dag.py:3456} INFO - Setting next_dagrun for example_python_operator to None, run_after=None
[2023-04-16T04:57:15.182+0000] {processor.py:175} INFO - Processing /home/airflow/.local/lib/python3.7/site-packages/airflow/example_dags/example_python_operator.py took 0.075 seconds
[2023-04-16T04:57:45.592+0000] {processor.py:153} INFO - Started process (PID=35160) to work on /home/airflow/.local/lib/python3.7/site-packages/airflow/example_dags/example_python_operator.py
[2023-04-16T04:57:45.593+0000] {processor.py:743} INFO - Processing file /home/airflow/.local/lib/python3.7/site-packages/airflow/example_dags/example_python_operator.py for tasks to queue
[2023-04-16T04:57:45.594+0000] {logging_mixin.py:137} INFO - [2023-04-16T04:57:45.594+0000] {dagbag.py:532} INFO - Filling up the DagBag from /home/airflow/.local/lib/python3.7/site-packages/airflow/example_dags/example_python_operator.py
[2023-04-16T04:57:45.606+0000] {logging_mixin.py:137} INFO - [2023-04-16T04:57:45.606+0000] {taskmixin.py:211} WARNING - Dependency <Task(_PythonDecoratedOperator): print_the_context>, log_sql_query already registered for DAG: example_python_operator
[2023-04-16T04:57:45.606+0000] {logging_mixin.py:137} INFO - [2023-04-16T04:57:45.606+0000] {taskmixin.py:211} WARNING - Dependency <Task(_PythonDecoratedOperator): log_sql_query>, print_the_context already registered for DAG: example_python_operator
[2023-04-16T04:57:45.607+0000] {logging_mixin.py:137} INFO - [2023-04-16T04:57:45.607+0000] {taskmixin.py:211} WARNING - Dependency <Task(_PythonDecoratedOperator): print_the_context>, log_sql_query already registered for DAG: example_python_operator
[2023-04-16T04:57:45.607+0000] {logging_mixin.py:137} INFO - [2023-04-16T04:57:45.607+0000] {taskmixin.py:211} WARNING - Dependency <Task(_PythonDecoratedOperator): log_sql_query>, print_the_context already registered for DAG: example_python_operator
[2023-04-16T04:57:45.608+0000] {logging_mixin.py:137} INFO - [2023-04-16T04:57:45.608+0000] {taskmixin.py:211} WARNING - Dependency <Task(_PythonDecoratedOperator): print_the_context>, log_sql_query already registered for DAG: example_python_operator
[2023-04-16T04:57:45.608+0000] {logging_mixin.py:137} INFO - [2023-04-16T04:57:45.608+0000] {taskmixin.py:211} WARNING - Dependency <Task(_PythonDecoratedOperator): log_sql_query>, print_the_context already registered for DAG: example_python_operator
[2023-04-16T04:57:45.608+0000] {logging_mixin.py:137} INFO - [2023-04-16T04:57:45.608+0000] {taskmixin.py:211} WARNING - Dependency <Task(_PythonDecoratedOperator): print_the_context>, log_sql_query already registered for DAG: example_python_operator
[2023-04-16T04:57:45.609+0000] {logging_mixin.py:137} INFO - [2023-04-16T04:57:45.609+0000] {taskmixin.py:211} WARNING - Dependency <Task(_PythonDecoratedOperator): log_sql_query>, print_the_context already registered for DAG: example_python_operator
[2023-04-16T04:57:45.613+0000] {processor.py:753} INFO - DAG(s) dict_keys(['example_python_operator']) retrieved from /home/airflow/.local/lib/python3.7/site-packages/airflow/example_dags/example_python_operator.py
[2023-04-16T04:57:45.632+0000] {logging_mixin.py:137} INFO - [2023-04-16T04:57:45.632+0000] {dag.py:2705} INFO - Sync 1 DAGs
[2023-04-16T04:57:45.646+0000] {logging_mixin.py:137} INFO - [2023-04-16T04:57:45.646+0000] {dag.py:3456} INFO - Setting next_dagrun for example_python_operator to None, run_after=None
[2023-04-16T04:57:45.657+0000] {processor.py:175} INFO - Processing /home/airflow/.local/lib/python3.7/site-packages/airflow/example_dags/example_python_operator.py took 0.067 seconds
[2023-04-16T06:01:54.180+0000] {processor.py:153} INFO - Started process (PID=35213) to work on /home/airflow/.local/lib/python3.7/site-packages/airflow/example_dags/example_python_operator.py
[2023-04-16T06:01:54.181+0000] {processor.py:743} INFO - Processing file /home/airflow/.local/lib/python3.7/site-packages/airflow/example_dags/example_python_operator.py for tasks to queue
[2023-04-16T06:01:54.182+0000] {logging_mixin.py:137} INFO - [2023-04-16T06:01:54.182+0000] {dagbag.py:532} INFO - Filling up the DagBag from /home/airflow/.local/lib/python3.7/site-packages/airflow/example_dags/example_python_operator.py
[2023-04-16T06:01:54.195+0000] {logging_mixin.py:137} INFO - [2023-04-16T06:01:54.195+0000] {taskmixin.py:211} WARNING - Dependency <Task(_PythonDecoratedOperator): print_the_context>, log_sql_query already registered for DAG: example_python_operator
[2023-04-16T06:01:54.196+0000] {logging_mixin.py:137} INFO - [2023-04-16T06:01:54.196+0000] {taskmixin.py:211} WARNING - Dependency <Task(_PythonDecoratedOperator): log_sql_query>, print_the_context already registered for DAG: example_python_operator
[2023-04-16T06:01:54.196+0000] {logging_mixin.py:137} INFO - [2023-04-16T06:01:54.196+0000] {taskmixin.py:211} WARNING - Dependency <Task(_PythonDecoratedOperator): print_the_context>, log_sql_query already registered for DAG: example_python_operator
[2023-04-16T06:01:54.197+0000] {logging_mixin.py:137} INFO - [2023-04-16T06:01:54.197+0000] {taskmixin.py:211} WARNING - Dependency <Task(_PythonDecoratedOperator): log_sql_query>, print_the_context already registered for DAG: example_python_operator
[2023-04-16T06:01:54.197+0000] {logging_mixin.py:137} INFO - [2023-04-16T06:01:54.197+0000] {taskmixin.py:211} WARNING - Dependency <Task(_PythonDecoratedOperator): print_the_context>, log_sql_query already registered for DAG: example_python_operator
[2023-04-16T06:01:54.198+0000] {logging_mixin.py:137} INFO - [2023-04-16T06:01:54.198+0000] {taskmixin.py:211} WARNING - Dependency <Task(_PythonDecoratedOperator): log_sql_query>, print_the_context already registered for DAG: example_python_operator
[2023-04-16T06:01:54.198+0000] {logging_mixin.py:137} INFO - [2023-04-16T06:01:54.198+0000] {taskmixin.py:211} WARNING - Dependency <Task(_PythonDecoratedOperator): print_the_context>, log_sql_query already registered for DAG: example_python_operator
[2023-04-16T06:01:54.199+0000] {logging_mixin.py:137} INFO - [2023-04-16T06:01:54.198+0000] {taskmixin.py:211} WARNING - Dependency <Task(_PythonDecoratedOperator): log_sql_query>, print_the_context already registered for DAG: example_python_operator
[2023-04-16T06:01:54.203+0000] {processor.py:753} INFO - DAG(s) dict_keys(['example_python_operator']) retrieved from /home/airflow/.local/lib/python3.7/site-packages/airflow/example_dags/example_python_operator.py
[2023-04-16T06:01:54.222+0000] {logging_mixin.py:137} INFO - [2023-04-16T06:01:54.222+0000] {dag.py:2705} INFO - Sync 1 DAGs
[2023-04-16T06:01:54.236+0000] {logging_mixin.py:137} INFO - [2023-04-16T06:01:54.236+0000] {dag.py:3456} INFO - Setting next_dagrun for example_python_operator to None, run_after=None
[2023-04-16T06:01:54.245+0000] {processor.py:175} INFO - Processing /home/airflow/.local/lib/python3.7/site-packages/airflow/example_dags/example_python_operator.py took 0.068 seconds
[2023-04-16T06:13:25.968+0000] {processor.py:153} INFO - Started process (PID=35266) to work on /home/airflow/.local/lib/python3.7/site-packages/airflow/example_dags/example_python_operator.py
[2023-04-16T06:13:25.969+0000] {processor.py:743} INFO - Processing file /home/airflow/.local/lib/python3.7/site-packages/airflow/example_dags/example_python_operator.py for tasks to queue
[2023-04-16T06:13:25.970+0000] {logging_mixin.py:137} INFO - [2023-04-16T06:13:25.970+0000] {dagbag.py:532} INFO - Filling up the DagBag from /home/airflow/.local/lib/python3.7/site-packages/airflow/example_dags/example_python_operator.py
[2023-04-16T06:13:25.982+0000] {logging_mixin.py:137} INFO - [2023-04-16T06:13:25.982+0000] {taskmixin.py:211} WARNING - Dependency <Task(_PythonDecoratedOperator): print_the_context>, log_sql_query already registered for DAG: example_python_operator
[2023-04-16T06:13:25.983+0000] {logging_mixin.py:137} INFO - [2023-04-16T06:13:25.983+0000] {taskmixin.py:211} WARNING - Dependency <Task(_PythonDecoratedOperator): log_sql_query>, print_the_context already registered for DAG: example_python_operator
[2023-04-16T06:13:25.984+0000] {logging_mixin.py:137} INFO - [2023-04-16T06:13:25.984+0000] {taskmixin.py:211} WARNING - Dependency <Task(_PythonDecoratedOperator): print_the_context>, log_sql_query already registered for DAG: example_python_operator
[2023-04-16T06:13:25.984+0000] {logging_mixin.py:137} INFO - [2023-04-16T06:13:25.984+0000] {taskmixin.py:211} WARNING - Dependency <Task(_PythonDecoratedOperator): log_sql_query>, print_the_context already registered for DAG: example_python_operator
[2023-04-16T06:13:25.985+0000] {logging_mixin.py:137} INFO - [2023-04-16T06:13:25.985+0000] {taskmixin.py:211} WARNING - Dependency <Task(_PythonDecoratedOperator): print_the_context>, log_sql_query already registered for DAG: example_python_operator
[2023-04-16T06:13:25.985+0000] {logging_mixin.py:137} INFO - [2023-04-16T06:13:25.985+0000] {taskmixin.py:211} WARNING - Dependency <Task(_PythonDecoratedOperator): log_sql_query>, print_the_context already registered for DAG: example_python_operator
[2023-04-16T06:13:25.986+0000] {logging_mixin.py:137} INFO - [2023-04-16T06:13:25.986+0000] {taskmixin.py:211} WARNING - Dependency <Task(_PythonDecoratedOperator): print_the_context>, log_sql_query already registered for DAG: example_python_operator
[2023-04-16T06:13:25.986+0000] {logging_mixin.py:137} INFO - [2023-04-16T06:13:25.986+0000] {taskmixin.py:211} WARNING - Dependency <Task(_PythonDecoratedOperator): log_sql_query>, print_the_context already registered for DAG: example_python_operator
[2023-04-16T06:13:25.991+0000] {processor.py:753} INFO - DAG(s) dict_keys(['example_python_operator']) retrieved from /home/airflow/.local/lib/python3.7/site-packages/airflow/example_dags/example_python_operator.py
[2023-04-16T06:13:26.011+0000] {logging_mixin.py:137} INFO - [2023-04-16T06:13:26.011+0000] {dag.py:2705} INFO - Sync 1 DAGs
[2023-04-16T06:13:26.026+0000] {logging_mixin.py:137} INFO - [2023-04-16T06:13:26.026+0000] {dag.py:3456} INFO - Setting next_dagrun for example_python_operator to None, run_after=None
[2023-04-16T06:13:26.036+0000] {processor.py:175} INFO - Processing /home/airflow/.local/lib/python3.7/site-packages/airflow/example_dags/example_python_operator.py took 0.070 seconds
[2023-04-16T06:29:19.588+0000] {processor.py:153} INFO - Started process (PID=35319) to work on /home/airflow/.local/lib/python3.7/site-packages/airflow/example_dags/example_python_operator.py
[2023-04-16T06:29:19.589+0000] {processor.py:743} INFO - Processing file /home/airflow/.local/lib/python3.7/site-packages/airflow/example_dags/example_python_operator.py for tasks to queue
[2023-04-16T06:29:19.590+0000] {logging_mixin.py:137} INFO - [2023-04-16T06:29:19.590+0000] {dagbag.py:532} INFO - Filling up the DagBag from /home/airflow/.local/lib/python3.7/site-packages/airflow/example_dags/example_python_operator.py
[2023-04-16T06:29:19.602+0000] {logging_mixin.py:137} INFO - [2023-04-16T06:29:19.602+0000] {taskmixin.py:211} WARNING - Dependency <Task(_PythonDecoratedOperator): print_the_context>, log_sql_query already registered for DAG: example_python_operator
[2023-04-16T06:29:19.602+0000] {logging_mixin.py:137} INFO - [2023-04-16T06:29:19.602+0000] {taskmixin.py:211} WARNING - Dependency <Task(_PythonDecoratedOperator): log_sql_query>, print_the_context already registered for DAG: example_python_operator
[2023-04-16T06:29:19.603+0000] {logging_mixin.py:137} INFO - [2023-04-16T06:29:19.603+0000] {taskmixin.py:211} WARNING - Dependency <Task(_PythonDecoratedOperator): print_the_context>, log_sql_query already registered for DAG: example_python_operator
[2023-04-16T06:29:19.603+0000] {logging_mixin.py:137} INFO - [2023-04-16T06:29:19.603+0000] {taskmixin.py:211} WARNING - Dependency <Task(_PythonDecoratedOperator): log_sql_query>, print_the_context already registered for DAG: example_python_operator
[2023-04-16T06:29:19.604+0000] {logging_mixin.py:137} INFO - [2023-04-16T06:29:19.604+0000] {taskmixin.py:211} WARNING - Dependency <Task(_PythonDecoratedOperator): print_the_context>, log_sql_query already registered for DAG: example_python_operator
[2023-04-16T06:29:19.604+0000] {logging_mixin.py:137} INFO - [2023-04-16T06:29:19.604+0000] {taskmixin.py:211} WARNING - Dependency <Task(_PythonDecoratedOperator): log_sql_query>, print_the_context already registered for DAG: example_python_operator
[2023-04-16T06:29:19.605+0000] {logging_mixin.py:137} INFO - [2023-04-16T06:29:19.605+0000] {taskmixin.py:211} WARNING - Dependency <Task(_PythonDecoratedOperator): print_the_context>, log_sql_query already registered for DAG: example_python_operator
[2023-04-16T06:29:19.606+0000] {logging_mixin.py:137} INFO - [2023-04-16T06:29:19.606+0000] {taskmixin.py:211} WARNING - Dependency <Task(_PythonDecoratedOperator): log_sql_query>, print_the_context already registered for DAG: example_python_operator
[2023-04-16T06:29:19.610+0000] {processor.py:753} INFO - DAG(s) dict_keys(['example_python_operator']) retrieved from /home/airflow/.local/lib/python3.7/site-packages/airflow/example_dags/example_python_operator.py
[2023-04-16T06:29:19.630+0000] {logging_mixin.py:137} INFO - [2023-04-16T06:29:19.630+0000] {dag.py:2705} INFO - Sync 1 DAGs
[2023-04-16T06:29:19.644+0000] {logging_mixin.py:137} INFO - [2023-04-16T06:29:19.644+0000] {dag.py:3456} INFO - Setting next_dagrun for example_python_operator to None, run_after=None
[2023-04-16T06:29:19.654+0000] {processor.py:175} INFO - Processing /home/airflow/.local/lib/python3.7/site-packages/airflow/example_dags/example_python_operator.py took 0.068 seconds
[2023-04-16T07:31:25.651+0000] {processor.py:153} INFO - Started process (PID=35372) to work on /home/airflow/.local/lib/python3.7/site-packages/airflow/example_dags/example_python_operator.py
[2023-04-16T07:31:25.652+0000] {processor.py:743} INFO - Processing file /home/airflow/.local/lib/python3.7/site-packages/airflow/example_dags/example_python_operator.py for tasks to queue
[2023-04-16T07:31:25.652+0000] {logging_mixin.py:137} INFO - [2023-04-16T07:31:25.652+0000] {dagbag.py:532} INFO - Filling up the DagBag from /home/airflow/.local/lib/python3.7/site-packages/airflow/example_dags/example_python_operator.py
[2023-04-16T07:31:25.664+0000] {logging_mixin.py:137} INFO - [2023-04-16T07:31:25.664+0000] {taskmixin.py:211} WARNING - Dependency <Task(_PythonDecoratedOperator): print_the_context>, log_sql_query already registered for DAG: example_python_operator
[2023-04-16T07:31:25.665+0000] {logging_mixin.py:137} INFO - [2023-04-16T07:31:25.665+0000] {taskmixin.py:211} WARNING - Dependency <Task(_PythonDecoratedOperator): log_sql_query>, print_the_context already registered for DAG: example_python_operator
[2023-04-16T07:31:25.665+0000] {logging_mixin.py:137} INFO - [2023-04-16T07:31:25.665+0000] {taskmixin.py:211} WARNING - Dependency <Task(_PythonDecoratedOperator): print_the_context>, log_sql_query already registered for DAG: example_python_operator
[2023-04-16T07:31:25.666+0000] {logging_mixin.py:137} INFO - [2023-04-16T07:31:25.666+0000] {taskmixin.py:211} WARNING - Dependency <Task(_PythonDecoratedOperator): log_sql_query>, print_the_context already registered for DAG: example_python_operator
[2023-04-16T07:31:25.666+0000] {logging_mixin.py:137} INFO - [2023-04-16T07:31:25.666+0000] {taskmixin.py:211} WARNING - Dependency <Task(_PythonDecoratedOperator): print_the_context>, log_sql_query already registered for DAG: example_python_operator
[2023-04-16T07:31:25.667+0000] {logging_mixin.py:137} INFO - [2023-04-16T07:31:25.667+0000] {taskmixin.py:211} WARNING - Dependency <Task(_PythonDecoratedOperator): log_sql_query>, print_the_context already registered for DAG: example_python_operator
[2023-04-16T07:31:25.667+0000] {logging_mixin.py:137} INFO - [2023-04-16T07:31:25.667+0000] {taskmixin.py:211} WARNING - Dependency <Task(_PythonDecoratedOperator): print_the_context>, log_sql_query already registered for DAG: example_python_operator
[2023-04-16T07:31:25.668+0000] {logging_mixin.py:137} INFO - [2023-04-16T07:31:25.668+0000] {taskmixin.py:211} WARNING - Dependency <Task(_PythonDecoratedOperator): log_sql_query>, print_the_context already registered for DAG: example_python_operator
[2023-04-16T07:31:25.672+0000] {processor.py:753} INFO - DAG(s) dict_keys(['example_python_operator']) retrieved from /home/airflow/.local/lib/python3.7/site-packages/airflow/example_dags/example_python_operator.py
[2023-04-16T07:31:25.693+0000] {logging_mixin.py:137} INFO - [2023-04-16T07:31:25.693+0000] {dag.py:2705} INFO - Sync 1 DAGs
[2023-04-16T07:31:25.712+0000] {logging_mixin.py:137} INFO - [2023-04-16T07:31:25.712+0000] {dag.py:3456} INFO - Setting next_dagrun for example_python_operator to None, run_after=None
[2023-04-16T07:31:25.723+0000] {processor.py:175} INFO - Processing /home/airflow/.local/lib/python3.7/site-packages/airflow/example_dags/example_python_operator.py took 0.075 seconds
[2023-04-16T08:50:12.241+0000] {processor.py:153} INFO - Started process (PID=35425) to work on /home/airflow/.local/lib/python3.7/site-packages/airflow/example_dags/example_python_operator.py
[2023-04-16T08:50:12.242+0000] {processor.py:743} INFO - Processing file /home/airflow/.local/lib/python3.7/site-packages/airflow/example_dags/example_python_operator.py for tasks to queue
[2023-04-16T08:50:12.243+0000] {logging_mixin.py:137} INFO - [2023-04-16T08:50:12.243+0000] {dagbag.py:532} INFO - Filling up the DagBag from /home/airflow/.local/lib/python3.7/site-packages/airflow/example_dags/example_python_operator.py
[2023-04-16T08:50:12.255+0000] {logging_mixin.py:137} INFO - [2023-04-16T08:50:12.255+0000] {taskmixin.py:211} WARNING - Dependency <Task(_PythonDecoratedOperator): print_the_context>, log_sql_query already registered for DAG: example_python_operator
[2023-04-16T08:50:12.255+0000] {logging_mixin.py:137} INFO - [2023-04-16T08:50:12.255+0000] {taskmixin.py:211} WARNING - Dependency <Task(_PythonDecoratedOperator): log_sql_query>, print_the_context already registered for DAG: example_python_operator
[2023-04-16T08:50:12.256+0000] {logging_mixin.py:137} INFO - [2023-04-16T08:50:12.256+0000] {taskmixin.py:211} WARNING - Dependency <Task(_PythonDecoratedOperator): print_the_context>, log_sql_query already registered for DAG: example_python_operator
[2023-04-16T08:50:12.256+0000] {logging_mixin.py:137} INFO - [2023-04-16T08:50:12.256+0000] {taskmixin.py:211} WARNING - Dependency <Task(_PythonDecoratedOperator): log_sql_query>, print_the_context already registered for DAG: example_python_operator
[2023-04-16T08:50:12.257+0000] {logging_mixin.py:137} INFO - [2023-04-16T08:50:12.257+0000] {taskmixin.py:211} WARNING - Dependency <Task(_PythonDecoratedOperator): print_the_context>, log_sql_query already registered for DAG: example_python_operator
[2023-04-16T08:50:12.257+0000] {logging_mixin.py:137} INFO - [2023-04-16T08:50:12.257+0000] {taskmixin.py:211} WARNING - Dependency <Task(_PythonDecoratedOperator): log_sql_query>, print_the_context already registered for DAG: example_python_operator
[2023-04-16T08:50:12.258+0000] {logging_mixin.py:137} INFO - [2023-04-16T08:50:12.258+0000] {taskmixin.py:211} WARNING - Dependency <Task(_PythonDecoratedOperator): print_the_context>, log_sql_query already registered for DAG: example_python_operator
[2023-04-16T08:50:12.258+0000] {logging_mixin.py:137} INFO - [2023-04-16T08:50:12.258+0000] {taskmixin.py:211} WARNING - Dependency <Task(_PythonDecoratedOperator): log_sql_query>, print_the_context already registered for DAG: example_python_operator
[2023-04-16T08:50:12.263+0000] {processor.py:753} INFO - DAG(s) dict_keys(['example_python_operator']) retrieved from /home/airflow/.local/lib/python3.7/site-packages/airflow/example_dags/example_python_operator.py
[2023-04-16T08:50:12.282+0000] {logging_mixin.py:137} INFO - [2023-04-16T08:50:12.282+0000] {dag.py:2705} INFO - Sync 1 DAGs
[2023-04-16T08:50:12.296+0000] {logging_mixin.py:137} INFO - [2023-04-16T08:50:12.296+0000] {dag.py:3456} INFO - Setting next_dagrun for example_python_operator to None, run_after=None
[2023-04-16T08:50:12.306+0000] {processor.py:175} INFO - Processing /home/airflow/.local/lib/python3.7/site-packages/airflow/example_dags/example_python_operator.py took 0.067 seconds
[2023-04-16T09:55:49.966+0000] {processor.py:153} INFO - Started process (PID=35478) to work on /home/airflow/.local/lib/python3.7/site-packages/airflow/example_dags/example_python_operator.py
[2023-04-16T09:55:49.968+0000] {processor.py:743} INFO - Processing file /home/airflow/.local/lib/python3.7/site-packages/airflow/example_dags/example_python_operator.py for tasks to queue
[2023-04-16T09:55:49.968+0000] {logging_mixin.py:137} INFO - [2023-04-16T09:55:49.968+0000] {dagbag.py:532} INFO - Filling up the DagBag from /home/airflow/.local/lib/python3.7/site-packages/airflow/example_dags/example_python_operator.py
[2023-04-16T09:55:49.982+0000] {logging_mixin.py:137} INFO - [2023-04-16T09:55:49.982+0000] {taskmixin.py:211} WARNING - Dependency <Task(_PythonDecoratedOperator): print_the_context>, log_sql_query already registered for DAG: example_python_operator
[2023-04-16T09:55:49.982+0000] {logging_mixin.py:137} INFO - [2023-04-16T09:55:49.982+0000] {taskmixin.py:211} WARNING - Dependency <Task(_PythonDecoratedOperator): log_sql_query>, print_the_context already registered for DAG: example_python_operator
[2023-04-16T09:55:49.983+0000] {logging_mixin.py:137} INFO - [2023-04-16T09:55:49.983+0000] {taskmixin.py:211} WARNING - Dependency <Task(_PythonDecoratedOperator): print_the_context>, log_sql_query already registered for DAG: example_python_operator
[2023-04-16T09:55:49.983+0000] {logging_mixin.py:137} INFO - [2023-04-16T09:55:49.983+0000] {taskmixin.py:211} WARNING - Dependency <Task(_PythonDecoratedOperator): log_sql_query>, print_the_context already registered for DAG: example_python_operator
[2023-04-16T09:55:49.984+0000] {logging_mixin.py:137} INFO - [2023-04-16T09:55:49.984+0000] {taskmixin.py:211} WARNING - Dependency <Task(_PythonDecoratedOperator): print_the_context>, log_sql_query already registered for DAG: example_python_operator
[2023-04-16T09:55:49.984+0000] {logging_mixin.py:137} INFO - [2023-04-16T09:55:49.984+0000] {taskmixin.py:211} WARNING - Dependency <Task(_PythonDecoratedOperator): log_sql_query>, print_the_context already registered for DAG: example_python_operator
[2023-04-16T09:55:49.985+0000] {logging_mixin.py:137} INFO - [2023-04-16T09:55:49.985+0000] {taskmixin.py:211} WARNING - Dependency <Task(_PythonDecoratedOperator): print_the_context>, log_sql_query already registered for DAG: example_python_operator
[2023-04-16T09:55:49.985+0000] {logging_mixin.py:137} INFO - [2023-04-16T09:55:49.985+0000] {taskmixin.py:211} WARNING - Dependency <Task(_PythonDecoratedOperator): log_sql_query>, print_the_context already registered for DAG: example_python_operator
[2023-04-16T09:55:49.990+0000] {processor.py:753} INFO - DAG(s) dict_keys(['example_python_operator']) retrieved from /home/airflow/.local/lib/python3.7/site-packages/airflow/example_dags/example_python_operator.py
[2023-04-16T09:55:50.013+0000] {logging_mixin.py:137} INFO - [2023-04-16T09:55:50.013+0000] {dag.py:2705} INFO - Sync 1 DAGs
[2023-04-16T09:55:50.049+0000] {logging_mixin.py:137} INFO - [2023-04-16T09:55:50.048+0000] {dag.py:3456} INFO - Setting next_dagrun for example_python_operator to None, run_after=None
[2023-04-16T09:55:50.065+0000] {processor.py:175} INFO - Processing /home/airflow/.local/lib/python3.7/site-packages/airflow/example_dags/example_python_operator.py took 0.102 seconds
[2023-04-16T11:01:50.371+0000] {processor.py:153} INFO - Started process (PID=35532) to work on /home/airflow/.local/lib/python3.7/site-packages/airflow/example_dags/example_python_operator.py
[2023-04-16T11:01:50.372+0000] {processor.py:743} INFO - Processing file /home/airflow/.local/lib/python3.7/site-packages/airflow/example_dags/example_python_operator.py for tasks to queue
[2023-04-16T11:01:50.372+0000] {logging_mixin.py:137} INFO - [2023-04-16T11:01:50.372+0000] {dagbag.py:532} INFO - Filling up the DagBag from /home/airflow/.local/lib/python3.7/site-packages/airflow/example_dags/example_python_operator.py
[2023-04-16T11:01:50.385+0000] {logging_mixin.py:137} INFO - [2023-04-16T11:01:50.385+0000] {taskmixin.py:211} WARNING - Dependency <Task(_PythonDecoratedOperator): print_the_context>, log_sql_query already registered for DAG: example_python_operator
[2023-04-16T11:01:50.385+0000] {logging_mixin.py:137} INFO - [2023-04-16T11:01:50.385+0000] {taskmixin.py:211} WARNING - Dependency <Task(_PythonDecoratedOperator): log_sql_query>, print_the_context already registered for DAG: example_python_operator
[2023-04-16T11:01:50.386+0000] {logging_mixin.py:137} INFO - [2023-04-16T11:01:50.386+0000] {taskmixin.py:211} WARNING - Dependency <Task(_PythonDecoratedOperator): print_the_context>, log_sql_query already registered for DAG: example_python_operator
[2023-04-16T11:01:50.387+0000] {logging_mixin.py:137} INFO - [2023-04-16T11:01:50.387+0000] {taskmixin.py:211} WARNING - Dependency <Task(_PythonDecoratedOperator): log_sql_query>, print_the_context already registered for DAG: example_python_operator
[2023-04-16T11:01:50.387+0000] {logging_mixin.py:137} INFO - [2023-04-16T11:01:50.387+0000] {taskmixin.py:211} WARNING - Dependency <Task(_PythonDecoratedOperator): print_the_context>, log_sql_query already registered for DAG: example_python_operator
[2023-04-16T11:01:50.388+0000] {logging_mixin.py:137} INFO - [2023-04-16T11:01:50.388+0000] {taskmixin.py:211} WARNING - Dependency <Task(_PythonDecoratedOperator): log_sql_query>, print_the_context already registered for DAG: example_python_operator
[2023-04-16T11:01:50.388+0000] {logging_mixin.py:137} INFO - [2023-04-16T11:01:50.388+0000] {taskmixin.py:211} WARNING - Dependency <Task(_PythonDecoratedOperator): print_the_context>, log_sql_query already registered for DAG: example_python_operator
[2023-04-16T11:01:50.389+0000] {logging_mixin.py:137} INFO - [2023-04-16T11:01:50.389+0000] {taskmixin.py:211} WARNING - Dependency <Task(_PythonDecoratedOperator): log_sql_query>, print_the_context already registered for DAG: example_python_operator
[2023-04-16T11:01:50.393+0000] {processor.py:753} INFO - DAG(s) dict_keys(['example_python_operator']) retrieved from /home/airflow/.local/lib/python3.7/site-packages/airflow/example_dags/example_python_operator.py
[2023-04-16T11:01:50.414+0000] {logging_mixin.py:137} INFO - [2023-04-16T11:01:50.413+0000] {dag.py:2705} INFO - Sync 1 DAGs
[2023-04-16T11:01:50.428+0000] {logging_mixin.py:137} INFO - [2023-04-16T11:01:50.428+0000] {dag.py:3456} INFO - Setting next_dagrun for example_python_operator to None, run_after=None
[2023-04-16T11:01:50.438+0000] {processor.py:175} INFO - Processing /home/airflow/.local/lib/python3.7/site-packages/airflow/example_dags/example_python_operator.py took 0.070 seconds
[2023-04-16T12:25:14.543+0000] {processor.py:153} INFO - Started process (PID=35585) to work on /home/airflow/.local/lib/python3.7/site-packages/airflow/example_dags/example_python_operator.py
[2023-04-16T12:25:14.544+0000] {processor.py:743} INFO - Processing file /home/airflow/.local/lib/python3.7/site-packages/airflow/example_dags/example_python_operator.py for tasks to queue
[2023-04-16T12:25:14.545+0000] {logging_mixin.py:137} INFO - [2023-04-16T12:25:14.545+0000] {dagbag.py:532} INFO - Filling up the DagBag from /home/airflow/.local/lib/python3.7/site-packages/airflow/example_dags/example_python_operator.py
[2023-04-16T12:25:14.557+0000] {logging_mixin.py:137} INFO - [2023-04-16T12:25:14.557+0000] {taskmixin.py:211} WARNING - Dependency <Task(_PythonDecoratedOperator): print_the_context>, log_sql_query already registered for DAG: example_python_operator
[2023-04-16T12:25:14.557+0000] {logging_mixin.py:137} INFO - [2023-04-16T12:25:14.557+0000] {taskmixin.py:211} WARNING - Dependency <Task(_PythonDecoratedOperator): log_sql_query>, print_the_context already registered for DAG: example_python_operator
[2023-04-16T12:25:14.558+0000] {logging_mixin.py:137} INFO - [2023-04-16T12:25:14.558+0000] {taskmixin.py:211} WARNING - Dependency <Task(_PythonDecoratedOperator): print_the_context>, log_sql_query already registered for DAG: example_python_operator
[2023-04-16T12:25:14.558+0000] {logging_mixin.py:137} INFO - [2023-04-16T12:25:14.558+0000] {taskmixin.py:211} WARNING - Dependency <Task(_PythonDecoratedOperator): log_sql_query>, print_the_context already registered for DAG: example_python_operator
[2023-04-16T12:25:14.559+0000] {logging_mixin.py:137} INFO - [2023-04-16T12:25:14.559+0000] {taskmixin.py:211} WARNING - Dependency <Task(_PythonDecoratedOperator): print_the_context>, log_sql_query already registered for DAG: example_python_operator
[2023-04-16T12:25:14.560+0000] {logging_mixin.py:137} INFO - [2023-04-16T12:25:14.560+0000] {taskmixin.py:211} WARNING - Dependency <Task(_PythonDecoratedOperator): log_sql_query>, print_the_context already registered for DAG: example_python_operator
[2023-04-16T12:25:14.560+0000] {logging_mixin.py:137} INFO - [2023-04-16T12:25:14.560+0000] {taskmixin.py:211} WARNING - Dependency <Task(_PythonDecoratedOperator): print_the_context>, log_sql_query already registered for DAG: example_python_operator
[2023-04-16T12:25:14.561+0000] {logging_mixin.py:137} INFO - [2023-04-16T12:25:14.560+0000] {taskmixin.py:211} WARNING - Dependency <Task(_PythonDecoratedOperator): log_sql_query>, print_the_context already registered for DAG: example_python_operator
[2023-04-16T12:25:14.565+0000] {processor.py:753} INFO - DAG(s) dict_keys(['example_python_operator']) retrieved from /home/airflow/.local/lib/python3.7/site-packages/airflow/example_dags/example_python_operator.py
[2023-04-16T12:25:14.585+0000] {logging_mixin.py:137} INFO - [2023-04-16T12:25:14.585+0000] {dag.py:2705} INFO - Sync 1 DAGs
[2023-04-16T12:25:14.607+0000] {logging_mixin.py:137} INFO - [2023-04-16T12:25:14.607+0000] {dag.py:3456} INFO - Setting next_dagrun for example_python_operator to None, run_after=None
[2023-04-16T12:25:14.620+0000] {processor.py:175} INFO - Processing /home/airflow/.local/lib/python3.7/site-packages/airflow/example_dags/example_python_operator.py took 0.080 seconds
[2023-04-16T13:32:26.465+0000] {processor.py:153} INFO - Started process (PID=35638) to work on /home/airflow/.local/lib/python3.7/site-packages/airflow/example_dags/example_python_operator.py
[2023-04-16T13:32:26.466+0000] {processor.py:743} INFO - Processing file /home/airflow/.local/lib/python3.7/site-packages/airflow/example_dags/example_python_operator.py for tasks to queue
[2023-04-16T13:32:26.467+0000] {logging_mixin.py:137} INFO - [2023-04-16T13:32:26.467+0000] {dagbag.py:532} INFO - Filling up the DagBag from /home/airflow/.local/lib/python3.7/site-packages/airflow/example_dags/example_python_operator.py
[2023-04-16T13:32:26.487+0000] {logging_mixin.py:137} INFO - [2023-04-16T13:32:26.487+0000] {taskmixin.py:211} WARNING - Dependency <Task(_PythonDecoratedOperator): print_the_context>, log_sql_query already registered for DAG: example_python_operator
[2023-04-16T13:32:26.488+0000] {logging_mixin.py:137} INFO - [2023-04-16T13:32:26.488+0000] {taskmixin.py:211} WARNING - Dependency <Task(_PythonDecoratedOperator): log_sql_query>, print_the_context already registered for DAG: example_python_operator
[2023-04-16T13:32:26.489+0000] {logging_mixin.py:137} INFO - [2023-04-16T13:32:26.489+0000] {taskmixin.py:211} WARNING - Dependency <Task(_PythonDecoratedOperator): print_the_context>, log_sql_query already registered for DAG: example_python_operator
[2023-04-16T13:32:26.489+0000] {logging_mixin.py:137} INFO - [2023-04-16T13:32:26.489+0000] {taskmixin.py:211} WARNING - Dependency <Task(_PythonDecoratedOperator): log_sql_query>, print_the_context already registered for DAG: example_python_operator
[2023-04-16T13:32:26.490+0000] {logging_mixin.py:137} INFO - [2023-04-16T13:32:26.490+0000] {taskmixin.py:211} WARNING - Dependency <Task(_PythonDecoratedOperator): print_the_context>, log_sql_query already registered for DAG: example_python_operator
[2023-04-16T13:32:26.490+0000] {logging_mixin.py:137} INFO - [2023-04-16T13:32:26.490+0000] {taskmixin.py:211} WARNING - Dependency <Task(_PythonDecoratedOperator): log_sql_query>, print_the_context already registered for DAG: example_python_operator
[2023-04-16T13:32:26.491+0000] {logging_mixin.py:137} INFO - [2023-04-16T13:32:26.491+0000] {taskmixin.py:211} WARNING - Dependency <Task(_PythonDecoratedOperator): print_the_context>, log_sql_query already registered for DAG: example_python_operator
[2023-04-16T13:32:26.491+0000] {logging_mixin.py:137} INFO - [2023-04-16T13:32:26.491+0000] {taskmixin.py:211} WARNING - Dependency <Task(_PythonDecoratedOperator): log_sql_query>, print_the_context already registered for DAG: example_python_operator
[2023-04-16T13:32:26.497+0000] {processor.py:753} INFO - DAG(s) dict_keys(['example_python_operator']) retrieved from /home/airflow/.local/lib/python3.7/site-packages/airflow/example_dags/example_python_operator.py
[2023-04-16T13:32:26.519+0000] {logging_mixin.py:137} INFO - [2023-04-16T13:32:26.519+0000] {dag.py:2705} INFO - Sync 1 DAGs
[2023-04-16T13:32:26.534+0000] {logging_mixin.py:137} INFO - [2023-04-16T13:32:26.534+0000] {dag.py:3456} INFO - Setting next_dagrun for example_python_operator to None, run_after=None
[2023-04-16T13:32:26.544+0000] {processor.py:175} INFO - Processing /home/airflow/.local/lib/python3.7/site-packages/airflow/example_dags/example_python_operator.py took 0.083 seconds
[2023-04-16T14:26:08.345+0000] {processor.py:153} INFO - Started process (PID=35691) to work on /home/airflow/.local/lib/python3.7/site-packages/airflow/example_dags/example_python_operator.py
[2023-04-16T14:26:08.346+0000] {processor.py:743} INFO - Processing file /home/airflow/.local/lib/python3.7/site-packages/airflow/example_dags/example_python_operator.py for tasks to queue
[2023-04-16T14:26:08.347+0000] {logging_mixin.py:137} INFO - [2023-04-16T14:26:08.347+0000] {dagbag.py:532} INFO - Filling up the DagBag from /home/airflow/.local/lib/python3.7/site-packages/airflow/example_dags/example_python_operator.py
[2023-04-16T14:26:08.360+0000] {logging_mixin.py:137} INFO - [2023-04-16T14:26:08.360+0000] {taskmixin.py:211} WARNING - Dependency <Task(_PythonDecoratedOperator): print_the_context>, log_sql_query already registered for DAG: example_python_operator
[2023-04-16T14:26:08.360+0000] {logging_mixin.py:137} INFO - [2023-04-16T14:26:08.360+0000] {taskmixin.py:211} WARNING - Dependency <Task(_PythonDecoratedOperator): log_sql_query>, print_the_context already registered for DAG: example_python_operator
[2023-04-16T14:26:08.361+0000] {logging_mixin.py:137} INFO - [2023-04-16T14:26:08.361+0000] {taskmixin.py:211} WARNING - Dependency <Task(_PythonDecoratedOperator): print_the_context>, log_sql_query already registered for DAG: example_python_operator
[2023-04-16T14:26:08.361+0000] {logging_mixin.py:137} INFO - [2023-04-16T14:26:08.361+0000] {taskmixin.py:211} WARNING - Dependency <Task(_PythonDecoratedOperator): log_sql_query>, print_the_context already registered for DAG: example_python_operator
[2023-04-16T14:26:08.362+0000] {logging_mixin.py:137} INFO - [2023-04-16T14:26:08.362+0000] {taskmixin.py:211} WARNING - Dependency <Task(_PythonDecoratedOperator): print_the_context>, log_sql_query already registered for DAG: example_python_operator
[2023-04-16T14:26:08.362+0000] {logging_mixin.py:137} INFO - [2023-04-16T14:26:08.362+0000] {taskmixin.py:211} WARNING - Dependency <Task(_PythonDecoratedOperator): log_sql_query>, print_the_context already registered for DAG: example_python_operator
[2023-04-16T14:26:08.363+0000] {logging_mixin.py:137} INFO - [2023-04-16T14:26:08.363+0000] {taskmixin.py:211} WARNING - Dependency <Task(_PythonDecoratedOperator): print_the_context>, log_sql_query already registered for DAG: example_python_operator
[2023-04-16T14:26:08.363+0000] {logging_mixin.py:137} INFO - [2023-04-16T14:26:08.363+0000] {taskmixin.py:211} WARNING - Dependency <Task(_PythonDecoratedOperator): log_sql_query>, print_the_context already registered for DAG: example_python_operator
[2023-04-16T14:26:08.367+0000] {processor.py:753} INFO - DAG(s) dict_keys(['example_python_operator']) retrieved from /home/airflow/.local/lib/python3.7/site-packages/airflow/example_dags/example_python_operator.py
[2023-04-16T14:26:08.389+0000] {logging_mixin.py:137} INFO - [2023-04-16T14:26:08.389+0000] {dag.py:2705} INFO - Sync 1 DAGs
[2023-04-16T14:26:08.404+0000] {logging_mixin.py:137} INFO - [2023-04-16T14:26:08.404+0000] {dag.py:3456} INFO - Setting next_dagrun for example_python_operator to None, run_after=None
[2023-04-16T14:26:08.413+0000] {processor.py:175} INFO - Processing /home/airflow/.local/lib/python3.7/site-packages/airflow/example_dags/example_python_operator.py took 0.071 seconds
[2023-04-16T14:26:39.256+0000] {processor.py:153} INFO - Started process (PID=35744) to work on /home/airflow/.local/lib/python3.7/site-packages/airflow/example_dags/example_python_operator.py
[2023-04-16T14:26:39.258+0000] {processor.py:743} INFO - Processing file /home/airflow/.local/lib/python3.7/site-packages/airflow/example_dags/example_python_operator.py for tasks to queue
[2023-04-16T14:26:39.259+0000] {logging_mixin.py:137} INFO - [2023-04-16T14:26:39.259+0000] {dagbag.py:532} INFO - Filling up the DagBag from /home/airflow/.local/lib/python3.7/site-packages/airflow/example_dags/example_python_operator.py
[2023-04-16T14:26:39.274+0000] {logging_mixin.py:137} INFO - [2023-04-16T14:26:39.274+0000] {taskmixin.py:211} WARNING - Dependency <Task(_PythonDecoratedOperator): print_the_context>, log_sql_query already registered for DAG: example_python_operator
[2023-04-16T14:26:39.275+0000] {logging_mixin.py:137} INFO - [2023-04-16T14:26:39.275+0000] {taskmixin.py:211} WARNING - Dependency <Task(_PythonDecoratedOperator): log_sql_query>, print_the_context already registered for DAG: example_python_operator
[2023-04-16T14:26:39.276+0000] {logging_mixin.py:137} INFO - [2023-04-16T14:26:39.276+0000] {taskmixin.py:211} WARNING - Dependency <Task(_PythonDecoratedOperator): print_the_context>, log_sql_query already registered for DAG: example_python_operator
[2023-04-16T14:26:39.276+0000] {logging_mixin.py:137} INFO - [2023-04-16T14:26:39.276+0000] {taskmixin.py:211} WARNING - Dependency <Task(_PythonDecoratedOperator): log_sql_query>, print_the_context already registered for DAG: example_python_operator
[2023-04-16T14:26:39.277+0000] {logging_mixin.py:137} INFO - [2023-04-16T14:26:39.277+0000] {taskmixin.py:211} WARNING - Dependency <Task(_PythonDecoratedOperator): print_the_context>, log_sql_query already registered for DAG: example_python_operator
[2023-04-16T14:26:39.277+0000] {logging_mixin.py:137} INFO - [2023-04-16T14:26:39.277+0000] {taskmixin.py:211} WARNING - Dependency <Task(_PythonDecoratedOperator): log_sql_query>, print_the_context already registered for DAG: example_python_operator
[2023-04-16T14:26:39.278+0000] {logging_mixin.py:137} INFO - [2023-04-16T14:26:39.278+0000] {taskmixin.py:211} WARNING - Dependency <Task(_PythonDecoratedOperator): print_the_context>, log_sql_query already registered for DAG: example_python_operator
[2023-04-16T14:26:39.278+0000] {logging_mixin.py:137} INFO - [2023-04-16T14:26:39.278+0000] {taskmixin.py:211} WARNING - Dependency <Task(_PythonDecoratedOperator): log_sql_query>, print_the_context already registered for DAG: example_python_operator
[2023-04-16T14:26:39.283+0000] {processor.py:753} INFO - DAG(s) dict_keys(['example_python_operator']) retrieved from /home/airflow/.local/lib/python3.7/site-packages/airflow/example_dags/example_python_operator.py
[2023-04-16T14:26:39.307+0000] {logging_mixin.py:137} INFO - [2023-04-16T14:26:39.307+0000] {dag.py:2705} INFO - Sync 1 DAGs
[2023-04-16T14:26:39.321+0000] {logging_mixin.py:137} INFO - [2023-04-16T14:26:39.321+0000] {dag.py:3456} INFO - Setting next_dagrun for example_python_operator to None, run_after=None
[2023-04-16T14:26:39.330+0000] {processor.py:175} INFO - Processing /home/airflow/.local/lib/python3.7/site-packages/airflow/example_dags/example_python_operator.py took 0.078 seconds
[2023-04-16T15:14:35.141+0000] {processor.py:153} INFO - Started process (PID=35797) to work on /home/airflow/.local/lib/python3.7/site-packages/airflow/example_dags/example_python_operator.py
[2023-04-16T15:14:35.143+0000] {processor.py:743} INFO - Processing file /home/airflow/.local/lib/python3.7/site-packages/airflow/example_dags/example_python_operator.py for tasks to queue
[2023-04-16T15:14:35.144+0000] {logging_mixin.py:137} INFO - [2023-04-16T15:14:35.144+0000] {dagbag.py:532} INFO - Filling up the DagBag from /home/airflow/.local/lib/python3.7/site-packages/airflow/example_dags/example_python_operator.py
[2023-04-16T15:14:35.169+0000] {logging_mixin.py:137} INFO - [2023-04-16T15:14:35.169+0000] {taskmixin.py:211} WARNING - Dependency <Task(_PythonDecoratedOperator): print_the_context>, log_sql_query already registered for DAG: example_python_operator
[2023-04-16T15:14:35.171+0000] {logging_mixin.py:137} INFO - [2023-04-16T15:14:35.170+0000] {taskmixin.py:211} WARNING - Dependency <Task(_PythonDecoratedOperator): log_sql_query>, print_the_context already registered for DAG: example_python_operator
[2023-04-16T15:14:35.173+0000] {logging_mixin.py:137} INFO - [2023-04-16T15:14:35.173+0000] {taskmixin.py:211} WARNING - Dependency <Task(_PythonDecoratedOperator): print_the_context>, log_sql_query already registered for DAG: example_python_operator
[2023-04-16T15:14:35.174+0000] {logging_mixin.py:137} INFO - [2023-04-16T15:14:35.173+0000] {taskmixin.py:211} WARNING - Dependency <Task(_PythonDecoratedOperator): log_sql_query>, print_the_context already registered for DAG: example_python_operator
[2023-04-16T15:14:35.175+0000] {logging_mixin.py:137} INFO - [2023-04-16T15:14:35.175+0000] {taskmixin.py:211} WARNING - Dependency <Task(_PythonDecoratedOperator): print_the_context>, log_sql_query already registered for DAG: example_python_operator
[2023-04-16T15:14:35.175+0000] {logging_mixin.py:137} INFO - [2023-04-16T15:14:35.175+0000] {taskmixin.py:211} WARNING - Dependency <Task(_PythonDecoratedOperator): log_sql_query>, print_the_context already registered for DAG: example_python_operator
[2023-04-16T15:14:35.176+0000] {logging_mixin.py:137} INFO - [2023-04-16T15:14:35.176+0000] {taskmixin.py:211} WARNING - Dependency <Task(_PythonDecoratedOperator): print_the_context>, log_sql_query already registered for DAG: example_python_operator
[2023-04-16T15:14:35.176+0000] {logging_mixin.py:137} INFO - [2023-04-16T15:14:35.176+0000] {taskmixin.py:211} WARNING - Dependency <Task(_PythonDecoratedOperator): log_sql_query>, print_the_context already registered for DAG: example_python_operator
[2023-04-16T15:14:35.181+0000] {processor.py:753} INFO - DAG(s) dict_keys(['example_python_operator']) retrieved from /home/airflow/.local/lib/python3.7/site-packages/airflow/example_dags/example_python_operator.py
[2023-04-16T15:14:35.207+0000] {logging_mixin.py:137} INFO - [2023-04-16T15:14:35.207+0000] {dag.py:2705} INFO - Sync 1 DAGs
[2023-04-16T15:14:35.224+0000] {logging_mixin.py:137} INFO - [2023-04-16T15:14:35.223+0000] {dag.py:3456} INFO - Setting next_dagrun for example_python_operator to None, run_after=None
[2023-04-16T15:14:35.240+0000] {processor.py:175} INFO - Processing /home/airflow/.local/lib/python3.7/site-packages/airflow/example_dags/example_python_operator.py took 0.102 seconds
[2023-04-16T15:15:05.862+0000] {processor.py:153} INFO - Started process (PID=35850) to work on /home/airflow/.local/lib/python3.7/site-packages/airflow/example_dags/example_python_operator.py
[2023-04-16T15:15:05.863+0000] {processor.py:743} INFO - Processing file /home/airflow/.local/lib/python3.7/site-packages/airflow/example_dags/example_python_operator.py for tasks to queue
[2023-04-16T15:15:05.864+0000] {logging_mixin.py:137} INFO - [2023-04-16T15:15:05.864+0000] {dagbag.py:532} INFO - Filling up the DagBag from /home/airflow/.local/lib/python3.7/site-packages/airflow/example_dags/example_python_operator.py
[2023-04-16T15:15:05.875+0000] {logging_mixin.py:137} INFO - [2023-04-16T15:15:05.875+0000] {taskmixin.py:211} WARNING - Dependency <Task(_PythonDecoratedOperator): print_the_context>, log_sql_query already registered for DAG: example_python_operator
[2023-04-16T15:15:05.876+0000] {logging_mixin.py:137} INFO - [2023-04-16T15:15:05.876+0000] {taskmixin.py:211} WARNING - Dependency <Task(_PythonDecoratedOperator): log_sql_query>, print_the_context already registered for DAG: example_python_operator
[2023-04-16T15:15:05.877+0000] {logging_mixin.py:137} INFO - [2023-04-16T15:15:05.877+0000] {taskmixin.py:211} WARNING - Dependency <Task(_PythonDecoratedOperator): print_the_context>, log_sql_query already registered for DAG: example_python_operator
[2023-04-16T15:15:05.877+0000] {logging_mixin.py:137} INFO - [2023-04-16T15:15:05.877+0000] {taskmixin.py:211} WARNING - Dependency <Task(_PythonDecoratedOperator): log_sql_query>, print_the_context already registered for DAG: example_python_operator
[2023-04-16T15:15:05.878+0000] {logging_mixin.py:137} INFO - [2023-04-16T15:15:05.878+0000] {taskmixin.py:211} WARNING - Dependency <Task(_PythonDecoratedOperator): print_the_context>, log_sql_query already registered for DAG: example_python_operator
[2023-04-16T15:15:05.878+0000] {logging_mixin.py:137} INFO - [2023-04-16T15:15:05.878+0000] {taskmixin.py:211} WARNING - Dependency <Task(_PythonDecoratedOperator): log_sql_query>, print_the_context already registered for DAG: example_python_operator
[2023-04-16T15:15:05.879+0000] {logging_mixin.py:137} INFO - [2023-04-16T15:15:05.879+0000] {taskmixin.py:211} WARNING - Dependency <Task(_PythonDecoratedOperator): print_the_context>, log_sql_query already registered for DAG: example_python_operator
[2023-04-16T15:15:05.879+0000] {logging_mixin.py:137} INFO - [2023-04-16T15:15:05.879+0000] {taskmixin.py:211} WARNING - Dependency <Task(_PythonDecoratedOperator): log_sql_query>, print_the_context already registered for DAG: example_python_operator
[2023-04-16T15:15:05.884+0000] {processor.py:753} INFO - DAG(s) dict_keys(['example_python_operator']) retrieved from /home/airflow/.local/lib/python3.7/site-packages/airflow/example_dags/example_python_operator.py
[2023-04-16T15:15:05.903+0000] {logging_mixin.py:137} INFO - [2023-04-16T15:15:05.902+0000] {dag.py:2705} INFO - Sync 1 DAGs
[2023-04-16T15:15:05.916+0000] {logging_mixin.py:137} INFO - [2023-04-16T15:15:05.916+0000] {dag.py:3456} INFO - Setting next_dagrun for example_python_operator to None, run_after=None
[2023-04-16T15:15:05.925+0000] {processor.py:175} INFO - Processing /home/airflow/.local/lib/python3.7/site-packages/airflow/example_dags/example_python_operator.py took 0.066 seconds
[2023-04-16T16:03:32.987+0000] {processor.py:153} INFO - Started process (PID=35903) to work on /home/airflow/.local/lib/python3.7/site-packages/airflow/example_dags/example_python_operator.py
[2023-04-16T16:03:32.988+0000] {processor.py:743} INFO - Processing file /home/airflow/.local/lib/python3.7/site-packages/airflow/example_dags/example_python_operator.py for tasks to queue
[2023-04-16T16:03:32.989+0000] {logging_mixin.py:137} INFO - [2023-04-16T16:03:32.989+0000] {dagbag.py:532} INFO - Filling up the DagBag from /home/airflow/.local/lib/python3.7/site-packages/airflow/example_dags/example_python_operator.py
[2023-04-16T16:03:33.000+0000] {logging_mixin.py:137} INFO - [2023-04-16T16:03:33.000+0000] {taskmixin.py:211} WARNING - Dependency <Task(_PythonDecoratedOperator): print_the_context>, log_sql_query already registered for DAG: example_python_operator
[2023-04-16T16:03:33.001+0000] {logging_mixin.py:137} INFO - [2023-04-16T16:03:33.001+0000] {taskmixin.py:211} WARNING - Dependency <Task(_PythonDecoratedOperator): log_sql_query>, print_the_context already registered for DAG: example_python_operator
[2023-04-16T16:03:33.002+0000] {logging_mixin.py:137} INFO - [2023-04-16T16:03:33.002+0000] {taskmixin.py:211} WARNING - Dependency <Task(_PythonDecoratedOperator): print_the_context>, log_sql_query already registered for DAG: example_python_operator
[2023-04-16T16:03:33.002+0000] {logging_mixin.py:137} INFO - [2023-04-16T16:03:33.002+0000] {taskmixin.py:211} WARNING - Dependency <Task(_PythonDecoratedOperator): log_sql_query>, print_the_context already registered for DAG: example_python_operator
[2023-04-16T16:03:33.003+0000] {logging_mixin.py:137} INFO - [2023-04-16T16:03:33.003+0000] {taskmixin.py:211} WARNING - Dependency <Task(_PythonDecoratedOperator): print_the_context>, log_sql_query already registered for DAG: example_python_operator
[2023-04-16T16:03:33.003+0000] {logging_mixin.py:137} INFO - [2023-04-16T16:03:33.003+0000] {taskmixin.py:211} WARNING - Dependency <Task(_PythonDecoratedOperator): log_sql_query>, print_the_context already registered for DAG: example_python_operator
[2023-04-16T16:03:33.004+0000] {logging_mixin.py:137} INFO - [2023-04-16T16:03:33.004+0000] {taskmixin.py:211} WARNING - Dependency <Task(_PythonDecoratedOperator): print_the_context>, log_sql_query already registered for DAG: example_python_operator
[2023-04-16T16:03:33.004+0000] {logging_mixin.py:137} INFO - [2023-04-16T16:03:33.004+0000] {taskmixin.py:211} WARNING - Dependency <Task(_PythonDecoratedOperator): log_sql_query>, print_the_context already registered for DAG: example_python_operator
[2023-04-16T16:03:33.009+0000] {processor.py:753} INFO - DAG(s) dict_keys(['example_python_operator']) retrieved from /home/airflow/.local/lib/python3.7/site-packages/airflow/example_dags/example_python_operator.py
[2023-04-16T16:03:33.028+0000] {logging_mixin.py:137} INFO - [2023-04-16T16:03:33.028+0000] {dag.py:2705} INFO - Sync 1 DAGs
[2023-04-16T16:03:33.041+0000] {logging_mixin.py:137} INFO - [2023-04-16T16:03:33.041+0000] {dag.py:3456} INFO - Setting next_dagrun for example_python_operator to None, run_after=None
[2023-04-16T16:03:33.051+0000] {processor.py:175} INFO - Processing /home/airflow/.local/lib/python3.7/site-packages/airflow/example_dags/example_python_operator.py took 0.066 seconds
[2023-04-16T17:09:33.894+0000] {processor.py:153} INFO - Started process (PID=35956) to work on /home/airflow/.local/lib/python3.7/site-packages/airflow/example_dags/example_python_operator.py
[2023-04-16T17:09:33.895+0000] {processor.py:743} INFO - Processing file /home/airflow/.local/lib/python3.7/site-packages/airflow/example_dags/example_python_operator.py for tasks to queue
[2023-04-16T17:09:33.895+0000] {logging_mixin.py:137} INFO - [2023-04-16T17:09:33.895+0000] {dagbag.py:532} INFO - Filling up the DagBag from /home/airflow/.local/lib/python3.7/site-packages/airflow/example_dags/example_python_operator.py
[2023-04-16T17:09:33.908+0000] {logging_mixin.py:137} INFO - [2023-04-16T17:09:33.908+0000] {taskmixin.py:211} WARNING - Dependency <Task(_PythonDecoratedOperator): print_the_context>, log_sql_query already registered for DAG: example_python_operator
[2023-04-16T17:09:33.909+0000] {logging_mixin.py:137} INFO - [2023-04-16T17:09:33.909+0000] {taskmixin.py:211} WARNING - Dependency <Task(_PythonDecoratedOperator): log_sql_query>, print_the_context already registered for DAG: example_python_operator
[2023-04-16T17:09:33.909+0000] {logging_mixin.py:137} INFO - [2023-04-16T17:09:33.909+0000] {taskmixin.py:211} WARNING - Dependency <Task(_PythonDecoratedOperator): print_the_context>, log_sql_query already registered for DAG: example_python_operator
[2023-04-16T17:09:33.910+0000] {logging_mixin.py:137} INFO - [2023-04-16T17:09:33.910+0000] {taskmixin.py:211} WARNING - Dependency <Task(_PythonDecoratedOperator): log_sql_query>, print_the_context already registered for DAG: example_python_operator
[2023-04-16T17:09:33.910+0000] {logging_mixin.py:137} INFO - [2023-04-16T17:09:33.910+0000] {taskmixin.py:211} WARNING - Dependency <Task(_PythonDecoratedOperator): print_the_context>, log_sql_query already registered for DAG: example_python_operator
[2023-04-16T17:09:33.911+0000] {logging_mixin.py:137} INFO - [2023-04-16T17:09:33.911+0000] {taskmixin.py:211} WARNING - Dependency <Task(_PythonDecoratedOperator): log_sql_query>, print_the_context already registered for DAG: example_python_operator
[2023-04-16T17:09:33.911+0000] {logging_mixin.py:137} INFO - [2023-04-16T17:09:33.911+0000] {taskmixin.py:211} WARNING - Dependency <Task(_PythonDecoratedOperator): print_the_context>, log_sql_query already registered for DAG: example_python_operator
[2023-04-16T17:09:33.911+0000] {logging_mixin.py:137} INFO - [2023-04-16T17:09:33.911+0000] {taskmixin.py:211} WARNING - Dependency <Task(_PythonDecoratedOperator): log_sql_query>, print_the_context already registered for DAG: example_python_operator
[2023-04-16T17:09:33.916+0000] {processor.py:753} INFO - DAG(s) dict_keys(['example_python_operator']) retrieved from /home/airflow/.local/lib/python3.7/site-packages/airflow/example_dags/example_python_operator.py
[2023-04-16T17:09:33.936+0000] {logging_mixin.py:137} INFO - [2023-04-16T17:09:33.936+0000] {dag.py:2705} INFO - Sync 1 DAGs
[2023-04-16T17:09:33.951+0000] {logging_mixin.py:137} INFO - [2023-04-16T17:09:33.950+0000] {dag.py:3456} INFO - Setting next_dagrun for example_python_operator to None, run_after=None
[2023-04-16T17:09:33.960+0000] {processor.py:175} INFO - Processing /home/airflow/.local/lib/python3.7/site-packages/airflow/example_dags/example_python_operator.py took 0.070 seconds
[2023-04-16T18:32:25.298+0000] {processor.py:153} INFO - Started process (PID=36009) to work on /home/airflow/.local/lib/python3.7/site-packages/airflow/example_dags/example_python_operator.py
[2023-04-16T18:32:25.299+0000] {processor.py:743} INFO - Processing file /home/airflow/.local/lib/python3.7/site-packages/airflow/example_dags/example_python_operator.py for tasks to queue
[2023-04-16T18:32:25.300+0000] {logging_mixin.py:137} INFO - [2023-04-16T18:32:25.300+0000] {dagbag.py:532} INFO - Filling up the DagBag from /home/airflow/.local/lib/python3.7/site-packages/airflow/example_dags/example_python_operator.py
[2023-04-16T18:32:25.311+0000] {logging_mixin.py:137} INFO - [2023-04-16T18:32:25.311+0000] {taskmixin.py:211} WARNING - Dependency <Task(_PythonDecoratedOperator): print_the_context>, log_sql_query already registered for DAG: example_python_operator
[2023-04-16T18:32:25.312+0000] {logging_mixin.py:137} INFO - [2023-04-16T18:32:25.312+0000] {taskmixin.py:211} WARNING - Dependency <Task(_PythonDecoratedOperator): log_sql_query>, print_the_context already registered for DAG: example_python_operator
[2023-04-16T18:32:25.312+0000] {logging_mixin.py:137} INFO - [2023-04-16T18:32:25.312+0000] {taskmixin.py:211} WARNING - Dependency <Task(_PythonDecoratedOperator): print_the_context>, log_sql_query already registered for DAG: example_python_operator
[2023-04-16T18:32:25.313+0000] {logging_mixin.py:137} INFO - [2023-04-16T18:32:25.313+0000] {taskmixin.py:211} WARNING - Dependency <Task(_PythonDecoratedOperator): log_sql_query>, print_the_context already registered for DAG: example_python_operator
[2023-04-16T18:32:25.313+0000] {logging_mixin.py:137} INFO - [2023-04-16T18:32:25.313+0000] {taskmixin.py:211} WARNING - Dependency <Task(_PythonDecoratedOperator): print_the_context>, log_sql_query already registered for DAG: example_python_operator
[2023-04-16T18:32:25.314+0000] {logging_mixin.py:137} INFO - [2023-04-16T18:32:25.314+0000] {taskmixin.py:211} WARNING - Dependency <Task(_PythonDecoratedOperator): log_sql_query>, print_the_context already registered for DAG: example_python_operator
[2023-04-16T18:32:25.314+0000] {logging_mixin.py:137} INFO - [2023-04-16T18:32:25.314+0000] {taskmixin.py:211} WARNING - Dependency <Task(_PythonDecoratedOperator): print_the_context>, log_sql_query already registered for DAG: example_python_operator
[2023-04-16T18:32:25.314+0000] {logging_mixin.py:137} INFO - [2023-04-16T18:32:25.314+0000] {taskmixin.py:211} WARNING - Dependency <Task(_PythonDecoratedOperator): log_sql_query>, print_the_context already registered for DAG: example_python_operator
[2023-04-16T18:32:25.319+0000] {processor.py:753} INFO - DAG(s) dict_keys(['example_python_operator']) retrieved from /home/airflow/.local/lib/python3.7/site-packages/airflow/example_dags/example_python_operator.py
[2023-04-16T18:32:25.343+0000] {logging_mixin.py:137} INFO - [2023-04-16T18:32:25.343+0000] {dag.py:2705} INFO - Sync 1 DAGs
[2023-04-16T18:32:25.362+0000] {logging_mixin.py:137} INFO - [2023-04-16T18:32:25.362+0000] {dag.py:3456} INFO - Setting next_dagrun for example_python_operator to None, run_after=None
[2023-04-16T18:32:25.374+0000] {processor.py:175} INFO - Processing /home/airflow/.local/lib/python3.7/site-packages/airflow/example_dags/example_python_operator.py took 0.078 seconds
[2023-04-16T19:39:50.079+0000] {processor.py:153} INFO - Started process (PID=36062) to work on /home/airflow/.local/lib/python3.7/site-packages/airflow/example_dags/example_python_operator.py
[2023-04-16T19:39:50.081+0000] {processor.py:743} INFO - Processing file /home/airflow/.local/lib/python3.7/site-packages/airflow/example_dags/example_python_operator.py for tasks to queue
[2023-04-16T19:39:50.082+0000] {logging_mixin.py:137} INFO - [2023-04-16T19:39:50.081+0000] {dagbag.py:532} INFO - Filling up the DagBag from /home/airflow/.local/lib/python3.7/site-packages/airflow/example_dags/example_python_operator.py
[2023-04-16T19:39:50.094+0000] {logging_mixin.py:137} INFO - [2023-04-16T19:39:50.094+0000] {taskmixin.py:211} WARNING - Dependency <Task(_PythonDecoratedOperator): print_the_context>, log_sql_query already registered for DAG: example_python_operator
[2023-04-16T19:39:50.095+0000] {logging_mixin.py:137} INFO - [2023-04-16T19:39:50.095+0000] {taskmixin.py:211} WARNING - Dependency <Task(_PythonDecoratedOperator): log_sql_query>, print_the_context already registered for DAG: example_python_operator
[2023-04-16T19:39:50.095+0000] {logging_mixin.py:137} INFO - [2023-04-16T19:39:50.095+0000] {taskmixin.py:211} WARNING - Dependency <Task(_PythonDecoratedOperator): print_the_context>, log_sql_query already registered for DAG: example_python_operator
[2023-04-16T19:39:50.096+0000] {logging_mixin.py:137} INFO - [2023-04-16T19:39:50.096+0000] {taskmixin.py:211} WARNING - Dependency <Task(_PythonDecoratedOperator): log_sql_query>, print_the_context already registered for DAG: example_python_operator
[2023-04-16T19:39:50.096+0000] {logging_mixin.py:137} INFO - [2023-04-16T19:39:50.096+0000] {taskmixin.py:211} WARNING - Dependency <Task(_PythonDecoratedOperator): print_the_context>, log_sql_query already registered for DAG: example_python_operator
[2023-04-16T19:39:50.097+0000] {logging_mixin.py:137} INFO - [2023-04-16T19:39:50.097+0000] {taskmixin.py:211} WARNING - Dependency <Task(_PythonDecoratedOperator): log_sql_query>, print_the_context already registered for DAG: example_python_operator
[2023-04-16T19:39:50.097+0000] {logging_mixin.py:137} INFO - [2023-04-16T19:39:50.097+0000] {taskmixin.py:211} WARNING - Dependency <Task(_PythonDecoratedOperator): print_the_context>, log_sql_query already registered for DAG: example_python_operator
[2023-04-16T19:39:50.098+0000] {logging_mixin.py:137} INFO - [2023-04-16T19:39:50.098+0000] {taskmixin.py:211} WARNING - Dependency <Task(_PythonDecoratedOperator): log_sql_query>, print_the_context already registered for DAG: example_python_operator
[2023-04-16T19:39:50.102+0000] {processor.py:753} INFO - DAG(s) dict_keys(['example_python_operator']) retrieved from /home/airflow/.local/lib/python3.7/site-packages/airflow/example_dags/example_python_operator.py
[2023-04-16T19:39:50.122+0000] {logging_mixin.py:137} INFO - [2023-04-16T19:39:50.122+0000] {dag.py:2705} INFO - Sync 1 DAGs
[2023-04-16T19:39:50.140+0000] {logging_mixin.py:137} INFO - [2023-04-16T19:39:50.140+0000] {dag.py:3456} INFO - Setting next_dagrun for example_python_operator to None, run_after=None
[2023-04-16T19:39:50.152+0000] {processor.py:175} INFO - Processing /home/airflow/.local/lib/python3.7/site-packages/airflow/example_dags/example_python_operator.py took 0.075 seconds
[2023-04-16T20:45:00.005+0000] {processor.py:153} INFO - Started process (PID=36115) to work on /home/airflow/.local/lib/python3.7/site-packages/airflow/example_dags/example_python_operator.py
[2023-04-16T20:45:00.006+0000] {processor.py:743} INFO - Processing file /home/airflow/.local/lib/python3.7/site-packages/airflow/example_dags/example_python_operator.py for tasks to queue
[2023-04-16T20:45:00.007+0000] {logging_mixin.py:137} INFO - [2023-04-16T20:45:00.007+0000] {dagbag.py:532} INFO - Filling up the DagBag from /home/airflow/.local/lib/python3.7/site-packages/airflow/example_dags/example_python_operator.py
[2023-04-16T20:45:00.019+0000] {logging_mixin.py:137} INFO - [2023-04-16T20:45:00.019+0000] {taskmixin.py:211} WARNING - Dependency <Task(_PythonDecoratedOperator): print_the_context>, log_sql_query already registered for DAG: example_python_operator
[2023-04-16T20:45:00.020+0000] {logging_mixin.py:137} INFO - [2023-04-16T20:45:00.020+0000] {taskmixin.py:211} WARNING - Dependency <Task(_PythonDecoratedOperator): log_sql_query>, print_the_context already registered for DAG: example_python_operator
[2023-04-16T20:45:00.021+0000] {logging_mixin.py:137} INFO - [2023-04-16T20:45:00.021+0000] {taskmixin.py:211} WARNING - Dependency <Task(_PythonDecoratedOperator): print_the_context>, log_sql_query already registered for DAG: example_python_operator
[2023-04-16T20:45:00.021+0000] {logging_mixin.py:137} INFO - [2023-04-16T20:45:00.021+0000] {taskmixin.py:211} WARNING - Dependency <Task(_PythonDecoratedOperator): log_sql_query>, print_the_context already registered for DAG: example_python_operator
[2023-04-16T20:45:00.022+0000] {logging_mixin.py:137} INFO - [2023-04-16T20:45:00.022+0000] {taskmixin.py:211} WARNING - Dependency <Task(_PythonDecoratedOperator): print_the_context>, log_sql_query already registered for DAG: example_python_operator
[2023-04-16T20:45:00.022+0000] {logging_mixin.py:137} INFO - [2023-04-16T20:45:00.022+0000] {taskmixin.py:211} WARNING - Dependency <Task(_PythonDecoratedOperator): log_sql_query>, print_the_context already registered for DAG: example_python_operator
[2023-04-16T20:45:00.023+0000] {logging_mixin.py:137} INFO - [2023-04-16T20:45:00.023+0000] {taskmixin.py:211} WARNING - Dependency <Task(_PythonDecoratedOperator): print_the_context>, log_sql_query already registered for DAG: example_python_operator
[2023-04-16T20:45:00.023+0000] {logging_mixin.py:137} INFO - [2023-04-16T20:45:00.023+0000] {taskmixin.py:211} WARNING - Dependency <Task(_PythonDecoratedOperator): log_sql_query>, print_the_context already registered for DAG: example_python_operator
[2023-04-16T20:45:00.028+0000] {processor.py:753} INFO - DAG(s) dict_keys(['example_python_operator']) retrieved from /home/airflow/.local/lib/python3.7/site-packages/airflow/example_dags/example_python_operator.py
[2023-04-16T20:45:00.051+0000] {logging_mixin.py:137} INFO - [2023-04-16T20:45:00.051+0000] {dag.py:2705} INFO - Sync 1 DAGs
[2023-04-16T20:45:00.084+0000] {logging_mixin.py:137} INFO - [2023-04-16T20:45:00.084+0000] {dag.py:3456} INFO - Setting next_dagrun for example_python_operator to None, run_after=None
[2023-04-16T20:45:00.104+0000] {processor.py:175} INFO - Processing /home/airflow/.local/lib/python3.7/site-packages/airflow/example_dags/example_python_operator.py took 0.101 seconds
[2023-04-16T21:52:25.726+0000] {processor.py:153} INFO - Started process (PID=36168) to work on /home/airflow/.local/lib/python3.7/site-packages/airflow/example_dags/example_python_operator.py
[2023-04-16T21:52:25.727+0000] {processor.py:743} INFO - Processing file /home/airflow/.local/lib/python3.7/site-packages/airflow/example_dags/example_python_operator.py for tasks to queue
[2023-04-16T21:52:25.728+0000] {logging_mixin.py:137} INFO - [2023-04-16T21:52:25.728+0000] {dagbag.py:532} INFO - Filling up the DagBag from /home/airflow/.local/lib/python3.7/site-packages/airflow/example_dags/example_python_operator.py
[2023-04-16T21:52:25.740+0000] {logging_mixin.py:137} INFO - [2023-04-16T21:52:25.740+0000] {taskmixin.py:211} WARNING - Dependency <Task(_PythonDecoratedOperator): print_the_context>, log_sql_query already registered for DAG: example_python_operator
[2023-04-16T21:52:25.741+0000] {logging_mixin.py:137} INFO - [2023-04-16T21:52:25.741+0000] {taskmixin.py:211} WARNING - Dependency <Task(_PythonDecoratedOperator): log_sql_query>, print_the_context already registered for DAG: example_python_operator
[2023-04-16T21:52:25.742+0000] {logging_mixin.py:137} INFO - [2023-04-16T21:52:25.742+0000] {taskmixin.py:211} WARNING - Dependency <Task(_PythonDecoratedOperator): print_the_context>, log_sql_query already registered for DAG: example_python_operator
[2023-04-16T21:52:25.742+0000] {logging_mixin.py:137} INFO - [2023-04-16T21:52:25.742+0000] {taskmixin.py:211} WARNING - Dependency <Task(_PythonDecoratedOperator): log_sql_query>, print_the_context already registered for DAG: example_python_operator
[2023-04-16T21:52:25.742+0000] {logging_mixin.py:137} INFO - [2023-04-16T21:52:25.742+0000] {taskmixin.py:211} WARNING - Dependency <Task(_PythonDecoratedOperator): print_the_context>, log_sql_query already registered for DAG: example_python_operator
[2023-04-16T21:52:25.743+0000] {logging_mixin.py:137} INFO - [2023-04-16T21:52:25.743+0000] {taskmixin.py:211} WARNING - Dependency <Task(_PythonDecoratedOperator): log_sql_query>, print_the_context already registered for DAG: example_python_operator
[2023-04-16T21:52:25.744+0000] {logging_mixin.py:137} INFO - [2023-04-16T21:52:25.744+0000] {taskmixin.py:211} WARNING - Dependency <Task(_PythonDecoratedOperator): print_the_context>, log_sql_query already registered for DAG: example_python_operator
[2023-04-16T21:52:25.744+0000] {logging_mixin.py:137} INFO - [2023-04-16T21:52:25.744+0000] {taskmixin.py:211} WARNING - Dependency <Task(_PythonDecoratedOperator): log_sql_query>, print_the_context already registered for DAG: example_python_operator
[2023-04-16T21:52:25.749+0000] {processor.py:753} INFO - DAG(s) dict_keys(['example_python_operator']) retrieved from /home/airflow/.local/lib/python3.7/site-packages/airflow/example_dags/example_python_operator.py
[2023-04-16T21:52:25.769+0000] {logging_mixin.py:137} INFO - [2023-04-16T21:52:25.769+0000] {dag.py:2705} INFO - Sync 1 DAGs
[2023-04-16T21:52:25.783+0000] {logging_mixin.py:137} INFO - [2023-04-16T21:52:25.783+0000] {dag.py:3456} INFO - Setting next_dagrun for example_python_operator to None, run_after=None
[2023-04-16T21:52:25.792+0000] {processor.py:175} INFO - Processing /home/airflow/.local/lib/python3.7/site-packages/airflow/example_dags/example_python_operator.py took 0.069 seconds
[2023-04-16T22:18:55.559+0000] {processor.py:153} INFO - Started process (PID=36221) to work on /home/airflow/.local/lib/python3.7/site-packages/airflow/example_dags/example_python_operator.py
[2023-04-16T22:18:55.560+0000] {processor.py:743} INFO - Processing file /home/airflow/.local/lib/python3.7/site-packages/airflow/example_dags/example_python_operator.py for tasks to queue
[2023-04-16T22:18:55.562+0000] {logging_mixin.py:137} INFO - [2023-04-16T22:18:55.562+0000] {dagbag.py:532} INFO - Filling up the DagBag from /home/airflow/.local/lib/python3.7/site-packages/airflow/example_dags/example_python_operator.py
[2023-04-16T22:18:55.575+0000] {logging_mixin.py:137} INFO - [2023-04-16T22:18:55.574+0000] {taskmixin.py:211} WARNING - Dependency <Task(_PythonDecoratedOperator): print_the_context>, log_sql_query already registered for DAG: example_python_operator
[2023-04-16T22:18:55.575+0000] {logging_mixin.py:137} INFO - [2023-04-16T22:18:55.575+0000] {taskmixin.py:211} WARNING - Dependency <Task(_PythonDecoratedOperator): log_sql_query>, print_the_context already registered for DAG: example_python_operator
[2023-04-16T22:18:55.576+0000] {logging_mixin.py:137} INFO - [2023-04-16T22:18:55.576+0000] {taskmixin.py:211} WARNING - Dependency <Task(_PythonDecoratedOperator): print_the_context>, log_sql_query already registered for DAG: example_python_operator
[2023-04-16T22:18:55.576+0000] {logging_mixin.py:137} INFO - [2023-04-16T22:18:55.576+0000] {taskmixin.py:211} WARNING - Dependency <Task(_PythonDecoratedOperator): log_sql_query>, print_the_context already registered for DAG: example_python_operator
[2023-04-16T22:18:55.578+0000] {logging_mixin.py:137} INFO - [2023-04-16T22:18:55.578+0000] {taskmixin.py:211} WARNING - Dependency <Task(_PythonDecoratedOperator): print_the_context>, log_sql_query already registered for DAG: example_python_operator
[2023-04-16T22:18:55.579+0000] {logging_mixin.py:137} INFO - [2023-04-16T22:18:55.579+0000] {taskmixin.py:211} WARNING - Dependency <Task(_PythonDecoratedOperator): log_sql_query>, print_the_context already registered for DAG: example_python_operator
[2023-04-16T22:18:55.579+0000] {logging_mixin.py:137} INFO - [2023-04-16T22:18:55.579+0000] {taskmixin.py:211} WARNING - Dependency <Task(_PythonDecoratedOperator): print_the_context>, log_sql_query already registered for DAG: example_python_operator
[2023-04-16T22:18:55.580+0000] {logging_mixin.py:137} INFO - [2023-04-16T22:18:55.580+0000] {taskmixin.py:211} WARNING - Dependency <Task(_PythonDecoratedOperator): log_sql_query>, print_the_context already registered for DAG: example_python_operator
[2023-04-16T22:18:55.584+0000] {processor.py:753} INFO - DAG(s) dict_keys(['example_python_operator']) retrieved from /home/airflow/.local/lib/python3.7/site-packages/airflow/example_dags/example_python_operator.py
[2023-04-16T22:18:55.604+0000] {logging_mixin.py:137} INFO - [2023-04-16T22:18:55.603+0000] {dag.py:2705} INFO - Sync 1 DAGs
[2023-04-16T22:18:55.618+0000] {logging_mixin.py:137} INFO - [2023-04-16T22:18:55.618+0000] {dag.py:3456} INFO - Setting next_dagrun for example_python_operator to None, run_after=None
[2023-04-16T22:18:55.628+0000] {processor.py:175} INFO - Processing /home/airflow/.local/lib/python3.7/site-packages/airflow/example_dags/example_python_operator.py took 0.071 seconds
[2023-04-16T22:19:25.954+0000] {processor.py:153} INFO - Started process (PID=36274) to work on /home/airflow/.local/lib/python3.7/site-packages/airflow/example_dags/example_python_operator.py
[2023-04-16T22:19:25.955+0000] {processor.py:743} INFO - Processing file /home/airflow/.local/lib/python3.7/site-packages/airflow/example_dags/example_python_operator.py for tasks to queue
[2023-04-16T22:19:25.955+0000] {logging_mixin.py:137} INFO - [2023-04-16T22:19:25.955+0000] {dagbag.py:532} INFO - Filling up the DagBag from /home/airflow/.local/lib/python3.7/site-packages/airflow/example_dags/example_python_operator.py
[2023-04-16T22:19:25.967+0000] {logging_mixin.py:137} INFO - [2023-04-16T22:19:25.967+0000] {taskmixin.py:211} WARNING - Dependency <Task(_PythonDecoratedOperator): print_the_context>, log_sql_query already registered for DAG: example_python_operator
[2023-04-16T22:19:25.968+0000] {logging_mixin.py:137} INFO - [2023-04-16T22:19:25.968+0000] {taskmixin.py:211} WARNING - Dependency <Task(_PythonDecoratedOperator): log_sql_query>, print_the_context already registered for DAG: example_python_operator
[2023-04-16T22:19:25.969+0000] {logging_mixin.py:137} INFO - [2023-04-16T22:19:25.969+0000] {taskmixin.py:211} WARNING - Dependency <Task(_PythonDecoratedOperator): print_the_context>, log_sql_query already registered for DAG: example_python_operator
[2023-04-16T22:19:25.969+0000] {logging_mixin.py:137} INFO - [2023-04-16T22:19:25.969+0000] {taskmixin.py:211} WARNING - Dependency <Task(_PythonDecoratedOperator): log_sql_query>, print_the_context already registered for DAG: example_python_operator
[2023-04-16T22:19:25.970+0000] {logging_mixin.py:137} INFO - [2023-04-16T22:19:25.969+0000] {taskmixin.py:211} WARNING - Dependency <Task(_PythonDecoratedOperator): print_the_context>, log_sql_query already registered for DAG: example_python_operator
[2023-04-16T22:19:25.970+0000] {logging_mixin.py:137} INFO - [2023-04-16T22:19:25.970+0000] {taskmixin.py:211} WARNING - Dependency <Task(_PythonDecoratedOperator): log_sql_query>, print_the_context already registered for DAG: example_python_operator
[2023-04-16T22:19:25.971+0000] {logging_mixin.py:137} INFO - [2023-04-16T22:19:25.971+0000] {taskmixin.py:211} WARNING - Dependency <Task(_PythonDecoratedOperator): print_the_context>, log_sql_query already registered for DAG: example_python_operator
[2023-04-16T22:19:25.971+0000] {logging_mixin.py:137} INFO - [2023-04-16T22:19:25.971+0000] {taskmixin.py:211} WARNING - Dependency <Task(_PythonDecoratedOperator): log_sql_query>, print_the_context already registered for DAG: example_python_operator
[2023-04-16T22:19:25.976+0000] {processor.py:753} INFO - DAG(s) dict_keys(['example_python_operator']) retrieved from /home/airflow/.local/lib/python3.7/site-packages/airflow/example_dags/example_python_operator.py
[2023-04-16T22:19:25.995+0000] {logging_mixin.py:137} INFO - [2023-04-16T22:19:25.995+0000] {dag.py:2705} INFO - Sync 1 DAGs
[2023-04-16T22:19:26.009+0000] {logging_mixin.py:137} INFO - [2023-04-16T22:19:26.009+0000] {dag.py:3456} INFO - Setting next_dagrun for example_python_operator to None, run_after=None
[2023-04-16T22:19:26.019+0000] {processor.py:175} INFO - Processing /home/airflow/.local/lib/python3.7/site-packages/airflow/example_dags/example_python_operator.py took 0.068 seconds
[2023-04-16T22:39:20.241+0000] {processor.py:153} INFO - Started process (PID=36327) to work on /home/airflow/.local/lib/python3.7/site-packages/airflow/example_dags/example_python_operator.py
[2023-04-16T22:39:20.242+0000] {processor.py:743} INFO - Processing file /home/airflow/.local/lib/python3.7/site-packages/airflow/example_dags/example_python_operator.py for tasks to queue
[2023-04-16T22:39:20.243+0000] {logging_mixin.py:137} INFO - [2023-04-16T22:39:20.243+0000] {dagbag.py:532} INFO - Filling up the DagBag from /home/airflow/.local/lib/python3.7/site-packages/airflow/example_dags/example_python_operator.py
[2023-04-16T22:39:20.255+0000] {logging_mixin.py:137} INFO - [2023-04-16T22:39:20.255+0000] {taskmixin.py:211} WARNING - Dependency <Task(_PythonDecoratedOperator): print_the_context>, log_sql_query already registered for DAG: example_python_operator
[2023-04-16T22:39:20.255+0000] {logging_mixin.py:137} INFO - [2023-04-16T22:39:20.255+0000] {taskmixin.py:211} WARNING - Dependency <Task(_PythonDecoratedOperator): log_sql_query>, print_the_context already registered for DAG: example_python_operator
[2023-04-16T22:39:20.256+0000] {logging_mixin.py:137} INFO - [2023-04-16T22:39:20.256+0000] {taskmixin.py:211} WARNING - Dependency <Task(_PythonDecoratedOperator): print_the_context>, log_sql_query already registered for DAG: example_python_operator
[2023-04-16T22:39:20.256+0000] {logging_mixin.py:137} INFO - [2023-04-16T22:39:20.256+0000] {taskmixin.py:211} WARNING - Dependency <Task(_PythonDecoratedOperator): log_sql_query>, print_the_context already registered for DAG: example_python_operator
[2023-04-16T22:39:20.257+0000] {logging_mixin.py:137} INFO - [2023-04-16T22:39:20.257+0000] {taskmixin.py:211} WARNING - Dependency <Task(_PythonDecoratedOperator): print_the_context>, log_sql_query already registered for DAG: example_python_operator
[2023-04-16T22:39:20.257+0000] {logging_mixin.py:137} INFO - [2023-04-16T22:39:20.257+0000] {taskmixin.py:211} WARNING - Dependency <Task(_PythonDecoratedOperator): log_sql_query>, print_the_context already registered for DAG: example_python_operator
[2023-04-16T22:39:20.258+0000] {logging_mixin.py:137} INFO - [2023-04-16T22:39:20.258+0000] {taskmixin.py:211} WARNING - Dependency <Task(_PythonDecoratedOperator): print_the_context>, log_sql_query already registered for DAG: example_python_operator
[2023-04-16T22:39:20.258+0000] {logging_mixin.py:137} INFO - [2023-04-16T22:39:20.258+0000] {taskmixin.py:211} WARNING - Dependency <Task(_PythonDecoratedOperator): log_sql_query>, print_the_context already registered for DAG: example_python_operator
[2023-04-16T22:39:20.262+0000] {processor.py:753} INFO - DAG(s) dict_keys(['example_python_operator']) retrieved from /home/airflow/.local/lib/python3.7/site-packages/airflow/example_dags/example_python_operator.py
[2023-04-16T22:39:20.291+0000] {logging_mixin.py:137} INFO - [2023-04-16T22:39:20.291+0000] {dag.py:2705} INFO - Sync 1 DAGs
[2023-04-16T22:39:20.306+0000] {logging_mixin.py:137} INFO - [2023-04-16T22:39:20.306+0000] {dag.py:3456} INFO - Setting next_dagrun for example_python_operator to None, run_after=None
[2023-04-16T22:39:20.317+0000] {processor.py:175} INFO - Processing /home/airflow/.local/lib/python3.7/site-packages/airflow/example_dags/example_python_operator.py took 0.078 seconds
[2023-04-16T22:39:50.718+0000] {processor.py:153} INFO - Started process (PID=36380) to work on /home/airflow/.local/lib/python3.7/site-packages/airflow/example_dags/example_python_operator.py
[2023-04-16T22:39:50.719+0000] {processor.py:743} INFO - Processing file /home/airflow/.local/lib/python3.7/site-packages/airflow/example_dags/example_python_operator.py for tasks to queue
[2023-04-16T22:39:50.719+0000] {logging_mixin.py:137} INFO - [2023-04-16T22:39:50.719+0000] {dagbag.py:532} INFO - Filling up the DagBag from /home/airflow/.local/lib/python3.7/site-packages/airflow/example_dags/example_python_operator.py
[2023-04-16T22:39:50.733+0000] {logging_mixin.py:137} INFO - [2023-04-16T22:39:50.732+0000] {taskmixin.py:211} WARNING - Dependency <Task(_PythonDecoratedOperator): print_the_context>, log_sql_query already registered for DAG: example_python_operator
[2023-04-16T22:39:50.733+0000] {logging_mixin.py:137} INFO - [2023-04-16T22:39:50.733+0000] {taskmixin.py:211} WARNING - Dependency <Task(_PythonDecoratedOperator): log_sql_query>, print_the_context already registered for DAG: example_python_operator
[2023-04-16T22:39:50.734+0000] {logging_mixin.py:137} INFO - [2023-04-16T22:39:50.734+0000] {taskmixin.py:211} WARNING - Dependency <Task(_PythonDecoratedOperator): print_the_context>, log_sql_query already registered for DAG: example_python_operator
[2023-04-16T22:39:50.735+0000] {logging_mixin.py:137} INFO - [2023-04-16T22:39:50.734+0000] {taskmixin.py:211} WARNING - Dependency <Task(_PythonDecoratedOperator): log_sql_query>, print_the_context already registered for DAG: example_python_operator
[2023-04-16T22:39:50.735+0000] {logging_mixin.py:137} INFO - [2023-04-16T22:39:50.735+0000] {taskmixin.py:211} WARNING - Dependency <Task(_PythonDecoratedOperator): print_the_context>, log_sql_query already registered for DAG: example_python_operator
[2023-04-16T22:39:50.736+0000] {logging_mixin.py:137} INFO - [2023-04-16T22:39:50.736+0000] {taskmixin.py:211} WARNING - Dependency <Task(_PythonDecoratedOperator): log_sql_query>, print_the_context already registered for DAG: example_python_operator
[2023-04-16T22:39:50.737+0000] {logging_mixin.py:137} INFO - [2023-04-16T22:39:50.737+0000] {taskmixin.py:211} WARNING - Dependency <Task(_PythonDecoratedOperator): print_the_context>, log_sql_query already registered for DAG: example_python_operator
[2023-04-16T22:39:50.737+0000] {logging_mixin.py:137} INFO - [2023-04-16T22:39:50.737+0000] {taskmixin.py:211} WARNING - Dependency <Task(_PythonDecoratedOperator): log_sql_query>, print_the_context already registered for DAG: example_python_operator
[2023-04-16T22:39:50.742+0000] {processor.py:753} INFO - DAG(s) dict_keys(['example_python_operator']) retrieved from /home/airflow/.local/lib/python3.7/site-packages/airflow/example_dags/example_python_operator.py
[2023-04-16T22:39:50.764+0000] {logging_mixin.py:137} INFO - [2023-04-16T22:39:50.764+0000] {dag.py:2705} INFO - Sync 1 DAGs
[2023-04-16T22:39:50.779+0000] {logging_mixin.py:137} INFO - [2023-04-16T22:39:50.779+0000] {dag.py:3456} INFO - Setting next_dagrun for example_python_operator to None, run_after=None
[2023-04-16T22:39:50.788+0000] {processor.py:175} INFO - Processing /home/airflow/.local/lib/python3.7/site-packages/airflow/example_dags/example_python_operator.py took 0.074 seconds
