[2023-04-16T00:33:36.210+0000] {processor.py:153} INFO - Started process (PID=34877) to work on /home/airflow/.local/lib/python3.7/site-packages/airflow/example_dags/example_params_ui_tutorial.py
[2023-04-16T00:33:36.212+0000] {processor.py:743} INFO - Processing file /home/airflow/.local/lib/python3.7/site-packages/airflow/example_dags/example_params_ui_tutorial.py for tasks to queue
[2023-04-16T00:33:36.213+0000] {logging_mixin.py:137} INFO - [2023-04-16T00:33:36.212+0000] {dagbag.py:532} INFO - Filling up the DagBag from /home/airflow/.local/lib/python3.7/site-packages/airflow/example_dags/example_params_ui_tutorial.py
[2023-04-16T00:33:36.257+0000] {processor.py:753} INFO - DAG(s) dict_keys(['example_params_ui_tutorial']) retrieved from /home/airflow/.local/lib/python3.7/site-packages/airflow/example_dags/example_params_ui_tutorial.py
[2023-04-16T00:33:36.320+0000] {logging_mixin.py:137} INFO - [2023-04-16T00:33:36.320+0000] {dag.py:2705} INFO - Sync 1 DAGs
[2023-04-16T00:33:36.339+0000] {logging_mixin.py:137} INFO - [2023-04-16T00:33:36.338+0000] {dag.py:3456} INFO - Setting next_dagrun for example_params_ui_tutorial to None, run_after=None
[2023-04-16T00:33:36.352+0000] {processor.py:175} INFO - Processing /home/airflow/.local/lib/python3.7/site-packages/airflow/example_dags/example_params_ui_tutorial.py took 0.146 seconds
[2023-04-16T01:42:56.079+0000] {processor.py:153} INFO - Started process (PID=34930) to work on /home/airflow/.local/lib/python3.7/site-packages/airflow/example_dags/example_params_ui_tutorial.py
[2023-04-16T01:42:56.080+0000] {processor.py:743} INFO - Processing file /home/airflow/.local/lib/python3.7/site-packages/airflow/example_dags/example_params_ui_tutorial.py for tasks to queue
[2023-04-16T01:42:56.081+0000] {logging_mixin.py:137} INFO - [2023-04-16T01:42:56.080+0000] {dagbag.py:532} INFO - Filling up the DagBag from /home/airflow/.local/lib/python3.7/site-packages/airflow/example_dags/example_params_ui_tutorial.py
[2023-04-16T01:42:56.117+0000] {processor.py:753} INFO - DAG(s) dict_keys(['example_params_ui_tutorial']) retrieved from /home/airflow/.local/lib/python3.7/site-packages/airflow/example_dags/example_params_ui_tutorial.py
[2023-04-16T01:42:56.161+0000] {logging_mixin.py:137} INFO - [2023-04-16T01:42:56.161+0000] {dag.py:2705} INFO - Sync 1 DAGs
[2023-04-16T01:42:56.177+0000] {logging_mixin.py:137} INFO - [2023-04-16T01:42:56.177+0000] {dag.py:3456} INFO - Setting next_dagrun for example_params_ui_tutorial to None, run_after=None
[2023-04-16T01:42:56.188+0000] {processor.py:175} INFO - Processing /home/airflow/.local/lib/python3.7/site-packages/airflow/example_dags/example_params_ui_tutorial.py took 0.112 seconds
[2023-04-16T02:49:24.734+0000] {processor.py:153} INFO - Started process (PID=34983) to work on /home/airflow/.local/lib/python3.7/site-packages/airflow/example_dags/example_params_ui_tutorial.py
[2023-04-16T02:49:24.736+0000] {processor.py:743} INFO - Processing file /home/airflow/.local/lib/python3.7/site-packages/airflow/example_dags/example_params_ui_tutorial.py for tasks to queue
[2023-04-16T02:49:24.736+0000] {logging_mixin.py:137} INFO - [2023-04-16T02:49:24.736+0000] {dagbag.py:532} INFO - Filling up the DagBag from /home/airflow/.local/lib/python3.7/site-packages/airflow/example_dags/example_params_ui_tutorial.py
[2023-04-16T02:49:24.784+0000] {processor.py:753} INFO - DAG(s) dict_keys(['example_params_ui_tutorial']) retrieved from /home/airflow/.local/lib/python3.7/site-packages/airflow/example_dags/example_params_ui_tutorial.py
[2023-04-16T02:49:24.825+0000] {logging_mixin.py:137} INFO - [2023-04-16T02:49:24.825+0000] {dag.py:2705} INFO - Sync 1 DAGs
[2023-04-16T02:49:24.840+0000] {logging_mixin.py:137} INFO - [2023-04-16T02:49:24.840+0000] {dag.py:3456} INFO - Setting next_dagrun for example_params_ui_tutorial to None, run_after=None
[2023-04-16T02:49:24.850+0000] {processor.py:175} INFO - Processing /home/airflow/.local/lib/python3.7/site-packages/airflow/example_dags/example_params_ui_tutorial.py took 0.120 seconds
[2023-04-16T03:56:30.502+0000] {processor.py:153} INFO - Started process (PID=35037) to work on /home/airflow/.local/lib/python3.7/site-packages/airflow/example_dags/example_params_ui_tutorial.py
[2023-04-16T03:56:30.535+0000] {processor.py:743} INFO - Processing file /home/airflow/.local/lib/python3.7/site-packages/airflow/example_dags/example_params_ui_tutorial.py for tasks to queue
[2023-04-16T03:56:30.542+0000] {logging_mixin.py:137} INFO - [2023-04-16T03:56:30.542+0000] {dagbag.py:532} INFO - Filling up the DagBag from /home/airflow/.local/lib/python3.7/site-packages/airflow/example_dags/example_params_ui_tutorial.py
[2023-04-16T03:56:30.660+0000] {processor.py:753} INFO - DAG(s) dict_keys(['example_params_ui_tutorial']) retrieved from /home/airflow/.local/lib/python3.7/site-packages/airflow/example_dags/example_params_ui_tutorial.py
[2023-04-16T03:56:30.727+0000] {logging_mixin.py:137} INFO - [2023-04-16T03:56:30.727+0000] {dag.py:2705} INFO - Sync 1 DAGs
[2023-04-16T03:56:30.756+0000] {logging_mixin.py:137} INFO - [2023-04-16T03:56:30.756+0000] {dag.py:3456} INFO - Setting next_dagrun for example_params_ui_tutorial to None, run_after=None
[2023-04-16T03:56:30.775+0000] {processor.py:175} INFO - Processing /home/airflow/.local/lib/python3.7/site-packages/airflow/example_dags/example_params_ui_tutorial.py took 0.308 seconds
[2023-04-16T04:57:14.148+0000] {processor.py:153} INFO - Started process (PID=35090) to work on /home/airflow/.local/lib/python3.7/site-packages/airflow/example_dags/example_params_ui_tutorial.py
[2023-04-16T04:57:14.149+0000] {processor.py:743} INFO - Processing file /home/airflow/.local/lib/python3.7/site-packages/airflow/example_dags/example_params_ui_tutorial.py for tasks to queue
[2023-04-16T04:57:14.150+0000] {logging_mixin.py:137} INFO - [2023-04-16T04:57:14.150+0000] {dagbag.py:532} INFO - Filling up the DagBag from /home/airflow/.local/lib/python3.7/site-packages/airflow/example_dags/example_params_ui_tutorial.py
[2023-04-16T04:57:14.185+0000] {processor.py:753} INFO - DAG(s) dict_keys(['example_params_ui_tutorial']) retrieved from /home/airflow/.local/lib/python3.7/site-packages/airflow/example_dags/example_params_ui_tutorial.py
[2023-04-16T04:57:14.232+0000] {logging_mixin.py:137} INFO - [2023-04-16T04:57:14.232+0000] {dag.py:2705} INFO - Sync 1 DAGs
[2023-04-16T04:57:14.248+0000] {logging_mixin.py:137} INFO - [2023-04-16T04:57:14.248+0000] {dag.py:3456} INFO - Setting next_dagrun for example_params_ui_tutorial to None, run_after=None
[2023-04-16T04:57:14.259+0000] {processor.py:175} INFO - Processing /home/airflow/.local/lib/python3.7/site-packages/airflow/example_dags/example_params_ui_tutorial.py took 0.113 seconds
[2023-04-16T04:57:44.704+0000] {processor.py:153} INFO - Started process (PID=35142) to work on /home/airflow/.local/lib/python3.7/site-packages/airflow/example_dags/example_params_ui_tutorial.py
[2023-04-16T04:57:44.705+0000] {processor.py:743} INFO - Processing file /home/airflow/.local/lib/python3.7/site-packages/airflow/example_dags/example_params_ui_tutorial.py for tasks to queue
[2023-04-16T04:57:44.705+0000] {logging_mixin.py:137} INFO - [2023-04-16T04:57:44.705+0000] {dagbag.py:532} INFO - Filling up the DagBag from /home/airflow/.local/lib/python3.7/site-packages/airflow/example_dags/example_params_ui_tutorial.py
[2023-04-16T04:57:44.738+0000] {processor.py:753} INFO - DAG(s) dict_keys(['example_params_ui_tutorial']) retrieved from /home/airflow/.local/lib/python3.7/site-packages/airflow/example_dags/example_params_ui_tutorial.py
[2023-04-16T04:57:44.772+0000] {logging_mixin.py:137} INFO - [2023-04-16T04:57:44.772+0000] {dag.py:2705} INFO - Sync 1 DAGs
[2023-04-16T04:57:44.785+0000] {logging_mixin.py:137} INFO - [2023-04-16T04:57:44.785+0000] {dag.py:3456} INFO - Setting next_dagrun for example_params_ui_tutorial to None, run_after=None
[2023-04-16T04:57:44.798+0000] {processor.py:175} INFO - Processing /home/airflow/.local/lib/python3.7/site-packages/airflow/example_dags/example_params_ui_tutorial.py took 0.097 seconds
[2023-04-16T06:01:52.367+0000] {processor.py:153} INFO - Started process (PID=35195) to work on /home/airflow/.local/lib/python3.7/site-packages/airflow/example_dags/example_params_ui_tutorial.py
[2023-04-16T06:01:52.369+0000] {processor.py:743} INFO - Processing file /home/airflow/.local/lib/python3.7/site-packages/airflow/example_dags/example_params_ui_tutorial.py for tasks to queue
[2023-04-16T06:01:52.369+0000] {logging_mixin.py:137} INFO - [2023-04-16T06:01:52.369+0000] {dagbag.py:532} INFO - Filling up the DagBag from /home/airflow/.local/lib/python3.7/site-packages/airflow/example_dags/example_params_ui_tutorial.py
[2023-04-16T06:01:52.476+0000] {processor.py:753} INFO - DAG(s) dict_keys(['example_params_ui_tutorial']) retrieved from /home/airflow/.local/lib/python3.7/site-packages/airflow/example_dags/example_params_ui_tutorial.py
[2023-04-16T06:01:52.641+0000] {logging_mixin.py:137} INFO - [2023-04-16T06:01:52.641+0000] {dag.py:2705} INFO - Sync 1 DAGs
[2023-04-16T06:01:52.746+0000] {logging_mixin.py:137} INFO - [2023-04-16T06:01:52.746+0000] {dag.py:3456} INFO - Setting next_dagrun for example_params_ui_tutorial to None, run_after=None
[2023-04-16T06:01:52.772+0000] {processor.py:175} INFO - Processing /home/airflow/.local/lib/python3.7/site-packages/airflow/example_dags/example_params_ui_tutorial.py took 0.408 seconds
[2023-04-16T06:13:25.172+0000] {processor.py:153} INFO - Started process (PID=35248) to work on /home/airflow/.local/lib/python3.7/site-packages/airflow/example_dags/example_params_ui_tutorial.py
[2023-04-16T06:13:25.173+0000] {processor.py:743} INFO - Processing file /home/airflow/.local/lib/python3.7/site-packages/airflow/example_dags/example_params_ui_tutorial.py for tasks to queue
[2023-04-16T06:13:25.173+0000] {logging_mixin.py:137} INFO - [2023-04-16T06:13:25.173+0000] {dagbag.py:532} INFO - Filling up the DagBag from /home/airflow/.local/lib/python3.7/site-packages/airflow/example_dags/example_params_ui_tutorial.py
[2023-04-16T06:13:25.205+0000] {processor.py:753} INFO - DAG(s) dict_keys(['example_params_ui_tutorial']) retrieved from /home/airflow/.local/lib/python3.7/site-packages/airflow/example_dags/example_params_ui_tutorial.py
[2023-04-16T06:13:25.244+0000] {logging_mixin.py:137} INFO - [2023-04-16T06:13:25.244+0000] {dag.py:2705} INFO - Sync 1 DAGs
[2023-04-16T06:13:25.258+0000] {logging_mixin.py:137} INFO - [2023-04-16T06:13:25.258+0000] {dag.py:3456} INFO - Setting next_dagrun for example_params_ui_tutorial to None, run_after=None
[2023-04-16T06:13:25.267+0000] {processor.py:175} INFO - Processing /home/airflow/.local/lib/python3.7/site-packages/airflow/example_dags/example_params_ui_tutorial.py took 0.098 seconds
[2023-04-16T06:29:18.745+0000] {processor.py:153} INFO - Started process (PID=35301) to work on /home/airflow/.local/lib/python3.7/site-packages/airflow/example_dags/example_params_ui_tutorial.py
[2023-04-16T06:29:18.746+0000] {processor.py:743} INFO - Processing file /home/airflow/.local/lib/python3.7/site-packages/airflow/example_dags/example_params_ui_tutorial.py for tasks to queue
[2023-04-16T06:29:18.747+0000] {logging_mixin.py:137} INFO - [2023-04-16T06:29:18.746+0000] {dagbag.py:532} INFO - Filling up the DagBag from /home/airflow/.local/lib/python3.7/site-packages/airflow/example_dags/example_params_ui_tutorial.py
[2023-04-16T06:29:18.779+0000] {processor.py:753} INFO - DAG(s) dict_keys(['example_params_ui_tutorial']) retrieved from /home/airflow/.local/lib/python3.7/site-packages/airflow/example_dags/example_params_ui_tutorial.py
[2023-04-16T06:29:18.821+0000] {logging_mixin.py:137} INFO - [2023-04-16T06:29:18.821+0000] {dag.py:2705} INFO - Sync 1 DAGs
[2023-04-16T06:29:18.837+0000] {logging_mixin.py:137} INFO - [2023-04-16T06:29:18.836+0000] {dag.py:3456} INFO - Setting next_dagrun for example_params_ui_tutorial to None, run_after=None
[2023-04-16T06:29:18.848+0000] {processor.py:175} INFO - Processing /home/airflow/.local/lib/python3.7/site-packages/airflow/example_dags/example_params_ui_tutorial.py took 0.106 seconds
[2023-04-16T07:31:24.829+0000] {processor.py:153} INFO - Started process (PID=35354) to work on /home/airflow/.local/lib/python3.7/site-packages/airflow/example_dags/example_params_ui_tutorial.py
[2023-04-16T07:31:24.831+0000] {processor.py:743} INFO - Processing file /home/airflow/.local/lib/python3.7/site-packages/airflow/example_dags/example_params_ui_tutorial.py for tasks to queue
[2023-04-16T07:31:24.832+0000] {logging_mixin.py:137} INFO - [2023-04-16T07:31:24.832+0000] {dagbag.py:532} INFO - Filling up the DagBag from /home/airflow/.local/lib/python3.7/site-packages/airflow/example_dags/example_params_ui_tutorial.py
[2023-04-16T07:31:24.871+0000] {processor.py:753} INFO - DAG(s) dict_keys(['example_params_ui_tutorial']) retrieved from /home/airflow/.local/lib/python3.7/site-packages/airflow/example_dags/example_params_ui_tutorial.py
[2023-04-16T07:31:24.909+0000] {logging_mixin.py:137} INFO - [2023-04-16T07:31:24.909+0000] {dag.py:2705} INFO - Sync 1 DAGs
[2023-04-16T07:31:24.925+0000] {logging_mixin.py:137} INFO - [2023-04-16T07:31:24.925+0000] {dag.py:3456} INFO - Setting next_dagrun for example_params_ui_tutorial to None, run_after=None
[2023-04-16T07:31:24.935+0000] {processor.py:175} INFO - Processing /home/airflow/.local/lib/python3.7/site-packages/airflow/example_dags/example_params_ui_tutorial.py took 0.109 seconds
[2023-04-16T08:50:11.369+0000] {processor.py:153} INFO - Started process (PID=35407) to work on /home/airflow/.local/lib/python3.7/site-packages/airflow/example_dags/example_params_ui_tutorial.py
[2023-04-16T08:50:11.370+0000] {processor.py:743} INFO - Processing file /home/airflow/.local/lib/python3.7/site-packages/airflow/example_dags/example_params_ui_tutorial.py for tasks to queue
[2023-04-16T08:50:11.371+0000] {logging_mixin.py:137} INFO - [2023-04-16T08:50:11.371+0000] {dagbag.py:532} INFO - Filling up the DagBag from /home/airflow/.local/lib/python3.7/site-packages/airflow/example_dags/example_params_ui_tutorial.py
[2023-04-16T08:50:11.409+0000] {processor.py:753} INFO - DAG(s) dict_keys(['example_params_ui_tutorial']) retrieved from /home/airflow/.local/lib/python3.7/site-packages/airflow/example_dags/example_params_ui_tutorial.py
[2023-04-16T08:50:11.445+0000] {logging_mixin.py:137} INFO - [2023-04-16T08:50:11.445+0000] {dag.py:2705} INFO - Sync 1 DAGs
[2023-04-16T08:50:11.457+0000] {logging_mixin.py:137} INFO - [2023-04-16T08:50:11.457+0000] {dag.py:3456} INFO - Setting next_dagrun for example_params_ui_tutorial to None, run_after=None
[2023-04-16T08:50:11.466+0000] {processor.py:175} INFO - Processing /home/airflow/.local/lib/python3.7/site-packages/airflow/example_dags/example_params_ui_tutorial.py took 0.100 seconds
[2023-04-16T09:55:48.377+0000] {processor.py:153} INFO - Started process (PID=35460) to work on /home/airflow/.local/lib/python3.7/site-packages/airflow/example_dags/example_params_ui_tutorial.py
[2023-04-16T09:55:48.378+0000] {processor.py:743} INFO - Processing file /home/airflow/.local/lib/python3.7/site-packages/airflow/example_dags/example_params_ui_tutorial.py for tasks to queue
[2023-04-16T09:55:48.379+0000] {logging_mixin.py:137} INFO - [2023-04-16T09:55:48.379+0000] {dagbag.py:532} INFO - Filling up the DagBag from /home/airflow/.local/lib/python3.7/site-packages/airflow/example_dags/example_params_ui_tutorial.py
[2023-04-16T09:55:48.414+0000] {processor.py:753} INFO - DAG(s) dict_keys(['example_params_ui_tutorial']) retrieved from /home/airflow/.local/lib/python3.7/site-packages/airflow/example_dags/example_params_ui_tutorial.py
[2023-04-16T09:55:48.463+0000] {logging_mixin.py:137} INFO - [2023-04-16T09:55:48.463+0000] {dag.py:2705} INFO - Sync 1 DAGs
[2023-04-16T09:55:48.485+0000] {logging_mixin.py:137} INFO - [2023-04-16T09:55:48.485+0000] {dag.py:3456} INFO - Setting next_dagrun for example_params_ui_tutorial to None, run_after=None
[2023-04-16T09:55:48.498+0000] {processor.py:175} INFO - Processing /home/airflow/.local/lib/python3.7/site-packages/airflow/example_dags/example_params_ui_tutorial.py took 0.123 seconds
[2023-04-16T11:01:49.445+0000] {processor.py:153} INFO - Started process (PID=35514) to work on /home/airflow/.local/lib/python3.7/site-packages/airflow/example_dags/example_params_ui_tutorial.py
[2023-04-16T11:01:49.447+0000] {processor.py:743} INFO - Processing file /home/airflow/.local/lib/python3.7/site-packages/airflow/example_dags/example_params_ui_tutorial.py for tasks to queue
[2023-04-16T11:01:49.448+0000] {logging_mixin.py:137} INFO - [2023-04-16T11:01:49.447+0000] {dagbag.py:532} INFO - Filling up the DagBag from /home/airflow/.local/lib/python3.7/site-packages/airflow/example_dags/example_params_ui_tutorial.py
[2023-04-16T11:01:49.504+0000] {processor.py:753} INFO - DAG(s) dict_keys(['example_params_ui_tutorial']) retrieved from /home/airflow/.local/lib/python3.7/site-packages/airflow/example_dags/example_params_ui_tutorial.py
[2023-04-16T11:01:49.544+0000] {logging_mixin.py:137} INFO - [2023-04-16T11:01:49.544+0000] {dag.py:2705} INFO - Sync 1 DAGs
[2023-04-16T11:01:49.562+0000] {logging_mixin.py:137} INFO - [2023-04-16T11:01:49.562+0000] {dag.py:3456} INFO - Setting next_dagrun for example_params_ui_tutorial to None, run_after=None
[2023-04-16T11:01:49.584+0000] {processor.py:175} INFO - Processing /home/airflow/.local/lib/python3.7/site-packages/airflow/example_dags/example_params_ui_tutorial.py took 0.142 seconds
[2023-04-16T12:25:13.604+0000] {processor.py:153} INFO - Started process (PID=35567) to work on /home/airflow/.local/lib/python3.7/site-packages/airflow/example_dags/example_params_ui_tutorial.py
[2023-04-16T12:25:13.605+0000] {processor.py:743} INFO - Processing file /home/airflow/.local/lib/python3.7/site-packages/airflow/example_dags/example_params_ui_tutorial.py for tasks to queue
[2023-04-16T12:25:13.606+0000] {logging_mixin.py:137} INFO - [2023-04-16T12:25:13.606+0000] {dagbag.py:532} INFO - Filling up the DagBag from /home/airflow/.local/lib/python3.7/site-packages/airflow/example_dags/example_params_ui_tutorial.py
[2023-04-16T12:25:13.641+0000] {processor.py:753} INFO - DAG(s) dict_keys(['example_params_ui_tutorial']) retrieved from /home/airflow/.local/lib/python3.7/site-packages/airflow/example_dags/example_params_ui_tutorial.py
[2023-04-16T12:25:13.683+0000] {logging_mixin.py:137} INFO - [2023-04-16T12:25:13.682+0000] {dag.py:2705} INFO - Sync 1 DAGs
[2023-04-16T12:25:13.698+0000] {logging_mixin.py:137} INFO - [2023-04-16T12:25:13.698+0000] {dag.py:3456} INFO - Setting next_dagrun for example_params_ui_tutorial to None, run_after=None
[2023-04-16T12:25:13.717+0000] {processor.py:175} INFO - Processing /home/airflow/.local/lib/python3.7/site-packages/airflow/example_dags/example_params_ui_tutorial.py took 0.117 seconds
[2023-04-16T13:32:25.456+0000] {processor.py:153} INFO - Started process (PID=35620) to work on /home/airflow/.local/lib/python3.7/site-packages/airflow/example_dags/example_params_ui_tutorial.py
[2023-04-16T13:32:25.457+0000] {processor.py:743} INFO - Processing file /home/airflow/.local/lib/python3.7/site-packages/airflow/example_dags/example_params_ui_tutorial.py for tasks to queue
[2023-04-16T13:32:25.457+0000] {logging_mixin.py:137} INFO - [2023-04-16T13:32:25.457+0000] {dagbag.py:532} INFO - Filling up the DagBag from /home/airflow/.local/lib/python3.7/site-packages/airflow/example_dags/example_params_ui_tutorial.py
[2023-04-16T13:32:25.501+0000] {processor.py:753} INFO - DAG(s) dict_keys(['example_params_ui_tutorial']) retrieved from /home/airflow/.local/lib/python3.7/site-packages/airflow/example_dags/example_params_ui_tutorial.py
[2023-04-16T13:32:25.536+0000] {logging_mixin.py:137} INFO - [2023-04-16T13:32:25.536+0000] {dag.py:2705} INFO - Sync 1 DAGs
[2023-04-16T13:32:25.551+0000] {logging_mixin.py:137} INFO - [2023-04-16T13:32:25.551+0000] {dag.py:3456} INFO - Setting next_dagrun for example_params_ui_tutorial to None, run_after=None
[2023-04-16T13:32:25.561+0000] {processor.py:175} INFO - Processing /home/airflow/.local/lib/python3.7/site-packages/airflow/example_dags/example_params_ui_tutorial.py took 0.108 seconds
[2023-04-16T14:26:07.237+0000] {processor.py:153} INFO - Started process (PID=35673) to work on /home/airflow/.local/lib/python3.7/site-packages/airflow/example_dags/example_params_ui_tutorial.py
[2023-04-16T14:26:07.241+0000] {processor.py:743} INFO - Processing file /home/airflow/.local/lib/python3.7/site-packages/airflow/example_dags/example_params_ui_tutorial.py for tasks to queue
[2023-04-16T14:26:07.244+0000] {logging_mixin.py:137} INFO - [2023-04-16T14:26:07.244+0000] {dagbag.py:532} INFO - Filling up the DagBag from /home/airflow/.local/lib/python3.7/site-packages/airflow/example_dags/example_params_ui_tutorial.py
[2023-04-16T14:26:07.287+0000] {processor.py:753} INFO - DAG(s) dict_keys(['example_params_ui_tutorial']) retrieved from /home/airflow/.local/lib/python3.7/site-packages/airflow/example_dags/example_params_ui_tutorial.py
[2023-04-16T14:26:07.353+0000] {logging_mixin.py:137} INFO - [2023-04-16T14:26:07.353+0000] {dag.py:2705} INFO - Sync 1 DAGs
[2023-04-16T14:26:07.404+0000] {logging_mixin.py:137} INFO - [2023-04-16T14:26:07.404+0000] {dag.py:3456} INFO - Setting next_dagrun for example_params_ui_tutorial to None, run_after=None
[2023-04-16T14:26:07.437+0000] {processor.py:175} INFO - Processing /home/airflow/.local/lib/python3.7/site-packages/airflow/example_dags/example_params_ui_tutorial.py took 0.207 seconds
[2023-04-16T14:26:38.287+0000] {processor.py:153} INFO - Started process (PID=35726) to work on /home/airflow/.local/lib/python3.7/site-packages/airflow/example_dags/example_params_ui_tutorial.py
[2023-04-16T14:26:38.288+0000] {processor.py:743} INFO - Processing file /home/airflow/.local/lib/python3.7/site-packages/airflow/example_dags/example_params_ui_tutorial.py for tasks to queue
[2023-04-16T14:26:38.289+0000] {logging_mixin.py:137} INFO - [2023-04-16T14:26:38.289+0000] {dagbag.py:532} INFO - Filling up the DagBag from /home/airflow/.local/lib/python3.7/site-packages/airflow/example_dags/example_params_ui_tutorial.py
[2023-04-16T14:26:38.324+0000] {processor.py:753} INFO - DAG(s) dict_keys(['example_params_ui_tutorial']) retrieved from /home/airflow/.local/lib/python3.7/site-packages/airflow/example_dags/example_params_ui_tutorial.py
[2023-04-16T14:26:38.364+0000] {logging_mixin.py:137} INFO - [2023-04-16T14:26:38.364+0000] {dag.py:2705} INFO - Sync 1 DAGs
[2023-04-16T14:26:38.378+0000] {logging_mixin.py:137} INFO - [2023-04-16T14:26:38.378+0000] {dag.py:3456} INFO - Setting next_dagrun for example_params_ui_tutorial to None, run_after=None
[2023-04-16T14:26:38.388+0000] {processor.py:175} INFO - Processing /home/airflow/.local/lib/python3.7/site-packages/airflow/example_dags/example_params_ui_tutorial.py took 0.103 seconds
[2023-04-16T15:14:33.554+0000] {processor.py:153} INFO - Started process (PID=35779) to work on /home/airflow/.local/lib/python3.7/site-packages/airflow/example_dags/example_params_ui_tutorial.py
[2023-04-16T15:14:33.557+0000] {processor.py:743} INFO - Processing file /home/airflow/.local/lib/python3.7/site-packages/airflow/example_dags/example_params_ui_tutorial.py for tasks to queue
[2023-04-16T15:14:33.558+0000] {logging_mixin.py:137} INFO - [2023-04-16T15:14:33.558+0000] {dagbag.py:532} INFO - Filling up the DagBag from /home/airflow/.local/lib/python3.7/site-packages/airflow/example_dags/example_params_ui_tutorial.py
[2023-04-16T15:14:33.680+0000] {processor.py:753} INFO - DAG(s) dict_keys(['example_params_ui_tutorial']) retrieved from /home/airflow/.local/lib/python3.7/site-packages/airflow/example_dags/example_params_ui_tutorial.py
[2023-04-16T15:14:33.817+0000] {logging_mixin.py:137} INFO - [2023-04-16T15:14:33.817+0000] {dag.py:2705} INFO - Sync 1 DAGs
[2023-04-16T15:14:33.864+0000] {logging_mixin.py:137} INFO - [2023-04-16T15:14:33.864+0000] {dag.py:3456} INFO - Setting next_dagrun for example_params_ui_tutorial to None, run_after=None
[2023-04-16T15:14:33.910+0000] {processor.py:175} INFO - Processing /home/airflow/.local/lib/python3.7/site-packages/airflow/example_dags/example_params_ui_tutorial.py took 0.377 seconds
[2023-04-16T15:15:03.988+0000] {processor.py:153} INFO - Started process (PID=35832) to work on /home/airflow/.local/lib/python3.7/site-packages/airflow/example_dags/example_params_ui_tutorial.py
[2023-04-16T15:15:03.990+0000] {processor.py:743} INFO - Processing file /home/airflow/.local/lib/python3.7/site-packages/airflow/example_dags/example_params_ui_tutorial.py for tasks to queue
[2023-04-16T15:15:03.991+0000] {logging_mixin.py:137} INFO - [2023-04-16T15:15:03.991+0000] {dagbag.py:532} INFO - Filling up the DagBag from /home/airflow/.local/lib/python3.7/site-packages/airflow/example_dags/example_params_ui_tutorial.py
[2023-04-16T15:15:04.027+0000] {processor.py:753} INFO - DAG(s) dict_keys(['example_params_ui_tutorial']) retrieved from /home/airflow/.local/lib/python3.7/site-packages/airflow/example_dags/example_params_ui_tutorial.py
[2023-04-16T15:15:04.065+0000] {logging_mixin.py:137} INFO - [2023-04-16T15:15:04.065+0000] {dag.py:2705} INFO - Sync 1 DAGs
[2023-04-16T15:15:04.083+0000] {logging_mixin.py:137} INFO - [2023-04-16T15:15:04.083+0000] {dag.py:3456} INFO - Setting next_dagrun for example_params_ui_tutorial to None, run_after=None
[2023-04-16T15:15:04.095+0000] {processor.py:175} INFO - Processing /home/airflow/.local/lib/python3.7/site-packages/airflow/example_dags/example_params_ui_tutorial.py took 0.110 seconds
[2023-04-16T16:03:32.154+0000] {processor.py:153} INFO - Started process (PID=35885) to work on /home/airflow/.local/lib/python3.7/site-packages/airflow/example_dags/example_params_ui_tutorial.py
[2023-04-16T16:03:32.155+0000] {processor.py:743} INFO - Processing file /home/airflow/.local/lib/python3.7/site-packages/airflow/example_dags/example_params_ui_tutorial.py for tasks to queue
[2023-04-16T16:03:32.155+0000] {logging_mixin.py:137} INFO - [2023-04-16T16:03:32.155+0000] {dagbag.py:532} INFO - Filling up the DagBag from /home/airflow/.local/lib/python3.7/site-packages/airflow/example_dags/example_params_ui_tutorial.py
[2023-04-16T16:03:32.190+0000] {processor.py:753} INFO - DAG(s) dict_keys(['example_params_ui_tutorial']) retrieved from /home/airflow/.local/lib/python3.7/site-packages/airflow/example_dags/example_params_ui_tutorial.py
[2023-04-16T16:03:32.225+0000] {logging_mixin.py:137} INFO - [2023-04-16T16:03:32.225+0000] {dag.py:2705} INFO - Sync 1 DAGs
[2023-04-16T16:03:32.240+0000] {logging_mixin.py:137} INFO - [2023-04-16T16:03:32.240+0000] {dag.py:3456} INFO - Setting next_dagrun for example_params_ui_tutorial to None, run_after=None
[2023-04-16T16:03:32.250+0000] {processor.py:175} INFO - Processing /home/airflow/.local/lib/python3.7/site-packages/airflow/example_dags/example_params_ui_tutorial.py took 0.099 seconds
[2023-04-16T17:09:32.915+0000] {processor.py:153} INFO - Started process (PID=35938) to work on /home/airflow/.local/lib/python3.7/site-packages/airflow/example_dags/example_params_ui_tutorial.py
[2023-04-16T17:09:32.916+0000] {processor.py:743} INFO - Processing file /home/airflow/.local/lib/python3.7/site-packages/airflow/example_dags/example_params_ui_tutorial.py for tasks to queue
[2023-04-16T17:09:32.917+0000] {logging_mixin.py:137} INFO - [2023-04-16T17:09:32.917+0000] {dagbag.py:532} INFO - Filling up the DagBag from /home/airflow/.local/lib/python3.7/site-packages/airflow/example_dags/example_params_ui_tutorial.py
[2023-04-16T17:09:32.949+0000] {processor.py:753} INFO - DAG(s) dict_keys(['example_params_ui_tutorial']) retrieved from /home/airflow/.local/lib/python3.7/site-packages/airflow/example_dags/example_params_ui_tutorial.py
[2023-04-16T17:09:32.982+0000] {logging_mixin.py:137} INFO - [2023-04-16T17:09:32.982+0000] {dag.py:2705} INFO - Sync 1 DAGs
[2023-04-16T17:09:32.995+0000] {logging_mixin.py:137} INFO - [2023-04-16T17:09:32.995+0000] {dag.py:3456} INFO - Setting next_dagrun for example_params_ui_tutorial to None, run_after=None
[2023-04-16T17:09:33.005+0000] {processor.py:175} INFO - Processing /home/airflow/.local/lib/python3.7/site-packages/airflow/example_dags/example_params_ui_tutorial.py took 0.092 seconds
[2023-04-16T18:32:23.983+0000] {processor.py:153} INFO - Started process (PID=35991) to work on /home/airflow/.local/lib/python3.7/site-packages/airflow/example_dags/example_params_ui_tutorial.py
[2023-04-16T18:32:23.986+0000] {processor.py:743} INFO - Processing file /home/airflow/.local/lib/python3.7/site-packages/airflow/example_dags/example_params_ui_tutorial.py for tasks to queue
[2023-04-16T18:32:23.988+0000] {logging_mixin.py:137} INFO - [2023-04-16T18:32:23.988+0000] {dagbag.py:532} INFO - Filling up the DagBag from /home/airflow/.local/lib/python3.7/site-packages/airflow/example_dags/example_params_ui_tutorial.py
[2023-04-16T18:32:24.068+0000] {processor.py:753} INFO - DAG(s) dict_keys(['example_params_ui_tutorial']) retrieved from /home/airflow/.local/lib/python3.7/site-packages/airflow/example_dags/example_params_ui_tutorial.py
[2023-04-16T18:32:24.135+0000] {logging_mixin.py:137} INFO - [2023-04-16T18:32:24.135+0000] {dag.py:2705} INFO - Sync 1 DAGs
[2023-04-16T18:32:24.167+0000] {logging_mixin.py:137} INFO - [2023-04-16T18:32:24.167+0000] {dag.py:3456} INFO - Setting next_dagrun for example_params_ui_tutorial to None, run_after=None
[2023-04-16T18:32:24.183+0000] {processor.py:175} INFO - Processing /home/airflow/.local/lib/python3.7/site-packages/airflow/example_dags/example_params_ui_tutorial.py took 0.205 seconds
[2023-04-16T19:39:49.160+0000] {processor.py:153} INFO - Started process (PID=36044) to work on /home/airflow/.local/lib/python3.7/site-packages/airflow/example_dags/example_params_ui_tutorial.py
[2023-04-16T19:39:49.161+0000] {processor.py:743} INFO - Processing file /home/airflow/.local/lib/python3.7/site-packages/airflow/example_dags/example_params_ui_tutorial.py for tasks to queue
[2023-04-16T19:39:49.162+0000] {logging_mixin.py:137} INFO - [2023-04-16T19:39:49.162+0000] {dagbag.py:532} INFO - Filling up the DagBag from /home/airflow/.local/lib/python3.7/site-packages/airflow/example_dags/example_params_ui_tutorial.py
[2023-04-16T19:39:49.197+0000] {processor.py:753} INFO - DAG(s) dict_keys(['example_params_ui_tutorial']) retrieved from /home/airflow/.local/lib/python3.7/site-packages/airflow/example_dags/example_params_ui_tutorial.py
[2023-04-16T19:39:49.231+0000] {logging_mixin.py:137} INFO - [2023-04-16T19:39:49.231+0000] {dag.py:2705} INFO - Sync 1 DAGs
[2023-04-16T19:39:49.245+0000] {logging_mixin.py:137} INFO - [2023-04-16T19:39:49.245+0000] {dag.py:3456} INFO - Setting next_dagrun for example_params_ui_tutorial to None, run_after=None
[2023-04-16T19:39:49.254+0000] {processor.py:175} INFO - Processing /home/airflow/.local/lib/python3.7/site-packages/airflow/example_dags/example_params_ui_tutorial.py took 0.097 seconds
[2023-04-16T20:44:58.877+0000] {processor.py:153} INFO - Started process (PID=36097) to work on /home/airflow/.local/lib/python3.7/site-packages/airflow/example_dags/example_params_ui_tutorial.py
[2023-04-16T20:44:58.885+0000] {processor.py:743} INFO - Processing file /home/airflow/.local/lib/python3.7/site-packages/airflow/example_dags/example_params_ui_tutorial.py for tasks to queue
[2023-04-16T20:44:58.893+0000] {logging_mixin.py:137} INFO - [2023-04-16T20:44:58.893+0000] {dagbag.py:532} INFO - Filling up the DagBag from /home/airflow/.local/lib/python3.7/site-packages/airflow/example_dags/example_params_ui_tutorial.py
[2023-04-16T20:44:58.932+0000] {processor.py:753} INFO - DAG(s) dict_keys(['example_params_ui_tutorial']) retrieved from /home/airflow/.local/lib/python3.7/site-packages/airflow/example_dags/example_params_ui_tutorial.py
[2023-04-16T20:44:58.968+0000] {logging_mixin.py:137} INFO - [2023-04-16T20:44:58.968+0000] {dag.py:2705} INFO - Sync 1 DAGs
[2023-04-16T20:44:58.981+0000] {logging_mixin.py:137} INFO - [2023-04-16T20:44:58.981+0000] {dag.py:3456} INFO - Setting next_dagrun for example_params_ui_tutorial to None, run_after=None
[2023-04-16T20:44:58.991+0000] {processor.py:175} INFO - Processing /home/airflow/.local/lib/python3.7/site-packages/airflow/example_dags/example_params_ui_tutorial.py took 0.116 seconds
[2023-04-16T21:52:24.795+0000] {processor.py:153} INFO - Started process (PID=36150) to work on /home/airflow/.local/lib/python3.7/site-packages/airflow/example_dags/example_params_ui_tutorial.py
[2023-04-16T21:52:24.796+0000] {processor.py:743} INFO - Processing file /home/airflow/.local/lib/python3.7/site-packages/airflow/example_dags/example_params_ui_tutorial.py for tasks to queue
[2023-04-16T21:52:24.797+0000] {logging_mixin.py:137} INFO - [2023-04-16T21:52:24.797+0000] {dagbag.py:532} INFO - Filling up the DagBag from /home/airflow/.local/lib/python3.7/site-packages/airflow/example_dags/example_params_ui_tutorial.py
[2023-04-16T21:52:24.837+0000] {processor.py:753} INFO - DAG(s) dict_keys(['example_params_ui_tutorial']) retrieved from /home/airflow/.local/lib/python3.7/site-packages/airflow/example_dags/example_params_ui_tutorial.py
[2023-04-16T21:52:24.874+0000] {logging_mixin.py:137} INFO - [2023-04-16T21:52:24.874+0000] {dag.py:2705} INFO - Sync 1 DAGs
[2023-04-16T21:52:24.888+0000] {logging_mixin.py:137} INFO - [2023-04-16T21:52:24.888+0000] {dag.py:3456} INFO - Setting next_dagrun for example_params_ui_tutorial to None, run_after=None
[2023-04-16T21:52:24.899+0000] {processor.py:175} INFO - Processing /home/airflow/.local/lib/python3.7/site-packages/airflow/example_dags/example_params_ui_tutorial.py took 0.107 seconds
[2023-04-16T22:18:54.608+0000] {processor.py:153} INFO - Started process (PID=36203) to work on /home/airflow/.local/lib/python3.7/site-packages/airflow/example_dags/example_params_ui_tutorial.py
[2023-04-16T22:18:54.609+0000] {processor.py:743} INFO - Processing file /home/airflow/.local/lib/python3.7/site-packages/airflow/example_dags/example_params_ui_tutorial.py for tasks to queue
[2023-04-16T22:18:54.610+0000] {logging_mixin.py:137} INFO - [2023-04-16T22:18:54.610+0000] {dagbag.py:532} INFO - Filling up the DagBag from /home/airflow/.local/lib/python3.7/site-packages/airflow/example_dags/example_params_ui_tutorial.py
[2023-04-16T22:18:54.643+0000] {processor.py:753} INFO - DAG(s) dict_keys(['example_params_ui_tutorial']) retrieved from /home/airflow/.local/lib/python3.7/site-packages/airflow/example_dags/example_params_ui_tutorial.py
[2023-04-16T22:18:54.689+0000] {logging_mixin.py:137} INFO - [2023-04-16T22:18:54.689+0000] {dag.py:2705} INFO - Sync 1 DAGs
[2023-04-16T22:18:54.708+0000] {logging_mixin.py:137} INFO - [2023-04-16T22:18:54.707+0000] {dag.py:3456} INFO - Setting next_dagrun for example_params_ui_tutorial to None, run_after=None
[2023-04-16T22:18:54.719+0000] {processor.py:175} INFO - Processing /home/airflow/.local/lib/python3.7/site-packages/airflow/example_dags/example_params_ui_tutorial.py took 0.114 seconds
[2023-04-16T22:19:25.217+0000] {processor.py:153} INFO - Started process (PID=36256) to work on /home/airflow/.local/lib/python3.7/site-packages/airflow/example_dags/example_params_ui_tutorial.py
[2023-04-16T22:19:25.218+0000] {processor.py:743} INFO - Processing file /home/airflow/.local/lib/python3.7/site-packages/airflow/example_dags/example_params_ui_tutorial.py for tasks to queue
[2023-04-16T22:19:25.218+0000] {logging_mixin.py:137} INFO - [2023-04-16T22:19:25.218+0000] {dagbag.py:532} INFO - Filling up the DagBag from /home/airflow/.local/lib/python3.7/site-packages/airflow/example_dags/example_params_ui_tutorial.py
[2023-04-16T22:19:25.250+0000] {processor.py:753} INFO - DAG(s) dict_keys(['example_params_ui_tutorial']) retrieved from /home/airflow/.local/lib/python3.7/site-packages/airflow/example_dags/example_params_ui_tutorial.py
[2023-04-16T22:19:25.285+0000] {logging_mixin.py:137} INFO - [2023-04-16T22:19:25.285+0000] {dag.py:2705} INFO - Sync 1 DAGs
[2023-04-16T22:19:25.298+0000] {logging_mixin.py:137} INFO - [2023-04-16T22:19:25.298+0000] {dag.py:3456} INFO - Setting next_dagrun for example_params_ui_tutorial to None, run_after=None
[2023-04-16T22:19:25.307+0000] {processor.py:175} INFO - Processing /home/airflow/.local/lib/python3.7/site-packages/airflow/example_dags/example_params_ui_tutorial.py took 0.092 seconds
[2023-04-16T22:39:19.317+0000] {processor.py:153} INFO - Started process (PID=36309) to work on /home/airflow/.local/lib/python3.7/site-packages/airflow/example_dags/example_params_ui_tutorial.py
[2023-04-16T22:39:19.318+0000] {processor.py:743} INFO - Processing file /home/airflow/.local/lib/python3.7/site-packages/airflow/example_dags/example_params_ui_tutorial.py for tasks to queue
[2023-04-16T22:39:19.319+0000] {logging_mixin.py:137} INFO - [2023-04-16T22:39:19.319+0000] {dagbag.py:532} INFO - Filling up the DagBag from /home/airflow/.local/lib/python3.7/site-packages/airflow/example_dags/example_params_ui_tutorial.py
[2023-04-16T22:39:19.353+0000] {processor.py:753} INFO - DAG(s) dict_keys(['example_params_ui_tutorial']) retrieved from /home/airflow/.local/lib/python3.7/site-packages/airflow/example_dags/example_params_ui_tutorial.py
[2023-04-16T22:39:19.388+0000] {logging_mixin.py:137} INFO - [2023-04-16T22:39:19.388+0000] {dag.py:2705} INFO - Sync 1 DAGs
[2023-04-16T22:39:19.402+0000] {logging_mixin.py:137} INFO - [2023-04-16T22:39:19.402+0000] {dag.py:3456} INFO - Setting next_dagrun for example_params_ui_tutorial to None, run_after=None
[2023-04-16T22:39:19.411+0000] {processor.py:175} INFO - Processing /home/airflow/.local/lib/python3.7/site-packages/airflow/example_dags/example_params_ui_tutorial.py took 0.096 seconds
[2023-04-16T22:39:49.825+0000] {processor.py:153} INFO - Started process (PID=36362) to work on /home/airflow/.local/lib/python3.7/site-packages/airflow/example_dags/example_params_ui_tutorial.py
[2023-04-16T22:39:49.826+0000] {processor.py:743} INFO - Processing file /home/airflow/.local/lib/python3.7/site-packages/airflow/example_dags/example_params_ui_tutorial.py for tasks to queue
[2023-04-16T22:39:49.826+0000] {logging_mixin.py:137} INFO - [2023-04-16T22:39:49.826+0000] {dagbag.py:532} INFO - Filling up the DagBag from /home/airflow/.local/lib/python3.7/site-packages/airflow/example_dags/example_params_ui_tutorial.py
[2023-04-16T22:39:49.864+0000] {processor.py:753} INFO - DAG(s) dict_keys(['example_params_ui_tutorial']) retrieved from /home/airflow/.local/lib/python3.7/site-packages/airflow/example_dags/example_params_ui_tutorial.py
[2023-04-16T22:39:49.900+0000] {logging_mixin.py:137} INFO - [2023-04-16T22:39:49.900+0000] {dag.py:2705} INFO - Sync 1 DAGs
[2023-04-16T22:39:49.914+0000] {logging_mixin.py:137} INFO - [2023-04-16T22:39:49.914+0000] {dag.py:3456} INFO - Setting next_dagrun for example_params_ui_tutorial to None, run_after=None
[2023-04-16T22:39:49.924+0000] {processor.py:175} INFO - Processing /home/airflow/.local/lib/python3.7/site-packages/airflow/example_dags/example_params_ui_tutorial.py took 0.101 seconds
