[2023-04-16T00:33:37.458+0000] {processor.py:153} INFO - Started process (PID=34902) to work on /home/airflow/.local/lib/python3.7/site-packages/airflow/example_dags/example_task_group_decorator.py
[2023-04-16T00:33:37.459+0000] {processor.py:743} INFO - Processing file /home/airflow/.local/lib/python3.7/site-packages/airflow/example_dags/example_task_group_decorator.py for tasks to queue
[2023-04-16T00:33:37.460+0000] {logging_mixin.py:137} INFO - [2023-04-16T00:33:37.460+0000] {dagbag.py:532} INFO - Filling up the DagBag from /home/airflow/.local/lib/python3.7/site-packages/airflow/example_dags/example_task_group_decorator.py
[2023-04-16T00:33:37.478+0000] {processor.py:753} INFO - DAG(s) dict_keys(['example_task_group_decorator']) retrieved from /home/airflow/.local/lib/python3.7/site-packages/airflow/example_dags/example_task_group_decorator.py
[2023-04-16T00:33:37.497+0000] {logging_mixin.py:137} INFO - [2023-04-16T00:33:37.497+0000] {dag.py:2705} INFO - Sync 1 DAGs
[2023-04-16T00:33:37.511+0000] {logging_mixin.py:137} INFO - [2023-04-16T00:33:37.511+0000] {dag.py:3456} INFO - Setting next_dagrun for example_task_group_decorator to 2023-04-15T00:33:37.511677+00:00, run_after=2023-04-16T00:33:37.511677+00:00
[2023-04-16T00:33:37.522+0000] {processor.py:175} INFO - Processing /home/airflow/.local/lib/python3.7/site-packages/airflow/example_dags/example_task_group_decorator.py took 0.066 seconds
[2023-04-16T01:42:57.249+0000] {processor.py:153} INFO - Started process (PID=34955) to work on /home/airflow/.local/lib/python3.7/site-packages/airflow/example_dags/example_task_group_decorator.py
[2023-04-16T01:42:57.250+0000] {processor.py:743} INFO - Processing file /home/airflow/.local/lib/python3.7/site-packages/airflow/example_dags/example_task_group_decorator.py for tasks to queue
[2023-04-16T01:42:57.251+0000] {logging_mixin.py:137} INFO - [2023-04-16T01:42:57.251+0000] {dagbag.py:532} INFO - Filling up the DagBag from /home/airflow/.local/lib/python3.7/site-packages/airflow/example_dags/example_task_group_decorator.py
[2023-04-16T01:42:57.270+0000] {processor.py:753} INFO - DAG(s) dict_keys(['example_task_group_decorator']) retrieved from /home/airflow/.local/lib/python3.7/site-packages/airflow/example_dags/example_task_group_decorator.py
[2023-04-16T01:42:57.290+0000] {logging_mixin.py:137} INFO - [2023-04-16T01:42:57.290+0000] {dag.py:2705} INFO - Sync 1 DAGs
[2023-04-16T01:42:57.305+0000] {logging_mixin.py:137} INFO - [2023-04-16T01:42:57.305+0000] {dag.py:3456} INFO - Setting next_dagrun for example_task_group_decorator to 2023-04-15T01:42:57.305320+00:00, run_after=2023-04-16T01:42:57.305320+00:00
[2023-04-16T01:42:57.316+0000] {processor.py:175} INFO - Processing /home/airflow/.local/lib/python3.7/site-packages/airflow/example_dags/example_task_group_decorator.py took 0.069 seconds
[2023-04-16T02:49:26.097+0000] {processor.py:153} INFO - Started process (PID=35008) to work on /home/airflow/.local/lib/python3.7/site-packages/airflow/example_dags/example_task_group_decorator.py
[2023-04-16T02:49:26.098+0000] {processor.py:743} INFO - Processing file /home/airflow/.local/lib/python3.7/site-packages/airflow/example_dags/example_task_group_decorator.py for tasks to queue
[2023-04-16T02:49:26.099+0000] {logging_mixin.py:137} INFO - [2023-04-16T02:49:26.098+0000] {dagbag.py:532} INFO - Filling up the DagBag from /home/airflow/.local/lib/python3.7/site-packages/airflow/example_dags/example_task_group_decorator.py
[2023-04-16T02:49:26.116+0000] {processor.py:753} INFO - DAG(s) dict_keys(['example_task_group_decorator']) retrieved from /home/airflow/.local/lib/python3.7/site-packages/airflow/example_dags/example_task_group_decorator.py
[2023-04-16T02:49:26.137+0000] {logging_mixin.py:137} INFO - [2023-04-16T02:49:26.137+0000] {dag.py:2705} INFO - Sync 1 DAGs
[2023-04-16T02:49:26.152+0000] {logging_mixin.py:137} INFO - [2023-04-16T02:49:26.152+0000] {dag.py:3456} INFO - Setting next_dagrun for example_task_group_decorator to 2023-04-15T02:49:26.152333+00:00, run_after=2023-04-16T02:49:26.152333+00:00
[2023-04-16T02:49:26.167+0000] {processor.py:175} INFO - Processing /home/airflow/.local/lib/python3.7/site-packages/airflow/example_dags/example_task_group_decorator.py took 0.073 seconds
[2023-04-16T03:56:32.014+0000] {processor.py:153} INFO - Started process (PID=35062) to work on /home/airflow/.local/lib/python3.7/site-packages/airflow/example_dags/example_task_group_decorator.py
[2023-04-16T03:56:32.016+0000] {processor.py:743} INFO - Processing file /home/airflow/.local/lib/python3.7/site-packages/airflow/example_dags/example_task_group_decorator.py for tasks to queue
[2023-04-16T03:56:32.017+0000] {logging_mixin.py:137} INFO - [2023-04-16T03:56:32.017+0000] {dagbag.py:532} INFO - Filling up the DagBag from /home/airflow/.local/lib/python3.7/site-packages/airflow/example_dags/example_task_group_decorator.py
[2023-04-16T03:56:32.049+0000] {processor.py:753} INFO - DAG(s) dict_keys(['example_task_group_decorator']) retrieved from /home/airflow/.local/lib/python3.7/site-packages/airflow/example_dags/example_task_group_decorator.py
[2023-04-16T03:56:32.072+0000] {logging_mixin.py:137} INFO - [2023-04-16T03:56:32.072+0000] {dag.py:2705} INFO - Sync 1 DAGs
[2023-04-16T03:56:32.091+0000] {logging_mixin.py:137} INFO - [2023-04-16T03:56:32.091+0000] {dag.py:3456} INFO - Setting next_dagrun for example_task_group_decorator to 2023-04-15T03:56:32.090974+00:00, run_after=2023-04-16T03:56:32.090974+00:00
[2023-04-16T03:56:32.103+0000] {processor.py:175} INFO - Processing /home/airflow/.local/lib/python3.7/site-packages/airflow/example_dags/example_task_group_decorator.py took 0.093 seconds
[2023-04-16T04:57:15.421+0000] {processor.py:153} INFO - Started process (PID=35115) to work on /home/airflow/.local/lib/python3.7/site-packages/airflow/example_dags/example_task_group_decorator.py
[2023-04-16T04:57:15.422+0000] {processor.py:743} INFO - Processing file /home/airflow/.local/lib/python3.7/site-packages/airflow/example_dags/example_task_group_decorator.py for tasks to queue
[2023-04-16T04:57:15.423+0000] {logging_mixin.py:137} INFO - [2023-04-16T04:57:15.423+0000] {dagbag.py:532} INFO - Filling up the DagBag from /home/airflow/.local/lib/python3.7/site-packages/airflow/example_dags/example_task_group_decorator.py
[2023-04-16T04:57:15.448+0000] {processor.py:753} INFO - DAG(s) dict_keys(['example_task_group_decorator']) retrieved from /home/airflow/.local/lib/python3.7/site-packages/airflow/example_dags/example_task_group_decorator.py
[2023-04-16T04:57:15.472+0000] {logging_mixin.py:137} INFO - [2023-04-16T04:57:15.472+0000] {dag.py:2705} INFO - Sync 1 DAGs
[2023-04-16T04:57:15.488+0000] {logging_mixin.py:137} INFO - [2023-04-16T04:57:15.488+0000] {dag.py:3456} INFO - Setting next_dagrun for example_task_group_decorator to 2023-04-15T04:57:15.488374+00:00, run_after=2023-04-16T04:57:15.488374+00:00
[2023-04-16T04:57:15.498+0000] {processor.py:175} INFO - Processing /home/airflow/.local/lib/python3.7/site-packages/airflow/example_dags/example_task_group_decorator.py took 0.079 seconds
[2023-04-16T04:57:45.864+0000] {processor.py:153} INFO - Started process (PID=35167) to work on /home/airflow/.local/lib/python3.7/site-packages/airflow/example_dags/example_task_group_decorator.py
[2023-04-16T04:57:45.865+0000] {processor.py:743} INFO - Processing file /home/airflow/.local/lib/python3.7/site-packages/airflow/example_dags/example_task_group_decorator.py for tasks to queue
[2023-04-16T04:57:45.865+0000] {logging_mixin.py:137} INFO - [2023-04-16T04:57:45.865+0000] {dagbag.py:532} INFO - Filling up the DagBag from /home/airflow/.local/lib/python3.7/site-packages/airflow/example_dags/example_task_group_decorator.py
[2023-04-16T04:57:45.883+0000] {processor.py:753} INFO - DAG(s) dict_keys(['example_task_group_decorator']) retrieved from /home/airflow/.local/lib/python3.7/site-packages/airflow/example_dags/example_task_group_decorator.py
[2023-04-16T04:57:45.903+0000] {logging_mixin.py:137} INFO - [2023-04-16T04:57:45.903+0000] {dag.py:2705} INFO - Sync 1 DAGs
[2023-04-16T04:57:45.917+0000] {logging_mixin.py:137} INFO - [2023-04-16T04:57:45.917+0000] {dag.py:3456} INFO - Setting next_dagrun for example_task_group_decorator to 2023-04-15T04:57:45.916891+00:00, run_after=2023-04-16T04:57:45.916891+00:00
[2023-04-16T04:57:45.927+0000] {processor.py:175} INFO - Processing /home/airflow/.local/lib/python3.7/site-packages/airflow/example_dags/example_task_group_decorator.py took 0.065 seconds
[2023-04-16T06:01:54.467+0000] {processor.py:153} INFO - Started process (PID=35220) to work on /home/airflow/.local/lib/python3.7/site-packages/airflow/example_dags/example_task_group_decorator.py
[2023-04-16T06:01:54.469+0000] {processor.py:743} INFO - Processing file /home/airflow/.local/lib/python3.7/site-packages/airflow/example_dags/example_task_group_decorator.py for tasks to queue
[2023-04-16T06:01:54.470+0000] {logging_mixin.py:137} INFO - [2023-04-16T06:01:54.470+0000] {dagbag.py:532} INFO - Filling up the DagBag from /home/airflow/.local/lib/python3.7/site-packages/airflow/example_dags/example_task_group_decorator.py
[2023-04-16T06:01:54.489+0000] {processor.py:753} INFO - DAG(s) dict_keys(['example_task_group_decorator']) retrieved from /home/airflow/.local/lib/python3.7/site-packages/airflow/example_dags/example_task_group_decorator.py
[2023-04-16T06:01:54.509+0000] {logging_mixin.py:137} INFO - [2023-04-16T06:01:54.509+0000] {dag.py:2705} INFO - Sync 1 DAGs
[2023-04-16T06:01:54.523+0000] {logging_mixin.py:137} INFO - [2023-04-16T06:01:54.523+0000] {dag.py:3456} INFO - Setting next_dagrun for example_task_group_decorator to 2023-04-15T06:01:54.523507+00:00, run_after=2023-04-16T06:01:54.523507+00:00
[2023-04-16T06:01:54.532+0000] {processor.py:175} INFO - Processing /home/airflow/.local/lib/python3.7/site-packages/airflow/example_dags/example_task_group_decorator.py took 0.070 seconds
[2023-04-16T06:13:26.267+0000] {processor.py:153} INFO - Started process (PID=35273) to work on /home/airflow/.local/lib/python3.7/site-packages/airflow/example_dags/example_task_group_decorator.py
[2023-04-16T06:13:26.268+0000] {processor.py:743} INFO - Processing file /home/airflow/.local/lib/python3.7/site-packages/airflow/example_dags/example_task_group_decorator.py for tasks to queue
[2023-04-16T06:13:26.268+0000] {logging_mixin.py:137} INFO - [2023-04-16T06:13:26.268+0000] {dagbag.py:532} INFO - Filling up the DagBag from /home/airflow/.local/lib/python3.7/site-packages/airflow/example_dags/example_task_group_decorator.py
[2023-04-16T06:13:26.289+0000] {processor.py:753} INFO - DAG(s) dict_keys(['example_task_group_decorator']) retrieved from /home/airflow/.local/lib/python3.7/site-packages/airflow/example_dags/example_task_group_decorator.py
[2023-04-16T06:13:26.312+0000] {logging_mixin.py:137} INFO - [2023-04-16T06:13:26.312+0000] {dag.py:2705} INFO - Sync 1 DAGs
[2023-04-16T06:13:26.328+0000] {logging_mixin.py:137} INFO - [2023-04-16T06:13:26.328+0000] {dag.py:3456} INFO - Setting next_dagrun for example_task_group_decorator to 2023-04-15T06:13:26.328029+00:00, run_after=2023-04-16T06:13:26.328029+00:00
[2023-04-16T06:13:26.339+0000] {processor.py:175} INFO - Processing /home/airflow/.local/lib/python3.7/site-packages/airflow/example_dags/example_task_group_decorator.py took 0.075 seconds
[2023-04-16T06:29:19.873+0000] {processor.py:153} INFO - Started process (PID=35326) to work on /home/airflow/.local/lib/python3.7/site-packages/airflow/example_dags/example_task_group_decorator.py
[2023-04-16T06:29:19.874+0000] {processor.py:743} INFO - Processing file /home/airflow/.local/lib/python3.7/site-packages/airflow/example_dags/example_task_group_decorator.py for tasks to queue
[2023-04-16T06:29:19.875+0000] {logging_mixin.py:137} INFO - [2023-04-16T06:29:19.875+0000] {dagbag.py:532} INFO - Filling up the DagBag from /home/airflow/.local/lib/python3.7/site-packages/airflow/example_dags/example_task_group_decorator.py
[2023-04-16T06:29:19.893+0000] {processor.py:753} INFO - DAG(s) dict_keys(['example_task_group_decorator']) retrieved from /home/airflow/.local/lib/python3.7/site-packages/airflow/example_dags/example_task_group_decorator.py
[2023-04-16T06:29:19.913+0000] {logging_mixin.py:137} INFO - [2023-04-16T06:29:19.913+0000] {dag.py:2705} INFO - Sync 1 DAGs
[2023-04-16T06:29:19.927+0000] {logging_mixin.py:137} INFO - [2023-04-16T06:29:19.927+0000] {dag.py:3456} INFO - Setting next_dagrun for example_task_group_decorator to 2023-04-15T06:29:19.927250+00:00, run_after=2023-04-16T06:29:19.927250+00:00
[2023-04-16T06:29:19.937+0000] {processor.py:175} INFO - Processing /home/airflow/.local/lib/python3.7/site-packages/airflow/example_dags/example_task_group_decorator.py took 0.066 seconds
[2023-04-16T07:31:25.975+0000] {processor.py:153} INFO - Started process (PID=35379) to work on /home/airflow/.local/lib/python3.7/site-packages/airflow/example_dags/example_task_group_decorator.py
[2023-04-16T07:31:25.976+0000] {processor.py:743} INFO - Processing file /home/airflow/.local/lib/python3.7/site-packages/airflow/example_dags/example_task_group_decorator.py for tasks to queue
[2023-04-16T07:31:25.977+0000] {logging_mixin.py:137} INFO - [2023-04-16T07:31:25.977+0000] {dagbag.py:532} INFO - Filling up the DagBag from /home/airflow/.local/lib/python3.7/site-packages/airflow/example_dags/example_task_group_decorator.py
[2023-04-16T07:31:25.996+0000] {processor.py:753} INFO - DAG(s) dict_keys(['example_task_group_decorator']) retrieved from /home/airflow/.local/lib/python3.7/site-packages/airflow/example_dags/example_task_group_decorator.py
[2023-04-16T07:31:26.016+0000] {logging_mixin.py:137} INFO - [2023-04-16T07:31:26.016+0000] {dag.py:2705} INFO - Sync 1 DAGs
[2023-04-16T07:31:26.034+0000] {logging_mixin.py:137} INFO - [2023-04-16T07:31:26.034+0000] {dag.py:3456} INFO - Setting next_dagrun for example_task_group_decorator to 2023-04-15T07:31:26.034371+00:00, run_after=2023-04-16T07:31:26.034371+00:00
[2023-04-16T07:31:26.044+0000] {processor.py:175} INFO - Processing /home/airflow/.local/lib/python3.7/site-packages/airflow/example_dags/example_task_group_decorator.py took 0.071 seconds
[2023-04-16T08:50:12.553+0000] {processor.py:153} INFO - Started process (PID=35432) to work on /home/airflow/.local/lib/python3.7/site-packages/airflow/example_dags/example_task_group_decorator.py
[2023-04-16T08:50:12.554+0000] {processor.py:743} INFO - Processing file /home/airflow/.local/lib/python3.7/site-packages/airflow/example_dags/example_task_group_decorator.py for tasks to queue
[2023-04-16T08:50:12.554+0000] {logging_mixin.py:137} INFO - [2023-04-16T08:50:12.554+0000] {dagbag.py:532} INFO - Filling up the DagBag from /home/airflow/.local/lib/python3.7/site-packages/airflow/example_dags/example_task_group_decorator.py
[2023-04-16T08:50:12.572+0000] {processor.py:753} INFO - DAG(s) dict_keys(['example_task_group_decorator']) retrieved from /home/airflow/.local/lib/python3.7/site-packages/airflow/example_dags/example_task_group_decorator.py
[2023-04-16T08:50:12.591+0000] {logging_mixin.py:137} INFO - [2023-04-16T08:50:12.591+0000] {dag.py:2705} INFO - Sync 1 DAGs
[2023-04-16T08:50:12.605+0000] {logging_mixin.py:137} INFO - [2023-04-16T08:50:12.605+0000] {dag.py:3456} INFO - Setting next_dagrun for example_task_group_decorator to 2023-04-15T08:50:12.605588+00:00, run_after=2023-04-16T08:50:12.605588+00:00
[2023-04-16T08:50:12.614+0000] {processor.py:175} INFO - Processing /home/airflow/.local/lib/python3.7/site-packages/airflow/example_dags/example_task_group_decorator.py took 0.064 seconds
[2023-04-16T09:55:50.392+0000] {processor.py:153} INFO - Started process (PID=35485) to work on /home/airflow/.local/lib/python3.7/site-packages/airflow/example_dags/example_task_group_decorator.py
[2023-04-16T09:55:50.393+0000] {processor.py:743} INFO - Processing file /home/airflow/.local/lib/python3.7/site-packages/airflow/example_dags/example_task_group_decorator.py for tasks to queue
[2023-04-16T09:55:50.393+0000] {logging_mixin.py:137} INFO - [2023-04-16T09:55:50.393+0000] {dagbag.py:532} INFO - Filling up the DagBag from /home/airflow/.local/lib/python3.7/site-packages/airflow/example_dags/example_task_group_decorator.py
[2023-04-16T09:55:50.415+0000] {processor.py:753} INFO - DAG(s) dict_keys(['example_task_group_decorator']) retrieved from /home/airflow/.local/lib/python3.7/site-packages/airflow/example_dags/example_task_group_decorator.py
[2023-04-16T09:55:50.444+0000] {logging_mixin.py:137} INFO - [2023-04-16T09:55:50.444+0000] {dag.py:2705} INFO - Sync 1 DAGs
[2023-04-16T09:55:50.462+0000] {logging_mixin.py:137} INFO - [2023-04-16T09:55:50.462+0000] {dag.py:3456} INFO - Setting next_dagrun for example_task_group_decorator to 2023-04-15T09:55:50.461897+00:00, run_after=2023-04-16T09:55:50.461897+00:00
[2023-04-16T09:55:50.475+0000] {processor.py:175} INFO - Processing /home/airflow/.local/lib/python3.7/site-packages/airflow/example_dags/example_task_group_decorator.py took 0.086 seconds
[2023-04-16T11:01:50.682+0000] {processor.py:153} INFO - Started process (PID=35539) to work on /home/airflow/.local/lib/python3.7/site-packages/airflow/example_dags/example_task_group_decorator.py
[2023-04-16T11:01:50.683+0000] {processor.py:743} INFO - Processing file /home/airflow/.local/lib/python3.7/site-packages/airflow/example_dags/example_task_group_decorator.py for tasks to queue
[2023-04-16T11:01:50.684+0000] {logging_mixin.py:137} INFO - [2023-04-16T11:01:50.684+0000] {dagbag.py:532} INFO - Filling up the DagBag from /home/airflow/.local/lib/python3.7/site-packages/airflow/example_dags/example_task_group_decorator.py
[2023-04-16T11:01:50.709+0000] {processor.py:753} INFO - DAG(s) dict_keys(['example_task_group_decorator']) retrieved from /home/airflow/.local/lib/python3.7/site-packages/airflow/example_dags/example_task_group_decorator.py
[2023-04-16T11:01:50.742+0000] {logging_mixin.py:137} INFO - [2023-04-16T11:01:50.742+0000] {dag.py:2705} INFO - Sync 1 DAGs
[2023-04-16T11:01:50.759+0000] {logging_mixin.py:137} INFO - [2023-04-16T11:01:50.759+0000] {dag.py:3456} INFO - Setting next_dagrun for example_task_group_decorator to 2023-04-15T11:01:50.759074+00:00, run_after=2023-04-16T11:01:50.759074+00:00
[2023-04-16T11:01:50.770+0000] {processor.py:175} INFO - Processing /home/airflow/.local/lib/python3.7/site-packages/airflow/example_dags/example_task_group_decorator.py took 0.090 seconds
[2023-04-16T12:25:14.942+0000] {processor.py:153} INFO - Started process (PID=35592) to work on /home/airflow/.local/lib/python3.7/site-packages/airflow/example_dags/example_task_group_decorator.py
[2023-04-16T12:25:14.943+0000] {processor.py:743} INFO - Processing file /home/airflow/.local/lib/python3.7/site-packages/airflow/example_dags/example_task_group_decorator.py for tasks to queue
[2023-04-16T12:25:14.944+0000] {logging_mixin.py:137} INFO - [2023-04-16T12:25:14.944+0000] {dagbag.py:532} INFO - Filling up the DagBag from /home/airflow/.local/lib/python3.7/site-packages/airflow/example_dags/example_task_group_decorator.py
[2023-04-16T12:25:14.966+0000] {processor.py:753} INFO - DAG(s) dict_keys(['example_task_group_decorator']) retrieved from /home/airflow/.local/lib/python3.7/site-packages/airflow/example_dags/example_task_group_decorator.py
[2023-04-16T12:25:14.987+0000] {logging_mixin.py:137} INFO - [2023-04-16T12:25:14.987+0000] {dag.py:2705} INFO - Sync 1 DAGs
[2023-04-16T12:25:15.013+0000] {logging_mixin.py:137} INFO - [2023-04-16T12:25:15.013+0000] {dag.py:3456} INFO - Setting next_dagrun for example_task_group_decorator to 2023-04-15T12:25:15.012681+00:00, run_after=2023-04-16T12:25:15.012681+00:00
[2023-04-16T12:25:15.031+0000] {processor.py:175} INFO - Processing /home/airflow/.local/lib/python3.7/site-packages/airflow/example_dags/example_task_group_decorator.py took 0.093 seconds
[2023-04-16T13:32:26.784+0000] {processor.py:153} INFO - Started process (PID=35645) to work on /home/airflow/.local/lib/python3.7/site-packages/airflow/example_dags/example_task_group_decorator.py
[2023-04-16T13:32:26.786+0000] {processor.py:743} INFO - Processing file /home/airflow/.local/lib/python3.7/site-packages/airflow/example_dags/example_task_group_decorator.py for tasks to queue
[2023-04-16T13:32:26.787+0000] {logging_mixin.py:137} INFO - [2023-04-16T13:32:26.787+0000] {dagbag.py:532} INFO - Filling up the DagBag from /home/airflow/.local/lib/python3.7/site-packages/airflow/example_dags/example_task_group_decorator.py
[2023-04-16T13:32:26.810+0000] {processor.py:753} INFO - DAG(s) dict_keys(['example_task_group_decorator']) retrieved from /home/airflow/.local/lib/python3.7/site-packages/airflow/example_dags/example_task_group_decorator.py
[2023-04-16T13:32:26.832+0000] {logging_mixin.py:137} INFO - [2023-04-16T13:32:26.832+0000] {dag.py:2705} INFO - Sync 1 DAGs
[2023-04-16T13:32:26.862+0000] {logging_mixin.py:137} INFO - [2023-04-16T13:32:26.862+0000] {dag.py:3456} INFO - Setting next_dagrun for example_task_group_decorator to 2023-04-15T13:32:26.862215+00:00, run_after=2023-04-16T13:32:26.862215+00:00
[2023-04-16T13:32:26.876+0000] {processor.py:175} INFO - Processing /home/airflow/.local/lib/python3.7/site-packages/airflow/example_dags/example_task_group_decorator.py took 0.095 seconds
[2023-04-16T14:26:08.662+0000] {processor.py:153} INFO - Started process (PID=35698) to work on /home/airflow/.local/lib/python3.7/site-packages/airflow/example_dags/example_task_group_decorator.py
[2023-04-16T14:26:08.664+0000] {processor.py:743} INFO - Processing file /home/airflow/.local/lib/python3.7/site-packages/airflow/example_dags/example_task_group_decorator.py for tasks to queue
[2023-04-16T14:26:08.664+0000] {logging_mixin.py:137} INFO - [2023-04-16T14:26:08.664+0000] {dagbag.py:532} INFO - Filling up the DagBag from /home/airflow/.local/lib/python3.7/site-packages/airflow/example_dags/example_task_group_decorator.py
[2023-04-16T14:26:08.683+0000] {processor.py:753} INFO - DAG(s) dict_keys(['example_task_group_decorator']) retrieved from /home/airflow/.local/lib/python3.7/site-packages/airflow/example_dags/example_task_group_decorator.py
[2023-04-16T14:26:08.704+0000] {logging_mixin.py:137} INFO - [2023-04-16T14:26:08.703+0000] {dag.py:2705} INFO - Sync 1 DAGs
[2023-04-16T14:26:08.718+0000] {logging_mixin.py:137} INFO - [2023-04-16T14:26:08.718+0000] {dag.py:3456} INFO - Setting next_dagrun for example_task_group_decorator to 2023-04-15T14:26:08.718288+00:00, run_after=2023-04-16T14:26:08.718288+00:00
[2023-04-16T14:26:08.728+0000] {processor.py:175} INFO - Processing /home/airflow/.local/lib/python3.7/site-packages/airflow/example_dags/example_task_group_decorator.py took 0.068 seconds
[2023-04-16T14:26:39.615+0000] {processor.py:153} INFO - Started process (PID=35751) to work on /home/airflow/.local/lib/python3.7/site-packages/airflow/example_dags/example_task_group_decorator.py
[2023-04-16T14:26:39.616+0000] {processor.py:743} INFO - Processing file /home/airflow/.local/lib/python3.7/site-packages/airflow/example_dags/example_task_group_decorator.py for tasks to queue
[2023-04-16T14:26:39.616+0000] {logging_mixin.py:137} INFO - [2023-04-16T14:26:39.616+0000] {dagbag.py:532} INFO - Filling up the DagBag from /home/airflow/.local/lib/python3.7/site-packages/airflow/example_dags/example_task_group_decorator.py
[2023-04-16T14:26:39.636+0000] {processor.py:753} INFO - DAG(s) dict_keys(['example_task_group_decorator']) retrieved from /home/airflow/.local/lib/python3.7/site-packages/airflow/example_dags/example_task_group_decorator.py
[2023-04-16T14:26:39.655+0000] {logging_mixin.py:137} INFO - [2023-04-16T14:26:39.655+0000] {dag.py:2705} INFO - Sync 1 DAGs
[2023-04-16T14:26:39.670+0000] {logging_mixin.py:137} INFO - [2023-04-16T14:26:39.670+0000] {dag.py:3456} INFO - Setting next_dagrun for example_task_group_decorator to 2023-04-15T14:26:39.670269+00:00, run_after=2023-04-16T14:26:39.670269+00:00
[2023-04-16T14:26:39.679+0000] {processor.py:175} INFO - Processing /home/airflow/.local/lib/python3.7/site-packages/airflow/example_dags/example_task_group_decorator.py took 0.067 seconds
[2023-04-16T15:14:35.643+0000] {processor.py:153} INFO - Started process (PID=35804) to work on /home/airflow/.local/lib/python3.7/site-packages/airflow/example_dags/example_task_group_decorator.py
[2023-04-16T15:14:35.645+0000] {processor.py:743} INFO - Processing file /home/airflow/.local/lib/python3.7/site-packages/airflow/example_dags/example_task_group_decorator.py for tasks to queue
[2023-04-16T15:14:35.646+0000] {logging_mixin.py:137} INFO - [2023-04-16T15:14:35.646+0000] {dagbag.py:532} INFO - Filling up the DagBag from /home/airflow/.local/lib/python3.7/site-packages/airflow/example_dags/example_task_group_decorator.py
[2023-04-16T15:14:35.678+0000] {processor.py:753} INFO - DAG(s) dict_keys(['example_task_group_decorator']) retrieved from /home/airflow/.local/lib/python3.7/site-packages/airflow/example_dags/example_task_group_decorator.py
[2023-04-16T15:14:35.708+0000] {logging_mixin.py:137} INFO - [2023-04-16T15:14:35.707+0000] {dag.py:2705} INFO - Sync 1 DAGs
[2023-04-16T15:14:35.725+0000] {logging_mixin.py:137} INFO - [2023-04-16T15:14:35.724+0000] {dag.py:3456} INFO - Setting next_dagrun for example_task_group_decorator to 2023-04-15T15:14:35.724620+00:00, run_after=2023-04-16T15:14:35.724620+00:00
[2023-04-16T15:14:35.737+0000] {processor.py:175} INFO - Processing /home/airflow/.local/lib/python3.7/site-packages/airflow/example_dags/example_task_group_decorator.py took 0.100 seconds
[2023-04-16T15:15:06.251+0000] {processor.py:153} INFO - Started process (PID=35857) to work on /home/airflow/.local/lib/python3.7/site-packages/airflow/example_dags/example_task_group_decorator.py
[2023-04-16T15:15:06.252+0000] {processor.py:743} INFO - Processing file /home/airflow/.local/lib/python3.7/site-packages/airflow/example_dags/example_task_group_decorator.py for tasks to queue
[2023-04-16T15:15:06.253+0000] {logging_mixin.py:137} INFO - [2023-04-16T15:15:06.253+0000] {dagbag.py:532} INFO - Filling up the DagBag from /home/airflow/.local/lib/python3.7/site-packages/airflow/example_dags/example_task_group_decorator.py
[2023-04-16T15:15:06.271+0000] {processor.py:753} INFO - DAG(s) dict_keys(['example_task_group_decorator']) retrieved from /home/airflow/.local/lib/python3.7/site-packages/airflow/example_dags/example_task_group_decorator.py
[2023-04-16T15:15:06.291+0000] {logging_mixin.py:137} INFO - [2023-04-16T15:15:06.291+0000] {dag.py:2705} INFO - Sync 1 DAGs
[2023-04-16T15:15:06.305+0000] {logging_mixin.py:137} INFO - [2023-04-16T15:15:06.305+0000] {dag.py:3456} INFO - Setting next_dagrun for example_task_group_decorator to 2023-04-15T15:15:06.304933+00:00, run_after=2023-04-16T15:15:06.304933+00:00
[2023-04-16T15:15:06.315+0000] {processor.py:175} INFO - Processing /home/airflow/.local/lib/python3.7/site-packages/airflow/example_dags/example_task_group_decorator.py took 0.066 seconds
[2023-04-16T16:03:33.319+0000] {processor.py:153} INFO - Started process (PID=35910) to work on /home/airflow/.local/lib/python3.7/site-packages/airflow/example_dags/example_task_group_decorator.py
[2023-04-16T16:03:33.320+0000] {processor.py:743} INFO - Processing file /home/airflow/.local/lib/python3.7/site-packages/airflow/example_dags/example_task_group_decorator.py for tasks to queue
[2023-04-16T16:03:33.320+0000] {logging_mixin.py:137} INFO - [2023-04-16T16:03:33.320+0000] {dagbag.py:532} INFO - Filling up the DagBag from /home/airflow/.local/lib/python3.7/site-packages/airflow/example_dags/example_task_group_decorator.py
[2023-04-16T16:03:33.339+0000] {processor.py:753} INFO - DAG(s) dict_keys(['example_task_group_decorator']) retrieved from /home/airflow/.local/lib/python3.7/site-packages/airflow/example_dags/example_task_group_decorator.py
[2023-04-16T16:03:33.358+0000] {logging_mixin.py:137} INFO - [2023-04-16T16:03:33.358+0000] {dag.py:2705} INFO - Sync 1 DAGs
[2023-04-16T16:03:33.372+0000] {logging_mixin.py:137} INFO - [2023-04-16T16:03:33.372+0000] {dag.py:3456} INFO - Setting next_dagrun for example_task_group_decorator to 2023-04-15T16:03:33.371832+00:00, run_after=2023-04-16T16:03:33.371832+00:00
[2023-04-16T16:03:33.382+0000] {processor.py:175} INFO - Processing /home/airflow/.local/lib/python3.7/site-packages/airflow/example_dags/example_task_group_decorator.py took 0.066 seconds
[2023-04-16T17:09:34.163+0000] {processor.py:153} INFO - Started process (PID=35963) to work on /home/airflow/.local/lib/python3.7/site-packages/airflow/example_dags/example_task_group_decorator.py
[2023-04-16T17:09:34.163+0000] {processor.py:743} INFO - Processing file /home/airflow/.local/lib/python3.7/site-packages/airflow/example_dags/example_task_group_decorator.py for tasks to queue
[2023-04-16T17:09:34.164+0000] {logging_mixin.py:137} INFO - [2023-04-16T17:09:34.164+0000] {dagbag.py:532} INFO - Filling up the DagBag from /home/airflow/.local/lib/python3.7/site-packages/airflow/example_dags/example_task_group_decorator.py
[2023-04-16T17:09:34.182+0000] {processor.py:753} INFO - DAG(s) dict_keys(['example_task_group_decorator']) retrieved from /home/airflow/.local/lib/python3.7/site-packages/airflow/example_dags/example_task_group_decorator.py
[2023-04-16T17:09:34.202+0000] {logging_mixin.py:137} INFO - [2023-04-16T17:09:34.202+0000] {dag.py:2705} INFO - Sync 1 DAGs
[2023-04-16T17:09:34.216+0000] {logging_mixin.py:137} INFO - [2023-04-16T17:09:34.216+0000] {dag.py:3456} INFO - Setting next_dagrun for example_task_group_decorator to 2023-04-15T17:09:34.216573+00:00, run_after=2023-04-16T17:09:34.216573+00:00
[2023-04-16T17:09:34.226+0000] {processor.py:175} INFO - Processing /home/airflow/.local/lib/python3.7/site-packages/airflow/example_dags/example_task_group_decorator.py took 0.066 seconds
[2023-04-16T18:32:25.622+0000] {processor.py:153} INFO - Started process (PID=36016) to work on /home/airflow/.local/lib/python3.7/site-packages/airflow/example_dags/example_task_group_decorator.py
[2023-04-16T18:32:25.623+0000] {processor.py:743} INFO - Processing file /home/airflow/.local/lib/python3.7/site-packages/airflow/example_dags/example_task_group_decorator.py for tasks to queue
[2023-04-16T18:32:25.624+0000] {logging_mixin.py:137} INFO - [2023-04-16T18:32:25.624+0000] {dagbag.py:532} INFO - Filling up the DagBag from /home/airflow/.local/lib/python3.7/site-packages/airflow/example_dags/example_task_group_decorator.py
[2023-04-16T18:32:25.647+0000] {processor.py:753} INFO - DAG(s) dict_keys(['example_task_group_decorator']) retrieved from /home/airflow/.local/lib/python3.7/site-packages/airflow/example_dags/example_task_group_decorator.py
[2023-04-16T18:32:25.672+0000] {logging_mixin.py:137} INFO - [2023-04-16T18:32:25.672+0000] {dag.py:2705} INFO - Sync 1 DAGs
[2023-04-16T18:32:25.695+0000] {logging_mixin.py:137} INFO - [2023-04-16T18:32:25.695+0000] {dag.py:3456} INFO - Setting next_dagrun for example_task_group_decorator to 2023-04-15T18:32:25.695459+00:00, run_after=2023-04-16T18:32:25.695459+00:00
[2023-04-16T18:32:25.707+0000] {processor.py:175} INFO - Processing /home/airflow/.local/lib/python3.7/site-packages/airflow/example_dags/example_task_group_decorator.py took 0.089 seconds
[2023-04-16T19:39:50.445+0000] {processor.py:153} INFO - Started process (PID=36069) to work on /home/airflow/.local/lib/python3.7/site-packages/airflow/example_dags/example_task_group_decorator.py
[2023-04-16T19:39:50.446+0000] {processor.py:743} INFO - Processing file /home/airflow/.local/lib/python3.7/site-packages/airflow/example_dags/example_task_group_decorator.py for tasks to queue
[2023-04-16T19:39:50.446+0000] {logging_mixin.py:137} INFO - [2023-04-16T19:39:50.446+0000] {dagbag.py:532} INFO - Filling up the DagBag from /home/airflow/.local/lib/python3.7/site-packages/airflow/example_dags/example_task_group_decorator.py
[2023-04-16T19:39:50.467+0000] {processor.py:753} INFO - DAG(s) dict_keys(['example_task_group_decorator']) retrieved from /home/airflow/.local/lib/python3.7/site-packages/airflow/example_dags/example_task_group_decorator.py
[2023-04-16T19:39:50.488+0000] {logging_mixin.py:137} INFO - [2023-04-16T19:39:50.488+0000] {dag.py:2705} INFO - Sync 1 DAGs
[2023-04-16T19:39:50.504+0000] {logging_mixin.py:137} INFO - [2023-04-16T19:39:50.504+0000] {dag.py:3456} INFO - Setting next_dagrun for example_task_group_decorator to 2023-04-15T19:39:50.503943+00:00, run_after=2023-04-16T19:39:50.503943+00:00
[2023-04-16T19:39:50.517+0000] {processor.py:175} INFO - Processing /home/airflow/.local/lib/python3.7/site-packages/airflow/example_dags/example_task_group_decorator.py took 0.075 seconds
[2023-04-16T20:45:00.339+0000] {processor.py:153} INFO - Started process (PID=36122) to work on /home/airflow/.local/lib/python3.7/site-packages/airflow/example_dags/example_task_group_decorator.py
[2023-04-16T20:45:00.340+0000] {processor.py:743} INFO - Processing file /home/airflow/.local/lib/python3.7/site-packages/airflow/example_dags/example_task_group_decorator.py for tasks to queue
[2023-04-16T20:45:00.341+0000] {logging_mixin.py:137} INFO - [2023-04-16T20:45:00.340+0000] {dagbag.py:532} INFO - Filling up the DagBag from /home/airflow/.local/lib/python3.7/site-packages/airflow/example_dags/example_task_group_decorator.py
[2023-04-16T20:45:00.359+0000] {processor.py:753} INFO - DAG(s) dict_keys(['example_task_group_decorator']) retrieved from /home/airflow/.local/lib/python3.7/site-packages/airflow/example_dags/example_task_group_decorator.py
[2023-04-16T20:45:00.382+0000] {logging_mixin.py:137} INFO - [2023-04-16T20:45:00.381+0000] {dag.py:2705} INFO - Sync 1 DAGs
[2023-04-16T20:45:00.398+0000] {logging_mixin.py:137} INFO - [2023-04-16T20:45:00.398+0000] {dag.py:3456} INFO - Setting next_dagrun for example_task_group_decorator to 2023-04-15T20:45:00.398302+00:00, run_after=2023-04-16T20:45:00.398302+00:00
[2023-04-16T20:45:00.408+0000] {processor.py:175} INFO - Processing /home/airflow/.local/lib/python3.7/site-packages/airflow/example_dags/example_task_group_decorator.py took 0.072 seconds
[2023-04-16T21:52:25.989+0000] {processor.py:153} INFO - Started process (PID=36175) to work on /home/airflow/.local/lib/python3.7/site-packages/airflow/example_dags/example_task_group_decorator.py
[2023-04-16T21:52:25.990+0000] {processor.py:743} INFO - Processing file /home/airflow/.local/lib/python3.7/site-packages/airflow/example_dags/example_task_group_decorator.py for tasks to queue
[2023-04-16T21:52:25.991+0000] {logging_mixin.py:137} INFO - [2023-04-16T21:52:25.991+0000] {dagbag.py:532} INFO - Filling up the DagBag from /home/airflow/.local/lib/python3.7/site-packages/airflow/example_dags/example_task_group_decorator.py
[2023-04-16T21:52:26.009+0000] {processor.py:753} INFO - DAG(s) dict_keys(['example_task_group_decorator']) retrieved from /home/airflow/.local/lib/python3.7/site-packages/airflow/example_dags/example_task_group_decorator.py
[2023-04-16T21:52:26.029+0000] {logging_mixin.py:137} INFO - [2023-04-16T21:52:26.028+0000] {dag.py:2705} INFO - Sync 1 DAGs
[2023-04-16T21:52:26.043+0000] {logging_mixin.py:137} INFO - [2023-04-16T21:52:26.042+0000] {dag.py:3456} INFO - Setting next_dagrun for example_task_group_decorator to 2023-04-15T21:52:26.042746+00:00, run_after=2023-04-16T21:52:26.042746+00:00
[2023-04-16T21:52:26.052+0000] {processor.py:175} INFO - Processing /home/airflow/.local/lib/python3.7/site-packages/airflow/example_dags/example_task_group_decorator.py took 0.066 seconds
[2023-04-16T22:18:55.819+0000] {processor.py:153} INFO - Started process (PID=36228) to work on /home/airflow/.local/lib/python3.7/site-packages/airflow/example_dags/example_task_group_decorator.py
[2023-04-16T22:18:55.820+0000] {processor.py:743} INFO - Processing file /home/airflow/.local/lib/python3.7/site-packages/airflow/example_dags/example_task_group_decorator.py for tasks to queue
[2023-04-16T22:18:55.820+0000] {logging_mixin.py:137} INFO - [2023-04-16T22:18:55.820+0000] {dagbag.py:532} INFO - Filling up the DagBag from /home/airflow/.local/lib/python3.7/site-packages/airflow/example_dags/example_task_group_decorator.py
[2023-04-16T22:18:55.838+0000] {processor.py:753} INFO - DAG(s) dict_keys(['example_task_group_decorator']) retrieved from /home/airflow/.local/lib/python3.7/site-packages/airflow/example_dags/example_task_group_decorator.py
[2023-04-16T22:18:55.858+0000] {logging_mixin.py:137} INFO - [2023-04-16T22:18:55.857+0000] {dag.py:2705} INFO - Sync 1 DAGs
[2023-04-16T22:18:55.871+0000] {logging_mixin.py:137} INFO - [2023-04-16T22:18:55.871+0000] {dag.py:3456} INFO - Setting next_dagrun for example_task_group_decorator to 2023-04-15T22:18:55.871633+00:00, run_after=2023-04-16T22:18:55.871633+00:00
[2023-04-16T22:18:55.882+0000] {processor.py:175} INFO - Processing /home/airflow/.local/lib/python3.7/site-packages/airflow/example_dags/example_task_group_decorator.py took 0.065 seconds
[2023-04-16T22:19:26.245+0000] {processor.py:153} INFO - Started process (PID=36281) to work on /home/airflow/.local/lib/python3.7/site-packages/airflow/example_dags/example_task_group_decorator.py
[2023-04-16T22:19:26.248+0000] {processor.py:743} INFO - Processing file /home/airflow/.local/lib/python3.7/site-packages/airflow/example_dags/example_task_group_decorator.py for tasks to queue
[2023-04-16T22:19:26.250+0000] {logging_mixin.py:137} INFO - [2023-04-16T22:19:26.250+0000] {dagbag.py:532} INFO - Filling up the DagBag from /home/airflow/.local/lib/python3.7/site-packages/airflow/example_dags/example_task_group_decorator.py
[2023-04-16T22:19:26.270+0000] {processor.py:753} INFO - DAG(s) dict_keys(['example_task_group_decorator']) retrieved from /home/airflow/.local/lib/python3.7/site-packages/airflow/example_dags/example_task_group_decorator.py
[2023-04-16T22:19:26.290+0000] {logging_mixin.py:137} INFO - [2023-04-16T22:19:26.290+0000] {dag.py:2705} INFO - Sync 1 DAGs
[2023-04-16T22:19:26.306+0000] {logging_mixin.py:137} INFO - [2023-04-16T22:19:26.306+0000] {dag.py:3456} INFO - Setting next_dagrun for example_task_group_decorator to 2023-04-15T22:19:26.306108+00:00, run_after=2023-04-16T22:19:26.306108+00:00
[2023-04-16T22:19:26.317+0000] {processor.py:175} INFO - Processing /home/airflow/.local/lib/python3.7/site-packages/airflow/example_dags/example_task_group_decorator.py took 0.076 seconds
[2023-04-16T22:39:20.548+0000] {processor.py:153} INFO - Started process (PID=36334) to work on /home/airflow/.local/lib/python3.7/site-packages/airflow/example_dags/example_task_group_decorator.py
[2023-04-16T22:39:20.549+0000] {processor.py:743} INFO - Processing file /home/airflow/.local/lib/python3.7/site-packages/airflow/example_dags/example_task_group_decorator.py for tasks to queue
[2023-04-16T22:39:20.550+0000] {logging_mixin.py:137} INFO - [2023-04-16T22:39:20.550+0000] {dagbag.py:532} INFO - Filling up the DagBag from /home/airflow/.local/lib/python3.7/site-packages/airflow/example_dags/example_task_group_decorator.py
[2023-04-16T22:39:20.568+0000] {processor.py:753} INFO - DAG(s) dict_keys(['example_task_group_decorator']) retrieved from /home/airflow/.local/lib/python3.7/site-packages/airflow/example_dags/example_task_group_decorator.py
[2023-04-16T22:39:20.587+0000] {logging_mixin.py:137} INFO - [2023-04-16T22:39:20.587+0000] {dag.py:2705} INFO - Sync 1 DAGs
[2023-04-16T22:39:20.601+0000] {logging_mixin.py:137} INFO - [2023-04-16T22:39:20.601+0000] {dag.py:3456} INFO - Setting next_dagrun for example_task_group_decorator to 2023-04-15T22:39:20.601267+00:00, run_after=2023-04-16T22:39:20.601267+00:00
[2023-04-16T22:39:20.611+0000] {processor.py:175} INFO - Processing /home/airflow/.local/lib/python3.7/site-packages/airflow/example_dags/example_task_group_decorator.py took 0.065 seconds
[2023-04-16T22:39:51.026+0000] {processor.py:153} INFO - Started process (PID=36387) to work on /home/airflow/.local/lib/python3.7/site-packages/airflow/example_dags/example_task_group_decorator.py
[2023-04-16T22:39:51.027+0000] {processor.py:743} INFO - Processing file /home/airflow/.local/lib/python3.7/site-packages/airflow/example_dags/example_task_group_decorator.py for tasks to queue
[2023-04-16T22:39:51.028+0000] {logging_mixin.py:137} INFO - [2023-04-16T22:39:51.028+0000] {dagbag.py:532} INFO - Filling up the DagBag from /home/airflow/.local/lib/python3.7/site-packages/airflow/example_dags/example_task_group_decorator.py
[2023-04-16T22:39:51.054+0000] {processor.py:753} INFO - DAG(s) dict_keys(['example_task_group_decorator']) retrieved from /home/airflow/.local/lib/python3.7/site-packages/airflow/example_dags/example_task_group_decorator.py
[2023-04-16T22:39:51.083+0000] {logging_mixin.py:137} INFO - [2023-04-16T22:39:51.083+0000] {dag.py:2705} INFO - Sync 1 DAGs
[2023-04-16T22:39:51.105+0000] {logging_mixin.py:137} INFO - [2023-04-16T22:39:51.104+0000] {dag.py:3456} INFO - Setting next_dagrun for example_task_group_decorator to 2023-04-15T22:39:51.104606+00:00, run_after=2023-04-16T22:39:51.104606+00:00
[2023-04-16T22:39:51.129+0000] {processor.py:175} INFO - Processing /home/airflow/.local/lib/python3.7/site-packages/airflow/example_dags/example_task_group_decorator.py took 0.106 seconds
