[2023-04-16T00:33:36.958+0000] {processor.py:153} INFO - Started process (PID=34891) to work on /home/airflow/.local/lib/python3.7/site-packages/airflow/example_dags/example_datasets.py
[2023-04-16T00:33:36.959+0000] {processor.py:743} INFO - Processing file /home/airflow/.local/lib/python3.7/site-packages/airflow/example_dags/example_datasets.py for tasks to queue
[2023-04-16T00:33:36.960+0000] {logging_mixin.py:137} INFO - [2023-04-16T00:33:36.960+0000] {dagbag.py:532} INFO - Filling up the DagBag from /home/airflow/.local/lib/python3.7/site-packages/airflow/example_dags/example_datasets.py
[2023-04-16T00:33:36.972+0000] {processor.py:753} INFO - DAG(s) dict_keys(['dataset_consumes_1', 'dataset_consumes_unknown_never_scheduled', 'dataset_consumes_1_and_2', 'dataset_produces_2', 'dataset_consumes_1_never_scheduled', 'dataset_produces_1']) retrieved from /home/airflow/.local/lib/python3.7/site-packages/airflow/example_dags/example_datasets.py
[2023-04-16T00:33:37.000+0000] {logging_mixin.py:137} INFO - [2023-04-16T00:33:36.999+0000] {dag.py:2705} INFO - Sync 6 DAGs
[2023-04-16T00:33:37.017+0000] {logging_mixin.py:137} INFO - [2023-04-16T00:33:37.016+0000] {dag.py:3456} INFO - Setting next_dagrun for dataset_consumes_1 to None, run_after=None
[2023-04-16T00:33:37.019+0000] {logging_mixin.py:137} INFO - [2023-04-16T00:33:37.019+0000] {dag.py:3456} INFO - Setting next_dagrun for dataset_consumes_1_and_2 to None, run_after=None
[2023-04-16T00:33:37.020+0000] {logging_mixin.py:137} INFO - [2023-04-16T00:33:37.020+0000] {dag.py:3456} INFO - Setting next_dagrun for dataset_consumes_1_never_scheduled to None, run_after=None
[2023-04-16T00:33:37.021+0000] {logging_mixin.py:137} INFO - [2023-04-16T00:33:37.021+0000] {dag.py:3456} INFO - Setting next_dagrun for dataset_consumes_unknown_never_scheduled to None, run_after=None
[2023-04-16T00:33:37.023+0000] {logging_mixin.py:137} INFO - [2023-04-16T00:33:37.023+0000] {dag.py:3456} INFO - Setting next_dagrun for dataset_produces_1 to 2023-04-15T00:00:00+00:00, run_after=2023-04-16T00:00:00+00:00
[2023-04-16T00:33:37.024+0000] {logging_mixin.py:137} INFO - [2023-04-16T00:33:37.024+0000] {dag.py:3456} INFO - Setting next_dagrun for dataset_produces_2 to None, run_after=None
[2023-04-16T00:33:37.043+0000] {processor.py:175} INFO - Processing /home/airflow/.local/lib/python3.7/site-packages/airflow/example_dags/example_datasets.py took 0.087 seconds
[2023-04-16T01:42:56.741+0000] {processor.py:153} INFO - Started process (PID=34944) to work on /home/airflow/.local/lib/python3.7/site-packages/airflow/example_dags/example_datasets.py
[2023-04-16T01:42:56.742+0000] {processor.py:743} INFO - Processing file /home/airflow/.local/lib/python3.7/site-packages/airflow/example_dags/example_datasets.py for tasks to queue
[2023-04-16T01:42:56.742+0000] {logging_mixin.py:137} INFO - [2023-04-16T01:42:56.742+0000] {dagbag.py:532} INFO - Filling up the DagBag from /home/airflow/.local/lib/python3.7/site-packages/airflow/example_dags/example_datasets.py
[2023-04-16T01:42:56.754+0000] {processor.py:753} INFO - DAG(s) dict_keys(['dataset_consumes_1_and_2', 'dataset_produces_1', 'dataset_produces_2', 'dataset_consumes_1_never_scheduled', 'dataset_consumes_1', 'dataset_consumes_unknown_never_scheduled']) retrieved from /home/airflow/.local/lib/python3.7/site-packages/airflow/example_dags/example_datasets.py
[2023-04-16T01:42:56.780+0000] {logging_mixin.py:137} INFO - [2023-04-16T01:42:56.780+0000] {dag.py:2705} INFO - Sync 6 DAGs
[2023-04-16T01:42:56.795+0000] {logging_mixin.py:137} INFO - [2023-04-16T01:42:56.795+0000] {dag.py:3456} INFO - Setting next_dagrun for dataset_consumes_1 to None, run_after=None
[2023-04-16T01:42:56.798+0000] {logging_mixin.py:137} INFO - [2023-04-16T01:42:56.798+0000] {dag.py:3456} INFO - Setting next_dagrun for dataset_consumes_1_and_2 to None, run_after=None
[2023-04-16T01:42:56.798+0000] {logging_mixin.py:137} INFO - [2023-04-16T01:42:56.798+0000] {dag.py:3456} INFO - Setting next_dagrun for dataset_consumes_1_never_scheduled to None, run_after=None
[2023-04-16T01:42:56.799+0000] {logging_mixin.py:137} INFO - [2023-04-16T01:42:56.799+0000] {dag.py:3456} INFO - Setting next_dagrun for dataset_consumes_unknown_never_scheduled to None, run_after=None
[2023-04-16T01:42:56.801+0000] {logging_mixin.py:137} INFO - [2023-04-16T01:42:56.801+0000] {dag.py:3456} INFO - Setting next_dagrun for dataset_produces_1 to 2023-04-15T00:00:00+00:00, run_after=2023-04-16T00:00:00+00:00
[2023-04-16T01:42:56.802+0000] {logging_mixin.py:137} INFO - [2023-04-16T01:42:56.802+0000] {dag.py:3456} INFO - Setting next_dagrun for dataset_produces_2 to None, run_after=None
[2023-04-16T01:42:56.817+0000] {processor.py:175} INFO - Processing /home/airflow/.local/lib/python3.7/site-packages/airflow/example_dags/example_datasets.py took 0.079 seconds
[2023-04-16T02:49:25.554+0000] {processor.py:153} INFO - Started process (PID=34997) to work on /home/airflow/.local/lib/python3.7/site-packages/airflow/example_dags/example_datasets.py
[2023-04-16T02:49:25.555+0000] {processor.py:743} INFO - Processing file /home/airflow/.local/lib/python3.7/site-packages/airflow/example_dags/example_datasets.py for tasks to queue
[2023-04-16T02:49:25.555+0000] {logging_mixin.py:137} INFO - [2023-04-16T02:49:25.555+0000] {dagbag.py:532} INFO - Filling up the DagBag from /home/airflow/.local/lib/python3.7/site-packages/airflow/example_dags/example_datasets.py
[2023-04-16T02:49:25.566+0000] {processor.py:753} INFO - DAG(s) dict_keys(['dataset_consumes_1_never_scheduled', 'dataset_consumes_unknown_never_scheduled', 'dataset_produces_2', 'dataset_produces_1', 'dataset_consumes_1_and_2', 'dataset_consumes_1']) retrieved from /home/airflow/.local/lib/python3.7/site-packages/airflow/example_dags/example_datasets.py
[2023-04-16T02:49:25.591+0000] {logging_mixin.py:137} INFO - [2023-04-16T02:49:25.591+0000] {dag.py:2705} INFO - Sync 6 DAGs
[2023-04-16T02:49:25.605+0000] {logging_mixin.py:137} INFO - [2023-04-16T02:49:25.605+0000] {dag.py:3456} INFO - Setting next_dagrun for dataset_consumes_1 to None, run_after=None
[2023-04-16T02:49:25.607+0000] {logging_mixin.py:137} INFO - [2023-04-16T02:49:25.607+0000] {dag.py:3456} INFO - Setting next_dagrun for dataset_consumes_1_and_2 to None, run_after=None
[2023-04-16T02:49:25.608+0000] {logging_mixin.py:137} INFO - [2023-04-16T02:49:25.608+0000] {dag.py:3456} INFO - Setting next_dagrun for dataset_consumes_1_never_scheduled to None, run_after=None
[2023-04-16T02:49:25.609+0000] {logging_mixin.py:137} INFO - [2023-04-16T02:49:25.609+0000] {dag.py:3456} INFO - Setting next_dagrun for dataset_consumes_unknown_never_scheduled to None, run_after=None
[2023-04-16T02:49:25.610+0000] {logging_mixin.py:137} INFO - [2023-04-16T02:49:25.610+0000] {dag.py:3456} INFO - Setting next_dagrun for dataset_produces_1 to 2023-04-15T00:00:00+00:00, run_after=2023-04-16T00:00:00+00:00
[2023-04-16T02:49:25.611+0000] {logging_mixin.py:137} INFO - [2023-04-16T02:49:25.611+0000] {dag.py:3456} INFO - Setting next_dagrun for dataset_produces_2 to None, run_after=None
[2023-04-16T02:49:25.627+0000] {processor.py:175} INFO - Processing /home/airflow/.local/lib/python3.7/site-packages/airflow/example_dags/example_datasets.py took 0.076 seconds
[2023-04-16T03:56:31.423+0000] {processor.py:153} INFO - Started process (PID=35051) to work on /home/airflow/.local/lib/python3.7/site-packages/airflow/example_dags/example_datasets.py
[2023-04-16T03:56:31.424+0000] {processor.py:743} INFO - Processing file /home/airflow/.local/lib/python3.7/site-packages/airflow/example_dags/example_datasets.py for tasks to queue
[2023-04-16T03:56:31.425+0000] {logging_mixin.py:137} INFO - [2023-04-16T03:56:31.425+0000] {dagbag.py:532} INFO - Filling up the DagBag from /home/airflow/.local/lib/python3.7/site-packages/airflow/example_dags/example_datasets.py
[2023-04-16T03:56:31.438+0000] {processor.py:753} INFO - DAG(s) dict_keys(['dataset_consumes_unknown_never_scheduled', 'dataset_consumes_1_never_scheduled', 'dataset_produces_1', 'dataset_consumes_1', 'dataset_produces_2', 'dataset_consumes_1_and_2']) retrieved from /home/airflow/.local/lib/python3.7/site-packages/airflow/example_dags/example_datasets.py
[2023-04-16T03:56:31.465+0000] {logging_mixin.py:137} INFO - [2023-04-16T03:56:31.464+0000] {dag.py:2705} INFO - Sync 6 DAGs
[2023-04-16T03:56:31.481+0000] {logging_mixin.py:137} INFO - [2023-04-16T03:56:31.481+0000] {dag.py:3456} INFO - Setting next_dagrun for dataset_consumes_1 to None, run_after=None
[2023-04-16T03:56:31.483+0000] {logging_mixin.py:137} INFO - [2023-04-16T03:56:31.483+0000] {dag.py:3456} INFO - Setting next_dagrun for dataset_consumes_1_and_2 to None, run_after=None
[2023-04-16T03:56:31.484+0000] {logging_mixin.py:137} INFO - [2023-04-16T03:56:31.484+0000] {dag.py:3456} INFO - Setting next_dagrun for dataset_consumes_1_never_scheduled to None, run_after=None
[2023-04-16T03:56:31.485+0000] {logging_mixin.py:137} INFO - [2023-04-16T03:56:31.485+0000] {dag.py:3456} INFO - Setting next_dagrun for dataset_consumes_unknown_never_scheduled to None, run_after=None
[2023-04-16T03:56:31.489+0000] {logging_mixin.py:137} INFO - [2023-04-16T03:56:31.489+0000] {dag.py:3456} INFO - Setting next_dagrun for dataset_produces_1 to 2023-04-15T00:00:00+00:00, run_after=2023-04-16T00:00:00+00:00
[2023-04-16T03:56:31.490+0000] {logging_mixin.py:137} INFO - [2023-04-16T03:56:31.490+0000] {dag.py:3456} INFO - Setting next_dagrun for dataset_produces_2 to None, run_after=None
[2023-04-16T03:56:31.513+0000] {processor.py:175} INFO - Processing /home/airflow/.local/lib/python3.7/site-packages/airflow/example_dags/example_datasets.py took 0.093 seconds
[2023-04-16T04:57:14.928+0000] {processor.py:153} INFO - Started process (PID=35104) to work on /home/airflow/.local/lib/python3.7/site-packages/airflow/example_dags/example_datasets.py
[2023-04-16T04:57:14.930+0000] {processor.py:743} INFO - Processing file /home/airflow/.local/lib/python3.7/site-packages/airflow/example_dags/example_datasets.py for tasks to queue
[2023-04-16T04:57:14.930+0000] {logging_mixin.py:137} INFO - [2023-04-16T04:57:14.930+0000] {dagbag.py:532} INFO - Filling up the DagBag from /home/airflow/.local/lib/python3.7/site-packages/airflow/example_dags/example_datasets.py
[2023-04-16T04:57:14.941+0000] {processor.py:753} INFO - DAG(s) dict_keys(['dataset_consumes_unknown_never_scheduled', 'dataset_consumes_1_and_2', 'dataset_consumes_1', 'dataset_produces_2', 'dataset_consumes_1_never_scheduled', 'dataset_produces_1']) retrieved from /home/airflow/.local/lib/python3.7/site-packages/airflow/example_dags/example_datasets.py
[2023-04-16T04:57:14.968+0000] {logging_mixin.py:137} INFO - [2023-04-16T04:57:14.967+0000] {dag.py:2705} INFO - Sync 6 DAGs
[2023-04-16T04:57:14.983+0000] {logging_mixin.py:137} INFO - [2023-04-16T04:57:14.983+0000] {dag.py:3456} INFO - Setting next_dagrun for dataset_consumes_1 to None, run_after=None
[2023-04-16T04:57:14.985+0000] {logging_mixin.py:137} INFO - [2023-04-16T04:57:14.985+0000] {dag.py:3456} INFO - Setting next_dagrun for dataset_consumes_1_and_2 to None, run_after=None
[2023-04-16T04:57:14.986+0000] {logging_mixin.py:137} INFO - [2023-04-16T04:57:14.986+0000] {dag.py:3456} INFO - Setting next_dagrun for dataset_consumes_1_never_scheduled to None, run_after=None
[2023-04-16T04:57:14.987+0000] {logging_mixin.py:137} INFO - [2023-04-16T04:57:14.987+0000] {dag.py:3456} INFO - Setting next_dagrun for dataset_consumes_unknown_never_scheduled to None, run_after=None
[2023-04-16T04:57:14.989+0000] {logging_mixin.py:137} INFO - [2023-04-16T04:57:14.989+0000] {dag.py:3456} INFO - Setting next_dagrun for dataset_produces_1 to 2023-04-15T00:00:00+00:00, run_after=2023-04-16T00:00:00+00:00
[2023-04-16T04:57:14.989+0000] {logging_mixin.py:137} INFO - [2023-04-16T04:57:14.989+0000] {dag.py:3456} INFO - Setting next_dagrun for dataset_produces_2 to None, run_after=None
[2023-04-16T04:57:15.007+0000] {processor.py:175} INFO - Processing /home/airflow/.local/lib/python3.7/site-packages/airflow/example_dags/example_datasets.py took 0.082 seconds
[2023-04-16T04:57:45.421+0000] {processor.py:153} INFO - Started process (PID=35156) to work on /home/airflow/.local/lib/python3.7/site-packages/airflow/example_dags/example_datasets.py
[2023-04-16T04:57:45.422+0000] {processor.py:743} INFO - Processing file /home/airflow/.local/lib/python3.7/site-packages/airflow/example_dags/example_datasets.py for tasks to queue
[2023-04-16T04:57:45.423+0000] {logging_mixin.py:137} INFO - [2023-04-16T04:57:45.423+0000] {dagbag.py:532} INFO - Filling up the DagBag from /home/airflow/.local/lib/python3.7/site-packages/airflow/example_dags/example_datasets.py
[2023-04-16T04:57:45.434+0000] {processor.py:753} INFO - DAG(s) dict_keys(['dataset_consumes_1_never_scheduled', 'dataset_consumes_1_and_2', 'dataset_produces_2', 'dataset_consumes_unknown_never_scheduled', 'dataset_produces_1', 'dataset_consumes_1']) retrieved from /home/airflow/.local/lib/python3.7/site-packages/airflow/example_dags/example_datasets.py
[2023-04-16T04:57:45.459+0000] {logging_mixin.py:137} INFO - [2023-04-16T04:57:45.459+0000] {dag.py:2705} INFO - Sync 6 DAGs
[2023-04-16T04:57:45.473+0000] {logging_mixin.py:137} INFO - [2023-04-16T04:57:45.473+0000] {dag.py:3456} INFO - Setting next_dagrun for dataset_consumes_1 to None, run_after=None
[2023-04-16T04:57:45.476+0000] {logging_mixin.py:137} INFO - [2023-04-16T04:57:45.476+0000] {dag.py:3456} INFO - Setting next_dagrun for dataset_consumes_1_and_2 to None, run_after=None
[2023-04-16T04:57:45.477+0000] {logging_mixin.py:137} INFO - [2023-04-16T04:57:45.477+0000] {dag.py:3456} INFO - Setting next_dagrun for dataset_consumes_1_never_scheduled to None, run_after=None
[2023-04-16T04:57:45.477+0000] {logging_mixin.py:137} INFO - [2023-04-16T04:57:45.477+0000] {dag.py:3456} INFO - Setting next_dagrun for dataset_consumes_unknown_never_scheduled to None, run_after=None
[2023-04-16T04:57:45.479+0000] {logging_mixin.py:137} INFO - [2023-04-16T04:57:45.479+0000] {dag.py:3456} INFO - Setting next_dagrun for dataset_produces_1 to 2023-04-15T00:00:00+00:00, run_after=2023-04-16T00:00:00+00:00
[2023-04-16T04:57:45.480+0000] {logging_mixin.py:137} INFO - [2023-04-16T04:57:45.480+0000] {dag.py:3456} INFO - Setting next_dagrun for dataset_produces_2 to None, run_after=None
[2023-04-16T04:57:45.496+0000] {processor.py:175} INFO - Processing /home/airflow/.local/lib/python3.7/site-packages/airflow/example_dags/example_datasets.py took 0.077 seconds
[2023-04-16T06:01:53.981+0000] {processor.py:153} INFO - Started process (PID=35209) to work on /home/airflow/.local/lib/python3.7/site-packages/airflow/example_dags/example_datasets.py
[2023-04-16T06:01:53.983+0000] {processor.py:743} INFO - Processing file /home/airflow/.local/lib/python3.7/site-packages/airflow/example_dags/example_datasets.py for tasks to queue
[2023-04-16T06:01:53.983+0000] {logging_mixin.py:137} INFO - [2023-04-16T06:01:53.983+0000] {dagbag.py:532} INFO - Filling up the DagBag from /home/airflow/.local/lib/python3.7/site-packages/airflow/example_dags/example_datasets.py
[2023-04-16T06:01:53.999+0000] {processor.py:753} INFO - DAG(s) dict_keys(['dataset_consumes_unknown_never_scheduled', 'dataset_consumes_1_and_2', 'dataset_produces_1', 'dataset_consumes_1', 'dataset_produces_2', 'dataset_consumes_1_never_scheduled']) retrieved from /home/airflow/.local/lib/python3.7/site-packages/airflow/example_dags/example_datasets.py
[2023-04-16T06:01:54.033+0000] {logging_mixin.py:137} INFO - [2023-04-16T06:01:54.033+0000] {dag.py:2705} INFO - Sync 6 DAGs
[2023-04-16T06:01:54.048+0000] {logging_mixin.py:137} INFO - [2023-04-16T06:01:54.048+0000] {dag.py:3456} INFO - Setting next_dagrun for dataset_consumes_1 to None, run_after=None
[2023-04-16T06:01:54.050+0000] {logging_mixin.py:137} INFO - [2023-04-16T06:01:54.050+0000] {dag.py:3456} INFO - Setting next_dagrun for dataset_consumes_1_and_2 to None, run_after=None
[2023-04-16T06:01:54.051+0000] {logging_mixin.py:137} INFO - [2023-04-16T06:01:54.051+0000] {dag.py:3456} INFO - Setting next_dagrun for dataset_consumes_1_never_scheduled to None, run_after=None
[2023-04-16T06:01:54.052+0000] {logging_mixin.py:137} INFO - [2023-04-16T06:01:54.052+0000] {dag.py:3456} INFO - Setting next_dagrun for dataset_consumes_unknown_never_scheduled to None, run_after=None
[2023-04-16T06:01:54.054+0000] {logging_mixin.py:137} INFO - [2023-04-16T06:01:54.054+0000] {dag.py:3456} INFO - Setting next_dagrun for dataset_produces_1 to 2023-04-15T00:00:00+00:00, run_after=2023-04-16T00:00:00+00:00
[2023-04-16T06:01:54.055+0000] {logging_mixin.py:137} INFO - [2023-04-16T06:01:54.055+0000] {dag.py:3456} INFO - Setting next_dagrun for dataset_produces_2 to None, run_after=None
[2023-04-16T06:01:54.072+0000] {processor.py:175} INFO - Processing /home/airflow/.local/lib/python3.7/site-packages/airflow/example_dags/example_datasets.py took 0.093 seconds
[2023-04-16T06:13:25.774+0000] {processor.py:153} INFO - Started process (PID=35262) to work on /home/airflow/.local/lib/python3.7/site-packages/airflow/example_dags/example_datasets.py
[2023-04-16T06:13:25.775+0000] {processor.py:743} INFO - Processing file /home/airflow/.local/lib/python3.7/site-packages/airflow/example_dags/example_datasets.py for tasks to queue
[2023-04-16T06:13:25.776+0000] {logging_mixin.py:137} INFO - [2023-04-16T06:13:25.776+0000] {dagbag.py:532} INFO - Filling up the DagBag from /home/airflow/.local/lib/python3.7/site-packages/airflow/example_dags/example_datasets.py
[2023-04-16T06:13:25.788+0000] {processor.py:753} INFO - DAG(s) dict_keys(['dataset_consumes_1_and_2', 'dataset_consumes_1_never_scheduled', 'dataset_produces_1', 'dataset_consumes_unknown_never_scheduled', 'dataset_consumes_1', 'dataset_produces_2']) retrieved from /home/airflow/.local/lib/python3.7/site-packages/airflow/example_dags/example_datasets.py
[2023-04-16T06:13:25.814+0000] {logging_mixin.py:137} INFO - [2023-04-16T06:13:25.814+0000] {dag.py:2705} INFO - Sync 6 DAGs
[2023-04-16T06:13:25.828+0000] {logging_mixin.py:137} INFO - [2023-04-16T06:13:25.828+0000] {dag.py:3456} INFO - Setting next_dagrun for dataset_consumes_1 to None, run_after=None
[2023-04-16T06:13:25.831+0000] {logging_mixin.py:137} INFO - [2023-04-16T06:13:25.830+0000] {dag.py:3456} INFO - Setting next_dagrun for dataset_consumes_1_and_2 to None, run_after=None
[2023-04-16T06:13:25.831+0000] {logging_mixin.py:137} INFO - [2023-04-16T06:13:25.831+0000] {dag.py:3456} INFO - Setting next_dagrun for dataset_consumes_1_never_scheduled to None, run_after=None
[2023-04-16T06:13:25.832+0000] {logging_mixin.py:137} INFO - [2023-04-16T06:13:25.832+0000] {dag.py:3456} INFO - Setting next_dagrun for dataset_consumes_unknown_never_scheduled to None, run_after=None
[2023-04-16T06:13:25.834+0000] {logging_mixin.py:137} INFO - [2023-04-16T06:13:25.834+0000] {dag.py:3456} INFO - Setting next_dagrun for dataset_produces_1 to 2023-04-15T00:00:00+00:00, run_after=2023-04-16T00:00:00+00:00
[2023-04-16T06:13:25.839+0000] {logging_mixin.py:137} INFO - [2023-04-16T06:13:25.839+0000] {dag.py:3456} INFO - Setting next_dagrun for dataset_produces_2 to None, run_after=None
[2023-04-16T06:13:25.859+0000] {processor.py:175} INFO - Processing /home/airflow/.local/lib/python3.7/site-packages/airflow/example_dags/example_datasets.py took 0.087 seconds
[2023-04-16T06:29:19.415+0000] {processor.py:153} INFO - Started process (PID=35315) to work on /home/airflow/.local/lib/python3.7/site-packages/airflow/example_dags/example_datasets.py
[2023-04-16T06:29:19.416+0000] {processor.py:743} INFO - Processing file /home/airflow/.local/lib/python3.7/site-packages/airflow/example_dags/example_datasets.py for tasks to queue
[2023-04-16T06:29:19.417+0000] {logging_mixin.py:137} INFO - [2023-04-16T06:29:19.417+0000] {dagbag.py:532} INFO - Filling up the DagBag from /home/airflow/.local/lib/python3.7/site-packages/airflow/example_dags/example_datasets.py
[2023-04-16T06:29:19.428+0000] {processor.py:753} INFO - DAG(s) dict_keys(['dataset_consumes_1', 'dataset_produces_2', 'dataset_consumes_1_and_2', 'dataset_consumes_unknown_never_scheduled', 'dataset_consumes_1_never_scheduled', 'dataset_produces_1']) retrieved from /home/airflow/.local/lib/python3.7/site-packages/airflow/example_dags/example_datasets.py
[2023-04-16T06:29:19.453+0000] {logging_mixin.py:137} INFO - [2023-04-16T06:29:19.452+0000] {dag.py:2705} INFO - Sync 6 DAGs
[2023-04-16T06:29:19.468+0000] {logging_mixin.py:137} INFO - [2023-04-16T06:29:19.468+0000] {dag.py:3456} INFO - Setting next_dagrun for dataset_consumes_1 to None, run_after=None
[2023-04-16T06:29:19.470+0000] {logging_mixin.py:137} INFO - [2023-04-16T06:29:19.470+0000] {dag.py:3456} INFO - Setting next_dagrun for dataset_consumes_1_and_2 to None, run_after=None
[2023-04-16T06:29:19.471+0000] {logging_mixin.py:137} INFO - [2023-04-16T06:29:19.471+0000] {dag.py:3456} INFO - Setting next_dagrun for dataset_consumes_1_never_scheduled to None, run_after=None
[2023-04-16T06:29:19.472+0000] {logging_mixin.py:137} INFO - [2023-04-16T06:29:19.472+0000] {dag.py:3456} INFO - Setting next_dagrun for dataset_consumes_unknown_never_scheduled to None, run_after=None
[2023-04-16T06:29:19.473+0000] {logging_mixin.py:137} INFO - [2023-04-16T06:29:19.473+0000] {dag.py:3456} INFO - Setting next_dagrun for dataset_produces_1 to 2023-04-15T00:00:00+00:00, run_after=2023-04-16T00:00:00+00:00
[2023-04-16T06:29:19.474+0000] {logging_mixin.py:137} INFO - [2023-04-16T06:29:19.474+0000] {dag.py:3456} INFO - Setting next_dagrun for dataset_produces_2 to None, run_after=None
[2023-04-16T06:29:19.490+0000] {processor.py:175} INFO - Processing /home/airflow/.local/lib/python3.7/site-packages/airflow/example_dags/example_datasets.py took 0.077 seconds
[2023-04-16T07:31:25.467+0000] {processor.py:153} INFO - Started process (PID=35368) to work on /home/airflow/.local/lib/python3.7/site-packages/airflow/example_dags/example_datasets.py
[2023-04-16T07:31:25.468+0000] {processor.py:743} INFO - Processing file /home/airflow/.local/lib/python3.7/site-packages/airflow/example_dags/example_datasets.py for tasks to queue
[2023-04-16T07:31:25.469+0000] {logging_mixin.py:137} INFO - [2023-04-16T07:31:25.469+0000] {dagbag.py:532} INFO - Filling up the DagBag from /home/airflow/.local/lib/python3.7/site-packages/airflow/example_dags/example_datasets.py
[2023-04-16T07:31:25.482+0000] {processor.py:753} INFO - DAG(s) dict_keys(['dataset_consumes_1', 'dataset_produces_2', 'dataset_consumes_1_never_scheduled', 'dataset_consumes_1_and_2', 'dataset_produces_1', 'dataset_consumes_unknown_never_scheduled']) retrieved from /home/airflow/.local/lib/python3.7/site-packages/airflow/example_dags/example_datasets.py
[2023-04-16T07:31:25.507+0000] {logging_mixin.py:137} INFO - [2023-04-16T07:31:25.507+0000] {dag.py:2705} INFO - Sync 6 DAGs
[2023-04-16T07:31:25.522+0000] {logging_mixin.py:137} INFO - [2023-04-16T07:31:25.522+0000] {dag.py:3456} INFO - Setting next_dagrun for dataset_consumes_1 to None, run_after=None
[2023-04-16T07:31:25.525+0000] {logging_mixin.py:137} INFO - [2023-04-16T07:31:25.525+0000] {dag.py:3456} INFO - Setting next_dagrun for dataset_consumes_1_and_2 to None, run_after=None
[2023-04-16T07:31:25.526+0000] {logging_mixin.py:137} INFO - [2023-04-16T07:31:25.526+0000] {dag.py:3456} INFO - Setting next_dagrun for dataset_consumes_1_never_scheduled to None, run_after=None
[2023-04-16T07:31:25.527+0000] {logging_mixin.py:137} INFO - [2023-04-16T07:31:25.527+0000] {dag.py:3456} INFO - Setting next_dagrun for dataset_consumes_unknown_never_scheduled to None, run_after=None
[2023-04-16T07:31:25.529+0000] {logging_mixin.py:137} INFO - [2023-04-16T07:31:25.529+0000] {dag.py:3456} INFO - Setting next_dagrun for dataset_produces_1 to 2023-04-15T00:00:00+00:00, run_after=2023-04-16T00:00:00+00:00
[2023-04-16T07:31:25.529+0000] {logging_mixin.py:137} INFO - [2023-04-16T07:31:25.529+0000] {dag.py:3456} INFO - Setting next_dagrun for dataset_produces_2 to None, run_after=None
[2023-04-16T07:31:25.546+0000] {processor.py:175} INFO - Processing /home/airflow/.local/lib/python3.7/site-packages/airflow/example_dags/example_datasets.py took 0.082 seconds
[2023-04-16T08:50:11.970+0000] {processor.py:153} INFO - Started process (PID=35421) to work on /home/airflow/.local/lib/python3.7/site-packages/airflow/example_dags/example_datasets.py
[2023-04-16T08:50:11.971+0000] {processor.py:743} INFO - Processing file /home/airflow/.local/lib/python3.7/site-packages/airflow/example_dags/example_datasets.py for tasks to queue
[2023-04-16T08:50:11.972+0000] {logging_mixin.py:137} INFO - [2023-04-16T08:50:11.972+0000] {dagbag.py:532} INFO - Filling up the DagBag from /home/airflow/.local/lib/python3.7/site-packages/airflow/example_dags/example_datasets.py
[2023-04-16T08:50:11.985+0000] {processor.py:753} INFO - DAG(s) dict_keys(['dataset_produces_1', 'dataset_consumes_1_never_scheduled', 'dataset_consumes_1_and_2', 'dataset_produces_2', 'dataset_consumes_1', 'dataset_consumes_unknown_never_scheduled']) retrieved from /home/airflow/.local/lib/python3.7/site-packages/airflow/example_dags/example_datasets.py
[2023-04-16T08:50:12.013+0000] {logging_mixin.py:137} INFO - [2023-04-16T08:50:12.013+0000] {dag.py:2705} INFO - Sync 6 DAGs
[2023-04-16T08:50:12.032+0000] {logging_mixin.py:137} INFO - [2023-04-16T08:50:12.032+0000] {dag.py:3456} INFO - Setting next_dagrun for dataset_consumes_1 to None, run_after=None
[2023-04-16T08:50:12.035+0000] {logging_mixin.py:137} INFO - [2023-04-16T08:50:12.034+0000] {dag.py:3456} INFO - Setting next_dagrun for dataset_consumes_1_and_2 to None, run_after=None
[2023-04-16T08:50:12.035+0000] {logging_mixin.py:137} INFO - [2023-04-16T08:50:12.035+0000] {dag.py:3456} INFO - Setting next_dagrun for dataset_consumes_1_never_scheduled to None, run_after=None
[2023-04-16T08:50:12.036+0000] {logging_mixin.py:137} INFO - [2023-04-16T08:50:12.036+0000] {dag.py:3456} INFO - Setting next_dagrun for dataset_consumes_unknown_never_scheduled to None, run_after=None
[2023-04-16T08:50:12.038+0000] {logging_mixin.py:137} INFO - [2023-04-16T08:50:12.038+0000] {dag.py:3456} INFO - Setting next_dagrun for dataset_produces_1 to 2023-04-15T00:00:00+00:00, run_after=2023-04-16T00:00:00+00:00
[2023-04-16T08:50:12.038+0000] {logging_mixin.py:137} INFO - [2023-04-16T08:50:12.038+0000] {dag.py:3456} INFO - Setting next_dagrun for dataset_produces_2 to None, run_after=None
[2023-04-16T08:50:12.054+0000] {processor.py:175} INFO - Processing /home/airflow/.local/lib/python3.7/site-packages/airflow/example_dags/example_datasets.py took 0.087 seconds
[2023-04-16T09:55:49.637+0000] {processor.py:153} INFO - Started process (PID=35474) to work on /home/airflow/.local/lib/python3.7/site-packages/airflow/example_dags/example_datasets.py
[2023-04-16T09:55:49.646+0000] {processor.py:743} INFO - Processing file /home/airflow/.local/lib/python3.7/site-packages/airflow/example_dags/example_datasets.py for tasks to queue
[2023-04-16T09:55:49.650+0000] {logging_mixin.py:137} INFO - [2023-04-16T09:55:49.649+0000] {dagbag.py:532} INFO - Filling up the DagBag from /home/airflow/.local/lib/python3.7/site-packages/airflow/example_dags/example_datasets.py
[2023-04-16T09:55:49.679+0000] {processor.py:753} INFO - DAG(s) dict_keys(['dataset_produces_2', 'dataset_produces_1', 'dataset_consumes_1_never_scheduled', 'dataset_consumes_unknown_never_scheduled', 'dataset_consumes_1', 'dataset_consumes_1_and_2']) retrieved from /home/airflow/.local/lib/python3.7/site-packages/airflow/example_dags/example_datasets.py
[2023-04-16T09:55:49.756+0000] {logging_mixin.py:137} INFO - [2023-04-16T09:55:49.755+0000] {dag.py:2705} INFO - Sync 6 DAGs
[2023-04-16T09:55:49.775+0000] {logging_mixin.py:137} INFO - [2023-04-16T09:55:49.775+0000] {dag.py:3456} INFO - Setting next_dagrun for dataset_consumes_1 to None, run_after=None
[2023-04-16T09:55:49.778+0000] {logging_mixin.py:137} INFO - [2023-04-16T09:55:49.778+0000] {dag.py:3456} INFO - Setting next_dagrun for dataset_consumes_1_and_2 to None, run_after=None
[2023-04-16T09:55:49.780+0000] {logging_mixin.py:137} INFO - [2023-04-16T09:55:49.780+0000] {dag.py:3456} INFO - Setting next_dagrun for dataset_consumes_1_never_scheduled to None, run_after=None
[2023-04-16T09:55:49.781+0000] {logging_mixin.py:137} INFO - [2023-04-16T09:55:49.781+0000] {dag.py:3456} INFO - Setting next_dagrun for dataset_consumes_unknown_never_scheduled to None, run_after=None
[2023-04-16T09:55:49.786+0000] {logging_mixin.py:137} INFO - [2023-04-16T09:55:49.786+0000] {dag.py:3456} INFO - Setting next_dagrun for dataset_produces_1 to 2023-04-15T00:00:00+00:00, run_after=2023-04-16T00:00:00+00:00
[2023-04-16T09:55:49.788+0000] {logging_mixin.py:137} INFO - [2023-04-16T09:55:49.788+0000] {dag.py:3456} INFO - Setting next_dagrun for dataset_produces_2 to None, run_after=None
[2023-04-16T09:55:49.815+0000] {processor.py:175} INFO - Processing /home/airflow/.local/lib/python3.7/site-packages/airflow/example_dags/example_datasets.py took 0.189 seconds
[2023-04-16T11:01:50.172+0000] {processor.py:153} INFO - Started process (PID=35528) to work on /home/airflow/.local/lib/python3.7/site-packages/airflow/example_dags/example_datasets.py
[2023-04-16T11:01:50.173+0000] {processor.py:743} INFO - Processing file /home/airflow/.local/lib/python3.7/site-packages/airflow/example_dags/example_datasets.py for tasks to queue
[2023-04-16T11:01:50.174+0000] {logging_mixin.py:137} INFO - [2023-04-16T11:01:50.174+0000] {dagbag.py:532} INFO - Filling up the DagBag from /home/airflow/.local/lib/python3.7/site-packages/airflow/example_dags/example_datasets.py
[2023-04-16T11:01:50.187+0000] {processor.py:753} INFO - DAG(s) dict_keys(['dataset_produces_2', 'dataset_consumes_unknown_never_scheduled', 'dataset_consumes_1_never_scheduled', 'dataset_produces_1', 'dataset_consumes_1', 'dataset_consumes_1_and_2']) retrieved from /home/airflow/.local/lib/python3.7/site-packages/airflow/example_dags/example_datasets.py
[2023-04-16T11:01:50.216+0000] {logging_mixin.py:137} INFO - [2023-04-16T11:01:50.216+0000] {dag.py:2705} INFO - Sync 6 DAGs
[2023-04-16T11:01:50.231+0000] {logging_mixin.py:137} INFO - [2023-04-16T11:01:50.231+0000] {dag.py:3456} INFO - Setting next_dagrun for dataset_consumes_1 to None, run_after=None
[2023-04-16T11:01:50.233+0000] {logging_mixin.py:137} INFO - [2023-04-16T11:01:50.233+0000] {dag.py:3456} INFO - Setting next_dagrun for dataset_consumes_1_and_2 to None, run_after=None
[2023-04-16T11:01:50.234+0000] {logging_mixin.py:137} INFO - [2023-04-16T11:01:50.234+0000] {dag.py:3456} INFO - Setting next_dagrun for dataset_consumes_1_never_scheduled to None, run_after=None
[2023-04-16T11:01:50.236+0000] {logging_mixin.py:137} INFO - [2023-04-16T11:01:50.236+0000] {dag.py:3456} INFO - Setting next_dagrun for dataset_consumes_unknown_never_scheduled to None, run_after=None
[2023-04-16T11:01:50.238+0000] {logging_mixin.py:137} INFO - [2023-04-16T11:01:50.238+0000] {dag.py:3456} INFO - Setting next_dagrun for dataset_produces_1 to 2023-04-15T00:00:00+00:00, run_after=2023-04-16T00:00:00+00:00
[2023-04-16T11:01:50.239+0000] {logging_mixin.py:137} INFO - [2023-04-16T11:01:50.239+0000] {dag.py:3456} INFO - Setting next_dagrun for dataset_produces_2 to None, run_after=None
[2023-04-16T11:01:50.255+0000] {processor.py:175} INFO - Processing /home/airflow/.local/lib/python3.7/site-packages/airflow/example_dags/example_datasets.py took 0.086 seconds
[2023-04-16T12:25:14.346+0000] {processor.py:153} INFO - Started process (PID=35581) to work on /home/airflow/.local/lib/python3.7/site-packages/airflow/example_dags/example_datasets.py
[2023-04-16T12:25:14.348+0000] {processor.py:743} INFO - Processing file /home/airflow/.local/lib/python3.7/site-packages/airflow/example_dags/example_datasets.py for tasks to queue
[2023-04-16T12:25:14.349+0000] {logging_mixin.py:137} INFO - [2023-04-16T12:25:14.349+0000] {dagbag.py:532} INFO - Filling up the DagBag from /home/airflow/.local/lib/python3.7/site-packages/airflow/example_dags/example_datasets.py
[2023-04-16T12:25:14.361+0000] {processor.py:753} INFO - DAG(s) dict_keys(['dataset_consumes_1_never_scheduled', 'dataset_consumes_1', 'dataset_consumes_1_and_2', 'dataset_consumes_unknown_never_scheduled', 'dataset_produces_1', 'dataset_produces_2']) retrieved from /home/airflow/.local/lib/python3.7/site-packages/airflow/example_dags/example_datasets.py
[2023-04-16T12:25:14.387+0000] {logging_mixin.py:137} INFO - [2023-04-16T12:25:14.387+0000] {dag.py:2705} INFO - Sync 6 DAGs
[2023-04-16T12:25:14.403+0000] {logging_mixin.py:137} INFO - [2023-04-16T12:25:14.403+0000] {dag.py:3456} INFO - Setting next_dagrun for dataset_consumes_1 to None, run_after=None
[2023-04-16T12:25:14.408+0000] {logging_mixin.py:137} INFO - [2023-04-16T12:25:14.407+0000] {dag.py:3456} INFO - Setting next_dagrun for dataset_consumes_1_and_2 to None, run_after=None
[2023-04-16T12:25:14.409+0000] {logging_mixin.py:137} INFO - [2023-04-16T12:25:14.409+0000] {dag.py:3456} INFO - Setting next_dagrun for dataset_consumes_1_never_scheduled to None, run_after=None
[2023-04-16T12:25:14.410+0000] {logging_mixin.py:137} INFO - [2023-04-16T12:25:14.410+0000] {dag.py:3456} INFO - Setting next_dagrun for dataset_consumes_unknown_never_scheduled to None, run_after=None
[2023-04-16T12:25:14.412+0000] {logging_mixin.py:137} INFO - [2023-04-16T12:25:14.412+0000] {dag.py:3456} INFO - Setting next_dagrun for dataset_produces_1 to 2023-04-15T00:00:00+00:00, run_after=2023-04-16T00:00:00+00:00
[2023-04-16T12:25:14.413+0000] {logging_mixin.py:137} INFO - [2023-04-16T12:25:14.413+0000] {dag.py:3456} INFO - Setting next_dagrun for dataset_produces_2 to None, run_after=None
[2023-04-16T12:25:14.431+0000] {processor.py:175} INFO - Processing /home/airflow/.local/lib/python3.7/site-packages/airflow/example_dags/example_datasets.py took 0.088 seconds
[2023-04-16T13:32:26.264+0000] {processor.py:153} INFO - Started process (PID=35634) to work on /home/airflow/.local/lib/python3.7/site-packages/airflow/example_dags/example_datasets.py
[2023-04-16T13:32:26.265+0000] {processor.py:743} INFO - Processing file /home/airflow/.local/lib/python3.7/site-packages/airflow/example_dags/example_datasets.py for tasks to queue
[2023-04-16T13:32:26.266+0000] {logging_mixin.py:137} INFO - [2023-04-16T13:32:26.266+0000] {dagbag.py:532} INFO - Filling up the DagBag from /home/airflow/.local/lib/python3.7/site-packages/airflow/example_dags/example_datasets.py
[2023-04-16T13:32:26.280+0000] {processor.py:753} INFO - DAG(s) dict_keys(['dataset_produces_1', 'dataset_produces_2', 'dataset_consumes_1_and_2', 'dataset_consumes_1', 'dataset_consumes_unknown_never_scheduled', 'dataset_consumes_1_never_scheduled']) retrieved from /home/airflow/.local/lib/python3.7/site-packages/airflow/example_dags/example_datasets.py
[2023-04-16T13:32:26.309+0000] {logging_mixin.py:137} INFO - [2023-04-16T13:32:26.309+0000] {dag.py:2705} INFO - Sync 6 DAGs
[2023-04-16T13:32:26.325+0000] {logging_mixin.py:137} INFO - [2023-04-16T13:32:26.325+0000] {dag.py:3456} INFO - Setting next_dagrun for dataset_consumes_1 to None, run_after=None
[2023-04-16T13:32:26.328+0000] {logging_mixin.py:137} INFO - [2023-04-16T13:32:26.328+0000] {dag.py:3456} INFO - Setting next_dagrun for dataset_consumes_1_and_2 to None, run_after=None
[2023-04-16T13:32:26.329+0000] {logging_mixin.py:137} INFO - [2023-04-16T13:32:26.329+0000] {dag.py:3456} INFO - Setting next_dagrun for dataset_consumes_1_never_scheduled to None, run_after=None
[2023-04-16T13:32:26.330+0000] {logging_mixin.py:137} INFO - [2023-04-16T13:32:26.330+0000] {dag.py:3456} INFO - Setting next_dagrun for dataset_consumes_unknown_never_scheduled to None, run_after=None
[2023-04-16T13:32:26.332+0000] {logging_mixin.py:137} INFO - [2023-04-16T13:32:26.332+0000] {dag.py:3456} INFO - Setting next_dagrun for dataset_produces_1 to 2023-04-15T00:00:00+00:00, run_after=2023-04-16T00:00:00+00:00
[2023-04-16T13:32:26.333+0000] {logging_mixin.py:137} INFO - [2023-04-16T13:32:26.333+0000] {dag.py:3456} INFO - Setting next_dagrun for dataset_produces_2 to None, run_after=None
[2023-04-16T13:32:26.354+0000] {processor.py:175} INFO - Processing /home/airflow/.local/lib/python3.7/site-packages/airflow/example_dags/example_datasets.py took 0.093 seconds
[2023-04-16T14:26:08.138+0000] {processor.py:153} INFO - Started process (PID=35687) to work on /home/airflow/.local/lib/python3.7/site-packages/airflow/example_dags/example_datasets.py
[2023-04-16T14:26:08.139+0000] {processor.py:743} INFO - Processing file /home/airflow/.local/lib/python3.7/site-packages/airflow/example_dags/example_datasets.py for tasks to queue
[2023-04-16T14:26:08.140+0000] {logging_mixin.py:137} INFO - [2023-04-16T14:26:08.140+0000] {dagbag.py:532} INFO - Filling up the DagBag from /home/airflow/.local/lib/python3.7/site-packages/airflow/example_dags/example_datasets.py
[2023-04-16T14:26:08.154+0000] {processor.py:753} INFO - DAG(s) dict_keys(['dataset_consumes_1_never_scheduled', 'dataset_produces_2', 'dataset_consumes_1_and_2', 'dataset_consumes_unknown_never_scheduled', 'dataset_produces_1', 'dataset_consumes_1']) retrieved from /home/airflow/.local/lib/python3.7/site-packages/airflow/example_dags/example_datasets.py
[2023-04-16T14:26:08.182+0000] {logging_mixin.py:137} INFO - [2023-04-16T14:26:08.182+0000] {dag.py:2705} INFO - Sync 6 DAGs
[2023-04-16T14:26:08.198+0000] {logging_mixin.py:137} INFO - [2023-04-16T14:26:08.198+0000] {dag.py:3456} INFO - Setting next_dagrun for dataset_consumes_1 to None, run_after=None
[2023-04-16T14:26:08.201+0000] {logging_mixin.py:137} INFO - [2023-04-16T14:26:08.201+0000] {dag.py:3456} INFO - Setting next_dagrun for dataset_consumes_1_and_2 to None, run_after=None
[2023-04-16T14:26:08.201+0000] {logging_mixin.py:137} INFO - [2023-04-16T14:26:08.201+0000] {dag.py:3456} INFO - Setting next_dagrun for dataset_consumes_1_never_scheduled to None, run_after=None
[2023-04-16T14:26:08.202+0000] {logging_mixin.py:137} INFO - [2023-04-16T14:26:08.202+0000] {dag.py:3456} INFO - Setting next_dagrun for dataset_consumes_unknown_never_scheduled to None, run_after=None
[2023-04-16T14:26:08.204+0000] {logging_mixin.py:137} INFO - [2023-04-16T14:26:08.204+0000] {dag.py:3456} INFO - Setting next_dagrun for dataset_produces_1 to 2023-04-15T00:00:00+00:00, run_after=2023-04-16T00:00:00+00:00
[2023-04-16T14:26:08.205+0000] {logging_mixin.py:137} INFO - [2023-04-16T14:26:08.205+0000] {dag.py:3456} INFO - Setting next_dagrun for dataset_produces_2 to None, run_after=None
[2023-04-16T14:26:08.222+0000] {processor.py:175} INFO - Processing /home/airflow/.local/lib/python3.7/site-packages/airflow/example_dags/example_datasets.py took 0.087 seconds
[2023-04-16T14:26:38.933+0000] {processor.py:153} INFO - Started process (PID=35740) to work on /home/airflow/.local/lib/python3.7/site-packages/airflow/example_dags/example_datasets.py
[2023-04-16T14:26:38.934+0000] {processor.py:743} INFO - Processing file /home/airflow/.local/lib/python3.7/site-packages/airflow/example_dags/example_datasets.py for tasks to queue
[2023-04-16T14:26:38.935+0000] {logging_mixin.py:137} INFO - [2023-04-16T14:26:38.935+0000] {dagbag.py:532} INFO - Filling up the DagBag from /home/airflow/.local/lib/python3.7/site-packages/airflow/example_dags/example_datasets.py
[2023-04-16T14:26:38.946+0000] {processor.py:753} INFO - DAG(s) dict_keys(['dataset_consumes_1_and_2', 'dataset_produces_1', 'dataset_consumes_1_never_scheduled', 'dataset_produces_2', 'dataset_consumes_unknown_never_scheduled', 'dataset_consumes_1']) retrieved from /home/airflow/.local/lib/python3.7/site-packages/airflow/example_dags/example_datasets.py
[2023-04-16T14:26:38.984+0000] {logging_mixin.py:137} INFO - [2023-04-16T14:26:38.984+0000] {dag.py:2705} INFO - Sync 6 DAGs
[2023-04-16T14:26:39.005+0000] {logging_mixin.py:137} INFO - [2023-04-16T14:26:39.005+0000] {dag.py:3456} INFO - Setting next_dagrun for dataset_consumes_1 to None, run_after=None
[2023-04-16T14:26:39.008+0000] {logging_mixin.py:137} INFO - [2023-04-16T14:26:39.008+0000] {dag.py:3456} INFO - Setting next_dagrun for dataset_consumes_1_and_2 to None, run_after=None
[2023-04-16T14:26:39.009+0000] {logging_mixin.py:137} INFO - [2023-04-16T14:26:39.009+0000] {dag.py:3456} INFO - Setting next_dagrun for dataset_consumes_1_never_scheduled to None, run_after=None
[2023-04-16T14:26:39.009+0000] {logging_mixin.py:137} INFO - [2023-04-16T14:26:39.009+0000] {dag.py:3456} INFO - Setting next_dagrun for dataset_consumes_unknown_never_scheduled to None, run_after=None
[2023-04-16T14:26:39.011+0000] {logging_mixin.py:137} INFO - [2023-04-16T14:26:39.011+0000] {dag.py:3456} INFO - Setting next_dagrun for dataset_produces_1 to 2023-04-15T00:00:00+00:00, run_after=2023-04-16T00:00:00+00:00
[2023-04-16T14:26:39.012+0000] {logging_mixin.py:137} INFO - [2023-04-16T14:26:39.012+0000] {dag.py:3456} INFO - Setting next_dagrun for dataset_produces_2 to None, run_after=None
[2023-04-16T14:26:39.028+0000] {processor.py:175} INFO - Processing /home/airflow/.local/lib/python3.7/site-packages/airflow/example_dags/example_datasets.py took 0.098 seconds
[2023-04-16T15:14:34.889+0000] {processor.py:153} INFO - Started process (PID=35793) to work on /home/airflow/.local/lib/python3.7/site-packages/airflow/example_dags/example_datasets.py
[2023-04-16T15:14:34.891+0000] {processor.py:743} INFO - Processing file /home/airflow/.local/lib/python3.7/site-packages/airflow/example_dags/example_datasets.py for tasks to queue
[2023-04-16T15:14:34.892+0000] {logging_mixin.py:137} INFO - [2023-04-16T15:14:34.891+0000] {dagbag.py:532} INFO - Filling up the DagBag from /home/airflow/.local/lib/python3.7/site-packages/airflow/example_dags/example_datasets.py
[2023-04-16T15:14:34.906+0000] {processor.py:753} INFO - DAG(s) dict_keys(['dataset_produces_2', 'dataset_consumes_1_and_2', 'dataset_consumes_1_never_scheduled', 'dataset_consumes_unknown_never_scheduled', 'dataset_consumes_1', 'dataset_produces_1']) retrieved from /home/airflow/.local/lib/python3.7/site-packages/airflow/example_dags/example_datasets.py
[2023-04-16T15:14:34.951+0000] {logging_mixin.py:137} INFO - [2023-04-16T15:14:34.951+0000] {dag.py:2705} INFO - Sync 6 DAGs
[2023-04-16T15:14:34.974+0000] {logging_mixin.py:137} INFO - [2023-04-16T15:14:34.974+0000] {dag.py:3456} INFO - Setting next_dagrun for dataset_consumes_1 to None, run_after=None
[2023-04-16T15:14:34.977+0000] {logging_mixin.py:137} INFO - [2023-04-16T15:14:34.977+0000] {dag.py:3456} INFO - Setting next_dagrun for dataset_consumes_1_and_2 to None, run_after=None
[2023-04-16T15:14:34.978+0000] {logging_mixin.py:137} INFO - [2023-04-16T15:14:34.978+0000] {dag.py:3456} INFO - Setting next_dagrun for dataset_consumes_1_never_scheduled to None, run_after=None
[2023-04-16T15:14:34.979+0000] {logging_mixin.py:137} INFO - [2023-04-16T15:14:34.979+0000] {dag.py:3456} INFO - Setting next_dagrun for dataset_consumes_unknown_never_scheduled to None, run_after=None
[2023-04-16T15:14:34.981+0000] {logging_mixin.py:137} INFO - [2023-04-16T15:14:34.981+0000] {dag.py:3456} INFO - Setting next_dagrun for dataset_produces_1 to 2023-04-15T00:00:00+00:00, run_after=2023-04-16T00:00:00+00:00
[2023-04-16T15:14:34.982+0000] {logging_mixin.py:137} INFO - [2023-04-16T15:14:34.982+0000] {dag.py:3456} INFO - Setting next_dagrun for dataset_produces_2 to None, run_after=None
[2023-04-16T15:14:35.002+0000] {processor.py:175} INFO - Processing /home/airflow/.local/lib/python3.7/site-packages/airflow/example_dags/example_datasets.py took 0.117 seconds
[2023-04-16T15:15:05.608+0000] {processor.py:153} INFO - Started process (PID=35846) to work on /home/airflow/.local/lib/python3.7/site-packages/airflow/example_dags/example_datasets.py
[2023-04-16T15:15:05.609+0000] {processor.py:743} INFO - Processing file /home/airflow/.local/lib/python3.7/site-packages/airflow/example_dags/example_datasets.py for tasks to queue
[2023-04-16T15:15:05.609+0000] {logging_mixin.py:137} INFO - [2023-04-16T15:15:05.609+0000] {dagbag.py:532} INFO - Filling up the DagBag from /home/airflow/.local/lib/python3.7/site-packages/airflow/example_dags/example_datasets.py
[2023-04-16T15:15:05.620+0000] {processor.py:753} INFO - DAG(s) dict_keys(['dataset_produces_2', 'dataset_consumes_1_never_scheduled', 'dataset_consumes_unknown_never_scheduled', 'dataset_produces_1', 'dataset_consumes_1_and_2', 'dataset_consumes_1']) retrieved from /home/airflow/.local/lib/python3.7/site-packages/airflow/example_dags/example_datasets.py
[2023-04-16T15:15:05.645+0000] {logging_mixin.py:137} INFO - [2023-04-16T15:15:05.645+0000] {dag.py:2705} INFO - Sync 6 DAGs
[2023-04-16T15:15:05.659+0000] {logging_mixin.py:137} INFO - [2023-04-16T15:15:05.659+0000] {dag.py:3456} INFO - Setting next_dagrun for dataset_consumes_1 to None, run_after=None
[2023-04-16T15:15:05.661+0000] {logging_mixin.py:137} INFO - [2023-04-16T15:15:05.661+0000] {dag.py:3456} INFO - Setting next_dagrun for dataset_consumes_1_and_2 to None, run_after=None
[2023-04-16T15:15:05.662+0000] {logging_mixin.py:137} INFO - [2023-04-16T15:15:05.662+0000] {dag.py:3456} INFO - Setting next_dagrun for dataset_consumes_1_never_scheduled to None, run_after=None
[2023-04-16T15:15:05.663+0000] {logging_mixin.py:137} INFO - [2023-04-16T15:15:05.663+0000] {dag.py:3456} INFO - Setting next_dagrun for dataset_consumes_unknown_never_scheduled to None, run_after=None
[2023-04-16T15:15:05.664+0000] {logging_mixin.py:137} INFO - [2023-04-16T15:15:05.664+0000] {dag.py:3456} INFO - Setting next_dagrun for dataset_produces_1 to 2023-04-15T00:00:00+00:00, run_after=2023-04-16T00:00:00+00:00
[2023-04-16T15:15:05.665+0000] {logging_mixin.py:137} INFO - [2023-04-16T15:15:05.665+0000] {dag.py:3456} INFO - Setting next_dagrun for dataset_produces_2 to None, run_after=None
[2023-04-16T15:15:05.681+0000] {processor.py:175} INFO - Processing /home/airflow/.local/lib/python3.7/site-packages/airflow/example_dags/example_datasets.py took 0.076 seconds
[2023-04-16T16:03:32.779+0000] {processor.py:153} INFO - Started process (PID=35899) to work on /home/airflow/.local/lib/python3.7/site-packages/airflow/example_dags/example_datasets.py
[2023-04-16T16:03:32.781+0000] {processor.py:743} INFO - Processing file /home/airflow/.local/lib/python3.7/site-packages/airflow/example_dags/example_datasets.py for tasks to queue
[2023-04-16T16:03:32.781+0000] {logging_mixin.py:137} INFO - [2023-04-16T16:03:32.781+0000] {dagbag.py:532} INFO - Filling up the DagBag from /home/airflow/.local/lib/python3.7/site-packages/airflow/example_dags/example_datasets.py
[2023-04-16T16:03:32.801+0000] {processor.py:753} INFO - DAG(s) dict_keys(['dataset_consumes_1_never_scheduled', 'dataset_consumes_unknown_never_scheduled', 'dataset_consumes_1_and_2', 'dataset_produces_1', 'dataset_consumes_1', 'dataset_produces_2']) retrieved from /home/airflow/.local/lib/python3.7/site-packages/airflow/example_dags/example_datasets.py
[2023-04-16T16:03:32.835+0000] {logging_mixin.py:137} INFO - [2023-04-16T16:03:32.835+0000] {dag.py:2705} INFO - Sync 6 DAGs
[2023-04-16T16:03:32.853+0000] {logging_mixin.py:137} INFO - [2023-04-16T16:03:32.853+0000] {dag.py:3456} INFO - Setting next_dagrun for dataset_consumes_1 to None, run_after=None
[2023-04-16T16:03:32.855+0000] {logging_mixin.py:137} INFO - [2023-04-16T16:03:32.855+0000] {dag.py:3456} INFO - Setting next_dagrun for dataset_consumes_1_and_2 to None, run_after=None
[2023-04-16T16:03:32.856+0000] {logging_mixin.py:137} INFO - [2023-04-16T16:03:32.856+0000] {dag.py:3456} INFO - Setting next_dagrun for dataset_consumes_1_never_scheduled to None, run_after=None
[2023-04-16T16:03:32.857+0000] {logging_mixin.py:137} INFO - [2023-04-16T16:03:32.857+0000] {dag.py:3456} INFO - Setting next_dagrun for dataset_consumes_unknown_never_scheduled to None, run_after=None
[2023-04-16T16:03:32.859+0000] {logging_mixin.py:137} INFO - [2023-04-16T16:03:32.859+0000] {dag.py:3456} INFO - Setting next_dagrun for dataset_produces_1 to 2023-04-15T00:00:00+00:00, run_after=2023-04-16T00:00:00+00:00
[2023-04-16T16:03:32.860+0000] {logging_mixin.py:137} INFO - [2023-04-16T16:03:32.860+0000] {dag.py:3456} INFO - Setting next_dagrun for dataset_produces_2 to None, run_after=None
[2023-04-16T16:03:32.878+0000] {processor.py:175} INFO - Processing /home/airflow/.local/lib/python3.7/site-packages/airflow/example_dags/example_datasets.py took 0.105 seconds
[2023-04-16T17:09:33.697+0000] {processor.py:153} INFO - Started process (PID=35952) to work on /home/airflow/.local/lib/python3.7/site-packages/airflow/example_dags/example_datasets.py
[2023-04-16T17:09:33.698+0000] {processor.py:743} INFO - Processing file /home/airflow/.local/lib/python3.7/site-packages/airflow/example_dags/example_datasets.py for tasks to queue
[2023-04-16T17:09:33.698+0000] {logging_mixin.py:137} INFO - [2023-04-16T17:09:33.698+0000] {dagbag.py:532} INFO - Filling up the DagBag from /home/airflow/.local/lib/python3.7/site-packages/airflow/example_dags/example_datasets.py
[2023-04-16T17:09:33.712+0000] {processor.py:753} INFO - DAG(s) dict_keys(['dataset_consumes_1_never_scheduled', 'dataset_consumes_unknown_never_scheduled', 'dataset_consumes_1_and_2', 'dataset_produces_2', 'dataset_produces_1', 'dataset_consumes_1']) retrieved from /home/airflow/.local/lib/python3.7/site-packages/airflow/example_dags/example_datasets.py
[2023-04-16T17:09:33.739+0000] {logging_mixin.py:137} INFO - [2023-04-16T17:09:33.739+0000] {dag.py:2705} INFO - Sync 6 DAGs
[2023-04-16T17:09:33.759+0000] {logging_mixin.py:137} INFO - [2023-04-16T17:09:33.758+0000] {dag.py:3456} INFO - Setting next_dagrun for dataset_consumes_1 to None, run_after=None
[2023-04-16T17:09:33.761+0000] {logging_mixin.py:137} INFO - [2023-04-16T17:09:33.761+0000] {dag.py:3456} INFO - Setting next_dagrun for dataset_consumes_1_and_2 to None, run_after=None
[2023-04-16T17:09:33.762+0000] {logging_mixin.py:137} INFO - [2023-04-16T17:09:33.762+0000] {dag.py:3456} INFO - Setting next_dagrun for dataset_consumes_1_never_scheduled to None, run_after=None
[2023-04-16T17:09:33.763+0000] {logging_mixin.py:137} INFO - [2023-04-16T17:09:33.763+0000] {dag.py:3456} INFO - Setting next_dagrun for dataset_consumes_unknown_never_scheduled to None, run_after=None
[2023-04-16T17:09:33.765+0000] {logging_mixin.py:137} INFO - [2023-04-16T17:09:33.764+0000] {dag.py:3456} INFO - Setting next_dagrun for dataset_produces_1 to 2023-04-15T00:00:00+00:00, run_after=2023-04-16T00:00:00+00:00
[2023-04-16T17:09:33.765+0000] {logging_mixin.py:137} INFO - [2023-04-16T17:09:33.765+0000] {dag.py:3456} INFO - Setting next_dagrun for dataset_produces_2 to None, run_after=None
[2023-04-16T17:09:33.783+0000] {processor.py:175} INFO - Processing /home/airflow/.local/lib/python3.7/site-packages/airflow/example_dags/example_datasets.py took 0.089 seconds
[2023-04-16T18:32:25.103+0000] {processor.py:153} INFO - Started process (PID=36005) to work on /home/airflow/.local/lib/python3.7/site-packages/airflow/example_dags/example_datasets.py
[2023-04-16T18:32:25.104+0000] {processor.py:743} INFO - Processing file /home/airflow/.local/lib/python3.7/site-packages/airflow/example_dags/example_datasets.py for tasks to queue
[2023-04-16T18:32:25.105+0000] {logging_mixin.py:137} INFO - [2023-04-16T18:32:25.105+0000] {dagbag.py:532} INFO - Filling up the DagBag from /home/airflow/.local/lib/python3.7/site-packages/airflow/example_dags/example_datasets.py
[2023-04-16T18:32:25.121+0000] {processor.py:753} INFO - DAG(s) dict_keys(['dataset_consumes_unknown_never_scheduled', 'dataset_consumes_1_never_scheduled', 'dataset_produces_1', 'dataset_consumes_1_and_2', 'dataset_produces_2', 'dataset_consumes_1']) retrieved from /home/airflow/.local/lib/python3.7/site-packages/airflow/example_dags/example_datasets.py
[2023-04-16T18:32:25.149+0000] {logging_mixin.py:137} INFO - [2023-04-16T18:32:25.149+0000] {dag.py:2705} INFO - Sync 6 DAGs
[2023-04-16T18:32:25.165+0000] {logging_mixin.py:137} INFO - [2023-04-16T18:32:25.165+0000] {dag.py:3456} INFO - Setting next_dagrun for dataset_consumes_1 to None, run_after=None
[2023-04-16T18:32:25.167+0000] {logging_mixin.py:137} INFO - [2023-04-16T18:32:25.167+0000] {dag.py:3456} INFO - Setting next_dagrun for dataset_consumes_1_and_2 to None, run_after=None
[2023-04-16T18:32:25.168+0000] {logging_mixin.py:137} INFO - [2023-04-16T18:32:25.168+0000] {dag.py:3456} INFO - Setting next_dagrun for dataset_consumes_1_never_scheduled to None, run_after=None
[2023-04-16T18:32:25.169+0000] {logging_mixin.py:137} INFO - [2023-04-16T18:32:25.169+0000] {dag.py:3456} INFO - Setting next_dagrun for dataset_consumes_unknown_never_scheduled to None, run_after=None
[2023-04-16T18:32:25.170+0000] {logging_mixin.py:137} INFO - [2023-04-16T18:32:25.170+0000] {dag.py:3456} INFO - Setting next_dagrun for dataset_produces_1 to 2023-04-15T00:00:00+00:00, run_after=2023-04-16T00:00:00+00:00
[2023-04-16T18:32:25.171+0000] {logging_mixin.py:137} INFO - [2023-04-16T18:32:25.171+0000] {dag.py:3456} INFO - Setting next_dagrun for dataset_produces_2 to None, run_after=None
[2023-04-16T18:32:25.187+0000] {processor.py:175} INFO - Processing /home/airflow/.local/lib/python3.7/site-packages/airflow/example_dags/example_datasets.py took 0.089 seconds
[2023-04-16T19:39:49.851+0000] {processor.py:153} INFO - Started process (PID=36058) to work on /home/airflow/.local/lib/python3.7/site-packages/airflow/example_dags/example_datasets.py
[2023-04-16T19:39:49.853+0000] {processor.py:743} INFO - Processing file /home/airflow/.local/lib/python3.7/site-packages/airflow/example_dags/example_datasets.py for tasks to queue
[2023-04-16T19:39:49.854+0000] {logging_mixin.py:137} INFO - [2023-04-16T19:39:49.854+0000] {dagbag.py:532} INFO - Filling up the DagBag from /home/airflow/.local/lib/python3.7/site-packages/airflow/example_dags/example_datasets.py
[2023-04-16T19:39:49.870+0000] {processor.py:753} INFO - DAG(s) dict_keys(['dataset_consumes_1_and_2', 'dataset_consumes_unknown_never_scheduled', 'dataset_produces_1', 'dataset_consumes_1_never_scheduled', 'dataset_consumes_1', 'dataset_produces_2']) retrieved from /home/airflow/.local/lib/python3.7/site-packages/airflow/example_dags/example_datasets.py
[2023-04-16T19:39:49.909+0000] {logging_mixin.py:137} INFO - [2023-04-16T19:39:49.908+0000] {dag.py:2705} INFO - Sync 6 DAGs
[2023-04-16T19:39:49.929+0000] {logging_mixin.py:137} INFO - [2023-04-16T19:39:49.929+0000] {dag.py:3456} INFO - Setting next_dagrun for dataset_consumes_1 to None, run_after=None
[2023-04-16T19:39:49.931+0000] {logging_mixin.py:137} INFO - [2023-04-16T19:39:49.931+0000] {dag.py:3456} INFO - Setting next_dagrun for dataset_consumes_1_and_2 to None, run_after=None
[2023-04-16T19:39:49.932+0000] {logging_mixin.py:137} INFO - [2023-04-16T19:39:49.932+0000] {dag.py:3456} INFO - Setting next_dagrun for dataset_consumes_1_never_scheduled to None, run_after=None
[2023-04-16T19:39:49.933+0000] {logging_mixin.py:137} INFO - [2023-04-16T19:39:49.933+0000] {dag.py:3456} INFO - Setting next_dagrun for dataset_consumes_unknown_never_scheduled to None, run_after=None
[2023-04-16T19:39:49.935+0000] {logging_mixin.py:137} INFO - [2023-04-16T19:39:49.935+0000] {dag.py:3456} INFO - Setting next_dagrun for dataset_produces_1 to 2023-04-15T00:00:00+00:00, run_after=2023-04-16T00:00:00+00:00
[2023-04-16T19:39:49.936+0000] {logging_mixin.py:137} INFO - [2023-04-16T19:39:49.936+0000] {dag.py:3456} INFO - Setting next_dagrun for dataset_produces_2 to None, run_after=None
[2023-04-16T19:39:49.956+0000] {processor.py:175} INFO - Processing /home/airflow/.local/lib/python3.7/site-packages/airflow/example_dags/example_datasets.py took 0.109 seconds
[2023-04-16T20:44:59.787+0000] {processor.py:153} INFO - Started process (PID=36111) to work on /home/airflow/.local/lib/python3.7/site-packages/airflow/example_dags/example_datasets.py
[2023-04-16T20:44:59.788+0000] {processor.py:743} INFO - Processing file /home/airflow/.local/lib/python3.7/site-packages/airflow/example_dags/example_datasets.py for tasks to queue
[2023-04-16T20:44:59.788+0000] {logging_mixin.py:137} INFO - [2023-04-16T20:44:59.788+0000] {dagbag.py:532} INFO - Filling up the DagBag from /home/airflow/.local/lib/python3.7/site-packages/airflow/example_dags/example_datasets.py
[2023-04-16T20:44:59.804+0000] {processor.py:753} INFO - DAG(s) dict_keys(['dataset_consumes_unknown_never_scheduled', 'dataset_consumes_1_never_scheduled', 'dataset_produces_1', 'dataset_consumes_1', 'dataset_produces_2', 'dataset_consumes_1_and_2']) retrieved from /home/airflow/.local/lib/python3.7/site-packages/airflow/example_dags/example_datasets.py
[2023-04-16T20:44:59.833+0000] {logging_mixin.py:137} INFO - [2023-04-16T20:44:59.833+0000] {dag.py:2705} INFO - Sync 6 DAGs
[2023-04-16T20:44:59.850+0000] {logging_mixin.py:137} INFO - [2023-04-16T20:44:59.850+0000] {dag.py:3456} INFO - Setting next_dagrun for dataset_consumes_1 to None, run_after=None
[2023-04-16T20:44:59.853+0000] {logging_mixin.py:137} INFO - [2023-04-16T20:44:59.853+0000] {dag.py:3456} INFO - Setting next_dagrun for dataset_consumes_1_and_2 to None, run_after=None
[2023-04-16T20:44:59.854+0000] {logging_mixin.py:137} INFO - [2023-04-16T20:44:59.854+0000] {dag.py:3456} INFO - Setting next_dagrun for dataset_consumes_1_never_scheduled to None, run_after=None
[2023-04-16T20:44:59.855+0000] {logging_mixin.py:137} INFO - [2023-04-16T20:44:59.855+0000] {dag.py:3456} INFO - Setting next_dagrun for dataset_consumes_unknown_never_scheduled to None, run_after=None
[2023-04-16T20:44:59.857+0000] {logging_mixin.py:137} INFO - [2023-04-16T20:44:59.857+0000] {dag.py:3456} INFO - Setting next_dagrun for dataset_produces_1 to 2023-04-15T00:00:00+00:00, run_after=2023-04-16T00:00:00+00:00
[2023-04-16T20:44:59.858+0000] {logging_mixin.py:137} INFO - [2023-04-16T20:44:59.858+0000] {dag.py:3456} INFO - Setting next_dagrun for dataset_produces_2 to None, run_after=None
[2023-04-16T20:44:59.873+0000] {processor.py:175} INFO - Processing /home/airflow/.local/lib/python3.7/site-packages/airflow/example_dags/example_datasets.py took 0.090 seconds
[2023-04-16T21:52:25.554+0000] {processor.py:153} INFO - Started process (PID=36164) to work on /home/airflow/.local/lib/python3.7/site-packages/airflow/example_dags/example_datasets.py
[2023-04-16T21:52:25.555+0000] {processor.py:743} INFO - Processing file /home/airflow/.local/lib/python3.7/site-packages/airflow/example_dags/example_datasets.py for tasks to queue
[2023-04-16T21:52:25.555+0000] {logging_mixin.py:137} INFO - [2023-04-16T21:52:25.555+0000] {dagbag.py:532} INFO - Filling up the DagBag from /home/airflow/.local/lib/python3.7/site-packages/airflow/example_dags/example_datasets.py
[2023-04-16T21:52:25.566+0000] {processor.py:753} INFO - DAG(s) dict_keys(['dataset_consumes_1', 'dataset_consumes_1_never_scheduled', 'dataset_produces_2', 'dataset_consumes_1_and_2', 'dataset_produces_1', 'dataset_consumes_unknown_never_scheduled']) retrieved from /home/airflow/.local/lib/python3.7/site-packages/airflow/example_dags/example_datasets.py
[2023-04-16T21:52:25.592+0000] {logging_mixin.py:137} INFO - [2023-04-16T21:52:25.592+0000] {dag.py:2705} INFO - Sync 6 DAGs
[2023-04-16T21:52:25.607+0000] {logging_mixin.py:137} INFO - [2023-04-16T21:52:25.607+0000] {dag.py:3456} INFO - Setting next_dagrun for dataset_consumes_1 to None, run_after=None
[2023-04-16T21:52:25.609+0000] {logging_mixin.py:137} INFO - [2023-04-16T21:52:25.609+0000] {dag.py:3456} INFO - Setting next_dagrun for dataset_consumes_1_and_2 to None, run_after=None
[2023-04-16T21:52:25.610+0000] {logging_mixin.py:137} INFO - [2023-04-16T21:52:25.610+0000] {dag.py:3456} INFO - Setting next_dagrun for dataset_consumes_1_never_scheduled to None, run_after=None
[2023-04-16T21:52:25.611+0000] {logging_mixin.py:137} INFO - [2023-04-16T21:52:25.611+0000] {dag.py:3456} INFO - Setting next_dagrun for dataset_consumes_unknown_never_scheduled to None, run_after=None
[2023-04-16T21:52:25.613+0000] {logging_mixin.py:137} INFO - [2023-04-16T21:52:25.613+0000] {dag.py:3456} INFO - Setting next_dagrun for dataset_produces_1 to 2023-04-15T00:00:00+00:00, run_after=2023-04-16T00:00:00+00:00
[2023-04-16T21:52:25.614+0000] {logging_mixin.py:137} INFO - [2023-04-16T21:52:25.613+0000] {dag.py:3456} INFO - Setting next_dagrun for dataset_produces_2 to None, run_after=None
[2023-04-16T21:52:25.629+0000] {processor.py:175} INFO - Processing /home/airflow/.local/lib/python3.7/site-packages/airflow/example_dags/example_datasets.py took 0.079 seconds
[2023-04-16T22:18:55.382+0000] {processor.py:153} INFO - Started process (PID=36217) to work on /home/airflow/.local/lib/python3.7/site-packages/airflow/example_dags/example_datasets.py
[2023-04-16T22:18:55.383+0000] {processor.py:743} INFO - Processing file /home/airflow/.local/lib/python3.7/site-packages/airflow/example_dags/example_datasets.py for tasks to queue
[2023-04-16T22:18:55.383+0000] {logging_mixin.py:137} INFO - [2023-04-16T22:18:55.383+0000] {dagbag.py:532} INFO - Filling up the DagBag from /home/airflow/.local/lib/python3.7/site-packages/airflow/example_dags/example_datasets.py
[2023-04-16T22:18:55.395+0000] {processor.py:753} INFO - DAG(s) dict_keys(['dataset_consumes_1', 'dataset_consumes_1_and_2', 'dataset_produces_1', 'dataset_consumes_1_never_scheduled', 'dataset_consumes_unknown_never_scheduled', 'dataset_produces_2']) retrieved from /home/airflow/.local/lib/python3.7/site-packages/airflow/example_dags/example_datasets.py
[2023-04-16T22:18:55.421+0000] {logging_mixin.py:137} INFO - [2023-04-16T22:18:55.421+0000] {dag.py:2705} INFO - Sync 6 DAGs
[2023-04-16T22:18:55.436+0000] {logging_mixin.py:137} INFO - [2023-04-16T22:18:55.436+0000] {dag.py:3456} INFO - Setting next_dagrun for dataset_consumes_1 to None, run_after=None
[2023-04-16T22:18:55.438+0000] {logging_mixin.py:137} INFO - [2023-04-16T22:18:55.438+0000] {dag.py:3456} INFO - Setting next_dagrun for dataset_consumes_1_and_2 to None, run_after=None
[2023-04-16T22:18:55.438+0000] {logging_mixin.py:137} INFO - [2023-04-16T22:18:55.438+0000] {dag.py:3456} INFO - Setting next_dagrun for dataset_consumes_1_never_scheduled to None, run_after=None
[2023-04-16T22:18:55.439+0000] {logging_mixin.py:137} INFO - [2023-04-16T22:18:55.439+0000] {dag.py:3456} INFO - Setting next_dagrun for dataset_consumes_unknown_never_scheduled to None, run_after=None
[2023-04-16T22:18:55.441+0000] {logging_mixin.py:137} INFO - [2023-04-16T22:18:55.441+0000] {dag.py:3456} INFO - Setting next_dagrun for dataset_produces_1 to 2023-04-15T00:00:00+00:00, run_after=2023-04-16T00:00:00+00:00
[2023-04-16T22:18:55.442+0000] {logging_mixin.py:137} INFO - [2023-04-16T22:18:55.442+0000] {dag.py:3456} INFO - Setting next_dagrun for dataset_produces_2 to None, run_after=None
[2023-04-16T22:18:55.458+0000] {processor.py:175} INFO - Processing /home/airflow/.local/lib/python3.7/site-packages/airflow/example_dags/example_datasets.py took 0.080 seconds
[2023-04-16T22:19:25.773+0000] {processor.py:153} INFO - Started process (PID=36270) to work on /home/airflow/.local/lib/python3.7/site-packages/airflow/example_dags/example_datasets.py
[2023-04-16T22:19:25.774+0000] {processor.py:743} INFO - Processing file /home/airflow/.local/lib/python3.7/site-packages/airflow/example_dags/example_datasets.py for tasks to queue
[2023-04-16T22:19:25.775+0000] {logging_mixin.py:137} INFO - [2023-04-16T22:19:25.775+0000] {dagbag.py:532} INFO - Filling up the DagBag from /home/airflow/.local/lib/python3.7/site-packages/airflow/example_dags/example_datasets.py
[2023-04-16T22:19:25.789+0000] {processor.py:753} INFO - DAG(s) dict_keys(['dataset_produces_1', 'dataset_produces_2', 'dataset_consumes_unknown_never_scheduled', 'dataset_consumes_1_and_2', 'dataset_consumes_1', 'dataset_consumes_1_never_scheduled']) retrieved from /home/airflow/.local/lib/python3.7/site-packages/airflow/example_dags/example_datasets.py
[2023-04-16T22:19:25.817+0000] {logging_mixin.py:137} INFO - [2023-04-16T22:19:25.817+0000] {dag.py:2705} INFO - Sync 6 DAGs
[2023-04-16T22:19:25.833+0000] {logging_mixin.py:137} INFO - [2023-04-16T22:19:25.833+0000] {dag.py:3456} INFO - Setting next_dagrun for dataset_consumes_1 to None, run_after=None
[2023-04-16T22:19:25.835+0000] {logging_mixin.py:137} INFO - [2023-04-16T22:19:25.835+0000] {dag.py:3456} INFO - Setting next_dagrun for dataset_consumes_1_and_2 to None, run_after=None
[2023-04-16T22:19:25.836+0000] {logging_mixin.py:137} INFO - [2023-04-16T22:19:25.836+0000] {dag.py:3456} INFO - Setting next_dagrun for dataset_consumes_1_never_scheduled to None, run_after=None
[2023-04-16T22:19:25.837+0000] {logging_mixin.py:137} INFO - [2023-04-16T22:19:25.837+0000] {dag.py:3456} INFO - Setting next_dagrun for dataset_consumes_unknown_never_scheduled to None, run_after=None
[2023-04-16T22:19:25.838+0000] {logging_mixin.py:137} INFO - [2023-04-16T22:19:25.838+0000] {dag.py:3456} INFO - Setting next_dagrun for dataset_produces_1 to 2023-04-15T00:00:00+00:00, run_after=2023-04-16T00:00:00+00:00
[2023-04-16T22:19:25.839+0000] {logging_mixin.py:137} INFO - [2023-04-16T22:19:25.839+0000] {dag.py:3456} INFO - Setting next_dagrun for dataset_produces_2 to None, run_after=None
[2023-04-16T22:19:25.855+0000] {processor.py:175} INFO - Processing /home/airflow/.local/lib/python3.7/site-packages/airflow/example_dags/example_datasets.py took 0.085 seconds
[2023-04-16T22:39:20.041+0000] {processor.py:153} INFO - Started process (PID=36323) to work on /home/airflow/.local/lib/python3.7/site-packages/airflow/example_dags/example_datasets.py
[2023-04-16T22:39:20.042+0000] {processor.py:743} INFO - Processing file /home/airflow/.local/lib/python3.7/site-packages/airflow/example_dags/example_datasets.py for tasks to queue
[2023-04-16T22:39:20.043+0000] {logging_mixin.py:137} INFO - [2023-04-16T22:39:20.043+0000] {dagbag.py:532} INFO - Filling up the DagBag from /home/airflow/.local/lib/python3.7/site-packages/airflow/example_dags/example_datasets.py
[2023-04-16T22:39:20.053+0000] {processor.py:753} INFO - DAG(s) dict_keys(['dataset_consumes_1_and_2', 'dataset_produces_2', 'dataset_produces_1', 'dataset_consumes_unknown_never_scheduled', 'dataset_consumes_1', 'dataset_consumes_1_never_scheduled']) retrieved from /home/airflow/.local/lib/python3.7/site-packages/airflow/example_dags/example_datasets.py
[2023-04-16T22:39:20.078+0000] {logging_mixin.py:137} INFO - [2023-04-16T22:39:20.078+0000] {dag.py:2705} INFO - Sync 6 DAGs
[2023-04-16T22:39:20.092+0000] {logging_mixin.py:137} INFO - [2023-04-16T22:39:20.092+0000] {dag.py:3456} INFO - Setting next_dagrun for dataset_consumes_1 to None, run_after=None
[2023-04-16T22:39:20.094+0000] {logging_mixin.py:137} INFO - [2023-04-16T22:39:20.094+0000] {dag.py:3456} INFO - Setting next_dagrun for dataset_consumes_1_and_2 to None, run_after=None
[2023-04-16T22:39:20.095+0000] {logging_mixin.py:137} INFO - [2023-04-16T22:39:20.095+0000] {dag.py:3456} INFO - Setting next_dagrun for dataset_consumes_1_never_scheduled to None, run_after=None
[2023-04-16T22:39:20.095+0000] {logging_mixin.py:137} INFO - [2023-04-16T22:39:20.095+0000] {dag.py:3456} INFO - Setting next_dagrun for dataset_consumes_unknown_never_scheduled to None, run_after=None
[2023-04-16T22:39:20.097+0000] {logging_mixin.py:137} INFO - [2023-04-16T22:39:20.097+0000] {dag.py:3456} INFO - Setting next_dagrun for dataset_produces_1 to 2023-04-15T00:00:00+00:00, run_after=2023-04-16T00:00:00+00:00
[2023-04-16T22:39:20.098+0000] {logging_mixin.py:137} INFO - [2023-04-16T22:39:20.098+0000] {dag.py:3456} INFO - Setting next_dagrun for dataset_produces_2 to None, run_after=None
[2023-04-16T22:39:20.114+0000] {processor.py:175} INFO - Processing /home/airflow/.local/lib/python3.7/site-packages/airflow/example_dags/example_datasets.py took 0.075 seconds
[2023-04-16T22:39:50.533+0000] {processor.py:153} INFO - Started process (PID=36376) to work on /home/airflow/.local/lib/python3.7/site-packages/airflow/example_dags/example_datasets.py
[2023-04-16T22:39:50.534+0000] {processor.py:743} INFO - Processing file /home/airflow/.local/lib/python3.7/site-packages/airflow/example_dags/example_datasets.py for tasks to queue
[2023-04-16T22:39:50.534+0000] {logging_mixin.py:137} INFO - [2023-04-16T22:39:50.534+0000] {dagbag.py:532} INFO - Filling up the DagBag from /home/airflow/.local/lib/python3.7/site-packages/airflow/example_dags/example_datasets.py
[2023-04-16T22:39:50.547+0000] {processor.py:753} INFO - DAG(s) dict_keys(['dataset_produces_2', 'dataset_consumes_1_and_2', 'dataset_consumes_1', 'dataset_consumes_unknown_never_scheduled', 'dataset_produces_1', 'dataset_consumes_1_never_scheduled']) retrieved from /home/airflow/.local/lib/python3.7/site-packages/airflow/example_dags/example_datasets.py
[2023-04-16T22:39:50.572+0000] {logging_mixin.py:137} INFO - [2023-04-16T22:39:50.572+0000] {dag.py:2705} INFO - Sync 6 DAGs
[2023-04-16T22:39:50.587+0000] {logging_mixin.py:137} INFO - [2023-04-16T22:39:50.587+0000] {dag.py:3456} INFO - Setting next_dagrun for dataset_consumes_1 to None, run_after=None
[2023-04-16T22:39:50.589+0000] {logging_mixin.py:137} INFO - [2023-04-16T22:39:50.589+0000] {dag.py:3456} INFO - Setting next_dagrun for dataset_consumes_1_and_2 to None, run_after=None
[2023-04-16T22:39:50.590+0000] {logging_mixin.py:137} INFO - [2023-04-16T22:39:50.590+0000] {dag.py:3456} INFO - Setting next_dagrun for dataset_consumes_1_never_scheduled to None, run_after=None
[2023-04-16T22:39:50.591+0000] {logging_mixin.py:137} INFO - [2023-04-16T22:39:50.591+0000] {dag.py:3456} INFO - Setting next_dagrun for dataset_consumes_unknown_never_scheduled to None, run_after=None
[2023-04-16T22:39:50.593+0000] {logging_mixin.py:137} INFO - [2023-04-16T22:39:50.593+0000] {dag.py:3456} INFO - Setting next_dagrun for dataset_produces_1 to 2023-04-15T00:00:00+00:00, run_after=2023-04-16T00:00:00+00:00
[2023-04-16T22:39:50.594+0000] {logging_mixin.py:137} INFO - [2023-04-16T22:39:50.594+0000] {dag.py:3456} INFO - Setting next_dagrun for dataset_produces_2 to None, run_after=None
[2023-04-16T22:39:50.610+0000] {processor.py:175} INFO - Processing /home/airflow/.local/lib/python3.7/site-packages/airflow/example_dags/example_datasets.py took 0.080 seconds
