[2023-04-16T00:33:36.088+0000] {processor.py:153} INFO - Started process (PID=34875) to work on /home/airflow/.local/lib/python3.7/site-packages/airflow/example_dags/example_subdag_operator.py
[2023-04-16T00:33:36.089+0000] {processor.py:743} INFO - Processing file /home/airflow/.local/lib/python3.7/site-packages/airflow/example_dags/example_subdag_operator.py for tasks to queue
[2023-04-16T00:33:36.090+0000] {logging_mixin.py:137} INFO - [2023-04-16T00:33:36.090+0000] {dagbag.py:532} INFO - Filling up the DagBag from /home/airflow/.local/lib/python3.7/site-packages/airflow/example_dags/example_subdag_operator.py
[2023-04-16T00:33:36.123+0000] {processor.py:753} INFO - DAG(s) dict_keys(['example_subdag_operator.section-1', 'example_subdag_operator.section-2', 'example_subdag_operator']) retrieved from /home/airflow/.local/lib/python3.7/site-packages/airflow/example_dags/example_subdag_operator.py
[2023-04-16T00:33:36.138+0000] {logging_mixin.py:137} INFO - [2023-04-16T00:33:36.138+0000] {dag.py:2705} INFO - Sync 3 DAGs
[2023-04-16T00:33:36.154+0000] {logging_mixin.py:137} INFO - [2023-04-16T00:33:36.154+0000] {dag.py:3456} INFO - Setting next_dagrun for example_subdag_operator to 2022-01-01T00:00:00+00:00, run_after=2022-01-01T00:00:00+00:00
[2023-04-16T00:33:36.156+0000] {logging_mixin.py:137} INFO - [2023-04-16T00:33:36.156+0000] {dag.py:3456} INFO - Setting next_dagrun for example_subdag_operator.section-1 to None, run_after=None
[2023-04-16T00:33:36.157+0000] {logging_mixin.py:137} INFO - [2023-04-16T00:33:36.157+0000] {dag.py:3456} INFO - Setting next_dagrun for example_subdag_operator.section-2 to None, run_after=None
[2023-04-16T00:33:36.161+0000] {logging_mixin.py:137} INFO - [2023-04-16T00:33:36.161+0000] {dag.py:2705} INFO - Sync 2 DAGs
[2023-04-16T00:33:36.164+0000] {logging_mixin.py:137} INFO - [2023-04-16T00:33:36.164+0000] {dag.py:3456} INFO - Setting next_dagrun for example_subdag_operator.section-1 to None, run_after=None
[2023-04-16T00:33:36.165+0000] {logging_mixin.py:137} INFO - [2023-04-16T00:33:36.165+0000] {dag.py:3456} INFO - Setting next_dagrun for example_subdag_operator.section-2 to None, run_after=None
[2023-04-16T00:33:36.173+0000] {processor.py:175} INFO - Processing /home/airflow/.local/lib/python3.7/site-packages/airflow/example_dags/example_subdag_operator.py took 0.087 seconds
[2023-04-16T01:42:55.987+0000] {processor.py:153} INFO - Started process (PID=34928) to work on /home/airflow/.local/lib/python3.7/site-packages/airflow/example_dags/example_subdag_operator.py
[2023-04-16T01:42:55.988+0000] {processor.py:743} INFO - Processing file /home/airflow/.local/lib/python3.7/site-packages/airflow/example_dags/example_subdag_operator.py for tasks to queue
[2023-04-16T01:42:55.988+0000] {logging_mixin.py:137} INFO - [2023-04-16T01:42:55.988+0000] {dagbag.py:532} INFO - Filling up the DagBag from /home/airflow/.local/lib/python3.7/site-packages/airflow/example_dags/example_subdag_operator.py
[2023-04-16T01:42:56.012+0000] {processor.py:753} INFO - DAG(s) dict_keys(['example_subdag_operator.section-1', 'example_subdag_operator.section-2', 'example_subdag_operator']) retrieved from /home/airflow/.local/lib/python3.7/site-packages/airflow/example_dags/example_subdag_operator.py
[2023-04-16T01:42:56.026+0000] {logging_mixin.py:137} INFO - [2023-04-16T01:42:56.026+0000] {dag.py:2705} INFO - Sync 3 DAGs
[2023-04-16T01:42:56.040+0000] {logging_mixin.py:137} INFO - [2023-04-16T01:42:56.040+0000] {dag.py:3456} INFO - Setting next_dagrun for example_subdag_operator to 2022-01-01T00:00:00+00:00, run_after=2022-01-01T00:00:00+00:00
[2023-04-16T01:42:56.043+0000] {logging_mixin.py:137} INFO - [2023-04-16T01:42:56.043+0000] {dag.py:3456} INFO - Setting next_dagrun for example_subdag_operator.section-1 to None, run_after=None
[2023-04-16T01:42:56.044+0000] {logging_mixin.py:137} INFO - [2023-04-16T01:42:56.044+0000] {dag.py:3456} INFO - Setting next_dagrun for example_subdag_operator.section-2 to None, run_after=None
[2023-04-16T01:42:56.048+0000] {logging_mixin.py:137} INFO - [2023-04-16T01:42:56.048+0000] {dag.py:2705} INFO - Sync 2 DAGs
[2023-04-16T01:42:56.052+0000] {logging_mixin.py:137} INFO - [2023-04-16T01:42:56.052+0000] {dag.py:3456} INFO - Setting next_dagrun for example_subdag_operator.section-1 to None, run_after=None
[2023-04-16T01:42:56.052+0000] {logging_mixin.py:137} INFO - [2023-04-16T01:42:56.052+0000] {dag.py:3456} INFO - Setting next_dagrun for example_subdag_operator.section-2 to None, run_after=None
[2023-04-16T01:42:56.058+0000] {processor.py:175} INFO - Processing /home/airflow/.local/lib/python3.7/site-packages/airflow/example_dags/example_subdag_operator.py took 0.074 seconds
[2023-04-16T02:49:24.538+0000] {processor.py:153} INFO - Started process (PID=34981) to work on /home/airflow/.local/lib/python3.7/site-packages/airflow/example_dags/example_subdag_operator.py
[2023-04-16T02:49:24.539+0000] {processor.py:743} INFO - Processing file /home/airflow/.local/lib/python3.7/site-packages/airflow/example_dags/example_subdag_operator.py for tasks to queue
[2023-04-16T02:49:24.540+0000] {logging_mixin.py:137} INFO - [2023-04-16T02:49:24.540+0000] {dagbag.py:532} INFO - Filling up the DagBag from /home/airflow/.local/lib/python3.7/site-packages/airflow/example_dags/example_subdag_operator.py
[2023-04-16T02:49:24.567+0000] {processor.py:753} INFO - DAG(s) dict_keys(['example_subdag_operator.section-1', 'example_subdag_operator.section-2', 'example_subdag_operator']) retrieved from /home/airflow/.local/lib/python3.7/site-packages/airflow/example_dags/example_subdag_operator.py
[2023-04-16T02:49:24.583+0000] {logging_mixin.py:137} INFO - [2023-04-16T02:49:24.582+0000] {dag.py:2705} INFO - Sync 3 DAGs
[2023-04-16T02:49:24.599+0000] {logging_mixin.py:137} INFO - [2023-04-16T02:49:24.599+0000] {dag.py:3456} INFO - Setting next_dagrun for example_subdag_operator to 2022-01-01T00:00:00+00:00, run_after=2022-01-01T00:00:00+00:00
[2023-04-16T02:49:24.605+0000] {logging_mixin.py:137} INFO - [2023-04-16T02:49:24.605+0000] {dag.py:3456} INFO - Setting next_dagrun for example_subdag_operator.section-1 to None, run_after=None
[2023-04-16T02:49:24.607+0000] {logging_mixin.py:137} INFO - [2023-04-16T02:49:24.606+0000] {dag.py:3456} INFO - Setting next_dagrun for example_subdag_operator.section-2 to None, run_after=None
[2023-04-16T02:49:24.661+0000] {logging_mixin.py:137} INFO - [2023-04-16T02:49:24.661+0000] {dag.py:2705} INFO - Sync 2 DAGs
[2023-04-16T02:49:24.677+0000] {logging_mixin.py:137} INFO - [2023-04-16T02:49:24.677+0000] {dag.py:3456} INFO - Setting next_dagrun for example_subdag_operator.section-1 to None, run_after=None
[2023-04-16T02:49:24.679+0000] {logging_mixin.py:137} INFO - [2023-04-16T02:49:24.678+0000] {dag.py:3456} INFO - Setting next_dagrun for example_subdag_operator.section-2 to None, run_after=None
[2023-04-16T02:49:24.696+0000] {processor.py:175} INFO - Processing /home/airflow/.local/lib/python3.7/site-packages/airflow/example_dags/example_subdag_operator.py took 0.161 seconds
[2023-04-16T03:56:30.042+0000] {processor.py:153} INFO - Started process (PID=35035) to work on /home/airflow/.local/lib/python3.7/site-packages/airflow/example_dags/example_subdag_operator.py
[2023-04-16T03:56:30.046+0000] {processor.py:743} INFO - Processing file /home/airflow/.local/lib/python3.7/site-packages/airflow/example_dags/example_subdag_operator.py for tasks to queue
[2023-04-16T03:56:30.047+0000] {logging_mixin.py:137} INFO - [2023-04-16T03:56:30.047+0000] {dagbag.py:532} INFO - Filling up the DagBag from /home/airflow/.local/lib/python3.7/site-packages/airflow/example_dags/example_subdag_operator.py
[2023-04-16T03:56:30.104+0000] {processor.py:753} INFO - DAG(s) dict_keys(['example_subdag_operator.section-1', 'example_subdag_operator.section-2', 'example_subdag_operator']) retrieved from /home/airflow/.local/lib/python3.7/site-packages/airflow/example_dags/example_subdag_operator.py
[2023-04-16T03:56:30.123+0000] {logging_mixin.py:137} INFO - [2023-04-16T03:56:30.123+0000] {dag.py:2705} INFO - Sync 3 DAGs
[2023-04-16T03:56:30.163+0000] {logging_mixin.py:137} INFO - [2023-04-16T03:56:30.163+0000] {dag.py:3456} INFO - Setting next_dagrun for example_subdag_operator to 2022-01-01T00:00:00+00:00, run_after=2022-01-01T00:00:00+00:00
[2023-04-16T03:56:30.168+0000] {logging_mixin.py:137} INFO - [2023-04-16T03:56:30.168+0000] {dag.py:3456} INFO - Setting next_dagrun for example_subdag_operator.section-1 to None, run_after=None
[2023-04-16T03:56:30.169+0000] {logging_mixin.py:137} INFO - [2023-04-16T03:56:30.169+0000] {dag.py:3456} INFO - Setting next_dagrun for example_subdag_operator.section-2 to None, run_after=None
[2023-04-16T03:56:30.184+0000] {logging_mixin.py:137} INFO - [2023-04-16T03:56:30.184+0000] {dag.py:2705} INFO - Sync 2 DAGs
[2023-04-16T03:56:30.196+0000] {logging_mixin.py:137} INFO - [2023-04-16T03:56:30.196+0000] {dag.py:3456} INFO - Setting next_dagrun for example_subdag_operator.section-1 to None, run_after=None
[2023-04-16T03:56:30.198+0000] {logging_mixin.py:137} INFO - [2023-04-16T03:56:30.198+0000] {dag.py:3456} INFO - Setting next_dagrun for example_subdag_operator.section-2 to None, run_after=None
[2023-04-16T03:56:30.210+0000] {processor.py:175} INFO - Processing /home/airflow/.local/lib/python3.7/site-packages/airflow/example_dags/example_subdag_operator.py took 0.177 seconds
[2023-04-16T04:57:14.055+0000] {processor.py:153} INFO - Started process (PID=35088) to work on /home/airflow/.local/lib/python3.7/site-packages/airflow/example_dags/example_subdag_operator.py
[2023-04-16T04:57:14.056+0000] {processor.py:743} INFO - Processing file /home/airflow/.local/lib/python3.7/site-packages/airflow/example_dags/example_subdag_operator.py for tasks to queue
[2023-04-16T04:57:14.057+0000] {logging_mixin.py:137} INFO - [2023-04-16T04:57:14.057+0000] {dagbag.py:532} INFO - Filling up the DagBag from /home/airflow/.local/lib/python3.7/site-packages/airflow/example_dags/example_subdag_operator.py
[2023-04-16T04:57:14.081+0000] {processor.py:753} INFO - DAG(s) dict_keys(['example_subdag_operator.section-1', 'example_subdag_operator.section-2', 'example_subdag_operator']) retrieved from /home/airflow/.local/lib/python3.7/site-packages/airflow/example_dags/example_subdag_operator.py
[2023-04-16T04:57:14.094+0000] {logging_mixin.py:137} INFO - [2023-04-16T04:57:14.094+0000] {dag.py:2705} INFO - Sync 3 DAGs
[2023-04-16T04:57:14.109+0000] {logging_mixin.py:137} INFO - [2023-04-16T04:57:14.109+0000] {dag.py:3456} INFO - Setting next_dagrun for example_subdag_operator to 2022-01-01T00:00:00+00:00, run_after=2022-01-01T00:00:00+00:00
[2023-04-16T04:57:14.112+0000] {logging_mixin.py:137} INFO - [2023-04-16T04:57:14.112+0000] {dag.py:3456} INFO - Setting next_dagrun for example_subdag_operator.section-1 to None, run_after=None
[2023-04-16T04:57:14.113+0000] {logging_mixin.py:137} INFO - [2023-04-16T04:57:14.113+0000] {dag.py:3456} INFO - Setting next_dagrun for example_subdag_operator.section-2 to None, run_after=None
[2023-04-16T04:57:14.117+0000] {logging_mixin.py:137} INFO - [2023-04-16T04:57:14.117+0000] {dag.py:2705} INFO - Sync 2 DAGs
[2023-04-16T04:57:14.120+0000] {logging_mixin.py:137} INFO - [2023-04-16T04:57:14.120+0000] {dag.py:3456} INFO - Setting next_dagrun for example_subdag_operator.section-1 to None, run_after=None
[2023-04-16T04:57:14.121+0000] {logging_mixin.py:137} INFO - [2023-04-16T04:57:14.120+0000] {dag.py:3456} INFO - Setting next_dagrun for example_subdag_operator.section-2 to None, run_after=None
[2023-04-16T04:57:14.126+0000] {processor.py:175} INFO - Processing /home/airflow/.local/lib/python3.7/site-packages/airflow/example_dags/example_subdag_operator.py took 0.073 seconds
[2023-04-16T04:57:44.616+0000] {processor.py:153} INFO - Started process (PID=35140) to work on /home/airflow/.local/lib/python3.7/site-packages/airflow/example_dags/example_subdag_operator.py
[2023-04-16T04:57:44.617+0000] {processor.py:743} INFO - Processing file /home/airflow/.local/lib/python3.7/site-packages/airflow/example_dags/example_subdag_operator.py for tasks to queue
[2023-04-16T04:57:44.618+0000] {logging_mixin.py:137} INFO - [2023-04-16T04:57:44.618+0000] {dagbag.py:532} INFO - Filling up the DagBag from /home/airflow/.local/lib/python3.7/site-packages/airflow/example_dags/example_subdag_operator.py
[2023-04-16T04:57:44.641+0000] {processor.py:753} INFO - DAG(s) dict_keys(['example_subdag_operator.section-1', 'example_subdag_operator.section-2', 'example_subdag_operator']) retrieved from /home/airflow/.local/lib/python3.7/site-packages/airflow/example_dags/example_subdag_operator.py
[2023-04-16T04:57:44.653+0000] {logging_mixin.py:137} INFO - [2023-04-16T04:57:44.653+0000] {dag.py:2705} INFO - Sync 3 DAGs
[2023-04-16T04:57:44.667+0000] {logging_mixin.py:137} INFO - [2023-04-16T04:57:44.667+0000] {dag.py:3456} INFO - Setting next_dagrun for example_subdag_operator to 2022-01-01T00:00:00+00:00, run_after=2022-01-01T00:00:00+00:00
[2023-04-16T04:57:44.669+0000] {logging_mixin.py:137} INFO - [2023-04-16T04:57:44.669+0000] {dag.py:3456} INFO - Setting next_dagrun for example_subdag_operator.section-1 to None, run_after=None
[2023-04-16T04:57:44.671+0000] {logging_mixin.py:137} INFO - [2023-04-16T04:57:44.671+0000] {dag.py:3456} INFO - Setting next_dagrun for example_subdag_operator.section-2 to None, run_after=None
[2023-04-16T04:57:44.675+0000] {logging_mixin.py:137} INFO - [2023-04-16T04:57:44.675+0000] {dag.py:2705} INFO - Sync 2 DAGs
[2023-04-16T04:57:44.678+0000] {logging_mixin.py:137} INFO - [2023-04-16T04:57:44.678+0000] {dag.py:3456} INFO - Setting next_dagrun for example_subdag_operator.section-1 to None, run_after=None
[2023-04-16T04:57:44.678+0000] {logging_mixin.py:137} INFO - [2023-04-16T04:57:44.678+0000] {dag.py:3456} INFO - Setting next_dagrun for example_subdag_operator.section-2 to None, run_after=None
[2023-04-16T04:57:44.683+0000] {processor.py:175} INFO - Processing /home/airflow/.local/lib/python3.7/site-packages/airflow/example_dags/example_subdag_operator.py took 0.070 seconds
[2023-04-16T06:01:52.191+0000] {processor.py:153} INFO - Started process (PID=35193) to work on /home/airflow/.local/lib/python3.7/site-packages/airflow/example_dags/example_subdag_operator.py
[2023-04-16T06:01:52.192+0000] {processor.py:743} INFO - Processing file /home/airflow/.local/lib/python3.7/site-packages/airflow/example_dags/example_subdag_operator.py for tasks to queue
[2023-04-16T06:01:52.192+0000] {logging_mixin.py:137} INFO - [2023-04-16T06:01:52.192+0000] {dagbag.py:532} INFO - Filling up the DagBag from /home/airflow/.local/lib/python3.7/site-packages/airflow/example_dags/example_subdag_operator.py
[2023-04-16T06:01:52.261+0000] {processor.py:753} INFO - DAG(s) dict_keys(['example_subdag_operator.section-1', 'example_subdag_operator.section-2', 'example_subdag_operator']) retrieved from /home/airflow/.local/lib/python3.7/site-packages/airflow/example_dags/example_subdag_operator.py
[2023-04-16T06:01:52.276+0000] {logging_mixin.py:137} INFO - [2023-04-16T06:01:52.276+0000] {dag.py:2705} INFO - Sync 3 DAGs
[2023-04-16T06:01:52.291+0000] {logging_mixin.py:137} INFO - [2023-04-16T06:01:52.291+0000] {dag.py:3456} INFO - Setting next_dagrun for example_subdag_operator to 2022-01-01T00:00:00+00:00, run_after=2022-01-01T00:00:00+00:00
[2023-04-16T06:01:52.294+0000] {logging_mixin.py:137} INFO - [2023-04-16T06:01:52.294+0000] {dag.py:3456} INFO - Setting next_dagrun for example_subdag_operator.section-1 to None, run_after=None
[2023-04-16T06:01:52.295+0000] {logging_mixin.py:137} INFO - [2023-04-16T06:01:52.295+0000] {dag.py:3456} INFO - Setting next_dagrun for example_subdag_operator.section-2 to None, run_after=None
[2023-04-16T06:01:52.299+0000] {logging_mixin.py:137} INFO - [2023-04-16T06:01:52.299+0000] {dag.py:2705} INFO - Sync 2 DAGs
[2023-04-16T06:01:52.302+0000] {logging_mixin.py:137} INFO - [2023-04-16T06:01:52.302+0000] {dag.py:3456} INFO - Setting next_dagrun for example_subdag_operator.section-1 to None, run_after=None
[2023-04-16T06:01:52.302+0000] {logging_mixin.py:137} INFO - [2023-04-16T06:01:52.302+0000] {dag.py:3456} INFO - Setting next_dagrun for example_subdag_operator.section-2 to None, run_after=None
[2023-04-16T06:01:52.307+0000] {processor.py:175} INFO - Processing /home/airflow/.local/lib/python3.7/site-packages/airflow/example_dags/example_subdag_operator.py took 0.119 seconds
[2023-04-16T06:13:25.073+0000] {processor.py:153} INFO - Started process (PID=35246) to work on /home/airflow/.local/lib/python3.7/site-packages/airflow/example_dags/example_subdag_operator.py
[2023-04-16T06:13:25.073+0000] {processor.py:743} INFO - Processing file /home/airflow/.local/lib/python3.7/site-packages/airflow/example_dags/example_subdag_operator.py for tasks to queue
[2023-04-16T06:13:25.074+0000] {logging_mixin.py:137} INFO - [2023-04-16T06:13:25.074+0000] {dagbag.py:532} INFO - Filling up the DagBag from /home/airflow/.local/lib/python3.7/site-packages/airflow/example_dags/example_subdag_operator.py
[2023-04-16T06:13:25.104+0000] {processor.py:753} INFO - DAG(s) dict_keys(['example_subdag_operator.section-1', 'example_subdag_operator.section-2', 'example_subdag_operator']) retrieved from /home/airflow/.local/lib/python3.7/site-packages/airflow/example_dags/example_subdag_operator.py
[2023-04-16T06:13:25.117+0000] {logging_mixin.py:137} INFO - [2023-04-16T06:13:25.117+0000] {dag.py:2705} INFO - Sync 3 DAGs
[2023-04-16T06:13:25.131+0000] {logging_mixin.py:137} INFO - [2023-04-16T06:13:25.131+0000] {dag.py:3456} INFO - Setting next_dagrun for example_subdag_operator to 2022-01-01T00:00:00+00:00, run_after=2022-01-01T00:00:00+00:00
[2023-04-16T06:13:25.133+0000] {logging_mixin.py:137} INFO - [2023-04-16T06:13:25.133+0000] {dag.py:3456} INFO - Setting next_dagrun for example_subdag_operator.section-1 to None, run_after=None
[2023-04-16T06:13:25.134+0000] {logging_mixin.py:137} INFO - [2023-04-16T06:13:25.134+0000] {dag.py:3456} INFO - Setting next_dagrun for example_subdag_operator.section-2 to None, run_after=None
[2023-04-16T06:13:25.140+0000] {logging_mixin.py:137} INFO - [2023-04-16T06:13:25.140+0000] {dag.py:2705} INFO - Sync 2 DAGs
[2023-04-16T06:13:25.143+0000] {logging_mixin.py:137} INFO - [2023-04-16T06:13:25.143+0000] {dag.py:3456} INFO - Setting next_dagrun for example_subdag_operator.section-1 to None, run_after=None
[2023-04-16T06:13:25.144+0000] {logging_mixin.py:137} INFO - [2023-04-16T06:13:25.144+0000] {dag.py:3456} INFO - Setting next_dagrun for example_subdag_operator.section-2 to None, run_after=None
[2023-04-16T06:13:25.150+0000] {processor.py:175} INFO - Processing /home/airflow/.local/lib/python3.7/site-packages/airflow/example_dags/example_subdag_operator.py took 0.080 seconds
[2023-04-16T06:29:18.633+0000] {processor.py:153} INFO - Started process (PID=35299) to work on /home/airflow/.local/lib/python3.7/site-packages/airflow/example_dags/example_subdag_operator.py
[2023-04-16T06:29:18.634+0000] {processor.py:743} INFO - Processing file /home/airflow/.local/lib/python3.7/site-packages/airflow/example_dags/example_subdag_operator.py for tasks to queue
[2023-04-16T06:29:18.635+0000] {logging_mixin.py:137} INFO - [2023-04-16T06:29:18.635+0000] {dagbag.py:532} INFO - Filling up the DagBag from /home/airflow/.local/lib/python3.7/site-packages/airflow/example_dags/example_subdag_operator.py
[2023-04-16T06:29:18.662+0000] {processor.py:753} INFO - DAG(s) dict_keys(['example_subdag_operator.section-1', 'example_subdag_operator.section-2', 'example_subdag_operator']) retrieved from /home/airflow/.local/lib/python3.7/site-packages/airflow/example_dags/example_subdag_operator.py
[2023-04-16T06:29:18.678+0000] {logging_mixin.py:137} INFO - [2023-04-16T06:29:18.678+0000] {dag.py:2705} INFO - Sync 3 DAGs
[2023-04-16T06:29:18.696+0000] {logging_mixin.py:137} INFO - [2023-04-16T06:29:18.696+0000] {dag.py:3456} INFO - Setting next_dagrun for example_subdag_operator to 2022-01-01T00:00:00+00:00, run_after=2022-01-01T00:00:00+00:00
[2023-04-16T06:29:18.700+0000] {logging_mixin.py:137} INFO - [2023-04-16T06:29:18.700+0000] {dag.py:3456} INFO - Setting next_dagrun for example_subdag_operator.section-1 to None, run_after=None
[2023-04-16T06:29:18.701+0000] {logging_mixin.py:137} INFO - [2023-04-16T06:29:18.701+0000] {dag.py:3456} INFO - Setting next_dagrun for example_subdag_operator.section-2 to None, run_after=None
[2023-04-16T06:29:18.706+0000] {logging_mixin.py:137} INFO - [2023-04-16T06:29:18.706+0000] {dag.py:2705} INFO - Sync 2 DAGs
[2023-04-16T06:29:18.710+0000] {logging_mixin.py:137} INFO - [2023-04-16T06:29:18.710+0000] {dag.py:3456} INFO - Setting next_dagrun for example_subdag_operator.section-1 to None, run_after=None
[2023-04-16T06:29:18.711+0000] {logging_mixin.py:137} INFO - [2023-04-16T06:29:18.711+0000] {dag.py:3456} INFO - Setting next_dagrun for example_subdag_operator.section-2 to None, run_after=None
[2023-04-16T06:29:18.720+0000] {processor.py:175} INFO - Processing /home/airflow/.local/lib/python3.7/site-packages/airflow/example_dags/example_subdag_operator.py took 0.089 seconds
[2023-04-16T07:31:24.733+0000] {processor.py:153} INFO - Started process (PID=35352) to work on /home/airflow/.local/lib/python3.7/site-packages/airflow/example_dags/example_subdag_operator.py
[2023-04-16T07:31:24.734+0000] {processor.py:743} INFO - Processing file /home/airflow/.local/lib/python3.7/site-packages/airflow/example_dags/example_subdag_operator.py for tasks to queue
[2023-04-16T07:31:24.735+0000] {logging_mixin.py:137} INFO - [2023-04-16T07:31:24.735+0000] {dagbag.py:532} INFO - Filling up the DagBag from /home/airflow/.local/lib/python3.7/site-packages/airflow/example_dags/example_subdag_operator.py
[2023-04-16T07:31:24.760+0000] {processor.py:753} INFO - DAG(s) dict_keys(['example_subdag_operator.section-1', 'example_subdag_operator.section-2', 'example_subdag_operator']) retrieved from /home/airflow/.local/lib/python3.7/site-packages/airflow/example_dags/example_subdag_operator.py
[2023-04-16T07:31:24.774+0000] {logging_mixin.py:137} INFO - [2023-04-16T07:31:24.774+0000] {dag.py:2705} INFO - Sync 3 DAGs
[2023-04-16T07:31:24.788+0000] {logging_mixin.py:137} INFO - [2023-04-16T07:31:24.788+0000] {dag.py:3456} INFO - Setting next_dagrun for example_subdag_operator to 2022-01-01T00:00:00+00:00, run_after=2022-01-01T00:00:00+00:00
[2023-04-16T07:31:24.790+0000] {logging_mixin.py:137} INFO - [2023-04-16T07:31:24.790+0000] {dag.py:3456} INFO - Setting next_dagrun for example_subdag_operator.section-1 to None, run_after=None
[2023-04-16T07:31:24.791+0000] {logging_mixin.py:137} INFO - [2023-04-16T07:31:24.790+0000] {dag.py:3456} INFO - Setting next_dagrun for example_subdag_operator.section-2 to None, run_after=None
[2023-04-16T07:31:24.795+0000] {logging_mixin.py:137} INFO - [2023-04-16T07:31:24.795+0000] {dag.py:2705} INFO - Sync 2 DAGs
[2023-04-16T07:31:24.799+0000] {logging_mixin.py:137} INFO - [2023-04-16T07:31:24.798+0000] {dag.py:3456} INFO - Setting next_dagrun for example_subdag_operator.section-1 to None, run_after=None
[2023-04-16T07:31:24.799+0000] {logging_mixin.py:137} INFO - [2023-04-16T07:31:24.799+0000] {dag.py:3456} INFO - Setting next_dagrun for example_subdag_operator.section-2 to None, run_after=None
[2023-04-16T07:31:24.805+0000] {processor.py:175} INFO - Processing /home/airflow/.local/lib/python3.7/site-packages/airflow/example_dags/example_subdag_operator.py took 0.075 seconds
[2023-04-16T08:50:11.267+0000] {processor.py:153} INFO - Started process (PID=35405) to work on /home/airflow/.local/lib/python3.7/site-packages/airflow/example_dags/example_subdag_operator.py
[2023-04-16T08:50:11.269+0000] {processor.py:743} INFO - Processing file /home/airflow/.local/lib/python3.7/site-packages/airflow/example_dags/example_subdag_operator.py for tasks to queue
[2023-04-16T08:50:11.269+0000] {logging_mixin.py:137} INFO - [2023-04-16T08:50:11.269+0000] {dagbag.py:532} INFO - Filling up the DagBag from /home/airflow/.local/lib/python3.7/site-packages/airflow/example_dags/example_subdag_operator.py
[2023-04-16T08:50:11.293+0000] {processor.py:753} INFO - DAG(s) dict_keys(['example_subdag_operator.section-1', 'example_subdag_operator.section-2', 'example_subdag_operator']) retrieved from /home/airflow/.local/lib/python3.7/site-packages/airflow/example_dags/example_subdag_operator.py
[2023-04-16T08:50:11.306+0000] {logging_mixin.py:137} INFO - [2023-04-16T08:50:11.306+0000] {dag.py:2705} INFO - Sync 3 DAGs
[2023-04-16T08:50:11.320+0000] {logging_mixin.py:137} INFO - [2023-04-16T08:50:11.320+0000] {dag.py:3456} INFO - Setting next_dagrun for example_subdag_operator to 2022-01-01T00:00:00+00:00, run_after=2022-01-01T00:00:00+00:00
[2023-04-16T08:50:11.323+0000] {logging_mixin.py:137} INFO - [2023-04-16T08:50:11.323+0000] {dag.py:3456} INFO - Setting next_dagrun for example_subdag_operator.section-1 to None, run_after=None
[2023-04-16T08:50:11.324+0000] {logging_mixin.py:137} INFO - [2023-04-16T08:50:11.324+0000] {dag.py:3456} INFO - Setting next_dagrun for example_subdag_operator.section-2 to None, run_after=None
[2023-04-16T08:50:11.330+0000] {logging_mixin.py:137} INFO - [2023-04-16T08:50:11.330+0000] {dag.py:2705} INFO - Sync 2 DAGs
[2023-04-16T08:50:11.334+0000] {logging_mixin.py:137} INFO - [2023-04-16T08:50:11.334+0000] {dag.py:3456} INFO - Setting next_dagrun for example_subdag_operator.section-1 to None, run_after=None
[2023-04-16T08:50:11.335+0000] {logging_mixin.py:137} INFO - [2023-04-16T08:50:11.335+0000] {dag.py:3456} INFO - Setting next_dagrun for example_subdag_operator.section-2 to None, run_after=None
[2023-04-16T08:50:11.342+0000] {processor.py:175} INFO - Processing /home/airflow/.local/lib/python3.7/site-packages/airflow/example_dags/example_subdag_operator.py took 0.078 seconds
[2023-04-16T09:55:48.251+0000] {processor.py:153} INFO - Started process (PID=35458) to work on /home/airflow/.local/lib/python3.7/site-packages/airflow/example_dags/example_subdag_operator.py
[2023-04-16T09:55:48.253+0000] {processor.py:743} INFO - Processing file /home/airflow/.local/lib/python3.7/site-packages/airflow/example_dags/example_subdag_operator.py for tasks to queue
[2023-04-16T09:55:48.254+0000] {logging_mixin.py:137} INFO - [2023-04-16T09:55:48.254+0000] {dagbag.py:532} INFO - Filling up the DagBag from /home/airflow/.local/lib/python3.7/site-packages/airflow/example_dags/example_subdag_operator.py
[2023-04-16T09:55:48.287+0000] {processor.py:753} INFO - DAG(s) dict_keys(['example_subdag_operator.section-1', 'example_subdag_operator.section-2', 'example_subdag_operator']) retrieved from /home/airflow/.local/lib/python3.7/site-packages/airflow/example_dags/example_subdag_operator.py
[2023-04-16T09:55:48.301+0000] {logging_mixin.py:137} INFO - [2023-04-16T09:55:48.301+0000] {dag.py:2705} INFO - Sync 3 DAGs
[2023-04-16T09:55:48.319+0000] {logging_mixin.py:137} INFO - [2023-04-16T09:55:48.319+0000] {dag.py:3456} INFO - Setting next_dagrun for example_subdag_operator to 2022-01-01T00:00:00+00:00, run_after=2022-01-01T00:00:00+00:00
[2023-04-16T09:55:48.323+0000] {logging_mixin.py:137} INFO - [2023-04-16T09:55:48.322+0000] {dag.py:3456} INFO - Setting next_dagrun for example_subdag_operator.section-1 to None, run_after=None
[2023-04-16T09:55:48.325+0000] {logging_mixin.py:137} INFO - [2023-04-16T09:55:48.325+0000] {dag.py:3456} INFO - Setting next_dagrun for example_subdag_operator.section-2 to None, run_after=None
[2023-04-16T09:55:48.330+0000] {logging_mixin.py:137} INFO - [2023-04-16T09:55:48.330+0000] {dag.py:2705} INFO - Sync 2 DAGs
[2023-04-16T09:55:48.337+0000] {logging_mixin.py:137} INFO - [2023-04-16T09:55:48.336+0000] {dag.py:3456} INFO - Setting next_dagrun for example_subdag_operator.section-1 to None, run_after=None
[2023-04-16T09:55:48.339+0000] {logging_mixin.py:137} INFO - [2023-04-16T09:55:48.339+0000] {dag.py:3456} INFO - Setting next_dagrun for example_subdag_operator.section-2 to None, run_after=None
[2023-04-16T09:55:48.350+0000] {processor.py:175} INFO - Processing /home/airflow/.local/lib/python3.7/site-packages/airflow/example_dags/example_subdag_operator.py took 0.102 seconds
[2023-04-16T11:01:49.305+0000] {processor.py:153} INFO - Started process (PID=35512) to work on /home/airflow/.local/lib/python3.7/site-packages/airflow/example_dags/example_subdag_operator.py
[2023-04-16T11:01:49.306+0000] {processor.py:743} INFO - Processing file /home/airflow/.local/lib/python3.7/site-packages/airflow/example_dags/example_subdag_operator.py for tasks to queue
[2023-04-16T11:01:49.307+0000] {logging_mixin.py:137} INFO - [2023-04-16T11:01:49.307+0000] {dagbag.py:532} INFO - Filling up the DagBag from /home/airflow/.local/lib/python3.7/site-packages/airflow/example_dags/example_subdag_operator.py
[2023-04-16T11:01:49.362+0000] {processor.py:753} INFO - DAG(s) dict_keys(['example_subdag_operator.section-1', 'example_subdag_operator.section-2', 'example_subdag_operator']) retrieved from /home/airflow/.local/lib/python3.7/site-packages/airflow/example_dags/example_subdag_operator.py
[2023-04-16T11:01:49.385+0000] {logging_mixin.py:137} INFO - [2023-04-16T11:01:49.385+0000] {dag.py:2705} INFO - Sync 3 DAGs
[2023-04-16T11:01:49.403+0000] {logging_mixin.py:137} INFO - [2023-04-16T11:01:49.403+0000] {dag.py:3456} INFO - Setting next_dagrun for example_subdag_operator to 2022-01-01T00:00:00+00:00, run_after=2022-01-01T00:00:00+00:00
[2023-04-16T11:01:49.406+0000] {logging_mixin.py:137} INFO - [2023-04-16T11:01:49.406+0000] {dag.py:3456} INFO - Setting next_dagrun for example_subdag_operator.section-1 to None, run_after=None
[2023-04-16T11:01:49.407+0000] {logging_mixin.py:137} INFO - [2023-04-16T11:01:49.407+0000] {dag.py:3456} INFO - Setting next_dagrun for example_subdag_operator.section-2 to None, run_after=None
[2023-04-16T11:01:49.412+0000] {logging_mixin.py:137} INFO - [2023-04-16T11:01:49.412+0000] {dag.py:2705} INFO - Sync 2 DAGs
[2023-04-16T11:01:49.416+0000] {logging_mixin.py:137} INFO - [2023-04-16T11:01:49.416+0000] {dag.py:3456} INFO - Setting next_dagrun for example_subdag_operator.section-1 to None, run_after=None
[2023-04-16T11:01:49.416+0000] {logging_mixin.py:137} INFO - [2023-04-16T11:01:49.416+0000] {dag.py:3456} INFO - Setting next_dagrun for example_subdag_operator.section-2 to None, run_after=None
[2023-04-16T11:01:49.422+0000] {processor.py:175} INFO - Processing /home/airflow/.local/lib/python3.7/site-packages/airflow/example_dags/example_subdag_operator.py took 0.120 seconds
[2023-04-16T12:25:13.477+0000] {processor.py:153} INFO - Started process (PID=35565) to work on /home/airflow/.local/lib/python3.7/site-packages/airflow/example_dags/example_subdag_operator.py
[2023-04-16T12:25:13.479+0000] {processor.py:743} INFO - Processing file /home/airflow/.local/lib/python3.7/site-packages/airflow/example_dags/example_subdag_operator.py for tasks to queue
[2023-04-16T12:25:13.481+0000] {logging_mixin.py:137} INFO - [2023-04-16T12:25:13.481+0000] {dagbag.py:532} INFO - Filling up the DagBag from /home/airflow/.local/lib/python3.7/site-packages/airflow/example_dags/example_subdag_operator.py
[2023-04-16T12:25:13.520+0000] {processor.py:753} INFO - DAG(s) dict_keys(['example_subdag_operator.section-1', 'example_subdag_operator.section-2', 'example_subdag_operator']) retrieved from /home/airflow/.local/lib/python3.7/site-packages/airflow/example_dags/example_subdag_operator.py
[2023-04-16T12:25:13.533+0000] {logging_mixin.py:137} INFO - [2023-04-16T12:25:13.533+0000] {dag.py:2705} INFO - Sync 3 DAGs
[2023-04-16T12:25:13.550+0000] {logging_mixin.py:137} INFO - [2023-04-16T12:25:13.549+0000] {dag.py:3456} INFO - Setting next_dagrun for example_subdag_operator to 2022-01-01T00:00:00+00:00, run_after=2022-01-01T00:00:00+00:00
[2023-04-16T12:25:13.555+0000] {logging_mixin.py:137} INFO - [2023-04-16T12:25:13.555+0000] {dag.py:3456} INFO - Setting next_dagrun for example_subdag_operator.section-1 to None, run_after=None
[2023-04-16T12:25:13.556+0000] {logging_mixin.py:137} INFO - [2023-04-16T12:25:13.556+0000] {dag.py:3456} INFO - Setting next_dagrun for example_subdag_operator.section-2 to None, run_after=None
[2023-04-16T12:25:13.563+0000] {logging_mixin.py:137} INFO - [2023-04-16T12:25:13.563+0000] {dag.py:2705} INFO - Sync 2 DAGs
[2023-04-16T12:25:13.566+0000] {logging_mixin.py:137} INFO - [2023-04-16T12:25:13.566+0000] {dag.py:3456} INFO - Setting next_dagrun for example_subdag_operator.section-1 to None, run_after=None
[2023-04-16T12:25:13.566+0000] {logging_mixin.py:137} INFO - [2023-04-16T12:25:13.566+0000] {dag.py:3456} INFO - Setting next_dagrun for example_subdag_operator.section-2 to None, run_after=None
[2023-04-16T12:25:13.572+0000] {processor.py:175} INFO - Processing /home/airflow/.local/lib/python3.7/site-packages/airflow/example_dags/example_subdag_operator.py took 0.098 seconds
[2023-04-16T13:32:25.361+0000] {processor.py:153} INFO - Started process (PID=35618) to work on /home/airflow/.local/lib/python3.7/site-packages/airflow/example_dags/example_subdag_operator.py
[2023-04-16T13:32:25.362+0000] {processor.py:743} INFO - Processing file /home/airflow/.local/lib/python3.7/site-packages/airflow/example_dags/example_subdag_operator.py for tasks to queue
[2023-04-16T13:32:25.362+0000] {logging_mixin.py:137} INFO - [2023-04-16T13:32:25.362+0000] {dagbag.py:532} INFO - Filling up the DagBag from /home/airflow/.local/lib/python3.7/site-packages/airflow/example_dags/example_subdag_operator.py
[2023-04-16T13:32:25.388+0000] {processor.py:753} INFO - DAG(s) dict_keys(['example_subdag_operator.section-1', 'example_subdag_operator.section-2', 'example_subdag_operator']) retrieved from /home/airflow/.local/lib/python3.7/site-packages/airflow/example_dags/example_subdag_operator.py
[2023-04-16T13:32:25.401+0000] {logging_mixin.py:137} INFO - [2023-04-16T13:32:25.401+0000] {dag.py:2705} INFO - Sync 3 DAGs
[2023-04-16T13:32:25.416+0000] {logging_mixin.py:137} INFO - [2023-04-16T13:32:25.416+0000] {dag.py:3456} INFO - Setting next_dagrun for example_subdag_operator to 2022-01-01T00:00:00+00:00, run_after=2022-01-01T00:00:00+00:00
[2023-04-16T13:32:25.418+0000] {logging_mixin.py:137} INFO - [2023-04-16T13:32:25.418+0000] {dag.py:3456} INFO - Setting next_dagrun for example_subdag_operator.section-1 to None, run_after=None
[2023-04-16T13:32:25.419+0000] {logging_mixin.py:137} INFO - [2023-04-16T13:32:25.419+0000] {dag.py:3456} INFO - Setting next_dagrun for example_subdag_operator.section-2 to None, run_after=None
[2023-04-16T13:32:25.423+0000] {logging_mixin.py:137} INFO - [2023-04-16T13:32:25.423+0000] {dag.py:2705} INFO - Sync 2 DAGs
[2023-04-16T13:32:25.426+0000] {logging_mixin.py:137} INFO - [2023-04-16T13:32:25.426+0000] {dag.py:3456} INFO - Setting next_dagrun for example_subdag_operator.section-1 to None, run_after=None
[2023-04-16T13:32:25.427+0000] {logging_mixin.py:137} INFO - [2023-04-16T13:32:25.427+0000] {dag.py:3456} INFO - Setting next_dagrun for example_subdag_operator.section-2 to None, run_after=None
[2023-04-16T13:32:25.432+0000] {processor.py:175} INFO - Processing /home/airflow/.local/lib/python3.7/site-packages/airflow/example_dags/example_subdag_operator.py took 0.075 seconds
[2023-04-16T14:26:07.030+0000] {processor.py:153} INFO - Started process (PID=35671) to work on /home/airflow/.local/lib/python3.7/site-packages/airflow/example_dags/example_subdag_operator.py
[2023-04-16T14:26:07.034+0000] {processor.py:743} INFO - Processing file /home/airflow/.local/lib/python3.7/site-packages/airflow/example_dags/example_subdag_operator.py for tasks to queue
[2023-04-16T14:26:07.035+0000] {logging_mixin.py:137} INFO - [2023-04-16T14:26:07.035+0000] {dagbag.py:532} INFO - Filling up the DagBag from /home/airflow/.local/lib/python3.7/site-packages/airflow/example_dags/example_subdag_operator.py
[2023-04-16T14:26:07.086+0000] {processor.py:753} INFO - DAG(s) dict_keys(['example_subdag_operator.section-1', 'example_subdag_operator.section-2', 'example_subdag_operator']) retrieved from /home/airflow/.local/lib/python3.7/site-packages/airflow/example_dags/example_subdag_operator.py
[2023-04-16T14:26:07.116+0000] {logging_mixin.py:137} INFO - [2023-04-16T14:26:07.116+0000] {dag.py:2705} INFO - Sync 3 DAGs
[2023-04-16T14:26:07.137+0000] {logging_mixin.py:137} INFO - [2023-04-16T14:26:07.137+0000] {dag.py:3456} INFO - Setting next_dagrun for example_subdag_operator to 2022-01-01T00:00:00+00:00, run_after=2022-01-01T00:00:00+00:00
[2023-04-16T14:26:07.144+0000] {logging_mixin.py:137} INFO - [2023-04-16T14:26:07.144+0000] {dag.py:3456} INFO - Setting next_dagrun for example_subdag_operator.section-1 to None, run_after=None
[2023-04-16T14:26:07.148+0000] {logging_mixin.py:137} INFO - [2023-04-16T14:26:07.148+0000] {dag.py:3456} INFO - Setting next_dagrun for example_subdag_operator.section-2 to None, run_after=None
[2023-04-16T14:26:07.157+0000] {logging_mixin.py:137} INFO - [2023-04-16T14:26:07.157+0000] {dag.py:2705} INFO - Sync 2 DAGs
[2023-04-16T14:26:07.165+0000] {logging_mixin.py:137} INFO - [2023-04-16T14:26:07.165+0000] {dag.py:3456} INFO - Setting next_dagrun for example_subdag_operator.section-1 to None, run_after=None
[2023-04-16T14:26:07.166+0000] {logging_mixin.py:137} INFO - [2023-04-16T14:26:07.166+0000] {dag.py:3456} INFO - Setting next_dagrun for example_subdag_operator.section-2 to None, run_after=None
[2023-04-16T14:26:07.182+0000] {processor.py:175} INFO - Processing /home/airflow/.local/lib/python3.7/site-packages/airflow/example_dags/example_subdag_operator.py took 0.162 seconds
[2023-04-16T14:26:38.151+0000] {processor.py:153} INFO - Started process (PID=35724) to work on /home/airflow/.local/lib/python3.7/site-packages/airflow/example_dags/example_subdag_operator.py
[2023-04-16T14:26:38.155+0000] {processor.py:743} INFO - Processing file /home/airflow/.local/lib/python3.7/site-packages/airflow/example_dags/example_subdag_operator.py for tasks to queue
[2023-04-16T14:26:38.161+0000] {logging_mixin.py:137} INFO - [2023-04-16T14:26:38.161+0000] {dagbag.py:532} INFO - Filling up the DagBag from /home/airflow/.local/lib/python3.7/site-packages/airflow/example_dags/example_subdag_operator.py
[2023-04-16T14:26:38.192+0000] {processor.py:753} INFO - DAG(s) dict_keys(['example_subdag_operator.section-1', 'example_subdag_operator.section-2', 'example_subdag_operator']) retrieved from /home/airflow/.local/lib/python3.7/site-packages/airflow/example_dags/example_subdag_operator.py
[2023-04-16T14:26:38.208+0000] {logging_mixin.py:137} INFO - [2023-04-16T14:26:38.208+0000] {dag.py:2705} INFO - Sync 3 DAGs
[2023-04-16T14:26:38.234+0000] {logging_mixin.py:137} INFO - [2023-04-16T14:26:38.234+0000] {dag.py:3456} INFO - Setting next_dagrun for example_subdag_operator to 2022-01-01T00:00:00+00:00, run_after=2022-01-01T00:00:00+00:00
[2023-04-16T14:26:38.241+0000] {logging_mixin.py:137} INFO - [2023-04-16T14:26:38.241+0000] {dag.py:3456} INFO - Setting next_dagrun for example_subdag_operator.section-1 to None, run_after=None
[2023-04-16T14:26:38.243+0000] {logging_mixin.py:137} INFO - [2023-04-16T14:26:38.243+0000] {dag.py:3456} INFO - Setting next_dagrun for example_subdag_operator.section-2 to None, run_after=None
[2023-04-16T14:26:38.249+0000] {logging_mixin.py:137} INFO - [2023-04-16T14:26:38.249+0000] {dag.py:2705} INFO - Sync 2 DAGs
[2023-04-16T14:26:38.255+0000] {logging_mixin.py:137} INFO - [2023-04-16T14:26:38.255+0000] {dag.py:3456} INFO - Setting next_dagrun for example_subdag_operator.section-1 to None, run_after=None
[2023-04-16T14:26:38.255+0000] {logging_mixin.py:137} INFO - [2023-04-16T14:26:38.255+0000] {dag.py:3456} INFO - Setting next_dagrun for example_subdag_operator.section-2 to None, run_after=None
[2023-04-16T14:26:38.263+0000] {processor.py:175} INFO - Processing /home/airflow/.local/lib/python3.7/site-packages/airflow/example_dags/example_subdag_operator.py took 0.116 seconds
[2023-04-16T15:14:33.275+0000] {processor.py:153} INFO - Started process (PID=35777) to work on /home/airflow/.local/lib/python3.7/site-packages/airflow/example_dags/example_subdag_operator.py
[2023-04-16T15:14:33.279+0000] {processor.py:743} INFO - Processing file /home/airflow/.local/lib/python3.7/site-packages/airflow/example_dags/example_subdag_operator.py for tasks to queue
[2023-04-16T15:14:33.281+0000] {logging_mixin.py:137} INFO - [2023-04-16T15:14:33.281+0000] {dagbag.py:532} INFO - Filling up the DagBag from /home/airflow/.local/lib/python3.7/site-packages/airflow/example_dags/example_subdag_operator.py
[2023-04-16T15:14:33.353+0000] {processor.py:753} INFO - DAG(s) dict_keys(['example_subdag_operator.section-1', 'example_subdag_operator.section-2', 'example_subdag_operator']) retrieved from /home/airflow/.local/lib/python3.7/site-packages/airflow/example_dags/example_subdag_operator.py
[2023-04-16T15:14:33.397+0000] {logging_mixin.py:137} INFO - [2023-04-16T15:14:33.397+0000] {dag.py:2705} INFO - Sync 3 DAGs
[2023-04-16T15:14:33.445+0000] {logging_mixin.py:137} INFO - [2023-04-16T15:14:33.445+0000] {dag.py:3456} INFO - Setting next_dagrun for example_subdag_operator to 2022-01-01T00:00:00+00:00, run_after=2022-01-01T00:00:00+00:00
[2023-04-16T15:14:33.449+0000] {logging_mixin.py:137} INFO - [2023-04-16T15:14:33.449+0000] {dag.py:3456} INFO - Setting next_dagrun for example_subdag_operator.section-1 to None, run_after=None
[2023-04-16T15:14:33.450+0000] {logging_mixin.py:137} INFO - [2023-04-16T15:14:33.450+0000] {dag.py:3456} INFO - Setting next_dagrun for example_subdag_operator.section-2 to None, run_after=None
[2023-04-16T15:14:33.458+0000] {logging_mixin.py:137} INFO - [2023-04-16T15:14:33.458+0000] {dag.py:2705} INFO - Sync 2 DAGs
[2023-04-16T15:14:33.466+0000] {logging_mixin.py:137} INFO - [2023-04-16T15:14:33.466+0000] {dag.py:3456} INFO - Setting next_dagrun for example_subdag_operator.section-1 to None, run_after=None
[2023-04-16T15:14:33.467+0000] {logging_mixin.py:137} INFO - [2023-04-16T15:14:33.467+0000] {dag.py:3456} INFO - Setting next_dagrun for example_subdag_operator.section-2 to None, run_after=None
[2023-04-16T15:14:33.474+0000] {processor.py:175} INFO - Processing /home/airflow/.local/lib/python3.7/site-packages/airflow/example_dags/example_subdag_operator.py took 0.204 seconds
[2023-04-16T15:15:03.892+0000] {processor.py:153} INFO - Started process (PID=35830) to work on /home/airflow/.local/lib/python3.7/site-packages/airflow/example_dags/example_subdag_operator.py
[2023-04-16T15:15:03.893+0000] {processor.py:743} INFO - Processing file /home/airflow/.local/lib/python3.7/site-packages/airflow/example_dags/example_subdag_operator.py for tasks to queue
[2023-04-16T15:15:03.893+0000] {logging_mixin.py:137} INFO - [2023-04-16T15:15:03.893+0000] {dagbag.py:532} INFO - Filling up the DagBag from /home/airflow/.local/lib/python3.7/site-packages/airflow/example_dags/example_subdag_operator.py
[2023-04-16T15:15:03.916+0000] {processor.py:753} INFO - DAG(s) dict_keys(['example_subdag_operator.section-1', 'example_subdag_operator.section-2', 'example_subdag_operator']) retrieved from /home/airflow/.local/lib/python3.7/site-packages/airflow/example_dags/example_subdag_operator.py
[2023-04-16T15:15:03.930+0000] {logging_mixin.py:137} INFO - [2023-04-16T15:15:03.930+0000] {dag.py:2705} INFO - Sync 3 DAGs
[2023-04-16T15:15:03.944+0000] {logging_mixin.py:137} INFO - [2023-04-16T15:15:03.944+0000] {dag.py:3456} INFO - Setting next_dagrun for example_subdag_operator to 2022-01-01T00:00:00+00:00, run_after=2022-01-01T00:00:00+00:00
[2023-04-16T15:15:03.946+0000] {logging_mixin.py:137} INFO - [2023-04-16T15:15:03.946+0000] {dag.py:3456} INFO - Setting next_dagrun for example_subdag_operator.section-1 to None, run_after=None
[2023-04-16T15:15:03.947+0000] {logging_mixin.py:137} INFO - [2023-04-16T15:15:03.947+0000] {dag.py:3456} INFO - Setting next_dagrun for example_subdag_operator.section-2 to None, run_after=None
[2023-04-16T15:15:03.951+0000] {logging_mixin.py:137} INFO - [2023-04-16T15:15:03.951+0000] {dag.py:2705} INFO - Sync 2 DAGs
[2023-04-16T15:15:03.954+0000] {logging_mixin.py:137} INFO - [2023-04-16T15:15:03.954+0000] {dag.py:3456} INFO - Setting next_dagrun for example_subdag_operator.section-1 to None, run_after=None
[2023-04-16T15:15:03.954+0000] {logging_mixin.py:137} INFO - [2023-04-16T15:15:03.954+0000] {dag.py:3456} INFO - Setting next_dagrun for example_subdag_operator.section-2 to None, run_after=None
[2023-04-16T15:15:03.960+0000] {processor.py:175} INFO - Processing /home/airflow/.local/lib/python3.7/site-packages/airflow/example_dags/example_subdag_operator.py took 0.070 seconds
[2023-04-16T16:03:32.051+0000] {processor.py:153} INFO - Started process (PID=35883) to work on /home/airflow/.local/lib/python3.7/site-packages/airflow/example_dags/example_subdag_operator.py
[2023-04-16T16:03:32.052+0000] {processor.py:743} INFO - Processing file /home/airflow/.local/lib/python3.7/site-packages/airflow/example_dags/example_subdag_operator.py for tasks to queue
[2023-04-16T16:03:32.053+0000] {logging_mixin.py:137} INFO - [2023-04-16T16:03:32.053+0000] {dagbag.py:532} INFO - Filling up the DagBag from /home/airflow/.local/lib/python3.7/site-packages/airflow/example_dags/example_subdag_operator.py
[2023-04-16T16:03:32.076+0000] {processor.py:753} INFO - DAG(s) dict_keys(['example_subdag_operator.section-1', 'example_subdag_operator.section-2', 'example_subdag_operator']) retrieved from /home/airflow/.local/lib/python3.7/site-packages/airflow/example_dags/example_subdag_operator.py
[2023-04-16T16:03:32.089+0000] {logging_mixin.py:137} INFO - [2023-04-16T16:03:32.089+0000] {dag.py:2705} INFO - Sync 3 DAGs
[2023-04-16T16:03:32.110+0000] {logging_mixin.py:137} INFO - [2023-04-16T16:03:32.109+0000] {dag.py:3456} INFO - Setting next_dagrun for example_subdag_operator to 2022-01-01T00:00:00+00:00, run_after=2022-01-01T00:00:00+00:00
[2023-04-16T16:03:32.113+0000] {logging_mixin.py:137} INFO - [2023-04-16T16:03:32.113+0000] {dag.py:3456} INFO - Setting next_dagrun for example_subdag_operator.section-1 to None, run_after=None
[2023-04-16T16:03:32.114+0000] {logging_mixin.py:137} INFO - [2023-04-16T16:03:32.114+0000] {dag.py:3456} INFO - Setting next_dagrun for example_subdag_operator.section-2 to None, run_after=None
[2023-04-16T16:03:32.119+0000] {logging_mixin.py:137} INFO - [2023-04-16T16:03:32.119+0000] {dag.py:2705} INFO - Sync 2 DAGs
[2023-04-16T16:03:32.123+0000] {logging_mixin.py:137} INFO - [2023-04-16T16:03:32.123+0000] {dag.py:3456} INFO - Setting next_dagrun for example_subdag_operator.section-1 to None, run_after=None
[2023-04-16T16:03:32.123+0000] {logging_mixin.py:137} INFO - [2023-04-16T16:03:32.123+0000] {dag.py:3456} INFO - Setting next_dagrun for example_subdag_operator.section-2 to None, run_after=None
[2023-04-16T16:03:32.129+0000] {processor.py:175} INFO - Processing /home/airflow/.local/lib/python3.7/site-packages/airflow/example_dags/example_subdag_operator.py took 0.081 seconds
[2023-04-16T17:09:32.815+0000] {processor.py:153} INFO - Started process (PID=35936) to work on /home/airflow/.local/lib/python3.7/site-packages/airflow/example_dags/example_subdag_operator.py
[2023-04-16T17:09:32.816+0000] {processor.py:743} INFO - Processing file /home/airflow/.local/lib/python3.7/site-packages/airflow/example_dags/example_subdag_operator.py for tasks to queue
[2023-04-16T17:09:32.817+0000] {logging_mixin.py:137} INFO - [2023-04-16T17:09:32.816+0000] {dagbag.py:532} INFO - Filling up the DagBag from /home/airflow/.local/lib/python3.7/site-packages/airflow/example_dags/example_subdag_operator.py
[2023-04-16T17:09:32.848+0000] {processor.py:753} INFO - DAG(s) dict_keys(['example_subdag_operator.section-1', 'example_subdag_operator.section-2', 'example_subdag_operator']) retrieved from /home/airflow/.local/lib/python3.7/site-packages/airflow/example_dags/example_subdag_operator.py
[2023-04-16T17:09:32.861+0000] {logging_mixin.py:137} INFO - [2023-04-16T17:09:32.861+0000] {dag.py:2705} INFO - Sync 3 DAGs
[2023-04-16T17:09:32.879+0000] {logging_mixin.py:137} INFO - [2023-04-16T17:09:32.879+0000] {dag.py:3456} INFO - Setting next_dagrun for example_subdag_operator to 2022-01-01T00:00:00+00:00, run_after=2022-01-01T00:00:00+00:00
[2023-04-16T17:09:32.881+0000] {logging_mixin.py:137} INFO - [2023-04-16T17:09:32.881+0000] {dag.py:3456} INFO - Setting next_dagrun for example_subdag_operator.section-1 to None, run_after=None
[2023-04-16T17:09:32.882+0000] {logging_mixin.py:137} INFO - [2023-04-16T17:09:32.882+0000] {dag.py:3456} INFO - Setting next_dagrun for example_subdag_operator.section-2 to None, run_after=None
[2023-04-16T17:09:32.887+0000] {logging_mixin.py:137} INFO - [2023-04-16T17:09:32.887+0000] {dag.py:2705} INFO - Sync 2 DAGs
[2023-04-16T17:09:32.890+0000] {logging_mixin.py:137} INFO - [2023-04-16T17:09:32.890+0000] {dag.py:3456} INFO - Setting next_dagrun for example_subdag_operator.section-1 to None, run_after=None
[2023-04-16T17:09:32.891+0000] {logging_mixin.py:137} INFO - [2023-04-16T17:09:32.890+0000] {dag.py:3456} INFO - Setting next_dagrun for example_subdag_operator.section-2 to None, run_after=None
[2023-04-16T17:09:32.899+0000] {processor.py:175} INFO - Processing /home/airflow/.local/lib/python3.7/site-packages/airflow/example_dags/example_subdag_operator.py took 0.088 seconds
[2023-04-16T18:32:23.781+0000] {processor.py:153} INFO - Started process (PID=35989) to work on /home/airflow/.local/lib/python3.7/site-packages/airflow/example_dags/example_subdag_operator.py
[2023-04-16T18:32:23.783+0000] {processor.py:743} INFO - Processing file /home/airflow/.local/lib/python3.7/site-packages/airflow/example_dags/example_subdag_operator.py for tasks to queue
[2023-04-16T18:32:23.784+0000] {logging_mixin.py:137} INFO - [2023-04-16T18:32:23.784+0000] {dagbag.py:532} INFO - Filling up the DagBag from /home/airflow/.local/lib/python3.7/site-packages/airflow/example_dags/example_subdag_operator.py
[2023-04-16T18:32:23.827+0000] {processor.py:753} INFO - DAG(s) dict_keys(['example_subdag_operator.section-1', 'example_subdag_operator.section-2', 'example_subdag_operator']) retrieved from /home/airflow/.local/lib/python3.7/site-packages/airflow/example_dags/example_subdag_operator.py
[2023-04-16T18:32:23.861+0000] {logging_mixin.py:137} INFO - [2023-04-16T18:32:23.861+0000] {dag.py:2705} INFO - Sync 3 DAGs
[2023-04-16T18:32:23.897+0000] {logging_mixin.py:137} INFO - [2023-04-16T18:32:23.896+0000] {dag.py:3456} INFO - Setting next_dagrun for example_subdag_operator to 2022-01-01T00:00:00+00:00, run_after=2022-01-01T00:00:00+00:00
[2023-04-16T18:32:23.903+0000] {logging_mixin.py:137} INFO - [2023-04-16T18:32:23.903+0000] {dag.py:3456} INFO - Setting next_dagrun for example_subdag_operator.section-1 to None, run_after=None
[2023-04-16T18:32:23.904+0000] {logging_mixin.py:137} INFO - [2023-04-16T18:32:23.904+0000] {dag.py:3456} INFO - Setting next_dagrun for example_subdag_operator.section-2 to None, run_after=None
[2023-04-16T18:32:23.912+0000] {logging_mixin.py:137} INFO - [2023-04-16T18:32:23.911+0000] {dag.py:2705} INFO - Sync 2 DAGs
[2023-04-16T18:32:23.917+0000] {logging_mixin.py:137} INFO - [2023-04-16T18:32:23.917+0000] {dag.py:3456} INFO - Setting next_dagrun for example_subdag_operator.section-1 to None, run_after=None
[2023-04-16T18:32:23.917+0000] {logging_mixin.py:137} INFO - [2023-04-16T18:32:23.917+0000] {dag.py:3456} INFO - Setting next_dagrun for example_subdag_operator.section-2 to None, run_after=None
[2023-04-16T18:32:23.928+0000] {processor.py:175} INFO - Processing /home/airflow/.local/lib/python3.7/site-packages/airflow/example_dags/example_subdag_operator.py took 0.155 seconds
[2023-04-16T19:39:49.060+0000] {processor.py:153} INFO - Started process (PID=36042) to work on /home/airflow/.local/lib/python3.7/site-packages/airflow/example_dags/example_subdag_operator.py
[2023-04-16T19:39:49.061+0000] {processor.py:743} INFO - Processing file /home/airflow/.local/lib/python3.7/site-packages/airflow/example_dags/example_subdag_operator.py for tasks to queue
[2023-04-16T19:39:49.062+0000] {logging_mixin.py:137} INFO - [2023-04-16T19:39:49.062+0000] {dagbag.py:532} INFO - Filling up the DagBag from /home/airflow/.local/lib/python3.7/site-packages/airflow/example_dags/example_subdag_operator.py
[2023-04-16T19:39:49.086+0000] {processor.py:753} INFO - DAG(s) dict_keys(['example_subdag_operator.section-1', 'example_subdag_operator.section-2', 'example_subdag_operator']) retrieved from /home/airflow/.local/lib/python3.7/site-packages/airflow/example_dags/example_subdag_operator.py
[2023-04-16T19:39:49.101+0000] {logging_mixin.py:137} INFO - [2023-04-16T19:39:49.101+0000] {dag.py:2705} INFO - Sync 3 DAGs
[2023-04-16T19:39:49.116+0000] {logging_mixin.py:137} INFO - [2023-04-16T19:39:49.116+0000] {dag.py:3456} INFO - Setting next_dagrun for example_subdag_operator to 2022-01-01T00:00:00+00:00, run_after=2022-01-01T00:00:00+00:00
[2023-04-16T19:39:49.119+0000] {logging_mixin.py:137} INFO - [2023-04-16T19:39:49.118+0000] {dag.py:3456} INFO - Setting next_dagrun for example_subdag_operator.section-1 to None, run_after=None
[2023-04-16T19:39:49.120+0000] {logging_mixin.py:137} INFO - [2023-04-16T19:39:49.119+0000] {dag.py:3456} INFO - Setting next_dagrun for example_subdag_operator.section-2 to None, run_after=None
[2023-04-16T19:39:49.124+0000] {logging_mixin.py:137} INFO - [2023-04-16T19:39:49.124+0000] {dag.py:2705} INFO - Sync 2 DAGs
[2023-04-16T19:39:49.127+0000] {logging_mixin.py:137} INFO - [2023-04-16T19:39:49.127+0000] {dag.py:3456} INFO - Setting next_dagrun for example_subdag_operator.section-1 to None, run_after=None
[2023-04-16T19:39:49.128+0000] {logging_mixin.py:137} INFO - [2023-04-16T19:39:49.128+0000] {dag.py:3456} INFO - Setting next_dagrun for example_subdag_operator.section-2 to None, run_after=None
[2023-04-16T19:39:49.134+0000] {processor.py:175} INFO - Processing /home/airflow/.local/lib/python3.7/site-packages/airflow/example_dags/example_subdag_operator.py took 0.077 seconds
[2023-04-16T20:44:58.784+0000] {processor.py:153} INFO - Started process (PID=36095) to work on /home/airflow/.local/lib/python3.7/site-packages/airflow/example_dags/example_subdag_operator.py
[2023-04-16T20:44:58.785+0000] {processor.py:743} INFO - Processing file /home/airflow/.local/lib/python3.7/site-packages/airflow/example_dags/example_subdag_operator.py for tasks to queue
[2023-04-16T20:44:58.786+0000] {logging_mixin.py:137} INFO - [2023-04-16T20:44:58.786+0000] {dagbag.py:532} INFO - Filling up the DagBag from /home/airflow/.local/lib/python3.7/site-packages/airflow/example_dags/example_subdag_operator.py
[2023-04-16T20:44:58.810+0000] {processor.py:753} INFO - DAG(s) dict_keys(['example_subdag_operator.section-1', 'example_subdag_operator.section-2', 'example_subdag_operator']) retrieved from /home/airflow/.local/lib/python3.7/site-packages/airflow/example_dags/example_subdag_operator.py
[2023-04-16T20:44:58.823+0000] {logging_mixin.py:137} INFO - [2023-04-16T20:44:58.823+0000] {dag.py:2705} INFO - Sync 3 DAGs
[2023-04-16T20:44:58.839+0000] {logging_mixin.py:137} INFO - [2023-04-16T20:44:58.839+0000] {dag.py:3456} INFO - Setting next_dagrun for example_subdag_operator to 2022-01-01T00:00:00+00:00, run_after=2022-01-01T00:00:00+00:00
[2023-04-16T20:44:58.841+0000] {logging_mixin.py:137} INFO - [2023-04-16T20:44:58.841+0000] {dag.py:3456} INFO - Setting next_dagrun for example_subdag_operator.section-1 to None, run_after=None
[2023-04-16T20:44:58.842+0000] {logging_mixin.py:137} INFO - [2023-04-16T20:44:58.842+0000] {dag.py:3456} INFO - Setting next_dagrun for example_subdag_operator.section-2 to None, run_after=None
[2023-04-16T20:44:58.846+0000] {logging_mixin.py:137} INFO - [2023-04-16T20:44:58.846+0000] {dag.py:2705} INFO - Sync 2 DAGs
[2023-04-16T20:44:58.849+0000] {logging_mixin.py:137} INFO - [2023-04-16T20:44:58.849+0000] {dag.py:3456} INFO - Setting next_dagrun for example_subdag_operator.section-1 to None, run_after=None
[2023-04-16T20:44:58.850+0000] {logging_mixin.py:137} INFO - [2023-04-16T20:44:58.850+0000] {dag.py:3456} INFO - Setting next_dagrun for example_subdag_operator.section-2 to None, run_after=None
[2023-04-16T20:44:58.855+0000] {processor.py:175} INFO - Processing /home/airflow/.local/lib/python3.7/site-packages/airflow/example_dags/example_subdag_operator.py took 0.074 seconds
[2023-04-16T21:52:24.703+0000] {processor.py:153} INFO - Started process (PID=36148) to work on /home/airflow/.local/lib/python3.7/site-packages/airflow/example_dags/example_subdag_operator.py
[2023-04-16T21:52:24.704+0000] {processor.py:743} INFO - Processing file /home/airflow/.local/lib/python3.7/site-packages/airflow/example_dags/example_subdag_operator.py for tasks to queue
[2023-04-16T21:52:24.705+0000] {logging_mixin.py:137} INFO - [2023-04-16T21:52:24.704+0000] {dagbag.py:532} INFO - Filling up the DagBag from /home/airflow/.local/lib/python3.7/site-packages/airflow/example_dags/example_subdag_operator.py
[2023-04-16T21:52:24.728+0000] {processor.py:753} INFO - DAG(s) dict_keys(['example_subdag_operator.section-1', 'example_subdag_operator.section-2', 'example_subdag_operator']) retrieved from /home/airflow/.local/lib/python3.7/site-packages/airflow/example_dags/example_subdag_operator.py
[2023-04-16T21:52:24.742+0000] {logging_mixin.py:137} INFO - [2023-04-16T21:52:24.741+0000] {dag.py:2705} INFO - Sync 3 DAGs
[2023-04-16T21:52:24.757+0000] {logging_mixin.py:137} INFO - [2023-04-16T21:52:24.757+0000] {dag.py:3456} INFO - Setting next_dagrun for example_subdag_operator to 2022-01-01T00:00:00+00:00, run_after=2022-01-01T00:00:00+00:00
[2023-04-16T21:52:24.759+0000] {logging_mixin.py:137} INFO - [2023-04-16T21:52:24.759+0000] {dag.py:3456} INFO - Setting next_dagrun for example_subdag_operator.section-1 to None, run_after=None
[2023-04-16T21:52:24.760+0000] {logging_mixin.py:137} INFO - [2023-04-16T21:52:24.760+0000] {dag.py:3456} INFO - Setting next_dagrun for example_subdag_operator.section-2 to None, run_after=None
[2023-04-16T21:52:24.764+0000] {logging_mixin.py:137} INFO - [2023-04-16T21:52:24.764+0000] {dag.py:2705} INFO - Sync 2 DAGs
[2023-04-16T21:52:24.767+0000] {logging_mixin.py:137} INFO - [2023-04-16T21:52:24.767+0000] {dag.py:3456} INFO - Setting next_dagrun for example_subdag_operator.section-1 to None, run_after=None
[2023-04-16T21:52:24.768+0000] {logging_mixin.py:137} INFO - [2023-04-16T21:52:24.768+0000] {dag.py:3456} INFO - Setting next_dagrun for example_subdag_operator.section-2 to None, run_after=None
[2023-04-16T21:52:24.773+0000] {processor.py:175} INFO - Processing /home/airflow/.local/lib/python3.7/site-packages/airflow/example_dags/example_subdag_operator.py took 0.073 seconds
[2023-04-16T22:18:54.513+0000] {processor.py:153} INFO - Started process (PID=36201) to work on /home/airflow/.local/lib/python3.7/site-packages/airflow/example_dags/example_subdag_operator.py
[2023-04-16T22:18:54.516+0000] {processor.py:743} INFO - Processing file /home/airflow/.local/lib/python3.7/site-packages/airflow/example_dags/example_subdag_operator.py for tasks to queue
[2023-04-16T22:18:54.516+0000] {logging_mixin.py:137} INFO - [2023-04-16T22:18:54.516+0000] {dagbag.py:532} INFO - Filling up the DagBag from /home/airflow/.local/lib/python3.7/site-packages/airflow/example_dags/example_subdag_operator.py
[2023-04-16T22:18:54.542+0000] {processor.py:753} INFO - DAG(s) dict_keys(['example_subdag_operator.section-1', 'example_subdag_operator.section-2', 'example_subdag_operator']) retrieved from /home/airflow/.local/lib/python3.7/site-packages/airflow/example_dags/example_subdag_operator.py
[2023-04-16T22:18:54.554+0000] {logging_mixin.py:137} INFO - [2023-04-16T22:18:54.554+0000] {dag.py:2705} INFO - Sync 3 DAGs
[2023-04-16T22:18:54.570+0000] {logging_mixin.py:137} INFO - [2023-04-16T22:18:54.570+0000] {dag.py:3456} INFO - Setting next_dagrun for example_subdag_operator to 2022-01-01T00:00:00+00:00, run_after=2022-01-01T00:00:00+00:00
[2023-04-16T22:18:54.573+0000] {logging_mixin.py:137} INFO - [2023-04-16T22:18:54.573+0000] {dag.py:3456} INFO - Setting next_dagrun for example_subdag_operator.section-1 to None, run_after=None
[2023-04-16T22:18:54.574+0000] {logging_mixin.py:137} INFO - [2023-04-16T22:18:54.574+0000] {dag.py:3456} INFO - Setting next_dagrun for example_subdag_operator.section-2 to None, run_after=None
[2023-04-16T22:18:54.578+0000] {logging_mixin.py:137} INFO - [2023-04-16T22:18:54.578+0000] {dag.py:2705} INFO - Sync 2 DAGs
[2023-04-16T22:18:54.582+0000] {logging_mixin.py:137} INFO - [2023-04-16T22:18:54.582+0000] {dag.py:3456} INFO - Setting next_dagrun for example_subdag_operator.section-1 to None, run_after=None
[2023-04-16T22:18:54.582+0000] {logging_mixin.py:137} INFO - [2023-04-16T22:18:54.582+0000] {dag.py:3456} INFO - Setting next_dagrun for example_subdag_operator.section-2 to None, run_after=None
[2023-04-16T22:18:54.588+0000] {processor.py:175} INFO - Processing /home/airflow/.local/lib/python3.7/site-packages/airflow/example_dags/example_subdag_operator.py took 0.078 seconds
[2023-04-16T22:19:25.127+0000] {processor.py:153} INFO - Started process (PID=36254) to work on /home/airflow/.local/lib/python3.7/site-packages/airflow/example_dags/example_subdag_operator.py
[2023-04-16T22:19:25.128+0000] {processor.py:743} INFO - Processing file /home/airflow/.local/lib/python3.7/site-packages/airflow/example_dags/example_subdag_operator.py for tasks to queue
[2023-04-16T22:19:25.129+0000] {logging_mixin.py:137} INFO - [2023-04-16T22:19:25.129+0000] {dagbag.py:532} INFO - Filling up the DagBag from /home/airflow/.local/lib/python3.7/site-packages/airflow/example_dags/example_subdag_operator.py
[2023-04-16T22:19:25.152+0000] {processor.py:753} INFO - DAG(s) dict_keys(['example_subdag_operator.section-1', 'example_subdag_operator.section-2', 'example_subdag_operator']) retrieved from /home/airflow/.local/lib/python3.7/site-packages/airflow/example_dags/example_subdag_operator.py
[2023-04-16T22:19:25.163+0000] {logging_mixin.py:137} INFO - [2023-04-16T22:19:25.163+0000] {dag.py:2705} INFO - Sync 3 DAGs
[2023-04-16T22:19:25.178+0000] {logging_mixin.py:137} INFO - [2023-04-16T22:19:25.178+0000] {dag.py:3456} INFO - Setting next_dagrun for example_subdag_operator to 2022-01-01T00:00:00+00:00, run_after=2022-01-01T00:00:00+00:00
[2023-04-16T22:19:25.180+0000] {logging_mixin.py:137} INFO - [2023-04-16T22:19:25.180+0000] {dag.py:3456} INFO - Setting next_dagrun for example_subdag_operator.section-1 to None, run_after=None
[2023-04-16T22:19:25.180+0000] {logging_mixin.py:137} INFO - [2023-04-16T22:19:25.180+0000] {dag.py:3456} INFO - Setting next_dagrun for example_subdag_operator.section-2 to None, run_after=None
[2023-04-16T22:19:25.185+0000] {logging_mixin.py:137} INFO - [2023-04-16T22:19:25.185+0000] {dag.py:2705} INFO - Sync 2 DAGs
[2023-04-16T22:19:25.188+0000] {logging_mixin.py:137} INFO - [2023-04-16T22:19:25.188+0000] {dag.py:3456} INFO - Setting next_dagrun for example_subdag_operator.section-1 to None, run_after=None
[2023-04-16T22:19:25.188+0000] {logging_mixin.py:137} INFO - [2023-04-16T22:19:25.188+0000] {dag.py:3456} INFO - Setting next_dagrun for example_subdag_operator.section-2 to None, run_after=None
[2023-04-16T22:19:25.194+0000] {processor.py:175} INFO - Processing /home/airflow/.local/lib/python3.7/site-packages/airflow/example_dags/example_subdag_operator.py took 0.069 seconds
[2023-04-16T22:39:19.228+0000] {processor.py:153} INFO - Started process (PID=36307) to work on /home/airflow/.local/lib/python3.7/site-packages/airflow/example_dags/example_subdag_operator.py
[2023-04-16T22:39:19.229+0000] {processor.py:743} INFO - Processing file /home/airflow/.local/lib/python3.7/site-packages/airflow/example_dags/example_subdag_operator.py for tasks to queue
[2023-04-16T22:39:19.229+0000] {logging_mixin.py:137} INFO - [2023-04-16T22:39:19.229+0000] {dagbag.py:532} INFO - Filling up the DagBag from /home/airflow/.local/lib/python3.7/site-packages/airflow/example_dags/example_subdag_operator.py
[2023-04-16T22:39:19.254+0000] {processor.py:753} INFO - DAG(s) dict_keys(['example_subdag_operator.section-1', 'example_subdag_operator.section-2', 'example_subdag_operator']) retrieved from /home/airflow/.local/lib/python3.7/site-packages/airflow/example_dags/example_subdag_operator.py
[2023-04-16T22:39:19.267+0000] {logging_mixin.py:137} INFO - [2023-04-16T22:39:19.266+0000] {dag.py:2705} INFO - Sync 3 DAGs
[2023-04-16T22:39:19.280+0000] {logging_mixin.py:137} INFO - [2023-04-16T22:39:19.280+0000] {dag.py:3456} INFO - Setting next_dagrun for example_subdag_operator to 2022-01-01T00:00:00+00:00, run_after=2022-01-01T00:00:00+00:00
[2023-04-16T22:39:19.283+0000] {logging_mixin.py:137} INFO - [2023-04-16T22:39:19.283+0000] {dag.py:3456} INFO - Setting next_dagrun for example_subdag_operator.section-1 to None, run_after=None
[2023-04-16T22:39:19.284+0000] {logging_mixin.py:137} INFO - [2023-04-16T22:39:19.283+0000] {dag.py:3456} INFO - Setting next_dagrun for example_subdag_operator.section-2 to None, run_after=None
[2023-04-16T22:39:19.288+0000] {logging_mixin.py:137} INFO - [2023-04-16T22:39:19.288+0000] {dag.py:2705} INFO - Sync 2 DAGs
[2023-04-16T22:39:19.291+0000] {logging_mixin.py:137} INFO - [2023-04-16T22:39:19.291+0000] {dag.py:3456} INFO - Setting next_dagrun for example_subdag_operator.section-1 to None, run_after=None
[2023-04-16T22:39:19.291+0000] {logging_mixin.py:137} INFO - [2023-04-16T22:39:19.291+0000] {dag.py:3456} INFO - Setting next_dagrun for example_subdag_operator.section-2 to None, run_after=None
[2023-04-16T22:39:19.297+0000] {processor.py:175} INFO - Processing /home/airflow/.local/lib/python3.7/site-packages/airflow/example_dags/example_subdag_operator.py took 0.072 seconds
[2023-04-16T22:39:49.728+0000] {processor.py:153} INFO - Started process (PID=36360) to work on /home/airflow/.local/lib/python3.7/site-packages/airflow/example_dags/example_subdag_operator.py
[2023-04-16T22:39:49.730+0000] {processor.py:743} INFO - Processing file /home/airflow/.local/lib/python3.7/site-packages/airflow/example_dags/example_subdag_operator.py for tasks to queue
[2023-04-16T22:39:49.730+0000] {logging_mixin.py:137} INFO - [2023-04-16T22:39:49.730+0000] {dagbag.py:532} INFO - Filling up the DagBag from /home/airflow/.local/lib/python3.7/site-packages/airflow/example_dags/example_subdag_operator.py
[2023-04-16T22:39:49.753+0000] {processor.py:753} INFO - DAG(s) dict_keys(['example_subdag_operator.section-1', 'example_subdag_operator.section-2', 'example_subdag_operator']) retrieved from /home/airflow/.local/lib/python3.7/site-packages/airflow/example_dags/example_subdag_operator.py
[2023-04-16T22:39:49.769+0000] {logging_mixin.py:137} INFO - [2023-04-16T22:39:49.768+0000] {dag.py:2705} INFO - Sync 3 DAGs
[2023-04-16T22:39:49.784+0000] {logging_mixin.py:137} INFO - [2023-04-16T22:39:49.784+0000] {dag.py:3456} INFO - Setting next_dagrun for example_subdag_operator to 2022-01-01T00:00:00+00:00, run_after=2022-01-01T00:00:00+00:00
[2023-04-16T22:39:49.786+0000] {logging_mixin.py:137} INFO - [2023-04-16T22:39:49.786+0000] {dag.py:3456} INFO - Setting next_dagrun for example_subdag_operator.section-1 to None, run_after=None
[2023-04-16T22:39:49.787+0000] {logging_mixin.py:137} INFO - [2023-04-16T22:39:49.787+0000] {dag.py:3456} INFO - Setting next_dagrun for example_subdag_operator.section-2 to None, run_after=None
[2023-04-16T22:39:49.795+0000] {logging_mixin.py:137} INFO - [2023-04-16T22:39:49.795+0000] {dag.py:2705} INFO - Sync 2 DAGs
[2023-04-16T22:39:49.798+0000] {logging_mixin.py:137} INFO - [2023-04-16T22:39:49.798+0000] {dag.py:3456} INFO - Setting next_dagrun for example_subdag_operator.section-1 to None, run_after=None
[2023-04-16T22:39:49.798+0000] {logging_mixin.py:137} INFO - [2023-04-16T22:39:49.798+0000] {dag.py:3456} INFO - Setting next_dagrun for example_subdag_operator.section-2 to None, run_after=None
[2023-04-16T22:39:49.803+0000] {processor.py:175} INFO - Processing /home/airflow/.local/lib/python3.7/site-packages/airflow/example_dags/example_subdag_operator.py took 0.078 seconds
