[2023-04-16T00:33:36.488+0000] {processor.py:153} INFO - Started process (PID=34881) to work on /home/airflow/.local/lib/python3.7/site-packages/airflow/example_dags/example_xcom.py
[2023-04-16T00:33:36.489+0000] {processor.py:743} INFO - Processing file /home/airflow/.local/lib/python3.7/site-packages/airflow/example_dags/example_xcom.py for tasks to queue
[2023-04-16T00:33:36.489+0000] {logging_mixin.py:137} INFO - [2023-04-16T00:33:36.489+0000] {dagbag.py:532} INFO - Filling up the DagBag from /home/airflow/.local/lib/python3.7/site-packages/airflow/example_dags/example_xcom.py
[2023-04-16T00:33:36.505+0000] {processor.py:753} INFO - DAG(s) dict_keys(['example_xcom']) retrieved from /home/airflow/.local/lib/python3.7/site-packages/airflow/example_dags/example_xcom.py
[2023-04-16T00:33:36.525+0000] {logging_mixin.py:137} INFO - [2023-04-16T00:33:36.525+0000] {dag.py:2705} INFO - Sync 1 DAGs
[2023-04-16T00:33:36.539+0000] {logging_mixin.py:137} INFO - [2023-04-16T00:33:36.539+0000] {dag.py:3456} INFO - Setting next_dagrun for example_xcom to 2021-01-01T00:00:00+00:00, run_after=2021-01-01T00:00:00+00:00
[2023-04-16T00:33:36.549+0000] {processor.py:175} INFO - Processing /home/airflow/.local/lib/python3.7/site-packages/airflow/example_dags/example_xcom.py took 0.064 seconds
[2023-04-16T01:42:56.289+0000] {processor.py:153} INFO - Started process (PID=34934) to work on /home/airflow/.local/lib/python3.7/site-packages/airflow/example_dags/example_xcom.py
[2023-04-16T01:42:56.290+0000] {processor.py:743} INFO - Processing file /home/airflow/.local/lib/python3.7/site-packages/airflow/example_dags/example_xcom.py for tasks to queue
[2023-04-16T01:42:56.291+0000] {logging_mixin.py:137} INFO - [2023-04-16T01:42:56.291+0000] {dagbag.py:532} INFO - Filling up the DagBag from /home/airflow/.local/lib/python3.7/site-packages/airflow/example_dags/example_xcom.py
[2023-04-16T01:42:56.306+0000] {processor.py:753} INFO - DAG(s) dict_keys(['example_xcom']) retrieved from /home/airflow/.local/lib/python3.7/site-packages/airflow/example_dags/example_xcom.py
[2023-04-16T01:42:56.333+0000] {logging_mixin.py:137} INFO - [2023-04-16T01:42:56.333+0000] {dag.py:2705} INFO - Sync 1 DAGs
[2023-04-16T01:42:56.366+0000] {logging_mixin.py:137} INFO - [2023-04-16T01:42:56.366+0000] {dag.py:3456} INFO - Setting next_dagrun for example_xcom to 2021-01-01T00:00:00+00:00, run_after=2021-01-01T00:00:00+00:00
[2023-04-16T01:42:56.382+0000] {processor.py:175} INFO - Processing /home/airflow/.local/lib/python3.7/site-packages/airflow/example_dags/example_xcom.py took 0.095 seconds
[2023-04-16T02:49:25.103+0000] {processor.py:153} INFO - Started process (PID=34987) to work on /home/airflow/.local/lib/python3.7/site-packages/airflow/example_dags/example_xcom.py
[2023-04-16T02:49:25.106+0000] {processor.py:743} INFO - Processing file /home/airflow/.local/lib/python3.7/site-packages/airflow/example_dags/example_xcom.py for tasks to queue
[2023-04-16T02:49:25.108+0000] {logging_mixin.py:137} INFO - [2023-04-16T02:49:25.108+0000] {dagbag.py:532} INFO - Filling up the DagBag from /home/airflow/.local/lib/python3.7/site-packages/airflow/example_dags/example_xcom.py
[2023-04-16T02:49:25.134+0000] {processor.py:753} INFO - DAG(s) dict_keys(['example_xcom']) retrieved from /home/airflow/.local/lib/python3.7/site-packages/airflow/example_dags/example_xcom.py
[2023-04-16T02:49:25.181+0000] {logging_mixin.py:137} INFO - [2023-04-16T02:49:25.181+0000] {dag.py:2705} INFO - Sync 1 DAGs
[2023-04-16T02:49:25.198+0000] {logging_mixin.py:137} INFO - [2023-04-16T02:49:25.198+0000] {dag.py:3456} INFO - Setting next_dagrun for example_xcom to 2021-01-01T00:00:00+00:00, run_after=2021-01-01T00:00:00+00:00
[2023-04-16T02:49:25.208+0000] {processor.py:175} INFO - Processing /home/airflow/.local/lib/python3.7/site-packages/airflow/example_dags/example_xcom.py took 0.113 seconds
[2023-04-16T03:56:30.940+0000] {processor.py:153} INFO - Started process (PID=35041) to work on /home/airflow/.local/lib/python3.7/site-packages/airflow/example_dags/example_xcom.py
[2023-04-16T03:56:30.941+0000] {processor.py:743} INFO - Processing file /home/airflow/.local/lib/python3.7/site-packages/airflow/example_dags/example_xcom.py for tasks to queue
[2023-04-16T03:56:30.942+0000] {logging_mixin.py:137} INFO - [2023-04-16T03:56:30.942+0000] {dagbag.py:532} INFO - Filling up the DagBag from /home/airflow/.local/lib/python3.7/site-packages/airflow/example_dags/example_xcom.py
[2023-04-16T03:56:30.960+0000] {processor.py:753} INFO - DAG(s) dict_keys(['example_xcom']) retrieved from /home/airflow/.local/lib/python3.7/site-packages/airflow/example_dags/example_xcom.py
[2023-04-16T03:56:30.981+0000] {logging_mixin.py:137} INFO - [2023-04-16T03:56:30.981+0000] {dag.py:2705} INFO - Sync 1 DAGs
[2023-04-16T03:56:31.004+0000] {logging_mixin.py:137} INFO - [2023-04-16T03:56:31.004+0000] {dag.py:3456} INFO - Setting next_dagrun for example_xcom to 2021-01-01T00:00:00+00:00, run_after=2021-01-01T00:00:00+00:00
[2023-04-16T03:56:31.015+0000] {processor.py:175} INFO - Processing /home/airflow/.local/lib/python3.7/site-packages/airflow/example_dags/example_xcom.py took 0.078 seconds
[2023-04-16T04:57:14.366+0000] {processor.py:153} INFO - Started process (PID=35094) to work on /home/airflow/.local/lib/python3.7/site-packages/airflow/example_dags/example_xcom.py
[2023-04-16T04:57:14.367+0000] {processor.py:743} INFO - Processing file /home/airflow/.local/lib/python3.7/site-packages/airflow/example_dags/example_xcom.py for tasks to queue
[2023-04-16T04:57:14.368+0000] {logging_mixin.py:137} INFO - [2023-04-16T04:57:14.368+0000] {dagbag.py:532} INFO - Filling up the DagBag from /home/airflow/.local/lib/python3.7/site-packages/airflow/example_dags/example_xcom.py
[2023-04-16T04:57:14.383+0000] {processor.py:753} INFO - DAG(s) dict_keys(['example_xcom']) retrieved from /home/airflow/.local/lib/python3.7/site-packages/airflow/example_dags/example_xcom.py
[2023-04-16T04:57:14.401+0000] {logging_mixin.py:137} INFO - [2023-04-16T04:57:14.401+0000] {dag.py:2705} INFO - Sync 1 DAGs
[2023-04-16T04:57:14.415+0000] {logging_mixin.py:137} INFO - [2023-04-16T04:57:14.415+0000] {dag.py:3456} INFO - Setting next_dagrun for example_xcom to 2021-01-01T00:00:00+00:00, run_after=2021-01-01T00:00:00+00:00
[2023-04-16T04:57:14.424+0000] {processor.py:175} INFO - Processing /home/airflow/.local/lib/python3.7/site-packages/airflow/example_dags/example_xcom.py took 0.061 seconds
[2023-04-16T04:57:44.895+0000] {processor.py:153} INFO - Started process (PID=35146) to work on /home/airflow/.local/lib/python3.7/site-packages/airflow/example_dags/example_xcom.py
[2023-04-16T04:57:44.895+0000] {processor.py:743} INFO - Processing file /home/airflow/.local/lib/python3.7/site-packages/airflow/example_dags/example_xcom.py for tasks to queue
[2023-04-16T04:57:44.896+0000] {logging_mixin.py:137} INFO - [2023-04-16T04:57:44.896+0000] {dagbag.py:532} INFO - Filling up the DagBag from /home/airflow/.local/lib/python3.7/site-packages/airflow/example_dags/example_xcom.py
[2023-04-16T04:57:44.910+0000] {processor.py:753} INFO - DAG(s) dict_keys(['example_xcom']) retrieved from /home/airflow/.local/lib/python3.7/site-packages/airflow/example_dags/example_xcom.py
[2023-04-16T04:57:44.928+0000] {logging_mixin.py:137} INFO - [2023-04-16T04:57:44.928+0000] {dag.py:2705} INFO - Sync 1 DAGs
[2023-04-16T04:57:44.941+0000] {logging_mixin.py:137} INFO - [2023-04-16T04:57:44.941+0000] {dag.py:3456} INFO - Setting next_dagrun for example_xcom to 2021-01-01T00:00:00+00:00, run_after=2021-01-01T00:00:00+00:00
[2023-04-16T04:57:44.950+0000] {processor.py:175} INFO - Processing /home/airflow/.local/lib/python3.7/site-packages/airflow/example_dags/example_xcom.py took 0.058 seconds
[2023-04-16T06:01:53.123+0000] {processor.py:153} INFO - Started process (PID=35199) to work on /home/airflow/.local/lib/python3.7/site-packages/airflow/example_dags/example_xcom.py
[2023-04-16T06:01:53.124+0000] {processor.py:743} INFO - Processing file /home/airflow/.local/lib/python3.7/site-packages/airflow/example_dags/example_xcom.py for tasks to queue
[2023-04-16T06:01:53.126+0000] {logging_mixin.py:137} INFO - [2023-04-16T06:01:53.125+0000] {dagbag.py:532} INFO - Filling up the DagBag from /home/airflow/.local/lib/python3.7/site-packages/airflow/example_dags/example_xcom.py
[2023-04-16T06:01:53.163+0000] {processor.py:753} INFO - DAG(s) dict_keys(['example_xcom']) retrieved from /home/airflow/.local/lib/python3.7/site-packages/airflow/example_dags/example_xcom.py
[2023-04-16T06:01:53.224+0000] {logging_mixin.py:137} INFO - [2023-04-16T06:01:53.224+0000] {dag.py:2705} INFO - Sync 1 DAGs
[2023-04-16T06:01:53.281+0000] {logging_mixin.py:137} INFO - [2023-04-16T06:01:53.280+0000] {dag.py:3456} INFO - Setting next_dagrun for example_xcom to 2021-01-01T00:00:00+00:00, run_after=2021-01-01T00:00:00+00:00
[2023-04-16T06:01:53.339+0000] {processor.py:175} INFO - Processing /home/airflow/.local/lib/python3.7/site-packages/airflow/example_dags/example_xcom.py took 0.222 seconds
[2023-04-16T06:13:25.368+0000] {processor.py:153} INFO - Started process (PID=35252) to work on /home/airflow/.local/lib/python3.7/site-packages/airflow/example_dags/example_xcom.py
[2023-04-16T06:13:25.369+0000] {processor.py:743} INFO - Processing file /home/airflow/.local/lib/python3.7/site-packages/airflow/example_dags/example_xcom.py for tasks to queue
[2023-04-16T06:13:25.370+0000] {logging_mixin.py:137} INFO - [2023-04-16T06:13:25.370+0000] {dagbag.py:532} INFO - Filling up the DagBag from /home/airflow/.local/lib/python3.7/site-packages/airflow/example_dags/example_xcom.py
[2023-04-16T06:13:25.385+0000] {processor.py:753} INFO - DAG(s) dict_keys(['example_xcom']) retrieved from /home/airflow/.local/lib/python3.7/site-packages/airflow/example_dags/example_xcom.py
[2023-04-16T06:13:25.404+0000] {logging_mixin.py:137} INFO - [2023-04-16T06:13:25.403+0000] {dag.py:2705} INFO - Sync 1 DAGs
[2023-04-16T06:13:25.418+0000] {logging_mixin.py:137} INFO - [2023-04-16T06:13:25.418+0000] {dag.py:3456} INFO - Setting next_dagrun for example_xcom to 2021-01-01T00:00:00+00:00, run_after=2021-01-01T00:00:00+00:00
[2023-04-16T06:13:25.428+0000] {processor.py:175} INFO - Processing /home/airflow/.local/lib/python3.7/site-packages/airflow/example_dags/example_xcom.py took 0.062 seconds
[2023-04-16T06:29:18.973+0000] {processor.py:153} INFO - Started process (PID=35305) to work on /home/airflow/.local/lib/python3.7/site-packages/airflow/example_dags/example_xcom.py
[2023-04-16T06:29:18.975+0000] {processor.py:743} INFO - Processing file /home/airflow/.local/lib/python3.7/site-packages/airflow/example_dags/example_xcom.py for tasks to queue
[2023-04-16T06:29:18.975+0000] {logging_mixin.py:137} INFO - [2023-04-16T06:29:18.975+0000] {dagbag.py:532} INFO - Filling up the DagBag from /home/airflow/.local/lib/python3.7/site-packages/airflow/example_dags/example_xcom.py
[2023-04-16T06:29:18.994+0000] {processor.py:753} INFO - DAG(s) dict_keys(['example_xcom']) retrieved from /home/airflow/.local/lib/python3.7/site-packages/airflow/example_dags/example_xcom.py
[2023-04-16T06:29:19.015+0000] {logging_mixin.py:137} INFO - [2023-04-16T06:29:19.015+0000] {dag.py:2705} INFO - Sync 1 DAGs
[2023-04-16T06:29:19.032+0000] {logging_mixin.py:137} INFO - [2023-04-16T06:29:19.032+0000] {dag.py:3456} INFO - Setting next_dagrun for example_xcom to 2021-01-01T00:00:00+00:00, run_after=2021-01-01T00:00:00+00:00
[2023-04-16T06:29:19.045+0000] {processor.py:175} INFO - Processing /home/airflow/.local/lib/python3.7/site-packages/airflow/example_dags/example_xcom.py took 0.077 seconds
[2023-04-16T07:31:25.040+0000] {processor.py:153} INFO - Started process (PID=35358) to work on /home/airflow/.local/lib/python3.7/site-packages/airflow/example_dags/example_xcom.py
[2023-04-16T07:31:25.041+0000] {processor.py:743} INFO - Processing file /home/airflow/.local/lib/python3.7/site-packages/airflow/example_dags/example_xcom.py for tasks to queue
[2023-04-16T07:31:25.041+0000] {logging_mixin.py:137} INFO - [2023-04-16T07:31:25.041+0000] {dagbag.py:532} INFO - Filling up the DagBag from /home/airflow/.local/lib/python3.7/site-packages/airflow/example_dags/example_xcom.py
[2023-04-16T07:31:25.057+0000] {processor.py:753} INFO - DAG(s) dict_keys(['example_xcom']) retrieved from /home/airflow/.local/lib/python3.7/site-packages/airflow/example_dags/example_xcom.py
[2023-04-16T07:31:25.079+0000] {logging_mixin.py:137} INFO - [2023-04-16T07:31:25.079+0000] {dag.py:2705} INFO - Sync 1 DAGs
[2023-04-16T07:31:25.093+0000] {logging_mixin.py:137} INFO - [2023-04-16T07:31:25.093+0000] {dag.py:3456} INFO - Setting next_dagrun for example_xcom to 2021-01-01T00:00:00+00:00, run_after=2021-01-01T00:00:00+00:00
[2023-04-16T07:31:25.103+0000] {processor.py:175} INFO - Processing /home/airflow/.local/lib/python3.7/site-packages/airflow/example_dags/example_xcom.py took 0.066 seconds
[2023-04-16T08:50:11.567+0000] {processor.py:153} INFO - Started process (PID=35411) to work on /home/airflow/.local/lib/python3.7/site-packages/airflow/example_dags/example_xcom.py
[2023-04-16T08:50:11.568+0000] {processor.py:743} INFO - Processing file /home/airflow/.local/lib/python3.7/site-packages/airflow/example_dags/example_xcom.py for tasks to queue
[2023-04-16T08:50:11.568+0000] {logging_mixin.py:137} INFO - [2023-04-16T08:50:11.568+0000] {dagbag.py:532} INFO - Filling up the DagBag from /home/airflow/.local/lib/python3.7/site-packages/airflow/example_dags/example_xcom.py
[2023-04-16T08:50:11.582+0000] {processor.py:753} INFO - DAG(s) dict_keys(['example_xcom']) retrieved from /home/airflow/.local/lib/python3.7/site-packages/airflow/example_dags/example_xcom.py
[2023-04-16T08:50:11.600+0000] {logging_mixin.py:137} INFO - [2023-04-16T08:50:11.600+0000] {dag.py:2705} INFO - Sync 1 DAGs
[2023-04-16T08:50:11.614+0000] {logging_mixin.py:137} INFO - [2023-04-16T08:50:11.614+0000] {dag.py:3456} INFO - Setting next_dagrun for example_xcom to 2021-01-01T00:00:00+00:00, run_after=2021-01-01T00:00:00+00:00
[2023-04-16T08:50:11.624+0000] {processor.py:175} INFO - Processing /home/airflow/.local/lib/python3.7/site-packages/airflow/example_dags/example_xcom.py took 0.060 seconds
[2023-04-16T09:55:48.742+0000] {processor.py:153} INFO - Started process (PID=35464) to work on /home/airflow/.local/lib/python3.7/site-packages/airflow/example_dags/example_xcom.py
[2023-04-16T09:55:48.743+0000] {processor.py:743} INFO - Processing file /home/airflow/.local/lib/python3.7/site-packages/airflow/example_dags/example_xcom.py for tasks to queue
[2023-04-16T09:55:48.744+0000] {logging_mixin.py:137} INFO - [2023-04-16T09:55:48.744+0000] {dagbag.py:532} INFO - Filling up the DagBag from /home/airflow/.local/lib/python3.7/site-packages/airflow/example_dags/example_xcom.py
[2023-04-16T09:55:48.766+0000] {processor.py:753} INFO - DAG(s) dict_keys(['example_xcom']) retrieved from /home/airflow/.local/lib/python3.7/site-packages/airflow/example_dags/example_xcom.py
[2023-04-16T09:55:48.806+0000] {logging_mixin.py:137} INFO - [2023-04-16T09:55:48.805+0000] {dag.py:2705} INFO - Sync 1 DAGs
[2023-04-16T09:55:48.824+0000] {logging_mixin.py:137} INFO - [2023-04-16T09:55:48.824+0000] {dag.py:3456} INFO - Setting next_dagrun for example_xcom to 2021-01-01T00:00:00+00:00, run_after=2021-01-01T00:00:00+00:00
[2023-04-16T09:55:48.834+0000] {processor.py:175} INFO - Processing /home/airflow/.local/lib/python3.7/site-packages/airflow/example_dags/example_xcom.py took 0.097 seconds
[2023-04-16T11:01:49.707+0000] {processor.py:153} INFO - Started process (PID=35518) to work on /home/airflow/.local/lib/python3.7/site-packages/airflow/example_dags/example_xcom.py
[2023-04-16T11:01:49.709+0000] {processor.py:743} INFO - Processing file /home/airflow/.local/lib/python3.7/site-packages/airflow/example_dags/example_xcom.py for tasks to queue
[2023-04-16T11:01:49.710+0000] {logging_mixin.py:137} INFO - [2023-04-16T11:01:49.710+0000] {dagbag.py:532} INFO - Filling up the DagBag from /home/airflow/.local/lib/python3.7/site-packages/airflow/example_dags/example_xcom.py
[2023-04-16T11:01:49.727+0000] {processor.py:753} INFO - DAG(s) dict_keys(['example_xcom']) retrieved from /home/airflow/.local/lib/python3.7/site-packages/airflow/example_dags/example_xcom.py
[2023-04-16T11:01:49.747+0000] {logging_mixin.py:137} INFO - [2023-04-16T11:01:49.747+0000] {dag.py:2705} INFO - Sync 1 DAGs
[2023-04-16T11:01:49.762+0000] {logging_mixin.py:137} INFO - [2023-04-16T11:01:49.762+0000] {dag.py:3456} INFO - Setting next_dagrun for example_xcom to 2021-01-01T00:00:00+00:00, run_after=2021-01-01T00:00:00+00:00
[2023-04-16T11:01:49.772+0000] {processor.py:175} INFO - Processing /home/airflow/.local/lib/python3.7/site-packages/airflow/example_dags/example_xcom.py took 0.068 seconds
[2023-04-16T12:25:13.890+0000] {processor.py:153} INFO - Started process (PID=35571) to work on /home/airflow/.local/lib/python3.7/site-packages/airflow/example_dags/example_xcom.py
[2023-04-16T12:25:13.891+0000] {processor.py:743} INFO - Processing file /home/airflow/.local/lib/python3.7/site-packages/airflow/example_dags/example_xcom.py for tasks to queue
[2023-04-16T12:25:13.891+0000] {logging_mixin.py:137} INFO - [2023-04-16T12:25:13.891+0000] {dagbag.py:532} INFO - Filling up the DagBag from /home/airflow/.local/lib/python3.7/site-packages/airflow/example_dags/example_xcom.py
[2023-04-16T12:25:13.907+0000] {processor.py:753} INFO - DAG(s) dict_keys(['example_xcom']) retrieved from /home/airflow/.local/lib/python3.7/site-packages/airflow/example_dags/example_xcom.py
[2023-04-16T12:25:13.926+0000] {logging_mixin.py:137} INFO - [2023-04-16T12:25:13.926+0000] {dag.py:2705} INFO - Sync 1 DAGs
[2023-04-16T12:25:13.941+0000] {logging_mixin.py:137} INFO - [2023-04-16T12:25:13.941+0000] {dag.py:3456} INFO - Setting next_dagrun for example_xcom to 2021-01-01T00:00:00+00:00, run_after=2021-01-01T00:00:00+00:00
[2023-04-16T12:25:13.951+0000] {processor.py:175} INFO - Processing /home/airflow/.local/lib/python3.7/site-packages/airflow/example_dags/example_xcom.py took 0.064 seconds
[2023-04-16T13:32:25.698+0000] {processor.py:153} INFO - Started process (PID=35624) to work on /home/airflow/.local/lib/python3.7/site-packages/airflow/example_dags/example_xcom.py
[2023-04-16T13:32:25.699+0000] {processor.py:743} INFO - Processing file /home/airflow/.local/lib/python3.7/site-packages/airflow/example_dags/example_xcom.py for tasks to queue
[2023-04-16T13:32:25.699+0000] {logging_mixin.py:137} INFO - [2023-04-16T13:32:25.699+0000] {dagbag.py:532} INFO - Filling up the DagBag from /home/airflow/.local/lib/python3.7/site-packages/airflow/example_dags/example_xcom.py
[2023-04-16T13:32:25.717+0000] {processor.py:753} INFO - DAG(s) dict_keys(['example_xcom']) retrieved from /home/airflow/.local/lib/python3.7/site-packages/airflow/example_dags/example_xcom.py
[2023-04-16T13:32:25.744+0000] {logging_mixin.py:137} INFO - [2023-04-16T13:32:25.744+0000] {dag.py:2705} INFO - Sync 1 DAGs
[2023-04-16T13:32:25.764+0000] {logging_mixin.py:137} INFO - [2023-04-16T13:32:25.764+0000] {dag.py:3456} INFO - Setting next_dagrun for example_xcom to 2021-01-01T00:00:00+00:00, run_after=2021-01-01T00:00:00+00:00
[2023-04-16T13:32:25.780+0000] {processor.py:175} INFO - Processing /home/airflow/.local/lib/python3.7/site-packages/airflow/example_dags/example_xcom.py took 0.085 seconds
[2023-04-16T14:26:07.617+0000] {processor.py:153} INFO - Started process (PID=35677) to work on /home/airflow/.local/lib/python3.7/site-packages/airflow/example_dags/example_xcom.py
[2023-04-16T14:26:07.618+0000] {processor.py:743} INFO - Processing file /home/airflow/.local/lib/python3.7/site-packages/airflow/example_dags/example_xcom.py for tasks to queue
[2023-04-16T14:26:07.618+0000] {logging_mixin.py:137} INFO - [2023-04-16T14:26:07.618+0000] {dagbag.py:532} INFO - Filling up the DagBag from /home/airflow/.local/lib/python3.7/site-packages/airflow/example_dags/example_xcom.py
[2023-04-16T14:26:07.636+0000] {processor.py:753} INFO - DAG(s) dict_keys(['example_xcom']) retrieved from /home/airflow/.local/lib/python3.7/site-packages/airflow/example_dags/example_xcom.py
[2023-04-16T14:26:07.659+0000] {logging_mixin.py:137} INFO - [2023-04-16T14:26:07.659+0000] {dag.py:2705} INFO - Sync 1 DAGs
[2023-04-16T14:26:07.674+0000] {logging_mixin.py:137} INFO - [2023-04-16T14:26:07.674+0000] {dag.py:3456} INFO - Setting next_dagrun for example_xcom to 2021-01-01T00:00:00+00:00, run_after=2021-01-01T00:00:00+00:00
[2023-04-16T14:26:07.688+0000] {processor.py:175} INFO - Processing /home/airflow/.local/lib/python3.7/site-packages/airflow/example_dags/example_xcom.py took 0.074 seconds
[2023-04-16T14:26:38.502+0000] {processor.py:153} INFO - Started process (PID=35730) to work on /home/airflow/.local/lib/python3.7/site-packages/airflow/example_dags/example_xcom.py
[2023-04-16T14:26:38.503+0000] {processor.py:743} INFO - Processing file /home/airflow/.local/lib/python3.7/site-packages/airflow/example_dags/example_xcom.py for tasks to queue
[2023-04-16T14:26:38.504+0000] {logging_mixin.py:137} INFO - [2023-04-16T14:26:38.504+0000] {dagbag.py:532} INFO - Filling up the DagBag from /home/airflow/.local/lib/python3.7/site-packages/airflow/example_dags/example_xcom.py
[2023-04-16T14:26:38.520+0000] {processor.py:753} INFO - DAG(s) dict_keys(['example_xcom']) retrieved from /home/airflow/.local/lib/python3.7/site-packages/airflow/example_dags/example_xcom.py
[2023-04-16T14:26:38.538+0000] {logging_mixin.py:137} INFO - [2023-04-16T14:26:38.538+0000] {dag.py:2705} INFO - Sync 1 DAGs
[2023-04-16T14:26:38.553+0000] {logging_mixin.py:137} INFO - [2023-04-16T14:26:38.553+0000] {dag.py:3456} INFO - Setting next_dagrun for example_xcom to 2021-01-01T00:00:00+00:00, run_after=2021-01-01T00:00:00+00:00
[2023-04-16T14:26:38.563+0000] {processor.py:175} INFO - Processing /home/airflow/.local/lib/python3.7/site-packages/airflow/example_dags/example_xcom.py took 0.064 seconds
[2023-04-16T15:14:34.177+0000] {processor.py:153} INFO - Started process (PID=35783) to work on /home/airflow/.local/lib/python3.7/site-packages/airflow/example_dags/example_xcom.py
[2023-04-16T15:14:34.180+0000] {processor.py:743} INFO - Processing file /home/airflow/.local/lib/python3.7/site-packages/airflow/example_dags/example_xcom.py for tasks to queue
[2023-04-16T15:14:34.181+0000] {logging_mixin.py:137} INFO - [2023-04-16T15:14:34.181+0000] {dagbag.py:532} INFO - Filling up the DagBag from /home/airflow/.local/lib/python3.7/site-packages/airflow/example_dags/example_xcom.py
[2023-04-16T15:14:34.209+0000] {processor.py:753} INFO - DAG(s) dict_keys(['example_xcom']) retrieved from /home/airflow/.local/lib/python3.7/site-packages/airflow/example_dags/example_xcom.py
[2023-04-16T15:14:34.241+0000] {logging_mixin.py:137} INFO - [2023-04-16T15:14:34.241+0000] {dag.py:2705} INFO - Sync 1 DAGs
[2023-04-16T15:14:34.261+0000] {logging_mixin.py:137} INFO - [2023-04-16T15:14:34.261+0000] {dag.py:3456} INFO - Setting next_dagrun for example_xcom to 2021-01-01T00:00:00+00:00, run_after=2021-01-01T00:00:00+00:00
[2023-04-16T15:14:34.274+0000] {processor.py:175} INFO - Processing /home/airflow/.local/lib/python3.7/site-packages/airflow/example_dags/example_xcom.py took 0.100 seconds
[2023-04-16T15:15:05.221+0000] {processor.py:153} INFO - Started process (PID=35836) to work on /home/airflow/.local/lib/python3.7/site-packages/airflow/example_dags/example_xcom.py
[2023-04-16T15:15:05.222+0000] {processor.py:743} INFO - Processing file /home/airflow/.local/lib/python3.7/site-packages/airflow/example_dags/example_xcom.py for tasks to queue
[2023-04-16T15:15:05.223+0000] {logging_mixin.py:137} INFO - [2023-04-16T15:15:05.223+0000] {dagbag.py:532} INFO - Filling up the DagBag from /home/airflow/.local/lib/python3.7/site-packages/airflow/example_dags/example_xcom.py
[2023-04-16T15:15:05.237+0000] {processor.py:753} INFO - DAG(s) dict_keys(['example_xcom']) retrieved from /home/airflow/.local/lib/python3.7/site-packages/airflow/example_dags/example_xcom.py
[2023-04-16T15:15:05.256+0000] {logging_mixin.py:137} INFO - [2023-04-16T15:15:05.255+0000] {dag.py:2705} INFO - Sync 1 DAGs
[2023-04-16T15:15:05.270+0000] {logging_mixin.py:137} INFO - [2023-04-16T15:15:05.270+0000] {dag.py:3456} INFO - Setting next_dagrun for example_xcom to 2021-01-01T00:00:00+00:00, run_after=2021-01-01T00:00:00+00:00
[2023-04-16T15:15:05.280+0000] {processor.py:175} INFO - Processing /home/airflow/.local/lib/python3.7/site-packages/airflow/example_dags/example_xcom.py took 0.061 seconds
[2023-04-16T16:03:32.365+0000] {processor.py:153} INFO - Started process (PID=35889) to work on /home/airflow/.local/lib/python3.7/site-packages/airflow/example_dags/example_xcom.py
[2023-04-16T16:03:32.366+0000] {processor.py:743} INFO - Processing file /home/airflow/.local/lib/python3.7/site-packages/airflow/example_dags/example_xcom.py for tasks to queue
[2023-04-16T16:03:32.367+0000] {logging_mixin.py:137} INFO - [2023-04-16T16:03:32.367+0000] {dagbag.py:532} INFO - Filling up the DagBag from /home/airflow/.local/lib/python3.7/site-packages/airflow/example_dags/example_xcom.py
[2023-04-16T16:03:32.383+0000] {processor.py:753} INFO - DAG(s) dict_keys(['example_xcom']) retrieved from /home/airflow/.local/lib/python3.7/site-packages/airflow/example_dags/example_xcom.py
[2023-04-16T16:03:32.401+0000] {logging_mixin.py:137} INFO - [2023-04-16T16:03:32.401+0000] {dag.py:2705} INFO - Sync 1 DAGs
[2023-04-16T16:03:32.414+0000] {logging_mixin.py:137} INFO - [2023-04-16T16:03:32.414+0000] {dag.py:3456} INFO - Setting next_dagrun for example_xcom to 2021-01-01T00:00:00+00:00, run_after=2021-01-01T00:00:00+00:00
[2023-04-16T16:03:32.424+0000] {processor.py:175} INFO - Processing /home/airflow/.local/lib/python3.7/site-packages/airflow/example_dags/example_xcom.py took 0.062 seconds
[2023-04-16T17:09:33.195+0000] {processor.py:153} INFO - Started process (PID=35942) to work on /home/airflow/.local/lib/python3.7/site-packages/airflow/example_dags/example_xcom.py
[2023-04-16T17:09:33.197+0000] {processor.py:743} INFO - Processing file /home/airflow/.local/lib/python3.7/site-packages/airflow/example_dags/example_xcom.py for tasks to queue
[2023-04-16T17:09:33.197+0000] {logging_mixin.py:137} INFO - [2023-04-16T17:09:33.197+0000] {dagbag.py:532} INFO - Filling up the DagBag from /home/airflow/.local/lib/python3.7/site-packages/airflow/example_dags/example_xcom.py
[2023-04-16T17:09:33.213+0000] {processor.py:753} INFO - DAG(s) dict_keys(['example_xcom']) retrieved from /home/airflow/.local/lib/python3.7/site-packages/airflow/example_dags/example_xcom.py
[2023-04-16T17:09:33.234+0000] {logging_mixin.py:137} INFO - [2023-04-16T17:09:33.234+0000] {dag.py:2705} INFO - Sync 1 DAGs
[2023-04-16T17:09:33.254+0000] {logging_mixin.py:137} INFO - [2023-04-16T17:09:33.253+0000] {dag.py:3456} INFO - Setting next_dagrun for example_xcom to 2021-01-01T00:00:00+00:00, run_after=2021-01-01T00:00:00+00:00
[2023-04-16T17:09:33.264+0000] {processor.py:175} INFO - Processing /home/airflow/.local/lib/python3.7/site-packages/airflow/example_dags/example_xcom.py took 0.072 seconds
[2023-04-16T18:32:24.429+0000] {processor.py:153} INFO - Started process (PID=35995) to work on /home/airflow/.local/lib/python3.7/site-packages/airflow/example_dags/example_xcom.py
[2023-04-16T18:32:24.431+0000] {processor.py:743} INFO - Processing file /home/airflow/.local/lib/python3.7/site-packages/airflow/example_dags/example_xcom.py for tasks to queue
[2023-04-16T18:32:24.431+0000] {logging_mixin.py:137} INFO - [2023-04-16T18:32:24.431+0000] {dagbag.py:532} INFO - Filling up the DagBag from /home/airflow/.local/lib/python3.7/site-packages/airflow/example_dags/example_xcom.py
[2023-04-16T18:32:24.453+0000] {processor.py:753} INFO - DAG(s) dict_keys(['example_xcom']) retrieved from /home/airflow/.local/lib/python3.7/site-packages/airflow/example_dags/example_xcom.py
[2023-04-16T18:32:24.483+0000] {logging_mixin.py:137} INFO - [2023-04-16T18:32:24.482+0000] {dag.py:2705} INFO - Sync 1 DAGs
[2023-04-16T18:32:24.509+0000] {logging_mixin.py:137} INFO - [2023-04-16T18:32:24.509+0000] {dag.py:3456} INFO - Setting next_dagrun for example_xcom to 2021-01-01T00:00:00+00:00, run_after=2021-01-01T00:00:00+00:00
[2023-04-16T18:32:24.524+0000] {processor.py:175} INFO - Processing /home/airflow/.local/lib/python3.7/site-packages/airflow/example_dags/example_xcom.py took 0.098 seconds
[2023-04-16T19:39:49.345+0000] {processor.py:153} INFO - Started process (PID=36048) to work on /home/airflow/.local/lib/python3.7/site-packages/airflow/example_dags/example_xcom.py
[2023-04-16T19:39:49.346+0000] {processor.py:743} INFO - Processing file /home/airflow/.local/lib/python3.7/site-packages/airflow/example_dags/example_xcom.py for tasks to queue
[2023-04-16T19:39:49.347+0000] {logging_mixin.py:137} INFO - [2023-04-16T19:39:49.346+0000] {dagbag.py:532} INFO - Filling up the DagBag from /home/airflow/.local/lib/python3.7/site-packages/airflow/example_dags/example_xcom.py
[2023-04-16T19:39:49.369+0000] {processor.py:753} INFO - DAG(s) dict_keys(['example_xcom']) retrieved from /home/airflow/.local/lib/python3.7/site-packages/airflow/example_dags/example_xcom.py
[2023-04-16T19:39:49.388+0000] {logging_mixin.py:137} INFO - [2023-04-16T19:39:49.388+0000] {dag.py:2705} INFO - Sync 1 DAGs
[2023-04-16T19:39:49.402+0000] {logging_mixin.py:137} INFO - [2023-04-16T19:39:49.402+0000] {dag.py:3456} INFO - Setting next_dagrun for example_xcom to 2021-01-01T00:00:00+00:00, run_after=2021-01-01T00:00:00+00:00
[2023-04-16T19:39:49.412+0000] {processor.py:175} INFO - Processing /home/airflow/.local/lib/python3.7/site-packages/airflow/example_dags/example_xcom.py took 0.070 seconds
[2023-04-16T20:44:59.077+0000] {processor.py:153} INFO - Started process (PID=36101) to work on /home/airflow/.local/lib/python3.7/site-packages/airflow/example_dags/example_xcom.py
[2023-04-16T20:44:59.078+0000] {processor.py:743} INFO - Processing file /home/airflow/.local/lib/python3.7/site-packages/airflow/example_dags/example_xcom.py for tasks to queue
[2023-04-16T20:44:59.078+0000] {logging_mixin.py:137} INFO - [2023-04-16T20:44:59.078+0000] {dagbag.py:532} INFO - Filling up the DagBag from /home/airflow/.local/lib/python3.7/site-packages/airflow/example_dags/example_xcom.py
[2023-04-16T20:44:59.094+0000] {processor.py:753} INFO - DAG(s) dict_keys(['example_xcom']) retrieved from /home/airflow/.local/lib/python3.7/site-packages/airflow/example_dags/example_xcom.py
[2023-04-16T20:44:59.113+0000] {logging_mixin.py:137} INFO - [2023-04-16T20:44:59.112+0000] {dag.py:2705} INFO - Sync 1 DAGs
[2023-04-16T20:44:59.127+0000] {logging_mixin.py:137} INFO - [2023-04-16T20:44:59.127+0000] {dag.py:3456} INFO - Setting next_dagrun for example_xcom to 2021-01-01T00:00:00+00:00, run_after=2021-01-01T00:00:00+00:00
[2023-04-16T20:44:59.136+0000] {processor.py:175} INFO - Processing /home/airflow/.local/lib/python3.7/site-packages/airflow/example_dags/example_xcom.py took 0.062 seconds
[2023-04-16T21:52:25.007+0000] {processor.py:153} INFO - Started process (PID=36154) to work on /home/airflow/.local/lib/python3.7/site-packages/airflow/example_dags/example_xcom.py
[2023-04-16T21:52:25.008+0000] {processor.py:743} INFO - Processing file /home/airflow/.local/lib/python3.7/site-packages/airflow/example_dags/example_xcom.py for tasks to queue
[2023-04-16T21:52:25.009+0000] {logging_mixin.py:137} INFO - [2023-04-16T21:52:25.009+0000] {dagbag.py:532} INFO - Filling up the DagBag from /home/airflow/.local/lib/python3.7/site-packages/airflow/example_dags/example_xcom.py
[2023-04-16T21:52:25.024+0000] {processor.py:753} INFO - DAG(s) dict_keys(['example_xcom']) retrieved from /home/airflow/.local/lib/python3.7/site-packages/airflow/example_dags/example_xcom.py
[2023-04-16T21:52:25.046+0000] {logging_mixin.py:137} INFO - [2023-04-16T21:52:25.046+0000] {dag.py:2705} INFO - Sync 1 DAGs
[2023-04-16T21:52:25.062+0000] {logging_mixin.py:137} INFO - [2023-04-16T21:52:25.061+0000] {dag.py:3456} INFO - Setting next_dagrun for example_xcom to 2021-01-01T00:00:00+00:00, run_after=2021-01-01T00:00:00+00:00
[2023-04-16T21:52:25.072+0000] {processor.py:175} INFO - Processing /home/airflow/.local/lib/python3.7/site-packages/airflow/example_dags/example_xcom.py took 0.068 seconds
[2023-04-16T22:18:54.827+0000] {processor.py:153} INFO - Started process (PID=36207) to work on /home/airflow/.local/lib/python3.7/site-packages/airflow/example_dags/example_xcom.py
[2023-04-16T22:18:54.828+0000] {processor.py:743} INFO - Processing file /home/airflow/.local/lib/python3.7/site-packages/airflow/example_dags/example_xcom.py for tasks to queue
[2023-04-16T22:18:54.828+0000] {logging_mixin.py:137} INFO - [2023-04-16T22:18:54.828+0000] {dagbag.py:532} INFO - Filling up the DagBag from /home/airflow/.local/lib/python3.7/site-packages/airflow/example_dags/example_xcom.py
[2023-04-16T22:18:54.848+0000] {processor.py:753} INFO - DAG(s) dict_keys(['example_xcom']) retrieved from /home/airflow/.local/lib/python3.7/site-packages/airflow/example_dags/example_xcom.py
[2023-04-16T22:18:54.868+0000] {logging_mixin.py:137} INFO - [2023-04-16T22:18:54.867+0000] {dag.py:2705} INFO - Sync 1 DAGs
[2023-04-16T22:18:54.882+0000] {logging_mixin.py:137} INFO - [2023-04-16T22:18:54.882+0000] {dag.py:3456} INFO - Setting next_dagrun for example_xcom to 2021-01-01T00:00:00+00:00, run_after=2021-01-01T00:00:00+00:00
[2023-04-16T22:18:54.892+0000] {processor.py:175} INFO - Processing /home/airflow/.local/lib/python3.7/site-packages/airflow/example_dags/example_xcom.py took 0.068 seconds
[2023-04-16T22:19:25.387+0000] {processor.py:153} INFO - Started process (PID=36260) to work on /home/airflow/.local/lib/python3.7/site-packages/airflow/example_dags/example_xcom.py
[2023-04-16T22:19:25.388+0000] {processor.py:743} INFO - Processing file /home/airflow/.local/lib/python3.7/site-packages/airflow/example_dags/example_xcom.py for tasks to queue
[2023-04-16T22:19:25.388+0000] {logging_mixin.py:137} INFO - [2023-04-16T22:19:25.388+0000] {dagbag.py:532} INFO - Filling up the DagBag from /home/airflow/.local/lib/python3.7/site-packages/airflow/example_dags/example_xcom.py
[2023-04-16T22:19:25.404+0000] {processor.py:753} INFO - DAG(s) dict_keys(['example_xcom']) retrieved from /home/airflow/.local/lib/python3.7/site-packages/airflow/example_dags/example_xcom.py
[2023-04-16T22:19:25.421+0000] {logging_mixin.py:137} INFO - [2023-04-16T22:19:25.421+0000] {dag.py:2705} INFO - Sync 1 DAGs
[2023-04-16T22:19:25.435+0000] {logging_mixin.py:137} INFO - [2023-04-16T22:19:25.435+0000] {dag.py:3456} INFO - Setting next_dagrun for example_xcom to 2021-01-01T00:00:00+00:00, run_after=2021-01-01T00:00:00+00:00
[2023-04-16T22:19:25.445+0000] {processor.py:175} INFO - Processing /home/airflow/.local/lib/python3.7/site-packages/airflow/example_dags/example_xcom.py took 0.061 seconds
[2023-04-16T22:39:19.512+0000] {processor.py:153} INFO - Started process (PID=36313) to work on /home/airflow/.local/lib/python3.7/site-packages/airflow/example_dags/example_xcom.py
[2023-04-16T22:39:19.512+0000] {processor.py:743} INFO - Processing file /home/airflow/.local/lib/python3.7/site-packages/airflow/example_dags/example_xcom.py for tasks to queue
[2023-04-16T22:39:19.513+0000] {logging_mixin.py:137} INFO - [2023-04-16T22:39:19.513+0000] {dagbag.py:532} INFO - Filling up the DagBag from /home/airflow/.local/lib/python3.7/site-packages/airflow/example_dags/example_xcom.py
[2023-04-16T22:39:19.527+0000] {processor.py:753} INFO - DAG(s) dict_keys(['example_xcom']) retrieved from /home/airflow/.local/lib/python3.7/site-packages/airflow/example_dags/example_xcom.py
[2023-04-16T22:39:19.546+0000] {logging_mixin.py:137} INFO - [2023-04-16T22:39:19.546+0000] {dag.py:2705} INFO - Sync 1 DAGs
[2023-04-16T22:39:19.559+0000] {logging_mixin.py:137} INFO - [2023-04-16T22:39:19.559+0000] {dag.py:3456} INFO - Setting next_dagrun for example_xcom to 2021-01-01T00:00:00+00:00, run_after=2021-01-01T00:00:00+00:00
[2023-04-16T22:39:19.568+0000] {processor.py:175} INFO - Processing /home/airflow/.local/lib/python3.7/site-packages/airflow/example_dags/example_xcom.py took 0.059 seconds
[2023-04-16T22:39:50.029+0000] {processor.py:153} INFO - Started process (PID=36366) to work on /home/airflow/.local/lib/python3.7/site-packages/airflow/example_dags/example_xcom.py
[2023-04-16T22:39:50.030+0000] {processor.py:743} INFO - Processing file /home/airflow/.local/lib/python3.7/site-packages/airflow/example_dags/example_xcom.py for tasks to queue
[2023-04-16T22:39:50.031+0000] {logging_mixin.py:137} INFO - [2023-04-16T22:39:50.031+0000] {dagbag.py:532} INFO - Filling up the DagBag from /home/airflow/.local/lib/python3.7/site-packages/airflow/example_dags/example_xcom.py
[2023-04-16T22:39:50.047+0000] {processor.py:753} INFO - DAG(s) dict_keys(['example_xcom']) retrieved from /home/airflow/.local/lib/python3.7/site-packages/airflow/example_dags/example_xcom.py
[2023-04-16T22:39:50.065+0000] {logging_mixin.py:137} INFO - [2023-04-16T22:39:50.065+0000] {dag.py:2705} INFO - Sync 1 DAGs
[2023-04-16T22:39:50.080+0000] {logging_mixin.py:137} INFO - [2023-04-16T22:39:50.080+0000] {dag.py:3456} INFO - Setting next_dagrun for example_xcom to 2021-01-01T00:00:00+00:00, run_after=2021-01-01T00:00:00+00:00
[2023-04-16T22:39:50.089+0000] {processor.py:175} INFO - Processing /home/airflow/.local/lib/python3.7/site-packages/airflow/example_dags/example_xcom.py took 0.063 seconds
