[2023-04-16T00:33:36.779+0000] {processor.py:153} INFO - Started process (PID=34887) to work on /home/airflow/.local/lib/python3.7/site-packages/airflow/example_dags/example_short_circuit_operator.py
[2023-04-16T00:33:36.780+0000] {processor.py:743} INFO - Processing file /home/airflow/.local/lib/python3.7/site-packages/airflow/example_dags/example_short_circuit_operator.py for tasks to queue
[2023-04-16T00:33:36.780+0000] {logging_mixin.py:137} INFO - [2023-04-16T00:33:36.780+0000] {dagbag.py:532} INFO - Filling up the DagBag from /home/airflow/.local/lib/python3.7/site-packages/airflow/example_dags/example_short_circuit_operator.py
[2023-04-16T00:33:36.792+0000] {processor.py:753} INFO - DAG(s) dict_keys(['example_short_circuit_operator']) retrieved from /home/airflow/.local/lib/python3.7/site-packages/airflow/example_dags/example_short_circuit_operator.py
[2023-04-16T00:33:36.813+0000] {logging_mixin.py:137} INFO - [2023-04-16T00:33:36.813+0000] {dag.py:2705} INFO - Sync 1 DAGs
[2023-04-16T00:33:36.828+0000] {logging_mixin.py:137} INFO - [2023-04-16T00:33:36.828+0000] {dag.py:3456} INFO - Setting next_dagrun for example_short_circuit_operator to 2023-04-15T00:33:36.828248+00:00, run_after=2023-04-16T00:33:36.828248+00:00
[2023-04-16T00:33:36.838+0000] {processor.py:175} INFO - Processing /home/airflow/.local/lib/python3.7/site-packages/airflow/example_dags/example_short_circuit_operator.py took 0.062 seconds
[2023-04-16T01:42:56.582+0000] {processor.py:153} INFO - Started process (PID=34940) to work on /home/airflow/.local/lib/python3.7/site-packages/airflow/example_dags/example_short_circuit_operator.py
[2023-04-16T01:42:56.583+0000] {processor.py:743} INFO - Processing file /home/airflow/.local/lib/python3.7/site-packages/airflow/example_dags/example_short_circuit_operator.py for tasks to queue
[2023-04-16T01:42:56.583+0000] {logging_mixin.py:137} INFO - [2023-04-16T01:42:56.583+0000] {dagbag.py:532} INFO - Filling up the DagBag from /home/airflow/.local/lib/python3.7/site-packages/airflow/example_dags/example_short_circuit_operator.py
[2023-04-16T01:42:56.595+0000] {processor.py:753} INFO - DAG(s) dict_keys(['example_short_circuit_operator']) retrieved from /home/airflow/.local/lib/python3.7/site-packages/airflow/example_dags/example_short_circuit_operator.py
[2023-04-16T01:42:56.615+0000] {logging_mixin.py:137} INFO - [2023-04-16T01:42:56.615+0000] {dag.py:2705} INFO - Sync 1 DAGs
[2023-04-16T01:42:56.630+0000] {logging_mixin.py:137} INFO - [2023-04-16T01:42:56.630+0000] {dag.py:3456} INFO - Setting next_dagrun for example_short_circuit_operator to 2023-04-15T01:42:56.630141+00:00, run_after=2023-04-16T01:42:56.630141+00:00
[2023-04-16T01:42:56.642+0000] {processor.py:175} INFO - Processing /home/airflow/.local/lib/python3.7/site-packages/airflow/example_dags/example_short_circuit_operator.py took 0.063 seconds
[2023-04-16T02:49:25.392+0000] {processor.py:153} INFO - Started process (PID=34993) to work on /home/airflow/.local/lib/python3.7/site-packages/airflow/example_dags/example_short_circuit_operator.py
[2023-04-16T02:49:25.393+0000] {processor.py:743} INFO - Processing file /home/airflow/.local/lib/python3.7/site-packages/airflow/example_dags/example_short_circuit_operator.py for tasks to queue
[2023-04-16T02:49:25.393+0000] {logging_mixin.py:137} INFO - [2023-04-16T02:49:25.393+0000] {dagbag.py:532} INFO - Filling up the DagBag from /home/airflow/.local/lib/python3.7/site-packages/airflow/example_dags/example_short_circuit_operator.py
[2023-04-16T02:49:25.404+0000] {processor.py:753} INFO - DAG(s) dict_keys(['example_short_circuit_operator']) retrieved from /home/airflow/.local/lib/python3.7/site-packages/airflow/example_dags/example_short_circuit_operator.py
[2023-04-16T02:49:25.423+0000] {logging_mixin.py:137} INFO - [2023-04-16T02:49:25.423+0000] {dag.py:2705} INFO - Sync 1 DAGs
[2023-04-16T02:49:25.438+0000] {logging_mixin.py:137} INFO - [2023-04-16T02:49:25.438+0000] {dag.py:3456} INFO - Setting next_dagrun for example_short_circuit_operator to 2023-04-15T02:49:25.437958+00:00, run_after=2023-04-16T02:49:25.437958+00:00
[2023-04-16T02:49:25.448+0000] {processor.py:175} INFO - Processing /home/airflow/.local/lib/python3.7/site-packages/airflow/example_dags/example_short_circuit_operator.py took 0.058 seconds
[2023-04-16T03:56:31.218+0000] {processor.py:153} INFO - Started process (PID=35047) to work on /home/airflow/.local/lib/python3.7/site-packages/airflow/example_dags/example_short_circuit_operator.py
[2023-04-16T03:56:31.219+0000] {processor.py:743} INFO - Processing file /home/airflow/.local/lib/python3.7/site-packages/airflow/example_dags/example_short_circuit_operator.py for tasks to queue
[2023-04-16T03:56:31.219+0000] {logging_mixin.py:137} INFO - [2023-04-16T03:56:31.219+0000] {dagbag.py:532} INFO - Filling up the DagBag from /home/airflow/.local/lib/python3.7/site-packages/airflow/example_dags/example_short_circuit_operator.py
[2023-04-16T03:56:31.231+0000] {processor.py:753} INFO - DAG(s) dict_keys(['example_short_circuit_operator']) retrieved from /home/airflow/.local/lib/python3.7/site-packages/airflow/example_dags/example_short_circuit_operator.py
[2023-04-16T03:56:31.250+0000] {logging_mixin.py:137} INFO - [2023-04-16T03:56:31.250+0000] {dag.py:2705} INFO - Sync 1 DAGs
[2023-04-16T03:56:31.266+0000] {logging_mixin.py:137} INFO - [2023-04-16T03:56:31.266+0000] {dag.py:3456} INFO - Setting next_dagrun for example_short_circuit_operator to 2023-04-15T03:56:31.265923+00:00, run_after=2023-04-16T03:56:31.265923+00:00
[2023-04-16T03:56:31.278+0000] {processor.py:175} INFO - Processing /home/airflow/.local/lib/python3.7/site-packages/airflow/example_dags/example_short_circuit_operator.py took 0.063 seconds
[2023-04-16T04:57:14.683+0000] {processor.py:153} INFO - Started process (PID=35100) to work on /home/airflow/.local/lib/python3.7/site-packages/airflow/example_dags/example_short_circuit_operator.py
[2023-04-16T04:57:14.684+0000] {processor.py:743} INFO - Processing file /home/airflow/.local/lib/python3.7/site-packages/airflow/example_dags/example_short_circuit_operator.py for tasks to queue
[2023-04-16T04:57:14.685+0000] {logging_mixin.py:137} INFO - [2023-04-16T04:57:14.685+0000] {dagbag.py:532} INFO - Filling up the DagBag from /home/airflow/.local/lib/python3.7/site-packages/airflow/example_dags/example_short_circuit_operator.py
[2023-04-16T04:57:14.696+0000] {processor.py:753} INFO - DAG(s) dict_keys(['example_short_circuit_operator']) retrieved from /home/airflow/.local/lib/python3.7/site-packages/airflow/example_dags/example_short_circuit_operator.py
[2023-04-16T04:57:14.713+0000] {logging_mixin.py:137} INFO - [2023-04-16T04:57:14.713+0000] {dag.py:2705} INFO - Sync 1 DAGs
[2023-04-16T04:57:14.727+0000] {logging_mixin.py:137} INFO - [2023-04-16T04:57:14.727+0000] {dag.py:3456} INFO - Setting next_dagrun for example_short_circuit_operator to 2023-04-15T04:57:14.727630+00:00, run_after=2023-04-16T04:57:14.727630+00:00
[2023-04-16T04:57:14.737+0000] {processor.py:175} INFO - Processing /home/airflow/.local/lib/python3.7/site-packages/airflow/example_dags/example_short_circuit_operator.py took 0.056 seconds
[2023-04-16T04:57:45.206+0000] {processor.py:153} INFO - Started process (PID=35152) to work on /home/airflow/.local/lib/python3.7/site-packages/airflow/example_dags/example_short_circuit_operator.py
[2023-04-16T04:57:45.207+0000] {processor.py:743} INFO - Processing file /home/airflow/.local/lib/python3.7/site-packages/airflow/example_dags/example_short_circuit_operator.py for tasks to queue
[2023-04-16T04:57:45.208+0000] {logging_mixin.py:137} INFO - [2023-04-16T04:57:45.208+0000] {dagbag.py:532} INFO - Filling up the DagBag from /home/airflow/.local/lib/python3.7/site-packages/airflow/example_dags/example_short_circuit_operator.py
[2023-04-16T04:57:45.218+0000] {processor.py:753} INFO - DAG(s) dict_keys(['example_short_circuit_operator']) retrieved from /home/airflow/.local/lib/python3.7/site-packages/airflow/example_dags/example_short_circuit_operator.py
[2023-04-16T04:57:45.237+0000] {logging_mixin.py:137} INFO - [2023-04-16T04:57:45.236+0000] {dag.py:2705} INFO - Sync 1 DAGs
[2023-04-16T04:57:45.251+0000] {logging_mixin.py:137} INFO - [2023-04-16T04:57:45.251+0000] {dag.py:3456} INFO - Setting next_dagrun for example_short_circuit_operator to 2023-04-15T04:57:45.251121+00:00, run_after=2023-04-16T04:57:45.251121+00:00
[2023-04-16T04:57:45.261+0000] {processor.py:175} INFO - Processing /home/airflow/.local/lib/python3.7/site-packages/airflow/example_dags/example_short_circuit_operator.py took 0.057 seconds
[2023-04-16T06:01:53.731+0000] {processor.py:153} INFO - Started process (PID=35205) to work on /home/airflow/.local/lib/python3.7/site-packages/airflow/example_dags/example_short_circuit_operator.py
[2023-04-16T06:01:53.732+0000] {processor.py:743} INFO - Processing file /home/airflow/.local/lib/python3.7/site-packages/airflow/example_dags/example_short_circuit_operator.py for tasks to queue
[2023-04-16T06:01:53.732+0000] {logging_mixin.py:137} INFO - [2023-04-16T06:01:53.732+0000] {dagbag.py:532} INFO - Filling up the DagBag from /home/airflow/.local/lib/python3.7/site-packages/airflow/example_dags/example_short_circuit_operator.py
[2023-04-16T06:01:53.744+0000] {processor.py:753} INFO - DAG(s) dict_keys(['example_short_circuit_operator']) retrieved from /home/airflow/.local/lib/python3.7/site-packages/airflow/example_dags/example_short_circuit_operator.py
[2023-04-16T06:01:53.764+0000] {logging_mixin.py:137} INFO - [2023-04-16T06:01:53.764+0000] {dag.py:2705} INFO - Sync 1 DAGs
[2023-04-16T06:01:53.784+0000] {logging_mixin.py:137} INFO - [2023-04-16T06:01:53.784+0000] {dag.py:3456} INFO - Setting next_dagrun for example_short_circuit_operator to 2023-04-15T06:01:53.783896+00:00, run_after=2023-04-16T06:01:53.783896+00:00
[2023-04-16T06:01:53.802+0000] {processor.py:175} INFO - Processing /home/airflow/.local/lib/python3.7/site-packages/airflow/example_dags/example_short_circuit_operator.py took 0.074 seconds
[2023-04-16T06:13:25.621+0000] {processor.py:153} INFO - Started process (PID=35258) to work on /home/airflow/.local/lib/python3.7/site-packages/airflow/example_dags/example_short_circuit_operator.py
[2023-04-16T06:13:25.622+0000] {processor.py:743} INFO - Processing file /home/airflow/.local/lib/python3.7/site-packages/airflow/example_dags/example_short_circuit_operator.py for tasks to queue
[2023-04-16T06:13:25.623+0000] {logging_mixin.py:137} INFO - [2023-04-16T06:13:25.623+0000] {dagbag.py:532} INFO - Filling up the DagBag from /home/airflow/.local/lib/python3.7/site-packages/airflow/example_dags/example_short_circuit_operator.py
[2023-04-16T06:13:25.635+0000] {processor.py:753} INFO - DAG(s) dict_keys(['example_short_circuit_operator']) retrieved from /home/airflow/.local/lib/python3.7/site-packages/airflow/example_dags/example_short_circuit_operator.py
[2023-04-16T06:13:25.653+0000] {logging_mixin.py:137} INFO - [2023-04-16T06:13:25.653+0000] {dag.py:2705} INFO - Sync 1 DAGs
[2023-04-16T06:13:25.668+0000] {logging_mixin.py:137} INFO - [2023-04-16T06:13:25.668+0000] {dag.py:3456} INFO - Setting next_dagrun for example_short_circuit_operator to 2023-04-15T06:13:25.668607+00:00, run_after=2023-04-16T06:13:25.668607+00:00
[2023-04-16T06:13:25.679+0000] {processor.py:175} INFO - Processing /home/airflow/.local/lib/python3.7/site-packages/airflow/example_dags/example_short_circuit_operator.py took 0.060 seconds
[2023-04-16T06:29:19.266+0000] {processor.py:153} INFO - Started process (PID=35311) to work on /home/airflow/.local/lib/python3.7/site-packages/airflow/example_dags/example_short_circuit_operator.py
[2023-04-16T06:29:19.267+0000] {processor.py:743} INFO - Processing file /home/airflow/.local/lib/python3.7/site-packages/airflow/example_dags/example_short_circuit_operator.py for tasks to queue
[2023-04-16T06:29:19.267+0000] {logging_mixin.py:137} INFO - [2023-04-16T06:29:19.267+0000] {dagbag.py:532} INFO - Filling up the DagBag from /home/airflow/.local/lib/python3.7/site-packages/airflow/example_dags/example_short_circuit_operator.py
[2023-04-16T06:29:19.278+0000] {processor.py:753} INFO - DAG(s) dict_keys(['example_short_circuit_operator']) retrieved from /home/airflow/.local/lib/python3.7/site-packages/airflow/example_dags/example_short_circuit_operator.py
[2023-04-16T06:29:19.297+0000] {logging_mixin.py:137} INFO - [2023-04-16T06:29:19.297+0000] {dag.py:2705} INFO - Sync 1 DAGs
[2023-04-16T06:29:19.312+0000] {logging_mixin.py:137} INFO - [2023-04-16T06:29:19.312+0000] {dag.py:3456} INFO - Setting next_dagrun for example_short_circuit_operator to 2023-04-15T06:29:19.312113+00:00, run_after=2023-04-16T06:29:19.312113+00:00
[2023-04-16T06:29:19.322+0000] {processor.py:175} INFO - Processing /home/airflow/.local/lib/python3.7/site-packages/airflow/example_dags/example_short_circuit_operator.py took 0.059 seconds
[2023-04-16T07:31:25.301+0000] {processor.py:153} INFO - Started process (PID=35364) to work on /home/airflow/.local/lib/python3.7/site-packages/airflow/example_dags/example_short_circuit_operator.py
[2023-04-16T07:31:25.302+0000] {processor.py:743} INFO - Processing file /home/airflow/.local/lib/python3.7/site-packages/airflow/example_dags/example_short_circuit_operator.py for tasks to queue
[2023-04-16T07:31:25.302+0000] {logging_mixin.py:137} INFO - [2023-04-16T07:31:25.302+0000] {dagbag.py:532} INFO - Filling up the DagBag from /home/airflow/.local/lib/python3.7/site-packages/airflow/example_dags/example_short_circuit_operator.py
[2023-04-16T07:31:25.314+0000] {processor.py:753} INFO - DAG(s) dict_keys(['example_short_circuit_operator']) retrieved from /home/airflow/.local/lib/python3.7/site-packages/airflow/example_dags/example_short_circuit_operator.py
[2023-04-16T07:31:25.338+0000] {logging_mixin.py:137} INFO - [2023-04-16T07:31:25.338+0000] {dag.py:2705} INFO - Sync 1 DAGs
[2023-04-16T07:31:25.354+0000] {logging_mixin.py:137} INFO - [2023-04-16T07:31:25.354+0000] {dag.py:3456} INFO - Setting next_dagrun for example_short_circuit_operator to 2023-04-15T07:31:25.353866+00:00, run_after=2023-04-16T07:31:25.353866+00:00
[2023-04-16T07:31:25.363+0000] {processor.py:175} INFO - Processing /home/airflow/.local/lib/python3.7/site-packages/airflow/example_dags/example_short_circuit_operator.py took 0.065 seconds
[2023-04-16T08:50:11.816+0000] {processor.py:153} INFO - Started process (PID=35417) to work on /home/airflow/.local/lib/python3.7/site-packages/airflow/example_dags/example_short_circuit_operator.py
[2023-04-16T08:50:11.817+0000] {processor.py:743} INFO - Processing file /home/airflow/.local/lib/python3.7/site-packages/airflow/example_dags/example_short_circuit_operator.py for tasks to queue
[2023-04-16T08:50:11.817+0000] {logging_mixin.py:137} INFO - [2023-04-16T08:50:11.817+0000] {dagbag.py:532} INFO - Filling up the DagBag from /home/airflow/.local/lib/python3.7/site-packages/airflow/example_dags/example_short_circuit_operator.py
[2023-04-16T08:50:11.829+0000] {processor.py:753} INFO - DAG(s) dict_keys(['example_short_circuit_operator']) retrieved from /home/airflow/.local/lib/python3.7/site-packages/airflow/example_dags/example_short_circuit_operator.py
[2023-04-16T08:50:11.848+0000] {logging_mixin.py:137} INFO - [2023-04-16T08:50:11.848+0000] {dag.py:2705} INFO - Sync 1 DAGs
[2023-04-16T08:50:11.862+0000] {logging_mixin.py:137} INFO - [2023-04-16T08:50:11.862+0000] {dag.py:3456} INFO - Setting next_dagrun for example_short_circuit_operator to 2023-04-15T08:50:11.862125+00:00, run_after=2023-04-16T08:50:11.862125+00:00
[2023-04-16T08:50:11.872+0000] {processor.py:175} INFO - Processing /home/airflow/.local/lib/python3.7/site-packages/airflow/example_dags/example_short_circuit_operator.py took 0.061 seconds
[2023-04-16T09:55:49.116+0000] {processor.py:153} INFO - Started process (PID=35470) to work on /home/airflow/.local/lib/python3.7/site-packages/airflow/example_dags/example_short_circuit_operator.py
[2023-04-16T09:55:49.117+0000] {processor.py:743} INFO - Processing file /home/airflow/.local/lib/python3.7/site-packages/airflow/example_dags/example_short_circuit_operator.py for tasks to queue
[2023-04-16T09:55:49.117+0000] {logging_mixin.py:137} INFO - [2023-04-16T09:55:49.117+0000] {dagbag.py:532} INFO - Filling up the DagBag from /home/airflow/.local/lib/python3.7/site-packages/airflow/example_dags/example_short_circuit_operator.py
[2023-04-16T09:55:49.129+0000] {processor.py:753} INFO - DAG(s) dict_keys(['example_short_circuit_operator']) retrieved from /home/airflow/.local/lib/python3.7/site-packages/airflow/example_dags/example_short_circuit_operator.py
[2023-04-16T09:55:49.152+0000] {logging_mixin.py:137} INFO - [2023-04-16T09:55:49.152+0000] {dag.py:2705} INFO - Sync 1 DAGs
[2023-04-16T09:55:49.168+0000] {logging_mixin.py:137} INFO - [2023-04-16T09:55:49.168+0000] {dag.py:3456} INFO - Setting next_dagrun for example_short_circuit_operator to 2023-04-15T09:55:49.168435+00:00, run_after=2023-04-16T09:55:49.168435+00:00
[2023-04-16T09:55:49.179+0000] {processor.py:175} INFO - Processing /home/airflow/.local/lib/python3.7/site-packages/airflow/example_dags/example_short_circuit_operator.py took 0.066 seconds
[2023-04-16T11:01:50.000+0000] {processor.py:153} INFO - Started process (PID=35524) to work on /home/airflow/.local/lib/python3.7/site-packages/airflow/example_dags/example_short_circuit_operator.py
[2023-04-16T11:01:50.001+0000] {processor.py:743} INFO - Processing file /home/airflow/.local/lib/python3.7/site-packages/airflow/example_dags/example_short_circuit_operator.py for tasks to queue
[2023-04-16T11:01:50.002+0000] {logging_mixin.py:137} INFO - [2023-04-16T11:01:50.002+0000] {dagbag.py:532} INFO - Filling up the DagBag from /home/airflow/.local/lib/python3.7/site-packages/airflow/example_dags/example_short_circuit_operator.py
[2023-04-16T11:01:50.015+0000] {processor.py:753} INFO - DAG(s) dict_keys(['example_short_circuit_operator']) retrieved from /home/airflow/.local/lib/python3.7/site-packages/airflow/example_dags/example_short_circuit_operator.py
[2023-04-16T11:01:50.035+0000] {logging_mixin.py:137} INFO - [2023-04-16T11:01:50.035+0000] {dag.py:2705} INFO - Sync 1 DAGs
[2023-04-16T11:01:50.049+0000] {logging_mixin.py:137} INFO - [2023-04-16T11:01:50.049+0000] {dag.py:3456} INFO - Setting next_dagrun for example_short_circuit_operator to 2023-04-15T11:01:50.049638+00:00, run_after=2023-04-16T11:01:50.049638+00:00
[2023-04-16T11:01:50.059+0000] {processor.py:175} INFO - Processing /home/airflow/.local/lib/python3.7/site-packages/airflow/example_dags/example_short_circuit_operator.py took 0.064 seconds
[2023-04-16T12:25:14.167+0000] {processor.py:153} INFO - Started process (PID=35577) to work on /home/airflow/.local/lib/python3.7/site-packages/airflow/example_dags/example_short_circuit_operator.py
[2023-04-16T12:25:14.168+0000] {processor.py:743} INFO - Processing file /home/airflow/.local/lib/python3.7/site-packages/airflow/example_dags/example_short_circuit_operator.py for tasks to queue
[2023-04-16T12:25:14.169+0000] {logging_mixin.py:137} INFO - [2023-04-16T12:25:14.169+0000] {dagbag.py:532} INFO - Filling up the DagBag from /home/airflow/.local/lib/python3.7/site-packages/airflow/example_dags/example_short_circuit_operator.py
[2023-04-16T12:25:14.181+0000] {processor.py:753} INFO - DAG(s) dict_keys(['example_short_circuit_operator']) retrieved from /home/airflow/.local/lib/python3.7/site-packages/airflow/example_dags/example_short_circuit_operator.py
[2023-04-16T12:25:14.209+0000] {logging_mixin.py:137} INFO - [2023-04-16T12:25:14.208+0000] {dag.py:2705} INFO - Sync 1 DAGs
[2023-04-16T12:25:14.223+0000] {logging_mixin.py:137} INFO - [2023-04-16T12:25:14.223+0000] {dag.py:3456} INFO - Setting next_dagrun for example_short_circuit_operator to 2023-04-15T12:25:14.223605+00:00, run_after=2023-04-16T12:25:14.223605+00:00
[2023-04-16T12:25:14.235+0000] {processor.py:175} INFO - Processing /home/airflow/.local/lib/python3.7/site-packages/airflow/example_dags/example_short_circuit_operator.py took 0.070 seconds
[2023-04-16T13:32:26.003+0000] {processor.py:153} INFO - Started process (PID=35630) to work on /home/airflow/.local/lib/python3.7/site-packages/airflow/example_dags/example_short_circuit_operator.py
[2023-04-16T13:32:26.004+0000] {processor.py:743} INFO - Processing file /home/airflow/.local/lib/python3.7/site-packages/airflow/example_dags/example_short_circuit_operator.py for tasks to queue
[2023-04-16T13:32:26.005+0000] {logging_mixin.py:137} INFO - [2023-04-16T13:32:26.004+0000] {dagbag.py:532} INFO - Filling up the DagBag from /home/airflow/.local/lib/python3.7/site-packages/airflow/example_dags/example_short_circuit_operator.py
[2023-04-16T13:32:26.016+0000] {processor.py:753} INFO - DAG(s) dict_keys(['example_short_circuit_operator']) retrieved from /home/airflow/.local/lib/python3.7/site-packages/airflow/example_dags/example_short_circuit_operator.py
[2023-04-16T13:32:26.035+0000] {logging_mixin.py:137} INFO - [2023-04-16T13:32:26.035+0000] {dag.py:2705} INFO - Sync 1 DAGs
[2023-04-16T13:32:26.057+0000] {logging_mixin.py:137} INFO - [2023-04-16T13:32:26.057+0000] {dag.py:3456} INFO - Setting next_dagrun for example_short_circuit_operator to 2023-04-15T13:32:26.057331+00:00, run_after=2023-04-16T13:32:26.057331+00:00
[2023-04-16T13:32:26.069+0000] {processor.py:175} INFO - Processing /home/airflow/.local/lib/python3.7/site-packages/airflow/example_dags/example_short_circuit_operator.py took 0.070 seconds
[2023-04-16T14:26:07.930+0000] {processor.py:153} INFO - Started process (PID=35683) to work on /home/airflow/.local/lib/python3.7/site-packages/airflow/example_dags/example_short_circuit_operator.py
[2023-04-16T14:26:07.931+0000] {processor.py:743} INFO - Processing file /home/airflow/.local/lib/python3.7/site-packages/airflow/example_dags/example_short_circuit_operator.py for tasks to queue
[2023-04-16T14:26:07.932+0000] {logging_mixin.py:137} INFO - [2023-04-16T14:26:07.932+0000] {dagbag.py:532} INFO - Filling up the DagBag from /home/airflow/.local/lib/python3.7/site-packages/airflow/example_dags/example_short_circuit_operator.py
[2023-04-16T14:26:07.944+0000] {processor.py:753} INFO - DAG(s) dict_keys(['example_short_circuit_operator']) retrieved from /home/airflow/.local/lib/python3.7/site-packages/airflow/example_dags/example_short_circuit_operator.py
[2023-04-16T14:26:07.966+0000] {logging_mixin.py:137} INFO - [2023-04-16T14:26:07.966+0000] {dag.py:2705} INFO - Sync 1 DAGs
[2023-04-16T14:26:07.982+0000] {logging_mixin.py:137} INFO - [2023-04-16T14:26:07.982+0000] {dag.py:3456} INFO - Setting next_dagrun for example_short_circuit_operator to 2023-04-15T14:26:07.982224+00:00, run_after=2023-04-16T14:26:07.982224+00:00
[2023-04-16T14:26:07.999+0000] {processor.py:175} INFO - Processing /home/airflow/.local/lib/python3.7/site-packages/airflow/example_dags/example_short_circuit_operator.py took 0.071 seconds
[2023-04-16T14:26:38.770+0000] {processor.py:153} INFO - Started process (PID=35736) to work on /home/airflow/.local/lib/python3.7/site-packages/airflow/example_dags/example_short_circuit_operator.py
[2023-04-16T14:26:38.771+0000] {processor.py:743} INFO - Processing file /home/airflow/.local/lib/python3.7/site-packages/airflow/example_dags/example_short_circuit_operator.py for tasks to queue
[2023-04-16T14:26:38.771+0000] {logging_mixin.py:137} INFO - [2023-04-16T14:26:38.771+0000] {dagbag.py:532} INFO - Filling up the DagBag from /home/airflow/.local/lib/python3.7/site-packages/airflow/example_dags/example_short_circuit_operator.py
[2023-04-16T14:26:38.783+0000] {processor.py:753} INFO - DAG(s) dict_keys(['example_short_circuit_operator']) retrieved from /home/airflow/.local/lib/python3.7/site-packages/airflow/example_dags/example_short_circuit_operator.py
[2023-04-16T14:26:38.802+0000] {logging_mixin.py:137} INFO - [2023-04-16T14:26:38.802+0000] {dag.py:2705} INFO - Sync 1 DAGs
[2023-04-16T14:26:38.817+0000] {logging_mixin.py:137} INFO - [2023-04-16T14:26:38.816+0000] {dag.py:3456} INFO - Setting next_dagrun for example_short_circuit_operator to 2023-04-15T14:26:38.816784+00:00, run_after=2023-04-16T14:26:38.816784+00:00
[2023-04-16T14:26:38.829+0000] {processor.py:175} INFO - Processing /home/airflow/.local/lib/python3.7/site-packages/airflow/example_dags/example_short_circuit_operator.py took 0.062 seconds
[2023-04-16T15:14:34.567+0000] {processor.py:153} INFO - Started process (PID=35789) to work on /home/airflow/.local/lib/python3.7/site-packages/airflow/example_dags/example_short_circuit_operator.py
[2023-04-16T15:14:34.569+0000] {processor.py:743} INFO - Processing file /home/airflow/.local/lib/python3.7/site-packages/airflow/example_dags/example_short_circuit_operator.py for tasks to queue
[2023-04-16T15:14:34.570+0000] {logging_mixin.py:137} INFO - [2023-04-16T15:14:34.570+0000] {dagbag.py:532} INFO - Filling up the DagBag from /home/airflow/.local/lib/python3.7/site-packages/airflow/example_dags/example_short_circuit_operator.py
[2023-04-16T15:14:34.584+0000] {processor.py:753} INFO - DAG(s) dict_keys(['example_short_circuit_operator']) retrieved from /home/airflow/.local/lib/python3.7/site-packages/airflow/example_dags/example_short_circuit_operator.py
[2023-04-16T15:14:34.607+0000] {logging_mixin.py:137} INFO - [2023-04-16T15:14:34.607+0000] {dag.py:2705} INFO - Sync 1 DAGs
[2023-04-16T15:14:34.624+0000] {logging_mixin.py:137} INFO - [2023-04-16T15:14:34.624+0000] {dag.py:3456} INFO - Setting next_dagrun for example_short_circuit_operator to 2023-04-15T15:14:34.624225+00:00, run_after=2023-04-16T15:14:34.624225+00:00
[2023-04-16T15:14:34.638+0000] {processor.py:175} INFO - Processing /home/airflow/.local/lib/python3.7/site-packages/airflow/example_dags/example_short_circuit_operator.py took 0.076 seconds
[2023-04-16T15:15:05.464+0000] {processor.py:153} INFO - Started process (PID=35842) to work on /home/airflow/.local/lib/python3.7/site-packages/airflow/example_dags/example_short_circuit_operator.py
[2023-04-16T15:15:05.465+0000] {processor.py:743} INFO - Processing file /home/airflow/.local/lib/python3.7/site-packages/airflow/example_dags/example_short_circuit_operator.py for tasks to queue
[2023-04-16T15:15:05.466+0000] {logging_mixin.py:137} INFO - [2023-04-16T15:15:05.466+0000] {dagbag.py:532} INFO - Filling up the DagBag from /home/airflow/.local/lib/python3.7/site-packages/airflow/example_dags/example_short_circuit_operator.py
[2023-04-16T15:15:05.476+0000] {processor.py:753} INFO - DAG(s) dict_keys(['example_short_circuit_operator']) retrieved from /home/airflow/.local/lib/python3.7/site-packages/airflow/example_dags/example_short_circuit_operator.py
[2023-04-16T15:15:05.494+0000] {logging_mixin.py:137} INFO - [2023-04-16T15:15:05.494+0000] {dag.py:2705} INFO - Sync 1 DAGs
[2023-04-16T15:15:05.508+0000] {logging_mixin.py:137} INFO - [2023-04-16T15:15:05.508+0000] {dag.py:3456} INFO - Setting next_dagrun for example_short_circuit_operator to 2023-04-15T15:15:05.508195+00:00, run_after=2023-04-16T15:15:05.508195+00:00
[2023-04-16T15:15:05.517+0000] {processor.py:175} INFO - Processing /home/airflow/.local/lib/python3.7/site-packages/airflow/example_dags/example_short_circuit_operator.py took 0.055 seconds
[2023-04-16T16:03:32.619+0000] {processor.py:153} INFO - Started process (PID=35895) to work on /home/airflow/.local/lib/python3.7/site-packages/airflow/example_dags/example_short_circuit_operator.py
[2023-04-16T16:03:32.620+0000] {processor.py:743} INFO - Processing file /home/airflow/.local/lib/python3.7/site-packages/airflow/example_dags/example_short_circuit_operator.py for tasks to queue
[2023-04-16T16:03:32.621+0000] {logging_mixin.py:137} INFO - [2023-04-16T16:03:32.621+0000] {dagbag.py:532} INFO - Filling up the DagBag from /home/airflow/.local/lib/python3.7/site-packages/airflow/example_dags/example_short_circuit_operator.py
[2023-04-16T16:03:32.631+0000] {processor.py:753} INFO - DAG(s) dict_keys(['example_short_circuit_operator']) retrieved from /home/airflow/.local/lib/python3.7/site-packages/airflow/example_dags/example_short_circuit_operator.py
[2023-04-16T16:03:32.650+0000] {logging_mixin.py:137} INFO - [2023-04-16T16:03:32.649+0000] {dag.py:2705} INFO - Sync 1 DAGs
[2023-04-16T16:03:32.663+0000] {logging_mixin.py:137} INFO - [2023-04-16T16:03:32.663+0000] {dag.py:3456} INFO - Setting next_dagrun for example_short_circuit_operator to 2023-04-15T16:03:32.663520+00:00, run_after=2023-04-16T16:03:32.663520+00:00
[2023-04-16T16:03:32.673+0000] {processor.py:175} INFO - Processing /home/airflow/.local/lib/python3.7/site-packages/airflow/example_dags/example_short_circuit_operator.py took 0.057 seconds
[2023-04-16T17:09:33.454+0000] {processor.py:153} INFO - Started process (PID=35948) to work on /home/airflow/.local/lib/python3.7/site-packages/airflow/example_dags/example_short_circuit_operator.py
[2023-04-16T17:09:33.455+0000] {processor.py:743} INFO - Processing file /home/airflow/.local/lib/python3.7/site-packages/airflow/example_dags/example_short_circuit_operator.py for tasks to queue
[2023-04-16T17:09:33.456+0000] {logging_mixin.py:137} INFO - [2023-04-16T17:09:33.456+0000] {dagbag.py:532} INFO - Filling up the DagBag from /home/airflow/.local/lib/python3.7/site-packages/airflow/example_dags/example_short_circuit_operator.py
[2023-04-16T17:09:33.467+0000] {processor.py:753} INFO - DAG(s) dict_keys(['example_short_circuit_operator']) retrieved from /home/airflow/.local/lib/python3.7/site-packages/airflow/example_dags/example_short_circuit_operator.py
[2023-04-16T17:09:33.486+0000] {logging_mixin.py:137} INFO - [2023-04-16T17:09:33.486+0000] {dag.py:2705} INFO - Sync 1 DAGs
[2023-04-16T17:09:33.500+0000] {logging_mixin.py:137} INFO - [2023-04-16T17:09:33.500+0000] {dag.py:3456} INFO - Setting next_dagrun for example_short_circuit_operator to 2023-04-15T17:09:33.500351+00:00, run_after=2023-04-16T17:09:33.500351+00:00
[2023-04-16T17:09:33.510+0000] {processor.py:175} INFO - Processing /home/airflow/.local/lib/python3.7/site-packages/airflow/example_dags/example_short_circuit_operator.py took 0.058 seconds
[2023-04-16T18:32:24.873+0000] {processor.py:153} INFO - Started process (PID=36001) to work on /home/airflow/.local/lib/python3.7/site-packages/airflow/example_dags/example_short_circuit_operator.py
[2023-04-16T18:32:24.874+0000] {processor.py:743} INFO - Processing file /home/airflow/.local/lib/python3.7/site-packages/airflow/example_dags/example_short_circuit_operator.py for tasks to queue
[2023-04-16T18:32:24.875+0000] {logging_mixin.py:137} INFO - [2023-04-16T18:32:24.875+0000] {dagbag.py:532} INFO - Filling up the DagBag from /home/airflow/.local/lib/python3.7/site-packages/airflow/example_dags/example_short_circuit_operator.py
[2023-04-16T18:32:24.890+0000] {processor.py:753} INFO - DAG(s) dict_keys(['example_short_circuit_operator']) retrieved from /home/airflow/.local/lib/python3.7/site-packages/airflow/example_dags/example_short_circuit_operator.py
[2023-04-16T18:32:24.927+0000] {logging_mixin.py:137} INFO - [2023-04-16T18:32:24.927+0000] {dag.py:2705} INFO - Sync 1 DAGs
[2023-04-16T18:32:24.955+0000] {logging_mixin.py:137} INFO - [2023-04-16T18:32:24.955+0000] {dag.py:3456} INFO - Setting next_dagrun for example_short_circuit_operator to 2023-04-15T18:32:24.955532+00:00, run_after=2023-04-16T18:32:24.955532+00:00
[2023-04-16T18:32:24.970+0000] {processor.py:175} INFO - Processing /home/airflow/.local/lib/python3.7/site-packages/airflow/example_dags/example_short_circuit_operator.py took 0.100 seconds
[2023-04-16T19:39:49.674+0000] {processor.py:153} INFO - Started process (PID=36054) to work on /home/airflow/.local/lib/python3.7/site-packages/airflow/example_dags/example_short_circuit_operator.py
[2023-04-16T19:39:49.675+0000] {processor.py:743} INFO - Processing file /home/airflow/.local/lib/python3.7/site-packages/airflow/example_dags/example_short_circuit_operator.py for tasks to queue
[2023-04-16T19:39:49.675+0000] {logging_mixin.py:137} INFO - [2023-04-16T19:39:49.675+0000] {dagbag.py:532} INFO - Filling up the DagBag from /home/airflow/.local/lib/python3.7/site-packages/airflow/example_dags/example_short_circuit_operator.py
[2023-04-16T19:39:49.686+0000] {processor.py:753} INFO - DAG(s) dict_keys(['example_short_circuit_operator']) retrieved from /home/airflow/.local/lib/python3.7/site-packages/airflow/example_dags/example_short_circuit_operator.py
[2023-04-16T19:39:49.707+0000] {logging_mixin.py:137} INFO - [2023-04-16T19:39:49.707+0000] {dag.py:2705} INFO - Sync 1 DAGs
[2023-04-16T19:39:49.721+0000] {logging_mixin.py:137} INFO - [2023-04-16T19:39:49.721+0000] {dag.py:3456} INFO - Setting next_dagrun for example_short_circuit_operator to 2023-04-15T19:39:49.721316+00:00, run_after=2023-04-16T19:39:49.721316+00:00
[2023-04-16T19:39:49.731+0000] {processor.py:175} INFO - Processing /home/airflow/.local/lib/python3.7/site-packages/airflow/example_dags/example_short_circuit_operator.py took 0.060 seconds
[2023-04-16T20:44:59.320+0000] {processor.py:153} INFO - Started process (PID=36107) to work on /home/airflow/.local/lib/python3.7/site-packages/airflow/example_dags/example_short_circuit_operator.py
[2023-04-16T20:44:59.321+0000] {processor.py:743} INFO - Processing file /home/airflow/.local/lib/python3.7/site-packages/airflow/example_dags/example_short_circuit_operator.py for tasks to queue
[2023-04-16T20:44:59.322+0000] {logging_mixin.py:137} INFO - [2023-04-16T20:44:59.322+0000] {dagbag.py:532} INFO - Filling up the DagBag from /home/airflow/.local/lib/python3.7/site-packages/airflow/example_dags/example_short_circuit_operator.py
[2023-04-16T20:44:59.332+0000] {processor.py:753} INFO - DAG(s) dict_keys(['example_short_circuit_operator']) retrieved from /home/airflow/.local/lib/python3.7/site-packages/airflow/example_dags/example_short_circuit_operator.py
[2023-04-16T20:44:59.351+0000] {logging_mixin.py:137} INFO - [2023-04-16T20:44:59.351+0000] {dag.py:2705} INFO - Sync 1 DAGs
[2023-04-16T20:44:59.366+0000] {logging_mixin.py:137} INFO - [2023-04-16T20:44:59.366+0000] {dag.py:3456} INFO - Setting next_dagrun for example_short_circuit_operator to 2023-04-15T20:44:59.366467+00:00, run_after=2023-04-16T20:44:59.366467+00:00
[2023-04-16T20:44:59.377+0000] {processor.py:175} INFO - Processing /home/airflow/.local/lib/python3.7/site-packages/airflow/example_dags/example_short_circuit_operator.py took 0.059 seconds
[2023-04-16T21:52:25.333+0000] {processor.py:153} INFO - Started process (PID=36160) to work on /home/airflow/.local/lib/python3.7/site-packages/airflow/example_dags/example_short_circuit_operator.py
[2023-04-16T21:52:25.334+0000] {processor.py:743} INFO - Processing file /home/airflow/.local/lib/python3.7/site-packages/airflow/example_dags/example_short_circuit_operator.py for tasks to queue
[2023-04-16T21:52:25.335+0000] {logging_mixin.py:137} INFO - [2023-04-16T21:52:25.335+0000] {dagbag.py:532} INFO - Filling up the DagBag from /home/airflow/.local/lib/python3.7/site-packages/airflow/example_dags/example_short_circuit_operator.py
[2023-04-16T21:52:25.345+0000] {processor.py:753} INFO - DAG(s) dict_keys(['example_short_circuit_operator']) retrieved from /home/airflow/.local/lib/python3.7/site-packages/airflow/example_dags/example_short_circuit_operator.py
[2023-04-16T21:52:25.364+0000] {logging_mixin.py:137} INFO - [2023-04-16T21:52:25.363+0000] {dag.py:2705} INFO - Sync 1 DAGs
[2023-04-16T21:52:25.378+0000] {logging_mixin.py:137} INFO - [2023-04-16T21:52:25.377+0000] {dag.py:3456} INFO - Setting next_dagrun for example_short_circuit_operator to 2023-04-15T21:52:25.377775+00:00, run_after=2023-04-16T21:52:25.377775+00:00
[2023-04-16T21:52:25.387+0000] {processor.py:175} INFO - Processing /home/airflow/.local/lib/python3.7/site-packages/airflow/example_dags/example_short_circuit_operator.py took 0.056 seconds
[2023-04-16T22:18:55.148+0000] {processor.py:153} INFO - Started process (PID=36213) to work on /home/airflow/.local/lib/python3.7/site-packages/airflow/example_dags/example_short_circuit_operator.py
[2023-04-16T22:18:55.149+0000] {processor.py:743} INFO - Processing file /home/airflow/.local/lib/python3.7/site-packages/airflow/example_dags/example_short_circuit_operator.py for tasks to queue
[2023-04-16T22:18:55.149+0000] {logging_mixin.py:137} INFO - [2023-04-16T22:18:55.149+0000] {dagbag.py:532} INFO - Filling up the DagBag from /home/airflow/.local/lib/python3.7/site-packages/airflow/example_dags/example_short_circuit_operator.py
[2023-04-16T22:18:55.161+0000] {processor.py:753} INFO - DAG(s) dict_keys(['example_short_circuit_operator']) retrieved from /home/airflow/.local/lib/python3.7/site-packages/airflow/example_dags/example_short_circuit_operator.py
[2023-04-16T22:18:55.179+0000] {logging_mixin.py:137} INFO - [2023-04-16T22:18:55.179+0000] {dag.py:2705} INFO - Sync 1 DAGs
[2023-04-16T22:18:55.193+0000] {logging_mixin.py:137} INFO - [2023-04-16T22:18:55.193+0000] {dag.py:3456} INFO - Setting next_dagrun for example_short_circuit_operator to 2023-04-15T22:18:55.193317+00:00, run_after=2023-04-16T22:18:55.193317+00:00
[2023-04-16T22:18:55.203+0000] {processor.py:175} INFO - Processing /home/airflow/.local/lib/python3.7/site-packages/airflow/example_dags/example_short_circuit_operator.py took 0.058 seconds
[2023-04-16T22:19:25.622+0000] {processor.py:153} INFO - Started process (PID=36266) to work on /home/airflow/.local/lib/python3.7/site-packages/airflow/example_dags/example_short_circuit_operator.py
[2023-04-16T22:19:25.623+0000] {processor.py:743} INFO - Processing file /home/airflow/.local/lib/python3.7/site-packages/airflow/example_dags/example_short_circuit_operator.py for tasks to queue
[2023-04-16T22:19:25.624+0000] {logging_mixin.py:137} INFO - [2023-04-16T22:19:25.624+0000] {dagbag.py:532} INFO - Filling up the DagBag from /home/airflow/.local/lib/python3.7/site-packages/airflow/example_dags/example_short_circuit_operator.py
[2023-04-16T22:19:25.635+0000] {processor.py:753} INFO - DAG(s) dict_keys(['example_short_circuit_operator']) retrieved from /home/airflow/.local/lib/python3.7/site-packages/airflow/example_dags/example_short_circuit_operator.py
[2023-04-16T22:19:25.653+0000] {logging_mixin.py:137} INFO - [2023-04-16T22:19:25.653+0000] {dag.py:2705} INFO - Sync 1 DAGs
[2023-04-16T22:19:25.667+0000] {logging_mixin.py:137} INFO - [2023-04-16T22:19:25.667+0000] {dag.py:3456} INFO - Setting next_dagrun for example_short_circuit_operator to 2023-04-15T22:19:25.667480+00:00, run_after=2023-04-16T22:19:25.667480+00:00
[2023-04-16T22:19:25.677+0000] {processor.py:175} INFO - Processing /home/airflow/.local/lib/python3.7/site-packages/airflow/example_dags/example_short_circuit_operator.py took 0.057 seconds
[2023-04-16T22:39:19.824+0000] {processor.py:153} INFO - Started process (PID=36319) to work on /home/airflow/.local/lib/python3.7/site-packages/airflow/example_dags/example_short_circuit_operator.py
[2023-04-16T22:39:19.825+0000] {processor.py:743} INFO - Processing file /home/airflow/.local/lib/python3.7/site-packages/airflow/example_dags/example_short_circuit_operator.py for tasks to queue
[2023-04-16T22:39:19.826+0000] {logging_mixin.py:137} INFO - [2023-04-16T22:39:19.826+0000] {dagbag.py:532} INFO - Filling up the DagBag from /home/airflow/.local/lib/python3.7/site-packages/airflow/example_dags/example_short_circuit_operator.py
[2023-04-16T22:39:19.836+0000] {processor.py:753} INFO - DAG(s) dict_keys(['example_short_circuit_operator']) retrieved from /home/airflow/.local/lib/python3.7/site-packages/airflow/example_dags/example_short_circuit_operator.py
[2023-04-16T22:39:19.854+0000] {logging_mixin.py:137} INFO - [2023-04-16T22:39:19.854+0000] {dag.py:2705} INFO - Sync 1 DAGs
[2023-04-16T22:39:19.867+0000] {logging_mixin.py:137} INFO - [2023-04-16T22:39:19.867+0000] {dag.py:3456} INFO - Setting next_dagrun for example_short_circuit_operator to 2023-04-15T22:39:19.867613+00:00, run_after=2023-04-16T22:39:19.867613+00:00
[2023-04-16T22:39:19.877+0000] {processor.py:175} INFO - Processing /home/airflow/.local/lib/python3.7/site-packages/airflow/example_dags/example_short_circuit_operator.py took 0.056 seconds
[2023-04-16T22:39:50.296+0000] {processor.py:153} INFO - Started process (PID=36372) to work on /home/airflow/.local/lib/python3.7/site-packages/airflow/example_dags/example_short_circuit_operator.py
[2023-04-16T22:39:50.297+0000] {processor.py:743} INFO - Processing file /home/airflow/.local/lib/python3.7/site-packages/airflow/example_dags/example_short_circuit_operator.py for tasks to queue
[2023-04-16T22:39:50.298+0000] {logging_mixin.py:137} INFO - [2023-04-16T22:39:50.298+0000] {dagbag.py:532} INFO - Filling up the DagBag from /home/airflow/.local/lib/python3.7/site-packages/airflow/example_dags/example_short_circuit_operator.py
[2023-04-16T22:39:50.313+0000] {processor.py:753} INFO - DAG(s) dict_keys(['example_short_circuit_operator']) retrieved from /home/airflow/.local/lib/python3.7/site-packages/airflow/example_dags/example_short_circuit_operator.py
[2023-04-16T22:39:50.336+0000] {logging_mixin.py:137} INFO - [2023-04-16T22:39:50.336+0000] {dag.py:2705} INFO - Sync 1 DAGs
[2023-04-16T22:39:50.351+0000] {logging_mixin.py:137} INFO - [2023-04-16T22:39:50.351+0000] {dag.py:3456} INFO - Setting next_dagrun for example_short_circuit_operator to 2023-04-15T22:39:50.351077+00:00, run_after=2023-04-16T22:39:50.351077+00:00
[2023-04-16T22:39:50.360+0000] {processor.py:175} INFO - Processing /home/airflow/.local/lib/python3.7/site-packages/airflow/example_dags/example_short_circuit_operator.py took 0.067 seconds
