[2023-04-16T00:33:36.678+0000] {processor.py:153} INFO - Started process (PID=34885) to work on /home/airflow/.local/lib/python3.7/site-packages/airflow/example_dags/example_branch_datetime_operator.py
[2023-04-16T00:33:36.679+0000] {processor.py:743} INFO - Processing file /home/airflow/.local/lib/python3.7/site-packages/airflow/example_dags/example_branch_datetime_operator.py for tasks to queue
[2023-04-16T00:33:36.680+0000] {logging_mixin.py:137} INFO - [2023-04-16T00:33:36.680+0000] {dagbag.py:532} INFO - Filling up the DagBag from /home/airflow/.local/lib/python3.7/site-packages/airflow/example_dags/example_branch_datetime_operator.py
[2023-04-16T00:33:36.696+0000] {processor.py:753} INFO - DAG(s) dict_keys(['example_branch_datetime_operator_3', 'example_branch_datetime_operator', 'example_branch_datetime_operator_2']) retrieved from /home/airflow/.local/lib/python3.7/site-packages/airflow/example_dags/example_branch_datetime_operator.py
[2023-04-16T00:33:36.720+0000] {logging_mixin.py:137} INFO - [2023-04-16T00:33:36.720+0000] {dag.py:2705} INFO - Sync 3 DAGs
[2023-04-16T00:33:36.737+0000] {logging_mixin.py:137} INFO - [2023-04-16T00:33:36.737+0000] {dag.py:3456} INFO - Setting next_dagrun for example_branch_datetime_operator to 2023-04-15T00:00:00+00:00, run_after=2023-04-16T00:00:00+00:00
[2023-04-16T00:33:36.741+0000] {logging_mixin.py:137} INFO - [2023-04-16T00:33:36.741+0000] {dag.py:3456} INFO - Setting next_dagrun for example_branch_datetime_operator_2 to 2023-04-15T00:00:00+00:00, run_after=2023-04-16T00:00:00+00:00
[2023-04-16T00:33:36.743+0000] {logging_mixin.py:137} INFO - [2023-04-16T00:33:36.743+0000] {dag.py:3456} INFO - Setting next_dagrun for example_branch_datetime_operator_3 to 2023-04-15T00:00:00+00:00, run_after=2023-04-16T00:00:00+00:00
[2023-04-16T00:33:36.754+0000] {processor.py:175} INFO - Processing /home/airflow/.local/lib/python3.7/site-packages/airflow/example_dags/example_branch_datetime_operator.py took 0.079 seconds
[2023-04-16T01:42:56.491+0000] {processor.py:153} INFO - Started process (PID=34938) to work on /home/airflow/.local/lib/python3.7/site-packages/airflow/example_dags/example_branch_datetime_operator.py
[2023-04-16T01:42:56.492+0000] {processor.py:743} INFO - Processing file /home/airflow/.local/lib/python3.7/site-packages/airflow/example_dags/example_branch_datetime_operator.py for tasks to queue
[2023-04-16T01:42:56.492+0000] {logging_mixin.py:137} INFO - [2023-04-16T01:42:56.492+0000] {dagbag.py:532} INFO - Filling up the DagBag from /home/airflow/.local/lib/python3.7/site-packages/airflow/example_dags/example_branch_datetime_operator.py
[2023-04-16T01:42:56.504+0000] {processor.py:753} INFO - DAG(s) dict_keys(['example_branch_datetime_operator_3', 'example_branch_datetime_operator_2', 'example_branch_datetime_operator']) retrieved from /home/airflow/.local/lib/python3.7/site-packages/airflow/example_dags/example_branch_datetime_operator.py
[2023-04-16T01:42:56.526+0000] {logging_mixin.py:137} INFO - [2023-04-16T01:42:56.526+0000] {dag.py:2705} INFO - Sync 3 DAGs
[2023-04-16T01:42:56.542+0000] {logging_mixin.py:137} INFO - [2023-04-16T01:42:56.541+0000] {dag.py:3456} INFO - Setting next_dagrun for example_branch_datetime_operator to 2023-04-15T00:00:00+00:00, run_after=2023-04-16T00:00:00+00:00
[2023-04-16T01:42:56.545+0000] {logging_mixin.py:137} INFO - [2023-04-16T01:42:56.545+0000] {dag.py:3456} INFO - Setting next_dagrun for example_branch_datetime_operator_2 to 2023-04-15T00:00:00+00:00, run_after=2023-04-16T00:00:00+00:00
[2023-04-16T01:42:56.547+0000] {logging_mixin.py:137} INFO - [2023-04-16T01:42:56.547+0000] {dag.py:3456} INFO - Setting next_dagrun for example_branch_datetime_operator_3 to 2023-04-15T00:00:00+00:00, run_after=2023-04-16T00:00:00+00:00
[2023-04-16T01:42:56.558+0000] {processor.py:175} INFO - Processing /home/airflow/.local/lib/python3.7/site-packages/airflow/example_dags/example_branch_datetime_operator.py took 0.070 seconds
[2023-04-16T02:49:25.306+0000] {processor.py:153} INFO - Started process (PID=34991) to work on /home/airflow/.local/lib/python3.7/site-packages/airflow/example_dags/example_branch_datetime_operator.py
[2023-04-16T02:49:25.307+0000] {processor.py:743} INFO - Processing file /home/airflow/.local/lib/python3.7/site-packages/airflow/example_dags/example_branch_datetime_operator.py for tasks to queue
[2023-04-16T02:49:25.308+0000] {logging_mixin.py:137} INFO - [2023-04-16T02:49:25.307+0000] {dagbag.py:532} INFO - Filling up the DagBag from /home/airflow/.local/lib/python3.7/site-packages/airflow/example_dags/example_branch_datetime_operator.py
[2023-04-16T02:49:25.319+0000] {processor.py:753} INFO - DAG(s) dict_keys(['example_branch_datetime_operator_2', 'example_branch_datetime_operator_3', 'example_branch_datetime_operator']) retrieved from /home/airflow/.local/lib/python3.7/site-packages/airflow/example_dags/example_branch_datetime_operator.py
[2023-04-16T02:49:25.340+0000] {logging_mixin.py:137} INFO - [2023-04-16T02:49:25.340+0000] {dag.py:2705} INFO - Sync 3 DAGs
[2023-04-16T02:49:25.357+0000] {logging_mixin.py:137} INFO - [2023-04-16T02:49:25.357+0000] {dag.py:3456} INFO - Setting next_dagrun for example_branch_datetime_operator to 2023-04-15T00:00:00+00:00, run_after=2023-04-16T00:00:00+00:00
[2023-04-16T02:49:25.360+0000] {logging_mixin.py:137} INFO - [2023-04-16T02:49:25.360+0000] {dag.py:3456} INFO - Setting next_dagrun for example_branch_datetime_operator_2 to 2023-04-15T00:00:00+00:00, run_after=2023-04-16T00:00:00+00:00
[2023-04-16T02:49:25.361+0000] {logging_mixin.py:137} INFO - [2023-04-16T02:49:25.361+0000] {dag.py:3456} INFO - Setting next_dagrun for example_branch_datetime_operator_3 to 2023-04-15T00:00:00+00:00, run_after=2023-04-16T00:00:00+00:00
[2023-04-16T02:49:25.370+0000] {processor.py:175} INFO - Processing /home/airflow/.local/lib/python3.7/site-packages/airflow/example_dags/example_branch_datetime_operator.py took 0.066 seconds
[2023-04-16T03:56:31.130+0000] {processor.py:153} INFO - Started process (PID=35045) to work on /home/airflow/.local/lib/python3.7/site-packages/airflow/example_dags/example_branch_datetime_operator.py
[2023-04-16T03:56:31.131+0000] {processor.py:743} INFO - Processing file /home/airflow/.local/lib/python3.7/site-packages/airflow/example_dags/example_branch_datetime_operator.py for tasks to queue
[2023-04-16T03:56:31.132+0000] {logging_mixin.py:137} INFO - [2023-04-16T03:56:31.132+0000] {dagbag.py:532} INFO - Filling up the DagBag from /home/airflow/.local/lib/python3.7/site-packages/airflow/example_dags/example_branch_datetime_operator.py
[2023-04-16T03:56:31.146+0000] {processor.py:753} INFO - DAG(s) dict_keys(['example_branch_datetime_operator', 'example_branch_datetime_operator_3', 'example_branch_datetime_operator_2']) retrieved from /home/airflow/.local/lib/python3.7/site-packages/airflow/example_dags/example_branch_datetime_operator.py
[2023-04-16T03:56:31.168+0000] {logging_mixin.py:137} INFO - [2023-04-16T03:56:31.168+0000] {dag.py:2705} INFO - Sync 3 DAGs
[2023-04-16T03:56:31.184+0000] {logging_mixin.py:137} INFO - [2023-04-16T03:56:31.184+0000] {dag.py:3456} INFO - Setting next_dagrun for example_branch_datetime_operator to 2023-04-15T00:00:00+00:00, run_after=2023-04-16T00:00:00+00:00
[2023-04-16T03:56:31.187+0000] {logging_mixin.py:137} INFO - [2023-04-16T03:56:31.187+0000] {dag.py:3456} INFO - Setting next_dagrun for example_branch_datetime_operator_2 to 2023-04-15T00:00:00+00:00, run_after=2023-04-16T00:00:00+00:00
[2023-04-16T03:56:31.188+0000] {logging_mixin.py:137} INFO - [2023-04-16T03:56:31.188+0000] {dag.py:3456} INFO - Setting next_dagrun for example_branch_datetime_operator_3 to 2023-04-15T00:00:00+00:00, run_after=2023-04-16T00:00:00+00:00
[2023-04-16T03:56:31.197+0000] {processor.py:175} INFO - Processing /home/airflow/.local/lib/python3.7/site-packages/airflow/example_dags/example_branch_datetime_operator.py took 0.069 seconds
[2023-04-16T04:57:14.602+0000] {processor.py:153} INFO - Started process (PID=35098) to work on /home/airflow/.local/lib/python3.7/site-packages/airflow/example_dags/example_branch_datetime_operator.py
[2023-04-16T04:57:14.603+0000] {processor.py:743} INFO - Processing file /home/airflow/.local/lib/python3.7/site-packages/airflow/example_dags/example_branch_datetime_operator.py for tasks to queue
[2023-04-16T04:57:14.603+0000] {logging_mixin.py:137} INFO - [2023-04-16T04:57:14.603+0000] {dagbag.py:532} INFO - Filling up the DagBag from /home/airflow/.local/lib/python3.7/site-packages/airflow/example_dags/example_branch_datetime_operator.py
[2023-04-16T04:57:14.615+0000] {processor.py:753} INFO - DAG(s) dict_keys(['example_branch_datetime_operator_3', 'example_branch_datetime_operator_2', 'example_branch_datetime_operator']) retrieved from /home/airflow/.local/lib/python3.7/site-packages/airflow/example_dags/example_branch_datetime_operator.py
[2023-04-16T04:57:14.635+0000] {logging_mixin.py:137} INFO - [2023-04-16T04:57:14.635+0000] {dag.py:2705} INFO - Sync 3 DAGs
[2023-04-16T04:57:14.649+0000] {logging_mixin.py:137} INFO - [2023-04-16T04:57:14.649+0000] {dag.py:3456} INFO - Setting next_dagrun for example_branch_datetime_operator to 2023-04-15T00:00:00+00:00, run_after=2023-04-16T00:00:00+00:00
[2023-04-16T04:57:14.652+0000] {logging_mixin.py:137} INFO - [2023-04-16T04:57:14.652+0000] {dag.py:3456} INFO - Setting next_dagrun for example_branch_datetime_operator_2 to 2023-04-15T00:00:00+00:00, run_after=2023-04-16T00:00:00+00:00
[2023-04-16T04:57:14.654+0000] {logging_mixin.py:137} INFO - [2023-04-16T04:57:14.654+0000] {dag.py:3456} INFO - Setting next_dagrun for example_branch_datetime_operator_3 to 2023-04-15T00:00:00+00:00, run_after=2023-04-16T00:00:00+00:00
[2023-04-16T04:57:14.662+0000] {processor.py:175} INFO - Processing /home/airflow/.local/lib/python3.7/site-packages/airflow/example_dags/example_branch_datetime_operator.py took 0.062 seconds
[2023-04-16T04:57:45.119+0000] {processor.py:153} INFO - Started process (PID=35150) to work on /home/airflow/.local/lib/python3.7/site-packages/airflow/example_dags/example_branch_datetime_operator.py
[2023-04-16T04:57:45.120+0000] {processor.py:743} INFO - Processing file /home/airflow/.local/lib/python3.7/site-packages/airflow/example_dags/example_branch_datetime_operator.py for tasks to queue
[2023-04-16T04:57:45.121+0000] {logging_mixin.py:137} INFO - [2023-04-16T04:57:45.121+0000] {dagbag.py:532} INFO - Filling up the DagBag from /home/airflow/.local/lib/python3.7/site-packages/airflow/example_dags/example_branch_datetime_operator.py
[2023-04-16T04:57:45.131+0000] {processor.py:753} INFO - DAG(s) dict_keys(['example_branch_datetime_operator_2', 'example_branch_datetime_operator_3', 'example_branch_datetime_operator']) retrieved from /home/airflow/.local/lib/python3.7/site-packages/airflow/example_dags/example_branch_datetime_operator.py
[2023-04-16T04:57:45.154+0000] {logging_mixin.py:137} INFO - [2023-04-16T04:57:45.154+0000] {dag.py:2705} INFO - Sync 3 DAGs
[2023-04-16T04:57:45.171+0000] {logging_mixin.py:137} INFO - [2023-04-16T04:57:45.171+0000] {dag.py:3456} INFO - Setting next_dagrun for example_branch_datetime_operator to 2023-04-15T00:00:00+00:00, run_after=2023-04-16T00:00:00+00:00
[2023-04-16T04:57:45.173+0000] {logging_mixin.py:137} INFO - [2023-04-16T04:57:45.173+0000] {dag.py:3456} INFO - Setting next_dagrun for example_branch_datetime_operator_2 to 2023-04-15T00:00:00+00:00, run_after=2023-04-16T00:00:00+00:00
[2023-04-16T04:57:45.175+0000] {logging_mixin.py:137} INFO - [2023-04-16T04:57:45.175+0000] {dag.py:3456} INFO - Setting next_dagrun for example_branch_datetime_operator_3 to 2023-04-15T00:00:00+00:00, run_after=2023-04-16T00:00:00+00:00
[2023-04-16T04:57:45.184+0000] {processor.py:175} INFO - Processing /home/airflow/.local/lib/python3.7/site-packages/airflow/example_dags/example_branch_datetime_operator.py took 0.067 seconds
[2023-04-16T06:01:53.628+0000] {processor.py:153} INFO - Started process (PID=35203) to work on /home/airflow/.local/lib/python3.7/site-packages/airflow/example_dags/example_branch_datetime_operator.py
[2023-04-16T06:01:53.630+0000] {processor.py:743} INFO - Processing file /home/airflow/.local/lib/python3.7/site-packages/airflow/example_dags/example_branch_datetime_operator.py for tasks to queue
[2023-04-16T06:01:53.631+0000] {logging_mixin.py:137} INFO - [2023-04-16T06:01:53.631+0000] {dagbag.py:532} INFO - Filling up the DagBag from /home/airflow/.local/lib/python3.7/site-packages/airflow/example_dags/example_branch_datetime_operator.py
[2023-04-16T06:01:53.650+0000] {processor.py:753} INFO - DAG(s) dict_keys(['example_branch_datetime_operator_2', 'example_branch_datetime_operator', 'example_branch_datetime_operator_3']) retrieved from /home/airflow/.local/lib/python3.7/site-packages/airflow/example_dags/example_branch_datetime_operator.py
[2023-04-16T06:01:53.674+0000] {logging_mixin.py:137} INFO - [2023-04-16T06:01:53.674+0000] {dag.py:2705} INFO - Sync 3 DAGs
[2023-04-16T06:01:53.692+0000] {logging_mixin.py:137} INFO - [2023-04-16T06:01:53.692+0000] {dag.py:3456} INFO - Setting next_dagrun for example_branch_datetime_operator to 2023-04-15T00:00:00+00:00, run_after=2023-04-16T00:00:00+00:00
[2023-04-16T06:01:53.695+0000] {logging_mixin.py:137} INFO - [2023-04-16T06:01:53.695+0000] {dag.py:3456} INFO - Setting next_dagrun for example_branch_datetime_operator_2 to 2023-04-15T00:00:00+00:00, run_after=2023-04-16T00:00:00+00:00
[2023-04-16T06:01:53.697+0000] {logging_mixin.py:137} INFO - [2023-04-16T06:01:53.697+0000] {dag.py:3456} INFO - Setting next_dagrun for example_branch_datetime_operator_3 to 2023-04-15T00:00:00+00:00, run_after=2023-04-16T00:00:00+00:00
[2023-04-16T06:01:53.712+0000] {processor.py:175} INFO - Processing /home/airflow/.local/lib/python3.7/site-packages/airflow/example_dags/example_branch_datetime_operator.py took 0.088 seconds
[2023-04-16T06:13:25.538+0000] {processor.py:153} INFO - Started process (PID=35256) to work on /home/airflow/.local/lib/python3.7/site-packages/airflow/example_dags/example_branch_datetime_operator.py
[2023-04-16T06:13:25.539+0000] {processor.py:743} INFO - Processing file /home/airflow/.local/lib/python3.7/site-packages/airflow/example_dags/example_branch_datetime_operator.py for tasks to queue
[2023-04-16T06:13:25.540+0000] {logging_mixin.py:137} INFO - [2023-04-16T06:13:25.540+0000] {dagbag.py:532} INFO - Filling up the DagBag from /home/airflow/.local/lib/python3.7/site-packages/airflow/example_dags/example_branch_datetime_operator.py
[2023-04-16T06:13:25.552+0000] {processor.py:753} INFO - DAG(s) dict_keys(['example_branch_datetime_operator_3', 'example_branch_datetime_operator', 'example_branch_datetime_operator_2']) retrieved from /home/airflow/.local/lib/python3.7/site-packages/airflow/example_dags/example_branch_datetime_operator.py
[2023-04-16T06:13:25.573+0000] {logging_mixin.py:137} INFO - [2023-04-16T06:13:25.573+0000] {dag.py:2705} INFO - Sync 3 DAGs
[2023-04-16T06:13:25.587+0000] {logging_mixin.py:137} INFO - [2023-04-16T06:13:25.587+0000] {dag.py:3456} INFO - Setting next_dagrun for example_branch_datetime_operator to 2023-04-15T00:00:00+00:00, run_after=2023-04-16T00:00:00+00:00
[2023-04-16T06:13:25.590+0000] {logging_mixin.py:137} INFO - [2023-04-16T06:13:25.590+0000] {dag.py:3456} INFO - Setting next_dagrun for example_branch_datetime_operator_2 to 2023-04-15T00:00:00+00:00, run_after=2023-04-16T00:00:00+00:00
[2023-04-16T06:13:25.591+0000] {logging_mixin.py:137} INFO - [2023-04-16T06:13:25.591+0000] {dag.py:3456} INFO - Setting next_dagrun for example_branch_datetime_operator_3 to 2023-04-15T00:00:00+00:00, run_after=2023-04-16T00:00:00+00:00
[2023-04-16T06:13:25.601+0000] {processor.py:175} INFO - Processing /home/airflow/.local/lib/python3.7/site-packages/airflow/example_dags/example_branch_datetime_operator.py took 0.065 seconds
[2023-04-16T06:29:19.175+0000] {processor.py:153} INFO - Started process (PID=35309) to work on /home/airflow/.local/lib/python3.7/site-packages/airflow/example_dags/example_branch_datetime_operator.py
[2023-04-16T06:29:19.177+0000] {processor.py:743} INFO - Processing file /home/airflow/.local/lib/python3.7/site-packages/airflow/example_dags/example_branch_datetime_operator.py for tasks to queue
[2023-04-16T06:29:19.178+0000] {logging_mixin.py:137} INFO - [2023-04-16T06:29:19.178+0000] {dagbag.py:532} INFO - Filling up the DagBag from /home/airflow/.local/lib/python3.7/site-packages/airflow/example_dags/example_branch_datetime_operator.py
[2023-04-16T06:29:19.192+0000] {processor.py:753} INFO - DAG(s) dict_keys(['example_branch_datetime_operator_3', 'example_branch_datetime_operator', 'example_branch_datetime_operator_2']) retrieved from /home/airflow/.local/lib/python3.7/site-packages/airflow/example_dags/example_branch_datetime_operator.py
[2023-04-16T06:29:19.215+0000] {logging_mixin.py:137} INFO - [2023-04-16T06:29:19.215+0000] {dag.py:2705} INFO - Sync 3 DAGs
[2023-04-16T06:29:19.232+0000] {logging_mixin.py:137} INFO - [2023-04-16T06:29:19.232+0000] {dag.py:3456} INFO - Setting next_dagrun for example_branch_datetime_operator to 2023-04-15T00:00:00+00:00, run_after=2023-04-16T00:00:00+00:00
[2023-04-16T06:29:19.234+0000] {logging_mixin.py:137} INFO - [2023-04-16T06:29:19.234+0000] {dag.py:3456} INFO - Setting next_dagrun for example_branch_datetime_operator_2 to 2023-04-15T00:00:00+00:00, run_after=2023-04-16T00:00:00+00:00
[2023-04-16T06:29:19.236+0000] {logging_mixin.py:137} INFO - [2023-04-16T06:29:19.236+0000] {dag.py:3456} INFO - Setting next_dagrun for example_branch_datetime_operator_3 to 2023-04-15T00:00:00+00:00, run_after=2023-04-16T00:00:00+00:00
[2023-04-16T06:29:19.244+0000] {processor.py:175} INFO - Processing /home/airflow/.local/lib/python3.7/site-packages/airflow/example_dags/example_branch_datetime_operator.py took 0.072 seconds
[2023-04-16T07:31:25.208+0000] {processor.py:153} INFO - Started process (PID=35362) to work on /home/airflow/.local/lib/python3.7/site-packages/airflow/example_dags/example_branch_datetime_operator.py
[2023-04-16T07:31:25.209+0000] {processor.py:743} INFO - Processing file /home/airflow/.local/lib/python3.7/site-packages/airflow/example_dags/example_branch_datetime_operator.py for tasks to queue
[2023-04-16T07:31:25.210+0000] {logging_mixin.py:137} INFO - [2023-04-16T07:31:25.210+0000] {dagbag.py:532} INFO - Filling up the DagBag from /home/airflow/.local/lib/python3.7/site-packages/airflow/example_dags/example_branch_datetime_operator.py
[2023-04-16T07:31:25.227+0000] {processor.py:753} INFO - DAG(s) dict_keys(['example_branch_datetime_operator_3', 'example_branch_datetime_operator_2', 'example_branch_datetime_operator']) retrieved from /home/airflow/.local/lib/python3.7/site-packages/airflow/example_dags/example_branch_datetime_operator.py
[2023-04-16T07:31:25.249+0000] {logging_mixin.py:137} INFO - [2023-04-16T07:31:25.249+0000] {dag.py:2705} INFO - Sync 3 DAGs
[2023-04-16T07:31:25.265+0000] {logging_mixin.py:137} INFO - [2023-04-16T07:31:25.265+0000] {dag.py:3456} INFO - Setting next_dagrun for example_branch_datetime_operator to 2023-04-15T00:00:00+00:00, run_after=2023-04-16T00:00:00+00:00
[2023-04-16T07:31:25.268+0000] {logging_mixin.py:137} INFO - [2023-04-16T07:31:25.268+0000] {dag.py:3456} INFO - Setting next_dagrun for example_branch_datetime_operator_2 to 2023-04-15T00:00:00+00:00, run_after=2023-04-16T00:00:00+00:00
[2023-04-16T07:31:25.270+0000] {logging_mixin.py:137} INFO - [2023-04-16T07:31:25.270+0000] {dag.py:3456} INFO - Setting next_dagrun for example_branch_datetime_operator_3 to 2023-04-15T00:00:00+00:00, run_after=2023-04-16T00:00:00+00:00
[2023-04-16T07:31:25.279+0000] {processor.py:175} INFO - Processing /home/airflow/.local/lib/python3.7/site-packages/airflow/example_dags/example_branch_datetime_operator.py took 0.074 seconds
[2023-04-16T08:50:11.727+0000] {processor.py:153} INFO - Started process (PID=35415) to work on /home/airflow/.local/lib/python3.7/site-packages/airflow/example_dags/example_branch_datetime_operator.py
[2023-04-16T08:50:11.728+0000] {processor.py:743} INFO - Processing file /home/airflow/.local/lib/python3.7/site-packages/airflow/example_dags/example_branch_datetime_operator.py for tasks to queue
[2023-04-16T08:50:11.728+0000] {logging_mixin.py:137} INFO - [2023-04-16T08:50:11.728+0000] {dagbag.py:532} INFO - Filling up the DagBag from /home/airflow/.local/lib/python3.7/site-packages/airflow/example_dags/example_branch_datetime_operator.py
[2023-04-16T08:50:11.740+0000] {processor.py:753} INFO - DAG(s) dict_keys(['example_branch_datetime_operator_3', 'example_branch_datetime_operator_2', 'example_branch_datetime_operator']) retrieved from /home/airflow/.local/lib/python3.7/site-packages/airflow/example_dags/example_branch_datetime_operator.py
[2023-04-16T08:50:11.762+0000] {logging_mixin.py:137} INFO - [2023-04-16T08:50:11.762+0000] {dag.py:2705} INFO - Sync 3 DAGs
[2023-04-16T08:50:11.776+0000] {logging_mixin.py:137} INFO - [2023-04-16T08:50:11.776+0000] {dag.py:3456} INFO - Setting next_dagrun for example_branch_datetime_operator to 2023-04-15T00:00:00+00:00, run_after=2023-04-16T00:00:00+00:00
[2023-04-16T08:50:11.779+0000] {logging_mixin.py:137} INFO - [2023-04-16T08:50:11.779+0000] {dag.py:3456} INFO - Setting next_dagrun for example_branch_datetime_operator_2 to 2023-04-15T00:00:00+00:00, run_after=2023-04-16T00:00:00+00:00
[2023-04-16T08:50:11.781+0000] {logging_mixin.py:137} INFO - [2023-04-16T08:50:11.780+0000] {dag.py:3456} INFO - Setting next_dagrun for example_branch_datetime_operator_3 to 2023-04-15T00:00:00+00:00, run_after=2023-04-16T00:00:00+00:00
[2023-04-16T08:50:11.790+0000] {processor.py:175} INFO - Processing /home/airflow/.local/lib/python3.7/site-packages/airflow/example_dags/example_branch_datetime_operator.py took 0.066 seconds
[2023-04-16T09:55:49.002+0000] {processor.py:153} INFO - Started process (PID=35468) to work on /home/airflow/.local/lib/python3.7/site-packages/airflow/example_dags/example_branch_datetime_operator.py
[2023-04-16T09:55:49.003+0000] {processor.py:743} INFO - Processing file /home/airflow/.local/lib/python3.7/site-packages/airflow/example_dags/example_branch_datetime_operator.py for tasks to queue
[2023-04-16T09:55:49.006+0000] {logging_mixin.py:137} INFO - [2023-04-16T09:55:49.006+0000] {dagbag.py:532} INFO - Filling up the DagBag from /home/airflow/.local/lib/python3.7/site-packages/airflow/example_dags/example_branch_datetime_operator.py
[2023-04-16T09:55:49.021+0000] {processor.py:753} INFO - DAG(s) dict_keys(['example_branch_datetime_operator_2', 'example_branch_datetime_operator_3', 'example_branch_datetime_operator']) retrieved from /home/airflow/.local/lib/python3.7/site-packages/airflow/example_dags/example_branch_datetime_operator.py
[2023-04-16T09:55:49.055+0000] {logging_mixin.py:137} INFO - [2023-04-16T09:55:49.055+0000] {dag.py:2705} INFO - Sync 3 DAGs
[2023-04-16T09:55:49.072+0000] {logging_mixin.py:137} INFO - [2023-04-16T09:55:49.072+0000] {dag.py:3456} INFO - Setting next_dagrun for example_branch_datetime_operator to 2023-04-15T00:00:00+00:00, run_after=2023-04-16T00:00:00+00:00
[2023-04-16T09:55:49.076+0000] {logging_mixin.py:137} INFO - [2023-04-16T09:55:49.076+0000] {dag.py:3456} INFO - Setting next_dagrun for example_branch_datetime_operator_2 to 2023-04-15T00:00:00+00:00, run_after=2023-04-16T00:00:00+00:00
[2023-04-16T09:55:49.080+0000] {logging_mixin.py:137} INFO - [2023-04-16T09:55:49.080+0000] {dag.py:3456} INFO - Setting next_dagrun for example_branch_datetime_operator_3 to 2023-04-15T00:00:00+00:00, run_after=2023-04-16T00:00:00+00:00
[2023-04-16T09:55:49.090+0000] {processor.py:175} INFO - Processing /home/airflow/.local/lib/python3.7/site-packages/airflow/example_dags/example_branch_datetime_operator.py took 0.094 seconds
[2023-04-16T11:01:49.895+0000] {processor.py:153} INFO - Started process (PID=35522) to work on /home/airflow/.local/lib/python3.7/site-packages/airflow/example_dags/example_branch_datetime_operator.py
[2023-04-16T11:01:49.896+0000] {processor.py:743} INFO - Processing file /home/airflow/.local/lib/python3.7/site-packages/airflow/example_dags/example_branch_datetime_operator.py for tasks to queue
[2023-04-16T11:01:49.897+0000] {logging_mixin.py:137} INFO - [2023-04-16T11:01:49.897+0000] {dagbag.py:532} INFO - Filling up the DagBag from /home/airflow/.local/lib/python3.7/site-packages/airflow/example_dags/example_branch_datetime_operator.py
[2023-04-16T11:01:49.912+0000] {processor.py:753} INFO - DAG(s) dict_keys(['example_branch_datetime_operator_3', 'example_branch_datetime_operator', 'example_branch_datetime_operator_2']) retrieved from /home/airflow/.local/lib/python3.7/site-packages/airflow/example_dags/example_branch_datetime_operator.py
[2023-04-16T11:01:49.938+0000] {logging_mixin.py:137} INFO - [2023-04-16T11:01:49.938+0000] {dag.py:2705} INFO - Sync 3 DAGs
[2023-04-16T11:01:49.959+0000] {logging_mixin.py:137} INFO - [2023-04-16T11:01:49.959+0000] {dag.py:3456} INFO - Setting next_dagrun for example_branch_datetime_operator to 2023-04-15T00:00:00+00:00, run_after=2023-04-16T00:00:00+00:00
[2023-04-16T11:01:49.963+0000] {logging_mixin.py:137} INFO - [2023-04-16T11:01:49.963+0000] {dag.py:3456} INFO - Setting next_dagrun for example_branch_datetime_operator_2 to 2023-04-15T00:00:00+00:00, run_after=2023-04-16T00:00:00+00:00
[2023-04-16T11:01:49.964+0000] {logging_mixin.py:137} INFO - [2023-04-16T11:01:49.964+0000] {dag.py:3456} INFO - Setting next_dagrun for example_branch_datetime_operator_3 to 2023-04-15T00:00:00+00:00, run_after=2023-04-16T00:00:00+00:00
[2023-04-16T11:01:49.974+0000] {processor.py:175} INFO - Processing /home/airflow/.local/lib/python3.7/site-packages/airflow/example_dags/example_branch_datetime_operator.py took 0.081 seconds
[2023-04-16T12:25:14.066+0000] {processor.py:153} INFO - Started process (PID=35575) to work on /home/airflow/.local/lib/python3.7/site-packages/airflow/example_dags/example_branch_datetime_operator.py
[2023-04-16T12:25:14.067+0000] {processor.py:743} INFO - Processing file /home/airflow/.local/lib/python3.7/site-packages/airflow/example_dags/example_branch_datetime_operator.py for tasks to queue
[2023-04-16T12:25:14.068+0000] {logging_mixin.py:137} INFO - [2023-04-16T12:25:14.068+0000] {dagbag.py:532} INFO - Filling up the DagBag from /home/airflow/.local/lib/python3.7/site-packages/airflow/example_dags/example_branch_datetime_operator.py
[2023-04-16T12:25:14.081+0000] {processor.py:753} INFO - DAG(s) dict_keys(['example_branch_datetime_operator', 'example_branch_datetime_operator_3', 'example_branch_datetime_operator_2']) retrieved from /home/airflow/.local/lib/python3.7/site-packages/airflow/example_dags/example_branch_datetime_operator.py
[2023-04-16T12:25:14.103+0000] {logging_mixin.py:137} INFO - [2023-04-16T12:25:14.103+0000] {dag.py:2705} INFO - Sync 3 DAGs
[2023-04-16T12:25:14.118+0000] {logging_mixin.py:137} INFO - [2023-04-16T12:25:14.118+0000] {dag.py:3456} INFO - Setting next_dagrun for example_branch_datetime_operator to 2023-04-15T00:00:00+00:00, run_after=2023-04-16T00:00:00+00:00
[2023-04-16T12:25:14.122+0000] {logging_mixin.py:137} INFO - [2023-04-16T12:25:14.121+0000] {dag.py:3456} INFO - Setting next_dagrun for example_branch_datetime_operator_2 to 2023-04-15T00:00:00+00:00, run_after=2023-04-16T00:00:00+00:00
[2023-04-16T12:25:14.123+0000] {logging_mixin.py:137} INFO - [2023-04-16T12:25:14.123+0000] {dag.py:3456} INFO - Setting next_dagrun for example_branch_datetime_operator_3 to 2023-04-15T00:00:00+00:00, run_after=2023-04-16T00:00:00+00:00
[2023-04-16T12:25:14.142+0000] {processor.py:175} INFO - Processing /home/airflow/.local/lib/python3.7/site-packages/airflow/example_dags/example_branch_datetime_operator.py took 0.078 seconds
[2023-04-16T13:32:25.911+0000] {processor.py:153} INFO - Started process (PID=35628) to work on /home/airflow/.local/lib/python3.7/site-packages/airflow/example_dags/example_branch_datetime_operator.py
[2023-04-16T13:32:25.912+0000] {processor.py:743} INFO - Processing file /home/airflow/.local/lib/python3.7/site-packages/airflow/example_dags/example_branch_datetime_operator.py for tasks to queue
[2023-04-16T13:32:25.913+0000] {logging_mixin.py:137} INFO - [2023-04-16T13:32:25.913+0000] {dagbag.py:532} INFO - Filling up the DagBag from /home/airflow/.local/lib/python3.7/site-packages/airflow/example_dags/example_branch_datetime_operator.py
[2023-04-16T13:32:25.926+0000] {processor.py:753} INFO - DAG(s) dict_keys(['example_branch_datetime_operator_3', 'example_branch_datetime_operator', 'example_branch_datetime_operator_2']) retrieved from /home/airflow/.local/lib/python3.7/site-packages/airflow/example_dags/example_branch_datetime_operator.py
[2023-04-16T13:32:25.950+0000] {logging_mixin.py:137} INFO - [2023-04-16T13:32:25.950+0000] {dag.py:2705} INFO - Sync 3 DAGs
[2023-04-16T13:32:25.966+0000] {logging_mixin.py:137} INFO - [2023-04-16T13:32:25.966+0000] {dag.py:3456} INFO - Setting next_dagrun for example_branch_datetime_operator to 2023-04-15T00:00:00+00:00, run_after=2023-04-16T00:00:00+00:00
[2023-04-16T13:32:25.969+0000] {logging_mixin.py:137} INFO - [2023-04-16T13:32:25.969+0000] {dag.py:3456} INFO - Setting next_dagrun for example_branch_datetime_operator_2 to 2023-04-15T00:00:00+00:00, run_after=2023-04-16T00:00:00+00:00
[2023-04-16T13:32:25.971+0000] {logging_mixin.py:137} INFO - [2023-04-16T13:32:25.971+0000] {dag.py:3456} INFO - Setting next_dagrun for example_branch_datetime_operator_3 to 2023-04-15T00:00:00+00:00, run_after=2023-04-16T00:00:00+00:00
[2023-04-16T13:32:25.979+0000] {processor.py:175} INFO - Processing /home/airflow/.local/lib/python3.7/site-packages/airflow/example_dags/example_branch_datetime_operator.py took 0.070 seconds
[2023-04-16T14:26:07.821+0000] {processor.py:153} INFO - Started process (PID=35681) to work on /home/airflow/.local/lib/python3.7/site-packages/airflow/example_dags/example_branch_datetime_operator.py
[2023-04-16T14:26:07.823+0000] {processor.py:743} INFO - Processing file /home/airflow/.local/lib/python3.7/site-packages/airflow/example_dags/example_branch_datetime_operator.py for tasks to queue
[2023-04-16T14:26:07.823+0000] {logging_mixin.py:137} INFO - [2023-04-16T14:26:07.823+0000] {dagbag.py:532} INFO - Filling up the DagBag from /home/airflow/.local/lib/python3.7/site-packages/airflow/example_dags/example_branch_datetime_operator.py
[2023-04-16T14:26:07.837+0000] {processor.py:753} INFO - DAG(s) dict_keys(['example_branch_datetime_operator_3', 'example_branch_datetime_operator', 'example_branch_datetime_operator_2']) retrieved from /home/airflow/.local/lib/python3.7/site-packages/airflow/example_dags/example_branch_datetime_operator.py
[2023-04-16T14:26:07.871+0000] {logging_mixin.py:137} INFO - [2023-04-16T14:26:07.870+0000] {dag.py:2705} INFO - Sync 3 DAGs
[2023-04-16T14:26:07.890+0000] {logging_mixin.py:137} INFO - [2023-04-16T14:26:07.890+0000] {dag.py:3456} INFO - Setting next_dagrun for example_branch_datetime_operator to 2023-04-15T00:00:00+00:00, run_after=2023-04-16T00:00:00+00:00
[2023-04-16T14:26:07.894+0000] {logging_mixin.py:137} INFO - [2023-04-16T14:26:07.894+0000] {dag.py:3456} INFO - Setting next_dagrun for example_branch_datetime_operator_2 to 2023-04-15T00:00:00+00:00, run_after=2023-04-16T00:00:00+00:00
[2023-04-16T14:26:07.896+0000] {logging_mixin.py:137} INFO - [2023-04-16T14:26:07.896+0000] {dag.py:3456} INFO - Setting next_dagrun for example_branch_datetime_operator_3 to 2023-04-15T00:00:00+00:00, run_after=2023-04-16T00:00:00+00:00
[2023-04-16T14:26:07.907+0000] {processor.py:175} INFO - Processing /home/airflow/.local/lib/python3.7/site-packages/airflow/example_dags/example_branch_datetime_operator.py took 0.088 seconds
[2023-04-16T14:26:38.681+0000] {processor.py:153} INFO - Started process (PID=35734) to work on /home/airflow/.local/lib/python3.7/site-packages/airflow/example_dags/example_branch_datetime_operator.py
[2023-04-16T14:26:38.682+0000] {processor.py:743} INFO - Processing file /home/airflow/.local/lib/python3.7/site-packages/airflow/example_dags/example_branch_datetime_operator.py for tasks to queue
[2023-04-16T14:26:38.682+0000] {logging_mixin.py:137} INFO - [2023-04-16T14:26:38.682+0000] {dagbag.py:532} INFO - Filling up the DagBag from /home/airflow/.local/lib/python3.7/site-packages/airflow/example_dags/example_branch_datetime_operator.py
[2023-04-16T14:26:38.694+0000] {processor.py:753} INFO - DAG(s) dict_keys(['example_branch_datetime_operator_2', 'example_branch_datetime_operator', 'example_branch_datetime_operator_3']) retrieved from /home/airflow/.local/lib/python3.7/site-packages/airflow/example_dags/example_branch_datetime_operator.py
[2023-04-16T14:26:38.716+0000] {logging_mixin.py:137} INFO - [2023-04-16T14:26:38.716+0000] {dag.py:2705} INFO - Sync 3 DAGs
[2023-04-16T14:26:38.732+0000] {logging_mixin.py:137} INFO - [2023-04-16T14:26:38.732+0000] {dag.py:3456} INFO - Setting next_dagrun for example_branch_datetime_operator to 2023-04-15T00:00:00+00:00, run_after=2023-04-16T00:00:00+00:00
[2023-04-16T14:26:38.735+0000] {logging_mixin.py:137} INFO - [2023-04-16T14:26:38.735+0000] {dag.py:3456} INFO - Setting next_dagrun for example_branch_datetime_operator_2 to 2023-04-15T00:00:00+00:00, run_after=2023-04-16T00:00:00+00:00
[2023-04-16T14:26:38.737+0000] {logging_mixin.py:137} INFO - [2023-04-16T14:26:38.737+0000] {dag.py:3456} INFO - Setting next_dagrun for example_branch_datetime_operator_3 to 2023-04-15T00:00:00+00:00, run_after=2023-04-16T00:00:00+00:00
[2023-04-16T14:26:38.747+0000] {processor.py:175} INFO - Processing /home/airflow/.local/lib/python3.7/site-packages/airflow/example_dags/example_branch_datetime_operator.py took 0.069 seconds
[2023-04-16T15:14:34.475+0000] {processor.py:153} INFO - Started process (PID=35787) to work on /home/airflow/.local/lib/python3.7/site-packages/airflow/example_dags/example_branch_datetime_operator.py
[2023-04-16T15:14:34.477+0000] {processor.py:743} INFO - Processing file /home/airflow/.local/lib/python3.7/site-packages/airflow/example_dags/example_branch_datetime_operator.py for tasks to queue
[2023-04-16T15:14:34.477+0000] {logging_mixin.py:137} INFO - [2023-04-16T15:14:34.477+0000] {dagbag.py:532} INFO - Filling up the DagBag from /home/airflow/.local/lib/python3.7/site-packages/airflow/example_dags/example_branch_datetime_operator.py
[2023-04-16T15:14:34.492+0000] {processor.py:753} INFO - DAG(s) dict_keys(['example_branch_datetime_operator', 'example_branch_datetime_operator_2', 'example_branch_datetime_operator_3']) retrieved from /home/airflow/.local/lib/python3.7/site-packages/airflow/example_dags/example_branch_datetime_operator.py
[2023-04-16T15:14:34.514+0000] {logging_mixin.py:137} INFO - [2023-04-16T15:14:34.514+0000] {dag.py:2705} INFO - Sync 3 DAGs
[2023-04-16T15:14:34.529+0000] {logging_mixin.py:137} INFO - [2023-04-16T15:14:34.529+0000] {dag.py:3456} INFO - Setting next_dagrun for example_branch_datetime_operator to 2023-04-15T00:00:00+00:00, run_after=2023-04-16T00:00:00+00:00
[2023-04-16T15:14:34.532+0000] {logging_mixin.py:137} INFO - [2023-04-16T15:14:34.532+0000] {dag.py:3456} INFO - Setting next_dagrun for example_branch_datetime_operator_2 to 2023-04-15T00:00:00+00:00, run_after=2023-04-16T00:00:00+00:00
[2023-04-16T15:14:34.533+0000] {logging_mixin.py:137} INFO - [2023-04-16T15:14:34.533+0000] {dag.py:3456} INFO - Setting next_dagrun for example_branch_datetime_operator_3 to 2023-04-15T00:00:00+00:00, run_after=2023-04-16T00:00:00+00:00
[2023-04-16T15:14:34.543+0000] {processor.py:175} INFO - Processing /home/airflow/.local/lib/python3.7/site-packages/airflow/example_dags/example_branch_datetime_operator.py took 0.073 seconds
[2023-04-16T15:15:05.384+0000] {processor.py:153} INFO - Started process (PID=35840) to work on /home/airflow/.local/lib/python3.7/site-packages/airflow/example_dags/example_branch_datetime_operator.py
[2023-04-16T15:15:05.385+0000] {processor.py:743} INFO - Processing file /home/airflow/.local/lib/python3.7/site-packages/airflow/example_dags/example_branch_datetime_operator.py for tasks to queue
[2023-04-16T15:15:05.385+0000] {logging_mixin.py:137} INFO - [2023-04-16T15:15:05.385+0000] {dagbag.py:532} INFO - Filling up the DagBag from /home/airflow/.local/lib/python3.7/site-packages/airflow/example_dags/example_branch_datetime_operator.py
[2023-04-16T15:15:05.396+0000] {processor.py:753} INFO - DAG(s) dict_keys(['example_branch_datetime_operator_2', 'example_branch_datetime_operator', 'example_branch_datetime_operator_3']) retrieved from /home/airflow/.local/lib/python3.7/site-packages/airflow/example_dags/example_branch_datetime_operator.py
[2023-04-16T15:15:05.417+0000] {logging_mixin.py:137} INFO - [2023-04-16T15:15:05.417+0000] {dag.py:2705} INFO - Sync 3 DAGs
[2023-04-16T15:15:05.431+0000] {logging_mixin.py:137} INFO - [2023-04-16T15:15:05.431+0000] {dag.py:3456} INFO - Setting next_dagrun for example_branch_datetime_operator to 2023-04-15T00:00:00+00:00, run_after=2023-04-16T00:00:00+00:00
[2023-04-16T15:15:05.434+0000] {logging_mixin.py:137} INFO - [2023-04-16T15:15:05.434+0000] {dag.py:3456} INFO - Setting next_dagrun for example_branch_datetime_operator_2 to 2023-04-15T00:00:00+00:00, run_after=2023-04-16T00:00:00+00:00
[2023-04-16T15:15:05.435+0000] {logging_mixin.py:137} INFO - [2023-04-16T15:15:05.435+0000] {dag.py:3456} INFO - Setting next_dagrun for example_branch_datetime_operator_3 to 2023-04-15T00:00:00+00:00, run_after=2023-04-16T00:00:00+00:00
[2023-04-16T15:15:05.443+0000] {processor.py:175} INFO - Processing /home/airflow/.local/lib/python3.7/site-packages/airflow/example_dags/example_branch_datetime_operator.py took 0.063 seconds
[2023-04-16T16:03:32.526+0000] {processor.py:153} INFO - Started process (PID=35893) to work on /home/airflow/.local/lib/python3.7/site-packages/airflow/example_dags/example_branch_datetime_operator.py
[2023-04-16T16:03:32.527+0000] {processor.py:743} INFO - Processing file /home/airflow/.local/lib/python3.7/site-packages/airflow/example_dags/example_branch_datetime_operator.py for tasks to queue
[2023-04-16T16:03:32.528+0000] {logging_mixin.py:137} INFO - [2023-04-16T16:03:32.527+0000] {dagbag.py:532} INFO - Filling up the DagBag from /home/airflow/.local/lib/python3.7/site-packages/airflow/example_dags/example_branch_datetime_operator.py
[2023-04-16T16:03:32.540+0000] {processor.py:753} INFO - DAG(s) dict_keys(['example_branch_datetime_operator_2', 'example_branch_datetime_operator', 'example_branch_datetime_operator_3']) retrieved from /home/airflow/.local/lib/python3.7/site-packages/airflow/example_dags/example_branch_datetime_operator.py
[2023-04-16T16:03:32.565+0000] {logging_mixin.py:137} INFO - [2023-04-16T16:03:32.565+0000] {dag.py:2705} INFO - Sync 3 DAGs
[2023-04-16T16:03:32.584+0000] {logging_mixin.py:137} INFO - [2023-04-16T16:03:32.584+0000] {dag.py:3456} INFO - Setting next_dagrun for example_branch_datetime_operator to 2023-04-15T00:00:00+00:00, run_after=2023-04-16T00:00:00+00:00
[2023-04-16T16:03:32.587+0000] {logging_mixin.py:137} INFO - [2023-04-16T16:03:32.587+0000] {dag.py:3456} INFO - Setting next_dagrun for example_branch_datetime_operator_2 to 2023-04-15T00:00:00+00:00, run_after=2023-04-16T00:00:00+00:00
[2023-04-16T16:03:32.588+0000] {logging_mixin.py:137} INFO - [2023-04-16T16:03:32.588+0000] {dag.py:3456} INFO - Setting next_dagrun for example_branch_datetime_operator_3 to 2023-04-15T00:00:00+00:00, run_after=2023-04-16T00:00:00+00:00
[2023-04-16T16:03:32.597+0000] {processor.py:175} INFO - Processing /home/airflow/.local/lib/python3.7/site-packages/airflow/example_dags/example_branch_datetime_operator.py took 0.073 seconds
[2023-04-16T17:09:33.368+0000] {processor.py:153} INFO - Started process (PID=35946) to work on /home/airflow/.local/lib/python3.7/site-packages/airflow/example_dags/example_branch_datetime_operator.py
[2023-04-16T17:09:33.369+0000] {processor.py:743} INFO - Processing file /home/airflow/.local/lib/python3.7/site-packages/airflow/example_dags/example_branch_datetime_operator.py for tasks to queue
[2023-04-16T17:09:33.370+0000] {logging_mixin.py:137} INFO - [2023-04-16T17:09:33.370+0000] {dagbag.py:532} INFO - Filling up the DagBag from /home/airflow/.local/lib/python3.7/site-packages/airflow/example_dags/example_branch_datetime_operator.py
[2023-04-16T17:09:33.382+0000] {processor.py:753} INFO - DAG(s) dict_keys(['example_branch_datetime_operator_3', 'example_branch_datetime_operator', 'example_branch_datetime_operator_2']) retrieved from /home/airflow/.local/lib/python3.7/site-packages/airflow/example_dags/example_branch_datetime_operator.py
[2023-04-16T17:09:33.407+0000] {logging_mixin.py:137} INFO - [2023-04-16T17:09:33.406+0000] {dag.py:2705} INFO - Sync 3 DAGs
[2023-04-16T17:09:33.422+0000] {logging_mixin.py:137} INFO - [2023-04-16T17:09:33.422+0000] {dag.py:3456} INFO - Setting next_dagrun for example_branch_datetime_operator to 2023-04-15T00:00:00+00:00, run_after=2023-04-16T00:00:00+00:00
[2023-04-16T17:09:33.425+0000] {logging_mixin.py:137} INFO - [2023-04-16T17:09:33.425+0000] {dag.py:3456} INFO - Setting next_dagrun for example_branch_datetime_operator_2 to 2023-04-15T00:00:00+00:00, run_after=2023-04-16T00:00:00+00:00
[2023-04-16T17:09:33.427+0000] {logging_mixin.py:137} INFO - [2023-04-16T17:09:33.427+0000] {dag.py:3456} INFO - Setting next_dagrun for example_branch_datetime_operator_3 to 2023-04-15T00:00:00+00:00, run_after=2023-04-16T00:00:00+00:00
[2023-04-16T17:09:33.436+0000] {processor.py:175} INFO - Processing /home/airflow/.local/lib/python3.7/site-packages/airflow/example_dags/example_branch_datetime_operator.py took 0.070 seconds
[2023-04-16T18:32:24.756+0000] {processor.py:153} INFO - Started process (PID=35999) to work on /home/airflow/.local/lib/python3.7/site-packages/airflow/example_dags/example_branch_datetime_operator.py
[2023-04-16T18:32:24.758+0000] {processor.py:743} INFO - Processing file /home/airflow/.local/lib/python3.7/site-packages/airflow/example_dags/example_branch_datetime_operator.py for tasks to queue
[2023-04-16T18:32:24.759+0000] {logging_mixin.py:137} INFO - [2023-04-16T18:32:24.759+0000] {dagbag.py:532} INFO - Filling up the DagBag from /home/airflow/.local/lib/python3.7/site-packages/airflow/example_dags/example_branch_datetime_operator.py
[2023-04-16T18:32:24.775+0000] {processor.py:753} INFO - DAG(s) dict_keys(['example_branch_datetime_operator_3', 'example_branch_datetime_operator', 'example_branch_datetime_operator_2']) retrieved from /home/airflow/.local/lib/python3.7/site-packages/airflow/example_dags/example_branch_datetime_operator.py
[2023-04-16T18:32:24.803+0000] {logging_mixin.py:137} INFO - [2023-04-16T18:32:24.803+0000] {dag.py:2705} INFO - Sync 3 DAGs
[2023-04-16T18:32:24.828+0000] {logging_mixin.py:137} INFO - [2023-04-16T18:32:24.828+0000] {dag.py:3456} INFO - Setting next_dagrun for example_branch_datetime_operator to 2023-04-15T00:00:00+00:00, run_after=2023-04-16T00:00:00+00:00
[2023-04-16T18:32:24.833+0000] {logging_mixin.py:137} INFO - [2023-04-16T18:32:24.833+0000] {dag.py:3456} INFO - Setting next_dagrun for example_branch_datetime_operator_2 to 2023-04-15T00:00:00+00:00, run_after=2023-04-16T00:00:00+00:00
[2023-04-16T18:32:24.835+0000] {logging_mixin.py:137} INFO - [2023-04-16T18:32:24.835+0000] {dag.py:3456} INFO - Setting next_dagrun for example_branch_datetime_operator_3 to 2023-04-15T00:00:00+00:00, run_after=2023-04-16T00:00:00+00:00
[2023-04-16T18:32:24.846+0000] {processor.py:175} INFO - Processing /home/airflow/.local/lib/python3.7/site-packages/airflow/example_dags/example_branch_datetime_operator.py took 0.093 seconds
[2023-04-16T19:39:49.594+0000] {processor.py:153} INFO - Started process (PID=36052) to work on /home/airflow/.local/lib/python3.7/site-packages/airflow/example_dags/example_branch_datetime_operator.py
[2023-04-16T19:39:49.595+0000] {processor.py:743} INFO - Processing file /home/airflow/.local/lib/python3.7/site-packages/airflow/example_dags/example_branch_datetime_operator.py for tasks to queue
[2023-04-16T19:39:49.595+0000] {logging_mixin.py:137} INFO - [2023-04-16T19:39:49.595+0000] {dagbag.py:532} INFO - Filling up the DagBag from /home/airflow/.local/lib/python3.7/site-packages/airflow/example_dags/example_branch_datetime_operator.py
[2023-04-16T19:39:49.609+0000] {processor.py:753} INFO - DAG(s) dict_keys(['example_branch_datetime_operator_3', 'example_branch_datetime_operator_2', 'example_branch_datetime_operator']) retrieved from /home/airflow/.local/lib/python3.7/site-packages/airflow/example_dags/example_branch_datetime_operator.py
[2023-04-16T19:39:49.631+0000] {logging_mixin.py:137} INFO - [2023-04-16T19:39:49.631+0000] {dag.py:2705} INFO - Sync 3 DAGs
[2023-04-16T19:39:49.646+0000] {logging_mixin.py:137} INFO - [2023-04-16T19:39:49.646+0000] {dag.py:3456} INFO - Setting next_dagrun for example_branch_datetime_operator to 2023-04-15T00:00:00+00:00, run_after=2023-04-16T00:00:00+00:00
[2023-04-16T19:39:49.649+0000] {logging_mixin.py:137} INFO - [2023-04-16T19:39:49.649+0000] {dag.py:3456} INFO - Setting next_dagrun for example_branch_datetime_operator_2 to 2023-04-15T00:00:00+00:00, run_after=2023-04-16T00:00:00+00:00
[2023-04-16T19:39:49.651+0000] {logging_mixin.py:137} INFO - [2023-04-16T19:39:49.651+0000] {dag.py:3456} INFO - Setting next_dagrun for example_branch_datetime_operator_3 to 2023-04-15T00:00:00+00:00, run_after=2023-04-16T00:00:00+00:00
[2023-04-16T19:39:49.659+0000] {processor.py:175} INFO - Processing /home/airflow/.local/lib/python3.7/site-packages/airflow/example_dags/example_branch_datetime_operator.py took 0.067 seconds
[2023-04-16T20:44:59.237+0000] {processor.py:153} INFO - Started process (PID=36105) to work on /home/airflow/.local/lib/python3.7/site-packages/airflow/example_dags/example_branch_datetime_operator.py
[2023-04-16T20:44:59.238+0000] {processor.py:743} INFO - Processing file /home/airflow/.local/lib/python3.7/site-packages/airflow/example_dags/example_branch_datetime_operator.py for tasks to queue
[2023-04-16T20:44:59.239+0000] {logging_mixin.py:137} INFO - [2023-04-16T20:44:59.239+0000] {dagbag.py:532} INFO - Filling up the DagBag from /home/airflow/.local/lib/python3.7/site-packages/airflow/example_dags/example_branch_datetime_operator.py
[2023-04-16T20:44:59.250+0000] {processor.py:753} INFO - DAG(s) dict_keys(['example_branch_datetime_operator_2', 'example_branch_datetime_operator_3', 'example_branch_datetime_operator']) retrieved from /home/airflow/.local/lib/python3.7/site-packages/airflow/example_dags/example_branch_datetime_operator.py
[2023-04-16T20:44:59.270+0000] {logging_mixin.py:137} INFO - [2023-04-16T20:44:59.270+0000] {dag.py:2705} INFO - Sync 3 DAGs
[2023-04-16T20:44:59.284+0000] {logging_mixin.py:137} INFO - [2023-04-16T20:44:59.283+0000] {dag.py:3456} INFO - Setting next_dagrun for example_branch_datetime_operator to 2023-04-15T00:00:00+00:00, run_after=2023-04-16T00:00:00+00:00
[2023-04-16T20:44:59.286+0000] {logging_mixin.py:137} INFO - [2023-04-16T20:44:59.286+0000] {dag.py:3456} INFO - Setting next_dagrun for example_branch_datetime_operator_2 to 2023-04-15T00:00:00+00:00, run_after=2023-04-16T00:00:00+00:00
[2023-04-16T20:44:59.288+0000] {logging_mixin.py:137} INFO - [2023-04-16T20:44:59.288+0000] {dag.py:3456} INFO - Setting next_dagrun for example_branch_datetime_operator_3 to 2023-04-15T00:00:00+00:00, run_after=2023-04-16T00:00:00+00:00
[2023-04-16T20:44:59.296+0000] {processor.py:175} INFO - Processing /home/airflow/.local/lib/python3.7/site-packages/airflow/example_dags/example_branch_datetime_operator.py took 0.061 seconds
[2023-04-16T21:52:25.251+0000] {processor.py:153} INFO - Started process (PID=36158) to work on /home/airflow/.local/lib/python3.7/site-packages/airflow/example_dags/example_branch_datetime_operator.py
[2023-04-16T21:52:25.252+0000] {processor.py:743} INFO - Processing file /home/airflow/.local/lib/python3.7/site-packages/airflow/example_dags/example_branch_datetime_operator.py for tasks to queue
[2023-04-16T21:52:25.252+0000] {logging_mixin.py:137} INFO - [2023-04-16T21:52:25.252+0000] {dagbag.py:532} INFO - Filling up the DagBag from /home/airflow/.local/lib/python3.7/site-packages/airflow/example_dags/example_branch_datetime_operator.py
[2023-04-16T21:52:25.265+0000] {processor.py:753} INFO - DAG(s) dict_keys(['example_branch_datetime_operator_2', 'example_branch_datetime_operator_3', 'example_branch_datetime_operator']) retrieved from /home/airflow/.local/lib/python3.7/site-packages/airflow/example_dags/example_branch_datetime_operator.py
[2023-04-16T21:52:25.287+0000] {logging_mixin.py:137} INFO - [2023-04-16T21:52:25.287+0000] {dag.py:2705} INFO - Sync 3 DAGs
[2023-04-16T21:52:25.301+0000] {logging_mixin.py:137} INFO - [2023-04-16T21:52:25.301+0000] {dag.py:3456} INFO - Setting next_dagrun for example_branch_datetime_operator to 2023-04-15T00:00:00+00:00, run_after=2023-04-16T00:00:00+00:00
[2023-04-16T21:52:25.304+0000] {logging_mixin.py:137} INFO - [2023-04-16T21:52:25.304+0000] {dag.py:3456} INFO - Setting next_dagrun for example_branch_datetime_operator_2 to 2023-04-15T00:00:00+00:00, run_after=2023-04-16T00:00:00+00:00
[2023-04-16T21:52:25.305+0000] {logging_mixin.py:137} INFO - [2023-04-16T21:52:25.305+0000] {dag.py:3456} INFO - Setting next_dagrun for example_branch_datetime_operator_3 to 2023-04-15T00:00:00+00:00, run_after=2023-04-16T00:00:00+00:00
[2023-04-16T21:52:25.314+0000] {processor.py:175} INFO - Processing /home/airflow/.local/lib/python3.7/site-packages/airflow/example_dags/example_branch_datetime_operator.py took 0.066 seconds
[2023-04-16T22:18:55.061+0000] {processor.py:153} INFO - Started process (PID=36211) to work on /home/airflow/.local/lib/python3.7/site-packages/airflow/example_dags/example_branch_datetime_operator.py
[2023-04-16T22:18:55.062+0000] {processor.py:743} INFO - Processing file /home/airflow/.local/lib/python3.7/site-packages/airflow/example_dags/example_branch_datetime_operator.py for tasks to queue
[2023-04-16T22:18:55.062+0000] {logging_mixin.py:137} INFO - [2023-04-16T22:18:55.062+0000] {dagbag.py:532} INFO - Filling up the DagBag from /home/airflow/.local/lib/python3.7/site-packages/airflow/example_dags/example_branch_datetime_operator.py
[2023-04-16T22:18:55.075+0000] {processor.py:753} INFO - DAG(s) dict_keys(['example_branch_datetime_operator_3', 'example_branch_datetime_operator_2', 'example_branch_datetime_operator']) retrieved from /home/airflow/.local/lib/python3.7/site-packages/airflow/example_dags/example_branch_datetime_operator.py
[2023-04-16T22:18:55.099+0000] {logging_mixin.py:137} INFO - [2023-04-16T22:18:55.099+0000] {dag.py:2705} INFO - Sync 3 DAGs
[2023-04-16T22:18:55.113+0000] {logging_mixin.py:137} INFO - [2023-04-16T22:18:55.113+0000] {dag.py:3456} INFO - Setting next_dagrun for example_branch_datetime_operator to 2023-04-15T00:00:00+00:00, run_after=2023-04-16T00:00:00+00:00
[2023-04-16T22:18:55.116+0000] {logging_mixin.py:137} INFO - [2023-04-16T22:18:55.116+0000] {dag.py:3456} INFO - Setting next_dagrun for example_branch_datetime_operator_2 to 2023-04-15T00:00:00+00:00, run_after=2023-04-16T00:00:00+00:00
[2023-04-16T22:18:55.117+0000] {logging_mixin.py:137} INFO - [2023-04-16T22:18:55.117+0000] {dag.py:3456} INFO - Setting next_dagrun for example_branch_datetime_operator_3 to 2023-04-15T00:00:00+00:00, run_after=2023-04-16T00:00:00+00:00
[2023-04-16T22:18:55.126+0000] {processor.py:175} INFO - Processing /home/airflow/.local/lib/python3.7/site-packages/airflow/example_dags/example_branch_datetime_operator.py took 0.067 seconds
[2023-04-16T22:19:25.537+0000] {processor.py:153} INFO - Started process (PID=36264) to work on /home/airflow/.local/lib/python3.7/site-packages/airflow/example_dags/example_branch_datetime_operator.py
[2023-04-16T22:19:25.538+0000] {processor.py:743} INFO - Processing file /home/airflow/.local/lib/python3.7/site-packages/airflow/example_dags/example_branch_datetime_operator.py for tasks to queue
[2023-04-16T22:19:25.539+0000] {logging_mixin.py:137} INFO - [2023-04-16T22:19:25.539+0000] {dagbag.py:532} INFO - Filling up the DagBag from /home/airflow/.local/lib/python3.7/site-packages/airflow/example_dags/example_branch_datetime_operator.py
[2023-04-16T22:19:25.551+0000] {processor.py:753} INFO - DAG(s) dict_keys(['example_branch_datetime_operator', 'example_branch_datetime_operator_3', 'example_branch_datetime_operator_2']) retrieved from /home/airflow/.local/lib/python3.7/site-packages/airflow/example_dags/example_branch_datetime_operator.py
[2023-04-16T22:19:25.573+0000] {logging_mixin.py:137} INFO - [2023-04-16T22:19:25.573+0000] {dag.py:2705} INFO - Sync 3 DAGs
[2023-04-16T22:19:25.589+0000] {logging_mixin.py:137} INFO - [2023-04-16T22:19:25.589+0000] {dag.py:3456} INFO - Setting next_dagrun for example_branch_datetime_operator to 2023-04-15T00:00:00+00:00, run_after=2023-04-16T00:00:00+00:00
[2023-04-16T22:19:25.592+0000] {logging_mixin.py:137} INFO - [2023-04-16T22:19:25.592+0000] {dag.py:3456} INFO - Setting next_dagrun for example_branch_datetime_operator_2 to 2023-04-15T00:00:00+00:00, run_after=2023-04-16T00:00:00+00:00
[2023-04-16T22:19:25.593+0000] {logging_mixin.py:137} INFO - [2023-04-16T22:19:25.593+0000] {dag.py:3456} INFO - Setting next_dagrun for example_branch_datetime_operator_3 to 2023-04-15T00:00:00+00:00, run_after=2023-04-16T00:00:00+00:00
[2023-04-16T22:19:25.602+0000] {processor.py:175} INFO - Processing /home/airflow/.local/lib/python3.7/site-packages/airflow/example_dags/example_branch_datetime_operator.py took 0.067 seconds
[2023-04-16T22:39:19.742+0000] {processor.py:153} INFO - Started process (PID=36317) to work on /home/airflow/.local/lib/python3.7/site-packages/airflow/example_dags/example_branch_datetime_operator.py
[2023-04-16T22:39:19.744+0000] {processor.py:743} INFO - Processing file /home/airflow/.local/lib/python3.7/site-packages/airflow/example_dags/example_branch_datetime_operator.py for tasks to queue
[2023-04-16T22:39:19.744+0000] {logging_mixin.py:137} INFO - [2023-04-16T22:39:19.744+0000] {dagbag.py:532} INFO - Filling up the DagBag from /home/airflow/.local/lib/python3.7/site-packages/airflow/example_dags/example_branch_datetime_operator.py
[2023-04-16T22:39:19.755+0000] {processor.py:753} INFO - DAG(s) dict_keys(['example_branch_datetime_operator', 'example_branch_datetime_operator_3', 'example_branch_datetime_operator_2']) retrieved from /home/airflow/.local/lib/python3.7/site-packages/airflow/example_dags/example_branch_datetime_operator.py
[2023-04-16T22:39:19.775+0000] {logging_mixin.py:137} INFO - [2023-04-16T22:39:19.775+0000] {dag.py:2705} INFO - Sync 3 DAGs
[2023-04-16T22:39:19.790+0000] {logging_mixin.py:137} INFO - [2023-04-16T22:39:19.790+0000] {dag.py:3456} INFO - Setting next_dagrun for example_branch_datetime_operator to 2023-04-15T00:00:00+00:00, run_after=2023-04-16T00:00:00+00:00
[2023-04-16T22:39:19.792+0000] {logging_mixin.py:137} INFO - [2023-04-16T22:39:19.792+0000] {dag.py:3456} INFO - Setting next_dagrun for example_branch_datetime_operator_2 to 2023-04-15T00:00:00+00:00, run_after=2023-04-16T00:00:00+00:00
[2023-04-16T22:39:19.794+0000] {logging_mixin.py:137} INFO - [2023-04-16T22:39:19.794+0000] {dag.py:3456} INFO - Setting next_dagrun for example_branch_datetime_operator_3 to 2023-04-15T00:00:00+00:00, run_after=2023-04-16T00:00:00+00:00
[2023-04-16T22:39:19.802+0000] {processor.py:175} INFO - Processing /home/airflow/.local/lib/python3.7/site-packages/airflow/example_dags/example_branch_datetime_operator.py took 0.063 seconds
[2023-04-16T22:39:50.207+0000] {processor.py:153} INFO - Started process (PID=36370) to work on /home/airflow/.local/lib/python3.7/site-packages/airflow/example_dags/example_branch_datetime_operator.py
[2023-04-16T22:39:50.208+0000] {processor.py:743} INFO - Processing file /home/airflow/.local/lib/python3.7/site-packages/airflow/example_dags/example_branch_datetime_operator.py for tasks to queue
[2023-04-16T22:39:50.209+0000] {logging_mixin.py:137} INFO - [2023-04-16T22:39:50.209+0000] {dagbag.py:532} INFO - Filling up the DagBag from /home/airflow/.local/lib/python3.7/site-packages/airflow/example_dags/example_branch_datetime_operator.py
[2023-04-16T22:39:50.221+0000] {processor.py:753} INFO - DAG(s) dict_keys(['example_branch_datetime_operator_3', 'example_branch_datetime_operator_2', 'example_branch_datetime_operator']) retrieved from /home/airflow/.local/lib/python3.7/site-packages/airflow/example_dags/example_branch_datetime_operator.py
[2023-04-16T22:39:50.242+0000] {logging_mixin.py:137} INFO - [2023-04-16T22:39:50.242+0000] {dag.py:2705} INFO - Sync 3 DAGs
[2023-04-16T22:39:50.257+0000] {logging_mixin.py:137} INFO - [2023-04-16T22:39:50.257+0000] {dag.py:3456} INFO - Setting next_dagrun for example_branch_datetime_operator to 2023-04-15T00:00:00+00:00, run_after=2023-04-16T00:00:00+00:00
[2023-04-16T22:39:50.260+0000] {logging_mixin.py:137} INFO - [2023-04-16T22:39:50.260+0000] {dag.py:3456} INFO - Setting next_dagrun for example_branch_datetime_operator_2 to 2023-04-15T00:00:00+00:00, run_after=2023-04-16T00:00:00+00:00
[2023-04-16T22:39:50.261+0000] {logging_mixin.py:137} INFO - [2023-04-16T22:39:50.261+0000] {dag.py:3456} INFO - Setting next_dagrun for example_branch_datetime_operator_3 to 2023-04-15T00:00:00+00:00, run_after=2023-04-16T00:00:00+00:00
[2023-04-16T22:39:50.270+0000] {processor.py:175} INFO - Processing /home/airflow/.local/lib/python3.7/site-packages/airflow/example_dags/example_branch_datetime_operator.py took 0.066 seconds
