[2023-04-16T00:33:37.553+0000] {processor.py:153} INFO - Started process (PID=34904) to work on /home/airflow/.local/lib/python3.7/site-packages/airflow/example_dags/example_xcomargs.py
[2023-04-16T00:33:37.554+0000] {processor.py:743} INFO - Processing file /home/airflow/.local/lib/python3.7/site-packages/airflow/example_dags/example_xcomargs.py for tasks to queue
[2023-04-16T00:33:37.554+0000] {logging_mixin.py:137} INFO - [2023-04-16T00:33:37.554+0000] {dagbag.py:532} INFO - Filling up the DagBag from /home/airflow/.local/lib/python3.7/site-packages/airflow/example_dags/example_xcomargs.py
[2023-04-16T00:33:37.572+0000] {processor.py:753} INFO - DAG(s) dict_keys(['example_xcom_args', 'example_xcom_args_with_operators']) retrieved from /home/airflow/.local/lib/python3.7/site-packages/airflow/example_dags/example_xcomargs.py
[2023-04-16T00:33:37.591+0000] {logging_mixin.py:137} INFO - [2023-04-16T00:33:37.591+0000] {dag.py:2705} INFO - Sync 2 DAGs
[2023-04-16T00:33:37.606+0000] {logging_mixin.py:137} INFO - [2023-04-16T00:33:37.606+0000] {dag.py:3456} INFO - Setting next_dagrun for example_xcom_args to None, run_after=None
[2023-04-16T00:33:37.608+0000] {logging_mixin.py:137} INFO - [2023-04-16T00:33:37.608+0000] {dag.py:3456} INFO - Setting next_dagrun for example_xcom_args_with_operators to None, run_after=None
[2023-04-16T00:33:37.617+0000] {processor.py:175} INFO - Processing /home/airflow/.local/lib/python3.7/site-packages/airflow/example_dags/example_xcomargs.py took 0.067 seconds
[2023-04-16T01:42:57.341+0000] {processor.py:153} INFO - Started process (PID=34957) to work on /home/airflow/.local/lib/python3.7/site-packages/airflow/example_dags/example_xcomargs.py
[2023-04-16T01:42:57.342+0000] {processor.py:743} INFO - Processing file /home/airflow/.local/lib/python3.7/site-packages/airflow/example_dags/example_xcomargs.py for tasks to queue
[2023-04-16T01:42:57.343+0000] {logging_mixin.py:137} INFO - [2023-04-16T01:42:57.343+0000] {dagbag.py:532} INFO - Filling up the DagBag from /home/airflow/.local/lib/python3.7/site-packages/airflow/example_dags/example_xcomargs.py
[2023-04-16T01:42:57.361+0000] {processor.py:753} INFO - DAG(s) dict_keys(['example_xcom_args', 'example_xcom_args_with_operators']) retrieved from /home/airflow/.local/lib/python3.7/site-packages/airflow/example_dags/example_xcomargs.py
[2023-04-16T01:42:57.381+0000] {logging_mixin.py:137} INFO - [2023-04-16T01:42:57.381+0000] {dag.py:2705} INFO - Sync 2 DAGs
[2023-04-16T01:42:57.397+0000] {logging_mixin.py:137} INFO - [2023-04-16T01:42:57.396+0000] {dag.py:3456} INFO - Setting next_dagrun for example_xcom_args to None, run_after=None
[2023-04-16T01:42:57.399+0000] {logging_mixin.py:137} INFO - [2023-04-16T01:42:57.399+0000] {dag.py:3456} INFO - Setting next_dagrun for example_xcom_args_with_operators to None, run_after=None
[2023-04-16T01:42:57.408+0000] {processor.py:175} INFO - Processing /home/airflow/.local/lib/python3.7/site-packages/airflow/example_dags/example_xcomargs.py took 0.069 seconds
[2023-04-16T02:49:26.192+0000] {processor.py:153} INFO - Started process (PID=35010) to work on /home/airflow/.local/lib/python3.7/site-packages/airflow/example_dags/example_xcomargs.py
[2023-04-16T02:49:26.193+0000] {processor.py:743} INFO - Processing file /home/airflow/.local/lib/python3.7/site-packages/airflow/example_dags/example_xcomargs.py for tasks to queue
[2023-04-16T02:49:26.194+0000] {logging_mixin.py:137} INFO - [2023-04-16T02:49:26.194+0000] {dagbag.py:532} INFO - Filling up the DagBag from /home/airflow/.local/lib/python3.7/site-packages/airflow/example_dags/example_xcomargs.py
[2023-04-16T02:49:26.213+0000] {processor.py:753} INFO - DAG(s) dict_keys(['example_xcom_args', 'example_xcom_args_with_operators']) retrieved from /home/airflow/.local/lib/python3.7/site-packages/airflow/example_dags/example_xcomargs.py
[2023-04-16T02:49:26.236+0000] {logging_mixin.py:137} INFO - [2023-04-16T02:49:26.236+0000] {dag.py:2705} INFO - Sync 2 DAGs
[2023-04-16T02:49:26.252+0000] {logging_mixin.py:137} INFO - [2023-04-16T02:49:26.252+0000] {dag.py:3456} INFO - Setting next_dagrun for example_xcom_args to None, run_after=None
[2023-04-16T02:49:26.255+0000] {logging_mixin.py:137} INFO - [2023-04-16T02:49:26.255+0000] {dag.py:3456} INFO - Setting next_dagrun for example_xcom_args_with_operators to None, run_after=None
[2023-04-16T02:49:26.264+0000] {processor.py:175} INFO - Processing /home/airflow/.local/lib/python3.7/site-packages/airflow/example_dags/example_xcomargs.py took 0.074 seconds
[2023-04-16T03:56:32.126+0000] {processor.py:153} INFO - Started process (PID=35064) to work on /home/airflow/.local/lib/python3.7/site-packages/airflow/example_dags/example_xcomargs.py
[2023-04-16T03:56:32.128+0000] {processor.py:743} INFO - Processing file /home/airflow/.local/lib/python3.7/site-packages/airflow/example_dags/example_xcomargs.py for tasks to queue
[2023-04-16T03:56:32.130+0000] {logging_mixin.py:137} INFO - [2023-04-16T03:56:32.129+0000] {dagbag.py:532} INFO - Filling up the DagBag from /home/airflow/.local/lib/python3.7/site-packages/airflow/example_dags/example_xcomargs.py
[2023-04-16T03:56:32.157+0000] {processor.py:753} INFO - DAG(s) dict_keys(['example_xcom_args', 'example_xcom_args_with_operators']) retrieved from /home/airflow/.local/lib/python3.7/site-packages/airflow/example_dags/example_xcomargs.py
[2023-04-16T03:56:32.179+0000] {logging_mixin.py:137} INFO - [2023-04-16T03:56:32.179+0000] {dag.py:2705} INFO - Sync 2 DAGs
[2023-04-16T03:56:32.196+0000] {logging_mixin.py:137} INFO - [2023-04-16T03:56:32.196+0000] {dag.py:3456} INFO - Setting next_dagrun for example_xcom_args to None, run_after=None
[2023-04-16T03:56:32.199+0000] {logging_mixin.py:137} INFO - [2023-04-16T03:56:32.199+0000] {dag.py:3456} INFO - Setting next_dagrun for example_xcom_args_with_operators to None, run_after=None
[2023-04-16T03:56:32.210+0000] {processor.py:175} INFO - Processing /home/airflow/.local/lib/python3.7/site-packages/airflow/example_dags/example_xcomargs.py took 0.086 seconds
[2023-04-16T04:57:15.524+0000] {processor.py:153} INFO - Started process (PID=35117) to work on /home/airflow/.local/lib/python3.7/site-packages/airflow/example_dags/example_xcomargs.py
[2023-04-16T04:57:15.525+0000] {processor.py:743} INFO - Processing file /home/airflow/.local/lib/python3.7/site-packages/airflow/example_dags/example_xcomargs.py for tasks to queue
[2023-04-16T04:57:15.526+0000] {logging_mixin.py:137} INFO - [2023-04-16T04:57:15.526+0000] {dagbag.py:532} INFO - Filling up the DagBag from /home/airflow/.local/lib/python3.7/site-packages/airflow/example_dags/example_xcomargs.py
[2023-04-16T04:57:15.542+0000] {processor.py:753} INFO - DAG(s) dict_keys(['example_xcom_args_with_operators', 'example_xcom_args']) retrieved from /home/airflow/.local/lib/python3.7/site-packages/airflow/example_dags/example_xcomargs.py
[2023-04-16T04:57:15.562+0000] {logging_mixin.py:137} INFO - [2023-04-16T04:57:15.562+0000] {dag.py:2705} INFO - Sync 2 DAGs
[2023-04-16T04:57:15.578+0000] {logging_mixin.py:137} INFO - [2023-04-16T04:57:15.578+0000] {dag.py:3456} INFO - Setting next_dagrun for example_xcom_args to None, run_after=None
[2023-04-16T04:57:15.580+0000] {logging_mixin.py:137} INFO - [2023-04-16T04:57:15.580+0000] {dag.py:3456} INFO - Setting next_dagrun for example_xcom_args_with_operators to None, run_after=None
[2023-04-16T04:57:15.589+0000] {processor.py:175} INFO - Processing /home/airflow/.local/lib/python3.7/site-packages/airflow/example_dags/example_xcomargs.py took 0.067 seconds
[2023-04-16T04:57:45.948+0000] {processor.py:153} INFO - Started process (PID=35169) to work on /home/airflow/.local/lib/python3.7/site-packages/airflow/example_dags/example_xcomargs.py
[2023-04-16T04:57:45.949+0000] {processor.py:743} INFO - Processing file /home/airflow/.local/lib/python3.7/site-packages/airflow/example_dags/example_xcomargs.py for tasks to queue
[2023-04-16T04:57:45.949+0000] {logging_mixin.py:137} INFO - [2023-04-16T04:57:45.949+0000] {dagbag.py:532} INFO - Filling up the DagBag from /home/airflow/.local/lib/python3.7/site-packages/airflow/example_dags/example_xcomargs.py
[2023-04-16T04:57:45.965+0000] {processor.py:753} INFO - DAG(s) dict_keys(['example_xcom_args', 'example_xcom_args_with_operators']) retrieved from /home/airflow/.local/lib/python3.7/site-packages/airflow/example_dags/example_xcomargs.py
[2023-04-16T04:57:45.985+0000] {logging_mixin.py:137} INFO - [2023-04-16T04:57:45.985+0000] {dag.py:2705} INFO - Sync 2 DAGs
[2023-04-16T04:57:45.999+0000] {logging_mixin.py:137} INFO - [2023-04-16T04:57:45.999+0000] {dag.py:3456} INFO - Setting next_dagrun for example_xcom_args to None, run_after=None
[2023-04-16T04:57:46.001+0000] {logging_mixin.py:137} INFO - [2023-04-16T04:57:46.001+0000] {dag.py:3456} INFO - Setting next_dagrun for example_xcom_args_with_operators to None, run_after=None
[2023-04-16T04:57:46.010+0000] {processor.py:175} INFO - Processing /home/airflow/.local/lib/python3.7/site-packages/airflow/example_dags/example_xcomargs.py took 0.065 seconds
[2023-04-16T06:01:54.554+0000] {processor.py:153} INFO - Started process (PID=35222) to work on /home/airflow/.local/lib/python3.7/site-packages/airflow/example_dags/example_xcomargs.py
[2023-04-16T06:01:54.555+0000] {processor.py:743} INFO - Processing file /home/airflow/.local/lib/python3.7/site-packages/airflow/example_dags/example_xcomargs.py for tasks to queue
[2023-04-16T06:01:54.555+0000] {logging_mixin.py:137} INFO - [2023-04-16T06:01:54.555+0000] {dagbag.py:532} INFO - Filling up the DagBag from /home/airflow/.local/lib/python3.7/site-packages/airflow/example_dags/example_xcomargs.py
[2023-04-16T06:01:54.571+0000] {processor.py:753} INFO - DAG(s) dict_keys(['example_xcom_args', 'example_xcom_args_with_operators']) retrieved from /home/airflow/.local/lib/python3.7/site-packages/airflow/example_dags/example_xcomargs.py
[2023-04-16T06:01:54.591+0000] {logging_mixin.py:137} INFO - [2023-04-16T06:01:54.591+0000] {dag.py:2705} INFO - Sync 2 DAGs
[2023-04-16T06:01:54.605+0000] {logging_mixin.py:137} INFO - [2023-04-16T06:01:54.605+0000] {dag.py:3456} INFO - Setting next_dagrun for example_xcom_args to None, run_after=None
[2023-04-16T06:01:54.607+0000] {logging_mixin.py:137} INFO - [2023-04-16T06:01:54.607+0000] {dag.py:3456} INFO - Setting next_dagrun for example_xcom_args_with_operators to None, run_after=None
[2023-04-16T06:01:54.615+0000] {processor.py:175} INFO - Processing /home/airflow/.local/lib/python3.7/site-packages/airflow/example_dags/example_xcomargs.py took 0.064 seconds
[2023-04-16T06:13:26.362+0000] {processor.py:153} INFO - Started process (PID=35275) to work on /home/airflow/.local/lib/python3.7/site-packages/airflow/example_dags/example_xcomargs.py
[2023-04-16T06:13:26.363+0000] {processor.py:743} INFO - Processing file /home/airflow/.local/lib/python3.7/site-packages/airflow/example_dags/example_xcomargs.py for tasks to queue
[2023-04-16T06:13:26.364+0000] {logging_mixin.py:137} INFO - [2023-04-16T06:13:26.363+0000] {dagbag.py:532} INFO - Filling up the DagBag from /home/airflow/.local/lib/python3.7/site-packages/airflow/example_dags/example_xcomargs.py
[2023-04-16T06:13:26.380+0000] {processor.py:753} INFO - DAG(s) dict_keys(['example_xcom_args', 'example_xcom_args_with_operators']) retrieved from /home/airflow/.local/lib/python3.7/site-packages/airflow/example_dags/example_xcomargs.py
[2023-04-16T06:13:26.401+0000] {logging_mixin.py:137} INFO - [2023-04-16T06:13:26.401+0000] {dag.py:2705} INFO - Sync 2 DAGs
[2023-04-16T06:13:26.415+0000] {logging_mixin.py:137} INFO - [2023-04-16T06:13:26.415+0000] {dag.py:3456} INFO - Setting next_dagrun for example_xcom_args to None, run_after=None
[2023-04-16T06:13:26.418+0000] {logging_mixin.py:137} INFO - [2023-04-16T06:13:26.418+0000] {dag.py:3456} INFO - Setting next_dagrun for example_xcom_args_with_operators to None, run_after=None
[2023-04-16T06:13:26.426+0000] {processor.py:175} INFO - Processing /home/airflow/.local/lib/python3.7/site-packages/airflow/example_dags/example_xcomargs.py took 0.068 seconds
[2023-04-16T06:29:19.958+0000] {processor.py:153} INFO - Started process (PID=35328) to work on /home/airflow/.local/lib/python3.7/site-packages/airflow/example_dags/example_xcomargs.py
[2023-04-16T06:29:19.960+0000] {processor.py:743} INFO - Processing file /home/airflow/.local/lib/python3.7/site-packages/airflow/example_dags/example_xcomargs.py for tasks to queue
[2023-04-16T06:29:19.960+0000] {logging_mixin.py:137} INFO - [2023-04-16T06:29:19.960+0000] {dagbag.py:532} INFO - Filling up the DagBag from /home/airflow/.local/lib/python3.7/site-packages/airflow/example_dags/example_xcomargs.py
[2023-04-16T06:29:19.976+0000] {processor.py:753} INFO - DAG(s) dict_keys(['example_xcom_args_with_operators', 'example_xcom_args']) retrieved from /home/airflow/.local/lib/python3.7/site-packages/airflow/example_dags/example_xcomargs.py
[2023-04-16T06:29:19.998+0000] {logging_mixin.py:137} INFO - [2023-04-16T06:29:19.998+0000] {dag.py:2705} INFO - Sync 2 DAGs
[2023-04-16T06:29:20.012+0000] {logging_mixin.py:137} INFO - [2023-04-16T06:29:20.012+0000] {dag.py:3456} INFO - Setting next_dagrun for example_xcom_args to None, run_after=None
[2023-04-16T06:29:20.014+0000] {logging_mixin.py:137} INFO - [2023-04-16T06:29:20.014+0000] {dag.py:3456} INFO - Setting next_dagrun for example_xcom_args_with_operators to None, run_after=None
[2023-04-16T06:29:20.022+0000] {processor.py:175} INFO - Processing /home/airflow/.local/lib/python3.7/site-packages/airflow/example_dags/example_xcomargs.py took 0.067 seconds
[2023-04-16T07:31:26.065+0000] {processor.py:153} INFO - Started process (PID=35381) to work on /home/airflow/.local/lib/python3.7/site-packages/airflow/example_dags/example_xcomargs.py
[2023-04-16T07:31:26.065+0000] {processor.py:743} INFO - Processing file /home/airflow/.local/lib/python3.7/site-packages/airflow/example_dags/example_xcomargs.py for tasks to queue
[2023-04-16T07:31:26.066+0000] {logging_mixin.py:137} INFO - [2023-04-16T07:31:26.066+0000] {dagbag.py:532} INFO - Filling up the DagBag from /home/airflow/.local/lib/python3.7/site-packages/airflow/example_dags/example_xcomargs.py
[2023-04-16T07:31:26.082+0000] {processor.py:753} INFO - DAG(s) dict_keys(['example_xcom_args_with_operators', 'example_xcom_args']) retrieved from /home/airflow/.local/lib/python3.7/site-packages/airflow/example_dags/example_xcomargs.py
[2023-04-16T07:31:26.101+0000] {logging_mixin.py:137} INFO - [2023-04-16T07:31:26.101+0000] {dag.py:2705} INFO - Sync 2 DAGs
[2023-04-16T07:31:26.115+0000] {logging_mixin.py:137} INFO - [2023-04-16T07:31:26.115+0000] {dag.py:3456} INFO - Setting next_dagrun for example_xcom_args to None, run_after=None
[2023-04-16T07:31:26.117+0000] {logging_mixin.py:137} INFO - [2023-04-16T07:31:26.117+0000] {dag.py:3456} INFO - Setting next_dagrun for example_xcom_args_with_operators to None, run_after=None
[2023-04-16T07:31:26.129+0000] {processor.py:175} INFO - Processing /home/airflow/.local/lib/python3.7/site-packages/airflow/example_dags/example_xcomargs.py took 0.067 seconds
[2023-04-16T08:50:12.638+0000] {processor.py:153} INFO - Started process (PID=35434) to work on /home/airflow/.local/lib/python3.7/site-packages/airflow/example_dags/example_xcomargs.py
[2023-04-16T08:50:12.641+0000] {processor.py:743} INFO - Processing file /home/airflow/.local/lib/python3.7/site-packages/airflow/example_dags/example_xcomargs.py for tasks to queue
[2023-04-16T08:50:12.641+0000] {logging_mixin.py:137} INFO - [2023-04-16T08:50:12.641+0000] {dagbag.py:532} INFO - Filling up the DagBag from /home/airflow/.local/lib/python3.7/site-packages/airflow/example_dags/example_xcomargs.py
[2023-04-16T08:50:12.657+0000] {processor.py:753} INFO - DAG(s) dict_keys(['example_xcom_args_with_operators', 'example_xcom_args']) retrieved from /home/airflow/.local/lib/python3.7/site-packages/airflow/example_dags/example_xcomargs.py
[2023-04-16T08:50:12.678+0000] {logging_mixin.py:137} INFO - [2023-04-16T08:50:12.678+0000] {dag.py:2705} INFO - Sync 2 DAGs
[2023-04-16T08:50:12.696+0000] {logging_mixin.py:137} INFO - [2023-04-16T08:50:12.696+0000] {dag.py:3456} INFO - Setting next_dagrun for example_xcom_args to None, run_after=None
[2023-04-16T08:50:12.698+0000] {logging_mixin.py:137} INFO - [2023-04-16T08:50:12.698+0000] {dag.py:3456} INFO - Setting next_dagrun for example_xcom_args_with_operators to None, run_after=None
[2023-04-16T08:50:12.716+0000] {processor.py:175} INFO - Processing /home/airflow/.local/lib/python3.7/site-packages/airflow/example_dags/example_xcomargs.py took 0.081 seconds
[2023-04-16T09:55:50.502+0000] {processor.py:153} INFO - Started process (PID=35487) to work on /home/airflow/.local/lib/python3.7/site-packages/airflow/example_dags/example_xcomargs.py
[2023-04-16T09:55:50.503+0000] {processor.py:743} INFO - Processing file /home/airflow/.local/lib/python3.7/site-packages/airflow/example_dags/example_xcomargs.py for tasks to queue
[2023-04-16T09:55:50.504+0000] {logging_mixin.py:137} INFO - [2023-04-16T09:55:50.504+0000] {dagbag.py:532} INFO - Filling up the DagBag from /home/airflow/.local/lib/python3.7/site-packages/airflow/example_dags/example_xcomargs.py
[2023-04-16T09:55:50.526+0000] {processor.py:753} INFO - DAG(s) dict_keys(['example_xcom_args_with_operators', 'example_xcom_args']) retrieved from /home/airflow/.local/lib/python3.7/site-packages/airflow/example_dags/example_xcomargs.py
[2023-04-16T09:55:50.560+0000] {logging_mixin.py:137} INFO - [2023-04-16T09:55:50.560+0000] {dag.py:2705} INFO - Sync 2 DAGs
[2023-04-16T09:55:50.584+0000] {logging_mixin.py:137} INFO - [2023-04-16T09:55:50.584+0000] {dag.py:3456} INFO - Setting next_dagrun for example_xcom_args to None, run_after=None
[2023-04-16T09:55:50.587+0000] {logging_mixin.py:137} INFO - [2023-04-16T09:55:50.587+0000] {dag.py:3456} INFO - Setting next_dagrun for example_xcom_args_with_operators to None, run_after=None
[2023-04-16T09:55:50.607+0000] {processor.py:175} INFO - Processing /home/airflow/.local/lib/python3.7/site-packages/airflow/example_dags/example_xcomargs.py took 0.108 seconds
[2023-04-16T11:01:50.795+0000] {processor.py:153} INFO - Started process (PID=35541) to work on /home/airflow/.local/lib/python3.7/site-packages/airflow/example_dags/example_xcomargs.py
[2023-04-16T11:01:50.797+0000] {processor.py:743} INFO - Processing file /home/airflow/.local/lib/python3.7/site-packages/airflow/example_dags/example_xcomargs.py for tasks to queue
[2023-04-16T11:01:50.798+0000] {logging_mixin.py:137} INFO - [2023-04-16T11:01:50.798+0000] {dagbag.py:532} INFO - Filling up the DagBag from /home/airflow/.local/lib/python3.7/site-packages/airflow/example_dags/example_xcomargs.py
[2023-04-16T11:01:50.820+0000] {processor.py:753} INFO - DAG(s) dict_keys(['example_xcom_args_with_operators', 'example_xcom_args']) retrieved from /home/airflow/.local/lib/python3.7/site-packages/airflow/example_dags/example_xcomargs.py
[2023-04-16T11:01:50.849+0000] {logging_mixin.py:137} INFO - [2023-04-16T11:01:50.849+0000] {dag.py:2705} INFO - Sync 2 DAGs
[2023-04-16T11:01:50.865+0000] {logging_mixin.py:137} INFO - [2023-04-16T11:01:50.865+0000] {dag.py:3456} INFO - Setting next_dagrun for example_xcom_args to None, run_after=None
[2023-04-16T11:01:50.867+0000] {logging_mixin.py:137} INFO - [2023-04-16T11:01:50.867+0000] {dag.py:3456} INFO - Setting next_dagrun for example_xcom_args_with_operators to None, run_after=None
[2023-04-16T11:01:50.876+0000] {processor.py:175} INFO - Processing /home/airflow/.local/lib/python3.7/site-packages/airflow/example_dags/example_xcomargs.py took 0.084 seconds
[2023-04-16T12:25:15.060+0000] {processor.py:153} INFO - Started process (PID=35594) to work on /home/airflow/.local/lib/python3.7/site-packages/airflow/example_dags/example_xcomargs.py
[2023-04-16T12:25:15.061+0000] {processor.py:743} INFO - Processing file /home/airflow/.local/lib/python3.7/site-packages/airflow/example_dags/example_xcomargs.py for tasks to queue
[2023-04-16T12:25:15.063+0000] {logging_mixin.py:137} INFO - [2023-04-16T12:25:15.062+0000] {dagbag.py:532} INFO - Filling up the DagBag from /home/airflow/.local/lib/python3.7/site-packages/airflow/example_dags/example_xcomargs.py
[2023-04-16T12:25:15.084+0000] {processor.py:753} INFO - DAG(s) dict_keys(['example_xcom_args', 'example_xcom_args_with_operators']) retrieved from /home/airflow/.local/lib/python3.7/site-packages/airflow/example_dags/example_xcomargs.py
[2023-04-16T12:25:15.113+0000] {logging_mixin.py:137} INFO - [2023-04-16T12:25:15.113+0000] {dag.py:2705} INFO - Sync 2 DAGs
[2023-04-16T12:25:15.130+0000] {logging_mixin.py:137} INFO - [2023-04-16T12:25:15.130+0000] {dag.py:3456} INFO - Setting next_dagrun for example_xcom_args to None, run_after=None
[2023-04-16T12:25:15.132+0000] {logging_mixin.py:137} INFO - [2023-04-16T12:25:15.132+0000] {dag.py:3456} INFO - Setting next_dagrun for example_xcom_args_with_operators to None, run_after=None
[2023-04-16T12:25:15.143+0000] {processor.py:175} INFO - Processing /home/airflow/.local/lib/python3.7/site-packages/airflow/example_dags/example_xcomargs.py took 0.086 seconds
[2023-04-16T13:32:26.908+0000] {processor.py:153} INFO - Started process (PID=35647) to work on /home/airflow/.local/lib/python3.7/site-packages/airflow/example_dags/example_xcomargs.py
[2023-04-16T13:32:26.909+0000] {processor.py:743} INFO - Processing file /home/airflow/.local/lib/python3.7/site-packages/airflow/example_dags/example_xcomargs.py for tasks to queue
[2023-04-16T13:32:26.910+0000] {logging_mixin.py:137} INFO - [2023-04-16T13:32:26.910+0000] {dagbag.py:532} INFO - Filling up the DagBag from /home/airflow/.local/lib/python3.7/site-packages/airflow/example_dags/example_xcomargs.py
[2023-04-16T13:32:26.930+0000] {processor.py:753} INFO - DAG(s) dict_keys(['example_xcom_args', 'example_xcom_args_with_operators']) retrieved from /home/airflow/.local/lib/python3.7/site-packages/airflow/example_dags/example_xcomargs.py
[2023-04-16T13:32:26.961+0000] {logging_mixin.py:137} INFO - [2023-04-16T13:32:26.961+0000] {dag.py:2705} INFO - Sync 2 DAGs
[2023-04-16T13:32:26.981+0000] {logging_mixin.py:137} INFO - [2023-04-16T13:32:26.981+0000] {dag.py:3456} INFO - Setting next_dagrun for example_xcom_args to None, run_after=None
[2023-04-16T13:32:26.983+0000] {logging_mixin.py:137} INFO - [2023-04-16T13:32:26.983+0000] {dag.py:3456} INFO - Setting next_dagrun for example_xcom_args_with_operators to None, run_after=None
[2023-04-16T13:32:26.995+0000] {processor.py:175} INFO - Processing /home/airflow/.local/lib/python3.7/site-packages/airflow/example_dags/example_xcomargs.py took 0.090 seconds
[2023-04-16T14:26:08.754+0000] {processor.py:153} INFO - Started process (PID=35700) to work on /home/airflow/.local/lib/python3.7/site-packages/airflow/example_dags/example_xcomargs.py
[2023-04-16T14:26:08.755+0000] {processor.py:743} INFO - Processing file /home/airflow/.local/lib/python3.7/site-packages/airflow/example_dags/example_xcomargs.py for tasks to queue
[2023-04-16T14:26:08.756+0000] {logging_mixin.py:137} INFO - [2023-04-16T14:26:08.755+0000] {dagbag.py:532} INFO - Filling up the DagBag from /home/airflow/.local/lib/python3.7/site-packages/airflow/example_dags/example_xcomargs.py
[2023-04-16T14:26:08.778+0000] {processor.py:753} INFO - DAG(s) dict_keys(['example_xcom_args', 'example_xcom_args_with_operators']) retrieved from /home/airflow/.local/lib/python3.7/site-packages/airflow/example_dags/example_xcomargs.py
[2023-04-16T14:26:08.805+0000] {logging_mixin.py:137} INFO - [2023-04-16T14:26:08.805+0000] {dag.py:2705} INFO - Sync 2 DAGs
[2023-04-16T14:26:08.821+0000] {logging_mixin.py:137} INFO - [2023-04-16T14:26:08.821+0000] {dag.py:3456} INFO - Setting next_dagrun for example_xcom_args to None, run_after=None
[2023-04-16T14:26:08.824+0000] {logging_mixin.py:137} INFO - [2023-04-16T14:26:08.824+0000] {dag.py:3456} INFO - Setting next_dagrun for example_xcom_args_with_operators to None, run_after=None
[2023-04-16T14:26:08.834+0000] {processor.py:175} INFO - Processing /home/airflow/.local/lib/python3.7/site-packages/airflow/example_dags/example_xcomargs.py took 0.083 seconds
[2023-04-16T14:26:39.701+0000] {processor.py:153} INFO - Started process (PID=35753) to work on /home/airflow/.local/lib/python3.7/site-packages/airflow/example_dags/example_xcomargs.py
[2023-04-16T14:26:39.702+0000] {processor.py:743} INFO - Processing file /home/airflow/.local/lib/python3.7/site-packages/airflow/example_dags/example_xcomargs.py for tasks to queue
[2023-04-16T14:26:39.703+0000] {logging_mixin.py:137} INFO - [2023-04-16T14:26:39.702+0000] {dagbag.py:532} INFO - Filling up the DagBag from /home/airflow/.local/lib/python3.7/site-packages/airflow/example_dags/example_xcomargs.py
[2023-04-16T14:26:39.717+0000] {processor.py:753} INFO - DAG(s) dict_keys(['example_xcom_args', 'example_xcom_args_with_operators']) retrieved from /home/airflow/.local/lib/python3.7/site-packages/airflow/example_dags/example_xcomargs.py
[2023-04-16T14:26:39.736+0000] {logging_mixin.py:137} INFO - [2023-04-16T14:26:39.736+0000] {dag.py:2705} INFO - Sync 2 DAGs
[2023-04-16T14:26:39.749+0000] {logging_mixin.py:137} INFO - [2023-04-16T14:26:39.749+0000] {dag.py:3456} INFO - Setting next_dagrun for example_xcom_args to None, run_after=None
[2023-04-16T14:26:39.751+0000] {logging_mixin.py:137} INFO - [2023-04-16T14:26:39.751+0000] {dag.py:3456} INFO - Setting next_dagrun for example_xcom_args_with_operators to None, run_after=None
[2023-04-16T14:26:39.760+0000] {processor.py:175} INFO - Processing /home/airflow/.local/lib/python3.7/site-packages/airflow/example_dags/example_xcomargs.py took 0.062 seconds
[2023-04-16T15:14:35.768+0000] {processor.py:153} INFO - Started process (PID=35806) to work on /home/airflow/.local/lib/python3.7/site-packages/airflow/example_dags/example_xcomargs.py
[2023-04-16T15:14:35.769+0000] {processor.py:743} INFO - Processing file /home/airflow/.local/lib/python3.7/site-packages/airflow/example_dags/example_xcomargs.py for tasks to queue
[2023-04-16T15:14:35.770+0000] {logging_mixin.py:137} INFO - [2023-04-16T15:14:35.770+0000] {dagbag.py:532} INFO - Filling up the DagBag from /home/airflow/.local/lib/python3.7/site-packages/airflow/example_dags/example_xcomargs.py
[2023-04-16T15:14:35.789+0000] {processor.py:753} INFO - DAG(s) dict_keys(['example_xcom_args_with_operators', 'example_xcom_args']) retrieved from /home/airflow/.local/lib/python3.7/site-packages/airflow/example_dags/example_xcomargs.py
[2023-04-16T15:14:35.819+0000] {logging_mixin.py:137} INFO - [2023-04-16T15:14:35.819+0000] {dag.py:2705} INFO - Sync 2 DAGs
[2023-04-16T15:14:35.846+0000] {logging_mixin.py:137} INFO - [2023-04-16T15:14:35.846+0000] {dag.py:3456} INFO - Setting next_dagrun for example_xcom_args to None, run_after=None
[2023-04-16T15:14:35.850+0000] {logging_mixin.py:137} INFO - [2023-04-16T15:14:35.849+0000] {dag.py:3456} INFO - Setting next_dagrun for example_xcom_args_with_operators to None, run_after=None
[2023-04-16T15:14:35.866+0000] {processor.py:175} INFO - Processing /home/airflow/.local/lib/python3.7/site-packages/airflow/example_dags/example_xcomargs.py took 0.101 seconds
[2023-04-16T15:15:06.336+0000] {processor.py:153} INFO - Started process (PID=35859) to work on /home/airflow/.local/lib/python3.7/site-packages/airflow/example_dags/example_xcomargs.py
[2023-04-16T15:15:06.337+0000] {processor.py:743} INFO - Processing file /home/airflow/.local/lib/python3.7/site-packages/airflow/example_dags/example_xcomargs.py for tasks to queue
[2023-04-16T15:15:06.337+0000] {logging_mixin.py:137} INFO - [2023-04-16T15:15:06.337+0000] {dagbag.py:532} INFO - Filling up the DagBag from /home/airflow/.local/lib/python3.7/site-packages/airflow/example_dags/example_xcomargs.py
[2023-04-16T15:15:06.352+0000] {processor.py:753} INFO - DAG(s) dict_keys(['example_xcom_args_with_operators', 'example_xcom_args']) retrieved from /home/airflow/.local/lib/python3.7/site-packages/airflow/example_dags/example_xcomargs.py
[2023-04-16T15:15:06.372+0000] {logging_mixin.py:137} INFO - [2023-04-16T15:15:06.372+0000] {dag.py:2705} INFO - Sync 2 DAGs
[2023-04-16T15:15:06.385+0000] {logging_mixin.py:137} INFO - [2023-04-16T15:15:06.385+0000] {dag.py:3456} INFO - Setting next_dagrun for example_xcom_args to None, run_after=None
[2023-04-16T15:15:06.387+0000] {logging_mixin.py:137} INFO - [2023-04-16T15:15:06.387+0000] {dag.py:3456} INFO - Setting next_dagrun for example_xcom_args_with_operators to None, run_after=None
[2023-04-16T15:15:06.396+0000] {processor.py:175} INFO - Processing /home/airflow/.local/lib/python3.7/site-packages/airflow/example_dags/example_xcomargs.py took 0.063 seconds
[2023-04-16T16:03:33.403+0000] {processor.py:153} INFO - Started process (PID=35912) to work on /home/airflow/.local/lib/python3.7/site-packages/airflow/example_dags/example_xcomargs.py
[2023-04-16T16:03:33.404+0000] {processor.py:743} INFO - Processing file /home/airflow/.local/lib/python3.7/site-packages/airflow/example_dags/example_xcomargs.py for tasks to queue
[2023-04-16T16:03:33.405+0000] {logging_mixin.py:137} INFO - [2023-04-16T16:03:33.405+0000] {dagbag.py:532} INFO - Filling up the DagBag from /home/airflow/.local/lib/python3.7/site-packages/airflow/example_dags/example_xcomargs.py
[2023-04-16T16:03:33.421+0000] {processor.py:753} INFO - DAG(s) dict_keys(['example_xcom_args_with_operators', 'example_xcom_args']) retrieved from /home/airflow/.local/lib/python3.7/site-packages/airflow/example_dags/example_xcomargs.py
[2023-04-16T16:03:33.439+0000] {logging_mixin.py:137} INFO - [2023-04-16T16:03:33.439+0000] {dag.py:2705} INFO - Sync 2 DAGs
[2023-04-16T16:03:33.454+0000] {logging_mixin.py:137} INFO - [2023-04-16T16:03:33.454+0000] {dag.py:3456} INFO - Setting next_dagrun for example_xcom_args to None, run_after=None
[2023-04-16T16:03:33.456+0000] {logging_mixin.py:137} INFO - [2023-04-16T16:03:33.456+0000] {dag.py:3456} INFO - Setting next_dagrun for example_xcom_args_with_operators to None, run_after=None
[2023-04-16T16:03:33.464+0000] {processor.py:175} INFO - Processing /home/airflow/.local/lib/python3.7/site-packages/airflow/example_dags/example_xcomargs.py took 0.063 seconds
[2023-04-16T17:09:34.248+0000] {processor.py:153} INFO - Started process (PID=35965) to work on /home/airflow/.local/lib/python3.7/site-packages/airflow/example_dags/example_xcomargs.py
[2023-04-16T17:09:34.249+0000] {processor.py:743} INFO - Processing file /home/airflow/.local/lib/python3.7/site-packages/airflow/example_dags/example_xcomargs.py for tasks to queue
[2023-04-16T17:09:34.250+0000] {logging_mixin.py:137} INFO - [2023-04-16T17:09:34.249+0000] {dagbag.py:532} INFO - Filling up the DagBag from /home/airflow/.local/lib/python3.7/site-packages/airflow/example_dags/example_xcomargs.py
[2023-04-16T17:09:34.265+0000] {processor.py:753} INFO - DAG(s) dict_keys(['example_xcom_args', 'example_xcom_args_with_operators']) retrieved from /home/airflow/.local/lib/python3.7/site-packages/airflow/example_dags/example_xcomargs.py
[2023-04-16T17:09:34.284+0000] {logging_mixin.py:137} INFO - [2023-04-16T17:09:34.284+0000] {dag.py:2705} INFO - Sync 2 DAGs
[2023-04-16T17:09:34.299+0000] {logging_mixin.py:137} INFO - [2023-04-16T17:09:34.299+0000] {dag.py:3456} INFO - Setting next_dagrun for example_xcom_args to None, run_after=None
[2023-04-16T17:09:34.302+0000] {logging_mixin.py:137} INFO - [2023-04-16T17:09:34.302+0000] {dag.py:3456} INFO - Setting next_dagrun for example_xcom_args_with_operators to None, run_after=None
[2023-04-16T17:09:34.310+0000] {processor.py:175} INFO - Processing /home/airflow/.local/lib/python3.7/site-packages/airflow/example_dags/example_xcomargs.py took 0.065 seconds
[2023-04-16T18:32:25.731+0000] {processor.py:153} INFO - Started process (PID=36018) to work on /home/airflow/.local/lib/python3.7/site-packages/airflow/example_dags/example_xcomargs.py
[2023-04-16T18:32:25.732+0000] {processor.py:743} INFO - Processing file /home/airflow/.local/lib/python3.7/site-packages/airflow/example_dags/example_xcomargs.py for tasks to queue
[2023-04-16T18:32:25.732+0000] {logging_mixin.py:137} INFO - [2023-04-16T18:32:25.732+0000] {dagbag.py:532} INFO - Filling up the DagBag from /home/airflow/.local/lib/python3.7/site-packages/airflow/example_dags/example_xcomargs.py
[2023-04-16T18:32:25.749+0000] {processor.py:753} INFO - DAG(s) dict_keys(['example_xcom_args_with_operators', 'example_xcom_args']) retrieved from /home/airflow/.local/lib/python3.7/site-packages/airflow/example_dags/example_xcomargs.py
[2023-04-16T18:32:25.769+0000] {logging_mixin.py:137} INFO - [2023-04-16T18:32:25.769+0000] {dag.py:2705} INFO - Sync 2 DAGs
[2023-04-16T18:32:25.783+0000] {logging_mixin.py:137} INFO - [2023-04-16T18:32:25.783+0000] {dag.py:3456} INFO - Setting next_dagrun for example_xcom_args to None, run_after=None
[2023-04-16T18:32:25.786+0000] {logging_mixin.py:137} INFO - [2023-04-16T18:32:25.786+0000] {dag.py:3456} INFO - Setting next_dagrun for example_xcom_args_with_operators to None, run_after=None
[2023-04-16T18:32:25.795+0000] {processor.py:175} INFO - Processing /home/airflow/.local/lib/python3.7/site-packages/airflow/example_dags/example_xcomargs.py took 0.067 seconds
[2023-04-16T19:39:50.543+0000] {processor.py:153} INFO - Started process (PID=36071) to work on /home/airflow/.local/lib/python3.7/site-packages/airflow/example_dags/example_xcomargs.py
[2023-04-16T19:39:50.545+0000] {processor.py:743} INFO - Processing file /home/airflow/.local/lib/python3.7/site-packages/airflow/example_dags/example_xcomargs.py for tasks to queue
[2023-04-16T19:39:50.546+0000] {logging_mixin.py:137} INFO - [2023-04-16T19:39:50.546+0000] {dagbag.py:532} INFO - Filling up the DagBag from /home/airflow/.local/lib/python3.7/site-packages/airflow/example_dags/example_xcomargs.py
[2023-04-16T19:39:50.566+0000] {processor.py:753} INFO - DAG(s) dict_keys(['example_xcom_args_with_operators', 'example_xcom_args']) retrieved from /home/airflow/.local/lib/python3.7/site-packages/airflow/example_dags/example_xcomargs.py
[2023-04-16T19:39:50.587+0000] {logging_mixin.py:137} INFO - [2023-04-16T19:39:50.587+0000] {dag.py:2705} INFO - Sync 2 DAGs
[2023-04-16T19:39:50.603+0000] {logging_mixin.py:137} INFO - [2023-04-16T19:39:50.603+0000] {dag.py:3456} INFO - Setting next_dagrun for example_xcom_args to None, run_after=None
[2023-04-16T19:39:50.605+0000] {logging_mixin.py:137} INFO - [2023-04-16T19:39:50.605+0000] {dag.py:3456} INFO - Setting next_dagrun for example_xcom_args_with_operators to None, run_after=None
[2023-04-16T19:39:50.615+0000] {processor.py:175} INFO - Processing /home/airflow/.local/lib/python3.7/site-packages/airflow/example_dags/example_xcomargs.py took 0.075 seconds
[2023-04-16T20:45:00.431+0000] {processor.py:153} INFO - Started process (PID=36124) to work on /home/airflow/.local/lib/python3.7/site-packages/airflow/example_dags/example_xcomargs.py
[2023-04-16T20:45:00.432+0000] {processor.py:743} INFO - Processing file /home/airflow/.local/lib/python3.7/site-packages/airflow/example_dags/example_xcomargs.py for tasks to queue
[2023-04-16T20:45:00.433+0000] {logging_mixin.py:137} INFO - [2023-04-16T20:45:00.433+0000] {dagbag.py:532} INFO - Filling up the DagBag from /home/airflow/.local/lib/python3.7/site-packages/airflow/example_dags/example_xcomargs.py
[2023-04-16T20:45:00.449+0000] {processor.py:753} INFO - DAG(s) dict_keys(['example_xcom_args_with_operators', 'example_xcom_args']) retrieved from /home/airflow/.local/lib/python3.7/site-packages/airflow/example_dags/example_xcomargs.py
[2023-04-16T20:45:00.470+0000] {logging_mixin.py:137} INFO - [2023-04-16T20:45:00.470+0000] {dag.py:2705} INFO - Sync 2 DAGs
[2023-04-16T20:45:00.487+0000] {logging_mixin.py:137} INFO - [2023-04-16T20:45:00.487+0000] {dag.py:3456} INFO - Setting next_dagrun for example_xcom_args to None, run_after=None
[2023-04-16T20:45:00.489+0000] {logging_mixin.py:137} INFO - [2023-04-16T20:45:00.489+0000] {dag.py:3456} INFO - Setting next_dagrun for example_xcom_args_with_operators to None, run_after=None
[2023-04-16T20:45:00.498+0000] {processor.py:175} INFO - Processing /home/airflow/.local/lib/python3.7/site-packages/airflow/example_dags/example_xcomargs.py took 0.069 seconds
[2023-04-16T21:52:26.074+0000] {processor.py:153} INFO - Started process (PID=36177) to work on /home/airflow/.local/lib/python3.7/site-packages/airflow/example_dags/example_xcomargs.py
[2023-04-16T21:52:26.075+0000] {processor.py:743} INFO - Processing file /home/airflow/.local/lib/python3.7/site-packages/airflow/example_dags/example_xcomargs.py for tasks to queue
[2023-04-16T21:52:26.075+0000] {logging_mixin.py:137} INFO - [2023-04-16T21:52:26.075+0000] {dagbag.py:532} INFO - Filling up the DagBag from /home/airflow/.local/lib/python3.7/site-packages/airflow/example_dags/example_xcomargs.py
[2023-04-16T21:52:26.092+0000] {processor.py:753} INFO - DAG(s) dict_keys(['example_xcom_args_with_operators', 'example_xcom_args']) retrieved from /home/airflow/.local/lib/python3.7/site-packages/airflow/example_dags/example_xcomargs.py
[2023-04-16T21:52:26.112+0000] {logging_mixin.py:137} INFO - [2023-04-16T21:52:26.112+0000] {dag.py:2705} INFO - Sync 2 DAGs
[2023-04-16T21:52:26.126+0000] {logging_mixin.py:137} INFO - [2023-04-16T21:52:26.126+0000] {dag.py:3456} INFO - Setting next_dagrun for example_xcom_args to None, run_after=None
[2023-04-16T21:52:26.128+0000] {logging_mixin.py:137} INFO - [2023-04-16T21:52:26.128+0000] {dag.py:3456} INFO - Setting next_dagrun for example_xcom_args_with_operators to None, run_after=None
[2023-04-16T21:52:26.136+0000] {processor.py:175} INFO - Processing /home/airflow/.local/lib/python3.7/site-packages/airflow/example_dags/example_xcomargs.py took 0.065 seconds
[2023-04-16T22:18:55.903+0000] {processor.py:153} INFO - Started process (PID=36230) to work on /home/airflow/.local/lib/python3.7/site-packages/airflow/example_dags/example_xcomargs.py
[2023-04-16T22:18:55.905+0000] {processor.py:743} INFO - Processing file /home/airflow/.local/lib/python3.7/site-packages/airflow/example_dags/example_xcomargs.py for tasks to queue
[2023-04-16T22:18:55.906+0000] {logging_mixin.py:137} INFO - [2023-04-16T22:18:55.906+0000] {dagbag.py:532} INFO - Filling up the DagBag from /home/airflow/.local/lib/python3.7/site-packages/airflow/example_dags/example_xcomargs.py
[2023-04-16T22:18:55.921+0000] {processor.py:753} INFO - DAG(s) dict_keys(['example_xcom_args_with_operators', 'example_xcom_args']) retrieved from /home/airflow/.local/lib/python3.7/site-packages/airflow/example_dags/example_xcomargs.py
[2023-04-16T22:18:55.941+0000] {logging_mixin.py:137} INFO - [2023-04-16T22:18:55.941+0000] {dag.py:2705} INFO - Sync 2 DAGs
[2023-04-16T22:18:55.958+0000] {logging_mixin.py:137} INFO - [2023-04-16T22:18:55.958+0000] {dag.py:3456} INFO - Setting next_dagrun for example_xcom_args to None, run_after=None
[2023-04-16T22:18:55.960+0000] {logging_mixin.py:137} INFO - [2023-04-16T22:18:55.960+0000] {dag.py:3456} INFO - Setting next_dagrun for example_xcom_args_with_operators to None, run_after=None
[2023-04-16T22:18:55.969+0000] {processor.py:175} INFO - Processing /home/airflow/.local/lib/python3.7/site-packages/airflow/example_dags/example_xcomargs.py took 0.068 seconds
[2023-04-16T22:19:26.341+0000] {processor.py:153} INFO - Started process (PID=36283) to work on /home/airflow/.local/lib/python3.7/site-packages/airflow/example_dags/example_xcomargs.py
[2023-04-16T22:19:26.342+0000] {processor.py:743} INFO - Processing file /home/airflow/.local/lib/python3.7/site-packages/airflow/example_dags/example_xcomargs.py for tasks to queue
[2023-04-16T22:19:26.342+0000] {logging_mixin.py:137} INFO - [2023-04-16T22:19:26.342+0000] {dagbag.py:532} INFO - Filling up the DagBag from /home/airflow/.local/lib/python3.7/site-packages/airflow/example_dags/example_xcomargs.py
[2023-04-16T22:19:26.364+0000] {processor.py:753} INFO - DAG(s) dict_keys(['example_xcom_args_with_operators', 'example_xcom_args']) retrieved from /home/airflow/.local/lib/python3.7/site-packages/airflow/example_dags/example_xcomargs.py
[2023-04-16T22:19:26.386+0000] {logging_mixin.py:137} INFO - [2023-04-16T22:19:26.386+0000] {dag.py:2705} INFO - Sync 2 DAGs
[2023-04-16T22:19:26.402+0000] {logging_mixin.py:137} INFO - [2023-04-16T22:19:26.401+0000] {dag.py:3456} INFO - Setting next_dagrun for example_xcom_args to None, run_after=None
[2023-04-16T22:19:26.404+0000] {logging_mixin.py:137} INFO - [2023-04-16T22:19:26.404+0000] {dag.py:3456} INFO - Setting next_dagrun for example_xcom_args_with_operators to None, run_after=None
[2023-04-16T22:19:26.412+0000] {processor.py:175} INFO - Processing /home/airflow/.local/lib/python3.7/site-packages/airflow/example_dags/example_xcomargs.py took 0.075 seconds
[2023-04-16T22:39:20.631+0000] {processor.py:153} INFO - Started process (PID=36336) to work on /home/airflow/.local/lib/python3.7/site-packages/airflow/example_dags/example_xcomargs.py
[2023-04-16T22:39:20.633+0000] {processor.py:743} INFO - Processing file /home/airflow/.local/lib/python3.7/site-packages/airflow/example_dags/example_xcomargs.py for tasks to queue
[2023-04-16T22:39:20.633+0000] {logging_mixin.py:137} INFO - [2023-04-16T22:39:20.633+0000] {dagbag.py:532} INFO - Filling up the DagBag from /home/airflow/.local/lib/python3.7/site-packages/airflow/example_dags/example_xcomargs.py
[2023-04-16T22:39:20.649+0000] {processor.py:753} INFO - DAG(s) dict_keys(['example_xcom_args_with_operators', 'example_xcom_args']) retrieved from /home/airflow/.local/lib/python3.7/site-packages/airflow/example_dags/example_xcomargs.py
[2023-04-16T22:39:20.669+0000] {logging_mixin.py:137} INFO - [2023-04-16T22:39:20.669+0000] {dag.py:2705} INFO - Sync 2 DAGs
[2023-04-16T22:39:20.683+0000] {logging_mixin.py:137} INFO - [2023-04-16T22:39:20.683+0000] {dag.py:3456} INFO - Setting next_dagrun for example_xcom_args to None, run_after=None
[2023-04-16T22:39:20.685+0000] {logging_mixin.py:137} INFO - [2023-04-16T22:39:20.685+0000] {dag.py:3456} INFO - Setting next_dagrun for example_xcom_args_with_operators to None, run_after=None
[2023-04-16T22:39:20.693+0000] {processor.py:175} INFO - Processing /home/airflow/.local/lib/python3.7/site-packages/airflow/example_dags/example_xcomargs.py took 0.064 seconds
[2023-04-16T22:39:51.156+0000] {processor.py:153} INFO - Started process (PID=36389) to work on /home/airflow/.local/lib/python3.7/site-packages/airflow/example_dags/example_xcomargs.py
[2023-04-16T22:39:51.157+0000] {processor.py:743} INFO - Processing file /home/airflow/.local/lib/python3.7/site-packages/airflow/example_dags/example_xcomargs.py for tasks to queue
[2023-04-16T22:39:51.158+0000] {logging_mixin.py:137} INFO - [2023-04-16T22:39:51.158+0000] {dagbag.py:532} INFO - Filling up the DagBag from /home/airflow/.local/lib/python3.7/site-packages/airflow/example_dags/example_xcomargs.py
[2023-04-16T22:39:51.177+0000] {processor.py:753} INFO - DAG(s) dict_keys(['example_xcom_args_with_operators', 'example_xcom_args']) retrieved from /home/airflow/.local/lib/python3.7/site-packages/airflow/example_dags/example_xcomargs.py
[2023-04-16T22:39:51.202+0000] {logging_mixin.py:137} INFO - [2023-04-16T22:39:51.202+0000] {dag.py:2705} INFO - Sync 2 DAGs
[2023-04-16T22:39:51.218+0000] {logging_mixin.py:137} INFO - [2023-04-16T22:39:51.218+0000] {dag.py:3456} INFO - Setting next_dagrun for example_xcom_args to None, run_after=None
[2023-04-16T22:39:51.221+0000] {logging_mixin.py:137} INFO - [2023-04-16T22:39:51.220+0000] {dag.py:3456} INFO - Setting next_dagrun for example_xcom_args_with_operators to None, run_after=None
[2023-04-16T22:39:51.232+0000] {processor.py:175} INFO - Processing /home/airflow/.local/lib/python3.7/site-packages/airflow/example_dags/example_xcomargs.py took 0.079 seconds
