[2023-04-16T00:33:36.577+0000] {processor.py:153} INFO - Started process (PID=34883) to work on /home/airflow/.local/lib/python3.7/site-packages/airflow/example_dags/example_short_circuit_decorator.py
[2023-04-16T00:33:36.579+0000] {processor.py:743} INFO - Processing file /home/airflow/.local/lib/python3.7/site-packages/airflow/example_dags/example_short_circuit_decorator.py for tasks to queue
[2023-04-16T00:33:36.580+0000] {logging_mixin.py:137} INFO - [2023-04-16T00:33:36.580+0000] {dagbag.py:532} INFO - Filling up the DagBag from /home/airflow/.local/lib/python3.7/site-packages/airflow/example_dags/example_short_circuit_decorator.py
[2023-04-16T00:33:36.603+0000] {processor.py:753} INFO - DAG(s) dict_keys(['example_short_circuit_decorator']) retrieved from /home/airflow/.local/lib/python3.7/site-packages/airflow/example_dags/example_short_circuit_decorator.py
[2023-04-16T00:33:36.625+0000] {logging_mixin.py:137} INFO - [2023-04-16T00:33:36.625+0000] {dag.py:2705} INFO - Sync 1 DAGs
[2023-04-16T00:33:36.641+0000] {logging_mixin.py:137} INFO - [2023-04-16T00:33:36.641+0000] {dag.py:3456} INFO - Setting next_dagrun for example_short_circuit_decorator to 2023-04-15T00:33:36.640845+00:00, run_after=2023-04-16T00:33:36.640845+00:00
[2023-04-16T00:33:36.652+0000] {processor.py:175} INFO - Processing /home/airflow/.local/lib/python3.7/site-packages/airflow/example_dags/example_short_circuit_decorator.py took 0.078 seconds
[2023-04-16T01:42:56.406+0000] {processor.py:153} INFO - Started process (PID=34936) to work on /home/airflow/.local/lib/python3.7/site-packages/airflow/example_dags/example_short_circuit_decorator.py
[2023-04-16T01:42:56.407+0000] {processor.py:743} INFO - Processing file /home/airflow/.local/lib/python3.7/site-packages/airflow/example_dags/example_short_circuit_decorator.py for tasks to queue
[2023-04-16T01:42:56.408+0000] {logging_mixin.py:137} INFO - [2023-04-16T01:42:56.408+0000] {dagbag.py:532} INFO - Filling up the DagBag from /home/airflow/.local/lib/python3.7/site-packages/airflow/example_dags/example_short_circuit_decorator.py
[2023-04-16T01:42:56.424+0000] {processor.py:753} INFO - DAG(s) dict_keys(['example_short_circuit_decorator']) retrieved from /home/airflow/.local/lib/python3.7/site-packages/airflow/example_dags/example_short_circuit_decorator.py
[2023-04-16T01:42:56.443+0000] {logging_mixin.py:137} INFO - [2023-04-16T01:42:56.443+0000] {dag.py:2705} INFO - Sync 1 DAGs
[2023-04-16T01:42:56.459+0000] {logging_mixin.py:137} INFO - [2023-04-16T01:42:56.459+0000] {dag.py:3456} INFO - Setting next_dagrun for example_short_circuit_decorator to 2023-04-15T01:42:56.459250+00:00, run_after=2023-04-16T01:42:56.459250+00:00
[2023-04-16T01:42:56.469+0000] {processor.py:175} INFO - Processing /home/airflow/.local/lib/python3.7/site-packages/airflow/example_dags/example_short_circuit_decorator.py took 0.065 seconds
[2023-04-16T02:49:25.226+0000] {processor.py:153} INFO - Started process (PID=34989) to work on /home/airflow/.local/lib/python3.7/site-packages/airflow/example_dags/example_short_circuit_decorator.py
[2023-04-16T02:49:25.227+0000] {processor.py:743} INFO - Processing file /home/airflow/.local/lib/python3.7/site-packages/airflow/example_dags/example_short_circuit_decorator.py for tasks to queue
[2023-04-16T02:49:25.227+0000] {logging_mixin.py:137} INFO - [2023-04-16T02:49:25.227+0000] {dagbag.py:532} INFO - Filling up the DagBag from /home/airflow/.local/lib/python3.7/site-packages/airflow/example_dags/example_short_circuit_decorator.py
[2023-04-16T02:49:25.243+0000] {processor.py:753} INFO - DAG(s) dict_keys(['example_short_circuit_decorator']) retrieved from /home/airflow/.local/lib/python3.7/site-packages/airflow/example_dags/example_short_circuit_decorator.py
[2023-04-16T02:49:25.261+0000] {logging_mixin.py:137} INFO - [2023-04-16T02:49:25.261+0000] {dag.py:2705} INFO - Sync 1 DAGs
[2023-04-16T02:49:25.274+0000] {logging_mixin.py:137} INFO - [2023-04-16T02:49:25.274+0000] {dag.py:3456} INFO - Setting next_dagrun for example_short_circuit_decorator to 2023-04-15T02:49:25.274228+00:00, run_after=2023-04-16T02:49:25.274228+00:00
[2023-04-16T02:49:25.284+0000] {processor.py:175} INFO - Processing /home/airflow/.local/lib/python3.7/site-packages/airflow/example_dags/example_short_circuit_decorator.py took 0.061 seconds
[2023-04-16T03:56:31.039+0000] {processor.py:153} INFO - Started process (PID=35043) to work on /home/airflow/.local/lib/python3.7/site-packages/airflow/example_dags/example_short_circuit_decorator.py
[2023-04-16T03:56:31.041+0000] {processor.py:743} INFO - Processing file /home/airflow/.local/lib/python3.7/site-packages/airflow/example_dags/example_short_circuit_decorator.py for tasks to queue
[2023-04-16T03:56:31.041+0000] {logging_mixin.py:137} INFO - [2023-04-16T03:56:31.041+0000] {dagbag.py:532} INFO - Filling up the DagBag from /home/airflow/.local/lib/python3.7/site-packages/airflow/example_dags/example_short_circuit_decorator.py
[2023-04-16T03:56:31.059+0000] {processor.py:753} INFO - DAG(s) dict_keys(['example_short_circuit_decorator']) retrieved from /home/airflow/.local/lib/python3.7/site-packages/airflow/example_dags/example_short_circuit_decorator.py
[2023-04-16T03:56:31.081+0000] {logging_mixin.py:137} INFO - [2023-04-16T03:56:31.081+0000] {dag.py:2705} INFO - Sync 1 DAGs
[2023-04-16T03:56:31.097+0000] {logging_mixin.py:137} INFO - [2023-04-16T03:56:31.097+0000] {dag.py:3456} INFO - Setting next_dagrun for example_short_circuit_decorator to 2023-04-15T03:56:31.096943+00:00, run_after=2023-04-16T03:56:31.096943+00:00
[2023-04-16T03:56:31.108+0000] {processor.py:175} INFO - Processing /home/airflow/.local/lib/python3.7/site-packages/airflow/example_dags/example_short_circuit_decorator.py took 0.071 seconds
[2023-04-16T04:57:14.521+0000] {processor.py:153} INFO - Started process (PID=35096) to work on /home/airflow/.local/lib/python3.7/site-packages/airflow/example_dags/example_short_circuit_decorator.py
[2023-04-16T04:57:14.522+0000] {processor.py:743} INFO - Processing file /home/airflow/.local/lib/python3.7/site-packages/airflow/example_dags/example_short_circuit_decorator.py for tasks to queue
[2023-04-16T04:57:14.523+0000] {logging_mixin.py:137} INFO - [2023-04-16T04:57:14.523+0000] {dagbag.py:532} INFO - Filling up the DagBag from /home/airflow/.local/lib/python3.7/site-packages/airflow/example_dags/example_short_circuit_decorator.py
[2023-04-16T04:57:14.541+0000] {processor.py:753} INFO - DAG(s) dict_keys(['example_short_circuit_decorator']) retrieved from /home/airflow/.local/lib/python3.7/site-packages/airflow/example_dags/example_short_circuit_decorator.py
[2023-04-16T04:57:14.560+0000] {logging_mixin.py:137} INFO - [2023-04-16T04:57:14.560+0000] {dag.py:2705} INFO - Sync 1 DAGs
[2023-04-16T04:57:14.575+0000] {logging_mixin.py:137} INFO - [2023-04-16T04:57:14.575+0000] {dag.py:3456} INFO - Setting next_dagrun for example_short_circuit_decorator to 2023-04-15T04:57:14.574863+00:00, run_after=2023-04-16T04:57:14.574863+00:00
[2023-04-16T04:57:14.584+0000] {processor.py:175} INFO - Processing /home/airflow/.local/lib/python3.7/site-packages/airflow/example_dags/example_short_circuit_decorator.py took 0.066 seconds
[2023-04-16T04:57:45.042+0000] {processor.py:153} INFO - Started process (PID=35148) to work on /home/airflow/.local/lib/python3.7/site-packages/airflow/example_dags/example_short_circuit_decorator.py
[2023-04-16T04:57:45.043+0000] {processor.py:743} INFO - Processing file /home/airflow/.local/lib/python3.7/site-packages/airflow/example_dags/example_short_circuit_decorator.py for tasks to queue
[2023-04-16T04:57:45.043+0000] {logging_mixin.py:137} INFO - [2023-04-16T04:57:45.043+0000] {dagbag.py:532} INFO - Filling up the DagBag from /home/airflow/.local/lib/python3.7/site-packages/airflow/example_dags/example_short_circuit_decorator.py
[2023-04-16T04:57:45.059+0000] {processor.py:753} INFO - DAG(s) dict_keys(['example_short_circuit_decorator']) retrieved from /home/airflow/.local/lib/python3.7/site-packages/airflow/example_dags/example_short_circuit_decorator.py
[2023-04-16T04:57:45.077+0000] {logging_mixin.py:137} INFO - [2023-04-16T04:57:45.077+0000] {dag.py:2705} INFO - Sync 1 DAGs
[2023-04-16T04:57:45.091+0000] {logging_mixin.py:137} INFO - [2023-04-16T04:57:45.091+0000] {dag.py:3456} INFO - Setting next_dagrun for example_short_circuit_decorator to 2023-04-15T04:57:45.091430+00:00, run_after=2023-04-16T04:57:45.091430+00:00
[2023-04-16T04:57:45.100+0000] {processor.py:175} INFO - Processing /home/airflow/.local/lib/python3.7/site-packages/airflow/example_dags/example_short_circuit_decorator.py took 0.061 seconds
[2023-04-16T06:01:53.448+0000] {processor.py:153} INFO - Started process (PID=35201) to work on /home/airflow/.local/lib/python3.7/site-packages/airflow/example_dags/example_short_circuit_decorator.py
[2023-04-16T06:01:53.460+0000] {processor.py:743} INFO - Processing file /home/airflow/.local/lib/python3.7/site-packages/airflow/example_dags/example_short_circuit_decorator.py for tasks to queue
[2023-04-16T06:01:53.498+0000] {logging_mixin.py:137} INFO - [2023-04-16T06:01:53.497+0000] {dagbag.py:532} INFO - Filling up the DagBag from /home/airflow/.local/lib/python3.7/site-packages/airflow/example_dags/example_short_circuit_decorator.py
[2023-04-16T06:01:53.546+0000] {processor.py:753} INFO - DAG(s) dict_keys(['example_short_circuit_decorator']) retrieved from /home/airflow/.local/lib/python3.7/site-packages/airflow/example_dags/example_short_circuit_decorator.py
[2023-04-16T06:01:53.575+0000] {logging_mixin.py:137} INFO - [2023-04-16T06:01:53.575+0000] {dag.py:2705} INFO - Sync 1 DAGs
[2023-04-16T06:01:53.592+0000] {logging_mixin.py:137} INFO - [2023-04-16T06:01:53.591+0000] {dag.py:3456} INFO - Setting next_dagrun for example_short_circuit_decorator to 2023-04-15T06:01:53.591665+00:00, run_after=2023-04-16T06:01:53.591665+00:00
[2023-04-16T06:01:53.602+0000] {processor.py:175} INFO - Processing /home/airflow/.local/lib/python3.7/site-packages/airflow/example_dags/example_short_circuit_decorator.py took 0.158 seconds
[2023-04-16T06:13:25.449+0000] {processor.py:153} INFO - Started process (PID=35254) to work on /home/airflow/.local/lib/python3.7/site-packages/airflow/example_dags/example_short_circuit_decorator.py
[2023-04-16T06:13:25.450+0000] {processor.py:743} INFO - Processing file /home/airflow/.local/lib/python3.7/site-packages/airflow/example_dags/example_short_circuit_decorator.py for tasks to queue
[2023-04-16T06:13:25.451+0000] {logging_mixin.py:137} INFO - [2023-04-16T06:13:25.451+0000] {dagbag.py:532} INFO - Filling up the DagBag from /home/airflow/.local/lib/python3.7/site-packages/airflow/example_dags/example_short_circuit_decorator.py
[2023-04-16T06:13:25.468+0000] {processor.py:753} INFO - DAG(s) dict_keys(['example_short_circuit_decorator']) retrieved from /home/airflow/.local/lib/python3.7/site-packages/airflow/example_dags/example_short_circuit_decorator.py
[2023-04-16T06:13:25.491+0000] {logging_mixin.py:137} INFO - [2023-04-16T06:13:25.491+0000] {dag.py:2705} INFO - Sync 1 DAGs
[2023-04-16T06:13:25.506+0000] {logging_mixin.py:137} INFO - [2023-04-16T06:13:25.506+0000] {dag.py:3456} INFO - Setting next_dagrun for example_short_circuit_decorator to 2023-04-15T06:13:25.506703+00:00, run_after=2023-04-16T06:13:25.506703+00:00
[2023-04-16T06:13:25.517+0000] {processor.py:175} INFO - Processing /home/airflow/.local/lib/python3.7/site-packages/airflow/example_dags/example_short_circuit_decorator.py took 0.070 seconds
[2023-04-16T06:29:19.068+0000] {processor.py:153} INFO - Started process (PID=35307) to work on /home/airflow/.local/lib/python3.7/site-packages/airflow/example_dags/example_short_circuit_decorator.py
[2023-04-16T06:29:19.070+0000] {processor.py:743} INFO - Processing file /home/airflow/.local/lib/python3.7/site-packages/airflow/example_dags/example_short_circuit_decorator.py for tasks to queue
[2023-04-16T06:29:19.070+0000] {logging_mixin.py:137} INFO - [2023-04-16T06:29:19.070+0000] {dagbag.py:532} INFO - Filling up the DagBag from /home/airflow/.local/lib/python3.7/site-packages/airflow/example_dags/example_short_circuit_decorator.py
[2023-04-16T06:29:19.087+0000] {processor.py:753} INFO - DAG(s) dict_keys(['example_short_circuit_decorator']) retrieved from /home/airflow/.local/lib/python3.7/site-packages/airflow/example_dags/example_short_circuit_decorator.py
[2023-04-16T06:29:19.109+0000] {logging_mixin.py:137} INFO - [2023-04-16T06:29:19.109+0000] {dag.py:2705} INFO - Sync 1 DAGs
[2023-04-16T06:29:19.136+0000] {logging_mixin.py:137} INFO - [2023-04-16T06:29:19.136+0000] {dag.py:3456} INFO - Setting next_dagrun for example_short_circuit_decorator to 2023-04-15T06:29:19.135840+00:00, run_after=2023-04-16T06:29:19.135840+00:00
[2023-04-16T06:29:19.147+0000] {processor.py:175} INFO - Processing /home/airflow/.local/lib/python3.7/site-packages/airflow/example_dags/example_short_circuit_decorator.py took 0.081 seconds
[2023-04-16T07:31:25.125+0000] {processor.py:153} INFO - Started process (PID=35360) to work on /home/airflow/.local/lib/python3.7/site-packages/airflow/example_dags/example_short_circuit_decorator.py
[2023-04-16T07:31:25.126+0000] {processor.py:743} INFO - Processing file /home/airflow/.local/lib/python3.7/site-packages/airflow/example_dags/example_short_circuit_decorator.py for tasks to queue
[2023-04-16T07:31:25.126+0000] {logging_mixin.py:137} INFO - [2023-04-16T07:31:25.126+0000] {dagbag.py:532} INFO - Filling up the DagBag from /home/airflow/.local/lib/python3.7/site-packages/airflow/example_dags/example_short_circuit_decorator.py
[2023-04-16T07:31:25.143+0000] {processor.py:753} INFO - DAG(s) dict_keys(['example_short_circuit_decorator']) retrieved from /home/airflow/.local/lib/python3.7/site-packages/airflow/example_dags/example_short_circuit_decorator.py
[2023-04-16T07:31:25.162+0000] {logging_mixin.py:137} INFO - [2023-04-16T07:31:25.162+0000] {dag.py:2705} INFO - Sync 1 DAGs
[2023-04-16T07:31:25.176+0000] {logging_mixin.py:137} INFO - [2023-04-16T07:31:25.176+0000] {dag.py:3456} INFO - Setting next_dagrun for example_short_circuit_decorator to 2023-04-15T07:31:25.176479+00:00, run_after=2023-04-16T07:31:25.176479+00:00
[2023-04-16T07:31:25.186+0000] {processor.py:175} INFO - Processing /home/airflow/.local/lib/python3.7/site-packages/airflow/example_dags/example_short_circuit_decorator.py took 0.064 seconds
[2023-04-16T08:50:11.646+0000] {processor.py:153} INFO - Started process (PID=35413) to work on /home/airflow/.local/lib/python3.7/site-packages/airflow/example_dags/example_short_circuit_decorator.py
[2023-04-16T08:50:11.647+0000] {processor.py:743} INFO - Processing file /home/airflow/.local/lib/python3.7/site-packages/airflow/example_dags/example_short_circuit_decorator.py for tasks to queue
[2023-04-16T08:50:11.648+0000] {logging_mixin.py:137} INFO - [2023-04-16T08:50:11.648+0000] {dagbag.py:532} INFO - Filling up the DagBag from /home/airflow/.local/lib/python3.7/site-packages/airflow/example_dags/example_short_circuit_decorator.py
[2023-04-16T08:50:11.663+0000] {processor.py:753} INFO - DAG(s) dict_keys(['example_short_circuit_decorator']) retrieved from /home/airflow/.local/lib/python3.7/site-packages/airflow/example_dags/example_short_circuit_decorator.py
[2023-04-16T08:50:11.681+0000] {logging_mixin.py:137} INFO - [2023-04-16T08:50:11.681+0000] {dag.py:2705} INFO - Sync 1 DAGs
[2023-04-16T08:50:11.695+0000] {logging_mixin.py:137} INFO - [2023-04-16T08:50:11.695+0000] {dag.py:3456} INFO - Setting next_dagrun for example_short_circuit_decorator to 2023-04-15T08:50:11.694943+00:00, run_after=2023-04-16T08:50:11.694943+00:00
[2023-04-16T08:50:11.704+0000] {processor.py:175} INFO - Processing /home/airflow/.local/lib/python3.7/site-packages/airflow/example_dags/example_short_circuit_decorator.py took 0.060 seconds
[2023-04-16T09:55:48.865+0000] {processor.py:153} INFO - Started process (PID=35466) to work on /home/airflow/.local/lib/python3.7/site-packages/airflow/example_dags/example_short_circuit_decorator.py
[2023-04-16T09:55:48.866+0000] {processor.py:743} INFO - Processing file /home/airflow/.local/lib/python3.7/site-packages/airflow/example_dags/example_short_circuit_decorator.py for tasks to queue
[2023-04-16T09:55:48.867+0000] {logging_mixin.py:137} INFO - [2023-04-16T09:55:48.867+0000] {dagbag.py:532} INFO - Filling up the DagBag from /home/airflow/.local/lib/python3.7/site-packages/airflow/example_dags/example_short_circuit_decorator.py
[2023-04-16T09:55:48.900+0000] {processor.py:753} INFO - DAG(s) dict_keys(['example_short_circuit_decorator']) retrieved from /home/airflow/.local/lib/python3.7/site-packages/airflow/example_dags/example_short_circuit_decorator.py
[2023-04-16T09:55:48.931+0000] {logging_mixin.py:137} INFO - [2023-04-16T09:55:48.931+0000] {dag.py:2705} INFO - Sync 1 DAGs
[2023-04-16T09:55:48.961+0000] {logging_mixin.py:137} INFO - [2023-04-16T09:55:48.961+0000] {dag.py:3456} INFO - Setting next_dagrun for example_short_circuit_decorator to 2023-04-15T09:55:48.960948+00:00, run_after=2023-04-16T09:55:48.960948+00:00
[2023-04-16T09:55:48.974+0000] {processor.py:175} INFO - Processing /home/airflow/.local/lib/python3.7/site-packages/airflow/example_dags/example_short_circuit_decorator.py took 0.112 seconds
[2023-04-16T11:01:49.797+0000] {processor.py:153} INFO - Started process (PID=35520) to work on /home/airflow/.local/lib/python3.7/site-packages/airflow/example_dags/example_short_circuit_decorator.py
[2023-04-16T11:01:49.798+0000] {processor.py:743} INFO - Processing file /home/airflow/.local/lib/python3.7/site-packages/airflow/example_dags/example_short_circuit_decorator.py for tasks to queue
[2023-04-16T11:01:49.801+0000] {logging_mixin.py:137} INFO - [2023-04-16T11:01:49.801+0000] {dagbag.py:532} INFO - Filling up the DagBag from /home/airflow/.local/lib/python3.7/site-packages/airflow/example_dags/example_short_circuit_decorator.py
[2023-04-16T11:01:49.819+0000] {processor.py:753} INFO - DAG(s) dict_keys(['example_short_circuit_decorator']) retrieved from /home/airflow/.local/lib/python3.7/site-packages/airflow/example_dags/example_short_circuit_decorator.py
[2023-04-16T11:01:49.844+0000] {logging_mixin.py:137} INFO - [2023-04-16T11:01:49.844+0000] {dag.py:2705} INFO - Sync 1 DAGs
[2023-04-16T11:01:49.859+0000] {logging_mixin.py:137} INFO - [2023-04-16T11:01:49.859+0000] {dag.py:3456} INFO - Setting next_dagrun for example_short_circuit_decorator to 2023-04-15T11:01:49.859600+00:00, run_after=2023-04-16T11:01:49.859600+00:00
[2023-04-16T11:01:49.870+0000] {processor.py:175} INFO - Processing /home/airflow/.local/lib/python3.7/site-packages/airflow/example_dags/example_short_circuit_decorator.py took 0.075 seconds
[2023-04-16T12:25:13.973+0000] {processor.py:153} INFO - Started process (PID=35573) to work on /home/airflow/.local/lib/python3.7/site-packages/airflow/example_dags/example_short_circuit_decorator.py
[2023-04-16T12:25:13.974+0000] {processor.py:743} INFO - Processing file /home/airflow/.local/lib/python3.7/site-packages/airflow/example_dags/example_short_circuit_decorator.py for tasks to queue
[2023-04-16T12:25:13.975+0000] {logging_mixin.py:137} INFO - [2023-04-16T12:25:13.975+0000] {dagbag.py:532} INFO - Filling up the DagBag from /home/airflow/.local/lib/python3.7/site-packages/airflow/example_dags/example_short_circuit_decorator.py
[2023-04-16T12:25:13.994+0000] {processor.py:753} INFO - DAG(s) dict_keys(['example_short_circuit_decorator']) retrieved from /home/airflow/.local/lib/python3.7/site-packages/airflow/example_dags/example_short_circuit_decorator.py
[2023-04-16T12:25:14.014+0000] {logging_mixin.py:137} INFO - [2023-04-16T12:25:14.014+0000] {dag.py:2705} INFO - Sync 1 DAGs
[2023-04-16T12:25:14.029+0000] {logging_mixin.py:137} INFO - [2023-04-16T12:25:14.029+0000] {dag.py:3456} INFO - Setting next_dagrun for example_short_circuit_decorator to 2023-04-15T12:25:14.029264+00:00, run_after=2023-04-16T12:25:14.029264+00:00
[2023-04-16T12:25:14.041+0000] {processor.py:175} INFO - Processing /home/airflow/.local/lib/python3.7/site-packages/airflow/example_dags/example_short_circuit_decorator.py took 0.070 seconds
[2023-04-16T13:32:25.810+0000] {processor.py:153} INFO - Started process (PID=35626) to work on /home/airflow/.local/lib/python3.7/site-packages/airflow/example_dags/example_short_circuit_decorator.py
[2023-04-16T13:32:25.812+0000] {processor.py:743} INFO - Processing file /home/airflow/.local/lib/python3.7/site-packages/airflow/example_dags/example_short_circuit_decorator.py for tasks to queue
[2023-04-16T13:32:25.813+0000] {logging_mixin.py:137} INFO - [2023-04-16T13:32:25.813+0000] {dagbag.py:532} INFO - Filling up the DagBag from /home/airflow/.local/lib/python3.7/site-packages/airflow/example_dags/example_short_circuit_decorator.py
[2023-04-16T13:32:25.835+0000] {processor.py:753} INFO - DAG(s) dict_keys(['example_short_circuit_decorator']) retrieved from /home/airflow/.local/lib/python3.7/site-packages/airflow/example_dags/example_short_circuit_decorator.py
[2023-04-16T13:32:25.857+0000] {logging_mixin.py:137} INFO - [2023-04-16T13:32:25.857+0000] {dag.py:2705} INFO - Sync 1 DAGs
[2023-04-16T13:32:25.874+0000] {logging_mixin.py:137} INFO - [2023-04-16T13:32:25.874+0000] {dag.py:3456} INFO - Setting next_dagrun for example_short_circuit_decorator to 2023-04-15T13:32:25.873935+00:00, run_after=2023-04-16T13:32:25.873935+00:00
[2023-04-16T13:32:25.885+0000] {processor.py:175} INFO - Processing /home/airflow/.local/lib/python3.7/site-packages/airflow/example_dags/example_short_circuit_decorator.py took 0.078 seconds
[2023-04-16T14:26:07.723+0000] {processor.py:153} INFO - Started process (PID=35679) to work on /home/airflow/.local/lib/python3.7/site-packages/airflow/example_dags/example_short_circuit_decorator.py
[2023-04-16T14:26:07.724+0000] {processor.py:743} INFO - Processing file /home/airflow/.local/lib/python3.7/site-packages/airflow/example_dags/example_short_circuit_decorator.py for tasks to queue
[2023-04-16T14:26:07.725+0000] {logging_mixin.py:137} INFO - [2023-04-16T14:26:07.725+0000] {dagbag.py:532} INFO - Filling up the DagBag from /home/airflow/.local/lib/python3.7/site-packages/airflow/example_dags/example_short_circuit_decorator.py
[2023-04-16T14:26:07.747+0000] {processor.py:753} INFO - DAG(s) dict_keys(['example_short_circuit_decorator']) retrieved from /home/airflow/.local/lib/python3.7/site-packages/airflow/example_dags/example_short_circuit_decorator.py
[2023-04-16T14:26:07.768+0000] {logging_mixin.py:137} INFO - [2023-04-16T14:26:07.768+0000] {dag.py:2705} INFO - Sync 1 DAGs
[2023-04-16T14:26:07.783+0000] {logging_mixin.py:137} INFO - [2023-04-16T14:26:07.783+0000] {dag.py:3456} INFO - Setting next_dagrun for example_short_circuit_decorator to 2023-04-15T14:26:07.783322+00:00, run_after=2023-04-16T14:26:07.783322+00:00
[2023-04-16T14:26:07.795+0000] {processor.py:175} INFO - Processing /home/airflow/.local/lib/python3.7/site-packages/airflow/example_dags/example_short_circuit_decorator.py took 0.076 seconds
[2023-04-16T14:26:38.589+0000] {processor.py:153} INFO - Started process (PID=35732) to work on /home/airflow/.local/lib/python3.7/site-packages/airflow/example_dags/example_short_circuit_decorator.py
[2023-04-16T14:26:38.590+0000] {processor.py:743} INFO - Processing file /home/airflow/.local/lib/python3.7/site-packages/airflow/example_dags/example_short_circuit_decorator.py for tasks to queue
[2023-04-16T14:26:38.591+0000] {logging_mixin.py:137} INFO - [2023-04-16T14:26:38.591+0000] {dagbag.py:532} INFO - Filling up the DagBag from /home/airflow/.local/lib/python3.7/site-packages/airflow/example_dags/example_short_circuit_decorator.py
[2023-04-16T14:26:38.611+0000] {processor.py:753} INFO - DAG(s) dict_keys(['example_short_circuit_decorator']) retrieved from /home/airflow/.local/lib/python3.7/site-packages/airflow/example_dags/example_short_circuit_decorator.py
[2023-04-16T14:26:38.630+0000] {logging_mixin.py:137} INFO - [2023-04-16T14:26:38.629+0000] {dag.py:2705} INFO - Sync 1 DAGs
[2023-04-16T14:26:38.645+0000] {logging_mixin.py:137} INFO - [2023-04-16T14:26:38.645+0000] {dag.py:3456} INFO - Setting next_dagrun for example_short_circuit_decorator to 2023-04-15T14:26:38.645418+00:00, run_after=2023-04-16T14:26:38.645418+00:00
[2023-04-16T14:26:38.656+0000] {processor.py:175} INFO - Processing /home/airflow/.local/lib/python3.7/site-packages/airflow/example_dags/example_short_circuit_decorator.py took 0.071 seconds
[2023-04-16T15:14:34.305+0000] {processor.py:153} INFO - Started process (PID=35785) to work on /home/airflow/.local/lib/python3.7/site-packages/airflow/example_dags/example_short_circuit_decorator.py
[2023-04-16T15:14:34.307+0000] {processor.py:743} INFO - Processing file /home/airflow/.local/lib/python3.7/site-packages/airflow/example_dags/example_short_circuit_decorator.py for tasks to queue
[2023-04-16T15:14:34.307+0000] {logging_mixin.py:137} INFO - [2023-04-16T15:14:34.307+0000] {dagbag.py:532} INFO - Filling up the DagBag from /home/airflow/.local/lib/python3.7/site-packages/airflow/example_dags/example_short_circuit_decorator.py
[2023-04-16T15:14:34.323+0000] {processor.py:753} INFO - DAG(s) dict_keys(['example_short_circuit_decorator']) retrieved from /home/airflow/.local/lib/python3.7/site-packages/airflow/example_dags/example_short_circuit_decorator.py
[2023-04-16T15:14:34.343+0000] {logging_mixin.py:137} INFO - [2023-04-16T15:14:34.343+0000] {dag.py:2705} INFO - Sync 1 DAGs
[2023-04-16T15:14:34.359+0000] {logging_mixin.py:137} INFO - [2023-04-16T15:14:34.358+0000] {dag.py:3456} INFO - Setting next_dagrun for example_short_circuit_decorator to 2023-04-15T15:14:34.358686+00:00, run_after=2023-04-16T15:14:34.358686+00:00
[2023-04-16T15:14:34.369+0000] {processor.py:175} INFO - Processing /home/airflow/.local/lib/python3.7/site-packages/airflow/example_dags/example_short_circuit_decorator.py took 0.068 seconds
[2023-04-16T15:15:05.303+0000] {processor.py:153} INFO - Started process (PID=35838) to work on /home/airflow/.local/lib/python3.7/site-packages/airflow/example_dags/example_short_circuit_decorator.py
[2023-04-16T15:15:05.304+0000] {processor.py:743} INFO - Processing file /home/airflow/.local/lib/python3.7/site-packages/airflow/example_dags/example_short_circuit_decorator.py for tasks to queue
[2023-04-16T15:15:05.305+0000] {logging_mixin.py:137} INFO - [2023-04-16T15:15:05.305+0000] {dagbag.py:532} INFO - Filling up the DagBag from /home/airflow/.local/lib/python3.7/site-packages/airflow/example_dags/example_short_circuit_decorator.py
[2023-04-16T15:15:05.319+0000] {processor.py:753} INFO - DAG(s) dict_keys(['example_short_circuit_decorator']) retrieved from /home/airflow/.local/lib/python3.7/site-packages/airflow/example_dags/example_short_circuit_decorator.py
[2023-04-16T15:15:05.338+0000] {logging_mixin.py:137} INFO - [2023-04-16T15:15:05.338+0000] {dag.py:2705} INFO - Sync 1 DAGs
[2023-04-16T15:15:05.351+0000] {logging_mixin.py:137} INFO - [2023-04-16T15:15:05.351+0000] {dag.py:3456} INFO - Setting next_dagrun for example_short_circuit_decorator to 2023-04-15T15:15:05.351153+00:00, run_after=2023-04-16T15:15:05.351153+00:00
[2023-04-16T15:15:05.360+0000] {processor.py:175} INFO - Processing /home/airflow/.local/lib/python3.7/site-packages/airflow/example_dags/example_short_circuit_decorator.py took 0.060 seconds
[2023-04-16T16:03:32.446+0000] {processor.py:153} INFO - Started process (PID=35891) to work on /home/airflow/.local/lib/python3.7/site-packages/airflow/example_dags/example_short_circuit_decorator.py
[2023-04-16T16:03:32.447+0000] {processor.py:743} INFO - Processing file /home/airflow/.local/lib/python3.7/site-packages/airflow/example_dags/example_short_circuit_decorator.py for tasks to queue
[2023-04-16T16:03:32.447+0000] {logging_mixin.py:137} INFO - [2023-04-16T16:03:32.447+0000] {dagbag.py:532} INFO - Filling up the DagBag from /home/airflow/.local/lib/python3.7/site-packages/airflow/example_dags/example_short_circuit_decorator.py
[2023-04-16T16:03:32.464+0000] {processor.py:753} INFO - DAG(s) dict_keys(['example_short_circuit_decorator']) retrieved from /home/airflow/.local/lib/python3.7/site-packages/airflow/example_dags/example_short_circuit_decorator.py
[2023-04-16T16:03:32.482+0000] {logging_mixin.py:137} INFO - [2023-04-16T16:03:32.482+0000] {dag.py:2705} INFO - Sync 1 DAGs
[2023-04-16T16:03:32.495+0000] {logging_mixin.py:137} INFO - [2023-04-16T16:03:32.495+0000] {dag.py:3456} INFO - Setting next_dagrun for example_short_circuit_decorator to 2023-04-15T16:03:32.495487+00:00, run_after=2023-04-16T16:03:32.495487+00:00
[2023-04-16T16:03:32.506+0000] {processor.py:175} INFO - Processing /home/airflow/.local/lib/python3.7/site-packages/airflow/example_dags/example_short_circuit_decorator.py took 0.063 seconds
[2023-04-16T17:09:33.287+0000] {processor.py:153} INFO - Started process (PID=35944) to work on /home/airflow/.local/lib/python3.7/site-packages/airflow/example_dags/example_short_circuit_decorator.py
[2023-04-16T17:09:33.288+0000] {processor.py:743} INFO - Processing file /home/airflow/.local/lib/python3.7/site-packages/airflow/example_dags/example_short_circuit_decorator.py for tasks to queue
[2023-04-16T17:09:33.289+0000] {logging_mixin.py:137} INFO - [2023-04-16T17:09:33.289+0000] {dagbag.py:532} INFO - Filling up the DagBag from /home/airflow/.local/lib/python3.7/site-packages/airflow/example_dags/example_short_circuit_decorator.py
[2023-04-16T17:09:33.307+0000] {processor.py:753} INFO - DAG(s) dict_keys(['example_short_circuit_decorator']) retrieved from /home/airflow/.local/lib/python3.7/site-packages/airflow/example_dags/example_short_circuit_decorator.py
[2023-04-16T17:09:33.325+0000] {logging_mixin.py:137} INFO - [2023-04-16T17:09:33.325+0000] {dag.py:2705} INFO - Sync 1 DAGs
[2023-04-16T17:09:33.339+0000] {logging_mixin.py:137} INFO - [2023-04-16T17:09:33.339+0000] {dag.py:3456} INFO - Setting next_dagrun for example_short_circuit_decorator to 2023-04-15T17:09:33.339664+00:00, run_after=2023-04-16T17:09:33.339664+00:00
[2023-04-16T17:09:33.349+0000] {processor.py:175} INFO - Processing /home/airflow/.local/lib/python3.7/site-packages/airflow/example_dags/example_short_circuit_decorator.py took 0.064 seconds
[2023-04-16T18:32:24.568+0000] {processor.py:153} INFO - Started process (PID=35997) to work on /home/airflow/.local/lib/python3.7/site-packages/airflow/example_dags/example_short_circuit_decorator.py
[2023-04-16T18:32:24.569+0000] {processor.py:743} INFO - Processing file /home/airflow/.local/lib/python3.7/site-packages/airflow/example_dags/example_short_circuit_decorator.py for tasks to queue
[2023-04-16T18:32:24.570+0000] {logging_mixin.py:137} INFO - [2023-04-16T18:32:24.570+0000] {dagbag.py:532} INFO - Filling up the DagBag from /home/airflow/.local/lib/python3.7/site-packages/airflow/example_dags/example_short_circuit_decorator.py
[2023-04-16T18:32:24.599+0000] {processor.py:753} INFO - DAG(s) dict_keys(['example_short_circuit_decorator']) retrieved from /home/airflow/.local/lib/python3.7/site-packages/airflow/example_dags/example_short_circuit_decorator.py
[2023-04-16T18:32:24.668+0000] {logging_mixin.py:137} INFO - [2023-04-16T18:32:24.668+0000] {dag.py:2705} INFO - Sync 1 DAGs
[2023-04-16T18:32:24.698+0000] {logging_mixin.py:137} INFO - [2023-04-16T18:32:24.698+0000] {dag.py:3456} INFO - Setting next_dagrun for example_short_circuit_decorator to 2023-04-15T18:32:24.697706+00:00, run_after=2023-04-16T18:32:24.697706+00:00
[2023-04-16T18:32:24.715+0000] {processor.py:175} INFO - Processing /home/airflow/.local/lib/python3.7/site-packages/airflow/example_dags/example_short_circuit_decorator.py took 0.152 seconds
[2023-04-16T19:39:49.435+0000] {processor.py:153} INFO - Started process (PID=36050) to work on /home/airflow/.local/lib/python3.7/site-packages/airflow/example_dags/example_short_circuit_decorator.py
[2023-04-16T19:39:49.436+0000] {processor.py:743} INFO - Processing file /home/airflow/.local/lib/python3.7/site-packages/airflow/example_dags/example_short_circuit_decorator.py for tasks to queue
[2023-04-16T19:39:49.436+0000] {logging_mixin.py:137} INFO - [2023-04-16T19:39:49.436+0000] {dagbag.py:532} INFO - Filling up the DagBag from /home/airflow/.local/lib/python3.7/site-packages/airflow/example_dags/example_short_circuit_decorator.py
[2023-04-16T19:39:49.451+0000] {processor.py:753} INFO - DAG(s) dict_keys(['example_short_circuit_decorator']) retrieved from /home/airflow/.local/lib/python3.7/site-packages/airflow/example_dags/example_short_circuit_decorator.py
[2023-04-16T19:39:49.470+0000] {logging_mixin.py:137} INFO - [2023-04-16T19:39:49.470+0000] {dag.py:2705} INFO - Sync 1 DAGs
[2023-04-16T19:39:49.485+0000] {logging_mixin.py:137} INFO - [2023-04-16T19:39:49.485+0000] {dag.py:3456} INFO - Setting next_dagrun for example_short_circuit_decorator to 2023-04-15T19:39:49.485174+00:00, run_after=2023-04-16T19:39:49.485174+00:00
[2023-04-16T19:39:49.496+0000] {processor.py:175} INFO - Processing /home/airflow/.local/lib/python3.7/site-packages/airflow/example_dags/example_short_circuit_decorator.py took 0.064 seconds
[2023-04-16T20:44:59.157+0000] {processor.py:153} INFO - Started process (PID=36103) to work on /home/airflow/.local/lib/python3.7/site-packages/airflow/example_dags/example_short_circuit_decorator.py
[2023-04-16T20:44:59.158+0000] {processor.py:743} INFO - Processing file /home/airflow/.local/lib/python3.7/site-packages/airflow/example_dags/example_short_circuit_decorator.py for tasks to queue
[2023-04-16T20:44:59.159+0000] {logging_mixin.py:137} INFO - [2023-04-16T20:44:59.159+0000] {dagbag.py:532} INFO - Filling up the DagBag from /home/airflow/.local/lib/python3.7/site-packages/airflow/example_dags/example_short_circuit_decorator.py
[2023-04-16T20:44:59.175+0000] {processor.py:753} INFO - DAG(s) dict_keys(['example_short_circuit_decorator']) retrieved from /home/airflow/.local/lib/python3.7/site-packages/airflow/example_dags/example_short_circuit_decorator.py
[2023-04-16T20:44:59.193+0000] {logging_mixin.py:137} INFO - [2023-04-16T20:44:59.193+0000] {dag.py:2705} INFO - Sync 1 DAGs
[2023-04-16T20:44:59.208+0000] {logging_mixin.py:137} INFO - [2023-04-16T20:44:59.208+0000] {dag.py:3456} INFO - Setting next_dagrun for example_short_circuit_decorator to 2023-04-15T20:44:59.208463+00:00, run_after=2023-04-16T20:44:59.208463+00:00
[2023-04-16T20:44:59.217+0000] {processor.py:175} INFO - Processing /home/airflow/.local/lib/python3.7/site-packages/airflow/example_dags/example_short_circuit_decorator.py took 0.063 seconds
[2023-04-16T21:52:25.101+0000] {processor.py:153} INFO - Started process (PID=36156) to work on /home/airflow/.local/lib/python3.7/site-packages/airflow/example_dags/example_short_circuit_decorator.py
[2023-04-16T21:52:25.102+0000] {processor.py:743} INFO - Processing file /home/airflow/.local/lib/python3.7/site-packages/airflow/example_dags/example_short_circuit_decorator.py for tasks to queue
[2023-04-16T21:52:25.103+0000] {logging_mixin.py:137} INFO - [2023-04-16T21:52:25.103+0000] {dagbag.py:532} INFO - Filling up the DagBag from /home/airflow/.local/lib/python3.7/site-packages/airflow/example_dags/example_short_circuit_decorator.py
[2023-04-16T21:52:25.119+0000] {processor.py:753} INFO - DAG(s) dict_keys(['example_short_circuit_decorator']) retrieved from /home/airflow/.local/lib/python3.7/site-packages/airflow/example_dags/example_short_circuit_decorator.py
[2023-04-16T21:52:25.137+0000] {logging_mixin.py:137} INFO - [2023-04-16T21:52:25.137+0000] {dag.py:2705} INFO - Sync 1 DAGs
[2023-04-16T21:52:25.150+0000] {logging_mixin.py:137} INFO - [2023-04-16T21:52:25.150+0000] {dag.py:3456} INFO - Setting next_dagrun for example_short_circuit_decorator to 2023-04-15T21:52:25.150572+00:00, run_after=2023-04-16T21:52:25.150572+00:00
[2023-04-16T21:52:25.160+0000] {processor.py:175} INFO - Processing /home/airflow/.local/lib/python3.7/site-packages/airflow/example_dags/example_short_circuit_decorator.py took 0.061 seconds
[2023-04-16T22:18:54.984+0000] {processor.py:153} INFO - Started process (PID=36209) to work on /home/airflow/.local/lib/python3.7/site-packages/airflow/example_dags/example_short_circuit_decorator.py
[2023-04-16T22:18:54.985+0000] {processor.py:743} INFO - Processing file /home/airflow/.local/lib/python3.7/site-packages/airflow/example_dags/example_short_circuit_decorator.py for tasks to queue
[2023-04-16T22:18:54.986+0000] {logging_mixin.py:137} INFO - [2023-04-16T22:18:54.986+0000] {dagbag.py:532} INFO - Filling up the DagBag from /home/airflow/.local/lib/python3.7/site-packages/airflow/example_dags/example_short_circuit_decorator.py
[2023-04-16T22:18:55.002+0000] {processor.py:753} INFO - DAG(s) dict_keys(['example_short_circuit_decorator']) retrieved from /home/airflow/.local/lib/python3.7/site-packages/airflow/example_dags/example_short_circuit_decorator.py
[2023-04-16T22:18:55.020+0000] {logging_mixin.py:137} INFO - [2023-04-16T22:18:55.020+0000] {dag.py:2705} INFO - Sync 1 DAGs
[2023-04-16T22:18:55.033+0000] {logging_mixin.py:137} INFO - [2023-04-16T22:18:55.033+0000] {dag.py:3456} INFO - Setting next_dagrun for example_short_circuit_decorator to 2023-04-15T22:18:55.033677+00:00, run_after=2023-04-16T22:18:55.033677+00:00
[2023-04-16T22:18:55.043+0000] {processor.py:175} INFO - Processing /home/airflow/.local/lib/python3.7/site-packages/airflow/example_dags/example_short_circuit_decorator.py took 0.062 seconds
[2023-04-16T22:19:25.481+0000] {processor.py:153} INFO - Started process (PID=36263) to work on /home/airflow/.local/lib/python3.7/site-packages/airflow/example_dags/example_short_circuit_decorator.py
[2023-04-16T22:19:25.482+0000] {processor.py:743} INFO - Processing file /home/airflow/.local/lib/python3.7/site-packages/airflow/example_dags/example_short_circuit_decorator.py for tasks to queue
[2023-04-16T22:19:25.483+0000] {logging_mixin.py:137} INFO - [2023-04-16T22:19:25.483+0000] {dagbag.py:532} INFO - Filling up the DagBag from /home/airflow/.local/lib/python3.7/site-packages/airflow/example_dags/example_short_circuit_decorator.py
[2023-04-16T22:19:25.498+0000] {processor.py:753} INFO - DAG(s) dict_keys(['example_short_circuit_decorator']) retrieved from /home/airflow/.local/lib/python3.7/site-packages/airflow/example_dags/example_short_circuit_decorator.py
[2023-04-16T22:19:25.517+0000] {logging_mixin.py:137} INFO - [2023-04-16T22:19:25.517+0000] {dag.py:2705} INFO - Sync 1 DAGs
[2023-04-16T22:19:25.531+0000] {logging_mixin.py:137} INFO - [2023-04-16T22:19:25.531+0000] {dag.py:3456} INFO - Setting next_dagrun for example_short_circuit_decorator to 2023-04-15T22:19:25.531553+00:00, run_after=2023-04-16T22:19:25.531553+00:00
[2023-04-16T22:19:25.541+0000] {processor.py:175} INFO - Processing /home/airflow/.local/lib/python3.7/site-packages/airflow/example_dags/example_short_circuit_decorator.py took 0.062 seconds
[2023-04-16T22:39:19.658+0000] {processor.py:153} INFO - Started process (PID=36315) to work on /home/airflow/.local/lib/python3.7/site-packages/airflow/example_dags/example_short_circuit_decorator.py
[2023-04-16T22:39:19.659+0000] {processor.py:743} INFO - Processing file /home/airflow/.local/lib/python3.7/site-packages/airflow/example_dags/example_short_circuit_decorator.py for tasks to queue
[2023-04-16T22:39:19.660+0000] {logging_mixin.py:137} INFO - [2023-04-16T22:39:19.660+0000] {dagbag.py:532} INFO - Filling up the DagBag from /home/airflow/.local/lib/python3.7/site-packages/airflow/example_dags/example_short_circuit_decorator.py
[2023-04-16T22:39:19.676+0000] {processor.py:753} INFO - DAG(s) dict_keys(['example_short_circuit_decorator']) retrieved from /home/airflow/.local/lib/python3.7/site-packages/airflow/example_dags/example_short_circuit_decorator.py
[2023-04-16T22:39:19.700+0000] {logging_mixin.py:137} INFO - [2023-04-16T22:39:19.700+0000] {dag.py:2705} INFO - Sync 1 DAGs
[2023-04-16T22:39:19.714+0000] {logging_mixin.py:137} INFO - [2023-04-16T22:39:19.713+0000] {dag.py:3456} INFO - Setting next_dagrun for example_short_circuit_decorator to 2023-04-15T22:39:19.713773+00:00, run_after=2023-04-16T22:39:19.713773+00:00
[2023-04-16T22:39:19.723+0000] {processor.py:175} INFO - Processing /home/airflow/.local/lib/python3.7/site-packages/airflow/example_dags/example_short_circuit_decorator.py took 0.068 seconds
[2023-04-16T22:39:50.116+0000] {processor.py:153} INFO - Started process (PID=36368) to work on /home/airflow/.local/lib/python3.7/site-packages/airflow/example_dags/example_short_circuit_decorator.py
[2023-04-16T22:39:50.117+0000] {processor.py:743} INFO - Processing file /home/airflow/.local/lib/python3.7/site-packages/airflow/example_dags/example_short_circuit_decorator.py for tasks to queue
[2023-04-16T22:39:50.118+0000] {logging_mixin.py:137} INFO - [2023-04-16T22:39:50.118+0000] {dagbag.py:532} INFO - Filling up the DagBag from /home/airflow/.local/lib/python3.7/site-packages/airflow/example_dags/example_short_circuit_decorator.py
[2023-04-16T22:39:50.137+0000] {processor.py:753} INFO - DAG(s) dict_keys(['example_short_circuit_decorator']) retrieved from /home/airflow/.local/lib/python3.7/site-packages/airflow/example_dags/example_short_circuit_decorator.py
[2023-04-16T22:39:50.159+0000] {logging_mixin.py:137} INFO - [2023-04-16T22:39:50.159+0000] {dag.py:2705} INFO - Sync 1 DAGs
[2023-04-16T22:39:50.175+0000] {logging_mixin.py:137} INFO - [2023-04-16T22:39:50.175+0000] {dag.py:3456} INFO - Setting next_dagrun for example_short_circuit_decorator to 2023-04-15T22:39:50.174995+00:00, run_after=2023-04-16T22:39:50.174995+00:00
[2023-04-16T22:39:50.186+0000] {processor.py:175} INFO - Processing /home/airflow/.local/lib/python3.7/site-packages/airflow/example_dags/example_short_circuit_decorator.py took 0.072 seconds
