[2023-04-16T00:33:37.487+0000] {processor.py:153} INFO - Started process (PID=34903) to work on /home/airflow/.local/lib/python3.7/site-packages/airflow/example_dags/example_branch_operator_decorator.py
[2023-04-16T00:33:37.488+0000] {processor.py:743} INFO - Processing file /home/airflow/.local/lib/python3.7/site-packages/airflow/example_dags/example_branch_operator_decorator.py for tasks to queue
[2023-04-16T00:33:37.489+0000] {logging_mixin.py:137} INFO - [2023-04-16T00:33:37.489+0000] {dagbag.py:532} INFO - Filling up the DagBag from /home/airflow/.local/lib/python3.7/site-packages/airflow/example_dags/example_branch_operator_decorator.py
[2023-04-16T00:33:37.505+0000] {processor.py:753} INFO - DAG(s) dict_keys(['example_branch_python_operator_decorator']) retrieved from /home/airflow/.local/lib/python3.7/site-packages/airflow/example_dags/example_branch_operator_decorator.py
[2023-04-16T00:33:37.525+0000] {logging_mixin.py:137} INFO - [2023-04-16T00:33:37.524+0000] {dag.py:2705} INFO - Sync 1 DAGs
[2023-04-16T00:33:37.539+0000] {logging_mixin.py:137} INFO - [2023-04-16T00:33:37.539+0000] {dag.py:3456} INFO - Setting next_dagrun for example_branch_python_operator_decorator to 2023-04-15T00:00:00+00:00, run_after=2023-04-16T00:00:00+00:00
[2023-04-16T00:33:37.556+0000] {processor.py:175} INFO - Processing /home/airflow/.local/lib/python3.7/site-packages/airflow/example_dags/example_branch_operator_decorator.py took 0.071 seconds
[2023-04-16T01:42:57.273+0000] {processor.py:153} INFO - Started process (PID=34956) to work on /home/airflow/.local/lib/python3.7/site-packages/airflow/example_dags/example_branch_operator_decorator.py
[2023-04-16T01:42:57.274+0000] {processor.py:743} INFO - Processing file /home/airflow/.local/lib/python3.7/site-packages/airflow/example_dags/example_branch_operator_decorator.py for tasks to queue
[2023-04-16T01:42:57.275+0000] {logging_mixin.py:137} INFO - [2023-04-16T01:42:57.275+0000] {dagbag.py:532} INFO - Filling up the DagBag from /home/airflow/.local/lib/python3.7/site-packages/airflow/example_dags/example_branch_operator_decorator.py
[2023-04-16T01:42:57.292+0000] {processor.py:753} INFO - DAG(s) dict_keys(['example_branch_python_operator_decorator']) retrieved from /home/airflow/.local/lib/python3.7/site-packages/airflow/example_dags/example_branch_operator_decorator.py
[2023-04-16T01:42:57.312+0000] {logging_mixin.py:137} INFO - [2023-04-16T01:42:57.312+0000] {dag.py:2705} INFO - Sync 1 DAGs
[2023-04-16T01:42:57.335+0000] {logging_mixin.py:137} INFO - [2023-04-16T01:42:57.334+0000] {dag.py:3456} INFO - Setting next_dagrun for example_branch_python_operator_decorator to 2023-04-15T00:00:00+00:00, run_after=2023-04-16T00:00:00+00:00
[2023-04-16T01:42:57.345+0000] {processor.py:175} INFO - Processing /home/airflow/.local/lib/python3.7/site-packages/airflow/example_dags/example_branch_operator_decorator.py took 0.075 seconds
[2023-04-16T02:49:26.162+0000] {processor.py:153} INFO - Started process (PID=35009) to work on /home/airflow/.local/lib/python3.7/site-packages/airflow/example_dags/example_branch_operator_decorator.py
[2023-04-16T02:49:26.164+0000] {processor.py:743} INFO - Processing file /home/airflow/.local/lib/python3.7/site-packages/airflow/example_dags/example_branch_operator_decorator.py for tasks to queue
[2023-04-16T02:49:26.165+0000] {logging_mixin.py:137} INFO - [2023-04-16T02:49:26.164+0000] {dagbag.py:532} INFO - Filling up the DagBag from /home/airflow/.local/lib/python3.7/site-packages/airflow/example_dags/example_branch_operator_decorator.py
[2023-04-16T02:49:26.185+0000] {processor.py:753} INFO - DAG(s) dict_keys(['example_branch_python_operator_decorator']) retrieved from /home/airflow/.local/lib/python3.7/site-packages/airflow/example_dags/example_branch_operator_decorator.py
[2023-04-16T02:49:26.205+0000] {logging_mixin.py:137} INFO - [2023-04-16T02:49:26.205+0000] {dag.py:2705} INFO - Sync 1 DAGs
[2023-04-16T02:49:26.223+0000] {logging_mixin.py:137} INFO - [2023-04-16T02:49:26.223+0000] {dag.py:3456} INFO - Setting next_dagrun for example_branch_python_operator_decorator to 2023-04-15T00:00:00+00:00, run_after=2023-04-16T00:00:00+00:00
[2023-04-16T02:49:26.234+0000] {processor.py:175} INFO - Processing /home/airflow/.local/lib/python3.7/site-packages/airflow/example_dags/example_branch_operator_decorator.py took 0.076 seconds
[2023-04-16T03:56:32.109+0000] {processor.py:153} INFO - Started process (PID=35063) to work on /home/airflow/.local/lib/python3.7/site-packages/airflow/example_dags/example_branch_operator_decorator.py
[2023-04-16T03:56:32.110+0000] {processor.py:743} INFO - Processing file /home/airflow/.local/lib/python3.7/site-packages/airflow/example_dags/example_branch_operator_decorator.py for tasks to queue
[2023-04-16T03:56:32.110+0000] {logging_mixin.py:137} INFO - [2023-04-16T03:56:32.110+0000] {dagbag.py:532} INFO - Filling up the DagBag from /home/airflow/.local/lib/python3.7/site-packages/airflow/example_dags/example_branch_operator_decorator.py
[2023-04-16T03:56:32.129+0000] {processor.py:753} INFO - DAG(s) dict_keys(['example_branch_python_operator_decorator']) retrieved from /home/airflow/.local/lib/python3.7/site-packages/airflow/example_dags/example_branch_operator_decorator.py
[2023-04-16T03:56:32.159+0000] {logging_mixin.py:137} INFO - [2023-04-16T03:56:32.159+0000] {dag.py:2705} INFO - Sync 1 DAGs
[2023-04-16T03:56:32.176+0000] {logging_mixin.py:137} INFO - [2023-04-16T03:56:32.176+0000] {dag.py:3456} INFO - Setting next_dagrun for example_branch_python_operator_decorator to 2023-04-15T00:00:00+00:00, run_after=2023-04-16T00:00:00+00:00
[2023-04-16T03:56:32.190+0000] {processor.py:175} INFO - Processing /home/airflow/.local/lib/python3.7/site-packages/airflow/example_dags/example_branch_operator_decorator.py took 0.084 seconds
[2023-04-16T04:57:15.490+0000] {processor.py:153} INFO - Started process (PID=35116) to work on /home/airflow/.local/lib/python3.7/site-packages/airflow/example_dags/example_branch_operator_decorator.py
[2023-04-16T04:57:15.491+0000] {processor.py:743} INFO - Processing file /home/airflow/.local/lib/python3.7/site-packages/airflow/example_dags/example_branch_operator_decorator.py for tasks to queue
[2023-04-16T04:57:15.492+0000] {logging_mixin.py:137} INFO - [2023-04-16T04:57:15.492+0000] {dagbag.py:532} INFO - Filling up the DagBag from /home/airflow/.local/lib/python3.7/site-packages/airflow/example_dags/example_branch_operator_decorator.py
[2023-04-16T04:57:15.513+0000] {processor.py:753} INFO - DAG(s) dict_keys(['example_branch_python_operator_decorator']) retrieved from /home/airflow/.local/lib/python3.7/site-packages/airflow/example_dags/example_branch_operator_decorator.py
[2023-04-16T04:57:15.533+0000] {logging_mixin.py:137} INFO - [2023-04-16T04:57:15.533+0000] {dag.py:2705} INFO - Sync 1 DAGs
[2023-04-16T04:57:15.549+0000] {logging_mixin.py:137} INFO - [2023-04-16T04:57:15.549+0000] {dag.py:3456} INFO - Setting next_dagrun for example_branch_python_operator_decorator to 2023-04-15T00:00:00+00:00, run_after=2023-04-16T00:00:00+00:00
[2023-04-16T04:57:15.559+0000] {processor.py:175} INFO - Processing /home/airflow/.local/lib/python3.7/site-packages/airflow/example_dags/example_branch_operator_decorator.py took 0.071 seconds
[2023-04-16T04:57:45.922+0000] {processor.py:153} INFO - Started process (PID=35168) to work on /home/airflow/.local/lib/python3.7/site-packages/airflow/example_dags/example_branch_operator_decorator.py
[2023-04-16T04:57:45.923+0000] {processor.py:743} INFO - Processing file /home/airflow/.local/lib/python3.7/site-packages/airflow/example_dags/example_branch_operator_decorator.py for tasks to queue
[2023-04-16T04:57:45.924+0000] {logging_mixin.py:137} INFO - [2023-04-16T04:57:45.924+0000] {dagbag.py:532} INFO - Filling up the DagBag from /home/airflow/.local/lib/python3.7/site-packages/airflow/example_dags/example_branch_operator_decorator.py
[2023-04-16T04:57:45.941+0000] {processor.py:753} INFO - DAG(s) dict_keys(['example_branch_python_operator_decorator']) retrieved from /home/airflow/.local/lib/python3.7/site-packages/airflow/example_dags/example_branch_operator_decorator.py
[2023-04-16T04:57:45.959+0000] {logging_mixin.py:137} INFO - [2023-04-16T04:57:45.959+0000] {dag.py:2705} INFO - Sync 1 DAGs
[2023-04-16T04:57:45.974+0000] {logging_mixin.py:137} INFO - [2023-04-16T04:57:45.974+0000] {dag.py:3456} INFO - Setting next_dagrun for example_branch_python_operator_decorator to 2023-04-15T00:00:00+00:00, run_after=2023-04-16T00:00:00+00:00
[2023-04-16T04:57:45.984+0000] {processor.py:175} INFO - Processing /home/airflow/.local/lib/python3.7/site-packages/airflow/example_dags/example_branch_operator_decorator.py took 0.064 seconds
[2023-04-16T06:01:54.519+0000] {processor.py:153} INFO - Started process (PID=35221) to work on /home/airflow/.local/lib/python3.7/site-packages/airflow/example_dags/example_branch_operator_decorator.py
[2023-04-16T06:01:54.520+0000] {processor.py:743} INFO - Processing file /home/airflow/.local/lib/python3.7/site-packages/airflow/example_dags/example_branch_operator_decorator.py for tasks to queue
[2023-04-16T06:01:54.521+0000] {logging_mixin.py:137} INFO - [2023-04-16T06:01:54.521+0000] {dagbag.py:532} INFO - Filling up the DagBag from /home/airflow/.local/lib/python3.7/site-packages/airflow/example_dags/example_branch_operator_decorator.py
[2023-04-16T06:01:54.538+0000] {processor.py:753} INFO - DAG(s) dict_keys(['example_branch_python_operator_decorator']) retrieved from /home/airflow/.local/lib/python3.7/site-packages/airflow/example_dags/example_branch_operator_decorator.py
[2023-04-16T06:01:54.557+0000] {logging_mixin.py:137} INFO - [2023-04-16T06:01:54.557+0000] {dag.py:2705} INFO - Sync 1 DAGs
[2023-04-16T06:01:54.571+0000] {logging_mixin.py:137} INFO - [2023-04-16T06:01:54.571+0000] {dag.py:3456} INFO - Setting next_dagrun for example_branch_python_operator_decorator to 2023-04-15T00:00:00+00:00, run_after=2023-04-16T00:00:00+00:00
[2023-04-16T06:01:54.581+0000] {processor.py:175} INFO - Processing /home/airflow/.local/lib/python3.7/site-packages/airflow/example_dags/example_branch_operator_decorator.py took 0.064 seconds
[2023-04-16T06:13:26.310+0000] {processor.py:153} INFO - Started process (PID=35274) to work on /home/airflow/.local/lib/python3.7/site-packages/airflow/example_dags/example_branch_operator_decorator.py
[2023-04-16T06:13:26.311+0000] {processor.py:743} INFO - Processing file /home/airflow/.local/lib/python3.7/site-packages/airflow/example_dags/example_branch_operator_decorator.py for tasks to queue
[2023-04-16T06:13:26.312+0000] {logging_mixin.py:137} INFO - [2023-04-16T06:13:26.312+0000] {dagbag.py:532} INFO - Filling up the DagBag from /home/airflow/.local/lib/python3.7/site-packages/airflow/example_dags/example_branch_operator_decorator.py
[2023-04-16T06:13:26.330+0000] {processor.py:753} INFO - DAG(s) dict_keys(['example_branch_python_operator_decorator']) retrieved from /home/airflow/.local/lib/python3.7/site-packages/airflow/example_dags/example_branch_operator_decorator.py
[2023-04-16T06:13:26.351+0000] {logging_mixin.py:137} INFO - [2023-04-16T06:13:26.350+0000] {dag.py:2705} INFO - Sync 1 DAGs
[2023-04-16T06:13:26.367+0000] {logging_mixin.py:137} INFO - [2023-04-16T06:13:26.367+0000] {dag.py:3456} INFO - Setting next_dagrun for example_branch_python_operator_decorator to 2023-04-15T00:00:00+00:00, run_after=2023-04-16T00:00:00+00:00
[2023-04-16T06:13:26.377+0000] {processor.py:175} INFO - Processing /home/airflow/.local/lib/python3.7/site-packages/airflow/example_dags/example_branch_operator_decorator.py took 0.070 seconds
[2023-04-16T06:29:19.917+0000] {processor.py:153} INFO - Started process (PID=35327) to work on /home/airflow/.local/lib/python3.7/site-packages/airflow/example_dags/example_branch_operator_decorator.py
[2023-04-16T06:29:19.918+0000] {processor.py:743} INFO - Processing file /home/airflow/.local/lib/python3.7/site-packages/airflow/example_dags/example_branch_operator_decorator.py for tasks to queue
[2023-04-16T06:29:19.919+0000] {logging_mixin.py:137} INFO - [2023-04-16T06:29:19.919+0000] {dagbag.py:532} INFO - Filling up the DagBag from /home/airflow/.local/lib/python3.7/site-packages/airflow/example_dags/example_branch_operator_decorator.py
[2023-04-16T06:29:19.935+0000] {processor.py:753} INFO - DAG(s) dict_keys(['example_branch_python_operator_decorator']) retrieved from /home/airflow/.local/lib/python3.7/site-packages/airflow/example_dags/example_branch_operator_decorator.py
[2023-04-16T06:29:19.955+0000] {logging_mixin.py:137} INFO - [2023-04-16T06:29:19.955+0000] {dag.py:2705} INFO - Sync 1 DAGs
[2023-04-16T06:29:19.969+0000] {logging_mixin.py:137} INFO - [2023-04-16T06:29:19.969+0000] {dag.py:3456} INFO - Setting next_dagrun for example_branch_python_operator_decorator to 2023-04-15T00:00:00+00:00, run_after=2023-04-16T00:00:00+00:00
[2023-04-16T06:29:19.979+0000] {processor.py:175} INFO - Processing /home/airflow/.local/lib/python3.7/site-packages/airflow/example_dags/example_branch_operator_decorator.py took 0.064 seconds
[2023-04-16T07:31:26.007+0000] {processor.py:153} INFO - Started process (PID=35380) to work on /home/airflow/.local/lib/python3.7/site-packages/airflow/example_dags/example_branch_operator_decorator.py
[2023-04-16T07:31:26.008+0000] {processor.py:743} INFO - Processing file /home/airflow/.local/lib/python3.7/site-packages/airflow/example_dags/example_branch_operator_decorator.py for tasks to queue
[2023-04-16T07:31:26.008+0000] {logging_mixin.py:137} INFO - [2023-04-16T07:31:26.008+0000] {dagbag.py:532} INFO - Filling up the DagBag from /home/airflow/.local/lib/python3.7/site-packages/airflow/example_dags/example_branch_operator_decorator.py
[2023-04-16T07:31:26.028+0000] {processor.py:753} INFO - DAG(s) dict_keys(['example_branch_python_operator_decorator']) retrieved from /home/airflow/.local/lib/python3.7/site-packages/airflow/example_dags/example_branch_operator_decorator.py
[2023-04-16T07:31:26.048+0000] {logging_mixin.py:137} INFO - [2023-04-16T07:31:26.048+0000] {dag.py:2705} INFO - Sync 1 DAGs
[2023-04-16T07:31:26.063+0000] {logging_mixin.py:137} INFO - [2023-04-16T07:31:26.063+0000] {dag.py:3456} INFO - Setting next_dagrun for example_branch_python_operator_decorator to 2023-04-15T00:00:00+00:00, run_after=2023-04-16T00:00:00+00:00
[2023-04-16T07:31:26.072+0000] {processor.py:175} INFO - Processing /home/airflow/.local/lib/python3.7/site-packages/airflow/example_dags/example_branch_operator_decorator.py took 0.068 seconds
[2023-04-16T08:50:12.628+0000] {processor.py:153} INFO - Started process (PID=35433) to work on /home/airflow/.local/lib/python3.7/site-packages/airflow/example_dags/example_branch_operator_decorator.py
[2023-04-16T08:50:12.629+0000] {processor.py:743} INFO - Processing file /home/airflow/.local/lib/python3.7/site-packages/airflow/example_dags/example_branch_operator_decorator.py for tasks to queue
[2023-04-16T08:50:12.630+0000] {logging_mixin.py:137} INFO - [2023-04-16T08:50:12.630+0000] {dagbag.py:532} INFO - Filling up the DagBag from /home/airflow/.local/lib/python3.7/site-packages/airflow/example_dags/example_branch_operator_decorator.py
[2023-04-16T08:50:12.649+0000] {processor.py:753} INFO - DAG(s) dict_keys(['example_branch_python_operator_decorator']) retrieved from /home/airflow/.local/lib/python3.7/site-packages/airflow/example_dags/example_branch_operator_decorator.py
[2023-04-16T08:50:12.668+0000] {logging_mixin.py:137} INFO - [2023-04-16T08:50:12.668+0000] {dag.py:2705} INFO - Sync 1 DAGs
[2023-04-16T08:50:12.684+0000] {logging_mixin.py:137} INFO - [2023-04-16T08:50:12.684+0000] {dag.py:3456} INFO - Setting next_dagrun for example_branch_python_operator_decorator to 2023-04-15T00:00:00+00:00, run_after=2023-04-16T00:00:00+00:00
[2023-04-16T08:50:12.697+0000] {processor.py:175} INFO - Processing /home/airflow/.local/lib/python3.7/site-packages/airflow/example_dags/example_branch_operator_decorator.py took 0.071 seconds
[2023-04-16T09:55:50.424+0000] {processor.py:153} INFO - Started process (PID=35486) to work on /home/airflow/.local/lib/python3.7/site-packages/airflow/example_dags/example_branch_operator_decorator.py
[2023-04-16T09:55:50.426+0000] {processor.py:743} INFO - Processing file /home/airflow/.local/lib/python3.7/site-packages/airflow/example_dags/example_branch_operator_decorator.py for tasks to queue
[2023-04-16T09:55:50.427+0000] {logging_mixin.py:137} INFO - [2023-04-16T09:55:50.427+0000] {dagbag.py:532} INFO - Filling up the DagBag from /home/airflow/.local/lib/python3.7/site-packages/airflow/example_dags/example_branch_operator_decorator.py
[2023-04-16T09:55:50.452+0000] {processor.py:753} INFO - DAG(s) dict_keys(['example_branch_python_operator_decorator']) retrieved from /home/airflow/.local/lib/python3.7/site-packages/airflow/example_dags/example_branch_operator_decorator.py
[2023-04-16T09:55:50.476+0000] {logging_mixin.py:137} INFO - [2023-04-16T09:55:50.475+0000] {dag.py:2705} INFO - Sync 1 DAGs
[2023-04-16T09:55:50.495+0000] {logging_mixin.py:137} INFO - [2023-04-16T09:55:50.495+0000] {dag.py:3456} INFO - Setting next_dagrun for example_branch_python_operator_decorator to 2023-04-15T00:00:00+00:00, run_after=2023-04-16T00:00:00+00:00
[2023-04-16T09:55:50.508+0000] {processor.py:175} INFO - Processing /home/airflow/.local/lib/python3.7/site-packages/airflow/example_dags/example_branch_operator_decorator.py took 0.087 seconds
[2023-04-16T11:01:50.755+0000] {processor.py:153} INFO - Started process (PID=35540) to work on /home/airflow/.local/lib/python3.7/site-packages/airflow/example_dags/example_branch_operator_decorator.py
[2023-04-16T11:01:50.756+0000] {processor.py:743} INFO - Processing file /home/airflow/.local/lib/python3.7/site-packages/airflow/example_dags/example_branch_operator_decorator.py for tasks to queue
[2023-04-16T11:01:50.756+0000] {logging_mixin.py:137} INFO - [2023-04-16T11:01:50.756+0000] {dagbag.py:532} INFO - Filling up the DagBag from /home/airflow/.local/lib/python3.7/site-packages/airflow/example_dags/example_branch_operator_decorator.py
[2023-04-16T11:01:50.776+0000] {processor.py:753} INFO - DAG(s) dict_keys(['example_branch_python_operator_decorator']) retrieved from /home/airflow/.local/lib/python3.7/site-packages/airflow/example_dags/example_branch_operator_decorator.py
[2023-04-16T11:01:50.797+0000] {logging_mixin.py:137} INFO - [2023-04-16T11:01:50.797+0000] {dag.py:2705} INFO - Sync 1 DAGs
[2023-04-16T11:01:50.818+0000] {logging_mixin.py:137} INFO - [2023-04-16T11:01:50.818+0000] {dag.py:3456} INFO - Setting next_dagrun for example_branch_python_operator_decorator to 2023-04-15T00:00:00+00:00, run_after=2023-04-16T00:00:00+00:00
[2023-04-16T11:01:50.833+0000] {processor.py:175} INFO - Processing /home/airflow/.local/lib/python3.7/site-packages/airflow/example_dags/example_branch_operator_decorator.py took 0.081 seconds
[2023-04-16T12:25:14.958+0000] {processor.py:153} INFO - Started process (PID=35593) to work on /home/airflow/.local/lib/python3.7/site-packages/airflow/example_dags/example_branch_operator_decorator.py
[2023-04-16T12:25:14.959+0000] {processor.py:743} INFO - Processing file /home/airflow/.local/lib/python3.7/site-packages/airflow/example_dags/example_branch_operator_decorator.py for tasks to queue
[2023-04-16T12:25:14.960+0000] {logging_mixin.py:137} INFO - [2023-04-16T12:25:14.960+0000] {dagbag.py:532} INFO - Filling up the DagBag from /home/airflow/.local/lib/python3.7/site-packages/airflow/example_dags/example_branch_operator_decorator.py
[2023-04-16T12:25:14.979+0000] {processor.py:753} INFO - DAG(s) dict_keys(['example_branch_python_operator_decorator']) retrieved from /home/airflow/.local/lib/python3.7/site-packages/airflow/example_dags/example_branch_operator_decorator.py
[2023-04-16T12:25:15.009+0000] {logging_mixin.py:137} INFO - [2023-04-16T12:25:15.008+0000] {dag.py:2705} INFO - Sync 1 DAGs
[2023-04-16T12:25:15.031+0000] {logging_mixin.py:137} INFO - [2023-04-16T12:25:15.030+0000] {dag.py:3456} INFO - Setting next_dagrun for example_branch_python_operator_decorator to 2023-04-15T00:00:00+00:00, run_after=2023-04-16T00:00:00+00:00
[2023-04-16T12:25:15.049+0000] {processor.py:175} INFO - Processing /home/airflow/.local/lib/python3.7/site-packages/airflow/example_dags/example_branch_operator_decorator.py took 0.096 seconds
[2023-04-16T13:32:26.872+0000] {processor.py:153} INFO - Started process (PID=35646) to work on /home/airflow/.local/lib/python3.7/site-packages/airflow/example_dags/example_branch_operator_decorator.py
[2023-04-16T13:32:26.874+0000] {processor.py:743} INFO - Processing file /home/airflow/.local/lib/python3.7/site-packages/airflow/example_dags/example_branch_operator_decorator.py for tasks to queue
[2023-04-16T13:32:26.875+0000] {logging_mixin.py:137} INFO - [2023-04-16T13:32:26.875+0000] {dagbag.py:532} INFO - Filling up the DagBag from /home/airflow/.local/lib/python3.7/site-packages/airflow/example_dags/example_branch_operator_decorator.py
[2023-04-16T13:32:26.904+0000] {processor.py:753} INFO - DAG(s) dict_keys(['example_branch_python_operator_decorator']) retrieved from /home/airflow/.local/lib/python3.7/site-packages/airflow/example_dags/example_branch_operator_decorator.py
[2023-04-16T13:32:26.928+0000] {logging_mixin.py:137} INFO - [2023-04-16T13:32:26.928+0000] {dag.py:2705} INFO - Sync 1 DAGs
[2023-04-16T13:32:26.945+0000] {logging_mixin.py:137} INFO - [2023-04-16T13:32:26.945+0000] {dag.py:3456} INFO - Setting next_dagrun for example_branch_python_operator_decorator to 2023-04-15T00:00:00+00:00, run_after=2023-04-16T00:00:00+00:00
[2023-04-16T13:32:26.957+0000] {processor.py:175} INFO - Processing /home/airflow/.local/lib/python3.7/site-packages/airflow/example_dags/example_branch_operator_decorator.py took 0.088 seconds
[2023-04-16T14:26:08.702+0000] {processor.py:153} INFO - Started process (PID=35699) to work on /home/airflow/.local/lib/python3.7/site-packages/airflow/example_dags/example_branch_operator_decorator.py
[2023-04-16T14:26:08.703+0000] {processor.py:743} INFO - Processing file /home/airflow/.local/lib/python3.7/site-packages/airflow/example_dags/example_branch_operator_decorator.py for tasks to queue
[2023-04-16T14:26:08.704+0000] {logging_mixin.py:137} INFO - [2023-04-16T14:26:08.704+0000] {dagbag.py:532} INFO - Filling up the DagBag from /home/airflow/.local/lib/python3.7/site-packages/airflow/example_dags/example_branch_operator_decorator.py
[2023-04-16T14:26:08.721+0000] {processor.py:753} INFO - DAG(s) dict_keys(['example_branch_python_operator_decorator']) retrieved from /home/airflow/.local/lib/python3.7/site-packages/airflow/example_dags/example_branch_operator_decorator.py
[2023-04-16T14:26:08.744+0000] {logging_mixin.py:137} INFO - [2023-04-16T14:26:08.744+0000] {dag.py:2705} INFO - Sync 1 DAGs
[2023-04-16T14:26:08.760+0000] {logging_mixin.py:137} INFO - [2023-04-16T14:26:08.760+0000] {dag.py:3456} INFO - Setting next_dagrun for example_branch_python_operator_decorator to 2023-04-15T00:00:00+00:00, run_after=2023-04-16T00:00:00+00:00
[2023-04-16T14:26:08.774+0000] {processor.py:175} INFO - Processing /home/airflow/.local/lib/python3.7/site-packages/airflow/example_dags/example_branch_operator_decorator.py took 0.074 seconds
[2023-04-16T14:26:39.692+0000] {processor.py:153} INFO - Started process (PID=35752) to work on /home/airflow/.local/lib/python3.7/site-packages/airflow/example_dags/example_branch_operator_decorator.py
[2023-04-16T14:26:39.693+0000] {processor.py:743} INFO - Processing file /home/airflow/.local/lib/python3.7/site-packages/airflow/example_dags/example_branch_operator_decorator.py for tasks to queue
[2023-04-16T14:26:39.694+0000] {logging_mixin.py:137} INFO - [2023-04-16T14:26:39.694+0000] {dagbag.py:532} INFO - Filling up the DagBag from /home/airflow/.local/lib/python3.7/site-packages/airflow/example_dags/example_branch_operator_decorator.py
[2023-04-16T14:26:39.710+0000] {processor.py:753} INFO - DAG(s) dict_keys(['example_branch_python_operator_decorator']) retrieved from /home/airflow/.local/lib/python3.7/site-packages/airflow/example_dags/example_branch_operator_decorator.py
[2023-04-16T14:26:39.729+0000] {logging_mixin.py:137} INFO - [2023-04-16T14:26:39.728+0000] {dag.py:2705} INFO - Sync 1 DAGs
[2023-04-16T14:26:39.743+0000] {logging_mixin.py:137} INFO - [2023-04-16T14:26:39.743+0000] {dag.py:3456} INFO - Setting next_dagrun for example_branch_python_operator_decorator to 2023-04-15T00:00:00+00:00, run_after=2023-04-16T00:00:00+00:00
[2023-04-16T14:26:39.752+0000] {processor.py:175} INFO - Processing /home/airflow/.local/lib/python3.7/site-packages/airflow/example_dags/example_branch_operator_decorator.py took 0.063 seconds
[2023-04-16T15:14:35.649+0000] {processor.py:153} INFO - Started process (PID=35805) to work on /home/airflow/.local/lib/python3.7/site-packages/airflow/example_dags/example_branch_operator_decorator.py
[2023-04-16T15:14:35.651+0000] {processor.py:743} INFO - Processing file /home/airflow/.local/lib/python3.7/site-packages/airflow/example_dags/example_branch_operator_decorator.py for tasks to queue
[2023-04-16T15:14:35.652+0000] {logging_mixin.py:137} INFO - [2023-04-16T15:14:35.652+0000] {dagbag.py:532} INFO - Filling up the DagBag from /home/airflow/.local/lib/python3.7/site-packages/airflow/example_dags/example_branch_operator_decorator.py
[2023-04-16T15:14:35.679+0000] {processor.py:753} INFO - DAG(s) dict_keys(['example_branch_python_operator_decorator']) retrieved from /home/airflow/.local/lib/python3.7/site-packages/airflow/example_dags/example_branch_operator_decorator.py
[2023-04-16T15:14:35.708+0000] {logging_mixin.py:137} INFO - [2023-04-16T15:14:35.707+0000] {dag.py:2705} INFO - Sync 1 DAGs
[2023-04-16T15:14:35.726+0000] {logging_mixin.py:137} INFO - [2023-04-16T15:14:35.726+0000] {dag.py:3456} INFO - Setting next_dagrun for example_branch_python_operator_decorator to 2023-04-15T00:00:00+00:00, run_after=2023-04-16T00:00:00+00:00
[2023-04-16T15:14:35.738+0000] {processor.py:175} INFO - Processing /home/airflow/.local/lib/python3.7/site-packages/airflow/example_dags/example_branch_operator_decorator.py took 0.093 seconds
[2023-04-16T15:15:06.253+0000] {processor.py:153} INFO - Started process (PID=35858) to work on /home/airflow/.local/lib/python3.7/site-packages/airflow/example_dags/example_branch_operator_decorator.py
[2023-04-16T15:15:06.254+0000] {processor.py:743} INFO - Processing file /home/airflow/.local/lib/python3.7/site-packages/airflow/example_dags/example_branch_operator_decorator.py for tasks to queue
[2023-04-16T15:15:06.255+0000] {logging_mixin.py:137} INFO - [2023-04-16T15:15:06.255+0000] {dagbag.py:532} INFO - Filling up the DagBag from /home/airflow/.local/lib/python3.7/site-packages/airflow/example_dags/example_branch_operator_decorator.py
[2023-04-16T15:15:06.271+0000] {processor.py:753} INFO - DAG(s) dict_keys(['example_branch_python_operator_decorator']) retrieved from /home/airflow/.local/lib/python3.7/site-packages/airflow/example_dags/example_branch_operator_decorator.py
[2023-04-16T15:15:06.291+0000] {logging_mixin.py:137} INFO - [2023-04-16T15:15:06.291+0000] {dag.py:2705} INFO - Sync 1 DAGs
[2023-04-16T15:15:06.305+0000] {logging_mixin.py:137} INFO - [2023-04-16T15:15:06.305+0000] {dag.py:3456} INFO - Setting next_dagrun for example_branch_python_operator_decorator to 2023-04-15T00:00:00+00:00, run_after=2023-04-16T00:00:00+00:00
[2023-04-16T15:15:06.315+0000] {processor.py:175} INFO - Processing /home/airflow/.local/lib/python3.7/site-packages/airflow/example_dags/example_branch_operator_decorator.py took 0.064 seconds
[2023-04-16T16:03:33.334+0000] {processor.py:153} INFO - Started process (PID=35911) to work on /home/airflow/.local/lib/python3.7/site-packages/airflow/example_dags/example_branch_operator_decorator.py
[2023-04-16T16:03:33.335+0000] {processor.py:743} INFO - Processing file /home/airflow/.local/lib/python3.7/site-packages/airflow/example_dags/example_branch_operator_decorator.py for tasks to queue
[2023-04-16T16:03:33.335+0000] {logging_mixin.py:137} INFO - [2023-04-16T16:03:33.335+0000] {dagbag.py:532} INFO - Filling up the DagBag from /home/airflow/.local/lib/python3.7/site-packages/airflow/example_dags/example_branch_operator_decorator.py
[2023-04-16T16:03:33.352+0000] {processor.py:753} INFO - DAG(s) dict_keys(['example_branch_python_operator_decorator']) retrieved from /home/airflow/.local/lib/python3.7/site-packages/airflow/example_dags/example_branch_operator_decorator.py
[2023-04-16T16:03:33.370+0000] {logging_mixin.py:137} INFO - [2023-04-16T16:03:33.370+0000] {dag.py:2705} INFO - Sync 1 DAGs
[2023-04-16T16:03:33.385+0000] {logging_mixin.py:137} INFO - [2023-04-16T16:03:33.385+0000] {dag.py:3456} INFO - Setting next_dagrun for example_branch_python_operator_decorator to 2023-04-15T00:00:00+00:00, run_after=2023-04-16T00:00:00+00:00
[2023-04-16T16:03:33.395+0000] {processor.py:175} INFO - Processing /home/airflow/.local/lib/python3.7/site-packages/airflow/example_dags/example_branch_operator_decorator.py took 0.064 seconds
[2023-04-16T17:09:34.221+0000] {processor.py:153} INFO - Started process (PID=35964) to work on /home/airflow/.local/lib/python3.7/site-packages/airflow/example_dags/example_branch_operator_decorator.py
[2023-04-16T17:09:34.223+0000] {processor.py:743} INFO - Processing file /home/airflow/.local/lib/python3.7/site-packages/airflow/example_dags/example_branch_operator_decorator.py for tasks to queue
[2023-04-16T17:09:34.223+0000] {logging_mixin.py:137} INFO - [2023-04-16T17:09:34.223+0000] {dagbag.py:532} INFO - Filling up the DagBag from /home/airflow/.local/lib/python3.7/site-packages/airflow/example_dags/example_branch_operator_decorator.py
[2023-04-16T17:09:34.240+0000] {processor.py:753} INFO - DAG(s) dict_keys(['example_branch_python_operator_decorator']) retrieved from /home/airflow/.local/lib/python3.7/site-packages/airflow/example_dags/example_branch_operator_decorator.py
[2023-04-16T17:09:34.258+0000] {logging_mixin.py:137} INFO - [2023-04-16T17:09:34.258+0000] {dag.py:2705} INFO - Sync 1 DAGs
[2023-04-16T17:09:34.274+0000] {logging_mixin.py:137} INFO - [2023-04-16T17:09:34.274+0000] {dag.py:3456} INFO - Setting next_dagrun for example_branch_python_operator_decorator to 2023-04-15T00:00:00+00:00, run_after=2023-04-16T00:00:00+00:00
[2023-04-16T17:09:34.283+0000] {processor.py:175} INFO - Processing /home/airflow/.local/lib/python3.7/site-packages/airflow/example_dags/example_branch_operator_decorator.py took 0.064 seconds
[2023-04-16T18:32:25.652+0000] {processor.py:153} INFO - Started process (PID=36017) to work on /home/airflow/.local/lib/python3.7/site-packages/airflow/example_dags/example_branch_operator_decorator.py
[2023-04-16T18:32:25.653+0000] {processor.py:743} INFO - Processing file /home/airflow/.local/lib/python3.7/site-packages/airflow/example_dags/example_branch_operator_decorator.py for tasks to queue
[2023-04-16T18:32:25.654+0000] {logging_mixin.py:137} INFO - [2023-04-16T18:32:25.654+0000] {dagbag.py:532} INFO - Filling up the DagBag from /home/airflow/.local/lib/python3.7/site-packages/airflow/example_dags/example_branch_operator_decorator.py
[2023-04-16T18:32:25.677+0000] {processor.py:753} INFO - DAG(s) dict_keys(['example_branch_python_operator_decorator']) retrieved from /home/airflow/.local/lib/python3.7/site-packages/airflow/example_dags/example_branch_operator_decorator.py
[2023-04-16T18:32:25.704+0000] {logging_mixin.py:137} INFO - [2023-04-16T18:32:25.703+0000] {dag.py:2705} INFO - Sync 1 DAGs
[2023-04-16T18:32:25.719+0000] {logging_mixin.py:137} INFO - [2023-04-16T18:32:25.719+0000] {dag.py:3456} INFO - Setting next_dagrun for example_branch_python_operator_decorator to 2023-04-15T00:00:00+00:00, run_after=2023-04-16T00:00:00+00:00
[2023-04-16T18:32:25.729+0000] {processor.py:175} INFO - Processing /home/airflow/.local/lib/python3.7/site-packages/airflow/example_dags/example_branch_operator_decorator.py took 0.080 seconds
[2023-04-16T19:39:50.463+0000] {processor.py:153} INFO - Started process (PID=36070) to work on /home/airflow/.local/lib/python3.7/site-packages/airflow/example_dags/example_branch_operator_decorator.py
[2023-04-16T19:39:50.464+0000] {processor.py:743} INFO - Processing file /home/airflow/.local/lib/python3.7/site-packages/airflow/example_dags/example_branch_operator_decorator.py for tasks to queue
[2023-04-16T19:39:50.465+0000] {logging_mixin.py:137} INFO - [2023-04-16T19:39:50.465+0000] {dagbag.py:532} INFO - Filling up the DagBag from /home/airflow/.local/lib/python3.7/site-packages/airflow/example_dags/example_branch_operator_decorator.py
[2023-04-16T19:39:50.483+0000] {processor.py:753} INFO - DAG(s) dict_keys(['example_branch_python_operator_decorator']) retrieved from /home/airflow/.local/lib/python3.7/site-packages/airflow/example_dags/example_branch_operator_decorator.py
[2023-04-16T19:39:50.505+0000] {logging_mixin.py:137} INFO - [2023-04-16T19:39:50.505+0000] {dag.py:2705} INFO - Sync 1 DAGs
[2023-04-16T19:39:50.524+0000] {logging_mixin.py:137} INFO - [2023-04-16T19:39:50.524+0000] {dag.py:3456} INFO - Setting next_dagrun for example_branch_python_operator_decorator to 2023-04-15T00:00:00+00:00, run_after=2023-04-16T00:00:00+00:00
[2023-04-16T19:39:50.536+0000] {processor.py:175} INFO - Processing /home/airflow/.local/lib/python3.7/site-packages/airflow/example_dags/example_branch_operator_decorator.py took 0.075 seconds
[2023-04-16T20:45:00.372+0000] {processor.py:153} INFO - Started process (PID=36123) to work on /home/airflow/.local/lib/python3.7/site-packages/airflow/example_dags/example_branch_operator_decorator.py
[2023-04-16T20:45:00.373+0000] {processor.py:743} INFO - Processing file /home/airflow/.local/lib/python3.7/site-packages/airflow/example_dags/example_branch_operator_decorator.py for tasks to queue
[2023-04-16T20:45:00.374+0000] {logging_mixin.py:137} INFO - [2023-04-16T20:45:00.374+0000] {dagbag.py:532} INFO - Filling up the DagBag from /home/airflow/.local/lib/python3.7/site-packages/airflow/example_dags/example_branch_operator_decorator.py
[2023-04-16T20:45:00.394+0000] {processor.py:753} INFO - DAG(s) dict_keys(['example_branch_python_operator_decorator']) retrieved from /home/airflow/.local/lib/python3.7/site-packages/airflow/example_dags/example_branch_operator_decorator.py
[2023-04-16T20:45:00.414+0000] {logging_mixin.py:137} INFO - [2023-04-16T20:45:00.414+0000] {dag.py:2705} INFO - Sync 1 DAGs
[2023-04-16T20:45:00.431+0000] {logging_mixin.py:137} INFO - [2023-04-16T20:45:00.431+0000] {dag.py:3456} INFO - Setting next_dagrun for example_branch_python_operator_decorator to 2023-04-15T00:00:00+00:00, run_after=2023-04-16T00:00:00+00:00
[2023-04-16T20:45:00.440+0000] {processor.py:175} INFO - Processing /home/airflow/.local/lib/python3.7/site-packages/airflow/example_dags/example_branch_operator_decorator.py took 0.071 seconds
[2023-04-16T21:52:26.049+0000] {processor.py:153} INFO - Started process (PID=36176) to work on /home/airflow/.local/lib/python3.7/site-packages/airflow/example_dags/example_branch_operator_decorator.py
[2023-04-16T21:52:26.050+0000] {processor.py:743} INFO - Processing file /home/airflow/.local/lib/python3.7/site-packages/airflow/example_dags/example_branch_operator_decorator.py for tasks to queue
[2023-04-16T21:52:26.051+0000] {logging_mixin.py:137} INFO - [2023-04-16T21:52:26.051+0000] {dagbag.py:532} INFO - Filling up the DagBag from /home/airflow/.local/lib/python3.7/site-packages/airflow/example_dags/example_branch_operator_decorator.py
[2023-04-16T21:52:26.068+0000] {processor.py:753} INFO - DAG(s) dict_keys(['example_branch_python_operator_decorator']) retrieved from /home/airflow/.local/lib/python3.7/site-packages/airflow/example_dags/example_branch_operator_decorator.py
[2023-04-16T21:52:26.086+0000] {logging_mixin.py:137} INFO - [2023-04-16T21:52:26.086+0000] {dag.py:2705} INFO - Sync 1 DAGs
[2023-04-16T21:52:26.101+0000] {logging_mixin.py:137} INFO - [2023-04-16T21:52:26.101+0000] {dag.py:3456} INFO - Setting next_dagrun for example_branch_python_operator_decorator to 2023-04-15T00:00:00+00:00, run_after=2023-04-16T00:00:00+00:00
[2023-04-16T21:52:26.110+0000] {processor.py:175} INFO - Processing /home/airflow/.local/lib/python3.7/site-packages/airflow/example_dags/example_branch_operator_decorator.py took 0.064 seconds
[2023-04-16T22:18:55.887+0000] {processor.py:153} INFO - Started process (PID=36229) to work on /home/airflow/.local/lib/python3.7/site-packages/airflow/example_dags/example_branch_operator_decorator.py
[2023-04-16T22:18:55.888+0000] {processor.py:743} INFO - Processing file /home/airflow/.local/lib/python3.7/site-packages/airflow/example_dags/example_branch_operator_decorator.py for tasks to queue
[2023-04-16T22:18:55.889+0000] {logging_mixin.py:137} INFO - [2023-04-16T22:18:55.889+0000] {dagbag.py:532} INFO - Filling up the DagBag from /home/airflow/.local/lib/python3.7/site-packages/airflow/example_dags/example_branch_operator_decorator.py
[2023-04-16T22:18:55.906+0000] {processor.py:753} INFO - DAG(s) dict_keys(['example_branch_python_operator_decorator']) retrieved from /home/airflow/.local/lib/python3.7/site-packages/airflow/example_dags/example_branch_operator_decorator.py
[2023-04-16T22:18:55.924+0000] {logging_mixin.py:137} INFO - [2023-04-16T22:18:55.924+0000] {dag.py:2705} INFO - Sync 1 DAGs
[2023-04-16T22:18:55.938+0000] {logging_mixin.py:137} INFO - [2023-04-16T22:18:55.938+0000] {dag.py:3456} INFO - Setting next_dagrun for example_branch_python_operator_decorator to 2023-04-15T00:00:00+00:00, run_after=2023-04-16T00:00:00+00:00
[2023-04-16T22:18:55.950+0000] {processor.py:175} INFO - Processing /home/airflow/.local/lib/python3.7/site-packages/airflow/example_dags/example_branch_operator_decorator.py took 0.065 seconds
[2023-04-16T22:19:26.287+0000] {processor.py:153} INFO - Started process (PID=36282) to work on /home/airflow/.local/lib/python3.7/site-packages/airflow/example_dags/example_branch_operator_decorator.py
[2023-04-16T22:19:26.288+0000] {processor.py:743} INFO - Processing file /home/airflow/.local/lib/python3.7/site-packages/airflow/example_dags/example_branch_operator_decorator.py for tasks to queue
[2023-04-16T22:19:26.289+0000] {logging_mixin.py:137} INFO - [2023-04-16T22:19:26.289+0000] {dagbag.py:532} INFO - Filling up the DagBag from /home/airflow/.local/lib/python3.7/site-packages/airflow/example_dags/example_branch_operator_decorator.py
[2023-04-16T22:19:26.307+0000] {processor.py:753} INFO - DAG(s) dict_keys(['example_branch_python_operator_decorator']) retrieved from /home/airflow/.local/lib/python3.7/site-packages/airflow/example_dags/example_branch_operator_decorator.py
[2023-04-16T22:19:26.328+0000] {logging_mixin.py:137} INFO - [2023-04-16T22:19:26.328+0000] {dag.py:2705} INFO - Sync 1 DAGs
[2023-04-16T22:19:26.344+0000] {logging_mixin.py:137} INFO - [2023-04-16T22:19:26.344+0000] {dag.py:3456} INFO - Setting next_dagrun for example_branch_python_operator_decorator to 2023-04-15T00:00:00+00:00, run_after=2023-04-16T00:00:00+00:00
[2023-04-16T22:19:26.354+0000] {processor.py:175} INFO - Processing /home/airflow/.local/lib/python3.7/site-packages/airflow/example_dags/example_branch_operator_decorator.py took 0.070 seconds
[2023-04-16T22:39:20.579+0000] {processor.py:153} INFO - Started process (PID=36335) to work on /home/airflow/.local/lib/python3.7/site-packages/airflow/example_dags/example_branch_operator_decorator.py
[2023-04-16T22:39:20.580+0000] {processor.py:743} INFO - Processing file /home/airflow/.local/lib/python3.7/site-packages/airflow/example_dags/example_branch_operator_decorator.py for tasks to queue
[2023-04-16T22:39:20.581+0000] {logging_mixin.py:137} INFO - [2023-04-16T22:39:20.581+0000] {dagbag.py:532} INFO - Filling up the DagBag from /home/airflow/.local/lib/python3.7/site-packages/airflow/example_dags/example_branch_operator_decorator.py
[2023-04-16T22:39:20.598+0000] {processor.py:753} INFO - DAG(s) dict_keys(['example_branch_python_operator_decorator']) retrieved from /home/airflow/.local/lib/python3.7/site-packages/airflow/example_dags/example_branch_operator_decorator.py
[2023-04-16T22:39:20.617+0000] {logging_mixin.py:137} INFO - [2023-04-16T22:39:20.617+0000] {dag.py:2705} INFO - Sync 1 DAGs
[2023-04-16T22:39:20.632+0000] {logging_mixin.py:137} INFO - [2023-04-16T22:39:20.632+0000] {dag.py:3456} INFO - Setting next_dagrun for example_branch_python_operator_decorator to 2023-04-15T00:00:00+00:00, run_after=2023-04-16T00:00:00+00:00
[2023-04-16T22:39:20.642+0000] {processor.py:175} INFO - Processing /home/airflow/.local/lib/python3.7/site-packages/airflow/example_dags/example_branch_operator_decorator.py took 0.065 seconds
[2023-04-16T22:39:51.088+0000] {processor.py:153} INFO - Started process (PID=36388) to work on /home/airflow/.local/lib/python3.7/site-packages/airflow/example_dags/example_branch_operator_decorator.py
[2023-04-16T22:39:51.090+0000] {processor.py:743} INFO - Processing file /home/airflow/.local/lib/python3.7/site-packages/airflow/example_dags/example_branch_operator_decorator.py for tasks to queue
[2023-04-16T22:39:51.091+0000] {logging_mixin.py:137} INFO - [2023-04-16T22:39:51.091+0000] {dagbag.py:532} INFO - Filling up the DagBag from /home/airflow/.local/lib/python3.7/site-packages/airflow/example_dags/example_branch_operator_decorator.py
[2023-04-16T22:39:51.118+0000] {processor.py:753} INFO - DAG(s) dict_keys(['example_branch_python_operator_decorator']) retrieved from /home/airflow/.local/lib/python3.7/site-packages/airflow/example_dags/example_branch_operator_decorator.py
[2023-04-16T22:39:51.150+0000] {logging_mixin.py:137} INFO - [2023-04-16T22:39:51.150+0000] {dag.py:2705} INFO - Sync 1 DAGs
[2023-04-16T22:39:51.167+0000] {logging_mixin.py:137} INFO - [2023-04-16T22:39:51.167+0000] {dag.py:3456} INFO - Setting next_dagrun for example_branch_python_operator_decorator to 2023-04-15T00:00:00+00:00, run_after=2023-04-16T00:00:00+00:00
[2023-04-16T22:39:51.179+0000] {processor.py:175} INFO - Processing /home/airflow/.local/lib/python3.7/site-packages/airflow/example_dags/example_branch_operator_decorator.py took 0.094 seconds
