[2023-04-16T00:33:36.005+0000] {processor.py:153} INFO - Started process (PID=34874) to work on /home/airflow/.local/lib/python3.7/site-packages/airflow/example_dags/example_skip_dag.py
[2023-04-16T00:33:36.006+0000] {processor.py:743} INFO - Processing file /home/airflow/.local/lib/python3.7/site-packages/airflow/example_dags/example_skip_dag.py for tasks to queue
[2023-04-16T00:33:36.007+0000] {logging_mixin.py:137} INFO - [2023-04-16T00:33:36.007+0000] {dagbag.py:532} INFO - Filling up the DagBag from /home/airflow/.local/lib/python3.7/site-packages/airflow/example_dags/example_skip_dag.py
[2023-04-16T00:33:36.018+0000] {processor.py:753} INFO - DAG(s) dict_keys(['example_skip_dag']) retrieved from /home/airflow/.local/lib/python3.7/site-packages/airflow/example_dags/example_skip_dag.py
[2023-04-16T00:33:36.042+0000] {logging_mixin.py:137} INFO - [2023-04-16T00:33:36.041+0000] {dag.py:2705} INFO - Sync 1 DAGs
[2023-04-16T00:33:36.057+0000] {logging_mixin.py:137} INFO - [2023-04-16T00:33:36.057+0000] {dag.py:3456} INFO - Setting next_dagrun for example_skip_dag to 2023-04-15T00:33:36.057179+00:00, run_after=2023-04-16T00:33:36.057179+00:00
[2023-04-16T00:33:36.067+0000] {processor.py:175} INFO - Processing /home/airflow/.local/lib/python3.7/site-packages/airflow/example_dags/example_skip_dag.py took 0.065 seconds
[2023-04-16T01:42:55.947+0000] {processor.py:153} INFO - Started process (PID=34927) to work on /home/airflow/.local/lib/python3.7/site-packages/airflow/example_dags/example_skip_dag.py
[2023-04-16T01:42:55.948+0000] {processor.py:743} INFO - Processing file /home/airflow/.local/lib/python3.7/site-packages/airflow/example_dags/example_skip_dag.py for tasks to queue
[2023-04-16T01:42:55.949+0000] {logging_mixin.py:137} INFO - [2023-04-16T01:42:55.949+0000] {dagbag.py:532} INFO - Filling up the DagBag from /home/airflow/.local/lib/python3.7/site-packages/airflow/example_dags/example_skip_dag.py
[2023-04-16T01:42:55.959+0000] {processor.py:753} INFO - DAG(s) dict_keys(['example_skip_dag']) retrieved from /home/airflow/.local/lib/python3.7/site-packages/airflow/example_dags/example_skip_dag.py
[2023-04-16T01:42:55.979+0000] {logging_mixin.py:137} INFO - [2023-04-16T01:42:55.979+0000] {dag.py:2705} INFO - Sync 1 DAGs
[2023-04-16T01:42:55.994+0000] {logging_mixin.py:137} INFO - [2023-04-16T01:42:55.993+0000] {dag.py:3456} INFO - Setting next_dagrun for example_skip_dag to 2023-04-15T01:42:55.993820+00:00, run_after=2023-04-16T01:42:55.993820+00:00
[2023-04-16T01:42:56.004+0000] {processor.py:175} INFO - Processing /home/airflow/.local/lib/python3.7/site-packages/airflow/example_dags/example_skip_dag.py took 0.060 seconds
[2023-04-16T02:49:24.451+0000] {processor.py:153} INFO - Started process (PID=34980) to work on /home/airflow/.local/lib/python3.7/site-packages/airflow/example_dags/example_skip_dag.py
[2023-04-16T02:49:24.453+0000] {processor.py:743} INFO - Processing file /home/airflow/.local/lib/python3.7/site-packages/airflow/example_dags/example_skip_dag.py for tasks to queue
[2023-04-16T02:49:24.455+0000] {logging_mixin.py:137} INFO - [2023-04-16T02:49:24.455+0000] {dagbag.py:532} INFO - Filling up the DagBag from /home/airflow/.local/lib/python3.7/site-packages/airflow/example_dags/example_skip_dag.py
[2023-04-16T02:49:24.469+0000] {processor.py:753} INFO - DAG(s) dict_keys(['example_skip_dag']) retrieved from /home/airflow/.local/lib/python3.7/site-packages/airflow/example_dags/example_skip_dag.py
[2023-04-16T02:49:24.492+0000] {logging_mixin.py:137} INFO - [2023-04-16T02:49:24.492+0000] {dag.py:2705} INFO - Sync 1 DAGs
[2023-04-16T02:49:24.510+0000] {logging_mixin.py:137} INFO - [2023-04-16T02:49:24.510+0000] {dag.py:3456} INFO - Setting next_dagrun for example_skip_dag to 2023-04-15T02:49:24.510215+00:00, run_after=2023-04-16T02:49:24.510215+00:00
[2023-04-16T02:49:24.528+0000] {processor.py:175} INFO - Processing /home/airflow/.local/lib/python3.7/site-packages/airflow/example_dags/example_skip_dag.py took 0.081 seconds
[2023-04-16T03:56:29.930+0000] {processor.py:153} INFO - Started process (PID=35034) to work on /home/airflow/.local/lib/python3.7/site-packages/airflow/example_dags/example_skip_dag.py
[2023-04-16T03:56:29.942+0000] {processor.py:743} INFO - Processing file /home/airflow/.local/lib/python3.7/site-packages/airflow/example_dags/example_skip_dag.py for tasks to queue
[2023-04-16T03:56:29.943+0000] {logging_mixin.py:137} INFO - [2023-04-16T03:56:29.943+0000] {dagbag.py:532} INFO - Filling up the DagBag from /home/airflow/.local/lib/python3.7/site-packages/airflow/example_dags/example_skip_dag.py
[2023-04-16T03:56:29.973+0000] {processor.py:753} INFO - DAG(s) dict_keys(['example_skip_dag']) retrieved from /home/airflow/.local/lib/python3.7/site-packages/airflow/example_dags/example_skip_dag.py
[2023-04-16T03:56:30.024+0000] {logging_mixin.py:137} INFO - [2023-04-16T03:56:30.024+0000] {dag.py:2705} INFO - Sync 1 DAGs
[2023-04-16T03:56:30.069+0000] {logging_mixin.py:137} INFO - [2023-04-16T03:56:30.069+0000] {dag.py:3456} INFO - Setting next_dagrun for example_skip_dag to 2023-04-15T03:56:30.069511+00:00, run_after=2023-04-16T03:56:30.069511+00:00
[2023-04-16T03:56:30.091+0000] {processor.py:175} INFO - Processing /home/airflow/.local/lib/python3.7/site-packages/airflow/example_dags/example_skip_dag.py took 0.187 seconds
[2023-04-16T04:57:14.006+0000] {processor.py:153} INFO - Started process (PID=35087) to work on /home/airflow/.local/lib/python3.7/site-packages/airflow/example_dags/example_skip_dag.py
[2023-04-16T04:57:14.007+0000] {processor.py:743} INFO - Processing file /home/airflow/.local/lib/python3.7/site-packages/airflow/example_dags/example_skip_dag.py for tasks to queue
[2023-04-16T04:57:14.007+0000] {logging_mixin.py:137} INFO - [2023-04-16T04:57:14.007+0000] {dagbag.py:532} INFO - Filling up the DagBag from /home/airflow/.local/lib/python3.7/site-packages/airflow/example_dags/example_skip_dag.py
[2023-04-16T04:57:14.019+0000] {processor.py:753} INFO - DAG(s) dict_keys(['example_skip_dag']) retrieved from /home/airflow/.local/lib/python3.7/site-packages/airflow/example_dags/example_skip_dag.py
[2023-04-16T04:57:14.039+0000] {logging_mixin.py:137} INFO - [2023-04-16T04:57:14.039+0000] {dag.py:2705} INFO - Sync 1 DAGs
[2023-04-16T04:57:14.055+0000] {logging_mixin.py:137} INFO - [2023-04-16T04:57:14.055+0000] {dag.py:3456} INFO - Setting next_dagrun for example_skip_dag to 2023-04-15T04:57:14.055342+00:00, run_after=2023-04-16T04:57:14.055342+00:00
[2023-04-16T04:57:14.065+0000] {processor.py:175} INFO - Processing /home/airflow/.local/lib/python3.7/site-packages/airflow/example_dags/example_skip_dag.py took 0.063 seconds
[2023-04-16T04:57:44.581+0000] {processor.py:153} INFO - Started process (PID=35139) to work on /home/airflow/.local/lib/python3.7/site-packages/airflow/example_dags/example_skip_dag.py
[2023-04-16T04:57:44.581+0000] {processor.py:743} INFO - Processing file /home/airflow/.local/lib/python3.7/site-packages/airflow/example_dags/example_skip_dag.py for tasks to queue
[2023-04-16T04:57:44.582+0000] {logging_mixin.py:137} INFO - [2023-04-16T04:57:44.582+0000] {dagbag.py:532} INFO - Filling up the DagBag from /home/airflow/.local/lib/python3.7/site-packages/airflow/example_dags/example_skip_dag.py
[2023-04-16T04:57:44.592+0000] {processor.py:753} INFO - DAG(s) dict_keys(['example_skip_dag']) retrieved from /home/airflow/.local/lib/python3.7/site-packages/airflow/example_dags/example_skip_dag.py
[2023-04-16T04:57:44.610+0000] {logging_mixin.py:137} INFO - [2023-04-16T04:57:44.610+0000] {dag.py:2705} INFO - Sync 1 DAGs
[2023-04-16T04:57:44.625+0000] {logging_mixin.py:137} INFO - [2023-04-16T04:57:44.625+0000] {dag.py:3456} INFO - Setting next_dagrun for example_skip_dag to 2023-04-15T04:57:44.624877+00:00, run_after=2023-04-16T04:57:44.624877+00:00
[2023-04-16T04:57:44.634+0000] {processor.py:175} INFO - Processing /home/airflow/.local/lib/python3.7/site-packages/airflow/example_dags/example_skip_dag.py took 0.055 seconds
[2023-04-16T06:01:52.167+0000] {processor.py:153} INFO - Started process (PID=35192) to work on /home/airflow/.local/lib/python3.7/site-packages/airflow/example_dags/example_skip_dag.py
[2023-04-16T06:01:52.173+0000] {processor.py:743} INFO - Processing file /home/airflow/.local/lib/python3.7/site-packages/airflow/example_dags/example_skip_dag.py for tasks to queue
[2023-04-16T06:01:52.174+0000] {logging_mixin.py:137} INFO - [2023-04-16T06:01:52.174+0000] {dagbag.py:532} INFO - Filling up the DagBag from /home/airflow/.local/lib/python3.7/site-packages/airflow/example_dags/example_skip_dag.py
[2023-04-16T06:01:52.185+0000] {processor.py:753} INFO - DAG(s) dict_keys(['example_skip_dag']) retrieved from /home/airflow/.local/lib/python3.7/site-packages/airflow/example_dags/example_skip_dag.py
[2023-04-16T06:01:52.203+0000] {logging_mixin.py:137} INFO - [2023-04-16T06:01:52.203+0000] {dag.py:2705} INFO - Sync 1 DAGs
[2023-04-16T06:01:52.261+0000] {logging_mixin.py:137} INFO - [2023-04-16T06:01:52.261+0000] {dag.py:3456} INFO - Setting next_dagrun for example_skip_dag to 2023-04-15T06:01:52.261208+00:00, run_after=2023-04-16T06:01:52.261208+00:00
[2023-04-16T06:01:52.273+0000] {processor.py:175} INFO - Processing /home/airflow/.local/lib/python3.7/site-packages/airflow/example_dags/example_skip_dag.py took 0.109 seconds
[2023-04-16T06:13:25.069+0000] {processor.py:153} INFO - Started process (PID=35245) to work on /home/airflow/.local/lib/python3.7/site-packages/airflow/example_dags/example_skip_dag.py
[2023-04-16T06:13:25.070+0000] {processor.py:743} INFO - Processing file /home/airflow/.local/lib/python3.7/site-packages/airflow/example_dags/example_skip_dag.py for tasks to queue
[2023-04-16T06:13:25.071+0000] {logging_mixin.py:137} INFO - [2023-04-16T06:13:25.071+0000] {dagbag.py:532} INFO - Filling up the DagBag from /home/airflow/.local/lib/python3.7/site-packages/airflow/example_dags/example_skip_dag.py
[2023-04-16T06:13:25.081+0000] {processor.py:753} INFO - DAG(s) dict_keys(['example_skip_dag']) retrieved from /home/airflow/.local/lib/python3.7/site-packages/airflow/example_dags/example_skip_dag.py
[2023-04-16T06:13:25.108+0000] {logging_mixin.py:137} INFO - [2023-04-16T06:13:25.108+0000] {dag.py:2705} INFO - Sync 1 DAGs
[2023-04-16T06:13:25.123+0000] {logging_mixin.py:137} INFO - [2023-04-16T06:13:25.123+0000] {dag.py:3456} INFO - Setting next_dagrun for example_skip_dag to 2023-04-15T06:13:25.123679+00:00, run_after=2023-04-16T06:13:25.123679+00:00
[2023-04-16T06:13:25.134+0000] {processor.py:175} INFO - Processing /home/airflow/.local/lib/python3.7/site-packages/airflow/example_dags/example_skip_dag.py took 0.069 seconds
[2023-04-16T06:29:18.631+0000] {processor.py:153} INFO - Started process (PID=35298) to work on /home/airflow/.local/lib/python3.7/site-packages/airflow/example_dags/example_skip_dag.py
[2023-04-16T06:29:18.632+0000] {processor.py:743} INFO - Processing file /home/airflow/.local/lib/python3.7/site-packages/airflow/example_dags/example_skip_dag.py for tasks to queue
[2023-04-16T06:29:18.633+0000] {logging_mixin.py:137} INFO - [2023-04-16T06:29:18.633+0000] {dagbag.py:532} INFO - Filling up the DagBag from /home/airflow/.local/lib/python3.7/site-packages/airflow/example_dags/example_skip_dag.py
[2023-04-16T06:29:18.643+0000] {processor.py:753} INFO - DAG(s) dict_keys(['example_skip_dag']) retrieved from /home/airflow/.local/lib/python3.7/site-packages/airflow/example_dags/example_skip_dag.py
[2023-04-16T06:29:18.668+0000] {logging_mixin.py:137} INFO - [2023-04-16T06:29:18.668+0000] {dag.py:2705} INFO - Sync 1 DAGs
[2023-04-16T06:29:18.685+0000] {logging_mixin.py:137} INFO - [2023-04-16T06:29:18.685+0000] {dag.py:3456} INFO - Setting next_dagrun for example_skip_dag to 2023-04-15T06:29:18.685546+00:00, run_after=2023-04-16T06:29:18.685546+00:00
[2023-04-16T06:29:18.697+0000] {processor.py:175} INFO - Processing /home/airflow/.local/lib/python3.7/site-packages/airflow/example_dags/example_skip_dag.py took 0.069 seconds
[2023-04-16T07:31:24.728+0000] {processor.py:153} INFO - Started process (PID=35351) to work on /home/airflow/.local/lib/python3.7/site-packages/airflow/example_dags/example_skip_dag.py
[2023-04-16T07:31:24.729+0000] {processor.py:743} INFO - Processing file /home/airflow/.local/lib/python3.7/site-packages/airflow/example_dags/example_skip_dag.py for tasks to queue
[2023-04-16T07:31:24.731+0000] {logging_mixin.py:137} INFO - [2023-04-16T07:31:24.730+0000] {dagbag.py:532} INFO - Filling up the DagBag from /home/airflow/.local/lib/python3.7/site-packages/airflow/example_dags/example_skip_dag.py
[2023-04-16T07:31:24.742+0000] {processor.py:753} INFO - DAG(s) dict_keys(['example_skip_dag']) retrieved from /home/airflow/.local/lib/python3.7/site-packages/airflow/example_dags/example_skip_dag.py
[2023-04-16T07:31:24.765+0000] {logging_mixin.py:137} INFO - [2023-04-16T07:31:24.765+0000] {dag.py:2705} INFO - Sync 1 DAGs
[2023-04-16T07:31:24.781+0000] {logging_mixin.py:137} INFO - [2023-04-16T07:31:24.781+0000] {dag.py:3456} INFO - Setting next_dagrun for example_skip_dag to 2023-04-15T07:31:24.780859+00:00, run_after=2023-04-16T07:31:24.780859+00:00
[2023-04-16T07:31:24.791+0000] {processor.py:175} INFO - Processing /home/airflow/.local/lib/python3.7/site-packages/airflow/example_dags/example_skip_dag.py took 0.066 seconds
[2023-04-16T08:50:11.206+0000] {processor.py:153} INFO - Started process (PID=35404) to work on /home/airflow/.local/lib/python3.7/site-packages/airflow/example_dags/example_skip_dag.py
[2023-04-16T08:50:11.208+0000] {processor.py:743} INFO - Processing file /home/airflow/.local/lib/python3.7/site-packages/airflow/example_dags/example_skip_dag.py for tasks to queue
[2023-04-16T08:50:11.210+0000] {logging_mixin.py:137} INFO - [2023-04-16T08:50:11.210+0000] {dagbag.py:532} INFO - Filling up the DagBag from /home/airflow/.local/lib/python3.7/site-packages/airflow/example_dags/example_skip_dag.py
[2023-04-16T08:50:11.225+0000] {processor.py:753} INFO - DAG(s) dict_keys(['example_skip_dag']) retrieved from /home/airflow/.local/lib/python3.7/site-packages/airflow/example_dags/example_skip_dag.py
[2023-04-16T08:50:11.245+0000] {logging_mixin.py:137} INFO - [2023-04-16T08:50:11.245+0000] {dag.py:2705} INFO - Sync 1 DAGs
[2023-04-16T08:50:11.260+0000] {logging_mixin.py:137} INFO - [2023-04-16T08:50:11.260+0000] {dag.py:3456} INFO - Setting next_dagrun for example_skip_dag to 2023-04-15T08:50:11.260529+00:00, run_after=2023-04-16T08:50:11.260529+00:00
[2023-04-16T08:50:11.270+0000] {processor.py:175} INFO - Processing /home/airflow/.local/lib/python3.7/site-packages/airflow/example_dags/example_skip_dag.py took 0.067 seconds
[2023-04-16T09:55:48.138+0000] {processor.py:153} INFO - Started process (PID=35457) to work on /home/airflow/.local/lib/python3.7/site-packages/airflow/example_dags/example_skip_dag.py
[2023-04-16T09:55:48.140+0000] {processor.py:743} INFO - Processing file /home/airflow/.local/lib/python3.7/site-packages/airflow/example_dags/example_skip_dag.py for tasks to queue
[2023-04-16T09:55:48.141+0000] {logging_mixin.py:137} INFO - [2023-04-16T09:55:48.141+0000] {dagbag.py:532} INFO - Filling up the DagBag from /home/airflow/.local/lib/python3.7/site-packages/airflow/example_dags/example_skip_dag.py
[2023-04-16T09:55:48.158+0000] {processor.py:753} INFO - DAG(s) dict_keys(['example_skip_dag']) retrieved from /home/airflow/.local/lib/python3.7/site-packages/airflow/example_dags/example_skip_dag.py
[2023-04-16T09:55:48.190+0000] {logging_mixin.py:137} INFO - [2023-04-16T09:55:48.190+0000] {dag.py:2705} INFO - Sync 1 DAGs
[2023-04-16T09:55:48.208+0000] {logging_mixin.py:137} INFO - [2023-04-16T09:55:48.208+0000] {dag.py:3456} INFO - Setting next_dagrun for example_skip_dag to 2023-04-15T09:55:48.207822+00:00, run_after=2023-04-16T09:55:48.207822+00:00
[2023-04-16T09:55:48.220+0000] {processor.py:175} INFO - Processing /home/airflow/.local/lib/python3.7/site-packages/airflow/example_dags/example_skip_dag.py took 0.086 seconds
[2023-04-16T11:01:49.274+0000] {processor.py:153} INFO - Started process (PID=35511) to work on /home/airflow/.local/lib/python3.7/site-packages/airflow/example_dags/example_skip_dag.py
[2023-04-16T11:01:49.275+0000] {processor.py:743} INFO - Processing file /home/airflow/.local/lib/python3.7/site-packages/airflow/example_dags/example_skip_dag.py for tasks to queue
[2023-04-16T11:01:49.276+0000] {logging_mixin.py:137} INFO - [2023-04-16T11:01:49.276+0000] {dagbag.py:532} INFO - Filling up the DagBag from /home/airflow/.local/lib/python3.7/site-packages/airflow/example_dags/example_skip_dag.py
[2023-04-16T11:01:49.288+0000] {processor.py:753} INFO - DAG(s) dict_keys(['example_skip_dag']) retrieved from /home/airflow/.local/lib/python3.7/site-packages/airflow/example_dags/example_skip_dag.py
[2023-04-16T11:01:49.308+0000] {logging_mixin.py:137} INFO - [2023-04-16T11:01:49.308+0000] {dag.py:2705} INFO - Sync 1 DAGs
[2023-04-16T11:01:49.336+0000] {logging_mixin.py:137} INFO - [2023-04-16T11:01:49.335+0000] {dag.py:3456} INFO - Setting next_dagrun for example_skip_dag to 2023-04-15T11:01:49.335643+00:00, run_after=2023-04-16T11:01:49.335643+00:00
[2023-04-16T11:01:49.356+0000] {processor.py:175} INFO - Processing /home/airflow/.local/lib/python3.7/site-packages/airflow/example_dags/example_skip_dag.py took 0.084 seconds
[2023-04-16T12:25:13.420+0000] {processor.py:153} INFO - Started process (PID=35564) to work on /home/airflow/.local/lib/python3.7/site-packages/airflow/example_dags/example_skip_dag.py
[2023-04-16T12:25:13.421+0000] {processor.py:743} INFO - Processing file /home/airflow/.local/lib/python3.7/site-packages/airflow/example_dags/example_skip_dag.py for tasks to queue
[2023-04-16T12:25:13.421+0000] {logging_mixin.py:137} INFO - [2023-04-16T12:25:13.421+0000] {dagbag.py:532} INFO - Filling up the DagBag from /home/airflow/.local/lib/python3.7/site-packages/airflow/example_dags/example_skip_dag.py
[2023-04-16T12:25:13.432+0000] {processor.py:753} INFO - DAG(s) dict_keys(['example_skip_dag']) retrieved from /home/airflow/.local/lib/python3.7/site-packages/airflow/example_dags/example_skip_dag.py
[2023-04-16T12:25:13.453+0000] {logging_mixin.py:137} INFO - [2023-04-16T12:25:13.453+0000] {dag.py:2705} INFO - Sync 1 DAGs
[2023-04-16T12:25:13.475+0000] {logging_mixin.py:137} INFO - [2023-04-16T12:25:13.475+0000] {dag.py:3456} INFO - Setting next_dagrun for example_skip_dag to 2023-04-15T12:25:13.474792+00:00, run_after=2023-04-16T12:25:13.474792+00:00
[2023-04-16T12:25:13.502+0000] {processor.py:175} INFO - Processing /home/airflow/.local/lib/python3.7/site-packages/airflow/example_dags/example_skip_dag.py took 0.086 seconds
[2023-04-16T13:32:25.287+0000] {processor.py:153} INFO - Started process (PID=35617) to work on /home/airflow/.local/lib/python3.7/site-packages/airflow/example_dags/example_skip_dag.py
[2023-04-16T13:32:25.288+0000] {processor.py:743} INFO - Processing file /home/airflow/.local/lib/python3.7/site-packages/airflow/example_dags/example_skip_dag.py for tasks to queue
[2023-04-16T13:32:25.289+0000] {logging_mixin.py:137} INFO - [2023-04-16T13:32:25.289+0000] {dagbag.py:532} INFO - Filling up the DagBag from /home/airflow/.local/lib/python3.7/site-packages/airflow/example_dags/example_skip_dag.py
[2023-04-16T13:32:25.299+0000] {processor.py:753} INFO - DAG(s) dict_keys(['example_skip_dag']) retrieved from /home/airflow/.local/lib/python3.7/site-packages/airflow/example_dags/example_skip_dag.py
[2023-04-16T13:32:25.318+0000] {logging_mixin.py:137} INFO - [2023-04-16T13:32:25.318+0000] {dag.py:2705} INFO - Sync 1 DAGs
[2023-04-16T13:32:25.337+0000] {logging_mixin.py:137} INFO - [2023-04-16T13:32:25.337+0000] {dag.py:3456} INFO - Setting next_dagrun for example_skip_dag to 2023-04-15T13:32:25.337244+00:00, run_after=2023-04-16T13:32:25.337244+00:00
[2023-04-16T13:32:25.349+0000] {processor.py:175} INFO - Processing /home/airflow/.local/lib/python3.7/site-packages/airflow/example_dags/example_skip_dag.py took 0.065 seconds
[2023-04-16T14:26:07.004+0000] {processor.py:153} INFO - Started process (PID=35670) to work on /home/airflow/.local/lib/python3.7/site-packages/airflow/example_dags/example_skip_dag.py
[2023-04-16T14:26:07.007+0000] {processor.py:743} INFO - Processing file /home/airflow/.local/lib/python3.7/site-packages/airflow/example_dags/example_skip_dag.py for tasks to queue
[2023-04-16T14:26:07.010+0000] {logging_mixin.py:137} INFO - [2023-04-16T14:26:07.010+0000] {dagbag.py:532} INFO - Filling up the DagBag from /home/airflow/.local/lib/python3.7/site-packages/airflow/example_dags/example_skip_dag.py
[2023-04-16T14:26:07.024+0000] {processor.py:753} INFO - DAG(s) dict_keys(['example_skip_dag']) retrieved from /home/airflow/.local/lib/python3.7/site-packages/airflow/example_dags/example_skip_dag.py
[2023-04-16T14:26:07.071+0000] {logging_mixin.py:137} INFO - [2023-04-16T14:26:07.070+0000] {dag.py:2705} INFO - Sync 1 DAGs
[2023-04-16T14:26:07.112+0000] {logging_mixin.py:137} INFO - [2023-04-16T14:26:07.112+0000] {dag.py:3456} INFO - Setting next_dagrun for example_skip_dag to 2023-04-15T14:26:07.112264+00:00, run_after=2023-04-16T14:26:07.112264+00:00
[2023-04-16T14:26:07.138+0000] {processor.py:175} INFO - Processing /home/airflow/.local/lib/python3.7/site-packages/airflow/example_dags/example_skip_dag.py took 0.138 seconds
[2023-04-16T14:26:38.081+0000] {processor.py:153} INFO - Started process (PID=35723) to work on /home/airflow/.local/lib/python3.7/site-packages/airflow/example_dags/example_skip_dag.py
[2023-04-16T14:26:38.084+0000] {processor.py:743} INFO - Processing file /home/airflow/.local/lib/python3.7/site-packages/airflow/example_dags/example_skip_dag.py for tasks to queue
[2023-04-16T14:26:38.085+0000] {logging_mixin.py:137} INFO - [2023-04-16T14:26:38.085+0000] {dagbag.py:532} INFO - Filling up the DagBag from /home/airflow/.local/lib/python3.7/site-packages/airflow/example_dags/example_skip_dag.py
[2023-04-16T14:26:38.101+0000] {processor.py:753} INFO - DAG(s) dict_keys(['example_skip_dag']) retrieved from /home/airflow/.local/lib/python3.7/site-packages/airflow/example_dags/example_skip_dag.py
[2023-04-16T14:26:38.136+0000] {logging_mixin.py:137} INFO - [2023-04-16T14:26:38.136+0000] {dag.py:2705} INFO - Sync 1 DAGs
[2023-04-16T14:26:38.159+0000] {logging_mixin.py:137} INFO - [2023-04-16T14:26:38.159+0000] {dag.py:3456} INFO - Setting next_dagrun for example_skip_dag to 2023-04-15T14:26:38.159229+00:00, run_after=2023-04-16T14:26:38.159229+00:00
[2023-04-16T14:26:38.173+0000] {processor.py:175} INFO - Processing /home/airflow/.local/lib/python3.7/site-packages/airflow/example_dags/example_skip_dag.py took 0.102 seconds
[2023-04-16T15:14:33.274+0000] {processor.py:153} INFO - Started process (PID=35776) to work on /home/airflow/.local/lib/python3.7/site-packages/airflow/example_dags/example_skip_dag.py
[2023-04-16T15:14:33.278+0000] {processor.py:743} INFO - Processing file /home/airflow/.local/lib/python3.7/site-packages/airflow/example_dags/example_skip_dag.py for tasks to queue
[2023-04-16T15:14:33.279+0000] {logging_mixin.py:137} INFO - [2023-04-16T15:14:33.279+0000] {dagbag.py:532} INFO - Filling up the DagBag from /home/airflow/.local/lib/python3.7/site-packages/airflow/example_dags/example_skip_dag.py
[2023-04-16T15:14:33.306+0000] {processor.py:753} INFO - DAG(s) dict_keys(['example_skip_dag']) retrieved from /home/airflow/.local/lib/python3.7/site-packages/airflow/example_dags/example_skip_dag.py
[2023-04-16T15:14:33.392+0000] {logging_mixin.py:137} INFO - [2023-04-16T15:14:33.392+0000] {dag.py:2705} INFO - Sync 1 DAGs
[2023-04-16T15:14:33.432+0000] {logging_mixin.py:137} INFO - [2023-04-16T15:14:33.432+0000] {dag.py:3456} INFO - Setting next_dagrun for example_skip_dag to 2023-04-15T15:14:33.431833+00:00, run_after=2023-04-16T15:14:33.431833+00:00
[2023-04-16T15:14:33.453+0000] {processor.py:175} INFO - Processing /home/airflow/.local/lib/python3.7/site-packages/airflow/example_dags/example_skip_dag.py took 0.185 seconds
[2023-04-16T15:15:03.826+0000] {processor.py:153} INFO - Started process (PID=35829) to work on /home/airflow/.local/lib/python3.7/site-packages/airflow/example_dags/example_skip_dag.py
[2023-04-16T15:15:03.827+0000] {processor.py:743} INFO - Processing file /home/airflow/.local/lib/python3.7/site-packages/airflow/example_dags/example_skip_dag.py for tasks to queue
[2023-04-16T15:15:03.827+0000] {logging_mixin.py:137} INFO - [2023-04-16T15:15:03.827+0000] {dagbag.py:532} INFO - Filling up the DagBag from /home/airflow/.local/lib/python3.7/site-packages/airflow/example_dags/example_skip_dag.py
[2023-04-16T15:15:03.837+0000] {processor.py:753} INFO - DAG(s) dict_keys(['example_skip_dag']) retrieved from /home/airflow/.local/lib/python3.7/site-packages/airflow/example_dags/example_skip_dag.py
[2023-04-16T15:15:03.855+0000] {logging_mixin.py:137} INFO - [2023-04-16T15:15:03.855+0000] {dag.py:2705} INFO - Sync 1 DAGs
[2023-04-16T15:15:03.871+0000] {logging_mixin.py:137} INFO - [2023-04-16T15:15:03.870+0000] {dag.py:3456} INFO - Setting next_dagrun for example_skip_dag to 2023-04-15T15:15:03.870817+00:00, run_after=2023-04-16T15:15:03.870817+00:00
[2023-04-16T15:15:03.880+0000] {processor.py:175} INFO - Processing /home/airflow/.local/lib/python3.7/site-packages/airflow/example_dags/example_skip_dag.py took 0.056 seconds
[2023-04-16T16:03:32.017+0000] {processor.py:153} INFO - Started process (PID=35882) to work on /home/airflow/.local/lib/python3.7/site-packages/airflow/example_dags/example_skip_dag.py
[2023-04-16T16:03:32.018+0000] {processor.py:743} INFO - Processing file /home/airflow/.local/lib/python3.7/site-packages/airflow/example_dags/example_skip_dag.py for tasks to queue
[2023-04-16T16:03:32.019+0000] {logging_mixin.py:137} INFO - [2023-04-16T16:03:32.019+0000] {dagbag.py:532} INFO - Filling up the DagBag from /home/airflow/.local/lib/python3.7/site-packages/airflow/example_dags/example_skip_dag.py
[2023-04-16T16:03:32.033+0000] {processor.py:753} INFO - DAG(s) dict_keys(['example_skip_dag']) retrieved from /home/airflow/.local/lib/python3.7/site-packages/airflow/example_dags/example_skip_dag.py
[2023-04-16T16:03:32.057+0000] {logging_mixin.py:137} INFO - [2023-04-16T16:03:32.057+0000] {dag.py:2705} INFO - Sync 1 DAGs
[2023-04-16T16:03:32.071+0000] {logging_mixin.py:137} INFO - [2023-04-16T16:03:32.071+0000] {dag.py:3456} INFO - Setting next_dagrun for example_skip_dag to 2023-04-15T16:03:32.071318+00:00, run_after=2023-04-16T16:03:32.071318+00:00
[2023-04-16T16:03:32.081+0000] {processor.py:175} INFO - Processing /home/airflow/.local/lib/python3.7/site-packages/airflow/example_dags/example_skip_dag.py took 0.067 seconds
[2023-04-16T17:09:32.691+0000] {processor.py:153} INFO - Started process (PID=35935) to work on /home/airflow/.local/lib/python3.7/site-packages/airflow/example_dags/example_skip_dag.py
[2023-04-16T17:09:32.693+0000] {processor.py:743} INFO - Processing file /home/airflow/.local/lib/python3.7/site-packages/airflow/example_dags/example_skip_dag.py for tasks to queue
[2023-04-16T17:09:32.694+0000] {logging_mixin.py:137} INFO - [2023-04-16T17:09:32.694+0000] {dagbag.py:532} INFO - Filling up the DagBag from /home/airflow/.local/lib/python3.7/site-packages/airflow/example_dags/example_skip_dag.py
[2023-04-16T17:09:32.716+0000] {processor.py:753} INFO - DAG(s) dict_keys(['example_skip_dag']) retrieved from /home/airflow/.local/lib/python3.7/site-packages/airflow/example_dags/example_skip_dag.py
[2023-04-16T17:09:32.756+0000] {logging_mixin.py:137} INFO - [2023-04-16T17:09:32.756+0000] {dag.py:2705} INFO - Sync 1 DAGs
[2023-04-16T17:09:32.779+0000] {logging_mixin.py:137} INFO - [2023-04-16T17:09:32.779+0000] {dag.py:3456} INFO - Setting next_dagrun for example_skip_dag to 2023-04-15T17:09:32.779184+00:00, run_after=2023-04-16T17:09:32.779184+00:00
[2023-04-16T17:09:32.791+0000] {processor.py:175} INFO - Processing /home/airflow/.local/lib/python3.7/site-packages/airflow/example_dags/example_skip_dag.py took 0.107 seconds
[2023-04-16T18:32:23.682+0000] {processor.py:153} INFO - Started process (PID=35988) to work on /home/airflow/.local/lib/python3.7/site-packages/airflow/example_dags/example_skip_dag.py
[2023-04-16T18:32:23.687+0000] {processor.py:743} INFO - Processing file /home/airflow/.local/lib/python3.7/site-packages/airflow/example_dags/example_skip_dag.py for tasks to queue
[2023-04-16T18:32:23.688+0000] {logging_mixin.py:137} INFO - [2023-04-16T18:32:23.688+0000] {dagbag.py:532} INFO - Filling up the DagBag from /home/airflow/.local/lib/python3.7/site-packages/airflow/example_dags/example_skip_dag.py
[2023-04-16T18:32:23.710+0000] {processor.py:753} INFO - DAG(s) dict_keys(['example_skip_dag']) retrieved from /home/airflow/.local/lib/python3.7/site-packages/airflow/example_dags/example_skip_dag.py
[2023-04-16T18:32:23.772+0000] {logging_mixin.py:137} INFO - [2023-04-16T18:32:23.772+0000] {dag.py:2705} INFO - Sync 1 DAGs
[2023-04-16T18:32:23.803+0000] {logging_mixin.py:137} INFO - [2023-04-16T18:32:23.803+0000] {dag.py:3456} INFO - Setting next_dagrun for example_skip_dag to 2023-04-15T18:32:23.802970+00:00, run_after=2023-04-16T18:32:23.802970+00:00
[2023-04-16T18:32:23.825+0000] {processor.py:175} INFO - Processing /home/airflow/.local/lib/python3.7/site-packages/airflow/example_dags/example_skip_dag.py took 0.148 seconds
[2023-04-16T19:39:48.964+0000] {processor.py:153} INFO - Started process (PID=36041) to work on /home/airflow/.local/lib/python3.7/site-packages/airflow/example_dags/example_skip_dag.py
[2023-04-16T19:39:48.971+0000] {processor.py:743} INFO - Processing file /home/airflow/.local/lib/python3.7/site-packages/airflow/example_dags/example_skip_dag.py for tasks to queue
[2023-04-16T19:39:48.971+0000] {logging_mixin.py:137} INFO - [2023-04-16T19:39:48.971+0000] {dagbag.py:532} INFO - Filling up the DagBag from /home/airflow/.local/lib/python3.7/site-packages/airflow/example_dags/example_skip_dag.py
[2023-04-16T19:39:48.988+0000] {processor.py:753} INFO - DAG(s) dict_keys(['example_skip_dag']) retrieved from /home/airflow/.local/lib/python3.7/site-packages/airflow/example_dags/example_skip_dag.py
[2023-04-16T19:39:49.030+0000] {logging_mixin.py:137} INFO - [2023-04-16T19:39:49.030+0000] {dag.py:2705} INFO - Sync 1 DAGs
[2023-04-16T19:39:49.050+0000] {logging_mixin.py:137} INFO - [2023-04-16T19:39:49.050+0000] {dag.py:3456} INFO - Setting next_dagrun for example_skip_dag to 2023-04-15T19:39:49.050526+00:00, run_after=2023-04-16T19:39:49.050526+00:00
[2023-04-16T19:39:49.062+0000] {processor.py:175} INFO - Processing /home/airflow/.local/lib/python3.7/site-packages/airflow/example_dags/example_skip_dag.py took 0.103 seconds
[2023-04-16T20:44:58.678+0000] {processor.py:153} INFO - Started process (PID=36094) to work on /home/airflow/.local/lib/python3.7/site-packages/airflow/example_dags/example_skip_dag.py
[2023-04-16T20:44:58.681+0000] {processor.py:743} INFO - Processing file /home/airflow/.local/lib/python3.7/site-packages/airflow/example_dags/example_skip_dag.py for tasks to queue
[2023-04-16T20:44:58.682+0000] {logging_mixin.py:137} INFO - [2023-04-16T20:44:58.682+0000] {dagbag.py:532} INFO - Filling up the DagBag from /home/airflow/.local/lib/python3.7/site-packages/airflow/example_dags/example_skip_dag.py
[2023-04-16T20:44:58.698+0000] {processor.py:753} INFO - DAG(s) dict_keys(['example_skip_dag']) retrieved from /home/airflow/.local/lib/python3.7/site-packages/airflow/example_dags/example_skip_dag.py
[2023-04-16T20:44:58.733+0000] {logging_mixin.py:137} INFO - [2023-04-16T20:44:58.733+0000] {dag.py:2705} INFO - Sync 1 DAGs
[2023-04-16T20:44:58.756+0000] {logging_mixin.py:137} INFO - [2023-04-16T20:44:58.756+0000] {dag.py:3456} INFO - Setting next_dagrun for example_skip_dag to 2023-04-15T20:44:58.755869+00:00, run_after=2023-04-16T20:44:58.755869+00:00
[2023-04-16T20:44:58.782+0000] {processor.py:175} INFO - Processing /home/airflow/.local/lib/python3.7/site-packages/airflow/example_dags/example_skip_dag.py took 0.108 seconds
[2023-04-16T21:52:24.663+0000] {processor.py:153} INFO - Started process (PID=36147) to work on /home/airflow/.local/lib/python3.7/site-packages/airflow/example_dags/example_skip_dag.py
[2023-04-16T21:52:24.664+0000] {processor.py:743} INFO - Processing file /home/airflow/.local/lib/python3.7/site-packages/airflow/example_dags/example_skip_dag.py for tasks to queue
[2023-04-16T21:52:24.665+0000] {logging_mixin.py:137} INFO - [2023-04-16T21:52:24.665+0000] {dagbag.py:532} INFO - Filling up the DagBag from /home/airflow/.local/lib/python3.7/site-packages/airflow/example_dags/example_skip_dag.py
[2023-04-16T21:52:24.676+0000] {processor.py:753} INFO - DAG(s) dict_keys(['example_skip_dag']) retrieved from /home/airflow/.local/lib/python3.7/site-packages/airflow/example_dags/example_skip_dag.py
[2023-04-16T21:52:24.698+0000] {logging_mixin.py:137} INFO - [2023-04-16T21:52:24.698+0000] {dag.py:2705} INFO - Sync 1 DAGs
[2023-04-16T21:52:24.713+0000] {logging_mixin.py:137} INFO - [2023-04-16T21:52:24.713+0000] {dag.py:3456} INFO - Setting next_dagrun for example_skip_dag to 2023-04-15T21:52:24.713159+00:00, run_after=2023-04-16T21:52:24.713159+00:00
[2023-04-16T21:52:24.723+0000] {processor.py:175} INFO - Processing /home/airflow/.local/lib/python3.7/site-packages/airflow/example_dags/example_skip_dag.py took 0.062 seconds
[2023-04-16T22:18:54.458+0000] {processor.py:153} INFO - Started process (PID=36200) to work on /home/airflow/.local/lib/python3.7/site-packages/airflow/example_dags/example_skip_dag.py
[2023-04-16T22:18:54.460+0000] {processor.py:743} INFO - Processing file /home/airflow/.local/lib/python3.7/site-packages/airflow/example_dags/example_skip_dag.py for tasks to queue
[2023-04-16T22:18:54.460+0000] {logging_mixin.py:137} INFO - [2023-04-16T22:18:54.460+0000] {dagbag.py:532} INFO - Filling up the DagBag from /home/airflow/.local/lib/python3.7/site-packages/airflow/example_dags/example_skip_dag.py
[2023-04-16T22:18:54.471+0000] {processor.py:753} INFO - DAG(s) dict_keys(['example_skip_dag']) retrieved from /home/airflow/.local/lib/python3.7/site-packages/airflow/example_dags/example_skip_dag.py
[2023-04-16T22:18:54.492+0000] {logging_mixin.py:137} INFO - [2023-04-16T22:18:54.492+0000] {dag.py:2705} INFO - Sync 1 DAGs
[2023-04-16T22:18:54.510+0000] {logging_mixin.py:137} INFO - [2023-04-16T22:18:54.510+0000] {dag.py:3456} INFO - Setting next_dagrun for example_skip_dag to 2023-04-15T22:18:54.509834+00:00, run_after=2023-04-16T22:18:54.509834+00:00
[2023-04-16T22:18:54.521+0000] {processor.py:175} INFO - Processing /home/airflow/.local/lib/python3.7/site-packages/airflow/example_dags/example_skip_dag.py took 0.065 seconds
[2023-04-16T22:19:25.064+0000] {processor.py:153} INFO - Started process (PID=36253) to work on /home/airflow/.local/lib/python3.7/site-packages/airflow/example_dags/example_skip_dag.py
[2023-04-16T22:19:25.065+0000] {processor.py:743} INFO - Processing file /home/airflow/.local/lib/python3.7/site-packages/airflow/example_dags/example_skip_dag.py for tasks to queue
[2023-04-16T22:19:25.065+0000] {logging_mixin.py:137} INFO - [2023-04-16T22:19:25.065+0000] {dagbag.py:532} INFO - Filling up the DagBag from /home/airflow/.local/lib/python3.7/site-packages/airflow/example_dags/example_skip_dag.py
[2023-04-16T22:19:25.075+0000] {processor.py:753} INFO - DAG(s) dict_keys(['example_skip_dag']) retrieved from /home/airflow/.local/lib/python3.7/site-packages/airflow/example_dags/example_skip_dag.py
[2023-04-16T22:19:25.093+0000] {logging_mixin.py:137} INFO - [2023-04-16T22:19:25.093+0000] {dag.py:2705} INFO - Sync 1 DAGs
[2023-04-16T22:19:25.107+0000] {logging_mixin.py:137} INFO - [2023-04-16T22:19:25.107+0000] {dag.py:3456} INFO - Setting next_dagrun for example_skip_dag to 2023-04-15T22:19:25.106926+00:00, run_after=2023-04-16T22:19:25.106926+00:00
[2023-04-16T22:19:25.117+0000] {processor.py:175} INFO - Processing /home/airflow/.local/lib/python3.7/site-packages/airflow/example_dags/example_skip_dag.py took 0.056 seconds
[2023-04-16T22:39:19.189+0000] {processor.py:153} INFO - Started process (PID=36306) to work on /home/airflow/.local/lib/python3.7/site-packages/airflow/example_dags/example_skip_dag.py
[2023-04-16T22:39:19.190+0000] {processor.py:743} INFO - Processing file /home/airflow/.local/lib/python3.7/site-packages/airflow/example_dags/example_skip_dag.py for tasks to queue
[2023-04-16T22:39:19.191+0000] {logging_mixin.py:137} INFO - [2023-04-16T22:39:19.191+0000] {dagbag.py:532} INFO - Filling up the DagBag from /home/airflow/.local/lib/python3.7/site-packages/airflow/example_dags/example_skip_dag.py
[2023-04-16T22:39:19.201+0000] {processor.py:753} INFO - DAG(s) dict_keys(['example_skip_dag']) retrieved from /home/airflow/.local/lib/python3.7/site-packages/airflow/example_dags/example_skip_dag.py
[2023-04-16T22:39:19.219+0000] {logging_mixin.py:137} INFO - [2023-04-16T22:39:19.219+0000] {dag.py:2705} INFO - Sync 1 DAGs
[2023-04-16T22:39:19.234+0000] {logging_mixin.py:137} INFO - [2023-04-16T22:39:19.234+0000] {dag.py:3456} INFO - Setting next_dagrun for example_skip_dag to 2023-04-15T22:39:19.234745+00:00, run_after=2023-04-16T22:39:19.234745+00:00
[2023-04-16T22:39:19.244+0000] {processor.py:175} INFO - Processing /home/airflow/.local/lib/python3.7/site-packages/airflow/example_dags/example_skip_dag.py took 0.057 seconds
[2023-04-16T22:39:49.698+0000] {processor.py:153} INFO - Started process (PID=36359) to work on /home/airflow/.local/lib/python3.7/site-packages/airflow/example_dags/example_skip_dag.py
[2023-04-16T22:39:49.699+0000] {processor.py:743} INFO - Processing file /home/airflow/.local/lib/python3.7/site-packages/airflow/example_dags/example_skip_dag.py for tasks to queue
[2023-04-16T22:39:49.699+0000] {logging_mixin.py:137} INFO - [2023-04-16T22:39:49.699+0000] {dagbag.py:532} INFO - Filling up the DagBag from /home/airflow/.local/lib/python3.7/site-packages/airflow/example_dags/example_skip_dag.py
[2023-04-16T22:39:49.709+0000] {processor.py:753} INFO - DAG(s) dict_keys(['example_skip_dag']) retrieved from /home/airflow/.local/lib/python3.7/site-packages/airflow/example_dags/example_skip_dag.py
[2023-04-16T22:39:49.729+0000] {logging_mixin.py:137} INFO - [2023-04-16T22:39:49.729+0000] {dag.py:2705} INFO - Sync 1 DAGs
[2023-04-16T22:39:49.744+0000] {logging_mixin.py:137} INFO - [2023-04-16T22:39:49.744+0000] {dag.py:3456} INFO - Setting next_dagrun for example_skip_dag to 2023-04-15T22:39:49.743922+00:00, run_after=2023-04-16T22:39:49.743922+00:00
[2023-04-16T22:39:49.753+0000] {processor.py:175} INFO - Processing /home/airflow/.local/lib/python3.7/site-packages/airflow/example_dags/example_skip_dag.py took 0.059 seconds
