[2023-04-16T00:33:36.380+0000] {processor.py:153} INFO - Started process (PID=34878) to work on /home/airflow/.local/lib/python3.7/site-packages/airflow/example_dags/example_complex.py
[2023-04-16T00:33:36.381+0000] {processor.py:743} INFO - Processing file /home/airflow/.local/lib/python3.7/site-packages/airflow/example_dags/example_complex.py for tasks to queue
[2023-04-16T00:33:36.382+0000] {logging_mixin.py:137} INFO - [2023-04-16T00:33:36.382+0000] {dagbag.py:532} INFO - Filling up the DagBag from /home/airflow/.local/lib/python3.7/site-packages/airflow/example_dags/example_complex.py
[2023-04-16T00:33:36.391+0000] {logging_mixin.py:137} INFO - [2023-04-16T00:33:36.391+0000] {taskmixin.py:211} WARNING - Dependency <Task(BashOperator): create_entry_group>, delete_entry_group already registered for DAG: example_complex
[2023-04-16T00:33:36.392+0000] {logging_mixin.py:137} INFO - [2023-04-16T00:33:36.392+0000] {taskmixin.py:211} WARNING - Dependency <Task(BashOperator): delete_entry_group>, create_entry_group already registered for DAG: example_complex
[2023-04-16T00:33:36.393+0000] {logging_mixin.py:137} INFO - [2023-04-16T00:33:36.393+0000] {taskmixin.py:211} WARNING - Dependency <Task(BashOperator): create_entry_gcs>, delete_entry already registered for DAG: example_complex
[2023-04-16T00:33:36.393+0000] {logging_mixin.py:137} INFO - [2023-04-16T00:33:36.393+0000] {taskmixin.py:211} WARNING - Dependency <Task(BashOperator): delete_entry>, create_entry_gcs already registered for DAG: example_complex
[2023-04-16T00:33:36.394+0000] {logging_mixin.py:137} INFO - [2023-04-16T00:33:36.394+0000] {taskmixin.py:211} WARNING - Dependency <Task(BashOperator): create_tag>, delete_tag already registered for DAG: example_complex
[2023-04-16T00:33:36.394+0000] {logging_mixin.py:137} INFO - [2023-04-16T00:33:36.394+0000] {taskmixin.py:211} WARNING - Dependency <Task(BashOperator): delete_tag>, create_tag already registered for DAG: example_complex
[2023-04-16T00:33:36.401+0000] {processor.py:753} INFO - DAG(s) dict_keys(['example_complex']) retrieved from /home/airflow/.local/lib/python3.7/site-packages/airflow/example_dags/example_complex.py
[2023-04-16T00:33:36.430+0000] {logging_mixin.py:137} INFO - [2023-04-16T00:33:36.430+0000] {dag.py:2705} INFO - Sync 1 DAGs
[2023-04-16T00:33:36.447+0000] {logging_mixin.py:137} INFO - [2023-04-16T00:33:36.446+0000] {dag.py:3456} INFO - Setting next_dagrun for example_complex to None, run_after=None
[2023-04-16T00:33:36.457+0000] {processor.py:175} INFO - Processing /home/airflow/.local/lib/python3.7/site-packages/airflow/example_dags/example_complex.py took 0.080 seconds
[2023-04-16T01:42:56.114+0000] {processor.py:153} INFO - Started process (PID=34931) to work on /home/airflow/.local/lib/python3.7/site-packages/airflow/example_dags/example_complex.py
[2023-04-16T01:42:56.115+0000] {processor.py:743} INFO - Processing file /home/airflow/.local/lib/python3.7/site-packages/airflow/example_dags/example_complex.py for tasks to queue
[2023-04-16T01:42:56.118+0000] {logging_mixin.py:137} INFO - [2023-04-16T01:42:56.118+0000] {dagbag.py:532} INFO - Filling up the DagBag from /home/airflow/.local/lib/python3.7/site-packages/airflow/example_dags/example_complex.py
[2023-04-16T01:42:56.127+0000] {logging_mixin.py:137} INFO - [2023-04-16T01:42:56.127+0000] {taskmixin.py:211} WARNING - Dependency <Task(BashOperator): create_entry_group>, delete_entry_group already registered for DAG: example_complex
[2023-04-16T01:42:56.128+0000] {logging_mixin.py:137} INFO - [2023-04-16T01:42:56.128+0000] {taskmixin.py:211} WARNING - Dependency <Task(BashOperator): delete_entry_group>, create_entry_group already registered for DAG: example_complex
[2023-04-16T01:42:56.128+0000] {logging_mixin.py:137} INFO - [2023-04-16T01:42:56.128+0000] {taskmixin.py:211} WARNING - Dependency <Task(BashOperator): create_entry_gcs>, delete_entry already registered for DAG: example_complex
[2023-04-16T01:42:56.128+0000] {logging_mixin.py:137} INFO - [2023-04-16T01:42:56.128+0000] {taskmixin.py:211} WARNING - Dependency <Task(BashOperator): delete_entry>, create_entry_gcs already registered for DAG: example_complex
[2023-04-16T01:42:56.129+0000] {logging_mixin.py:137} INFO - [2023-04-16T01:42:56.129+0000] {taskmixin.py:211} WARNING - Dependency <Task(BashOperator): create_tag>, delete_tag already registered for DAG: example_complex
[2023-04-16T01:42:56.130+0000] {logging_mixin.py:137} INFO - [2023-04-16T01:42:56.130+0000] {taskmixin.py:211} WARNING - Dependency <Task(BashOperator): delete_tag>, create_tag already registered for DAG: example_complex
[2023-04-16T01:42:56.137+0000] {processor.py:753} INFO - DAG(s) dict_keys(['example_complex']) retrieved from /home/airflow/.local/lib/python3.7/site-packages/airflow/example_dags/example_complex.py
[2023-04-16T01:42:56.164+0000] {logging_mixin.py:137} INFO - [2023-04-16T01:42:56.164+0000] {dag.py:2705} INFO - Sync 1 DAGs
[2023-04-16T01:42:56.180+0000] {logging_mixin.py:137} INFO - [2023-04-16T01:42:56.179+0000] {dag.py:3456} INFO - Setting next_dagrun for example_complex to None, run_after=None
[2023-04-16T01:42:56.190+0000] {processor.py:175} INFO - Processing /home/airflow/.local/lib/python3.7/site-packages/airflow/example_dags/example_complex.py took 0.079 seconds
[2023-04-16T02:49:24.874+0000] {processor.py:153} INFO - Started process (PID=34984) to work on /home/airflow/.local/lib/python3.7/site-packages/airflow/example_dags/example_complex.py
[2023-04-16T02:49:24.877+0000] {processor.py:743} INFO - Processing file /home/airflow/.local/lib/python3.7/site-packages/airflow/example_dags/example_complex.py for tasks to queue
[2023-04-16T02:49:24.878+0000] {logging_mixin.py:137} INFO - [2023-04-16T02:49:24.878+0000] {dagbag.py:532} INFO - Filling up the DagBag from /home/airflow/.local/lib/python3.7/site-packages/airflow/example_dags/example_complex.py
[2023-04-16T02:49:24.889+0000] {logging_mixin.py:137} INFO - [2023-04-16T02:49:24.889+0000] {taskmixin.py:211} WARNING - Dependency <Task(BashOperator): create_entry_group>, delete_entry_group already registered for DAG: example_complex
[2023-04-16T02:49:24.890+0000] {logging_mixin.py:137} INFO - [2023-04-16T02:49:24.890+0000] {taskmixin.py:211} WARNING - Dependency <Task(BashOperator): delete_entry_group>, create_entry_group already registered for DAG: example_complex
[2023-04-16T02:49:24.890+0000] {logging_mixin.py:137} INFO - [2023-04-16T02:49:24.890+0000] {taskmixin.py:211} WARNING - Dependency <Task(BashOperator): create_entry_gcs>, delete_entry already registered for DAG: example_complex
[2023-04-16T02:49:24.891+0000] {logging_mixin.py:137} INFO - [2023-04-16T02:49:24.891+0000] {taskmixin.py:211} WARNING - Dependency <Task(BashOperator): delete_entry>, create_entry_gcs already registered for DAG: example_complex
[2023-04-16T02:49:24.891+0000] {logging_mixin.py:137} INFO - [2023-04-16T02:49:24.891+0000] {taskmixin.py:211} WARNING - Dependency <Task(BashOperator): create_tag>, delete_tag already registered for DAG: example_complex
[2023-04-16T02:49:24.893+0000] {logging_mixin.py:137} INFO - [2023-04-16T02:49:24.893+0000] {taskmixin.py:211} WARNING - Dependency <Task(BashOperator): delete_tag>, create_tag already registered for DAG: example_complex
[2023-04-16T02:49:24.899+0000] {processor.py:753} INFO - DAG(s) dict_keys(['example_complex']) retrieved from /home/airflow/.local/lib/python3.7/site-packages/airflow/example_dags/example_complex.py
[2023-04-16T02:49:24.935+0000] {logging_mixin.py:137} INFO - [2023-04-16T02:49:24.935+0000] {dag.py:2705} INFO - Sync 1 DAGs
[2023-04-16T02:49:24.955+0000] {logging_mixin.py:137} INFO - [2023-04-16T02:49:24.955+0000] {dag.py:3456} INFO - Setting next_dagrun for example_complex to None, run_after=None
[2023-04-16T02:49:24.969+0000] {processor.py:175} INFO - Processing /home/airflow/.local/lib/python3.7/site-packages/airflow/example_dags/example_complex.py took 0.099 seconds
[2023-04-16T03:56:30.671+0000] {processor.py:153} INFO - Started process (PID=35038) to work on /home/airflow/.local/lib/python3.7/site-packages/airflow/example_dags/example_complex.py
[2023-04-16T03:56:30.674+0000] {processor.py:743} INFO - Processing file /home/airflow/.local/lib/python3.7/site-packages/airflow/example_dags/example_complex.py for tasks to queue
[2023-04-16T03:56:30.677+0000] {logging_mixin.py:137} INFO - [2023-04-16T03:56:30.677+0000] {dagbag.py:532} INFO - Filling up the DagBag from /home/airflow/.local/lib/python3.7/site-packages/airflow/example_dags/example_complex.py
[2023-04-16T03:56:30.693+0000] {logging_mixin.py:137} INFO - [2023-04-16T03:56:30.693+0000] {taskmixin.py:211} WARNING - Dependency <Task(BashOperator): create_entry_group>, delete_entry_group already registered for DAG: example_complex
[2023-04-16T03:56:30.696+0000] {logging_mixin.py:137} INFO - [2023-04-16T03:56:30.696+0000] {taskmixin.py:211} WARNING - Dependency <Task(BashOperator): delete_entry_group>, create_entry_group already registered for DAG: example_complex
[2023-04-16T03:56:30.707+0000] {logging_mixin.py:137} INFO - [2023-04-16T03:56:30.707+0000] {taskmixin.py:211} WARNING - Dependency <Task(BashOperator): create_entry_gcs>, delete_entry already registered for DAG: example_complex
[2023-04-16T03:56:30.708+0000] {logging_mixin.py:137} INFO - [2023-04-16T03:56:30.708+0000] {taskmixin.py:211} WARNING - Dependency <Task(BashOperator): delete_entry>, create_entry_gcs already registered for DAG: example_complex
[2023-04-16T03:56:30.708+0000] {logging_mixin.py:137} INFO - [2023-04-16T03:56:30.708+0000] {taskmixin.py:211} WARNING - Dependency <Task(BashOperator): create_tag>, delete_tag already registered for DAG: example_complex
[2023-04-16T03:56:30.709+0000] {logging_mixin.py:137} INFO - [2023-04-16T03:56:30.709+0000] {taskmixin.py:211} WARNING - Dependency <Task(BashOperator): delete_tag>, create_tag already registered for DAG: example_complex
[2023-04-16T03:56:30.725+0000] {processor.py:753} INFO - DAG(s) dict_keys(['example_complex']) retrieved from /home/airflow/.local/lib/python3.7/site-packages/airflow/example_dags/example_complex.py
[2023-04-16T03:56:30.774+0000] {logging_mixin.py:137} INFO - [2023-04-16T03:56:30.774+0000] {dag.py:2705} INFO - Sync 1 DAGs
[2023-04-16T03:56:30.800+0000] {logging_mixin.py:137} INFO - [2023-04-16T03:56:30.799+0000] {dag.py:3456} INFO - Setting next_dagrun for example_complex to None, run_after=None
[2023-04-16T03:56:30.814+0000] {processor.py:175} INFO - Processing /home/airflow/.local/lib/python3.7/site-packages/airflow/example_dags/example_complex.py took 0.150 seconds
[2023-04-16T04:57:14.179+0000] {processor.py:153} INFO - Started process (PID=35091) to work on /home/airflow/.local/lib/python3.7/site-packages/airflow/example_dags/example_complex.py
[2023-04-16T04:57:14.180+0000] {processor.py:743} INFO - Processing file /home/airflow/.local/lib/python3.7/site-packages/airflow/example_dags/example_complex.py for tasks to queue
[2023-04-16T04:57:14.181+0000] {logging_mixin.py:137} INFO - [2023-04-16T04:57:14.181+0000] {dagbag.py:532} INFO - Filling up the DagBag from /home/airflow/.local/lib/python3.7/site-packages/airflow/example_dags/example_complex.py
[2023-04-16T04:57:14.189+0000] {logging_mixin.py:137} INFO - [2023-04-16T04:57:14.189+0000] {taskmixin.py:211} WARNING - Dependency <Task(BashOperator): create_entry_group>, delete_entry_group already registered for DAG: example_complex
[2023-04-16T04:57:14.189+0000] {logging_mixin.py:137} INFO - [2023-04-16T04:57:14.189+0000] {taskmixin.py:211} WARNING - Dependency <Task(BashOperator): delete_entry_group>, create_entry_group already registered for DAG: example_complex
[2023-04-16T04:57:14.189+0000] {logging_mixin.py:137} INFO - [2023-04-16T04:57:14.189+0000] {taskmixin.py:211} WARNING - Dependency <Task(BashOperator): create_entry_gcs>, delete_entry already registered for DAG: example_complex
[2023-04-16T04:57:14.190+0000] {logging_mixin.py:137} INFO - [2023-04-16T04:57:14.190+0000] {taskmixin.py:211} WARNING - Dependency <Task(BashOperator): delete_entry>, create_entry_gcs already registered for DAG: example_complex
[2023-04-16T04:57:14.190+0000] {logging_mixin.py:137} INFO - [2023-04-16T04:57:14.190+0000] {taskmixin.py:211} WARNING - Dependency <Task(BashOperator): create_tag>, delete_tag already registered for DAG: example_complex
[2023-04-16T04:57:14.191+0000] {logging_mixin.py:137} INFO - [2023-04-16T04:57:14.191+0000] {taskmixin.py:211} WARNING - Dependency <Task(BashOperator): delete_tag>, create_tag already registered for DAG: example_complex
[2023-04-16T04:57:14.196+0000] {processor.py:753} INFO - DAG(s) dict_keys(['example_complex']) retrieved from /home/airflow/.local/lib/python3.7/site-packages/airflow/example_dags/example_complex.py
[2023-04-16T04:57:14.228+0000] {logging_mixin.py:137} INFO - [2023-04-16T04:57:14.228+0000] {dag.py:2705} INFO - Sync 1 DAGs
[2023-04-16T04:57:14.246+0000] {logging_mixin.py:137} INFO - [2023-04-16T04:57:14.246+0000] {dag.py:3456} INFO - Setting next_dagrun for example_complex to None, run_after=None
[2023-04-16T04:57:14.257+0000] {processor.py:175} INFO - Processing /home/airflow/.local/lib/python3.7/site-packages/airflow/example_dags/example_complex.py took 0.080 seconds
[2023-04-16T04:57:44.739+0000] {processor.py:153} INFO - Started process (PID=35143) to work on /home/airflow/.local/lib/python3.7/site-packages/airflow/example_dags/example_complex.py
[2023-04-16T04:57:44.740+0000] {processor.py:743} INFO - Processing file /home/airflow/.local/lib/python3.7/site-packages/airflow/example_dags/example_complex.py for tasks to queue
[2023-04-16T04:57:44.741+0000] {logging_mixin.py:137} INFO - [2023-04-16T04:57:44.741+0000] {dagbag.py:532} INFO - Filling up the DagBag from /home/airflow/.local/lib/python3.7/site-packages/airflow/example_dags/example_complex.py
[2023-04-16T04:57:44.748+0000] {logging_mixin.py:137} INFO - [2023-04-16T04:57:44.748+0000] {taskmixin.py:211} WARNING - Dependency <Task(BashOperator): create_entry_group>, delete_entry_group already registered for DAG: example_complex
[2023-04-16T04:57:44.748+0000] {logging_mixin.py:137} INFO - [2023-04-16T04:57:44.748+0000] {taskmixin.py:211} WARNING - Dependency <Task(BashOperator): delete_entry_group>, create_entry_group already registered for DAG: example_complex
[2023-04-16T04:57:44.748+0000] {logging_mixin.py:137} INFO - [2023-04-16T04:57:44.748+0000] {taskmixin.py:211} WARNING - Dependency <Task(BashOperator): create_entry_gcs>, delete_entry already registered for DAG: example_complex
[2023-04-16T04:57:44.749+0000] {logging_mixin.py:137} INFO - [2023-04-16T04:57:44.749+0000] {taskmixin.py:211} WARNING - Dependency <Task(BashOperator): delete_entry>, create_entry_gcs already registered for DAG: example_complex
[2023-04-16T04:57:44.749+0000] {logging_mixin.py:137} INFO - [2023-04-16T04:57:44.749+0000] {taskmixin.py:211} WARNING - Dependency <Task(BashOperator): create_tag>, delete_tag already registered for DAG: example_complex
[2023-04-16T04:57:44.750+0000] {logging_mixin.py:137} INFO - [2023-04-16T04:57:44.750+0000] {taskmixin.py:211} WARNING - Dependency <Task(BashOperator): delete_tag>, create_tag already registered for DAG: example_complex
[2023-04-16T04:57:44.754+0000] {processor.py:753} INFO - DAG(s) dict_keys(['example_complex']) retrieved from /home/airflow/.local/lib/python3.7/site-packages/airflow/example_dags/example_complex.py
[2023-04-16T04:57:44.776+0000] {logging_mixin.py:137} INFO - [2023-04-16T04:57:44.776+0000] {dag.py:2705} INFO - Sync 1 DAGs
[2023-04-16T04:57:44.790+0000] {logging_mixin.py:137} INFO - [2023-04-16T04:57:44.790+0000] {dag.py:3456} INFO - Setting next_dagrun for example_complex to None, run_after=None
[2023-04-16T04:57:44.800+0000] {processor.py:175} INFO - Processing /home/airflow/.local/lib/python3.7/site-packages/airflow/example_dags/example_complex.py took 0.064 seconds
[2023-04-16T06:01:52.607+0000] {processor.py:153} INFO - Started process (PID=35196) to work on /home/airflow/.local/lib/python3.7/site-packages/airflow/example_dags/example_complex.py
[2023-04-16T06:01:52.612+0000] {processor.py:743} INFO - Processing file /home/airflow/.local/lib/python3.7/site-packages/airflow/example_dags/example_complex.py for tasks to queue
[2023-04-16T06:01:52.619+0000] {logging_mixin.py:137} INFO - [2023-04-16T06:01:52.618+0000] {dagbag.py:532} INFO - Filling up the DagBag from /home/airflow/.local/lib/python3.7/site-packages/airflow/example_dags/example_complex.py
[2023-04-16T06:01:52.667+0000] {logging_mixin.py:137} INFO - [2023-04-16T06:01:52.666+0000] {taskmixin.py:211} WARNING - Dependency <Task(BashOperator): create_entry_group>, delete_entry_group already registered for DAG: example_complex
[2023-04-16T06:01:52.681+0000] {logging_mixin.py:137} INFO - [2023-04-16T06:01:52.681+0000] {taskmixin.py:211} WARNING - Dependency <Task(BashOperator): delete_entry_group>, create_entry_group already registered for DAG: example_complex
[2023-04-16T06:01:52.682+0000] {logging_mixin.py:137} INFO - [2023-04-16T06:01:52.682+0000] {taskmixin.py:211} WARNING - Dependency <Task(BashOperator): create_entry_gcs>, delete_entry already registered for DAG: example_complex
[2023-04-16T06:01:52.683+0000] {logging_mixin.py:137} INFO - [2023-04-16T06:01:52.683+0000] {taskmixin.py:211} WARNING - Dependency <Task(BashOperator): delete_entry>, create_entry_gcs already registered for DAG: example_complex
[2023-04-16T06:01:52.683+0000] {logging_mixin.py:137} INFO - [2023-04-16T06:01:52.683+0000] {taskmixin.py:211} WARNING - Dependency <Task(BashOperator): create_tag>, delete_tag already registered for DAG: example_complex
[2023-04-16T06:01:52.684+0000] {logging_mixin.py:137} INFO - [2023-04-16T06:01:52.684+0000] {taskmixin.py:211} WARNING - Dependency <Task(BashOperator): delete_tag>, create_tag already registered for DAG: example_complex
[2023-04-16T06:01:52.712+0000] {processor.py:753} INFO - DAG(s) dict_keys(['example_complex']) retrieved from /home/airflow/.local/lib/python3.7/site-packages/airflow/example_dags/example_complex.py
[2023-04-16T06:01:52.801+0000] {logging_mixin.py:137} INFO - [2023-04-16T06:01:52.801+0000] {dag.py:2705} INFO - Sync 1 DAGs
[2023-04-16T06:01:52.850+0000] {logging_mixin.py:137} INFO - [2023-04-16T06:01:52.850+0000] {dag.py:3456} INFO - Setting next_dagrun for example_complex to None, run_after=None
[2023-04-16T06:01:52.900+0000] {processor.py:175} INFO - Processing /home/airflow/.local/lib/python3.7/site-packages/airflow/example_dags/example_complex.py took 0.307 seconds
[2023-04-16T06:13:25.245+0000] {processor.py:153} INFO - Started process (PID=35249) to work on /home/airflow/.local/lib/python3.7/site-packages/airflow/example_dags/example_complex.py
[2023-04-16T06:13:25.246+0000] {processor.py:743} INFO - Processing file /home/airflow/.local/lib/python3.7/site-packages/airflow/example_dags/example_complex.py for tasks to queue
[2023-04-16T06:13:25.246+0000] {logging_mixin.py:137} INFO - [2023-04-16T06:13:25.246+0000] {dagbag.py:532} INFO - Filling up the DagBag from /home/airflow/.local/lib/python3.7/site-packages/airflow/example_dags/example_complex.py
[2023-04-16T06:13:25.254+0000] {logging_mixin.py:137} INFO - [2023-04-16T06:13:25.254+0000] {taskmixin.py:211} WARNING - Dependency <Task(BashOperator): create_entry_group>, delete_entry_group already registered for DAG: example_complex
[2023-04-16T06:13:25.254+0000] {logging_mixin.py:137} INFO - [2023-04-16T06:13:25.254+0000] {taskmixin.py:211} WARNING - Dependency <Task(BashOperator): delete_entry_group>, create_entry_group already registered for DAG: example_complex
[2023-04-16T06:13:25.255+0000] {logging_mixin.py:137} INFO - [2023-04-16T06:13:25.255+0000] {taskmixin.py:211} WARNING - Dependency <Task(BashOperator): create_entry_gcs>, delete_entry already registered for DAG: example_complex
[2023-04-16T06:13:25.255+0000] {logging_mixin.py:137} INFO - [2023-04-16T06:13:25.255+0000] {taskmixin.py:211} WARNING - Dependency <Task(BashOperator): delete_entry>, create_entry_gcs already registered for DAG: example_complex
[2023-04-16T06:13:25.256+0000] {logging_mixin.py:137} INFO - [2023-04-16T06:13:25.256+0000] {taskmixin.py:211} WARNING - Dependency <Task(BashOperator): create_tag>, delete_tag already registered for DAG: example_complex
[2023-04-16T06:13:25.256+0000] {logging_mixin.py:137} INFO - [2023-04-16T06:13:25.256+0000] {taskmixin.py:211} WARNING - Dependency <Task(BashOperator): delete_tag>, create_tag already registered for DAG: example_complex
[2023-04-16T06:13:25.261+0000] {processor.py:753} INFO - DAG(s) dict_keys(['example_complex']) retrieved from /home/airflow/.local/lib/python3.7/site-packages/airflow/example_dags/example_complex.py
[2023-04-16T06:13:25.289+0000] {logging_mixin.py:137} INFO - [2023-04-16T06:13:25.289+0000] {dag.py:2705} INFO - Sync 1 DAGs
[2023-04-16T06:13:25.303+0000] {logging_mixin.py:137} INFO - [2023-04-16T06:13:25.302+0000] {dag.py:3456} INFO - Setting next_dagrun for example_complex to None, run_after=None
[2023-04-16T06:13:25.313+0000] {processor.py:175} INFO - Processing /home/airflow/.local/lib/python3.7/site-packages/airflow/example_dags/example_complex.py took 0.071 seconds
[2023-04-16T06:29:18.818+0000] {processor.py:153} INFO - Started process (PID=35302) to work on /home/airflow/.local/lib/python3.7/site-packages/airflow/example_dags/example_complex.py
[2023-04-16T06:29:18.819+0000] {processor.py:743} INFO - Processing file /home/airflow/.local/lib/python3.7/site-packages/airflow/example_dags/example_complex.py for tasks to queue
[2023-04-16T06:29:18.820+0000] {logging_mixin.py:137} INFO - [2023-04-16T06:29:18.820+0000] {dagbag.py:532} INFO - Filling up the DagBag from /home/airflow/.local/lib/python3.7/site-packages/airflow/example_dags/example_complex.py
[2023-04-16T06:29:18.828+0000] {logging_mixin.py:137} INFO - [2023-04-16T06:29:18.828+0000] {taskmixin.py:211} WARNING - Dependency <Task(BashOperator): create_entry_group>, delete_entry_group already registered for DAG: example_complex
[2023-04-16T06:29:18.829+0000] {logging_mixin.py:137} INFO - [2023-04-16T06:29:18.829+0000] {taskmixin.py:211} WARNING - Dependency <Task(BashOperator): delete_entry_group>, create_entry_group already registered for DAG: example_complex
[2023-04-16T06:29:18.830+0000] {logging_mixin.py:137} INFO - [2023-04-16T06:29:18.830+0000] {taskmixin.py:211} WARNING - Dependency <Task(BashOperator): create_entry_gcs>, delete_entry already registered for DAG: example_complex
[2023-04-16T06:29:18.830+0000] {logging_mixin.py:137} INFO - [2023-04-16T06:29:18.830+0000] {taskmixin.py:211} WARNING - Dependency <Task(BashOperator): delete_entry>, create_entry_gcs already registered for DAG: example_complex
[2023-04-16T06:29:18.831+0000] {logging_mixin.py:137} INFO - [2023-04-16T06:29:18.831+0000] {taskmixin.py:211} WARNING - Dependency <Task(BashOperator): create_tag>, delete_tag already registered for DAG: example_complex
[2023-04-16T06:29:18.832+0000] {logging_mixin.py:137} INFO - [2023-04-16T06:29:18.832+0000] {taskmixin.py:211} WARNING - Dependency <Task(BashOperator): delete_tag>, create_tag already registered for DAG: example_complex
[2023-04-16T06:29:18.837+0000] {processor.py:753} INFO - DAG(s) dict_keys(['example_complex']) retrieved from /home/airflow/.local/lib/python3.7/site-packages/airflow/example_dags/example_complex.py
[2023-04-16T06:29:18.865+0000] {logging_mixin.py:137} INFO - [2023-04-16T06:29:18.865+0000] {dag.py:2705} INFO - Sync 1 DAGs
[2023-04-16T06:29:18.890+0000] {logging_mixin.py:137} INFO - [2023-04-16T06:29:18.890+0000] {dag.py:3456} INFO - Setting next_dagrun for example_complex to None, run_after=None
[2023-04-16T06:29:18.902+0000] {processor.py:175} INFO - Processing /home/airflow/.local/lib/python3.7/site-packages/airflow/example_dags/example_complex.py took 0.086 seconds
[2023-04-16T07:31:24.911+0000] {processor.py:153} INFO - Started process (PID=35355) to work on /home/airflow/.local/lib/python3.7/site-packages/airflow/example_dags/example_complex.py
[2023-04-16T07:31:24.912+0000] {processor.py:743} INFO - Processing file /home/airflow/.local/lib/python3.7/site-packages/airflow/example_dags/example_complex.py for tasks to queue
[2023-04-16T07:31:24.913+0000] {logging_mixin.py:137} INFO - [2023-04-16T07:31:24.913+0000] {dagbag.py:532} INFO - Filling up the DagBag from /home/airflow/.local/lib/python3.7/site-packages/airflow/example_dags/example_complex.py
[2023-04-16T07:31:24.921+0000] {logging_mixin.py:137} INFO - [2023-04-16T07:31:24.921+0000] {taskmixin.py:211} WARNING - Dependency <Task(BashOperator): create_entry_group>, delete_entry_group already registered for DAG: example_complex
[2023-04-16T07:31:24.921+0000] {logging_mixin.py:137} INFO - [2023-04-16T07:31:24.921+0000] {taskmixin.py:211} WARNING - Dependency <Task(BashOperator): delete_entry_group>, create_entry_group already registered for DAG: example_complex
[2023-04-16T07:31:24.922+0000] {logging_mixin.py:137} INFO - [2023-04-16T07:31:24.922+0000] {taskmixin.py:211} WARNING - Dependency <Task(BashOperator): create_entry_gcs>, delete_entry already registered for DAG: example_complex
[2023-04-16T07:31:24.922+0000] {logging_mixin.py:137} INFO - [2023-04-16T07:31:24.922+0000] {taskmixin.py:211} WARNING - Dependency <Task(BashOperator): delete_entry>, create_entry_gcs already registered for DAG: example_complex
[2023-04-16T07:31:24.923+0000] {logging_mixin.py:137} INFO - [2023-04-16T07:31:24.923+0000] {taskmixin.py:211} WARNING - Dependency <Task(BashOperator): create_tag>, delete_tag already registered for DAG: example_complex
[2023-04-16T07:31:24.923+0000] {logging_mixin.py:137} INFO - [2023-04-16T07:31:24.923+0000] {taskmixin.py:211} WARNING - Dependency <Task(BashOperator): delete_tag>, create_tag already registered for DAG: example_complex
[2023-04-16T07:31:24.928+0000] {processor.py:753} INFO - DAG(s) dict_keys(['example_complex']) retrieved from /home/airflow/.local/lib/python3.7/site-packages/airflow/example_dags/example_complex.py
[2023-04-16T07:31:24.952+0000] {logging_mixin.py:137} INFO - [2023-04-16T07:31:24.952+0000] {dag.py:2705} INFO - Sync 1 DAGs
[2023-04-16T07:31:24.968+0000] {logging_mixin.py:137} INFO - [2023-04-16T07:31:24.968+0000] {dag.py:3456} INFO - Setting next_dagrun for example_complex to None, run_after=None
[2023-04-16T07:31:24.978+0000] {processor.py:175} INFO - Processing /home/airflow/.local/lib/python3.7/site-packages/airflow/example_dags/example_complex.py took 0.070 seconds
[2023-04-16T08:50:11.396+0000] {processor.py:153} INFO - Started process (PID=35408) to work on /home/airflow/.local/lib/python3.7/site-packages/airflow/example_dags/example_complex.py
[2023-04-16T08:50:11.397+0000] {processor.py:743} INFO - Processing file /home/airflow/.local/lib/python3.7/site-packages/airflow/example_dags/example_complex.py for tasks to queue
[2023-04-16T08:50:11.398+0000] {logging_mixin.py:137} INFO - [2023-04-16T08:50:11.398+0000] {dagbag.py:532} INFO - Filling up the DagBag from /home/airflow/.local/lib/python3.7/site-packages/airflow/example_dags/example_complex.py
[2023-04-16T08:50:11.406+0000] {logging_mixin.py:137} INFO - [2023-04-16T08:50:11.406+0000] {taskmixin.py:211} WARNING - Dependency <Task(BashOperator): create_entry_group>, delete_entry_group already registered for DAG: example_complex
[2023-04-16T08:50:11.407+0000] {logging_mixin.py:137} INFO - [2023-04-16T08:50:11.407+0000] {taskmixin.py:211} WARNING - Dependency <Task(BashOperator): delete_entry_group>, create_entry_group already registered for DAG: example_complex
[2023-04-16T08:50:11.407+0000] {logging_mixin.py:137} INFO - [2023-04-16T08:50:11.407+0000] {taskmixin.py:211} WARNING - Dependency <Task(BashOperator): create_entry_gcs>, delete_entry already registered for DAG: example_complex
[2023-04-16T08:50:11.407+0000] {logging_mixin.py:137} INFO - [2023-04-16T08:50:11.407+0000] {taskmixin.py:211} WARNING - Dependency <Task(BashOperator): delete_entry>, create_entry_gcs already registered for DAG: example_complex
[2023-04-16T08:50:11.408+0000] {logging_mixin.py:137} INFO - [2023-04-16T08:50:11.408+0000] {taskmixin.py:211} WARNING - Dependency <Task(BashOperator): create_tag>, delete_tag already registered for DAG: example_complex
[2023-04-16T08:50:11.408+0000] {logging_mixin.py:137} INFO - [2023-04-16T08:50:11.408+0000] {taskmixin.py:211} WARNING - Dependency <Task(BashOperator): delete_tag>, create_tag already registered for DAG: example_complex
[2023-04-16T08:50:11.413+0000] {processor.py:753} INFO - DAG(s) dict_keys(['example_complex']) retrieved from /home/airflow/.local/lib/python3.7/site-packages/airflow/example_dags/example_complex.py
[2023-04-16T08:50:11.436+0000] {logging_mixin.py:137} INFO - [2023-04-16T08:50:11.436+0000] {dag.py:2705} INFO - Sync 1 DAGs
[2023-04-16T08:50:11.450+0000] {logging_mixin.py:137} INFO - [2023-04-16T08:50:11.450+0000] {dag.py:3456} INFO - Setting next_dagrun for example_complex to None, run_after=None
[2023-04-16T08:50:11.460+0000] {processor.py:175} INFO - Processing /home/airflow/.local/lib/python3.7/site-packages/airflow/example_dags/example_complex.py took 0.066 seconds
[2023-04-16T09:55:48.525+0000] {processor.py:153} INFO - Started process (PID=35461) to work on /home/airflow/.local/lib/python3.7/site-packages/airflow/example_dags/example_complex.py
[2023-04-16T09:55:48.527+0000] {processor.py:743} INFO - Processing file /home/airflow/.local/lib/python3.7/site-packages/airflow/example_dags/example_complex.py for tasks to queue
[2023-04-16T09:55:48.529+0000] {logging_mixin.py:137} INFO - [2023-04-16T09:55:48.529+0000] {dagbag.py:532} INFO - Filling up the DagBag from /home/airflow/.local/lib/python3.7/site-packages/airflow/example_dags/example_complex.py
[2023-04-16T09:55:48.543+0000] {logging_mixin.py:137} INFO - [2023-04-16T09:55:48.543+0000] {taskmixin.py:211} WARNING - Dependency <Task(BashOperator): create_entry_group>, delete_entry_group already registered for DAG: example_complex
[2023-04-16T09:55:48.544+0000] {logging_mixin.py:137} INFO - [2023-04-16T09:55:48.544+0000] {taskmixin.py:211} WARNING - Dependency <Task(BashOperator): delete_entry_group>, create_entry_group already registered for DAG: example_complex
[2023-04-16T09:55:48.544+0000] {logging_mixin.py:137} INFO - [2023-04-16T09:55:48.544+0000] {taskmixin.py:211} WARNING - Dependency <Task(BashOperator): create_entry_gcs>, delete_entry already registered for DAG: example_complex
[2023-04-16T09:55:48.545+0000] {logging_mixin.py:137} INFO - [2023-04-16T09:55:48.545+0000] {taskmixin.py:211} WARNING - Dependency <Task(BashOperator): delete_entry>, create_entry_gcs already registered for DAG: example_complex
[2023-04-16T09:55:48.546+0000] {logging_mixin.py:137} INFO - [2023-04-16T09:55:48.546+0000] {taskmixin.py:211} WARNING - Dependency <Task(BashOperator): create_tag>, delete_tag already registered for DAG: example_complex
[2023-04-16T09:55:48.546+0000] {logging_mixin.py:137} INFO - [2023-04-16T09:55:48.546+0000] {taskmixin.py:211} WARNING - Dependency <Task(BashOperator): delete_tag>, create_tag already registered for DAG: example_complex
[2023-04-16T09:55:48.553+0000] {processor.py:753} INFO - DAG(s) dict_keys(['example_complex']) retrieved from /home/airflow/.local/lib/python3.7/site-packages/airflow/example_dags/example_complex.py
[2023-04-16T09:55:48.583+0000] {logging_mixin.py:137} INFO - [2023-04-16T09:55:48.583+0000] {dag.py:2705} INFO - Sync 1 DAGs
[2023-04-16T09:55:48.599+0000] {logging_mixin.py:137} INFO - [2023-04-16T09:55:48.599+0000] {dag.py:3456} INFO - Setting next_dagrun for example_complex to None, run_after=None
[2023-04-16T09:55:48.610+0000] {processor.py:175} INFO - Processing /home/airflow/.local/lib/python3.7/site-packages/airflow/example_dags/example_complex.py took 0.089 seconds
[2023-04-16T11:01:49.512+0000] {processor.py:153} INFO - Started process (PID=35515) to work on /home/airflow/.local/lib/python3.7/site-packages/airflow/example_dags/example_complex.py
[2023-04-16T11:01:49.514+0000] {processor.py:743} INFO - Processing file /home/airflow/.local/lib/python3.7/site-packages/airflow/example_dags/example_complex.py for tasks to queue
[2023-04-16T11:01:49.515+0000] {logging_mixin.py:137} INFO - [2023-04-16T11:01:49.515+0000] {dagbag.py:532} INFO - Filling up the DagBag from /home/airflow/.local/lib/python3.7/site-packages/airflow/example_dags/example_complex.py
[2023-04-16T11:01:49.524+0000] {logging_mixin.py:137} INFO - [2023-04-16T11:01:49.524+0000] {taskmixin.py:211} WARNING - Dependency <Task(BashOperator): create_entry_group>, delete_entry_group already registered for DAG: example_complex
[2023-04-16T11:01:49.525+0000] {logging_mixin.py:137} INFO - [2023-04-16T11:01:49.525+0000] {taskmixin.py:211} WARNING - Dependency <Task(BashOperator): delete_entry_group>, create_entry_group already registered for DAG: example_complex
[2023-04-16T11:01:49.525+0000] {logging_mixin.py:137} INFO - [2023-04-16T11:01:49.525+0000] {taskmixin.py:211} WARNING - Dependency <Task(BashOperator): create_entry_gcs>, delete_entry already registered for DAG: example_complex
[2023-04-16T11:01:49.526+0000] {logging_mixin.py:137} INFO - [2023-04-16T11:01:49.526+0000] {taskmixin.py:211} WARNING - Dependency <Task(BashOperator): delete_entry>, create_entry_gcs already registered for DAG: example_complex
[2023-04-16T11:01:49.526+0000] {logging_mixin.py:137} INFO - [2023-04-16T11:01:49.526+0000] {taskmixin.py:211} WARNING - Dependency <Task(BashOperator): create_tag>, delete_tag already registered for DAG: example_complex
[2023-04-16T11:01:49.527+0000] {logging_mixin.py:137} INFO - [2023-04-16T11:01:49.527+0000] {taskmixin.py:211} WARNING - Dependency <Task(BashOperator): delete_tag>, create_tag already registered for DAG: example_complex
[2023-04-16T11:01:49.533+0000] {processor.py:753} INFO - DAG(s) dict_keys(['example_complex']) retrieved from /home/airflow/.local/lib/python3.7/site-packages/airflow/example_dags/example_complex.py
[2023-04-16T11:01:49.560+0000] {logging_mixin.py:137} INFO - [2023-04-16T11:01:49.560+0000] {dag.py:2705} INFO - Sync 1 DAGs
[2023-04-16T11:01:49.582+0000] {logging_mixin.py:137} INFO - [2023-04-16T11:01:49.582+0000] {dag.py:3456} INFO - Setting next_dagrun for example_complex to None, run_after=None
[2023-04-16T11:01:49.607+0000] {processor.py:175} INFO - Processing /home/airflow/.local/lib/python3.7/site-packages/airflow/example_dags/example_complex.py took 0.098 seconds
[2023-04-16T12:25:13.633+0000] {processor.py:153} INFO - Started process (PID=35568) to work on /home/airflow/.local/lib/python3.7/site-packages/airflow/example_dags/example_complex.py
[2023-04-16T12:25:13.634+0000] {processor.py:743} INFO - Processing file /home/airflow/.local/lib/python3.7/site-packages/airflow/example_dags/example_complex.py for tasks to queue
[2023-04-16T12:25:13.636+0000] {logging_mixin.py:137} INFO - [2023-04-16T12:25:13.636+0000] {dagbag.py:532} INFO - Filling up the DagBag from /home/airflow/.local/lib/python3.7/site-packages/airflow/example_dags/example_complex.py
[2023-04-16T12:25:13.644+0000] {logging_mixin.py:137} INFO - [2023-04-16T12:25:13.644+0000] {taskmixin.py:211} WARNING - Dependency <Task(BashOperator): create_entry_group>, delete_entry_group already registered for DAG: example_complex
[2023-04-16T12:25:13.645+0000] {logging_mixin.py:137} INFO - [2023-04-16T12:25:13.645+0000] {taskmixin.py:211} WARNING - Dependency <Task(BashOperator): delete_entry_group>, create_entry_group already registered for DAG: example_complex
[2023-04-16T12:25:13.645+0000] {logging_mixin.py:137} INFO - [2023-04-16T12:25:13.645+0000] {taskmixin.py:211} WARNING - Dependency <Task(BashOperator): create_entry_gcs>, delete_entry already registered for DAG: example_complex
[2023-04-16T12:25:13.645+0000] {logging_mixin.py:137} INFO - [2023-04-16T12:25:13.645+0000] {taskmixin.py:211} WARNING - Dependency <Task(BashOperator): delete_entry>, create_entry_gcs already registered for DAG: example_complex
[2023-04-16T12:25:13.646+0000] {logging_mixin.py:137} INFO - [2023-04-16T12:25:13.646+0000] {taskmixin.py:211} WARNING - Dependency <Task(BashOperator): create_tag>, delete_tag already registered for DAG: example_complex
[2023-04-16T12:25:13.646+0000] {logging_mixin.py:137} INFO - [2023-04-16T12:25:13.646+0000] {taskmixin.py:211} WARNING - Dependency <Task(BashOperator): delete_tag>, create_tag already registered for DAG: example_complex
[2023-04-16T12:25:13.651+0000] {processor.py:753} INFO - DAG(s) dict_keys(['example_complex']) retrieved from /home/airflow/.local/lib/python3.7/site-packages/airflow/example_dags/example_complex.py
[2023-04-16T12:25:13.677+0000] {logging_mixin.py:137} INFO - [2023-04-16T12:25:13.676+0000] {dag.py:2705} INFO - Sync 1 DAGs
[2023-04-16T12:25:13.694+0000] {logging_mixin.py:137} INFO - [2023-04-16T12:25:13.694+0000] {dag.py:3456} INFO - Setting next_dagrun for example_complex to None, run_after=None
[2023-04-16T12:25:13.727+0000] {processor.py:175} INFO - Processing /home/airflow/.local/lib/python3.7/site-packages/airflow/example_dags/example_complex.py took 0.097 seconds
[2023-04-16T13:32:25.469+0000] {processor.py:153} INFO - Started process (PID=35621) to work on /home/airflow/.local/lib/python3.7/site-packages/airflow/example_dags/example_complex.py
[2023-04-16T13:32:25.470+0000] {processor.py:743} INFO - Processing file /home/airflow/.local/lib/python3.7/site-packages/airflow/example_dags/example_complex.py for tasks to queue
[2023-04-16T13:32:25.471+0000] {logging_mixin.py:137} INFO - [2023-04-16T13:32:25.471+0000] {dagbag.py:532} INFO - Filling up the DagBag from /home/airflow/.local/lib/python3.7/site-packages/airflow/example_dags/example_complex.py
[2023-04-16T13:32:25.480+0000] {logging_mixin.py:137} INFO - [2023-04-16T13:32:25.480+0000] {taskmixin.py:211} WARNING - Dependency <Task(BashOperator): create_entry_group>, delete_entry_group already registered for DAG: example_complex
[2023-04-16T13:32:25.481+0000] {logging_mixin.py:137} INFO - [2023-04-16T13:32:25.481+0000] {taskmixin.py:211} WARNING - Dependency <Task(BashOperator): delete_entry_group>, create_entry_group already registered for DAG: example_complex
[2023-04-16T13:32:25.481+0000] {logging_mixin.py:137} INFO - [2023-04-16T13:32:25.481+0000] {taskmixin.py:211} WARNING - Dependency <Task(BashOperator): create_entry_gcs>, delete_entry already registered for DAG: example_complex
[2023-04-16T13:32:25.482+0000] {logging_mixin.py:137} INFO - [2023-04-16T13:32:25.482+0000] {taskmixin.py:211} WARNING - Dependency <Task(BashOperator): delete_entry>, create_entry_gcs already registered for DAG: example_complex
[2023-04-16T13:32:25.483+0000] {logging_mixin.py:137} INFO - [2023-04-16T13:32:25.483+0000] {taskmixin.py:211} WARNING - Dependency <Task(BashOperator): create_tag>, delete_tag already registered for DAG: example_complex
[2023-04-16T13:32:25.483+0000] {logging_mixin.py:137} INFO - [2023-04-16T13:32:25.483+0000] {taskmixin.py:211} WARNING - Dependency <Task(BashOperator): delete_tag>, create_tag already registered for DAG: example_complex
[2023-04-16T13:32:25.493+0000] {processor.py:753} INFO - DAG(s) dict_keys(['example_complex']) retrieved from /home/airflow/.local/lib/python3.7/site-packages/airflow/example_dags/example_complex.py
[2023-04-16T13:32:25.520+0000] {logging_mixin.py:137} INFO - [2023-04-16T13:32:25.520+0000] {dag.py:2705} INFO - Sync 1 DAGs
[2023-04-16T13:32:25.535+0000] {logging_mixin.py:137} INFO - [2023-04-16T13:32:25.535+0000] {dag.py:3456} INFO - Setting next_dagrun for example_complex to None, run_after=None
[2023-04-16T13:32:25.545+0000] {processor.py:175} INFO - Processing /home/airflow/.local/lib/python3.7/site-packages/airflow/example_dags/example_complex.py took 0.079 seconds
[2023-04-16T14:26:07.363+0000] {processor.py:153} INFO - Started process (PID=35674) to work on /home/airflow/.local/lib/python3.7/site-packages/airflow/example_dags/example_complex.py
[2023-04-16T14:26:07.366+0000] {processor.py:743} INFO - Processing file /home/airflow/.local/lib/python3.7/site-packages/airflow/example_dags/example_complex.py for tasks to queue
[2023-04-16T14:26:07.368+0000] {logging_mixin.py:137} INFO - [2023-04-16T14:26:07.368+0000] {dagbag.py:532} INFO - Filling up the DagBag from /home/airflow/.local/lib/python3.7/site-packages/airflow/example_dags/example_complex.py
[2023-04-16T14:26:07.395+0000] {logging_mixin.py:137} INFO - [2023-04-16T14:26:07.395+0000] {taskmixin.py:211} WARNING - Dependency <Task(BashOperator): create_entry_group>, delete_entry_group already registered for DAG: example_complex
[2023-04-16T14:26:07.397+0000] {logging_mixin.py:137} INFO - [2023-04-16T14:26:07.397+0000] {taskmixin.py:211} WARNING - Dependency <Task(BashOperator): delete_entry_group>, create_entry_group already registered for DAG: example_complex
[2023-04-16T14:26:07.401+0000] {logging_mixin.py:137} INFO - [2023-04-16T14:26:07.401+0000] {taskmixin.py:211} WARNING - Dependency <Task(BashOperator): create_entry_gcs>, delete_entry already registered for DAG: example_complex
[2023-04-16T14:26:07.405+0000] {logging_mixin.py:137} INFO - [2023-04-16T14:26:07.405+0000] {taskmixin.py:211} WARNING - Dependency <Task(BashOperator): delete_entry>, create_entry_gcs already registered for DAG: example_complex
[2023-04-16T14:26:07.409+0000] {logging_mixin.py:137} INFO - [2023-04-16T14:26:07.408+0000] {taskmixin.py:211} WARNING - Dependency <Task(BashOperator): create_tag>, delete_tag already registered for DAG: example_complex
[2023-04-16T14:26:07.412+0000] {logging_mixin.py:137} INFO - [2023-04-16T14:26:07.412+0000] {taskmixin.py:211} WARNING - Dependency <Task(BashOperator): delete_tag>, create_tag already registered for DAG: example_complex
[2023-04-16T14:26:07.422+0000] {processor.py:753} INFO - DAG(s) dict_keys(['example_complex']) retrieved from /home/airflow/.local/lib/python3.7/site-packages/airflow/example_dags/example_complex.py
[2023-04-16T14:26:07.475+0000] {logging_mixin.py:137} INFO - [2023-04-16T14:26:07.474+0000] {dag.py:2705} INFO - Sync 1 DAGs
[2023-04-16T14:26:07.493+0000] {logging_mixin.py:137} INFO - [2023-04-16T14:26:07.492+0000] {dag.py:3456} INFO - Setting next_dagrun for example_complex to None, run_after=None
[2023-04-16T14:26:07.518+0000] {processor.py:175} INFO - Processing /home/airflow/.local/lib/python3.7/site-packages/airflow/example_dags/example_complex.py took 0.165 seconds
[2023-04-16T14:26:38.318+0000] {processor.py:153} INFO - Started process (PID=35727) to work on /home/airflow/.local/lib/python3.7/site-packages/airflow/example_dags/example_complex.py
[2023-04-16T14:26:38.319+0000] {processor.py:743} INFO - Processing file /home/airflow/.local/lib/python3.7/site-packages/airflow/example_dags/example_complex.py for tasks to queue
[2023-04-16T14:26:38.320+0000] {logging_mixin.py:137} INFO - [2023-04-16T14:26:38.320+0000] {dagbag.py:532} INFO - Filling up the DagBag from /home/airflow/.local/lib/python3.7/site-packages/airflow/example_dags/example_complex.py
[2023-04-16T14:26:38.329+0000] {logging_mixin.py:137} INFO - [2023-04-16T14:26:38.328+0000] {taskmixin.py:211} WARNING - Dependency <Task(BashOperator): create_entry_group>, delete_entry_group already registered for DAG: example_complex
[2023-04-16T14:26:38.329+0000] {logging_mixin.py:137} INFO - [2023-04-16T14:26:38.329+0000] {taskmixin.py:211} WARNING - Dependency <Task(BashOperator): delete_entry_group>, create_entry_group already registered for DAG: example_complex
[2023-04-16T14:26:38.330+0000] {logging_mixin.py:137} INFO - [2023-04-16T14:26:38.329+0000] {taskmixin.py:211} WARNING - Dependency <Task(BashOperator): create_entry_gcs>, delete_entry already registered for DAG: example_complex
[2023-04-16T14:26:38.330+0000] {logging_mixin.py:137} INFO - [2023-04-16T14:26:38.330+0000] {taskmixin.py:211} WARNING - Dependency <Task(BashOperator): delete_entry>, create_entry_gcs already registered for DAG: example_complex
[2023-04-16T14:26:38.330+0000] {logging_mixin.py:137} INFO - [2023-04-16T14:26:38.330+0000] {taskmixin.py:211} WARNING - Dependency <Task(BashOperator): create_tag>, delete_tag already registered for DAG: example_complex
[2023-04-16T14:26:38.331+0000] {logging_mixin.py:137} INFO - [2023-04-16T14:26:38.331+0000] {taskmixin.py:211} WARNING - Dependency <Task(BashOperator): delete_tag>, create_tag already registered for DAG: example_complex
[2023-04-16T14:26:38.336+0000] {processor.py:753} INFO - DAG(s) dict_keys(['example_complex']) retrieved from /home/airflow/.local/lib/python3.7/site-packages/airflow/example_dags/example_complex.py
[2023-04-16T14:26:38.359+0000] {logging_mixin.py:137} INFO - [2023-04-16T14:26:38.359+0000] {dag.py:2705} INFO - Sync 1 DAGs
[2023-04-16T14:26:38.374+0000] {logging_mixin.py:137} INFO - [2023-04-16T14:26:38.374+0000] {dag.py:3456} INFO - Setting next_dagrun for example_complex to None, run_after=None
[2023-04-16T14:26:38.385+0000] {processor.py:175} INFO - Processing /home/airflow/.local/lib/python3.7/site-packages/airflow/example_dags/example_complex.py took 0.070 seconds
[2023-04-16T15:14:33.750+0000] {processor.py:153} INFO - Started process (PID=35780) to work on /home/airflow/.local/lib/python3.7/site-packages/airflow/example_dags/example_complex.py
[2023-04-16T15:14:33.752+0000] {processor.py:743} INFO - Processing file /home/airflow/.local/lib/python3.7/site-packages/airflow/example_dags/example_complex.py for tasks to queue
[2023-04-16T15:14:33.754+0000] {logging_mixin.py:137} INFO - [2023-04-16T15:14:33.753+0000] {dagbag.py:532} INFO - Filling up the DagBag from /home/airflow/.local/lib/python3.7/site-packages/airflow/example_dags/example_complex.py
[2023-04-16T15:14:33.786+0000] {logging_mixin.py:137} INFO - [2023-04-16T15:14:33.786+0000] {taskmixin.py:211} WARNING - Dependency <Task(BashOperator): create_entry_group>, delete_entry_group already registered for DAG: example_complex
[2023-04-16T15:14:33.787+0000] {logging_mixin.py:137} INFO - [2023-04-16T15:14:33.787+0000] {taskmixin.py:211} WARNING - Dependency <Task(BashOperator): delete_entry_group>, create_entry_group already registered for DAG: example_complex
[2023-04-16T15:14:33.788+0000] {logging_mixin.py:137} INFO - [2023-04-16T15:14:33.788+0000] {taskmixin.py:211} WARNING - Dependency <Task(BashOperator): create_entry_gcs>, delete_entry already registered for DAG: example_complex
[2023-04-16T15:14:33.788+0000] {logging_mixin.py:137} INFO - [2023-04-16T15:14:33.788+0000] {taskmixin.py:211} WARNING - Dependency <Task(BashOperator): delete_entry>, create_entry_gcs already registered for DAG: example_complex
[2023-04-16T15:14:33.789+0000] {logging_mixin.py:137} INFO - [2023-04-16T15:14:33.789+0000] {taskmixin.py:211} WARNING - Dependency <Task(BashOperator): create_tag>, delete_tag already registered for DAG: example_complex
[2023-04-16T15:14:33.789+0000] {logging_mixin.py:137} INFO - [2023-04-16T15:14:33.789+0000] {taskmixin.py:211} WARNING - Dependency <Task(BashOperator): delete_tag>, create_tag already registered for DAG: example_complex
[2023-04-16T15:14:33.800+0000] {processor.py:753} INFO - DAG(s) dict_keys(['example_complex']) retrieved from /home/airflow/.local/lib/python3.7/site-packages/airflow/example_dags/example_complex.py
[2023-04-16T15:14:33.866+0000] {logging_mixin.py:137} INFO - [2023-04-16T15:14:33.866+0000] {dag.py:2705} INFO - Sync 1 DAGs
[2023-04-16T15:14:33.918+0000] {logging_mixin.py:137} INFO - [2023-04-16T15:14:33.918+0000] {dag.py:3456} INFO - Setting next_dagrun for example_complex to None, run_after=None
[2023-04-16T15:14:33.937+0000] {processor.py:175} INFO - Processing /home/airflow/.local/lib/python3.7/site-packages/airflow/example_dags/example_complex.py took 0.196 seconds
[2023-04-16T15:15:03.997+0000] {processor.py:153} INFO - Started process (PID=35833) to work on /home/airflow/.local/lib/python3.7/site-packages/airflow/example_dags/example_complex.py
[2023-04-16T15:15:03.998+0000] {processor.py:743} INFO - Processing file /home/airflow/.local/lib/python3.7/site-packages/airflow/example_dags/example_complex.py for tasks to queue
[2023-04-16T15:15:03.999+0000] {logging_mixin.py:137} INFO - [2023-04-16T15:15:03.999+0000] {dagbag.py:532} INFO - Filling up the DagBag from /home/airflow/.local/lib/python3.7/site-packages/airflow/example_dags/example_complex.py
[2023-04-16T15:15:04.007+0000] {logging_mixin.py:137} INFO - [2023-04-16T15:15:04.007+0000] {taskmixin.py:211} WARNING - Dependency <Task(BashOperator): create_entry_group>, delete_entry_group already registered for DAG: example_complex
[2023-04-16T15:15:04.008+0000] {logging_mixin.py:137} INFO - [2023-04-16T15:15:04.008+0000] {taskmixin.py:211} WARNING - Dependency <Task(BashOperator): delete_entry_group>, create_entry_group already registered for DAG: example_complex
[2023-04-16T15:15:04.008+0000] {logging_mixin.py:137} INFO - [2023-04-16T15:15:04.008+0000] {taskmixin.py:211} WARNING - Dependency <Task(BashOperator): create_entry_gcs>, delete_entry already registered for DAG: example_complex
[2023-04-16T15:15:04.009+0000] {logging_mixin.py:137} INFO - [2023-04-16T15:15:04.009+0000] {taskmixin.py:211} WARNING - Dependency <Task(BashOperator): delete_entry>, create_entry_gcs already registered for DAG: example_complex
[2023-04-16T15:15:04.010+0000] {logging_mixin.py:137} INFO - [2023-04-16T15:15:04.010+0000] {taskmixin.py:211} WARNING - Dependency <Task(BashOperator): create_tag>, delete_tag already registered for DAG: example_complex
[2023-04-16T15:15:04.010+0000] {logging_mixin.py:137} INFO - [2023-04-16T15:15:04.010+0000] {taskmixin.py:211} WARNING - Dependency <Task(BashOperator): delete_tag>, create_tag already registered for DAG: example_complex
[2023-04-16T15:15:04.015+0000] {processor.py:753} INFO - DAG(s) dict_keys(['example_complex']) retrieved from /home/airflow/.local/lib/python3.7/site-packages/airflow/example_dags/example_complex.py
[2023-04-16T15:15:04.041+0000] {logging_mixin.py:137} INFO - [2023-04-16T15:15:04.041+0000] {dag.py:2705} INFO - Sync 1 DAGs
[2023-04-16T15:15:04.056+0000] {logging_mixin.py:137} INFO - [2023-04-16T15:15:04.056+0000] {dag.py:3456} INFO - Setting next_dagrun for example_complex to None, run_after=None
[2023-04-16T15:15:04.070+0000] {processor.py:175} INFO - Processing /home/airflow/.local/lib/python3.7/site-packages/airflow/example_dags/example_complex.py took 0.076 seconds
[2023-04-16T16:03:32.206+0000] {processor.py:153} INFO - Started process (PID=35886) to work on /home/airflow/.local/lib/python3.7/site-packages/airflow/example_dags/example_complex.py
[2023-04-16T16:03:32.207+0000] {processor.py:743} INFO - Processing file /home/airflow/.local/lib/python3.7/site-packages/airflow/example_dags/example_complex.py for tasks to queue
[2023-04-16T16:03:32.208+0000] {logging_mixin.py:137} INFO - [2023-04-16T16:03:32.208+0000] {dagbag.py:532} INFO - Filling up the DagBag from /home/airflow/.local/lib/python3.7/site-packages/airflow/example_dags/example_complex.py
[2023-04-16T16:03:32.216+0000] {logging_mixin.py:137} INFO - [2023-04-16T16:03:32.216+0000] {taskmixin.py:211} WARNING - Dependency <Task(BashOperator): create_entry_group>, delete_entry_group already registered for DAG: example_complex
[2023-04-16T16:03:32.216+0000] {logging_mixin.py:137} INFO - [2023-04-16T16:03:32.216+0000] {taskmixin.py:211} WARNING - Dependency <Task(BashOperator): delete_entry_group>, create_entry_group already registered for DAG: example_complex
[2023-04-16T16:03:32.216+0000] {logging_mixin.py:137} INFO - [2023-04-16T16:03:32.216+0000] {taskmixin.py:211} WARNING - Dependency <Task(BashOperator): create_entry_gcs>, delete_entry already registered for DAG: example_complex
[2023-04-16T16:03:32.217+0000] {logging_mixin.py:137} INFO - [2023-04-16T16:03:32.217+0000] {taskmixin.py:211} WARNING - Dependency <Task(BashOperator): delete_entry>, create_entry_gcs already registered for DAG: example_complex
[2023-04-16T16:03:32.218+0000] {logging_mixin.py:137} INFO - [2023-04-16T16:03:32.218+0000] {taskmixin.py:211} WARNING - Dependency <Task(BashOperator): create_tag>, delete_tag already registered for DAG: example_complex
[2023-04-16T16:03:32.218+0000] {logging_mixin.py:137} INFO - [2023-04-16T16:03:32.218+0000] {taskmixin.py:211} WARNING - Dependency <Task(BashOperator): delete_tag>, create_tag already registered for DAG: example_complex
[2023-04-16T16:03:32.223+0000] {processor.py:753} INFO - DAG(s) dict_keys(['example_complex']) retrieved from /home/airflow/.local/lib/python3.7/site-packages/airflow/example_dags/example_complex.py
[2023-04-16T16:03:32.247+0000] {logging_mixin.py:137} INFO - [2023-04-16T16:03:32.247+0000] {dag.py:2705} INFO - Sync 1 DAGs
[2023-04-16T16:03:32.262+0000] {logging_mixin.py:137} INFO - [2023-04-16T16:03:32.262+0000] {dag.py:3456} INFO - Setting next_dagrun for example_complex to None, run_after=None
[2023-04-16T16:03:32.272+0000] {processor.py:175} INFO - Processing /home/airflow/.local/lib/python3.7/site-packages/airflow/example_dags/example_complex.py took 0.068 seconds
[2023-04-16T17:09:33.031+0000] {processor.py:153} INFO - Started process (PID=35939) to work on /home/airflow/.local/lib/python3.7/site-packages/airflow/example_dags/example_complex.py
[2023-04-16T17:09:33.032+0000] {processor.py:743} INFO - Processing file /home/airflow/.local/lib/python3.7/site-packages/airflow/example_dags/example_complex.py for tasks to queue
[2023-04-16T17:09:33.033+0000] {logging_mixin.py:137} INFO - [2023-04-16T17:09:33.033+0000] {dagbag.py:532} INFO - Filling up the DagBag from /home/airflow/.local/lib/python3.7/site-packages/airflow/example_dags/example_complex.py
[2023-04-16T17:09:33.041+0000] {logging_mixin.py:137} INFO - [2023-04-16T17:09:33.041+0000] {taskmixin.py:211} WARNING - Dependency <Task(BashOperator): create_entry_group>, delete_entry_group already registered for DAG: example_complex
[2023-04-16T17:09:33.041+0000] {logging_mixin.py:137} INFO - [2023-04-16T17:09:33.041+0000] {taskmixin.py:211} WARNING - Dependency <Task(BashOperator): delete_entry_group>, create_entry_group already registered for DAG: example_complex
[2023-04-16T17:09:33.042+0000] {logging_mixin.py:137} INFO - [2023-04-16T17:09:33.042+0000] {taskmixin.py:211} WARNING - Dependency <Task(BashOperator): create_entry_gcs>, delete_entry already registered for DAG: example_complex
[2023-04-16T17:09:33.042+0000] {logging_mixin.py:137} INFO - [2023-04-16T17:09:33.042+0000] {taskmixin.py:211} WARNING - Dependency <Task(BashOperator): delete_entry>, create_entry_gcs already registered for DAG: example_complex
[2023-04-16T17:09:33.042+0000] {logging_mixin.py:137} INFO - [2023-04-16T17:09:33.042+0000] {taskmixin.py:211} WARNING - Dependency <Task(BashOperator): create_tag>, delete_tag already registered for DAG: example_complex
[2023-04-16T17:09:33.043+0000] {logging_mixin.py:137} INFO - [2023-04-16T17:09:33.043+0000] {taskmixin.py:211} WARNING - Dependency <Task(BashOperator): delete_tag>, create_tag already registered for DAG: example_complex
[2023-04-16T17:09:33.048+0000] {processor.py:753} INFO - DAG(s) dict_keys(['example_complex']) retrieved from /home/airflow/.local/lib/python3.7/site-packages/airflow/example_dags/example_complex.py
[2023-04-16T17:09:33.073+0000] {logging_mixin.py:137} INFO - [2023-04-16T17:09:33.073+0000] {dag.py:2705} INFO - Sync 1 DAGs
[2023-04-16T17:09:33.087+0000] {logging_mixin.py:137} INFO - [2023-04-16T17:09:33.087+0000] {dag.py:3456} INFO - Setting next_dagrun for example_complex to None, run_after=None
[2023-04-16T17:09:33.096+0000] {processor.py:175} INFO - Processing /home/airflow/.local/lib/python3.7/site-packages/airflow/example_dags/example_complex.py took 0.069 seconds
[2023-04-16T18:32:24.103+0000] {processor.py:153} INFO - Started process (PID=35992) to work on /home/airflow/.local/lib/python3.7/site-packages/airflow/example_dags/example_complex.py
[2023-04-16T18:32:24.105+0000] {processor.py:743} INFO - Processing file /home/airflow/.local/lib/python3.7/site-packages/airflow/example_dags/example_complex.py for tasks to queue
[2023-04-16T18:32:24.110+0000] {logging_mixin.py:137} INFO - [2023-04-16T18:32:24.110+0000] {dagbag.py:532} INFO - Filling up the DagBag from /home/airflow/.local/lib/python3.7/site-packages/airflow/example_dags/example_complex.py
[2023-04-16T18:32:24.127+0000] {logging_mixin.py:137} INFO - [2023-04-16T18:32:24.126+0000] {taskmixin.py:211} WARNING - Dependency <Task(BashOperator): create_entry_group>, delete_entry_group already registered for DAG: example_complex
[2023-04-16T18:32:24.129+0000] {logging_mixin.py:137} INFO - [2023-04-16T18:32:24.129+0000] {taskmixin.py:211} WARNING - Dependency <Task(BashOperator): delete_entry_group>, create_entry_group already registered for DAG: example_complex
[2023-04-16T18:32:24.130+0000] {logging_mixin.py:137} INFO - [2023-04-16T18:32:24.130+0000] {taskmixin.py:211} WARNING - Dependency <Task(BashOperator): create_entry_gcs>, delete_entry already registered for DAG: example_complex
[2023-04-16T18:32:24.131+0000] {logging_mixin.py:137} INFO - [2023-04-16T18:32:24.131+0000] {taskmixin.py:211} WARNING - Dependency <Task(BashOperator): delete_entry>, create_entry_gcs already registered for DAG: example_complex
[2023-04-16T18:32:24.133+0000] {logging_mixin.py:137} INFO - [2023-04-16T18:32:24.133+0000] {taskmixin.py:211} WARNING - Dependency <Task(BashOperator): create_tag>, delete_tag already registered for DAG: example_complex
[2023-04-16T18:32:24.135+0000] {logging_mixin.py:137} INFO - [2023-04-16T18:32:24.135+0000] {taskmixin.py:211} WARNING - Dependency <Task(BashOperator): delete_tag>, create_tag already registered for DAG: example_complex
[2023-04-16T18:32:24.149+0000] {processor.py:753} INFO - DAG(s) dict_keys(['example_complex']) retrieved from /home/airflow/.local/lib/python3.7/site-packages/airflow/example_dags/example_complex.py
[2023-04-16T18:32:24.193+0000] {logging_mixin.py:137} INFO - [2023-04-16T18:32:24.192+0000] {dag.py:2705} INFO - Sync 1 DAGs
[2023-04-16T18:32:24.226+0000] {logging_mixin.py:137} INFO - [2023-04-16T18:32:24.225+0000] {dag.py:3456} INFO - Setting next_dagrun for example_complex to None, run_after=None
[2023-04-16T18:32:24.253+0000] {processor.py:175} INFO - Processing /home/airflow/.local/lib/python3.7/site-packages/airflow/example_dags/example_complex.py took 0.158 seconds
[2023-04-16T19:39:49.185+0000] {processor.py:153} INFO - Started process (PID=36045) to work on /home/airflow/.local/lib/python3.7/site-packages/airflow/example_dags/example_complex.py
[2023-04-16T19:39:49.186+0000] {processor.py:743} INFO - Processing file /home/airflow/.local/lib/python3.7/site-packages/airflow/example_dags/example_complex.py for tasks to queue
[2023-04-16T19:39:49.187+0000] {logging_mixin.py:137} INFO - [2023-04-16T19:39:49.187+0000] {dagbag.py:532} INFO - Filling up the DagBag from /home/airflow/.local/lib/python3.7/site-packages/airflow/example_dags/example_complex.py
[2023-04-16T19:39:49.194+0000] {logging_mixin.py:137} INFO - [2023-04-16T19:39:49.194+0000] {taskmixin.py:211} WARNING - Dependency <Task(BashOperator): create_entry_group>, delete_entry_group already registered for DAG: example_complex
[2023-04-16T19:39:49.195+0000] {logging_mixin.py:137} INFO - [2023-04-16T19:39:49.195+0000] {taskmixin.py:211} WARNING - Dependency <Task(BashOperator): delete_entry_group>, create_entry_group already registered for DAG: example_complex
[2023-04-16T19:39:49.195+0000] {logging_mixin.py:137} INFO - [2023-04-16T19:39:49.195+0000] {taskmixin.py:211} WARNING - Dependency <Task(BashOperator): create_entry_gcs>, delete_entry already registered for DAG: example_complex
[2023-04-16T19:39:49.196+0000] {logging_mixin.py:137} INFO - [2023-04-16T19:39:49.195+0000] {taskmixin.py:211} WARNING - Dependency <Task(BashOperator): delete_entry>, create_entry_gcs already registered for DAG: example_complex
[2023-04-16T19:39:49.196+0000] {logging_mixin.py:137} INFO - [2023-04-16T19:39:49.196+0000] {taskmixin.py:211} WARNING - Dependency <Task(BashOperator): create_tag>, delete_tag already registered for DAG: example_complex
[2023-04-16T19:39:49.196+0000] {logging_mixin.py:137} INFO - [2023-04-16T19:39:49.196+0000] {taskmixin.py:211} WARNING - Dependency <Task(BashOperator): delete_tag>, create_tag already registered for DAG: example_complex
[2023-04-16T19:39:49.201+0000] {processor.py:753} INFO - DAG(s) dict_keys(['example_complex']) retrieved from /home/airflow/.local/lib/python3.7/site-packages/airflow/example_dags/example_complex.py
[2023-04-16T19:39:49.223+0000] {logging_mixin.py:137} INFO - [2023-04-16T19:39:49.223+0000] {dag.py:2705} INFO - Sync 1 DAGs
[2023-04-16T19:39:49.237+0000] {logging_mixin.py:137} INFO - [2023-04-16T19:39:49.237+0000] {dag.py:3456} INFO - Setting next_dagrun for example_complex to None, run_after=None
[2023-04-16T19:39:49.247+0000] {processor.py:175} INFO - Processing /home/airflow/.local/lib/python3.7/site-packages/airflow/example_dags/example_complex.py took 0.065 seconds
[2023-04-16T20:44:58.909+0000] {processor.py:153} INFO - Started process (PID=36098) to work on /home/airflow/.local/lib/python3.7/site-packages/airflow/example_dags/example_complex.py
[2023-04-16T20:44:58.911+0000] {processor.py:743} INFO - Processing file /home/airflow/.local/lib/python3.7/site-packages/airflow/example_dags/example_complex.py for tasks to queue
[2023-04-16T20:44:58.911+0000] {logging_mixin.py:137} INFO - [2023-04-16T20:44:58.911+0000] {dagbag.py:532} INFO - Filling up the DagBag from /home/airflow/.local/lib/python3.7/site-packages/airflow/example_dags/example_complex.py
[2023-04-16T20:44:58.919+0000] {logging_mixin.py:137} INFO - [2023-04-16T20:44:58.919+0000] {taskmixin.py:211} WARNING - Dependency <Task(BashOperator): create_entry_group>, delete_entry_group already registered for DAG: example_complex
[2023-04-16T20:44:58.919+0000] {logging_mixin.py:137} INFO - [2023-04-16T20:44:58.919+0000] {taskmixin.py:211} WARNING - Dependency <Task(BashOperator): delete_entry_group>, create_entry_group already registered for DAG: example_complex
[2023-04-16T20:44:58.920+0000] {logging_mixin.py:137} INFO - [2023-04-16T20:44:58.920+0000] {taskmixin.py:211} WARNING - Dependency <Task(BashOperator): create_entry_gcs>, delete_entry already registered for DAG: example_complex
[2023-04-16T20:44:58.920+0000] {logging_mixin.py:137} INFO - [2023-04-16T20:44:58.920+0000] {taskmixin.py:211} WARNING - Dependency <Task(BashOperator): delete_entry>, create_entry_gcs already registered for DAG: example_complex
[2023-04-16T20:44:58.920+0000] {logging_mixin.py:137} INFO - [2023-04-16T20:44:58.920+0000] {taskmixin.py:211} WARNING - Dependency <Task(BashOperator): create_tag>, delete_tag already registered for DAG: example_complex
[2023-04-16T20:44:58.921+0000] {logging_mixin.py:137} INFO - [2023-04-16T20:44:58.921+0000] {taskmixin.py:211} WARNING - Dependency <Task(BashOperator): delete_tag>, create_tag already registered for DAG: example_complex
[2023-04-16T20:44:58.925+0000] {processor.py:753} INFO - DAG(s) dict_keys(['example_complex']) retrieved from /home/airflow/.local/lib/python3.7/site-packages/airflow/example_dags/example_complex.py
[2023-04-16T20:44:58.950+0000] {logging_mixin.py:137} INFO - [2023-04-16T20:44:58.950+0000] {dag.py:2705} INFO - Sync 1 DAGs
[2023-04-16T20:44:58.965+0000] {logging_mixin.py:137} INFO - [2023-04-16T20:44:58.965+0000] {dag.py:3456} INFO - Setting next_dagrun for example_complex to None, run_after=None
[2023-04-16T20:44:58.976+0000] {processor.py:175} INFO - Processing /home/airflow/.local/lib/python3.7/site-packages/airflow/example_dags/example_complex.py took 0.070 seconds
[2023-04-16T21:52:24.841+0000] {processor.py:153} INFO - Started process (PID=36151) to work on /home/airflow/.local/lib/python3.7/site-packages/airflow/example_dags/example_complex.py
[2023-04-16T21:52:24.842+0000] {processor.py:743} INFO - Processing file /home/airflow/.local/lib/python3.7/site-packages/airflow/example_dags/example_complex.py for tasks to queue
[2023-04-16T21:52:24.843+0000] {logging_mixin.py:137} INFO - [2023-04-16T21:52:24.843+0000] {dagbag.py:532} INFO - Filling up the DagBag from /home/airflow/.local/lib/python3.7/site-packages/airflow/example_dags/example_complex.py
[2023-04-16T21:52:24.851+0000] {logging_mixin.py:137} INFO - [2023-04-16T21:52:24.851+0000] {taskmixin.py:211} WARNING - Dependency <Task(BashOperator): create_entry_group>, delete_entry_group already registered for DAG: example_complex
[2023-04-16T21:52:24.852+0000] {logging_mixin.py:137} INFO - [2023-04-16T21:52:24.852+0000] {taskmixin.py:211} WARNING - Dependency <Task(BashOperator): delete_entry_group>, create_entry_group already registered for DAG: example_complex
[2023-04-16T21:52:24.852+0000] {logging_mixin.py:137} INFO - [2023-04-16T21:52:24.852+0000] {taskmixin.py:211} WARNING - Dependency <Task(BashOperator): create_entry_gcs>, delete_entry already registered for DAG: example_complex
[2023-04-16T21:52:24.853+0000] {logging_mixin.py:137} INFO - [2023-04-16T21:52:24.853+0000] {taskmixin.py:211} WARNING - Dependency <Task(BashOperator): delete_entry>, create_entry_gcs already registered for DAG: example_complex
[2023-04-16T21:52:24.853+0000] {logging_mixin.py:137} INFO - [2023-04-16T21:52:24.853+0000] {taskmixin.py:211} WARNING - Dependency <Task(BashOperator): create_tag>, delete_tag already registered for DAG: example_complex
[2023-04-16T21:52:24.854+0000] {logging_mixin.py:137} INFO - [2023-04-16T21:52:24.854+0000] {taskmixin.py:211} WARNING - Dependency <Task(BashOperator): delete_tag>, create_tag already registered for DAG: example_complex
[2023-04-16T21:52:24.859+0000] {processor.py:753} INFO - DAG(s) dict_keys(['example_complex']) retrieved from /home/airflow/.local/lib/python3.7/site-packages/airflow/example_dags/example_complex.py
[2023-04-16T21:52:24.883+0000] {logging_mixin.py:137} INFO - [2023-04-16T21:52:24.883+0000] {dag.py:2705} INFO - Sync 1 DAGs
[2023-04-16T21:52:24.897+0000] {logging_mixin.py:137} INFO - [2023-04-16T21:52:24.897+0000] {dag.py:3456} INFO - Setting next_dagrun for example_complex to None, run_after=None
[2023-04-16T21:52:24.907+0000] {processor.py:175} INFO - Processing /home/airflow/.local/lib/python3.7/site-packages/airflow/example_dags/example_complex.py took 0.069 seconds
[2023-04-16T22:18:54.636+0000] {processor.py:153} INFO - Started process (PID=36204) to work on /home/airflow/.local/lib/python3.7/site-packages/airflow/example_dags/example_complex.py
[2023-04-16T22:18:54.637+0000] {processor.py:743} INFO - Processing file /home/airflow/.local/lib/python3.7/site-packages/airflow/example_dags/example_complex.py for tasks to queue
[2023-04-16T22:18:54.637+0000] {logging_mixin.py:137} INFO - [2023-04-16T22:18:54.637+0000] {dagbag.py:532} INFO - Filling up the DagBag from /home/airflow/.local/lib/python3.7/site-packages/airflow/example_dags/example_complex.py
[2023-04-16T22:18:54.645+0000] {logging_mixin.py:137} INFO - [2023-04-16T22:18:54.645+0000] {taskmixin.py:211} WARNING - Dependency <Task(BashOperator): create_entry_group>, delete_entry_group already registered for DAG: example_complex
[2023-04-16T22:18:54.646+0000] {logging_mixin.py:137} INFO - [2023-04-16T22:18:54.646+0000] {taskmixin.py:211} WARNING - Dependency <Task(BashOperator): delete_entry_group>, create_entry_group already registered for DAG: example_complex
[2023-04-16T22:18:54.646+0000] {logging_mixin.py:137} INFO - [2023-04-16T22:18:54.646+0000] {taskmixin.py:211} WARNING - Dependency <Task(BashOperator): create_entry_gcs>, delete_entry already registered for DAG: example_complex
[2023-04-16T22:18:54.646+0000] {logging_mixin.py:137} INFO - [2023-04-16T22:18:54.646+0000] {taskmixin.py:211} WARNING - Dependency <Task(BashOperator): delete_entry>, create_entry_gcs already registered for DAG: example_complex
[2023-04-16T22:18:54.647+0000] {logging_mixin.py:137} INFO - [2023-04-16T22:18:54.647+0000] {taskmixin.py:211} WARNING - Dependency <Task(BashOperator): create_tag>, delete_tag already registered for DAG: example_complex
[2023-04-16T22:18:54.647+0000] {logging_mixin.py:137} INFO - [2023-04-16T22:18:54.647+0000] {taskmixin.py:211} WARNING - Dependency <Task(BashOperator): delete_tag>, create_tag already registered for DAG: example_complex
[2023-04-16T22:18:54.652+0000] {processor.py:753} INFO - DAG(s) dict_keys(['example_complex']) retrieved from /home/airflow/.local/lib/python3.7/site-packages/airflow/example_dags/example_complex.py
[2023-04-16T22:18:54.691+0000] {logging_mixin.py:137} INFO - [2023-04-16T22:18:54.690+0000] {dag.py:2705} INFO - Sync 1 DAGs
[2023-04-16T22:18:54.708+0000] {logging_mixin.py:137} INFO - [2023-04-16T22:18:54.707+0000] {dag.py:3456} INFO - Setting next_dagrun for example_complex to None, run_after=None
[2023-04-16T22:18:54.719+0000] {processor.py:175} INFO - Processing /home/airflow/.local/lib/python3.7/site-packages/airflow/example_dags/example_complex.py took 0.086 seconds
[2023-04-16T22:19:25.224+0000] {processor.py:153} INFO - Started process (PID=36257) to work on /home/airflow/.local/lib/python3.7/site-packages/airflow/example_dags/example_complex.py
[2023-04-16T22:19:25.225+0000] {processor.py:743} INFO - Processing file /home/airflow/.local/lib/python3.7/site-packages/airflow/example_dags/example_complex.py for tasks to queue
[2023-04-16T22:19:25.225+0000] {logging_mixin.py:137} INFO - [2023-04-16T22:19:25.225+0000] {dagbag.py:532} INFO - Filling up the DagBag from /home/airflow/.local/lib/python3.7/site-packages/airflow/example_dags/example_complex.py
[2023-04-16T22:19:25.232+0000] {logging_mixin.py:137} INFO - [2023-04-16T22:19:25.232+0000] {taskmixin.py:211} WARNING - Dependency <Task(BashOperator): create_entry_group>, delete_entry_group already registered for DAG: example_complex
[2023-04-16T22:19:25.233+0000] {logging_mixin.py:137} INFO - [2023-04-16T22:19:25.233+0000] {taskmixin.py:211} WARNING - Dependency <Task(BashOperator): delete_entry_group>, create_entry_group already registered for DAG: example_complex
[2023-04-16T22:19:25.233+0000] {logging_mixin.py:137} INFO - [2023-04-16T22:19:25.233+0000] {taskmixin.py:211} WARNING - Dependency <Task(BashOperator): create_entry_gcs>, delete_entry already registered for DAG: example_complex
[2023-04-16T22:19:25.233+0000] {logging_mixin.py:137} INFO - [2023-04-16T22:19:25.233+0000] {taskmixin.py:211} WARNING - Dependency <Task(BashOperator): delete_entry>, create_entry_gcs already registered for DAG: example_complex
[2023-04-16T22:19:25.234+0000] {logging_mixin.py:137} INFO - [2023-04-16T22:19:25.234+0000] {taskmixin.py:211} WARNING - Dependency <Task(BashOperator): create_tag>, delete_tag already registered for DAG: example_complex
[2023-04-16T22:19:25.234+0000] {logging_mixin.py:137} INFO - [2023-04-16T22:19:25.234+0000] {taskmixin.py:211} WARNING - Dependency <Task(BashOperator): delete_tag>, create_tag already registered for DAG: example_complex
[2023-04-16T22:19:25.239+0000] {processor.py:753} INFO - DAG(s) dict_keys(['example_complex']) retrieved from /home/airflow/.local/lib/python3.7/site-packages/airflow/example_dags/example_complex.py
[2023-04-16T22:19:25.262+0000] {logging_mixin.py:137} INFO - [2023-04-16T22:19:25.262+0000] {dag.py:2705} INFO - Sync 1 DAGs
[2023-04-16T22:19:25.276+0000] {logging_mixin.py:137} INFO - [2023-04-16T22:19:25.276+0000] {dag.py:3456} INFO - Setting next_dagrun for example_complex to None, run_after=None
[2023-04-16T22:19:25.288+0000] {processor.py:175} INFO - Processing /home/airflow/.local/lib/python3.7/site-packages/airflow/example_dags/example_complex.py took 0.067 seconds
[2023-04-16T22:39:19.352+0000] {processor.py:153} INFO - Started process (PID=36310) to work on /home/airflow/.local/lib/python3.7/site-packages/airflow/example_dags/example_complex.py
[2023-04-16T22:39:19.353+0000] {processor.py:743} INFO - Processing file /home/airflow/.local/lib/python3.7/site-packages/airflow/example_dags/example_complex.py for tasks to queue
[2023-04-16T22:39:19.355+0000] {logging_mixin.py:137} INFO - [2023-04-16T22:39:19.355+0000] {dagbag.py:532} INFO - Filling up the DagBag from /home/airflow/.local/lib/python3.7/site-packages/airflow/example_dags/example_complex.py
[2023-04-16T22:39:19.364+0000] {logging_mixin.py:137} INFO - [2023-04-16T22:39:19.364+0000] {taskmixin.py:211} WARNING - Dependency <Task(BashOperator): create_entry_group>, delete_entry_group already registered for DAG: example_complex
[2023-04-16T22:39:19.366+0000] {logging_mixin.py:137} INFO - [2023-04-16T22:39:19.366+0000] {taskmixin.py:211} WARNING - Dependency <Task(BashOperator): delete_entry_group>, create_entry_group already registered for DAG: example_complex
[2023-04-16T22:39:19.366+0000] {logging_mixin.py:137} INFO - [2023-04-16T22:39:19.366+0000] {taskmixin.py:211} WARNING - Dependency <Task(BashOperator): create_entry_gcs>, delete_entry already registered for DAG: example_complex
[2023-04-16T22:39:19.367+0000] {logging_mixin.py:137} INFO - [2023-04-16T22:39:19.367+0000] {taskmixin.py:211} WARNING - Dependency <Task(BashOperator): delete_entry>, create_entry_gcs already registered for DAG: example_complex
[2023-04-16T22:39:19.367+0000] {logging_mixin.py:137} INFO - [2023-04-16T22:39:19.367+0000] {taskmixin.py:211} WARNING - Dependency <Task(BashOperator): create_tag>, delete_tag already registered for DAG: example_complex
[2023-04-16T22:39:19.368+0000] {logging_mixin.py:137} INFO - [2023-04-16T22:39:19.367+0000] {taskmixin.py:211} WARNING - Dependency <Task(BashOperator): delete_tag>, create_tag already registered for DAG: example_complex
[2023-04-16T22:39:19.372+0000] {processor.py:753} INFO - DAG(s) dict_keys(['example_complex']) retrieved from /home/airflow/.local/lib/python3.7/site-packages/airflow/example_dags/example_complex.py
[2023-04-16T22:39:19.394+0000] {logging_mixin.py:137} INFO - [2023-04-16T22:39:19.394+0000] {dag.py:2705} INFO - Sync 1 DAGs
[2023-04-16T22:39:19.408+0000] {logging_mixin.py:137} INFO - [2023-04-16T22:39:19.408+0000] {dag.py:3456} INFO - Setting next_dagrun for example_complex to None, run_after=None
[2023-04-16T22:39:19.417+0000] {processor.py:175} INFO - Processing /home/airflow/.local/lib/python3.7/site-packages/airflow/example_dags/example_complex.py took 0.068 seconds
[2023-04-16T22:39:49.871+0000] {processor.py:153} INFO - Started process (PID=36363) to work on /home/airflow/.local/lib/python3.7/site-packages/airflow/example_dags/example_complex.py
[2023-04-16T22:39:49.872+0000] {processor.py:743} INFO - Processing file /home/airflow/.local/lib/python3.7/site-packages/airflow/example_dags/example_complex.py for tasks to queue
[2023-04-16T22:39:49.873+0000] {logging_mixin.py:137} INFO - [2023-04-16T22:39:49.873+0000] {dagbag.py:532} INFO - Filling up the DagBag from /home/airflow/.local/lib/python3.7/site-packages/airflow/example_dags/example_complex.py
[2023-04-16T22:39:49.881+0000] {logging_mixin.py:137} INFO - [2023-04-16T22:39:49.881+0000] {taskmixin.py:211} WARNING - Dependency <Task(BashOperator): create_entry_group>, delete_entry_group already registered for DAG: example_complex
[2023-04-16T22:39:49.881+0000] {logging_mixin.py:137} INFO - [2023-04-16T22:39:49.881+0000] {taskmixin.py:211} WARNING - Dependency <Task(BashOperator): delete_entry_group>, create_entry_group already registered for DAG: example_complex
[2023-04-16T22:39:49.882+0000] {logging_mixin.py:137} INFO - [2023-04-16T22:39:49.882+0000] {taskmixin.py:211} WARNING - Dependency <Task(BashOperator): create_entry_gcs>, delete_entry already registered for DAG: example_complex
[2023-04-16T22:39:49.882+0000] {logging_mixin.py:137} INFO - [2023-04-16T22:39:49.882+0000] {taskmixin.py:211} WARNING - Dependency <Task(BashOperator): delete_entry>, create_entry_gcs already registered for DAG: example_complex
[2023-04-16T22:39:49.883+0000] {logging_mixin.py:137} INFO - [2023-04-16T22:39:49.883+0000] {taskmixin.py:211} WARNING - Dependency <Task(BashOperator): create_tag>, delete_tag already registered for DAG: example_complex
[2023-04-16T22:39:49.883+0000] {logging_mixin.py:137} INFO - [2023-04-16T22:39:49.883+0000] {taskmixin.py:211} WARNING - Dependency <Task(BashOperator): delete_tag>, create_tag already registered for DAG: example_complex
[2023-04-16T22:39:49.888+0000] {processor.py:753} INFO - DAG(s) dict_keys(['example_complex']) retrieved from /home/airflow/.local/lib/python3.7/site-packages/airflow/example_dags/example_complex.py
[2023-04-16T22:39:49.911+0000] {logging_mixin.py:137} INFO - [2023-04-16T22:39:49.911+0000] {dag.py:2705} INFO - Sync 1 DAGs
[2023-04-16T22:39:49.927+0000] {logging_mixin.py:137} INFO - [2023-04-16T22:39:49.927+0000] {dag.py:3456} INFO - Setting next_dagrun for example_complex to None, run_after=None
[2023-04-16T22:39:49.939+0000] {processor.py:175} INFO - Processing /home/airflow/.local/lib/python3.7/site-packages/airflow/example_dags/example_complex.py took 0.070 seconds
