[2023-04-16T00:33:37.408+0000] {processor.py:153} INFO - Started process (PID=34901) to work on /home/airflow/.local/lib/python3.7/site-packages/airflow/example_dags/example_task_group.py
[2023-04-16T00:33:37.409+0000] {processor.py:743} INFO - Processing file /home/airflow/.local/lib/python3.7/site-packages/airflow/example_dags/example_task_group.py for tasks to queue
[2023-04-16T00:33:37.410+0000] {logging_mixin.py:137} INFO - [2023-04-16T00:33:37.410+0000] {dagbag.py:532} INFO - Filling up the DagBag from /home/airflow/.local/lib/python3.7/site-packages/airflow/example_dags/example_task_group.py
[2023-04-16T00:33:37.421+0000] {processor.py:753} INFO - DAG(s) dict_keys(['example_task_group']) retrieved from /home/airflow/.local/lib/python3.7/site-packages/airflow/example_dags/example_task_group.py
[2023-04-16T00:33:37.440+0000] {logging_mixin.py:137} INFO - [2023-04-16T00:33:37.440+0000] {dag.py:2705} INFO - Sync 1 DAGs
[2023-04-16T00:33:37.454+0000] {logging_mixin.py:137} INFO - [2023-04-16T00:33:37.454+0000] {dag.py:3456} INFO - Setting next_dagrun for example_task_group to 2023-04-15T00:33:37.454736+00:00, run_after=2023-04-16T00:33:37.454736+00:00
[2023-04-16T00:33:37.464+0000] {processor.py:175} INFO - Processing /home/airflow/.local/lib/python3.7/site-packages/airflow/example_dags/example_task_group.py took 0.059 seconds
[2023-04-16T01:42:57.188+0000] {processor.py:153} INFO - Started process (PID=34954) to work on /home/airflow/.local/lib/python3.7/site-packages/airflow/example_dags/example_task_group.py
[2023-04-16T01:42:57.189+0000] {processor.py:743} INFO - Processing file /home/airflow/.local/lib/python3.7/site-packages/airflow/example_dags/example_task_group.py for tasks to queue
[2023-04-16T01:42:57.189+0000] {logging_mixin.py:137} INFO - [2023-04-16T01:42:57.189+0000] {dagbag.py:532} INFO - Filling up the DagBag from /home/airflow/.local/lib/python3.7/site-packages/airflow/example_dags/example_task_group.py
[2023-04-16T01:42:57.201+0000] {processor.py:753} INFO - DAG(s) dict_keys(['example_task_group']) retrieved from /home/airflow/.local/lib/python3.7/site-packages/airflow/example_dags/example_task_group.py
[2023-04-16T01:42:57.219+0000] {logging_mixin.py:137} INFO - [2023-04-16T01:42:57.219+0000] {dag.py:2705} INFO - Sync 1 DAGs
[2023-04-16T01:42:57.241+0000] {logging_mixin.py:137} INFO - [2023-04-16T01:42:57.240+0000] {dag.py:3456} INFO - Setting next_dagrun for example_task_group to 2023-04-15T01:42:57.240812+00:00, run_after=2023-04-16T01:42:57.240812+00:00
[2023-04-16T01:42:57.251+0000] {processor.py:175} INFO - Processing /home/airflow/.local/lib/python3.7/site-packages/airflow/example_dags/example_task_group.py took 0.066 seconds
[2023-04-16T02:49:26.082+0000] {processor.py:153} INFO - Started process (PID=35007) to work on /home/airflow/.local/lib/python3.7/site-packages/airflow/example_dags/example_task_group.py
[2023-04-16T02:49:26.083+0000] {processor.py:743} INFO - Processing file /home/airflow/.local/lib/python3.7/site-packages/airflow/example_dags/example_task_group.py for tasks to queue
[2023-04-16T02:49:26.083+0000] {logging_mixin.py:137} INFO - [2023-04-16T02:49:26.083+0000] {dagbag.py:532} INFO - Filling up the DagBag from /home/airflow/.local/lib/python3.7/site-packages/airflow/example_dags/example_task_group.py
[2023-04-16T02:49:26.094+0000] {processor.py:753} INFO - DAG(s) dict_keys(['example_task_group']) retrieved from /home/airflow/.local/lib/python3.7/site-packages/airflow/example_dags/example_task_group.py
[2023-04-16T02:49:26.112+0000] {logging_mixin.py:137} INFO - [2023-04-16T02:49:26.112+0000] {dag.py:2705} INFO - Sync 1 DAGs
[2023-04-16T02:49:26.126+0000] {logging_mixin.py:137} INFO - [2023-04-16T02:49:26.126+0000] {dag.py:3456} INFO - Setting next_dagrun for example_task_group to 2023-04-15T02:49:26.126678+00:00, run_after=2023-04-16T02:49:26.126678+00:00
[2023-04-16T02:49:26.137+0000] {processor.py:175} INFO - Processing /home/airflow/.local/lib/python3.7/site-packages/airflow/example_dags/example_task_group.py took 0.058 seconds
[2023-04-16T03:56:32.001+0000] {processor.py:153} INFO - Started process (PID=35061) to work on /home/airflow/.local/lib/python3.7/site-packages/airflow/example_dags/example_task_group.py
[2023-04-16T03:56:32.003+0000] {processor.py:743} INFO - Processing file /home/airflow/.local/lib/python3.7/site-packages/airflow/example_dags/example_task_group.py for tasks to queue
[2023-04-16T03:56:32.004+0000] {logging_mixin.py:137} INFO - [2023-04-16T03:56:32.004+0000] {dagbag.py:532} INFO - Filling up the DagBag from /home/airflow/.local/lib/python3.7/site-packages/airflow/example_dags/example_task_group.py
[2023-04-16T03:56:32.023+0000] {processor.py:753} INFO - DAG(s) dict_keys(['example_task_group']) retrieved from /home/airflow/.local/lib/python3.7/site-packages/airflow/example_dags/example_task_group.py
[2023-04-16T03:56:32.053+0000] {logging_mixin.py:137} INFO - [2023-04-16T03:56:32.053+0000] {dag.py:2705} INFO - Sync 1 DAGs
[2023-04-16T03:56:32.069+0000] {logging_mixin.py:137} INFO - [2023-04-16T03:56:32.069+0000] {dag.py:3456} INFO - Setting next_dagrun for example_task_group to 2023-04-15T03:56:32.069425+00:00, run_after=2023-04-16T03:56:32.069425+00:00
[2023-04-16T03:56:32.082+0000] {processor.py:175} INFO - Processing /home/airflow/.local/lib/python3.7/site-packages/airflow/example_dags/example_task_group.py took 0.085 seconds
[2023-04-16T04:57:15.399+0000] {processor.py:153} INFO - Started process (PID=35114) to work on /home/airflow/.local/lib/python3.7/site-packages/airflow/example_dags/example_task_group.py
[2023-04-16T04:57:15.400+0000] {processor.py:743} INFO - Processing file /home/airflow/.local/lib/python3.7/site-packages/airflow/example_dags/example_task_group.py for tasks to queue
[2023-04-16T04:57:15.400+0000] {logging_mixin.py:137} INFO - [2023-04-16T04:57:15.400+0000] {dagbag.py:532} INFO - Filling up the DagBag from /home/airflow/.local/lib/python3.7/site-packages/airflow/example_dags/example_task_group.py
[2023-04-16T04:57:15.413+0000] {processor.py:753} INFO - DAG(s) dict_keys(['example_task_group']) retrieved from /home/airflow/.local/lib/python3.7/site-packages/airflow/example_dags/example_task_group.py
[2023-04-16T04:57:15.432+0000] {logging_mixin.py:137} INFO - [2023-04-16T04:57:15.432+0000] {dag.py:2705} INFO - Sync 1 DAGs
[2023-04-16T04:57:15.455+0000] {logging_mixin.py:137} INFO - [2023-04-16T04:57:15.455+0000] {dag.py:3456} INFO - Setting next_dagrun for example_task_group to 2023-04-15T04:57:15.455506+00:00, run_after=2023-04-16T04:57:15.455506+00:00
[2023-04-16T04:57:15.467+0000] {processor.py:175} INFO - Processing /home/airflow/.local/lib/python3.7/site-packages/airflow/example_dags/example_task_group.py took 0.071 seconds
[2023-04-16T04:57:45.846+0000] {processor.py:153} INFO - Started process (PID=35166) to work on /home/airflow/.local/lib/python3.7/site-packages/airflow/example_dags/example_task_group.py
[2023-04-16T04:57:45.847+0000] {processor.py:743} INFO - Processing file /home/airflow/.local/lib/python3.7/site-packages/airflow/example_dags/example_task_group.py for tasks to queue
[2023-04-16T04:57:45.848+0000] {logging_mixin.py:137} INFO - [2023-04-16T04:57:45.847+0000] {dagbag.py:532} INFO - Filling up the DagBag from /home/airflow/.local/lib/python3.7/site-packages/airflow/example_dags/example_task_group.py
[2023-04-16T04:57:45.859+0000] {processor.py:753} INFO - DAG(s) dict_keys(['example_task_group']) retrieved from /home/airflow/.local/lib/python3.7/site-packages/airflow/example_dags/example_task_group.py
[2023-04-16T04:57:45.876+0000] {logging_mixin.py:137} INFO - [2023-04-16T04:57:45.876+0000] {dag.py:2705} INFO - Sync 1 DAGs
[2023-04-16T04:57:45.890+0000] {logging_mixin.py:137} INFO - [2023-04-16T04:57:45.890+0000] {dag.py:3456} INFO - Setting next_dagrun for example_task_group to 2023-04-15T04:57:45.890726+00:00, run_after=2023-04-16T04:57:45.890726+00:00
[2023-04-16T04:57:45.900+0000] {processor.py:175} INFO - Processing /home/airflow/.local/lib/python3.7/site-packages/airflow/example_dags/example_task_group.py took 0.057 seconds
[2023-04-16T06:01:54.438+0000] {processor.py:153} INFO - Started process (PID=35219) to work on /home/airflow/.local/lib/python3.7/site-packages/airflow/example_dags/example_task_group.py
[2023-04-16T06:01:54.439+0000] {processor.py:743} INFO - Processing file /home/airflow/.local/lib/python3.7/site-packages/airflow/example_dags/example_task_group.py for tasks to queue
[2023-04-16T06:01:54.440+0000] {logging_mixin.py:137} INFO - [2023-04-16T06:01:54.440+0000] {dagbag.py:532} INFO - Filling up the DagBag from /home/airflow/.local/lib/python3.7/site-packages/airflow/example_dags/example_task_group.py
[2023-04-16T06:01:54.452+0000] {processor.py:753} INFO - DAG(s) dict_keys(['example_task_group']) retrieved from /home/airflow/.local/lib/python3.7/site-packages/airflow/example_dags/example_task_group.py
[2023-04-16T06:01:54.474+0000] {logging_mixin.py:137} INFO - [2023-04-16T06:01:54.474+0000] {dag.py:2705} INFO - Sync 1 DAGs
[2023-04-16T06:01:54.488+0000] {logging_mixin.py:137} INFO - [2023-04-16T06:01:54.488+0000] {dag.py:3456} INFO - Setting next_dagrun for example_task_group to 2023-04-15T06:01:54.488592+00:00, run_after=2023-04-16T06:01:54.488592+00:00
[2023-04-16T06:01:54.499+0000] {processor.py:175} INFO - Processing /home/airflow/.local/lib/python3.7/site-packages/airflow/example_dags/example_task_group.py took 0.063 seconds
[2023-04-16T06:13:26.222+0000] {processor.py:153} INFO - Started process (PID=35272) to work on /home/airflow/.local/lib/python3.7/site-packages/airflow/example_dags/example_task_group.py
[2023-04-16T06:13:26.223+0000] {processor.py:743} INFO - Processing file /home/airflow/.local/lib/python3.7/site-packages/airflow/example_dags/example_task_group.py for tasks to queue
[2023-04-16T06:13:26.224+0000] {logging_mixin.py:137} INFO - [2023-04-16T06:13:26.224+0000] {dagbag.py:532} INFO - Filling up the DagBag from /home/airflow/.local/lib/python3.7/site-packages/airflow/example_dags/example_task_group.py
[2023-04-16T06:13:26.236+0000] {processor.py:753} INFO - DAG(s) dict_keys(['example_task_group']) retrieved from /home/airflow/.local/lib/python3.7/site-packages/airflow/example_dags/example_task_group.py
[2023-04-16T06:13:26.258+0000] {logging_mixin.py:137} INFO - [2023-04-16T06:13:26.258+0000] {dag.py:2705} INFO - Sync 1 DAGs
[2023-04-16T06:13:26.275+0000] {logging_mixin.py:137} INFO - [2023-04-16T06:13:26.275+0000] {dag.py:3456} INFO - Setting next_dagrun for example_task_group to 2023-04-15T06:13:26.275595+00:00, run_after=2023-04-16T06:13:26.275595+00:00
[2023-04-16T06:13:26.286+0000] {processor.py:175} INFO - Processing /home/airflow/.local/lib/python3.7/site-packages/airflow/example_dags/example_task_group.py took 0.067 seconds
[2023-04-16T06:29:19.840+0000] {processor.py:153} INFO - Started process (PID=35325) to work on /home/airflow/.local/lib/python3.7/site-packages/airflow/example_dags/example_task_group.py
[2023-04-16T06:29:19.841+0000] {processor.py:743} INFO - Processing file /home/airflow/.local/lib/python3.7/site-packages/airflow/example_dags/example_task_group.py for tasks to queue
[2023-04-16T06:29:19.841+0000] {logging_mixin.py:137} INFO - [2023-04-16T06:29:19.841+0000] {dagbag.py:532} INFO - Filling up the DagBag from /home/airflow/.local/lib/python3.7/site-packages/airflow/example_dags/example_task_group.py
[2023-04-16T06:29:19.853+0000] {processor.py:753} INFO - DAG(s) dict_keys(['example_task_group']) retrieved from /home/airflow/.local/lib/python3.7/site-packages/airflow/example_dags/example_task_group.py
[2023-04-16T06:29:19.872+0000] {logging_mixin.py:137} INFO - [2023-04-16T06:29:19.872+0000] {dag.py:2705} INFO - Sync 1 DAGs
[2023-04-16T06:29:19.886+0000] {logging_mixin.py:137} INFO - [2023-04-16T06:29:19.886+0000] {dag.py:3456} INFO - Setting next_dagrun for example_task_group to 2023-04-15T06:29:19.886538+00:00, run_after=2023-04-16T06:29:19.886538+00:00
[2023-04-16T06:29:19.896+0000] {processor.py:175} INFO - Processing /home/airflow/.local/lib/python3.7/site-packages/airflow/example_dags/example_task_group.py took 0.059 seconds
[2023-04-16T07:31:25.926+0000] {processor.py:153} INFO - Started process (PID=35378) to work on /home/airflow/.local/lib/python3.7/site-packages/airflow/example_dags/example_task_group.py
[2023-04-16T07:31:25.929+0000] {processor.py:743} INFO - Processing file /home/airflow/.local/lib/python3.7/site-packages/airflow/example_dags/example_task_group.py for tasks to queue
[2023-04-16T07:31:25.929+0000] {logging_mixin.py:137} INFO - [2023-04-16T07:31:25.929+0000] {dagbag.py:532} INFO - Filling up the DagBag from /home/airflow/.local/lib/python3.7/site-packages/airflow/example_dags/example_task_group.py
[2023-04-16T07:31:25.942+0000] {processor.py:753} INFO - DAG(s) dict_keys(['example_task_group']) retrieved from /home/airflow/.local/lib/python3.7/site-packages/airflow/example_dags/example_task_group.py
[2023-04-16T07:31:25.960+0000] {logging_mixin.py:137} INFO - [2023-04-16T07:31:25.960+0000] {dag.py:2705} INFO - Sync 1 DAGs
[2023-04-16T07:31:25.975+0000] {logging_mixin.py:137} INFO - [2023-04-16T07:31:25.975+0000] {dag.py:3456} INFO - Setting next_dagrun for example_task_group to 2023-04-15T07:31:25.975255+00:00, run_after=2023-04-16T07:31:25.975255+00:00
[2023-04-16T07:31:25.985+0000] {processor.py:175} INFO - Processing /home/airflow/.local/lib/python3.7/site-packages/airflow/example_dags/example_task_group.py took 0.061 seconds
[2023-04-16T08:50:12.551+0000] {processor.py:153} INFO - Started process (PID=35431) to work on /home/airflow/.local/lib/python3.7/site-packages/airflow/example_dags/example_task_group.py
[2023-04-16T08:50:12.552+0000] {processor.py:743} INFO - Processing file /home/airflow/.local/lib/python3.7/site-packages/airflow/example_dags/example_task_group.py for tasks to queue
[2023-04-16T08:50:12.552+0000] {logging_mixin.py:137} INFO - [2023-04-16T08:50:12.552+0000] {dagbag.py:532} INFO - Filling up the DagBag from /home/airflow/.local/lib/python3.7/site-packages/airflow/example_dags/example_task_group.py
[2023-04-16T08:50:12.564+0000] {processor.py:753} INFO - DAG(s) dict_keys(['example_task_group']) retrieved from /home/airflow/.local/lib/python3.7/site-packages/airflow/example_dags/example_task_group.py
[2023-04-16T08:50:12.583+0000] {logging_mixin.py:137} INFO - [2023-04-16T08:50:12.583+0000] {dag.py:2705} INFO - Sync 1 DAGs
[2023-04-16T08:50:12.597+0000] {logging_mixin.py:137} INFO - [2023-04-16T08:50:12.597+0000] {dag.py:3456} INFO - Setting next_dagrun for example_task_group to 2023-04-15T08:50:12.597447+00:00, run_after=2023-04-16T08:50:12.597447+00:00
[2023-04-16T08:50:12.608+0000] {processor.py:175} INFO - Processing /home/airflow/.local/lib/python3.7/site-packages/airflow/example_dags/example_task_group.py took 0.060 seconds
[2023-04-16T09:55:50.323+0000] {processor.py:153} INFO - Started process (PID=35484) to work on /home/airflow/.local/lib/python3.7/site-packages/airflow/example_dags/example_task_group.py
[2023-04-16T09:55:50.324+0000] {processor.py:743} INFO - Processing file /home/airflow/.local/lib/python3.7/site-packages/airflow/example_dags/example_task_group.py for tasks to queue
[2023-04-16T09:55:50.325+0000] {logging_mixin.py:137} INFO - [2023-04-16T09:55:50.325+0000] {dagbag.py:532} INFO - Filling up the DagBag from /home/airflow/.local/lib/python3.7/site-packages/airflow/example_dags/example_task_group.py
[2023-04-16T09:55:50.339+0000] {processor.py:753} INFO - DAG(s) dict_keys(['example_task_group']) retrieved from /home/airflow/.local/lib/python3.7/site-packages/airflow/example_dags/example_task_group.py
[2023-04-16T09:55:50.364+0000] {logging_mixin.py:137} INFO - [2023-04-16T09:55:50.364+0000] {dag.py:2705} INFO - Sync 1 DAGs
[2023-04-16T09:55:50.385+0000] {logging_mixin.py:137} INFO - [2023-04-16T09:55:50.384+0000] {dag.py:3456} INFO - Setting next_dagrun for example_task_group to 2023-04-15T09:55:50.384708+00:00, run_after=2023-04-16T09:55:50.384708+00:00
[2023-04-16T09:55:50.397+0000] {processor.py:175} INFO - Processing /home/airflow/.local/lib/python3.7/site-packages/airflow/example_dags/example_task_group.py took 0.077 seconds
[2023-04-16T11:01:50.650+0000] {processor.py:153} INFO - Started process (PID=35538) to work on /home/airflow/.local/lib/python3.7/site-packages/airflow/example_dags/example_task_group.py
[2023-04-16T11:01:50.651+0000] {processor.py:743} INFO - Processing file /home/airflow/.local/lib/python3.7/site-packages/airflow/example_dags/example_task_group.py for tasks to queue
[2023-04-16T11:01:50.652+0000] {logging_mixin.py:137} INFO - [2023-04-16T11:01:50.652+0000] {dagbag.py:532} INFO - Filling up the DagBag from /home/airflow/.local/lib/python3.7/site-packages/airflow/example_dags/example_task_group.py
[2023-04-16T11:01:50.663+0000] {processor.py:753} INFO - DAG(s) dict_keys(['example_task_group']) retrieved from /home/airflow/.local/lib/python3.7/site-packages/airflow/example_dags/example_task_group.py
[2023-04-16T11:01:50.684+0000] {logging_mixin.py:137} INFO - [2023-04-16T11:01:50.684+0000] {dag.py:2705} INFO - Sync 1 DAGs
[2023-04-16T11:01:50.703+0000] {logging_mixin.py:137} INFO - [2023-04-16T11:01:50.703+0000] {dag.py:3456} INFO - Setting next_dagrun for example_task_group to 2023-04-15T11:01:50.703262+00:00, run_after=2023-04-16T11:01:50.703262+00:00
[2023-04-16T11:01:50.724+0000] {processor.py:175} INFO - Processing /home/airflow/.local/lib/python3.7/site-packages/airflow/example_dags/example_task_group.py took 0.077 seconds
[2023-04-16T12:25:14.834+0000] {processor.py:153} INFO - Started process (PID=35591) to work on /home/airflow/.local/lib/python3.7/site-packages/airflow/example_dags/example_task_group.py
[2023-04-16T12:25:14.835+0000] {processor.py:743} INFO - Processing file /home/airflow/.local/lib/python3.7/site-packages/airflow/example_dags/example_task_group.py for tasks to queue
[2023-04-16T12:25:14.836+0000] {logging_mixin.py:137} INFO - [2023-04-16T12:25:14.836+0000] {dagbag.py:532} INFO - Filling up the DagBag from /home/airflow/.local/lib/python3.7/site-packages/airflow/example_dags/example_task_group.py
[2023-04-16T12:25:14.850+0000] {processor.py:753} INFO - DAG(s) dict_keys(['example_task_group']) retrieved from /home/airflow/.local/lib/python3.7/site-packages/airflow/example_dags/example_task_group.py
[2023-04-16T12:25:14.879+0000] {logging_mixin.py:137} INFO - [2023-04-16T12:25:14.878+0000] {dag.py:2705} INFO - Sync 1 DAGs
[2023-04-16T12:25:14.906+0000] {logging_mixin.py:137} INFO - [2023-04-16T12:25:14.906+0000] {dag.py:3456} INFO - Setting next_dagrun for example_task_group to 2023-04-15T12:25:14.906375+00:00, run_after=2023-04-16T12:25:14.906375+00:00
[2023-04-16T12:25:14.924+0000] {processor.py:175} INFO - Processing /home/airflow/.local/lib/python3.7/site-packages/airflow/example_dags/example_task_group.py took 0.093 seconds
[2023-04-16T13:32:26.768+0000] {processor.py:153} INFO - Started process (PID=35644) to work on /home/airflow/.local/lib/python3.7/site-packages/airflow/example_dags/example_task_group.py
[2023-04-16T13:32:26.769+0000] {processor.py:743} INFO - Processing file /home/airflow/.local/lib/python3.7/site-packages/airflow/example_dags/example_task_group.py for tasks to queue
[2023-04-16T13:32:26.770+0000] {logging_mixin.py:137} INFO - [2023-04-16T13:32:26.770+0000] {dagbag.py:532} INFO - Filling up the DagBag from /home/airflow/.local/lib/python3.7/site-packages/airflow/example_dags/example_task_group.py
[2023-04-16T13:32:26.788+0000] {processor.py:753} INFO - DAG(s) dict_keys(['example_task_group']) retrieved from /home/airflow/.local/lib/python3.7/site-packages/airflow/example_dags/example_task_group.py
[2023-04-16T13:32:26.809+0000] {logging_mixin.py:137} INFO - [2023-04-16T13:32:26.809+0000] {dag.py:2705} INFO - Sync 1 DAGs
[2023-04-16T13:32:26.825+0000] {logging_mixin.py:137} INFO - [2023-04-16T13:32:26.824+0000] {dag.py:3456} INFO - Setting next_dagrun for example_task_group to 2023-04-15T13:32:26.824734+00:00, run_after=2023-04-16T13:32:26.824734+00:00
[2023-04-16T13:32:26.838+0000] {processor.py:175} INFO - Processing /home/airflow/.local/lib/python3.7/site-packages/airflow/example_dags/example_task_group.py took 0.072 seconds
[2023-04-16T14:26:08.621+0000] {processor.py:153} INFO - Started process (PID=35697) to work on /home/airflow/.local/lib/python3.7/site-packages/airflow/example_dags/example_task_group.py
[2023-04-16T14:26:08.622+0000] {processor.py:743} INFO - Processing file /home/airflow/.local/lib/python3.7/site-packages/airflow/example_dags/example_task_group.py for tasks to queue
[2023-04-16T14:26:08.623+0000] {logging_mixin.py:137} INFO - [2023-04-16T14:26:08.623+0000] {dagbag.py:532} INFO - Filling up the DagBag from /home/airflow/.local/lib/python3.7/site-packages/airflow/example_dags/example_task_group.py
[2023-04-16T14:26:08.635+0000] {processor.py:753} INFO - DAG(s) dict_keys(['example_task_group']) retrieved from /home/airflow/.local/lib/python3.7/site-packages/airflow/example_dags/example_task_group.py
[2023-04-16T14:26:08.654+0000] {logging_mixin.py:137} INFO - [2023-04-16T14:26:08.654+0000] {dag.py:2705} INFO - Sync 1 DAGs
[2023-04-16T14:26:08.669+0000] {logging_mixin.py:137} INFO - [2023-04-16T14:26:08.669+0000] {dag.py:3456} INFO - Setting next_dagrun for example_task_group to 2023-04-15T14:26:08.669480+00:00, run_after=2023-04-16T14:26:08.669480+00:00
[2023-04-16T14:26:08.679+0000] {processor.py:175} INFO - Processing /home/airflow/.local/lib/python3.7/site-packages/airflow/example_dags/example_task_group.py took 0.061 seconds
[2023-04-16T14:26:39.612+0000] {processor.py:153} INFO - Started process (PID=35750) to work on /home/airflow/.local/lib/python3.7/site-packages/airflow/example_dags/example_task_group.py
[2023-04-16T14:26:39.613+0000] {processor.py:743} INFO - Processing file /home/airflow/.local/lib/python3.7/site-packages/airflow/example_dags/example_task_group.py for tasks to queue
[2023-04-16T14:26:39.614+0000] {logging_mixin.py:137} INFO - [2023-04-16T14:26:39.614+0000] {dagbag.py:532} INFO - Filling up the DagBag from /home/airflow/.local/lib/python3.7/site-packages/airflow/example_dags/example_task_group.py
[2023-04-16T14:26:39.626+0000] {processor.py:753} INFO - DAG(s) dict_keys(['example_task_group']) retrieved from /home/airflow/.local/lib/python3.7/site-packages/airflow/example_dags/example_task_group.py
[2023-04-16T14:26:39.646+0000] {logging_mixin.py:137} INFO - [2023-04-16T14:26:39.646+0000] {dag.py:2705} INFO - Sync 1 DAGs
[2023-04-16T14:26:39.661+0000] {logging_mixin.py:137} INFO - [2023-04-16T14:26:39.660+0000] {dag.py:3456} INFO - Setting next_dagrun for example_task_group to 2023-04-15T14:26:39.660785+00:00, run_after=2023-04-16T14:26:39.660785+00:00
[2023-04-16T14:26:39.671+0000] {processor.py:175} INFO - Processing /home/airflow/.local/lib/python3.7/site-packages/airflow/example_dags/example_task_group.py took 0.062 seconds
[2023-04-16T15:14:35.548+0000] {processor.py:153} INFO - Started process (PID=35803) to work on /home/airflow/.local/lib/python3.7/site-packages/airflow/example_dags/example_task_group.py
[2023-04-16T15:14:35.549+0000] {processor.py:743} INFO - Processing file /home/airflow/.local/lib/python3.7/site-packages/airflow/example_dags/example_task_group.py for tasks to queue
[2023-04-16T15:14:35.550+0000] {logging_mixin.py:137} INFO - [2023-04-16T15:14:35.550+0000] {dagbag.py:532} INFO - Filling up the DagBag from /home/airflow/.local/lib/python3.7/site-packages/airflow/example_dags/example_task_group.py
[2023-04-16T15:14:35.563+0000] {processor.py:753} INFO - DAG(s) dict_keys(['example_task_group']) retrieved from /home/airflow/.local/lib/python3.7/site-packages/airflow/example_dags/example_task_group.py
[2023-04-16T15:14:35.585+0000] {logging_mixin.py:137} INFO - [2023-04-16T15:14:35.585+0000] {dag.py:2705} INFO - Sync 1 DAGs
[2023-04-16T15:14:35.601+0000] {logging_mixin.py:137} INFO - [2023-04-16T15:14:35.601+0000] {dag.py:3456} INFO - Setting next_dagrun for example_task_group to 2023-04-15T15:14:35.601090+00:00, run_after=2023-04-16T15:14:35.601090+00:00
[2023-04-16T15:14:35.613+0000] {processor.py:175} INFO - Processing /home/airflow/.local/lib/python3.7/site-packages/airflow/example_dags/example_task_group.py took 0.068 seconds
[2023-04-16T15:15:06.178+0000] {processor.py:153} INFO - Started process (PID=35856) to work on /home/airflow/.local/lib/python3.7/site-packages/airflow/example_dags/example_task_group.py
[2023-04-16T15:15:06.179+0000] {processor.py:743} INFO - Processing file /home/airflow/.local/lib/python3.7/site-packages/airflow/example_dags/example_task_group.py for tasks to queue
[2023-04-16T15:15:06.180+0000] {logging_mixin.py:137} INFO - [2023-04-16T15:15:06.180+0000] {dagbag.py:532} INFO - Filling up the DagBag from /home/airflow/.local/lib/python3.7/site-packages/airflow/example_dags/example_task_group.py
[2023-04-16T15:15:06.190+0000] {processor.py:753} INFO - DAG(s) dict_keys(['example_task_group']) retrieved from /home/airflow/.local/lib/python3.7/site-packages/airflow/example_dags/example_task_group.py
[2023-04-16T15:15:06.208+0000] {logging_mixin.py:137} INFO - [2023-04-16T15:15:06.208+0000] {dag.py:2705} INFO - Sync 1 DAGs
[2023-04-16T15:15:06.222+0000] {logging_mixin.py:137} INFO - [2023-04-16T15:15:06.222+0000] {dag.py:3456} INFO - Setting next_dagrun for example_task_group to 2023-04-15T15:15:06.222401+00:00, run_after=2023-04-16T15:15:06.222401+00:00
[2023-04-16T15:15:06.232+0000] {processor.py:175} INFO - Processing /home/airflow/.local/lib/python3.7/site-packages/airflow/example_dags/example_task_group.py took 0.056 seconds
[2023-04-16T16:03:33.254+0000] {processor.py:153} INFO - Started process (PID=35909) to work on /home/airflow/.local/lib/python3.7/site-packages/airflow/example_dags/example_task_group.py
[2023-04-16T16:03:33.255+0000] {processor.py:743} INFO - Processing file /home/airflow/.local/lib/python3.7/site-packages/airflow/example_dags/example_task_group.py for tasks to queue
[2023-04-16T16:03:33.256+0000] {logging_mixin.py:137} INFO - [2023-04-16T16:03:33.256+0000] {dagbag.py:532} INFO - Filling up the DagBag from /home/airflow/.local/lib/python3.7/site-packages/airflow/example_dags/example_task_group.py
[2023-04-16T16:03:33.267+0000] {processor.py:753} INFO - DAG(s) dict_keys(['example_task_group']) retrieved from /home/airflow/.local/lib/python3.7/site-packages/airflow/example_dags/example_task_group.py
[2023-04-16T16:03:33.286+0000] {logging_mixin.py:137} INFO - [2023-04-16T16:03:33.286+0000] {dag.py:2705} INFO - Sync 1 DAGs
[2023-04-16T16:03:33.300+0000] {logging_mixin.py:137} INFO - [2023-04-16T16:03:33.300+0000] {dag.py:3456} INFO - Setting next_dagrun for example_task_group to 2023-04-15T16:03:33.300463+00:00, run_after=2023-04-16T16:03:33.300463+00:00
[2023-04-16T16:03:33.310+0000] {processor.py:175} INFO - Processing /home/airflow/.local/lib/python3.7/site-packages/airflow/example_dags/example_task_group.py took 0.059 seconds
[2023-04-16T17:09:34.146+0000] {processor.py:153} INFO - Started process (PID=35962) to work on /home/airflow/.local/lib/python3.7/site-packages/airflow/example_dags/example_task_group.py
[2023-04-16T17:09:34.147+0000] {processor.py:743} INFO - Processing file /home/airflow/.local/lib/python3.7/site-packages/airflow/example_dags/example_task_group.py for tasks to queue
[2023-04-16T17:09:34.148+0000] {logging_mixin.py:137} INFO - [2023-04-16T17:09:34.148+0000] {dagbag.py:532} INFO - Filling up the DagBag from /home/airflow/.local/lib/python3.7/site-packages/airflow/example_dags/example_task_group.py
[2023-04-16T17:09:34.159+0000] {processor.py:753} INFO - DAG(s) dict_keys(['example_task_group']) retrieved from /home/airflow/.local/lib/python3.7/site-packages/airflow/example_dags/example_task_group.py
[2023-04-16T17:09:34.177+0000] {logging_mixin.py:137} INFO - [2023-04-16T17:09:34.176+0000] {dag.py:2705} INFO - Sync 1 DAGs
[2023-04-16T17:09:34.191+0000] {logging_mixin.py:137} INFO - [2023-04-16T17:09:34.191+0000] {dag.py:3456} INFO - Setting next_dagrun for example_task_group to 2023-04-15T17:09:34.191578+00:00, run_after=2023-04-16T17:09:34.191578+00:00
[2023-04-16T17:09:34.201+0000] {processor.py:175} INFO - Processing /home/airflow/.local/lib/python3.7/site-packages/airflow/example_dags/example_task_group.py took 0.057 seconds
[2023-04-16T18:32:25.564+0000] {processor.py:153} INFO - Started process (PID=36015) to work on /home/airflow/.local/lib/python3.7/site-packages/airflow/example_dags/example_task_group.py
[2023-04-16T18:32:25.566+0000] {processor.py:743} INFO - Processing file /home/airflow/.local/lib/python3.7/site-packages/airflow/example_dags/example_task_group.py for tasks to queue
[2023-04-16T18:32:25.568+0000] {logging_mixin.py:137} INFO - [2023-04-16T18:32:25.568+0000] {dagbag.py:532} INFO - Filling up the DagBag from /home/airflow/.local/lib/python3.7/site-packages/airflow/example_dags/example_task_group.py
[2023-04-16T18:32:25.579+0000] {processor.py:753} INFO - DAG(s) dict_keys(['example_task_group']) retrieved from /home/airflow/.local/lib/python3.7/site-packages/airflow/example_dags/example_task_group.py
[2023-04-16T18:32:25.598+0000] {logging_mixin.py:137} INFO - [2023-04-16T18:32:25.598+0000] {dag.py:2705} INFO - Sync 1 DAGs
[2023-04-16T18:32:25.612+0000] {logging_mixin.py:137} INFO - [2023-04-16T18:32:25.612+0000] {dag.py:3456} INFO - Setting next_dagrun for example_task_group to 2023-04-15T18:32:25.612236+00:00, run_after=2023-04-16T18:32:25.612236+00:00
[2023-04-16T18:32:25.625+0000] {processor.py:175} INFO - Processing /home/airflow/.local/lib/python3.7/site-packages/airflow/example_dags/example_task_group.py took 0.064 seconds
[2023-04-16T19:39:50.374+0000] {processor.py:153} INFO - Started process (PID=36068) to work on /home/airflow/.local/lib/python3.7/site-packages/airflow/example_dags/example_task_group.py
[2023-04-16T19:39:50.375+0000] {processor.py:743} INFO - Processing file /home/airflow/.local/lib/python3.7/site-packages/airflow/example_dags/example_task_group.py for tasks to queue
[2023-04-16T19:39:50.376+0000] {logging_mixin.py:137} INFO - [2023-04-16T19:39:50.376+0000] {dagbag.py:532} INFO - Filling up the DagBag from /home/airflow/.local/lib/python3.7/site-packages/airflow/example_dags/example_task_group.py
[2023-04-16T19:39:50.391+0000] {processor.py:753} INFO - DAG(s) dict_keys(['example_task_group']) retrieved from /home/airflow/.local/lib/python3.7/site-packages/airflow/example_dags/example_task_group.py
[2023-04-16T19:39:50.412+0000] {logging_mixin.py:137} INFO - [2023-04-16T19:39:50.412+0000] {dag.py:2705} INFO - Sync 1 DAGs
[2023-04-16T19:39:50.430+0000] {logging_mixin.py:137} INFO - [2023-04-16T19:39:50.430+0000] {dag.py:3456} INFO - Setting next_dagrun for example_task_group to 2023-04-15T19:39:50.429913+00:00, run_after=2023-04-16T19:39:50.429913+00:00
[2023-04-16T19:39:50.440+0000] {processor.py:175} INFO - Processing /home/airflow/.local/lib/python3.7/site-packages/airflow/example_dags/example_task_group.py took 0.069 seconds
[2023-04-16T20:45:00.291+0000] {processor.py:153} INFO - Started process (PID=36121) to work on /home/airflow/.local/lib/python3.7/site-packages/airflow/example_dags/example_task_group.py
[2023-04-16T20:45:00.292+0000] {processor.py:743} INFO - Processing file /home/airflow/.local/lib/python3.7/site-packages/airflow/example_dags/example_task_group.py for tasks to queue
[2023-04-16T20:45:00.293+0000] {logging_mixin.py:137} INFO - [2023-04-16T20:45:00.293+0000] {dagbag.py:532} INFO - Filling up the DagBag from /home/airflow/.local/lib/python3.7/site-packages/airflow/example_dags/example_task_group.py
[2023-04-16T20:45:00.303+0000] {processor.py:753} INFO - DAG(s) dict_keys(['example_task_group']) retrieved from /home/airflow/.local/lib/python3.7/site-packages/airflow/example_dags/example_task_group.py
[2023-04-16T20:45:00.322+0000] {logging_mixin.py:137} INFO - [2023-04-16T20:45:00.322+0000] {dag.py:2705} INFO - Sync 1 DAGs
[2023-04-16T20:45:00.338+0000] {logging_mixin.py:137} INFO - [2023-04-16T20:45:00.338+0000] {dag.py:3456} INFO - Setting next_dagrun for example_task_group to 2023-04-15T20:45:00.338613+00:00, run_after=2023-04-16T20:45:00.338613+00:00
[2023-04-16T20:45:00.348+0000] {processor.py:175} INFO - Processing /home/airflow/.local/lib/python3.7/site-packages/airflow/example_dags/example_task_group.py took 0.060 seconds
[2023-04-16T21:52:25.974+0000] {processor.py:153} INFO - Started process (PID=36174) to work on /home/airflow/.local/lib/python3.7/site-packages/airflow/example_dags/example_task_group.py
[2023-04-16T21:52:25.975+0000] {processor.py:743} INFO - Processing file /home/airflow/.local/lib/python3.7/site-packages/airflow/example_dags/example_task_group.py for tasks to queue
[2023-04-16T21:52:25.976+0000] {logging_mixin.py:137} INFO - [2023-04-16T21:52:25.976+0000] {dagbag.py:532} INFO - Filling up the DagBag from /home/airflow/.local/lib/python3.7/site-packages/airflow/example_dags/example_task_group.py
[2023-04-16T21:52:25.987+0000] {processor.py:753} INFO - DAG(s) dict_keys(['example_task_group']) retrieved from /home/airflow/.local/lib/python3.7/site-packages/airflow/example_dags/example_task_group.py
[2023-04-16T21:52:26.005+0000] {logging_mixin.py:137} INFO - [2023-04-16T21:52:26.005+0000] {dag.py:2705} INFO - Sync 1 DAGs
[2023-04-16T21:52:26.019+0000] {logging_mixin.py:137} INFO - [2023-04-16T21:52:26.019+0000] {dag.py:3456} INFO - Setting next_dagrun for example_task_group to 2023-04-15T21:52:26.019620+00:00, run_after=2023-04-16T21:52:26.019620+00:00
[2023-04-16T21:52:26.028+0000] {processor.py:175} INFO - Processing /home/airflow/.local/lib/python3.7/site-packages/airflow/example_dags/example_task_group.py took 0.057 seconds
[2023-04-16T22:18:55.812+0000] {processor.py:153} INFO - Started process (PID=36227) to work on /home/airflow/.local/lib/python3.7/site-packages/airflow/example_dags/example_task_group.py
[2023-04-16T22:18:55.812+0000] {processor.py:743} INFO - Processing file /home/airflow/.local/lib/python3.7/site-packages/airflow/example_dags/example_task_group.py for tasks to queue
[2023-04-16T22:18:55.813+0000] {logging_mixin.py:137} INFO - [2023-04-16T22:18:55.813+0000] {dagbag.py:532} INFO - Filling up the DagBag from /home/airflow/.local/lib/python3.7/site-packages/airflow/example_dags/example_task_group.py
[2023-04-16T22:18:55.824+0000] {processor.py:753} INFO - DAG(s) dict_keys(['example_task_group']) retrieved from /home/airflow/.local/lib/python3.7/site-packages/airflow/example_dags/example_task_group.py
[2023-04-16T22:18:55.842+0000] {logging_mixin.py:137} INFO - [2023-04-16T22:18:55.842+0000] {dag.py:2705} INFO - Sync 1 DAGs
[2023-04-16T22:18:55.856+0000] {logging_mixin.py:137} INFO - [2023-04-16T22:18:55.856+0000] {dag.py:3456} INFO - Setting next_dagrun for example_task_group to 2023-04-15T22:18:55.856210+00:00, run_after=2023-04-16T22:18:55.856210+00:00
[2023-04-16T22:18:55.866+0000] {processor.py:175} INFO - Processing /home/airflow/.local/lib/python3.7/site-packages/airflow/example_dags/example_task_group.py took 0.057 seconds
[2023-04-16T22:19:26.200+0000] {processor.py:153} INFO - Started process (PID=36280) to work on /home/airflow/.local/lib/python3.7/site-packages/airflow/example_dags/example_task_group.py
[2023-04-16T22:19:26.201+0000] {processor.py:743} INFO - Processing file /home/airflow/.local/lib/python3.7/site-packages/airflow/example_dags/example_task_group.py for tasks to queue
[2023-04-16T22:19:26.201+0000] {logging_mixin.py:137} INFO - [2023-04-16T22:19:26.201+0000] {dagbag.py:532} INFO - Filling up the DagBag from /home/airflow/.local/lib/python3.7/site-packages/airflow/example_dags/example_task_group.py
[2023-04-16T22:19:26.213+0000] {processor.py:753} INFO - DAG(s) dict_keys(['example_task_group']) retrieved from /home/airflow/.local/lib/python3.7/site-packages/airflow/example_dags/example_task_group.py
[2023-04-16T22:19:26.235+0000] {logging_mixin.py:137} INFO - [2023-04-16T22:19:26.235+0000] {dag.py:2705} INFO - Sync 1 DAGs
[2023-04-16T22:19:26.254+0000] {logging_mixin.py:137} INFO - [2023-04-16T22:19:26.254+0000] {dag.py:3456} INFO - Setting next_dagrun for example_task_group to 2023-04-15T22:19:26.254039+00:00, run_after=2023-04-16T22:19:26.254039+00:00
[2023-04-16T22:19:26.264+0000] {processor.py:175} INFO - Processing /home/airflow/.local/lib/python3.7/site-packages/airflow/example_dags/example_task_group.py took 0.067 seconds
[2023-04-16T22:39:20.503+0000] {processor.py:153} INFO - Started process (PID=36333) to work on /home/airflow/.local/lib/python3.7/site-packages/airflow/example_dags/example_task_group.py
[2023-04-16T22:39:20.504+0000] {processor.py:743} INFO - Processing file /home/airflow/.local/lib/python3.7/site-packages/airflow/example_dags/example_task_group.py for tasks to queue
[2023-04-16T22:39:20.504+0000] {logging_mixin.py:137} INFO - [2023-04-16T22:39:20.504+0000] {dagbag.py:532} INFO - Filling up the DagBag from /home/airflow/.local/lib/python3.7/site-packages/airflow/example_dags/example_task_group.py
[2023-04-16T22:39:20.516+0000] {processor.py:753} INFO - DAG(s) dict_keys(['example_task_group']) retrieved from /home/airflow/.local/lib/python3.7/site-packages/airflow/example_dags/example_task_group.py
[2023-04-16T22:39:20.534+0000] {logging_mixin.py:137} INFO - [2023-04-16T22:39:20.534+0000] {dag.py:2705} INFO - Sync 1 DAGs
[2023-04-16T22:39:20.549+0000] {logging_mixin.py:137} INFO - [2023-04-16T22:39:20.549+0000] {dag.py:3456} INFO - Setting next_dagrun for example_task_group to 2023-04-15T22:39:20.548848+00:00, run_after=2023-04-16T22:39:20.548848+00:00
[2023-04-16T22:39:20.558+0000] {processor.py:175} INFO - Processing /home/airflow/.local/lib/python3.7/site-packages/airflow/example_dags/example_task_group.py took 0.058 seconds
[2023-04-16T22:39:50.992+0000] {processor.py:153} INFO - Started process (PID=36386) to work on /home/airflow/.local/lib/python3.7/site-packages/airflow/example_dags/example_task_group.py
[2023-04-16T22:39:50.993+0000] {processor.py:743} INFO - Processing file /home/airflow/.local/lib/python3.7/site-packages/airflow/example_dags/example_task_group.py for tasks to queue
[2023-04-16T22:39:50.993+0000] {logging_mixin.py:137} INFO - [2023-04-16T22:39:50.993+0000] {dagbag.py:532} INFO - Filling up the DagBag from /home/airflow/.local/lib/python3.7/site-packages/airflow/example_dags/example_task_group.py
[2023-04-16T22:39:51.005+0000] {processor.py:753} INFO - DAG(s) dict_keys(['example_task_group']) retrieved from /home/airflow/.local/lib/python3.7/site-packages/airflow/example_dags/example_task_group.py
[2023-04-16T22:39:51.026+0000] {logging_mixin.py:137} INFO - [2023-04-16T22:39:51.025+0000] {dag.py:2705} INFO - Sync 1 DAGs
[2023-04-16T22:39:51.047+0000] {logging_mixin.py:137} INFO - [2023-04-16T22:39:51.047+0000] {dag.py:3456} INFO - Setting next_dagrun for example_task_group to 2023-04-15T22:39:51.047276+00:00, run_after=2023-04-16T22:39:51.047276+00:00
[2023-04-16T22:39:51.059+0000] {processor.py:175} INFO - Processing /home/airflow/.local/lib/python3.7/site-packages/airflow/example_dags/example_task_group.py took 0.071 seconds
