[2023-04-16T00:33:37.639+0000] {processor.py:153} INFO - Started process (PID=34906) to work on /home/airflow/.local/lib/python3.7/site-packages/airflow/example_dags/example_branch_python_dop_operator_3.py
[2023-04-16T00:33:37.640+0000] {processor.py:743} INFO - Processing file /home/airflow/.local/lib/python3.7/site-packages/airflow/example_dags/example_branch_python_dop_operator_3.py for tasks to queue
[2023-04-16T00:33:37.641+0000] {logging_mixin.py:137} INFO - [2023-04-16T00:33:37.641+0000] {dagbag.py:532} INFO - Filling up the DagBag from /home/airflow/.local/lib/python3.7/site-packages/airflow/example_dags/example_branch_python_dop_operator_3.py
[2023-04-16T00:33:37.657+0000] {processor.py:753} INFO - DAG(s) dict_keys(['example_branch_dop_operator_v3']) retrieved from /home/airflow/.local/lib/python3.7/site-packages/airflow/example_dags/example_branch_python_dop_operator_3.py
[2023-04-16T00:33:37.678+0000] {logging_mixin.py:137} INFO - [2023-04-16T00:33:37.678+0000] {dag.py:2705} INFO - Sync 1 DAGs
[2023-04-16T00:33:37.694+0000] {logging_mixin.py:137} INFO - [2023-04-16T00:33:37.694+0000] {dag.py:3456} INFO - Setting next_dagrun for example_branch_dop_operator_v3 to 2023-04-16T00:32:00+00:00, run_after=2023-04-16T00:33:00+00:00
[2023-04-16T00:33:37.708+0000] {processor.py:175} INFO - Processing /home/airflow/.local/lib/python3.7/site-packages/airflow/example_dags/example_branch_python_dop_operator_3.py took 0.071 seconds
[2023-04-16T01:42:57.431+0000] {processor.py:153} INFO - Started process (PID=34959) to work on /home/airflow/.local/lib/python3.7/site-packages/airflow/example_dags/example_branch_python_dop_operator_3.py
[2023-04-16T01:42:57.432+0000] {processor.py:743} INFO - Processing file /home/airflow/.local/lib/python3.7/site-packages/airflow/example_dags/example_branch_python_dop_operator_3.py for tasks to queue
[2023-04-16T01:42:57.433+0000] {logging_mixin.py:137} INFO - [2023-04-16T01:42:57.433+0000] {dagbag.py:532} INFO - Filling up the DagBag from /home/airflow/.local/lib/python3.7/site-packages/airflow/example_dags/example_branch_python_dop_operator_3.py
[2023-04-16T01:42:57.449+0000] {processor.py:753} INFO - DAG(s) dict_keys(['example_branch_dop_operator_v3']) retrieved from /home/airflow/.local/lib/python3.7/site-packages/airflow/example_dags/example_branch_python_dop_operator_3.py
[2023-04-16T01:42:57.468+0000] {logging_mixin.py:137} INFO - [2023-04-16T01:42:57.468+0000] {dag.py:2705} INFO - Sync 1 DAGs
[2023-04-16T01:42:57.486+0000] {logging_mixin.py:137} INFO - [2023-04-16T01:42:57.485+0000] {dag.py:3456} INFO - Setting next_dagrun for example_branch_dop_operator_v3 to 2023-04-16T01:41:00+00:00, run_after=2023-04-16T01:42:00+00:00
[2023-04-16T01:42:57.496+0000] {processor.py:175} INFO - Processing /home/airflow/.local/lib/python3.7/site-packages/airflow/example_dags/example_branch_python_dop_operator_3.py took 0.067 seconds
[2023-04-16T02:49:26.514+0000] {processor.py:153} INFO - Started process (PID=35012) to work on /home/airflow/.local/lib/python3.7/site-packages/airflow/example_dags/example_branch_python_dop_operator_3.py
[2023-04-16T02:49:26.535+0000] {processor.py:743} INFO - Processing file /home/airflow/.local/lib/python3.7/site-packages/airflow/example_dags/example_branch_python_dop_operator_3.py for tasks to queue
[2023-04-16T02:49:26.537+0000] {logging_mixin.py:137} INFO - [2023-04-16T02:49:26.537+0000] {dagbag.py:532} INFO - Filling up the DagBag from /home/airflow/.local/lib/python3.7/site-packages/airflow/example_dags/example_branch_python_dop_operator_3.py
[2023-04-16T02:49:26.573+0000] {processor.py:753} INFO - DAG(s) dict_keys(['example_branch_dop_operator_v3']) retrieved from /home/airflow/.local/lib/python3.7/site-packages/airflow/example_dags/example_branch_python_dop_operator_3.py
[2023-04-16T02:49:26.600+0000] {logging_mixin.py:137} INFO - [2023-04-16T02:49:26.600+0000] {dag.py:2705} INFO - Sync 1 DAGs
[2023-04-16T02:49:26.619+0000] {logging_mixin.py:137} INFO - [2023-04-16T02:49:26.619+0000] {dag.py:3456} INFO - Setting next_dagrun for example_branch_dop_operator_v3 to 2023-04-16T02:48:00+00:00, run_after=2023-04-16T02:49:00+00:00
[2023-04-16T02:49:26.641+0000] {processor.py:175} INFO - Processing /home/airflow/.local/lib/python3.7/site-packages/airflow/example_dags/example_branch_python_dop_operator_3.py took 0.135 seconds
[2023-04-16T03:56:32.233+0000] {processor.py:153} INFO - Started process (PID=35066) to work on /home/airflow/.local/lib/python3.7/site-packages/airflow/example_dags/example_branch_python_dop_operator_3.py
[2023-04-16T03:56:32.234+0000] {processor.py:743} INFO - Processing file /home/airflow/.local/lib/python3.7/site-packages/airflow/example_dags/example_branch_python_dop_operator_3.py for tasks to queue
[2023-04-16T03:56:32.235+0000] {logging_mixin.py:137} INFO - [2023-04-16T03:56:32.235+0000] {dagbag.py:532} INFO - Filling up the DagBag from /home/airflow/.local/lib/python3.7/site-packages/airflow/example_dags/example_branch_python_dop_operator_3.py
[2023-04-16T03:56:32.253+0000] {processor.py:753} INFO - DAG(s) dict_keys(['example_branch_dop_operator_v3']) retrieved from /home/airflow/.local/lib/python3.7/site-packages/airflow/example_dags/example_branch_python_dop_operator_3.py
[2023-04-16T03:56:32.278+0000] {logging_mixin.py:137} INFO - [2023-04-16T03:56:32.278+0000] {dag.py:2705} INFO - Sync 1 DAGs
[2023-04-16T03:56:32.298+0000] {logging_mixin.py:137} INFO - [2023-04-16T03:56:32.298+0000] {dag.py:3456} INFO - Setting next_dagrun for example_branch_dop_operator_v3 to 2023-04-16T03:55:00+00:00, run_after=2023-04-16T03:56:00+00:00
[2023-04-16T03:56:32.310+0000] {processor.py:175} INFO - Processing /home/airflow/.local/lib/python3.7/site-packages/airflow/example_dags/example_branch_python_dop_operator_3.py took 0.080 seconds
[2023-04-16T04:57:15.613+0000] {processor.py:153} INFO - Started process (PID=35119) to work on /home/airflow/.local/lib/python3.7/site-packages/airflow/example_dags/example_branch_python_dop_operator_3.py
[2023-04-16T04:57:15.615+0000] {processor.py:743} INFO - Processing file /home/airflow/.local/lib/python3.7/site-packages/airflow/example_dags/example_branch_python_dop_operator_3.py for tasks to queue
[2023-04-16T04:57:15.615+0000] {logging_mixin.py:137} INFO - [2023-04-16T04:57:15.615+0000] {dagbag.py:532} INFO - Filling up the DagBag from /home/airflow/.local/lib/python3.7/site-packages/airflow/example_dags/example_branch_python_dop_operator_3.py
[2023-04-16T04:57:15.634+0000] {processor.py:753} INFO - DAG(s) dict_keys(['example_branch_dop_operator_v3']) retrieved from /home/airflow/.local/lib/python3.7/site-packages/airflow/example_dags/example_branch_python_dop_operator_3.py
[2023-04-16T04:57:15.653+0000] {logging_mixin.py:137} INFO - [2023-04-16T04:57:15.653+0000] {dag.py:2705} INFO - Sync 1 DAGs
[2023-04-16T04:57:15.671+0000] {logging_mixin.py:137} INFO - [2023-04-16T04:57:15.671+0000] {dag.py:3456} INFO - Setting next_dagrun for example_branch_dop_operator_v3 to 2023-04-16T04:56:00+00:00, run_after=2023-04-16T04:57:00+00:00
[2023-04-16T04:57:15.681+0000] {processor.py:175} INFO - Processing /home/airflow/.local/lib/python3.7/site-packages/airflow/example_dags/example_branch_python_dop_operator_3.py took 0.071 seconds
[2023-04-16T04:57:46.032+0000] {processor.py:153} INFO - Started process (PID=35171) to work on /home/airflow/.local/lib/python3.7/site-packages/airflow/example_dags/example_branch_python_dop_operator_3.py
[2023-04-16T04:57:46.033+0000] {processor.py:743} INFO - Processing file /home/airflow/.local/lib/python3.7/site-packages/airflow/example_dags/example_branch_python_dop_operator_3.py for tasks to queue
[2023-04-16T04:57:46.034+0000] {logging_mixin.py:137} INFO - [2023-04-16T04:57:46.034+0000] {dagbag.py:532} INFO - Filling up the DagBag from /home/airflow/.local/lib/python3.7/site-packages/airflow/example_dags/example_branch_python_dop_operator_3.py
[2023-04-16T04:57:46.048+0000] {processor.py:753} INFO - DAG(s) dict_keys(['example_branch_dop_operator_v3']) retrieved from /home/airflow/.local/lib/python3.7/site-packages/airflow/example_dags/example_branch_python_dop_operator_3.py
[2023-04-16T04:57:46.067+0000] {logging_mixin.py:137} INFO - [2023-04-16T04:57:46.067+0000] {dag.py:2705} INFO - Sync 1 DAGs
[2023-04-16T04:57:46.083+0000] {logging_mixin.py:137} INFO - [2023-04-16T04:57:46.083+0000] {dag.py:3456} INFO - Setting next_dagrun for example_branch_dop_operator_v3 to 2023-04-16T04:56:00+00:00, run_after=2023-04-16T04:57:00+00:00
[2023-04-16T04:57:46.093+0000] {processor.py:175} INFO - Processing /home/airflow/.local/lib/python3.7/site-packages/airflow/example_dags/example_branch_python_dop_operator_3.py took 0.063 seconds
[2023-04-16T06:01:54.636+0000] {processor.py:153} INFO - Started process (PID=35224) to work on /home/airflow/.local/lib/python3.7/site-packages/airflow/example_dags/example_branch_python_dop_operator_3.py
[2023-04-16T06:01:54.642+0000] {processor.py:743} INFO - Processing file /home/airflow/.local/lib/python3.7/site-packages/airflow/example_dags/example_branch_python_dop_operator_3.py for tasks to queue
[2023-04-16T06:01:54.642+0000] {logging_mixin.py:137} INFO - [2023-04-16T06:01:54.642+0000] {dagbag.py:532} INFO - Filling up the DagBag from /home/airflow/.local/lib/python3.7/site-packages/airflow/example_dags/example_branch_python_dop_operator_3.py
[2023-04-16T06:01:54.658+0000] {processor.py:753} INFO - DAG(s) dict_keys(['example_branch_dop_operator_v3']) retrieved from /home/airflow/.local/lib/python3.7/site-packages/airflow/example_dags/example_branch_python_dop_operator_3.py
[2023-04-16T06:01:54.677+0000] {logging_mixin.py:137} INFO - [2023-04-16T06:01:54.677+0000] {dag.py:2705} INFO - Sync 1 DAGs
[2023-04-16T06:01:54.696+0000] {logging_mixin.py:137} INFO - [2023-04-16T06:01:54.696+0000] {dag.py:3456} INFO - Setting next_dagrun for example_branch_dop_operator_v3 to 2023-04-16T06:00:00+00:00, run_after=2023-04-16T06:01:00+00:00
[2023-04-16T06:01:54.707+0000] {processor.py:175} INFO - Processing /home/airflow/.local/lib/python3.7/site-packages/airflow/example_dags/example_branch_python_dop_operator_3.py took 0.073 seconds
[2023-04-16T06:13:26.448+0000] {processor.py:153} INFO - Started process (PID=35277) to work on /home/airflow/.local/lib/python3.7/site-packages/airflow/example_dags/example_branch_python_dop_operator_3.py
[2023-04-16T06:13:26.449+0000] {processor.py:743} INFO - Processing file /home/airflow/.local/lib/python3.7/site-packages/airflow/example_dags/example_branch_python_dop_operator_3.py for tasks to queue
[2023-04-16T06:13:26.449+0000] {logging_mixin.py:137} INFO - [2023-04-16T06:13:26.449+0000] {dagbag.py:532} INFO - Filling up the DagBag from /home/airflow/.local/lib/python3.7/site-packages/airflow/example_dags/example_branch_python_dop_operator_3.py
[2023-04-16T06:13:26.466+0000] {processor.py:753} INFO - DAG(s) dict_keys(['example_branch_dop_operator_v3']) retrieved from /home/airflow/.local/lib/python3.7/site-packages/airflow/example_dags/example_branch_python_dop_operator_3.py
[2023-04-16T06:13:26.488+0000] {logging_mixin.py:137} INFO - [2023-04-16T06:13:26.488+0000] {dag.py:2705} INFO - Sync 1 DAGs
[2023-04-16T06:13:26.507+0000] {logging_mixin.py:137} INFO - [2023-04-16T06:13:26.507+0000] {dag.py:3456} INFO - Setting next_dagrun for example_branch_dop_operator_v3 to 2023-04-16T06:12:00+00:00, run_after=2023-04-16T06:13:00+00:00
[2023-04-16T06:13:26.519+0000] {processor.py:175} INFO - Processing /home/airflow/.local/lib/python3.7/site-packages/airflow/example_dags/example_branch_python_dop_operator_3.py took 0.074 seconds
[2023-04-16T06:29:20.044+0000] {processor.py:153} INFO - Started process (PID=35330) to work on /home/airflow/.local/lib/python3.7/site-packages/airflow/example_dags/example_branch_python_dop_operator_3.py
[2023-04-16T06:29:20.045+0000] {processor.py:743} INFO - Processing file /home/airflow/.local/lib/python3.7/site-packages/airflow/example_dags/example_branch_python_dop_operator_3.py for tasks to queue
[2023-04-16T06:29:20.045+0000] {logging_mixin.py:137} INFO - [2023-04-16T06:29:20.045+0000] {dagbag.py:532} INFO - Filling up the DagBag from /home/airflow/.local/lib/python3.7/site-packages/airflow/example_dags/example_branch_python_dop_operator_3.py
[2023-04-16T06:29:20.061+0000] {processor.py:753} INFO - DAG(s) dict_keys(['example_branch_dop_operator_v3']) retrieved from /home/airflow/.local/lib/python3.7/site-packages/airflow/example_dags/example_branch_python_dop_operator_3.py
[2023-04-16T06:29:20.081+0000] {logging_mixin.py:137} INFO - [2023-04-16T06:29:20.081+0000] {dag.py:2705} INFO - Sync 1 DAGs
[2023-04-16T06:29:20.098+0000] {logging_mixin.py:137} INFO - [2023-04-16T06:29:20.098+0000] {dag.py:3456} INFO - Setting next_dagrun for example_branch_dop_operator_v3 to 2023-04-16T06:28:00+00:00, run_after=2023-04-16T06:29:00+00:00
[2023-04-16T06:29:20.109+0000] {processor.py:175} INFO - Processing /home/airflow/.local/lib/python3.7/site-packages/airflow/example_dags/example_branch_python_dop_operator_3.py took 0.068 seconds
[2023-04-16T07:31:26.154+0000] {processor.py:153} INFO - Started process (PID=35383) to work on /home/airflow/.local/lib/python3.7/site-packages/airflow/example_dags/example_branch_python_dop_operator_3.py
[2023-04-16T07:31:26.155+0000] {processor.py:743} INFO - Processing file /home/airflow/.local/lib/python3.7/site-packages/airflow/example_dags/example_branch_python_dop_operator_3.py for tasks to queue
[2023-04-16T07:31:26.156+0000] {logging_mixin.py:137} INFO - [2023-04-16T07:31:26.156+0000] {dagbag.py:532} INFO - Filling up the DagBag from /home/airflow/.local/lib/python3.7/site-packages/airflow/example_dags/example_branch_python_dop_operator_3.py
[2023-04-16T07:31:26.172+0000] {processor.py:753} INFO - DAG(s) dict_keys(['example_branch_dop_operator_v3']) retrieved from /home/airflow/.local/lib/python3.7/site-packages/airflow/example_dags/example_branch_python_dop_operator_3.py
[2023-04-16T07:31:26.190+0000] {logging_mixin.py:137} INFO - [2023-04-16T07:31:26.190+0000] {dag.py:2705} INFO - Sync 1 DAGs
[2023-04-16T07:31:26.206+0000] {logging_mixin.py:137} INFO - [2023-04-16T07:31:26.206+0000] {dag.py:3456} INFO - Setting next_dagrun for example_branch_dop_operator_v3 to 2023-04-16T07:30:00+00:00, run_after=2023-04-16T07:31:00+00:00
[2023-04-16T07:31:26.216+0000] {processor.py:175} INFO - Processing /home/airflow/.local/lib/python3.7/site-packages/airflow/example_dags/example_branch_python_dop_operator_3.py took 0.065 seconds
[2023-04-16T08:50:12.748+0000] {processor.py:153} INFO - Started process (PID=35436) to work on /home/airflow/.local/lib/python3.7/site-packages/airflow/example_dags/example_branch_python_dop_operator_3.py
[2023-04-16T08:50:12.750+0000] {processor.py:743} INFO - Processing file /home/airflow/.local/lib/python3.7/site-packages/airflow/example_dags/example_branch_python_dop_operator_3.py for tasks to queue
[2023-04-16T08:50:12.751+0000] {logging_mixin.py:137} INFO - [2023-04-16T08:50:12.751+0000] {dagbag.py:532} INFO - Filling up the DagBag from /home/airflow/.local/lib/python3.7/site-packages/airflow/example_dags/example_branch_python_dop_operator_3.py
[2023-04-16T08:50:12.769+0000] {processor.py:753} INFO - DAG(s) dict_keys(['example_branch_dop_operator_v3']) retrieved from /home/airflow/.local/lib/python3.7/site-packages/airflow/example_dags/example_branch_python_dop_operator_3.py
[2023-04-16T08:50:12.789+0000] {logging_mixin.py:137} INFO - [2023-04-16T08:50:12.789+0000] {dag.py:2705} INFO - Sync 1 DAGs
[2023-04-16T08:50:12.807+0000] {logging_mixin.py:137} INFO - [2023-04-16T08:50:12.807+0000] {dag.py:3456} INFO - Setting next_dagrun for example_branch_dop_operator_v3 to 2023-04-16T08:49:00+00:00, run_after=2023-04-16T08:50:00+00:00
[2023-04-16T08:50:12.817+0000] {processor.py:175} INFO - Processing /home/airflow/.local/lib/python3.7/site-packages/airflow/example_dags/example_branch_python_dop_operator_3.py took 0.073 seconds
[2023-04-16T09:55:50.636+0000] {processor.py:153} INFO - Started process (PID=35489) to work on /home/airflow/.local/lib/python3.7/site-packages/airflow/example_dags/example_branch_python_dop_operator_3.py
[2023-04-16T09:55:50.637+0000] {processor.py:743} INFO - Processing file /home/airflow/.local/lib/python3.7/site-packages/airflow/example_dags/example_branch_python_dop_operator_3.py for tasks to queue
[2023-04-16T09:55:50.638+0000] {logging_mixin.py:137} INFO - [2023-04-16T09:55:50.638+0000] {dagbag.py:532} INFO - Filling up the DagBag from /home/airflow/.local/lib/python3.7/site-packages/airflow/example_dags/example_branch_python_dop_operator_3.py
[2023-04-16T09:55:50.658+0000] {processor.py:753} INFO - DAG(s) dict_keys(['example_branch_dop_operator_v3']) retrieved from /home/airflow/.local/lib/python3.7/site-packages/airflow/example_dags/example_branch_python_dop_operator_3.py
[2023-04-16T09:55:50.680+0000] {logging_mixin.py:137} INFO - [2023-04-16T09:55:50.680+0000] {dag.py:2705} INFO - Sync 1 DAGs
[2023-04-16T09:55:50.699+0000] {logging_mixin.py:137} INFO - [2023-04-16T09:55:50.699+0000] {dag.py:3456} INFO - Setting next_dagrun for example_branch_dop_operator_v3 to 2023-04-16T09:54:00+00:00, run_after=2023-04-16T09:55:00+00:00
[2023-04-16T09:55:50.710+0000] {processor.py:175} INFO - Processing /home/airflow/.local/lib/python3.7/site-packages/airflow/example_dags/example_branch_python_dop_operator_3.py took 0.076 seconds
[2023-04-16T11:01:50.901+0000] {processor.py:153} INFO - Started process (PID=35543) to work on /home/airflow/.local/lib/python3.7/site-packages/airflow/example_dags/example_branch_python_dop_operator_3.py
[2023-04-16T11:01:50.902+0000] {processor.py:743} INFO - Processing file /home/airflow/.local/lib/python3.7/site-packages/airflow/example_dags/example_branch_python_dop_operator_3.py for tasks to queue
[2023-04-16T11:01:50.903+0000] {logging_mixin.py:137} INFO - [2023-04-16T11:01:50.903+0000] {dagbag.py:532} INFO - Filling up the DagBag from /home/airflow/.local/lib/python3.7/site-packages/airflow/example_dags/example_branch_python_dop_operator_3.py
[2023-04-16T11:01:50.920+0000] {processor.py:753} INFO - DAG(s) dict_keys(['example_branch_dop_operator_v3']) retrieved from /home/airflow/.local/lib/python3.7/site-packages/airflow/example_dags/example_branch_python_dop_operator_3.py
[2023-04-16T11:01:50.943+0000] {logging_mixin.py:137} INFO - [2023-04-16T11:01:50.943+0000] {dag.py:2705} INFO - Sync 1 DAGs
[2023-04-16T11:01:50.972+0000] {logging_mixin.py:137} INFO - [2023-04-16T11:01:50.972+0000] {dag.py:3456} INFO - Setting next_dagrun for example_branch_dop_operator_v3 to 2023-04-16T11:00:00+00:00, run_after=2023-04-16T11:01:00+00:00
[2023-04-16T11:01:50.985+0000] {processor.py:175} INFO - Processing /home/airflow/.local/lib/python3.7/site-packages/airflow/example_dags/example_branch_python_dop_operator_3.py took 0.087 seconds
[2023-04-16T12:25:15.169+0000] {processor.py:153} INFO - Started process (PID=35596) to work on /home/airflow/.local/lib/python3.7/site-packages/airflow/example_dags/example_branch_python_dop_operator_3.py
[2023-04-16T12:25:15.171+0000] {processor.py:743} INFO - Processing file /home/airflow/.local/lib/python3.7/site-packages/airflow/example_dags/example_branch_python_dop_operator_3.py for tasks to queue
[2023-04-16T12:25:15.172+0000] {logging_mixin.py:137} INFO - [2023-04-16T12:25:15.172+0000] {dagbag.py:532} INFO - Filling up the DagBag from /home/airflow/.local/lib/python3.7/site-packages/airflow/example_dags/example_branch_python_dop_operator_3.py
[2023-04-16T12:25:15.196+0000] {processor.py:753} INFO - DAG(s) dict_keys(['example_branch_dop_operator_v3']) retrieved from /home/airflow/.local/lib/python3.7/site-packages/airflow/example_dags/example_branch_python_dop_operator_3.py
[2023-04-16T12:25:15.219+0000] {logging_mixin.py:137} INFO - [2023-04-16T12:25:15.219+0000] {dag.py:2705} INFO - Sync 1 DAGs
[2023-04-16T12:25:15.242+0000] {logging_mixin.py:137} INFO - [2023-04-16T12:25:15.242+0000] {dag.py:3456} INFO - Setting next_dagrun for example_branch_dop_operator_v3 to 2023-04-16T12:24:00+00:00, run_after=2023-04-16T12:25:00+00:00
[2023-04-16T12:25:15.260+0000] {processor.py:175} INFO - Processing /home/airflow/.local/lib/python3.7/site-packages/airflow/example_dags/example_branch_python_dop_operator_3.py took 0.094 seconds
[2023-04-16T13:32:27.020+0000] {processor.py:153} INFO - Started process (PID=35649) to work on /home/airflow/.local/lib/python3.7/site-packages/airflow/example_dags/example_branch_python_dop_operator_3.py
[2023-04-16T13:32:27.022+0000] {processor.py:743} INFO - Processing file /home/airflow/.local/lib/python3.7/site-packages/airflow/example_dags/example_branch_python_dop_operator_3.py for tasks to queue
[2023-04-16T13:32:27.022+0000] {logging_mixin.py:137} INFO - [2023-04-16T13:32:27.022+0000] {dagbag.py:532} INFO - Filling up the DagBag from /home/airflow/.local/lib/python3.7/site-packages/airflow/example_dags/example_branch_python_dop_operator_3.py
[2023-04-16T13:32:27.040+0000] {processor.py:753} INFO - DAG(s) dict_keys(['example_branch_dop_operator_v3']) retrieved from /home/airflow/.local/lib/python3.7/site-packages/airflow/example_dags/example_branch_python_dop_operator_3.py
[2023-04-16T13:32:27.066+0000] {logging_mixin.py:137} INFO - [2023-04-16T13:32:27.066+0000] {dag.py:2705} INFO - Sync 1 DAGs
[2023-04-16T13:32:27.086+0000] {logging_mixin.py:137} INFO - [2023-04-16T13:32:27.086+0000] {dag.py:3456} INFO - Setting next_dagrun for example_branch_dop_operator_v3 to 2023-04-16T13:31:00+00:00, run_after=2023-04-16T13:32:00+00:00
[2023-04-16T13:32:27.099+0000] {processor.py:175} INFO - Processing /home/airflow/.local/lib/python3.7/site-packages/airflow/example_dags/example_branch_python_dop_operator_3.py took 0.082 seconds
[2023-04-16T14:26:08.857+0000] {processor.py:153} INFO - Started process (PID=35702) to work on /home/airflow/.local/lib/python3.7/site-packages/airflow/example_dags/example_branch_python_dop_operator_3.py
[2023-04-16T14:26:08.858+0000] {processor.py:743} INFO - Processing file /home/airflow/.local/lib/python3.7/site-packages/airflow/example_dags/example_branch_python_dop_operator_3.py for tasks to queue
[2023-04-16T14:26:08.859+0000] {logging_mixin.py:137} INFO - [2023-04-16T14:26:08.859+0000] {dagbag.py:532} INFO - Filling up the DagBag from /home/airflow/.local/lib/python3.7/site-packages/airflow/example_dags/example_branch_python_dop_operator_3.py
[2023-04-16T14:26:08.876+0000] {processor.py:753} INFO - DAG(s) dict_keys(['example_branch_dop_operator_v3']) retrieved from /home/airflow/.local/lib/python3.7/site-packages/airflow/example_dags/example_branch_python_dop_operator_3.py
[2023-04-16T14:26:08.894+0000] {logging_mixin.py:137} INFO - [2023-04-16T14:26:08.894+0000] {dag.py:2705} INFO - Sync 1 DAGs
[2023-04-16T14:26:08.911+0000] {logging_mixin.py:137} INFO - [2023-04-16T14:26:08.911+0000] {dag.py:3456} INFO - Setting next_dagrun for example_branch_dop_operator_v3 to 2023-04-16T14:25:00+00:00, run_after=2023-04-16T14:26:00+00:00
[2023-04-16T14:26:08.923+0000] {processor.py:175} INFO - Processing /home/airflow/.local/lib/python3.7/site-packages/airflow/example_dags/example_branch_python_dop_operator_3.py took 0.069 seconds
[2023-04-16T14:26:39.814+0000] {processor.py:153} INFO - Started process (PID=35756) to work on /home/airflow/.local/lib/python3.7/site-packages/airflow/example_dags/example_branch_python_dop_operator_3.py
[2023-04-16T14:26:39.815+0000] {processor.py:743} INFO - Processing file /home/airflow/.local/lib/python3.7/site-packages/airflow/example_dags/example_branch_python_dop_operator_3.py for tasks to queue
[2023-04-16T14:26:39.816+0000] {logging_mixin.py:137} INFO - [2023-04-16T14:26:39.816+0000] {dagbag.py:532} INFO - Filling up the DagBag from /home/airflow/.local/lib/python3.7/site-packages/airflow/example_dags/example_branch_python_dop_operator_3.py
[2023-04-16T14:26:39.831+0000] {processor.py:753} INFO - DAG(s) dict_keys(['example_branch_dop_operator_v3']) retrieved from /home/airflow/.local/lib/python3.7/site-packages/airflow/example_dags/example_branch_python_dop_operator_3.py
[2023-04-16T14:26:39.850+0000] {logging_mixin.py:137} INFO - [2023-04-16T14:26:39.850+0000] {dag.py:2705} INFO - Sync 1 DAGs
[2023-04-16T14:26:39.867+0000] {logging_mixin.py:137} INFO - [2023-04-16T14:26:39.867+0000] {dag.py:3456} INFO - Setting next_dagrun for example_branch_dop_operator_v3 to 2023-04-16T14:25:00+00:00, run_after=2023-04-16T14:26:00+00:00
[2023-04-16T14:26:39.876+0000] {processor.py:175} INFO - Processing /home/airflow/.local/lib/python3.7/site-packages/airflow/example_dags/example_branch_python_dop_operator_3.py took 0.065 seconds
[2023-04-16T15:14:35.893+0000] {processor.py:153} INFO - Started process (PID=35808) to work on /home/airflow/.local/lib/python3.7/site-packages/airflow/example_dags/example_branch_python_dop_operator_3.py
[2023-04-16T15:14:35.894+0000] {processor.py:743} INFO - Processing file /home/airflow/.local/lib/python3.7/site-packages/airflow/example_dags/example_branch_python_dop_operator_3.py for tasks to queue
[2023-04-16T15:14:35.898+0000] {logging_mixin.py:137} INFO - [2023-04-16T15:14:35.898+0000] {dagbag.py:532} INFO - Filling up the DagBag from /home/airflow/.local/lib/python3.7/site-packages/airflow/example_dags/example_branch_python_dop_operator_3.py
[2023-04-16T15:14:35.929+0000] {processor.py:753} INFO - DAG(s) dict_keys(['example_branch_dop_operator_v3']) retrieved from /home/airflow/.local/lib/python3.7/site-packages/airflow/example_dags/example_branch_python_dop_operator_3.py
[2023-04-16T15:14:35.958+0000] {logging_mixin.py:137} INFO - [2023-04-16T15:14:35.957+0000] {dag.py:2705} INFO - Sync 1 DAGs
[2023-04-16T15:14:35.985+0000] {logging_mixin.py:137} INFO - [2023-04-16T15:14:35.985+0000] {dag.py:3456} INFO - Setting next_dagrun for example_branch_dop_operator_v3 to 2023-04-16T15:13:00+00:00, run_after=2023-04-16T15:14:00+00:00
[2023-04-16T15:14:36.014+0000] {processor.py:175} INFO - Processing /home/airflow/.local/lib/python3.7/site-packages/airflow/example_dags/example_branch_python_dop_operator_3.py took 0.124 seconds
[2023-04-16T15:15:06.418+0000] {processor.py:153} INFO - Started process (PID=35861) to work on /home/airflow/.local/lib/python3.7/site-packages/airflow/example_dags/example_branch_python_dop_operator_3.py
[2023-04-16T15:15:06.419+0000] {processor.py:743} INFO - Processing file /home/airflow/.local/lib/python3.7/site-packages/airflow/example_dags/example_branch_python_dop_operator_3.py for tasks to queue
[2023-04-16T15:15:06.419+0000] {logging_mixin.py:137} INFO - [2023-04-16T15:15:06.419+0000] {dagbag.py:532} INFO - Filling up the DagBag from /home/airflow/.local/lib/python3.7/site-packages/airflow/example_dags/example_branch_python_dop_operator_3.py
[2023-04-16T15:15:06.434+0000] {processor.py:753} INFO - DAG(s) dict_keys(['example_branch_dop_operator_v3']) retrieved from /home/airflow/.local/lib/python3.7/site-packages/airflow/example_dags/example_branch_python_dop_operator_3.py
[2023-04-16T15:15:06.451+0000] {logging_mixin.py:137} INFO - [2023-04-16T15:15:06.450+0000] {dag.py:2705} INFO - Sync 1 DAGs
[2023-04-16T15:15:06.471+0000] {logging_mixin.py:137} INFO - [2023-04-16T15:15:06.471+0000] {dag.py:3456} INFO - Setting next_dagrun for example_branch_dop_operator_v3 to 2023-04-16T15:14:00+00:00, run_after=2023-04-16T15:15:00+00:00
[2023-04-16T15:15:06.480+0000] {processor.py:175} INFO - Processing /home/airflow/.local/lib/python3.7/site-packages/airflow/example_dags/example_branch_python_dop_operator_3.py took 0.064 seconds
[2023-04-16T16:03:33.485+0000] {processor.py:153} INFO - Started process (PID=35914) to work on /home/airflow/.local/lib/python3.7/site-packages/airflow/example_dags/example_branch_python_dop_operator_3.py
[2023-04-16T16:03:33.486+0000] {processor.py:743} INFO - Processing file /home/airflow/.local/lib/python3.7/site-packages/airflow/example_dags/example_branch_python_dop_operator_3.py for tasks to queue
[2023-04-16T16:03:33.487+0000] {logging_mixin.py:137} INFO - [2023-04-16T16:03:33.487+0000] {dagbag.py:532} INFO - Filling up the DagBag from /home/airflow/.local/lib/python3.7/site-packages/airflow/example_dags/example_branch_python_dop_operator_3.py
[2023-04-16T16:03:33.503+0000] {processor.py:753} INFO - DAG(s) dict_keys(['example_branch_dop_operator_v3']) retrieved from /home/airflow/.local/lib/python3.7/site-packages/airflow/example_dags/example_branch_python_dop_operator_3.py
[2023-04-16T16:03:33.519+0000] {logging_mixin.py:137} INFO - [2023-04-16T16:03:33.519+0000] {dag.py:2705} INFO - Sync 1 DAGs
[2023-04-16T16:03:33.536+0000] {logging_mixin.py:137} INFO - [2023-04-16T16:03:33.536+0000] {dag.py:3456} INFO - Setting next_dagrun for example_branch_dop_operator_v3 to 2023-04-16T16:02:00+00:00, run_after=2023-04-16T16:03:00+00:00
[2023-04-16T16:03:33.546+0000] {processor.py:175} INFO - Processing /home/airflow/.local/lib/python3.7/site-packages/airflow/example_dags/example_branch_python_dop_operator_3.py took 0.063 seconds
[2023-04-16T17:09:34.341+0000] {processor.py:153} INFO - Started process (PID=35967) to work on /home/airflow/.local/lib/python3.7/site-packages/airflow/example_dags/example_branch_python_dop_operator_3.py
[2023-04-16T17:09:34.342+0000] {processor.py:743} INFO - Processing file /home/airflow/.local/lib/python3.7/site-packages/airflow/example_dags/example_branch_python_dop_operator_3.py for tasks to queue
[2023-04-16T17:09:34.343+0000] {logging_mixin.py:137} INFO - [2023-04-16T17:09:34.342+0000] {dagbag.py:532} INFO - Filling up the DagBag from /home/airflow/.local/lib/python3.7/site-packages/airflow/example_dags/example_branch_python_dop_operator_3.py
[2023-04-16T17:09:34.359+0000] {processor.py:753} INFO - DAG(s) dict_keys(['example_branch_dop_operator_v3']) retrieved from /home/airflow/.local/lib/python3.7/site-packages/airflow/example_dags/example_branch_python_dop_operator_3.py
[2023-04-16T17:09:34.378+0000] {logging_mixin.py:137} INFO - [2023-04-16T17:09:34.378+0000] {dag.py:2705} INFO - Sync 1 DAGs
[2023-04-16T17:09:34.396+0000] {logging_mixin.py:137} INFO - [2023-04-16T17:09:34.396+0000] {dag.py:3456} INFO - Setting next_dagrun for example_branch_dop_operator_v3 to 2023-04-16T17:08:00+00:00, run_after=2023-04-16T17:09:00+00:00
[2023-04-16T17:09:34.405+0000] {processor.py:175} INFO - Processing /home/airflow/.local/lib/python3.7/site-packages/airflow/example_dags/example_branch_python_dop_operator_3.py took 0.067 seconds
[2023-04-16T18:32:25.816+0000] {processor.py:153} INFO - Started process (PID=36020) to work on /home/airflow/.local/lib/python3.7/site-packages/airflow/example_dags/example_branch_python_dop_operator_3.py
[2023-04-16T18:32:25.817+0000] {processor.py:743} INFO - Processing file /home/airflow/.local/lib/python3.7/site-packages/airflow/example_dags/example_branch_python_dop_operator_3.py for tasks to queue
[2023-04-16T18:32:25.818+0000] {logging_mixin.py:137} INFO - [2023-04-16T18:32:25.818+0000] {dagbag.py:532} INFO - Filling up the DagBag from /home/airflow/.local/lib/python3.7/site-packages/airflow/example_dags/example_branch_python_dop_operator_3.py
[2023-04-16T18:32:25.834+0000] {processor.py:753} INFO - DAG(s) dict_keys(['example_branch_dop_operator_v3']) retrieved from /home/airflow/.local/lib/python3.7/site-packages/airflow/example_dags/example_branch_python_dop_operator_3.py
[2023-04-16T18:32:25.852+0000] {logging_mixin.py:137} INFO - [2023-04-16T18:32:25.852+0000] {dag.py:2705} INFO - Sync 1 DAGs
[2023-04-16T18:32:25.869+0000] {logging_mixin.py:137} INFO - [2023-04-16T18:32:25.869+0000] {dag.py:3456} INFO - Setting next_dagrun for example_branch_dop_operator_v3 to 2023-04-16T18:31:00+00:00, run_after=2023-04-16T18:32:00+00:00
[2023-04-16T18:32:25.878+0000] {processor.py:175} INFO - Processing /home/airflow/.local/lib/python3.7/site-packages/airflow/example_dags/example_branch_python_dop_operator_3.py took 0.064 seconds
[2023-04-16T19:39:50.641+0000] {processor.py:153} INFO - Started process (PID=36073) to work on /home/airflow/.local/lib/python3.7/site-packages/airflow/example_dags/example_branch_python_dop_operator_3.py
[2023-04-16T19:39:50.642+0000] {processor.py:743} INFO - Processing file /home/airflow/.local/lib/python3.7/site-packages/airflow/example_dags/example_branch_python_dop_operator_3.py for tasks to queue
[2023-04-16T19:39:50.643+0000] {logging_mixin.py:137} INFO - [2023-04-16T19:39:50.643+0000] {dagbag.py:532} INFO - Filling up the DagBag from /home/airflow/.local/lib/python3.7/site-packages/airflow/example_dags/example_branch_python_dop_operator_3.py
[2023-04-16T19:39:50.662+0000] {processor.py:753} INFO - DAG(s) dict_keys(['example_branch_dop_operator_v3']) retrieved from /home/airflow/.local/lib/python3.7/site-packages/airflow/example_dags/example_branch_python_dop_operator_3.py
[2023-04-16T19:39:50.680+0000] {logging_mixin.py:137} INFO - [2023-04-16T19:39:50.680+0000] {dag.py:2705} INFO - Sync 1 DAGs
[2023-04-16T19:39:50.699+0000] {logging_mixin.py:137} INFO - [2023-04-16T19:39:50.699+0000] {dag.py:3456} INFO - Setting next_dagrun for example_branch_dop_operator_v3 to 2023-04-16T19:38:00+00:00, run_after=2023-04-16T19:39:00+00:00
[2023-04-16T19:39:50.711+0000] {processor.py:175} INFO - Processing /home/airflow/.local/lib/python3.7/site-packages/airflow/example_dags/example_branch_python_dop_operator_3.py took 0.073 seconds
[2023-04-16T20:45:00.522+0000] {processor.py:153} INFO - Started process (PID=36126) to work on /home/airflow/.local/lib/python3.7/site-packages/airflow/example_dags/example_branch_python_dop_operator_3.py
[2023-04-16T20:45:00.523+0000] {processor.py:743} INFO - Processing file /home/airflow/.local/lib/python3.7/site-packages/airflow/example_dags/example_branch_python_dop_operator_3.py for tasks to queue
[2023-04-16T20:45:00.523+0000] {logging_mixin.py:137} INFO - [2023-04-16T20:45:00.523+0000] {dagbag.py:532} INFO - Filling up the DagBag from /home/airflow/.local/lib/python3.7/site-packages/airflow/example_dags/example_branch_python_dop_operator_3.py
[2023-04-16T20:45:00.546+0000] {processor.py:753} INFO - DAG(s) dict_keys(['example_branch_dop_operator_v3']) retrieved from /home/airflow/.local/lib/python3.7/site-packages/airflow/example_dags/example_branch_python_dop_operator_3.py
[2023-04-16T20:45:00.568+0000] {logging_mixin.py:137} INFO - [2023-04-16T20:45:00.568+0000] {dag.py:2705} INFO - Sync 1 DAGs
[2023-04-16T20:45:00.587+0000] {logging_mixin.py:137} INFO - [2023-04-16T20:45:00.587+0000] {dag.py:3456} INFO - Setting next_dagrun for example_branch_dop_operator_v3 to 2023-04-16T20:44:00+00:00, run_after=2023-04-16T20:45:00+00:00
[2023-04-16T20:45:00.598+0000] {processor.py:175} INFO - Processing /home/airflow/.local/lib/python3.7/site-packages/airflow/example_dags/example_branch_python_dop_operator_3.py took 0.079 seconds
[2023-04-16T21:52:26.158+0000] {processor.py:153} INFO - Started process (PID=36179) to work on /home/airflow/.local/lib/python3.7/site-packages/airflow/example_dags/example_branch_python_dop_operator_3.py
[2023-04-16T21:52:26.164+0000] {processor.py:743} INFO - Processing file /home/airflow/.local/lib/python3.7/site-packages/airflow/example_dags/example_branch_python_dop_operator_3.py for tasks to queue
[2023-04-16T21:52:26.165+0000] {logging_mixin.py:137} INFO - [2023-04-16T21:52:26.165+0000] {dagbag.py:532} INFO - Filling up the DagBag from /home/airflow/.local/lib/python3.7/site-packages/airflow/example_dags/example_branch_python_dop_operator_3.py
[2023-04-16T21:52:26.180+0000] {processor.py:753} INFO - DAG(s) dict_keys(['example_branch_dop_operator_v3']) retrieved from /home/airflow/.local/lib/python3.7/site-packages/airflow/example_dags/example_branch_python_dop_operator_3.py
[2023-04-16T21:52:26.198+0000] {logging_mixin.py:137} INFO - [2023-04-16T21:52:26.198+0000] {dag.py:2705} INFO - Sync 1 DAGs
[2023-04-16T21:52:26.215+0000] {logging_mixin.py:137} INFO - [2023-04-16T21:52:26.215+0000] {dag.py:3456} INFO - Setting next_dagrun for example_branch_dop_operator_v3 to 2023-04-16T21:51:00+00:00, run_after=2023-04-16T21:52:00+00:00
[2023-04-16T21:52:26.225+0000] {processor.py:175} INFO - Processing /home/airflow/.local/lib/python3.7/site-packages/airflow/example_dags/example_branch_python_dop_operator_3.py took 0.069 seconds
[2023-04-16T22:18:55.990+0000] {processor.py:153} INFO - Started process (PID=36232) to work on /home/airflow/.local/lib/python3.7/site-packages/airflow/example_dags/example_branch_python_dop_operator_3.py
[2023-04-16T22:18:55.991+0000] {processor.py:743} INFO - Processing file /home/airflow/.local/lib/python3.7/site-packages/airflow/example_dags/example_branch_python_dop_operator_3.py for tasks to queue
[2023-04-16T22:18:55.992+0000] {logging_mixin.py:137} INFO - [2023-04-16T22:18:55.992+0000] {dagbag.py:532} INFO - Filling up the DagBag from /home/airflow/.local/lib/python3.7/site-packages/airflow/example_dags/example_branch_python_dop_operator_3.py
[2023-04-16T22:18:56.008+0000] {processor.py:753} INFO - DAG(s) dict_keys(['example_branch_dop_operator_v3']) retrieved from /home/airflow/.local/lib/python3.7/site-packages/airflow/example_dags/example_branch_python_dop_operator_3.py
[2023-04-16T22:18:56.026+0000] {logging_mixin.py:137} INFO - [2023-04-16T22:18:56.026+0000] {dag.py:2705} INFO - Sync 1 DAGs
[2023-04-16T22:18:56.042+0000] {logging_mixin.py:137} INFO - [2023-04-16T22:18:56.042+0000] {dag.py:3456} INFO - Setting next_dagrun for example_branch_dop_operator_v3 to 2023-04-16T22:17:00+00:00, run_after=2023-04-16T22:18:00+00:00
[2023-04-16T22:18:56.055+0000] {processor.py:175} INFO - Processing /home/airflow/.local/lib/python3.7/site-packages/airflow/example_dags/example_branch_python_dop_operator_3.py took 0.067 seconds
[2023-04-16T22:19:26.434+0000] {processor.py:153} INFO - Started process (PID=36285) to work on /home/airflow/.local/lib/python3.7/site-packages/airflow/example_dags/example_branch_python_dop_operator_3.py
[2023-04-16T22:19:26.435+0000] {processor.py:743} INFO - Processing file /home/airflow/.local/lib/python3.7/site-packages/airflow/example_dags/example_branch_python_dop_operator_3.py for tasks to queue
[2023-04-16T22:19:26.436+0000] {logging_mixin.py:137} INFO - [2023-04-16T22:19:26.436+0000] {dagbag.py:532} INFO - Filling up the DagBag from /home/airflow/.local/lib/python3.7/site-packages/airflow/example_dags/example_branch_python_dop_operator_3.py
[2023-04-16T22:19:26.452+0000] {processor.py:753} INFO - DAG(s) dict_keys(['example_branch_dop_operator_v3']) retrieved from /home/airflow/.local/lib/python3.7/site-packages/airflow/example_dags/example_branch_python_dop_operator_3.py
[2023-04-16T22:19:26.470+0000] {logging_mixin.py:137} INFO - [2023-04-16T22:19:26.470+0000] {dag.py:2705} INFO - Sync 1 DAGs
[2023-04-16T22:19:26.486+0000] {logging_mixin.py:137} INFO - [2023-04-16T22:19:26.486+0000] {dag.py:3456} INFO - Setting next_dagrun for example_branch_dop_operator_v3 to 2023-04-16T22:18:00+00:00, run_after=2023-04-16T22:19:00+00:00
[2023-04-16T22:19:26.496+0000] {processor.py:175} INFO - Processing /home/airflow/.local/lib/python3.7/site-packages/airflow/example_dags/example_branch_python_dop_operator_3.py took 0.064 seconds
[2023-04-16T22:39:20.714+0000] {processor.py:153} INFO - Started process (PID=36338) to work on /home/airflow/.local/lib/python3.7/site-packages/airflow/example_dags/example_branch_python_dop_operator_3.py
[2023-04-16T22:39:20.715+0000] {processor.py:743} INFO - Processing file /home/airflow/.local/lib/python3.7/site-packages/airflow/example_dags/example_branch_python_dop_operator_3.py for tasks to queue
[2023-04-16T22:39:20.716+0000] {logging_mixin.py:137} INFO - [2023-04-16T22:39:20.716+0000] {dagbag.py:532} INFO - Filling up the DagBag from /home/airflow/.local/lib/python3.7/site-packages/airflow/example_dags/example_branch_python_dop_operator_3.py
[2023-04-16T22:39:20.732+0000] {processor.py:753} INFO - DAG(s) dict_keys(['example_branch_dop_operator_v3']) retrieved from /home/airflow/.local/lib/python3.7/site-packages/airflow/example_dags/example_branch_python_dop_operator_3.py
[2023-04-16T22:39:20.751+0000] {logging_mixin.py:137} INFO - [2023-04-16T22:39:20.751+0000] {dag.py:2705} INFO - Sync 1 DAGs
[2023-04-16T22:39:20.767+0000] {logging_mixin.py:137} INFO - [2023-04-16T22:39:20.767+0000] {dag.py:3456} INFO - Setting next_dagrun for example_branch_dop_operator_v3 to 2023-04-16T22:38:00+00:00, run_after=2023-04-16T22:39:00+00:00
[2023-04-16T22:39:20.776+0000] {processor.py:175} INFO - Processing /home/airflow/.local/lib/python3.7/site-packages/airflow/example_dags/example_branch_python_dop_operator_3.py took 0.065 seconds
[2023-04-16T22:39:51.258+0000] {processor.py:153} INFO - Started process (PID=36391) to work on /home/airflow/.local/lib/python3.7/site-packages/airflow/example_dags/example_branch_python_dop_operator_3.py
[2023-04-16T22:39:51.259+0000] {processor.py:743} INFO - Processing file /home/airflow/.local/lib/python3.7/site-packages/airflow/example_dags/example_branch_python_dop_operator_3.py for tasks to queue
[2023-04-16T22:39:51.261+0000] {logging_mixin.py:137} INFO - [2023-04-16T22:39:51.261+0000] {dagbag.py:532} INFO - Filling up the DagBag from /home/airflow/.local/lib/python3.7/site-packages/airflow/example_dags/example_branch_python_dop_operator_3.py
[2023-04-16T22:39:51.282+0000] {processor.py:753} INFO - DAG(s) dict_keys(['example_branch_dop_operator_v3']) retrieved from /home/airflow/.local/lib/python3.7/site-packages/airflow/example_dags/example_branch_python_dop_operator_3.py
[2023-04-16T22:39:51.304+0000] {logging_mixin.py:137} INFO - [2023-04-16T22:39:51.304+0000] {dag.py:2705} INFO - Sync 1 DAGs
[2023-04-16T22:39:51.324+0000] {logging_mixin.py:137} INFO - [2023-04-16T22:39:51.324+0000] {dag.py:3456} INFO - Setting next_dagrun for example_branch_dop_operator_v3 to 2023-04-16T22:38:00+00:00, run_after=2023-04-16T22:39:00+00:00
[2023-04-16T22:39:51.336+0000] {processor.py:175} INFO - Processing /home/airflow/.local/lib/python3.7/site-packages/airflow/example_dags/example_branch_python_dop_operator_3.py took 0.082 seconds
